problem_49.yaml
TasksBFS: 203.62 ms, No solution found!
SyncBFS: 1335.03 ms, No solution found!
MultithreadBFS: 609.25 ms, No solution found!
AsyncStartBFS: 149.87 ms, No solution found!

problem_48.yaml
SyncBFS: 1218.8 ms, [] -> [3] -> [3, 7] -> [3, 7, 4] -> [3, 7, 4, 0] -> [3, 7, 4, 0, 2] -> [3, 7, 4, 0, 2, 0] -> [3, 7, 4, 0, 2, 0, 4] -> [3, 7, 4, 0, 2, 0, 4, 8]
AsyncStartBFS: 89.56 ms, [] -> [3] -> [3, 7] -> [3, 7, 4] -> [3, 7, 4, 0] -> [3, 7, 4, 0, 2] -> [3, 7, 4, 0, 2, 0] -> [3, 7, 4, 0, 2, 0, 4] -> [3, 7, 4, 0, 2, 0, 4, 8]
MultithreadBFS: 804.86 ms, [] -> [3] -> [3, 7] -> [3, 7, 4] -> [3, 7, 4, 0] -> [3, 7, 4, 0, 2] -> [3, 7, 4, 0, 2, 0] -> [3, 7, 4, 0, 2, 0, 4] -> [3, 7, 4, 0, 2, 0, 4, 8]
TasksBFS: 244.78 ms, [] -> [3] -> [3, 7] -> [3, 7, 4] -> [3, 7, 4, 0] -> [3, 7, 4, 0, 2] -> [3, 7, 4, 0, 2, 0] -> [3, 7, 4, 0, 2, 0, 4] -> [3, 7, 4, 0, 2, 0, 4, 8]

problem_45.yaml
TasksBFS: 192.4 ms, No solution found!
SyncBFS: 1323.43 ms, No solution found!
AsyncStartBFS: 140.2 ms, No solution found!
MultithreadBFS: 692.89 ms, No solution found!

problem_43.yaml
MultithreadBFS: 108.08 ms, No solution found!
SyncBFS: 215.93 ms, No solution found!
TasksBFS: 27.7 ms, No solution found!
AsyncStartBFS: 23.31 ms, No solution found!

problem_41.yaml
MultithreadBFS: 153.82 ms, No solution found!
SyncBFS: 265.25 ms, No solution found!
AsyncStartBFS: 25.78 ms, No solution found!
TasksBFS: 28.48 ms, No solution found!

problem_39.yaml
TasksBFS: 196.08 ms, [] -> [5] -> [5, 1] -> [5, 1, 6] -> [5, 1, 6, 9] -> [5, 1, 6, 9, 10] -> [5, 1, 6, 9, 10, 7] -> [5, 1, 6, 9, 10, 7, 6] -> [5, 1, 6, 9, 10, 7, 6, 8]
SyncBFS: 1100.92 ms, [] -> [5] -> [5, 1] -> [5, 1, 6] -> [5, 1, 6, 9] -> [5, 1, 6, 9, 10] -> [5, 1, 6, 9, 10, 7] -> [5, 1, 6, 9, 10, 7, 6] -> [5, 1, 6, 9, 10, 7, 6, 8]
AsyncStartBFS: 111.89 ms, [] -> [5] -> [5, 1] -> [5, 1, 6] -> [5, 1, 6, 9] -> [5, 1, 6, 9, 10] -> [5, 1, 6, 9, 10, 7] -> [5, 1, 6, 9, 10, 7, 6] -> [5, 1, 6, 9, 10, 7, 6, 8]
MultithreadBFS: 216.8 ms, [] -> [5] -> [5, 1] -> [5, 1, 6] -> [5, 1, 6, 9] -> [5, 1, 6, 9, 10] -> [5, 1, 6, 9, 10, 7] -> [5, 1, 6, 9, 10, 7, 6] -> [5, 1, 6, 9, 10, 7, 6, 8]

problem_38.yaml
AsyncStartBFS: 84.54 ms, No solution found!
SyncBFS: 676.84 ms, No solution found!
TasksBFS: 110.14 ms, No solution found!
MultithreadBFS: 248.24 ms, No solution found!

problem_36.yaml
TasksBFS: 254.86 ms, No solution found!
AsyncStartBFS: 150.6 ms, No solution found!
MultithreadBFS: 1160.63 ms, No solution found!
SyncBFS: 1674.57 ms, No solution found!

problem_44.yaml
TasksBFS: 293.2 ms, No solution found!
SyncBFS: 1606.16 ms, No solution found!
AsyncStartBFS: 166.5 ms, No solution found!
MultithreadBFS: 1108.39 ms, No solution found!

problem_35.yaml
TasksBFS: 82.51 ms, [] -> [5] -> [5, 6] -> [5, 6, 5] -> [5, 6, 5, 10] -> [5, 6, 5, 10, 4] -> [5, 6, 5, 10, 4, 7] -> [5, 6, 5, 10, 4, 7, 4] -> [5, 6, 5, 10, 4, 7, 4, 10]
AsyncStartBFS: 77.39 ms, [] -> [5] -> [5, 6] -> [5, 6, 5] -> [5, 6, 5, 10] -> [5, 6, 5, 10, 4] -> [5, 6, 5, 10, 4, 7] -> [5, 6, 5, 10, 4, 7, 4] -> [5, 6, 5, 10, 4, 7, 4, 10]
SyncBFS: 460.67 ms, [] -> [5] -> [5, 6] -> [5, 6, 5] -> [5, 6, 5, 10] -> [5, 6, 5, 10, 4] -> [5, 6, 5, 10, 4, 7] -> [5, 6, 5, 10, 4, 7, 4] -> [5, 6, 5, 10, 4, 7, 4, 10]
MultithreadBFS: 67.62 ms, [] -> [5] -> [5, 6] -> [5, 6, 5] -> [5, 6, 5, 10] -> [5, 6, 5, 10, 4] -> [5, 6, 5, 10, 4, 7] -> [5, 6, 5, 10, 4, 7, 4] -> [5, 6, 5, 10, 4, 7, 4, 10]

problem_46.yaml
MultithreadBFS: 751.84 ms, No solution found!
AsyncStartBFS: 158.58 ms, No solution found!
SyncBFS: 1548.69 ms, No solution found!
TasksBFS: 245.26 ms, No solution found!

problem_34.yaml
TasksBFS: 219.86 ms, [] -> [5] -> [5, 7] -> [5, 7, 10] -> [5, 7, 10, 10] -> [5, 7, 10, 10, 2] -> [5, 7, 10, 10, 2, 1] -> [5, 7, 10, 10, 2, 1, 3] -> [5, 7, 10, 10, 2, 1, 3, 9]
MultithreadBFS: 58.29 ms, [] -> [3] -> [3, 4] -> [3, 4, 3] -> [3, 4, 3, 3] -> [3, 4, 3, 3, 4] -> [3, 4, 3, 3, 4, 10] -> [3, 4, 3, 3, 4, 10, 7] -> [3, 4, 3, 3, 4, 10, 7, 1]
AsyncStartBFS: 67.53 ms, [] -> [5] -> [5, 7] -> [5, 7, 10] -> [5, 7, 10, 10] -> [5, 7, 10, 10, 2] -> [5, 7, 10, 10, 2, 1] -> [5, 7, 10, 10, 2, 1, 3] -> [5, 7, 10, 10, 2, 1, 3, 9]
SyncBFS: 1106.52 ms, [] -> [3] -> [3, 4] -> [3, 4, 3] -> [3, 4, 3, 3] -> [3, 4, 3, 3, 4] -> [3, 4, 3, 3, 4, 10] -> [3, 4, 3, 3, 4, 10, 7] -> [3, 4, 3, 3, 4, 10, 7, 1]

problem_32.yaml
AsyncStartBFS: 9.81 ms, No solution found!
MultithreadBFS: 12.55 ms, No solution found!
TasksBFS: 14.64 ms, No solution found!
SyncBFS: 94.15 ms, No solution found!

problem_31.yaml
AsyncStartBFS: 38.51 ms, [] -> [0] -> [0, 9] -> [0, 9, 9] -> [0, 9, 9, 7] -> [0, 9, 9, 7, 8] -> [0, 9, 9, 7, 8, 6] -> [0, 9, 9, 7, 8, 6, 3] -> [0, 9, 9, 7, 8, 6, 3, 8]
SyncBFS: 659.72 ms, [] -> [0] -> [0, 9] -> [0, 9, 9] -> [0, 9, 9, 7] -> [0, 9, 9, 7, 8] -> [0, 9, 9, 7, 8, 6] -> [0, 9, 9, 7, 8, 6, 3] -> [0, 9, 9, 7, 8, 6, 3, 8]
MultithreadBFS: 81.39 ms, [] -> [0] -> [0, 9] -> [0, 9, 9] -> [0, 9, 9, 7] -> [0, 9, 9, 7, 8] -> [0, 9, 9, 7, 8, 6] -> [0, 9, 9, 7, 8, 6, 3] -> [0, 9, 9, 7, 8, 6, 3, 8]
TasksBFS: 47.66 ms, [] -> [0] -> [0, 10] -> [0, 10, 6] -> [0, 10, 6, 3] -> [0, 10, 6, 3, 8] -> [0, 10, 6, 3, 8, 2] -> [0, 10, 6, 3, 8, 2, 1] -> [0, 10, 6, 3, 8, 2, 1, 8]

problem_30.yaml
TasksBFS: 162.85 ms, No solution found!
MultithreadBFS: 449.99 ms, No solution found!
SyncBFS: 1005.36 ms, No solution found!
AsyncStartBFS: 113.9 ms, No solution found!

problem_10.yaml
SyncBFS: 1040.59 ms, [] -> [10] -> [10, 10] -> [10, 10, 6] -> [10, 10, 6, 3] -> [10, 10, 6, 3, 8] -> [10, 10, 6, 3, 8, 8] -> [10, 10, 6, 3, 8, 8, 6] -> [10, 10, 6, 3, 8, 8, 6, 10]
MultithreadBFS: 146.99 ms, [] -> [10] -> [10, 10] -> [10, 10, 6] -> [10, 10, 6, 3] -> [10, 10, 6, 3, 8] -> [10, 10, 6, 3, 8, 8] -> [10, 10, 6, 3, 8, 8, 6] -> [10, 10, 6, 3, 8, 8, 6, 10]
AsyncStartBFS: 91.21 ms, [] -> [10] -> [10, 10] -> [10, 10, 6] -> [10, 10, 6, 3] -> [10, 10, 6, 3, 8] -> [10, 10, 6, 3, 8, 8] -> [10, 10, 6, 3, 8, 8, 6] -> [10, 10, 6, 3, 8, 8, 6, 10]
TasksBFS: 88.26 ms, [] -> [10] -> [10, 10] -> [10, 10, 6] -> [10, 10, 6, 3] -> [10, 10, 6, 3, 8] -> [10, 10, 6, 3, 8, 8] -> [10, 10, 6, 3, 8, 8, 6] -> [10, 10, 6, 3, 8, 8, 6, 10]

problem_09.yaml
AsyncStartBFS: 180.95 ms, No solution found!
TasksBFS: 311.66 ms, No solution found!
MultithreadBFS: 1205.18 ms, No solution found!
SyncBFS: 1630.53 ms, No solution found!

problem_12.yaml
TasksBFS: 23.18 ms, No solution found!
SyncBFS: 121.14 ms, No solution found!
AsyncStartBFS: 18.02 ms, No solution found!
MultithreadBFS: 48.3 ms, No solution found!

problem_47.yaml
TasksBFS: 38.73 ms, [] -> [6] -> [6, 2] -> [6, 2, 2] -> [6, 2, 2, 1] -> [6, 2, 2, 1, 10] -> [6, 2, 2, 1, 10, 0] -> [6, 2, 2, 1, 10, 0, 4] -> [6, 2, 2, 1, 10, 0, 4, 7]
SyncBFS: 270.18 ms, [] -> [6] -> [6, 2] -> [6, 2, 2] -> [6, 2, 2, 1] -> [6, 2, 2, 1, 10] -> [6, 2, 2, 1, 10, 0] -> [6, 2, 2, 1, 10, 0, 4] -> [6, 2, 2, 1, 10, 0, 4, 7]
MultithreadBFS: 22.02 ms, [] -> [6] -> [6, 2] -> [6, 2, 2] -> [6, 2, 2, 1] -> [6, 2, 2, 1, 10] -> [6, 2, 2, 1, 10, 0] -> [6, 2, 2, 1, 10, 0, 4] -> [6, 2, 2, 1, 10, 0, 4, 7]
AsyncStartBFS: 22.56 ms, [] -> [6] -> [6, 2] -> [6, 2, 2] -> [6, 2, 2, 1] -> [6, 2, 2, 1, 10] -> [6, 2, 2, 1, 10, 0] -> [6, 2, 2, 1, 10, 0, 4] -> [6, 2, 2, 1, 10, 0, 4, 7]

problem_11.yaml
MultithreadBFS: 567.44 ms, No solution found!
TasksBFS: 200.21 ms, No solution found!
AsyncStartBFS: 121.58 ms, No solution found!
SyncBFS: 1122.82 ms, No solution found!

problem_01.yaml
SyncBFS: 679.29 ms, No solution found!
AsyncStartBFS: 76.44 ms, No solution found!
TasksBFS: 90.58 ms, No solution found!
MultithreadBFS: 245.07 ms, No solution found!

problem_08.yaml
TasksBFS: 47.2 ms, No solution found!
AsyncStartBFS: 60.08 ms, No solution found!
MultithreadBFS: 182.73 ms, No solution found!
SyncBFS: 337.15 ms, No solution found!

problem_06.yaml
AsyncStartBFS: 47.99 ms, [] -> [3] -> [3, 7] -> [3, 7, 10] -> [3, 7, 10, 9] -> [3, 7, 10, 9, 4] -> [3, 7, 10, 9, 4, 1] -> [3, 7, 10, 9, 4, 1, 4] -> [3, 7, 10, 9, 4, 1, 4, 7]
SyncBFS: 446.16 ms, [] -> [3] -> [3, 7] -> [3, 7, 10] -> [3, 7, 10, 9] -> [3, 7, 10, 9, 4] -> [3, 7, 10, 9, 4, 1] -> [3, 7, 10, 9, 4, 1, 4] -> [3, 7, 10, 9, 4, 1, 4, 7]
TasksBFS: 83.79 ms, [] -> [3] -> [3, 7] -> [3, 7, 10] -> [3, 7, 10, 9] -> [3, 7, 10, 9, 4] -> [3, 7, 10, 9, 4, 1] -> [3, 7, 10, 9, 4, 1, 4] -> [3, 7, 10, 9, 4, 1, 4, 7]
MultithreadBFS: 234.64 ms, [] -> [3] -> [3, 7] -> [3, 7, 10] -> [3, 7, 10, 9] -> [3, 7, 10, 9, 4] -> [3, 7, 10, 9, 4, 1] -> [3, 7, 10, 9, 4, 1, 4] -> [3, 7, 10, 9, 4, 1, 4, 7]

problem_19.yaml
SyncBFS: 1383.34 ms, [] -> [8] -> [8, 4] -> [8, 4, 7] -> [8, 4, 7, 7] -> [8, 4, 7, 7, 6] -> [8, 4, 7, 7, 6, 1] -> [8, 4, 7, 7, 6, 1, 0] -> [8, 4, 7, 7, 6, 1, 0, 6]
TasksBFS: 240.99 ms, [] -> [8] -> [8, 4] -> [8, 4, 7] -> [8, 4, 7, 7] -> [8, 4, 7, 7, 6] -> [8, 4, 7, 7, 6, 1] -> [8, 4, 7, 7, 6, 1, 0] -> [8, 4, 7, 7, 6, 1, 0, 6]
AsyncStartBFS: 60.65 ms, [] -> [8] -> [8, 4] -> [8, 4, 7] -> [8, 4, 7, 7] -> [8, 4, 7, 7, 6] -> [8, 4, 7, 7, 6, 1] -> [8, 4, 7, 7, 6, 1, 0] -> [8, 4, 7, 7, 6, 1, 0, 6]
MultithreadBFS: 827.59 ms, [] -> [8] -> [8, 4] -> [8, 4, 7] -> [8, 4, 7, 7] -> [8, 4, 7, 7, 6] -> [8, 4, 7, 7, 6, 1] -> [8, 4, 7, 7, 6, 1, 0] -> [8, 4, 7, 7, 6, 1, 0, 6]

problem_40.yaml
AsyncStartBFS: 68.98 ms, No solution found!
TasksBFS: 83.55 ms, No solution found!
MultithreadBFS: 229.81 ms, No solution found!
SyncBFS: 487.14 ms, No solution found!

problem_04.yaml
AsyncStartBFS: 82.96 ms, [] -> [9] -> [9, 10] -> [9, 10, 4] -> [9, 10, 4, 6] -> [9, 10, 4, 6, 7] -> [9, 10, 4, 6, 7, 4] -> [9, 10, 4, 6, 7, 4, 7] -> [9, 10, 4, 6, 7, 4, 7, 8]
SyncBFS: 807.26 ms, [] -> [9] -> [9, 10] -> [9, 10, 4] -> [9, 10, 4, 6] -> [9, 10, 4, 6, 7] -> [9, 10, 4, 6, 7, 4] -> [9, 10, 4, 6, 7, 4, 7] -> [9, 10, 4, 6, 7, 4, 7, 8]
TasksBFS: 120.44 ms, [] -> [9] -> [9, 10] -> [9, 10, 4] -> [9, 10, 4, 6] -> [9, 10, 4, 6, 7] -> [9, 10, 4, 6, 7, 4] -> [9, 10, 4, 6, 7, 4, 7] -> [9, 10, 4, 6, 7, 4, 7, 8]
MultithreadBFS: 80.34 ms, [] -> [9] -> [9, 10] -> [9, 10, 4] -> [9, 10, 4, 6] -> [9, 10, 4, 6, 7] -> [9, 10, 4, 6, 7, 4] -> [9, 10, 4, 6, 7, 4, 7] -> [9, 10, 4, 6, 7, 4, 7, 8]

problem_33.yaml
TasksBFS: 148.53 ms, [] -> [4] -> [4, 8] -> [4, 8, 9] -> [4, 8, 9, 8] -> [4, 8, 9, 8, 5] -> [4, 8, 9, 8, 5, 9] -> [4, 8, 9, 8, 5, 9, 2] -> [4, 8, 9, 8, 5, 9, 2, 2]
SyncBFS: 881.99 ms, [] -> [4] -> [4, 8] -> [4, 8, 9] -> [4, 8, 9, 8] -> [4, 8, 9, 8, 5] -> [4, 8, 9, 8, 5, 9] -> [4, 8, 9, 8, 5, 9, 2] -> [4, 8, 9, 8, 5, 9, 2, 2]
MultithreadBFS: 545.37 ms, [] -> [4] -> [4, 8] -> [4, 8, 9] -> [4, 8, 9, 8] -> [4, 8, 9, 8, 5] -> [4, 8, 9, 8, 5, 9] -> [4, 8, 9, 8, 5, 9, 2] -> [4, 8, 9, 8, 5, 9, 2, 2]
AsyncStartBFS: 114.55 ms, [] -> [4] -> [4, 8] -> [4, 8, 9] -> [4, 8, 9, 8] -> [4, 8, 9, 8, 5] -> [4, 8, 9, 8, 5, 9] -> [4, 8, 9, 8, 5, 9, 2] -> [4, 8, 9, 8, 5, 9, 2, 2]

problem_21.yaml
MultithreadBFS: 47.83 ms, [] -> [2] -> [2, 10] -> [2, 10, 2] -> [2, 10, 2, 0] -> [2, 10, 2, 0, 10] -> [2, 10, 2, 0, 10, 9] -> [2, 10, 2, 0, 10, 9, 0] -> [2, 10, 2, 0, 10, 9, 0, 7]
SyncBFS: 953.09 ms, [] -> [2] -> [2, 10] -> [2, 10, 2] -> [2, 10, 2, 0] -> [2, 10, 2, 0, 10] -> [2, 10, 2, 0, 10, 9] -> [2, 10, 2, 0, 10, 9, 0] -> [2, 10, 2, 0, 10, 9, 0, 7]
TasksBFS: 187.48 ms, [] -> [2] -> [2, 10] -> [2, 10, 2] -> [2, 10, 2, 0] -> [2, 10, 2, 0, 10] -> [2, 10, 2, 0, 10, 9] -> [2, 10, 2, 0, 10, 9, 0] -> [2, 10, 2, 0, 10, 9, 0, 7]
AsyncStartBFS: 87.67 ms, [] -> [2] -> [2, 10] -> [2, 10, 2] -> [2, 10, 2, 0] -> [2, 10, 2, 0, 10] -> [2, 10, 2, 0, 10, 9] -> [2, 10, 2, 0, 10, 9, 0] -> [2, 10, 2, 0, 10, 9, 0, 7]

problem_24.yaml
MultithreadBFS: 215.54 ms, No solution found!
AsyncStartBFS: 89.57 ms, No solution found!
SyncBFS: 648.18 ms, No solution found!
TasksBFS: 95.47 ms, No solution found!

problem_03.yaml
SyncBFS: 907.96 ms, [] -> [8] -> [8, 8] -> [8, 8, 3] -> [8, 8, 3, 9] -> [8, 8, 3, 9, 2] -> [8, 8, 3, 9, 2, 5] -> [8, 8, 3, 9, 2, 5, 0] -> [8, 8, 3, 9, 2, 5, 0, 0]
AsyncStartBFS: 95.14 ms, [] -> [8] -> [8, 8] -> [8, 8, 3] -> [8, 8, 3, 9] -> [8, 8, 3, 9, 2] -> [8, 8, 3, 9, 2, 5] -> [8, 8, 3, 9, 2, 5, 0] -> [8, 8, 3, 9, 2, 5, 0, 0]
MultithreadBFS: 87.86 ms, [] -> [8] -> [8, 8] -> [8, 8, 3] -> [8, 8, 3, 9] -> [8, 8, 3, 9, 2] -> [8, 8, 3, 9, 2, 5] -> [8, 8, 3, 9, 2, 5, 0] -> [8, 8, 3, 9, 2, 5, 0, 0]
TasksBFS: 137.55 ms, [] -> [8] -> [8, 8] -> [8, 8, 3] -> [8, 8, 3, 9] -> [8, 8, 3, 9, 2] -> [8, 8, 3, 9, 2, 5] -> [8, 8, 3, 9, 2, 5, 0] -> [8, 8, 3, 9, 2, 5, 0, 0]

problem_07.yaml
AsyncStartBFS: 76.23 ms, [] -> [7] -> [7, 1] -> [7, 1, 2] -> [7, 1, 2, 5] -> [7, 1, 2, 5, 9] -> [7, 1, 2, 5, 9, 7] -> [7, 1, 2, 5, 9, 7, 5] -> [7, 1, 2, 5, 9, 7, 5, 8]
MultithreadBFS: 1452.54 ms, [] -> [7] -> [7, 1] -> [7, 1, 2] -> [7, 1, 2, 5] -> [7, 1, 2, 5, 9] -> [7, 1, 2, 5, 9, 7] -> [7, 1, 2, 5, 9, 7, 5] -> [7, 1, 2, 5, 9, 7, 5, 8]
TasksBFS: 332.37 ms, [] -> [7] -> [7, 1] -> [7, 1, 2] -> [7, 1, 2, 5] -> [7, 1, 2, 5, 9] -> [7, 1, 2, 5, 9, 7] -> [7, 1, 2, 5, 9, 7, 5] -> [7, 1, 2, 5, 9, 7, 5, 8]
SyncBFS: 1960.26 ms, [] -> [7] -> [7, 1] -> [7, 1, 2] -> [7, 1, 2, 5] -> [7, 1, 2, 5, 9] -> [7, 1, 2, 5, 9, 7] -> [7, 1, 2, 5, 9, 7, 5] -> [7, 1, 2, 5, 9, 7, 5, 8]

problem_42.yaml
SyncBFS: 162.35 ms, No solution found!
MultithreadBFS: 90.55 ms, No solution found!
TasksBFS: 21.47 ms, No solution found!
AsyncStartBFS: 21.55 ms, No solution found!

problem_02.yaml
AsyncStartBFS: 15.58 ms, [] -> [10] -> [10, 1] -> [10, 1, 5] -> [10, 1, 5, 0] -> [10, 1, 5, 0, 0] -> [10, 1, 5, 0, 0, 8] -> [10, 1, 5, 0, 0, 8, 4] -> [10, 1, 5, 0, 0, 8, 4, 9]
MultithreadBFS: 24.55 ms, [] -> [10] -> [10, 1] -> [10, 1, 5] -> [10, 1, 5, 0] -> [10, 1, 5, 0, 0] -> [10, 1, 5, 0, 0, 8] -> [10, 1, 5, 0, 0, 8, 4] -> [10, 1, 5, 0, 0, 8, 4, 9]
TasksBFS: 66.44 ms, [] -> [10] -> [10, 1] -> [10, 1, 5] -> [10, 1, 5, 0] -> [10, 1, 5, 0, 0] -> [10, 1, 5, 0, 0, 8] -> [10, 1, 5, 0, 0, 8, 4] -> [10, 1, 5, 0, 0, 8, 4, 9]
SyncBFS: 539.4 ms, [] -> [6] -> [6, 5] -> [6, 5, 9] -> [6, 5, 9, 9] -> [6, 5, 9, 9, 9] -> [6, 5, 9, 9, 9, 6] -> [6, 5, 9, 9, 9, 6, 10] -> [6, 5, 9, 9, 9, 6, 10, 1]

problem_29.yaml
TasksBFS: 62.66 ms, No solution found!
AsyncStartBFS: 57.6 ms, No solution found!
MultithreadBFS: 194.38 ms, No solution found!
SyncBFS: 287.75 ms, No solution found!

problem_00.yaml
AsyncStartBFS: 34.55 ms, [] -> [3] -> [3, 3] -> [3, 3, 6] -> [3, 3, 6, 5] -> [3, 3, 6, 5, 8] -> [3, 3, 6, 5, 8, 0] -> [3, 3, 6, 5, 8, 0, 0] -> [3, 3, 6, 5, 8, 0, 0, 8]
TasksBFS: 131.96 ms, [] -> [3] -> [3, 3] -> [3, 3, 6] -> [3, 3, 6, 5] -> [3, 3, 6, 5, 8] -> [3, 3, 6, 5, 8, 0] -> [3, 3, 6, 5, 8, 0, 0] -> [3, 3, 6, 5, 8, 0, 0, 8]
SyncBFS: 1166.59 ms, [] -> [3] -> [3, 3] -> [3, 3, 6] -> [3, 3, 6, 5] -> [3, 3, 6, 5, 8] -> [3, 3, 6, 5, 8, 0] -> [3, 3, 6, 5, 8, 0, 0] -> [3, 3, 6, 5, 8, 0, 0, 8]
MultithreadBFS: 1179.35 ms, [] -> [3] -> [3, 3] -> [3, 3, 6] -> [3, 3, 6, 5] -> [3, 3, 6, 5, 8] -> [3, 3, 6, 5, 8, 0] -> [3, 3, 6, 5, 8, 0, 0] -> [3, 3, 6, 5, 8, 0, 0, 8]

problem_13.yaml
AsyncStartBFS: 23.8 ms, [] -> [10] -> [10, 9] -> [10, 9, 0] -> [10, 9, 0, 3] -> [10, 9, 0, 3, 9] -> [10, 9, 0, 3, 9, 10] -> [10, 9, 0, 3, 9, 10, 4] -> [10, 9, 0, 3, 9, 10, 4, 7]
TasksBFS: 31.32 ms, [] -> [10] -> [10, 9] -> [10, 9, 0] -> [10, 9, 0, 3] -> [10, 9, 0, 3, 9] -> [10, 9, 0, 3, 9, 10] -> [10, 9, 0, 3, 9, 10, 4] -> [10, 9, 0, 3, 9, 10, 4, 7]
MultithreadBFS: 234.5 ms, [] -> [10] -> [10, 9] -> [10, 9, 0] -> [10, 9, 0, 3] -> [10, 9, 0, 3, 9] -> [10, 9, 0, 3, 9, 10] -> [10, 9, 0, 3, 9, 10, 4] -> [10, 9, 0, 3, 9, 10, 4, 7]
SyncBFS: 323.03 ms, [] -> [10] -> [10, 9] -> [10, 9, 0] -> [10, 9, 0, 3] -> [10, 9, 0, 3, 9] -> [10, 9, 0, 3, 9, 10] -> [10, 9, 0, 3, 9, 10, 4] -> [10, 9, 0, 3, 9, 10, 4, 7]

problem_16.yaml
AsyncStartBFS: 131.5 ms, No solution found!
SyncBFS: 1270.98 ms, No solution found!
MultithreadBFS: 620.42 ms, No solution found!
TasksBFS: 185.46 ms, No solution found!

problem_20.yaml
TasksBFS: 98.1 ms, [] -> [5] -> [5, 5] -> [5, 5, 4] -> [5, 5, 4, 2] -> [5, 5, 4, 2, 6] -> [5, 5, 4, 2, 6, 3] -> [5, 5, 4, 2, 6, 3, 0] -> [5, 5, 4, 2, 6, 3, 0, 5]
MultithreadBFS: 26.72 ms, [] -> [5] -> [5, 5] -> [5, 5, 4] -> [5, 5, 4, 2] -> [5, 5, 4, 2, 6] -> [5, 5, 4, 2, 6, 3] -> [5, 5, 4, 2, 6, 3, 0] -> [5, 5, 4, 2, 6, 3, 0, 5]
AsyncStartBFS: 22.24 ms, [] -> [5] -> [5, 5] -> [5, 5, 4] -> [5, 5, 4, 2] -> [5, 5, 4, 2, 6] -> [5, 5, 4, 2, 6, 3] -> [5, 5, 4, 2, 6, 3, 0] -> [5, 5, 4, 2, 6, 3, 0, 5]
SyncBFS: 544.09 ms, [] -> [5] -> [5, 5] -> [5, 5, 4] -> [5, 5, 4, 2] -> [5, 5, 4, 2, 6] -> [5, 5, 4, 2, 6, 3] -> [5, 5, 4, 2, 6, 3, 0] -> [5, 5, 4, 2, 6, 3, 0, 5]

problem_18.yaml
MultithreadBFS: 236.34 ms, No solution found!
AsyncStartBFS: 81.93 ms, No solution found!
TasksBFS: 101.42 ms, No solution found!
SyncBFS: 615.05 ms, No solution found!

problem_05.yaml
MultithreadBFS: 590.84 ms, [] -> [4] -> [4, 7] -> [4, 7, 7] -> [4, 7, 7, 9] -> [4, 7, 7, 9, 1] -> [4, 7, 7, 9, 1, 1] -> [4, 7, 7, 9, 1, 1, 0] -> [4, 7, 7, 9, 1, 1, 0, 2]
AsyncStartBFS: 103.85 ms, [] -> [4] -> [4, 7] -> [4, 7, 7] -> [4, 7, 7, 9] -> [4, 7, 7, 9, 1] -> [4, 7, 7, 9, 1, 1] -> [4, 7, 7, 9, 1, 1, 0] -> [4, 7, 7, 9, 1, 1, 0, 2]
TasksBFS: 178.26 ms, [] -> [4] -> [4, 7] -> [4, 7, 7] -> [4, 7, 7, 9] -> [4, 7, 7, 9, 1] -> [4, 7, 7, 9, 1, 1] -> [4, 7, 7, 9, 1, 1, 0] -> [4, 7, 7, 9, 1, 1, 0, 2]
SyncBFS: 1001.49 ms, [] -> [4] -> [4, 7] -> [4, 7, 7] -> [4, 7, 7, 9] -> [4, 7, 7, 9, 1] -> [4, 7, 7, 9, 1, 1] -> [4, 7, 7, 9, 1, 1, 0] -> [4, 7, 7, 9, 1, 1, 0, 2]

problem_15.yaml
AsyncStartBFS: 134.67 ms, [] -> [1] -> [1, 8] -> [1, 8, 0] -> [1, 8, 0, 5] -> [1, 8, 0, 5, 6] -> [1, 8, 0, 5, 6, 0] -> [1, 8, 0, 5, 6, 0, 5] -> [1, 8, 0, 5, 6, 0, 5, 9]
MultithreadBFS: 79.63 ms, [] -> [0] -> [0, 7] -> [0, 7, 0] -> [0, 7, 0, 3] -> [0, 7, 0, 3, 0] -> [0, 7, 0, 3, 0, 5] -> [0, 7, 0, 3, 0, 5, 1] -> [0, 7, 0, 3, 0, 5, 1, 2]
SyncBFS: 1247.36 ms, [] -> [0] -> [0, 7] -> [0, 7, 0] -> [0, 7, 0, 3] -> [0, 7, 0, 3, 0] -> [0, 7, 0, 3, 0, 5] -> [0, 7, 0, 3, 0, 5, 1] -> [0, 7, 0, 3, 0, 5, 1, 2]
TasksBFS: 331.81 ms, [] -> [0] -> [0, 7] -> [0, 7, 0] -> [0, 7, 0, 3] -> [0, 7, 0, 3, 0] -> [0, 7, 0, 3, 0, 5] -> [0, 7, 0, 3, 0, 5, 1] -> [0, 7, 0, 3, 0, 5, 1, 2]

problem_17.yaml
MultithreadBFS: 230.04 ms, [] -> [8] -> [8, 2] -> [8, 2, 9] -> [8, 2, 9, 9] -> [8, 2, 9, 9, 10] -> [8, 2, 9, 9, 10, 7] -> [8, 2, 9, 9, 10, 7, 1] -> [8, 2, 9, 9, 10, 7, 1, 7]
AsyncStartBFS: 44.24 ms, [] -> [8] -> [8, 2] -> [8, 2, 9] -> [8, 2, 9, 9] -> [8, 2, 9, 9, 10] -> [8, 2, 9, 9, 10, 7] -> [8, 2, 9, 9, 10, 7, 1] -> [8, 2, 9, 9, 10, 7, 1, 7]
TasksBFS: 60.86 ms, [] -> [8] -> [8, 2] -> [8, 2, 9] -> [8, 2, 9, 9] -> [8, 2, 9, 9, 10] -> [8, 2, 9, 9, 10, 7] -> [8, 2, 9, 9, 10, 7, 1] -> [8, 2, 9, 9, 10, 7, 1, 7]
SyncBFS: 420.7 ms, [] -> [8] -> [8, 2] -> [8, 2, 9] -> [8, 2, 9, 9] -> [8, 2, 9, 9, 10] -> [8, 2, 9, 9, 10, 7] -> [8, 2, 9, 9, 10, 7, 1] -> [8, 2, 9, 9, 10, 7, 1, 7]

problem_37.yaml
MultithreadBFS: 28.56 ms, [] -> [6] -> [6, 3] -> [6, 3, 1] -> [6, 3, 1, 9] -> [6, 3, 1, 9, 9] -> [6, 3, 1, 9, 9, 7] -> [6, 3, 1, 9, 9, 7, 1] -> [6, 3, 1, 9, 9, 7, 1, 2]
TasksBFS: 48.99 ms, [] -> [6] -> [6, 3] -> [6, 3, 1] -> [6, 3, 1, 9] -> [6, 3, 1, 9, 9] -> [6, 3, 1, 9, 9, 7] -> [6, 3, 1, 9, 9, 7, 1] -> [6, 3, 1, 9, 9, 7, 1, 2]
AsyncStartBFS: 41.92 ms, [] -> [6] -> [6, 3] -> [6, 3, 1] -> [6, 3, 1, 9] -> [6, 3, 1, 9, 9] -> [6, 3, 1, 9, 9, 7] -> [6, 3, 1, 9, 9, 7, 1] -> [6, 3, 1, 9, 9, 7, 1, 2]
SyncBFS: 301.14 ms, [] -> [6] -> [6, 3] -> [6, 3, 1] -> [6, 3, 1, 9] -> [6, 3, 1, 9, 9] -> [6, 3, 1, 9, 9, 7] -> [6, 3, 1, 9, 9, 7, 1] -> [6, 3, 1, 9, 9, 7, 1, 2]

problem_22.yaml
SyncBFS: 609.45 ms, No solution found!
TasksBFS: 90.41 ms, No solution found!
AsyncStartBFS: 92.95 ms, No solution found!
MultithreadBFS: 272.02 ms, No solution found!

problem_23.yaml
MultithreadBFS: 386.08 ms, [] -> [5] -> [5, 0] -> [5, 0, 8] -> [5, 0, 8, 2] -> [5, 0, 8, 2, 1] -> [5, 0, 8, 2, 1, 0] -> [5, 0, 8, 2, 1, 0, 2] -> [5, 0, 8, 2, 1, 0, 2, 0]
TasksBFS: 230.46 ms, [] -> [5] -> [5, 0] -> [5, 0, 8] -> [5, 0, 8, 2] -> [5, 0, 8, 2, 1] -> [5, 0, 8, 2, 1, 0] -> [5, 0, 8, 2, 1, 0, 2] -> [5, 0, 8, 2, 1, 0, 2, 0]
AsyncStartBFS: 132.89 ms, [] -> [5] -> [5, 0] -> [5, 0, 8] -> [5, 0, 8, 2] -> [5, 0, 8, 2, 1] -> [5, 0, 8, 2, 1, 0] -> [5, 0, 8, 2, 1, 0, 2] -> [5, 0, 8, 2, 1, 0, 2, 0]
SyncBFS: 1243.93 ms, [] -> [5] -> [5, 0] -> [5, 0, 8] -> [5, 0, 8, 2] -> [5, 0, 8, 2, 1] -> [5, 0, 8, 2, 1, 0] -> [5, 0, 8, 2, 1, 0, 2] -> [5, 0, 8, 2, 1, 0, 2, 0]

problem_25.yaml
TasksBFS: 67.14 ms, No solution found!
AsyncStartBFS: 61.28 ms, No solution found!
SyncBFS: 422.26 ms, No solution found!
MultithreadBFS: 207.9 ms, No solution found!

problem_27.yaml
SyncBFS: 1143.68 ms, [] -> [6] -> [6, 5] -> [6, 5, 3] -> [6, 5, 3, 8] -> [6, 5, 3, 8, 4] -> [6, 5, 3, 8, 4, 2] -> [6, 5, 3, 8, 4, 2, 9] -> [6, 5, 3, 8, 4, 2, 9, 9]
AsyncStartBFS: 115.83 ms, [] -> [6] -> [6, 5] -> [6, 5, 3] -> [6, 5, 3, 8] -> [6, 5, 3, 8, 4] -> [6, 5, 3, 8, 4, 2] -> [6, 5, 3, 8, 4, 2, 9] -> [6, 5, 3, 8, 4, 2, 9, 9]
TasksBFS: 197.47 ms, [] -> [9] -> [9, 0] -> [9, 0, 8] -> [9, 0, 8, 5] -> [9, 0, 8, 5, 3] -> [9, 0, 8, 5, 3, 3] -> [9, 0, 8, 5, 3, 3, 4] -> [9, 0, 8, 5, 3, 3, 4, 2]
MultithreadBFS: 78.64 ms, [] -> [9] -> [9, 0] -> [9, 0, 8] -> [9, 0, 8, 5] -> [9, 0, 8, 5, 3] -> [9, 0, 8, 5, 3, 3] -> [9, 0, 8, 5, 3, 3, 4] -> [9, 0, 8, 5, 3, 3, 4, 2]

problem_26.yaml
SyncBFS: 719.11 ms, No solution found!
AsyncStartBFS: 87.52 ms, No solution found!
MultithreadBFS: 275.12 ms, No solution found!
TasksBFS: 118.83 ms, No solution found!

problem_14.yaml
MultithreadBFS: 76.54 ms, [] -> [4] -> [4, 3] -> [4, 3, 2] -> [4, 3, 2, 0] -> [4, 3, 2, 0, 10] -> [4, 3, 2, 0, 10, 9] -> [4, 3, 2, 0, 10, 9, 3] -> [4, 3, 2, 0, 10, 9, 3, 7]
TasksBFS: 232.06 ms, [] -> [4] -> [4, 3] -> [4, 3, 2] -> [4, 3, 2, 0] -> [4, 3, 2, 0, 10] -> [4, 3, 2, 0, 10, 9] -> [4, 3, 2, 0, 10, 9, 3] -> [4, 3, 2, 0, 10, 9, 3, 7]
SyncBFS: 1366.05 ms, [] -> [4] -> [4, 3] -> [4, 3, 2] -> [4, 3, 2, 0] -> [4, 3, 2, 0, 10] -> [4, 3, 2, 0, 10, 9] -> [4, 3, 2, 0, 10, 9, 3] -> [4, 3, 2, 0, 10, 9, 3, 7]
AsyncStartBFS: 106.73 ms, [] -> [4] -> [4, 3] -> [4, 3, 2] -> [4, 3, 2, 0] -> [4, 3, 2, 0, 10] -> [4, 3, 2, 0, 10, 9] -> [4, 3, 2, 0, 10, 9, 3] -> [4, 3, 2, 0, 10, 9, 3, 7]

problem_28.yaml
AsyncStartBFS: 82.15 ms, No solution found!
TasksBFS: 96.68 ms, No solution found!
SyncBFS: 470.86 ms, No solution found!
MultithreadBFS: 186.09 ms, No solution found!


[INFO] Results summary:
MultithreadBFS
	Average: 353.643 ms
	Median: 223.305 ms
	Standard Deviation: 364.281 ms
SyncBFS
	Average: 836.488 ms
	Median: 763.185 ms
	Standard Deviation: 467.468 ms
TasksBFS
	Average: 138.117 ms
	Median: 114.485 ms
	Standard Deviation: 87.5589 ms
AsyncStartBFS
	Average: 81.9066 ms
	Median: 82.555 ms
	Standard Deviation: 43.7872 ms
