problem_49.yaml
SyncBFS: 216.74 ms, [] -> [0] -> [0, 1] -> [0, 1, 1] -> [0, 1, 1, 0] -> [0, 1, 1, 0, 5] -> [0, 1, 1, 0, 5, 0] -> [0, 1, 1, 0, 5, 0, 8]
MultithreadBFS: 19.76 ms, [] -> [1] -> [1, 2] -> [1, 2, 4] -> [1, 2, 4, 1] -> [1, 2, 4, 1, 4] -> [1, 2, 4, 1, 4, 4] -> [1, 2, 4, 1, 4, 4, 2]
TasksBFS: 38.2 ms, [] -> [0] -> [0, 1] -> [0, 1, 1] -> [0, 1, 1, 0] -> [0, 1, 1, 0, 5] -> [0, 1, 1, 0, 5, 0] -> [0, 1, 1, 0, 5, 0, 8]
AsyncStartBFS: 13.38 ms, [] -> [0] -> [0, 1] -> [0, 1, 5] -> [0, 1, 5, 8] -> [0, 1, 5, 8, 4] -> [0, 1, 5, 8, 4, 6] -> [0, 1, 5, 8, 4, 6, 3]

problem_48.yaml
SyncBFS: 161.95 ms, [] -> [0] -> [0, 0] -> [0, 0, 4] -> [0, 0, 4, 8] -> [0, 0, 4, 8, 7] -> [0, 0, 4, 8, 7, 1] -> [0, 0, 4, 8, 7, 1, 1]
TasksBFS: 24.73 ms, [] -> [0] -> [0, 0] -> [0, 0, 4] -> [0, 0, 4, 8] -> [0, 0, 4, 8, 7] -> [0, 0, 4, 8, 7, 1] -> [0, 0, 4, 8, 7, 1, 1]
MultithreadBFS: 17.58 ms, [] -> [3] -> [3, 8] -> [3, 8, 2] -> [3, 8, 2, 4] -> [3, 8, 2, 4, 7] -> [3, 8, 2, 4, 7, 6] -> [3, 8, 2, 4, 7, 6, 6]
AsyncStartBFS: 7.15 ms, [] -> [0] -> [0, 2] -> [0, 2, 5] -> [0, 2, 5, 3] -> [0, 2, 5, 3, 0] -> [0, 2, 5, 3, 0, 5] -> [0, 2, 5, 3, 0, 5, 6]

problem_45.yaml
TasksBFS: 37.5 ms, [] -> [4] -> [4, 4] -> [4, 4, 2] -> [4, 4, 2, 2] -> [4, 4, 2, 2, 3] -> [4, 4, 2, 2, 3, 3] -> [4, 4, 2, 2, 3, 3, 7]
AsyncStartBFS: 11.77 ms, [] -> [0] -> [0, 2] -> [0, 2, 3] -> [0, 2, 3, 0] -> [0, 2, 3, 0, 4] -> [0, 2, 3, 0, 4, 4] -> [0, 2, 3, 0, 4, 4, 8]
SyncBFS: 164.75 ms, [] -> [0] -> [0, 2] -> [0, 2, 3] -> [0, 2, 3, 0] -> [0, 2, 3, 0, 4] -> [0, 2, 3, 0, 4, 4] -> [0, 2, 3, 0, 4, 4, 8]
MultithreadBFS: 15.58 ms, [] -> [4] -> [4, 4] -> [4, 4, 2] -> [4, 4, 2, 2] -> [4, 4, 2, 2, 3] -> [4, 4, 2, 2, 3, 3] -> [4, 4, 2, 2, 3, 3, 7]

problem_43.yaml
TasksBFS: 35.81 ms, [] -> [1] -> [1, 1] -> [1, 1, 8] -> [1, 1, 8, 7] -> [1, 1, 8, 7, 9] -> [1, 1, 8, 7, 9, 5] -> [1, 1, 8, 7, 9, 5, 0]
SyncBFS: 171.2 ms, [] -> [1] -> [1, 1] -> [1, 1, 8] -> [1, 1, 8, 7] -> [1, 1, 8, 7, 9] -> [1, 1, 8, 7, 9, 5] -> [1, 1, 8, 7, 9, 5, 0]
MultithreadBFS: 28.12 ms, [] -> [2] -> [2, 1] -> [2, 1, 0] -> [2, 1, 0, 5] -> [2, 1, 0, 5, 4] -> [2, 1, 0, 5, 4, 9] -> [2, 1, 0, 5, 4, 9, 1]
AsyncStartBFS: 10.4 ms, [] -> [1] -> [1, 6] -> [1, 6, 3] -> [1, 6, 3, 1] -> [1, 6, 3, 1, 9] -> [1, 6, 3, 1, 9, 5] -> [1, 6, 3, 1, 9, 5, 0]

problem_41.yaml
MultithreadBFS: 11.96 ms, [] -> [6] -> [6, 6] -> [6, 6, 0] -> [6, 6, 0, 2] -> [6, 6, 0, 2, 8] -> [6, 6, 0, 2, 8, 1] -> [6, 6, 0, 2, 8, 1, 4]
TasksBFS: 21.42 ms, [] -> [4] -> [4, 1] -> [4, 1, 0] -> [4, 1, 0, 0] -> [4, 1, 0, 0, 1] -> [4, 1, 0, 0, 1, 8] -> [4, 1, 0, 0, 1, 8, 7]
AsyncStartBFS: 12 ms, [] -> [6] -> [6, 3] -> [6, 3, 3] -> [6, 3, 3, 3] -> [6, 3, 3, 3, 7] -> [6, 3, 3, 3, 7, 6] -> [6, 3, 3, 3, 7, 6, 7]
SyncBFS: 137.09 ms, [] -> [4] -> [4, 0] -> [4, 0, 1] -> [4, 0, 1, 0] -> [4, 0, 1, 0, 4] -> [4, 0, 1, 0, 4, 4] -> [4, 0, 1, 0, 4, 4, 2]

problem_39.yaml
TasksBFS: 51.55 ms, [] -> [0] -> [0, 4] -> [0, 4, 4] -> [0, 4, 4, 9] -> [0, 4, 4, 9, 8] -> [0, 4, 4, 9, 8, 3] -> [0, 4, 4, 9, 8, 3, 4]
SyncBFS: 237.92 ms, [] -> [0] -> [0, 4] -> [0, 4, 4] -> [0, 4, 4, 9] -> [0, 4, 4, 9, 8] -> [0, 4, 4, 9, 8, 3] -> [0, 4, 4, 9, 8, 3, 4]
MultithreadBFS: 22.34 ms, [] -> [0] -> [0, 5] -> [0, 5, 3] -> [0, 5, 3, 9] -> [0, 5, 3, 9, 4] -> [0, 5, 3, 9, 4, 5] -> [0, 5, 3, 9, 4, 5, 1]
AsyncStartBFS: 19.34 ms, [] -> [0] -> [0, 5] -> [0, 5, 3] -> [0, 5, 3, 9] -> [0, 5, 3, 9, 4] -> [0, 5, 3, 9, 4, 5] -> [0, 5, 3, 9, 4, 5, 1]

problem_38.yaml
SyncBFS: 171.84 ms, [] -> [1] -> [1, 3] -> [1, 3, 1] -> [1, 3, 1, 2] -> [1, 3, 1, 2, 4] -> [1, 3, 1, 2, 4, 5] -> [1, 3, 1, 2, 4, 5, 1]
AsyncStartBFS: 7.85 ms, [] -> [1] -> [1, 3] -> [1, 3, 1] -> [1, 3, 1, 2] -> [1, 3, 1, 2, 4] -> [1, 3, 1, 2, 4, 5] -> [1, 3, 1, 2, 4, 5, 1]
TasksBFS: 28.48 ms, [] -> [1] -> [1, 3] -> [1, 3, 1] -> [1, 3, 1, 2] -> [1, 3, 1, 2, 4] -> [1, 3, 1, 2, 4, 5] -> [1, 3, 1, 2, 4, 5, 1]
MultithreadBFS: 26.39 ms, [] -> [3] -> [3, 3] -> [3, 3, 2] -> [3, 3, 2, 2] -> [3, 3, 2, 2, 8] -> [3, 3, 2, 2, 8, 6] -> [3, 3, 2, 2, 8, 6, 8]

problem_36.yaml
TasksBFS: 57.72 ms, [] -> [2] -> [2, 8] -> [2, 8, 2] -> [2, 8, 2, 8] -> [2, 8, 2, 8, 1] -> [2, 8, 2, 8, 1, 0] -> [2, 8, 2, 8, 1, 0, 6]
MultithreadBFS: 27.42 ms, [] -> [2] -> [2, 3] -> [2, 3, 2] -> [2, 3, 2, 0] -> [2, 3, 2, 0, 2] -> [2, 3, 2, 0, 2, 6] -> [2, 3, 2, 0, 2, 6, 0]
AsyncStartBFS: 24.35 ms, [] -> [8] -> [8, 4] -> [8, 4, 2] -> [8, 4, 2, 2] -> [8, 4, 2, 2, 8] -> [8, 4, 2, 2, 8, 9] -> [8, 4, 2, 2, 8, 9, 1]
SyncBFS: 290.63 ms, [] -> [2] -> [2, 3] -> [2, 3, 2] -> [2, 3, 2, 0] -> [2, 3, 2, 0, 2] -> [2, 3, 2, 0, 2, 6] -> [2, 3, 2, 0, 2, 6, 0]

problem_44.yaml
SyncBFS: 180.89 ms, [] -> [1] -> [1, 4] -> [1, 4, 5] -> [1, 4, 5, 5] -> [1, 4, 5, 5, 2] -> [1, 4, 5, 5, 2, 1] -> [1, 4, 5, 5, 2, 1, 2]
MultithreadBFS: 15.76 ms, [] -> [4] -> [4, 9] -> [4, 9, 0] -> [4, 9, 0, 3] -> [4, 9, 0, 3, 8] -> [4, 9, 0, 3, 8, 0] -> [4, 9, 0, 3, 8, 0, 3]
AsyncStartBFS: 9.52 ms, [] -> [1] -> [1, 4] -> [1, 4, 5] -> [1, 4, 5, 5] -> [1, 4, 5, 5, 2] -> [1, 4, 5, 5, 2, 1] -> [1, 4, 5, 5, 2, 1, 2]
TasksBFS: 35.87 ms, [] -> [1] -> [1, 7] -> [1, 7, 5] -> [1, 7, 5, 2] -> [1, 7, 5, 2, 4] -> [1, 7, 5, 2, 4, 3] -> [1, 7, 5, 2, 4, 3, 8]

problem_35.yaml
TasksBFS: 34.71 ms, [] -> [2] -> [2, 4] -> [2, 4, 6] -> [2, 4, 6, 0] -> [2, 4, 6, 0, 9] -> [2, 4, 6, 0, 9, 7] -> [2, 4, 6, 0, 9, 7, 1]
MultithreadBFS: 23.05 ms, [] -> [3] -> [3, 8] -> [3, 8, 5] -> [3, 8, 5, 0] -> [3, 8, 5, 0, 9] -> [3, 8, 5, 0, 9, 0] -> [3, 8, 5, 0, 9, 0, 0]
SyncBFS: 167.34 ms, [] -> [2] -> [2, 3] -> [2, 3, 7] -> [2, 3, 7, 4] -> [2, 3, 7, 4, 8] -> [2, 3, 7, 4, 8, 2] -> [2, 3, 7, 4, 8, 2, 9]
AsyncStartBFS: 7.64 ms, [] -> [2] -> [2, 3] -> [2, 3, 7] -> [2, 3, 7, 4] -> [2, 3, 7, 4, 8] -> [2, 3, 7, 4, 8, 2] -> [2, 3, 7, 4, 8, 2, 9]

problem_46.yaml
TasksBFS: 47.76 ms, [] -> [0] -> [0, 5] -> [0, 5, 1] -> [0, 5, 1, 5] -> [0, 5, 1, 5, 4] -> [0, 5, 1, 5, 4, 6] -> [0, 5, 1, 5, 4, 6, 6]
AsyncStartBFS: 21.71 ms, [] -> [0] -> [0, 5] -> [0, 5, 1] -> [0, 5, 1, 5] -> [0, 5, 1, 5, 4] -> [0, 5, 1, 5, 4, 6] -> [0, 5, 1, 5, 4, 6, 6]
SyncBFS: 235.33 ms, [] -> [0] -> [0, 2] -> [0, 2, 0] -> [0, 2, 0, 8] -> [0, 2, 0, 8, 2] -> [0, 2, 0, 8, 2, 8] -> [0, 2, 0, 8, 2, 8, 9]
MultithreadBFS: 14.67 ms, [] -> [2] -> [2, 9] -> [2, 9, 0] -> [2, 9, 0, 8] -> [2, 9, 0, 8, 6] -> [2, 9, 0, 8, 6, 7] -> [2, 9, 0, 8, 6, 7, 1]

problem_34.yaml
TasksBFS: 45.78 ms, [] -> [4] -> [4, 6] -> [4, 6, 0] -> [4, 6, 0, 2] -> [4, 6, 0, 2, 8] -> [4, 6, 0, 2, 8, 1] -> [4, 6, 0, 2, 8, 1, 3]
SyncBFS: 253.4 ms, [] -> [1] -> [1, 2] -> [1, 2, 7] -> [1, 2, 7, 7] -> [1, 2, 7, 7, 2] -> [1, 2, 7, 7, 2, 5] -> [1, 2, 7, 7, 2, 5, 4]
MultithreadBFS: 24.32 ms, [] -> [4] -> [4, 6] -> [4, 6, 0] -> [4, 6, 0, 2] -> [4, 6, 0, 2, 8] -> [4, 6, 0, 2, 8, 1] -> [4, 6, 0, 2, 8, 1, 3]
AsyncStartBFS: 23.76 ms, [] -> [6] -> [6, 7] -> [6, 7, 0] -> [6, 7, 0, 9] -> [6, 7, 0, 9, 5] -> [6, 7, 0, 9, 5, 3] -> [6, 7, 0, 9, 5, 3, 1]

problem_32.yaml
AsyncStartBFS: 8.6 ms, [] -> [1] -> [1, 4] -> [1, 4, 1] -> [1, 4, 1, 3] -> [1, 4, 1, 3, 4] -> [1, 4, 1, 3, 4, 7] -> [1, 4, 1, 3, 4, 7, 0]
SyncBFS: 137.49 ms, [] -> [1] -> [1, 4] -> [1, 4, 1] -> [1, 4, 1, 3] -> [1, 4, 1, 3, 4] -> [1, 4, 1, 3, 4, 7] -> [1, 4, 1, 3, 4, 7, 0]
TasksBFS: 23.7 ms, [] -> [1] -> [1, 6] -> [1, 6, 2] -> [1, 6, 2, 9] -> [1, 6, 2, 9, 9] -> [1, 6, 2, 9, 9, 1] -> [1, 6, 2, 9, 9, 1, 4]
MultithreadBFS: 21.18 ms, [] -> [2] -> [2, 9] -> [2, 9, 1] -> [2, 9, 1, 5] -> [2, 9, 1, 5, 0] -> [2, 9, 1, 5, 0, 7] -> [2, 9, 1, 5, 0, 7, 2]

problem_31.yaml
MultithreadBFS: 20.12 ms, [] -> [3] -> [3, 3] -> [3, 3, 4] -> [3, 3, 4, 8] -> [3, 3, 4, 8, 6] -> [3, 3, 4, 8, 6, 6] -> [3, 3, 4, 8, 6, 6, 9]
AsyncStartBFS: 13.3 ms, [] -> [1] -> [1, 4] -> [1, 4, 4] -> [1, 4, 4, 4] -> [1, 4, 4, 4, 5] -> [1, 4, 4, 4, 5, 5] -> [1, 4, 4, 4, 5, 5, 0]
TasksBFS: 42.82 ms, [] -> [1] -> [1, 5] -> [1, 5, 3] -> [1, 5, 3, 0] -> [1, 5, 3, 0, 0] -> [1, 5, 3, 0, 0, 3] -> [1, 5, 3, 0, 0, 3, 6]
SyncBFS: 245.88 ms, [] -> [1] -> [1, 4] -> [1, 4, 4] -> [1, 4, 4, 4] -> [1, 4, 4, 4, 5] -> [1, 4, 4, 4, 5, 5] -> [1, 4, 4, 4, 5, 5, 0]

problem_30.yaml
SyncBFS: 164.18 ms, [] -> [2] -> [2, 1] -> [2, 1, 7] -> [2, 1, 7, 8] -> [2, 1, 7, 8, 2] -> [2, 1, 7, 8, 2, 9] -> [2, 1, 7, 8, 2, 9, 4]
MultithreadBFS: 18.43 ms, [] -> [3] -> [3, 9] -> [3, 9, 2] -> [3, 9, 2, 5] -> [3, 9, 2, 5, 7] -> [3, 9, 2, 5, 7, 2] -> [3, 9, 2, 5, 7, 2, 6]
TasksBFS: 35.73 ms, [] -> [5] -> [5, 8] -> [5, 8, 2] -> [5, 8, 2, 8] -> [5, 8, 2, 8, 2] -> [5, 8, 2, 8, 2, 9] -> [5, 8, 2, 8, 2, 9, 3]
AsyncStartBFS: 9.9 ms, [] -> [2] -> [2, 1] -> [2, 1, 7] -> [2, 1, 7, 8] -> [2, 1, 7, 8, 2] -> [2, 1, 7, 8, 2, 9] -> [2, 1, 7, 8, 2, 9, 4]

problem_10.yaml
MultithreadBFS: 21.54 ms, [] -> [2] -> [2, 0] -> [2, 0, 5] -> [2, 0, 5, 5] -> [2, 0, 5, 5, 5] -> [2, 0, 5, 5, 5, 4] -> [2, 0, 5, 5, 5, 4, 5]
AsyncStartBFS: 21.89 ms, [] -> [2] -> [2, 0] -> [2, 0, 5] -> [2, 0, 5, 5] -> [2, 0, 5, 5, 5] -> [2, 0, 5, 5, 5, 4] -> [2, 0, 5, 5, 5, 4, 5]
SyncBFS: 245.92 ms, [] -> [0] -> [0, 6] -> [0, 6, 4] -> [0, 6, 4, 5] -> [0, 6, 4, 5, 1] -> [0, 6, 4, 5, 1, 0] -> [0, 6, 4, 5, 1, 0, 5]
TasksBFS: 45.05 ms, [] -> [0] -> [0, 6] -> [0, 6, 4] -> [0, 6, 4, 5] -> [0, 6, 4, 5, 1] -> [0, 6, 4, 5, 1, 0] -> [0, 6, 4, 5, 1, 0, 5]

problem_09.yaml
MultithreadBFS: 14.44 ms, [] -> [1] -> [1, 3] -> [1, 3, 6] -> [1, 3, 6, 0] -> [1, 3, 6, 0, 8] -> [1, 3, 6, 0, 8, 3] -> [1, 3, 6, 0, 8, 3, 5]
TasksBFS: 34.68 ms, [] -> [4] -> [4, 5] -> [4, 5, 0] -> [4, 5, 0, 7] -> [4, 5, 0, 7, 9] -> [4, 5, 0, 7, 9, 5] -> [4, 5, 0, 7, 9, 5, 0]
SyncBFS: 196.77 ms, [] -> [1] -> [1, 3] -> [1, 3, 6] -> [1, 3, 6, 0] -> [1, 3, 6, 0, 8] -> [1, 3, 6, 0, 8, 3] -> [1, 3, 6, 0, 8, 3, 5]
AsyncStartBFS: 18.06 ms, [] -> [9] -> [9, 4] -> [9, 4, 0] -> [9, 4, 0, 6] -> [9, 4, 0, 6, 4] -> [9, 4, 0, 6, 4, 7] -> [9, 4, 0, 6, 4, 7, 5]

problem_12.yaml
SyncBFS: 210.33 ms, [] -> [0] -> [0, 3] -> [0, 3, 2] -> [0, 3, 2, 9] -> [0, 3, 2, 9, 1] -> [0, 3, 2, 9, 1, 9] -> [0, 3, 2, 9, 1, 9, 5]
MultithreadBFS: 20.87 ms, [] -> [2] -> [2, 2] -> [2, 2, 4] -> [2, 2, 4, 4] -> [2, 2, 4, 4, 7] -> [2, 2, 4, 4, 7, 6] -> [2, 2, 4, 4, 7, 6, 3]
TasksBFS: 39.08 ms, [] -> [0] -> [0, 7] -> [0, 7, 2] -> [0, 7, 2, 4] -> [0, 7, 2, 4, 9] -> [0, 7, 2, 4, 9, 1] -> [0, 7, 2, 4, 9, 1, 9]
AsyncStartBFS: 12.28 ms, [] -> [0] -> [0, 3] -> [0, 3, 2] -> [0, 3, 2, 9] -> [0, 3, 2, 9, 1] -> [0, 3, 2, 9, 1, 9] -> [0, 3, 2, 9, 1, 9, 5]

problem_47.yaml
MultithreadBFS: 18.86 ms, [] -> [1] -> [1, 7] -> [1, 7, 1] -> [1, 7, 1, 7] -> [1, 7, 1, 7, 6] -> [1, 7, 1, 7, 6, 6] -> [1, 7, 1, 7, 6, 6, 2]
TasksBFS: 45.11 ms, [] -> [3] -> [3, 5] -> [3, 5, 3] -> [3, 5, 3, 5] -> [3, 5, 3, 5, 4] -> [3, 5, 3, 5, 4, 2] -> [3, 5, 3, 5, 4, 2, 2]
AsyncStartBFS: 26.82 ms, [] -> [7] -> [7, 1] -> [7, 1, 1] -> [7, 1, 1, 3] -> [7, 1, 1, 3, 0] -> [7, 1, 1, 3, 0, 7] -> [7, 1, 1, 3, 0, 7, 7]
SyncBFS: 247.42 ms, [] -> [0] -> [0, 5] -> [0, 5, 6] -> [0, 5, 6, 4] -> [0, 5, 6, 4, 4] -> [0, 5, 6, 4, 4, 4] -> [0, 5, 6, 4, 4, 4, 0]

problem_11.yaml
TasksBFS: 22.63 ms, [] -> [0] -> [0, 2] -> [0, 2, 9] -> [0, 2, 9, 3] -> [0, 2, 9, 3, 0] -> [0, 2, 9, 3, 0, 2] -> [0, 2, 9, 3, 0, 2, 7]
MultithreadBFS: 17.07 ms, [] -> [0] -> [0, 0] -> [0, 0, 2] -> [0, 0, 2, 5] -> [0, 0, 2, 5, 6] -> [0, 0, 2, 5, 6, 8] -> [0, 0, 2, 5, 6, 8, 3]
AsyncStartBFS: 8.09 ms, [] -> [0] -> [0, 2] -> [0, 2, 9] -> [0, 2, 9, 3] -> [0, 2, 9, 3, 0] -> [0, 2, 9, 3, 0, 2] -> [0, 2, 9, 3, 0, 2, 7]
SyncBFS: 114.23 ms, [] -> [0] -> [0, 0] -> [0, 0, 2] -> [0, 0, 2, 5] -> [0, 0, 2, 5, 6] -> [0, 0, 2, 5, 6, 8] -> [0, 0, 2, 5, 6, 8, 3]

problem_01.yaml
AsyncStartBFS: 19.05 ms, [] -> [0] -> [0, 4] -> [0, 4, 5] -> [0, 4, 5, 9] -> [0, 4, 5, 9, 0] -> [0, 4, 5, 9, 0, 7] -> [0, 4, 5, 9, 0, 7, 4]
MultithreadBFS: 18.16 ms, [] -> [0] -> [0, 4] -> [0, 4, 5] -> [0, 4, 5, 9] -> [0, 4, 5, 9, 0] -> [0, 4, 5, 9, 0, 7] -> [0, 4, 5, 9, 0, 7, 4]
SyncBFS: 256.3 ms, [] -> [0] -> [0, 4] -> [0, 4, 5] -> [0, 4, 5, 9] -> [0, 4, 5, 9, 0] -> [0, 4, 5, 9, 0, 7] -> [0, 4, 5, 9, 0, 7, 4]
TasksBFS: 47.34 ms, [] -> [0] -> [0, 4] -> [0, 4, 5] -> [0, 4, 5, 9] -> [0, 4, 5, 9, 0] -> [0, 4, 5, 9, 0, 7] -> [0, 4, 5, 9, 0, 7, 4]

problem_08.yaml
MultithreadBFS: 22.31 ms, [] -> [5] -> [5, 3] -> [5, 3, 4] -> [5, 3, 4, 1] -> [5, 3, 4, 1, 0] -> [5, 3, 4, 1, 0, 8] -> [5, 3, 4, 1, 0, 8, 3]
AsyncStartBFS: 10.14 ms, [] -> [7] -> [7, 3] -> [7, 3, 1] -> [7, 3, 1, 1] -> [7, 3, 1, 1, 3] -> [7, 3, 1, 1, 3, 1] -> [7, 3, 1, 1, 3, 1, 8]
TasksBFS: 25.3 ms, [] -> [7] -> [7, 3] -> [7, 3, 1] -> [7, 3, 1, 1] -> [7, 3, 1, 1, 3] -> [7, 3, 1, 1, 3, 1] -> [7, 3, 1, 1, 3, 1, 8]
SyncBFS: 158.99 ms, [] -> [3] -> [3, 4] -> [3, 4, 8] -> [3, 4, 8, 7] -> [3, 4, 8, 7, 1] -> [3, 4, 8, 7, 1, 3] -> [3, 4, 8, 7, 1, 3, 0]

problem_06.yaml
AsyncStartBFS: 7.89 ms, [] -> [3] -> [3, 1] -> [3, 1, 4] -> [3, 1, 4, 3] -> [3, 1, 4, 3, 5] -> [3, 1, 4, 3, 5, 8] -> [3, 1, 4, 3, 5, 8, 4]
MultithreadBFS: 18.22 ms, [] -> [5] -> [5, 8] -> [5, 8, 2] -> [5, 8, 2, 0] -> [5, 8, 2, 0, 1] -> [5, 8, 2, 0, 1, 4] -> [5, 8, 2, 0, 1, 4, 9]
TasksBFS: 26.02 ms, [] -> [1] -> [1, 2] -> [1, 2, 7] -> [1, 2, 7, 4] -> [1, 2, 7, 4, 7] -> [1, 2, 7, 4, 7, 7] -> [1, 2, 7, 4, 7, 7, 9]
SyncBFS: 130.83 ms, [] -> [1] -> [1, 2] -> [1, 2, 7] -> [1, 2, 7, 4] -> [1, 2, 7, 4, 7] -> [1, 2, 7, 4, 7, 7] -> [1, 2, 7, 4, 7, 7, 9]

problem_19.yaml
TasksBFS: 42.92 ms, [] -> [0] -> [0, 7] -> [0, 7, 3] -> [0, 7, 3, 1] -> [0, 7, 3, 1, 1] -> [0, 7, 3, 1, 1, 0] -> [0, 7, 3, 1, 1, 0, 1]
MultithreadBFS: 24.55 ms, [] -> [3] -> [3, 3] -> [3, 3, 1] -> [3, 3, 1, 6] -> [3, 3, 1, 6, 4] -> [3, 3, 1, 6, 4, 8] -> [3, 3, 1, 6, 4, 8, 5]
SyncBFS: 235.33 ms, [] -> [0] -> [0, 5] -> [0, 5, 6] -> [0, 5, 6, 8] -> [0, 5, 6, 8, 4] -> [0, 5, 6, 8, 4, 1] -> [0, 5, 6, 8, 4, 1, 9]
AsyncStartBFS: 16.4 ms, [] -> [4] -> [4, 1] -> [4, 1, 6] -> [4, 1, 6, 1] -> [4, 1, 6, 1, 0] -> [4, 1, 6, 1, 0, 5] -> [4, 1, 6, 1, 0, 5, 3]

problem_40.yaml
SyncBFS: 239.22 ms, [] -> [0] -> [0, 0] -> [0, 0, 0] -> [0, 0, 0, 5] -> [0, 0, 0, 5, 6] -> [0, 0, 0, 5, 6, 3] -> [0, 0, 0, 5, 6, 3, 9]
MultithreadBFS: 18.06 ms, [] -> [0] -> [0, 7] -> [0, 7, 1] -> [0, 7, 1, 6] -> [0, 7, 1, 6, 8] -> [0, 7, 1, 6, 8, 9] -> [0, 7, 1, 6, 8, 9, 8]
AsyncStartBFS: 12.95 ms, [] -> [0] -> [0, 0] -> [0, 0, 0] -> [0, 0, 0, 5] -> [0, 0, 0, 5, 6] -> [0, 0, 0, 5, 6, 3] -> [0, 0, 0, 5, 6, 3, 9]
TasksBFS: 38.54 ms, [] -> [0] -> [0, 0] -> [0, 0, 0] -> [0, 0, 0, 5] -> [0, 0, 0, 5, 6] -> [0, 0, 0, 5, 6, 3] -> [0, 0, 0, 5, 6, 3, 9]

problem_04.yaml
MultithreadBFS: 17.55 ms, [] -> [2] -> [2, 2] -> [2, 2, 0] -> [2, 2, 0, 6] -> [2, 2, 0, 6, 6] -> [2, 2, 0, 6, 6, 6] -> [2, 2, 0, 6, 6, 6, 8]
AsyncStartBFS: 16.83 ms, [] -> [3] -> [3, 6] -> [3, 6, 2] -> [3, 6, 2, 4] -> [3, 6, 2, 4, 6] -> [3, 6, 2, 4, 6, 6] -> [3, 6, 2, 4, 6, 6, 0]
SyncBFS: 250.78 ms, [] -> [0] -> [0, 3] -> [0, 3, 2] -> [0, 3, 2, 2] -> [0, 3, 2, 2, 3] -> [0, 3, 2, 2, 3, 3] -> [0, 3, 2, 2, 3, 3, 9]
TasksBFS: 44.71 ms, [] -> [4] -> [4, 6] -> [4, 6, 2] -> [4, 6, 2, 8] -> [4, 6, 2, 8, 9] -> [4, 6, 2, 8, 9, 3] -> [4, 6, 2, 8, 9, 3, 0]

problem_33.yaml
TasksBFS: 43.45 ms, [] -> [0] -> [0, 4] -> [0, 4, 9] -> [0, 4, 9, 4] -> [0, 4, 9, 4, 5] -> [0, 4, 9, 4, 5, 9] -> [0, 4, 9, 4, 5, 9, 0]
AsyncStartBFS: 16.35 ms, [] -> [0] -> [0, 4] -> [0, 4, 9] -> [0, 4, 9, 4] -> [0, 4, 9, 4, 5] -> [0, 4, 9, 4, 5, 9] -> [0, 4, 9, 4, 5, 9, 0]
MultithreadBFS: 17.42 ms, [] -> [1] -> [1, 1] -> [1, 1, 0] -> [1, 1, 0, 9] -> [1, 1, 0, 9, 7] -> [1, 1, 0, 9, 7, 0] -> [1, 1, 0, 9, 7, 0, 0]
SyncBFS: 243.43 ms, [] -> [0] -> [0, 3] -> [0, 3, 5] -> [0, 3, 5, 1] -> [0, 3, 5, 1, 0] -> [0, 3, 5, 1, 0, 3] -> [0, 3, 5, 1, 0, 3, 1]

problem_21.yaml
SyncBFS: 166.75 ms, [] -> [0] -> [0, 0] -> [0, 0, 6] -> [0, 0, 6, 3] -> [0, 0, 6, 3, 7] -> [0, 0, 6, 3, 7, 7] -> [0, 0, 6, 3, 7, 7, 7]
AsyncStartBFS: 10.59 ms, [] -> [0] -> [0, 0] -> [0, 0, 6] -> [0, 0, 6, 3] -> [0, 0, 6, 3, 7] -> [0, 0, 6, 3, 7, 7] -> [0, 0, 6, 3, 7, 7, 7]
TasksBFS: 29.63 ms, [] -> [0] -> [0, 0] -> [0, 0, 6] -> [0, 0, 6, 3] -> [0, 0, 6, 3, 7] -> [0, 0, 6, 3, 7, 7] -> [0, 0, 6, 3, 7, 7, 7]
MultithreadBFS: 20.94 ms, [] -> [5] -> [5, 8] -> [5, 8, 2] -> [5, 8, 2, 5] -> [5, 8, 2, 5, 0] -> [5, 8, 2, 5, 0, 7] -> [5, 8, 2, 5, 0, 7, 6]

problem_24.yaml
AsyncStartBFS: 8.15 ms, [] -> [2] -> [2, 7] -> [2, 7, 0] -> [2, 7, 0, 3] -> [2, 7, 0, 3, 8] -> [2, 7, 0, 3, 8, 2] -> [2, 7, 0, 3, 8, 2, 6]
TasksBFS: 38.44 ms, [] -> [0] -> [0, 6] -> [0, 6, 6] -> [0, 6, 6, 8] -> [0, 6, 6, 8, 7] -> [0, 6, 6, 8, 7, 3] -> [0, 6, 6, 8, 7, 3, 6]
MultithreadBFS: 28.7 ms, [] -> [3] -> [3, 9] -> [3, 9, 5] -> [3, 9, 5, 1] -> [3, 9, 5, 1, 1] -> [3, 9, 5, 1, 1, 8] -> [3, 9, 5, 1, 1, 8, 6]
SyncBFS: 233.63 ms, [] -> [0] -> [0, 4] -> [0, 4, 7] -> [0, 4, 7, 6] -> [0, 4, 7, 6, 5] -> [0, 4, 7, 6, 5, 1] -> [0, 4, 7, 6, 5, 1, 0]

problem_03.yaml
TasksBFS: 26.44 ms, [] -> [0] -> [0, 3] -> [0, 3, 1] -> [0, 3, 1, 3] -> [0, 3, 1, 3, 7] -> [0, 3, 1, 3, 7, 1] -> [0, 3, 1, 3, 7, 1, 9]
AsyncStartBFS: 8.82 ms, [] -> [0] -> [0, 3] -> [0, 3, 1] -> [0, 3, 1, 3] -> [0, 3, 1, 3, 7] -> [0, 3, 1, 3, 7, 1] -> [0, 3, 1, 3, 7, 1, 9]
SyncBFS: 151.8 ms, [] -> [0] -> [0, 1] -> [0, 1, 8] -> [0, 1, 8, 9] -> [0, 1, 8, 9, 5] -> [0, 1, 8, 9, 5, 7] -> [0, 1, 8, 9, 5, 7, 3]
MultithreadBFS: 16.6 ms, [] -> [3] -> [3, 1] -> [3, 1, 1] -> [3, 1, 1, 1] -> [3, 1, 1, 1, 6] -> [3, 1, 1, 1, 6, 1] -> [3, 1, 1, 1, 6, 1, 4]

problem_07.yaml
TasksBFS: 22.14 ms, [] -> [0] -> [0, 0] -> [0, 0, 3] -> [0, 0, 3, 7] -> [0, 0, 3, 7, 2] -> [0, 0, 3, 7, 2, 9] -> [0, 0, 3, 7, 2, 9, 4]
SyncBFS: 155.92 ms, [] -> [0] -> [0, 0] -> [0, 0, 3] -> [0, 0, 3, 7] -> [0, 0, 3, 7, 2] -> [0, 0, 3, 7, 2, 9] -> [0, 0, 3, 7, 2, 9, 4]
AsyncStartBFS: 10.9 ms, [] -> [0] -> [0, 0] -> [0, 0, 3] -> [0, 0, 3, 7] -> [0, 0, 3, 7, 2] -> [0, 0, 3, 7, 2, 9] -> [0, 0, 3, 7, 2, 9, 4]
MultithreadBFS: 15.7 ms, [] -> [2] -> [2, 2] -> [2, 2, 0] -> [2, 2, 0, 9] -> [2, 2, 0, 9, 7] -> [2, 2, 0, 9, 7, 3] -> [2, 2, 0, 9, 7, 3, 7]

problem_42.yaml
AsyncStartBFS: 16.44 ms, [] -> [0] -> [0, 6] -> [0, 6, 2] -> [0, 6, 2, 6] -> [0, 6, 2, 6, 9] -> [0, 6, 2, 6, 9, 3] -> [0, 6, 2, 6, 9, 3, 9]
MultithreadBFS: 17.92 ms, [] -> [3] -> [3, 3] -> [3, 3, 0] -> [3, 3, 0, 1] -> [3, 3, 0, 1, 8] -> [3, 3, 0, 1, 8, 6] -> [3, 3, 0, 1, 8, 6, 7]
TasksBFS: 37.47 ms, [] -> [3] -> [3, 3] -> [3, 3, 0] -> [3, 3, 0, 1] -> [3, 3, 0, 1, 8] -> [3, 3, 0, 1, 8, 6] -> [3, 3, 0, 1, 8, 6, 7]
SyncBFS: 222.42 ms, [] -> [0] -> [0, 6] -> [0, 6, 2] -> [0, 6, 2, 6] -> [0, 6, 2, 6, 9] -> [0, 6, 2, 6, 9, 3] -> [0, 6, 2, 6, 9, 3, 9]

problem_02.yaml
TasksBFS: 39.87 ms, [] -> [0] -> [0, 7] -> [0, 7, 6] -> [0, 7, 6, 5] -> [0, 7, 6, 5, 4] -> [0, 7, 6, 5, 4, 8] -> [0, 7, 6, 5, 4, 8, 2]
SyncBFS: 174.72 ms, [] -> [0] -> [0, 7] -> [0, 7, 6] -> [0, 7, 6, 5] -> [0, 7, 6, 5, 4] -> [0, 7, 6, 5, 4, 8] -> [0, 7, 6, 5, 4, 8, 2]
MultithreadBFS: 24.3 ms, [] -> [1] -> [1, 0] -> [1, 0, 2] -> [1, 0, 2, 3] -> [1, 0, 2, 3, 1] -> [1, 0, 2, 3, 1, 2] -> [1, 0, 2, 3, 1, 2, 0]
AsyncStartBFS: 10.43 ms, [] -> [1] -> [1, 0] -> [1, 0, 2] -> [1, 0, 2, 3] -> [1, 0, 2, 3, 1] -> [1, 0, 2, 3, 1, 2] -> [1, 0, 2, 3, 1, 2, 0]

problem_29.yaml
AsyncStartBFS: 7.98 ms, [] -> [0] -> [0, 0] -> [0, 0, 7] -> [0, 0, 7, 4] -> [0, 0, 7, 4, 6] -> [0, 0, 7, 4, 6, 8] -> [0, 0, 7, 4, 6, 8, 4]
TasksBFS: 46.49 ms, [] -> [0] -> [0, 0] -> [0, 0, 8] -> [0, 0, 8, 5] -> [0, 0, 8, 5, 5] -> [0, 0, 8, 5, 5, 2] -> [0, 0, 8, 5, 5, 2, 9]
SyncBFS: 257.6 ms, [] -> [0] -> [0, 0] -> [0, 0, 7] -> [0, 0, 7, 4] -> [0, 0, 7, 4, 6] -> [0, 0, 7, 4, 6, 8] -> [0, 0, 7, 4, 6, 8, 4]
MultithreadBFS: 30.34 ms, [] -> [1] -> [1, 1] -> [1, 1, 4] -> [1, 1, 4, 6] -> [1, 1, 4, 6, 1] -> [1, 1, 4, 6, 1, 5] -> [1, 1, 4, 6, 1, 5, 2]

problem_00.yaml
SyncBFS: 259.28 ms, [] -> [1] -> [1, 5] -> [1, 5, 3] -> [1, 5, 3, 9] -> [1, 5, 3, 9, 4] -> [1, 5, 3, 9, 4, 0] -> [1, 5, 3, 9, 4, 0, 3]
AsyncStartBFS: 15.54 ms, [] -> [1] -> [1, 5] -> [1, 5, 3] -> [1, 5, 3, 9] -> [1, 5, 3, 9, 4] -> [1, 5, 3, 9, 4, 0] -> [1, 5, 3, 9, 4, 0, 3]
MultithreadBFS: 19.15 ms, [] -> [1] -> [1, 5] -> [1, 5, 3] -> [1, 5, 3, 9] -> [1, 5, 3, 9, 4] -> [1, 5, 3, 9, 4, 0] -> [1, 5, 3, 9, 4, 0, 3]
TasksBFS: 50.82 ms, [] -> [4] -> [4, 2] -> [4, 2, 6] -> [4, 2, 6, 7] -> [4, 2, 6, 7, 5] -> [4, 2, 6, 7, 5, 9] -> [4, 2, 6, 7, 5, 9, 2]

problem_13.yaml
SyncBFS: 260.33 ms, [] -> [2] -> [2, 4] -> [2, 4, 7] -> [2, 4, 7, 0] -> [2, 4, 7, 0, 2] -> [2, 4, 7, 0, 2, 2] -> [2, 4, 7, 0, 2, 2, 8]
AsyncStartBFS: 13.68 ms, [] -> [5] -> [5, 0] -> [5, 0, 2] -> [5, 0, 2, 5] -> [5, 0, 2, 5, 6] -> [5, 0, 2, 5, 6, 2] -> [5, 0, 2, 5, 6, 2, 9]
MultithreadBFS: 18.59 ms, [] -> [2] -> [2, 6] -> [2, 6, 0] -> [2, 6, 0, 2] -> [2, 6, 0, 2, 3] -> [2, 6, 0, 2, 3, 0] -> [2, 6, 0, 2, 3, 0, 6]
TasksBFS: 40.13 ms, [] -> [2] -> [2, 6] -> [2, 6, 0] -> [2, 6, 0, 2] -> [2, 6, 0, 2, 3] -> [2, 6, 0, 2, 3, 0] -> [2, 6, 0, 2, 3, 0, 6]

problem_16.yaml
SyncBFS: 145.11 ms, [] -> [1] -> [1, 2] -> [1, 2, 0] -> [1, 2, 0, 1] -> [1, 2, 0, 1, 6] -> [1, 2, 0, 1, 6, 6] -> [1, 2, 0, 1, 6, 6, 8]
AsyncStartBFS: 9.11 ms, [] -> [1] -> [1, 5] -> [1, 5, 3] -> [1, 5, 3, 5] -> [1, 5, 3, 5, 9] -> [1, 5, 3, 5, 9, 8] -> [1, 5, 3, 5, 9, 8, 0]
MultithreadBFS: 20.77 ms, [] -> [6] -> [6, 9] -> [6, 9, 7] -> [6, 9, 7, 3] -> [6, 9, 7, 3, 0] -> [6, 9, 7, 3, 0, 7] -> [6, 9, 7, 3, 0, 7, 8]
TasksBFS: 26.45 ms, [] -> [1] -> [1, 2] -> [1, 2, 0] -> [1, 2, 0, 1] -> [1, 2, 0, 1, 6] -> [1, 2, 0, 1, 6, 6] -> [1, 2, 0, 1, 6, 6, 8]

problem_20.yaml
AsyncStartBFS: 16.17 ms, [] -> [3] -> [3, 6] -> [3, 6, 0] -> [3, 6, 0, 8] -> [3, 6, 0, 8, 1] -> [3, 6, 0, 8, 1, 4] -> [3, 6, 0, 8, 1, 4, 5]
MultithreadBFS: 18.93 ms, [] -> [5] -> [5, 1] -> [5, 1, 0] -> [5, 1, 0, 2] -> [5, 1, 0, 2, 7] -> [5, 1, 0, 2, 7, 0] -> [5, 1, 0, 2, 7, 0, 7]
TasksBFS: 29.89 ms, [] -> [3] -> [3, 6] -> [3, 6, 0] -> [3, 6, 0, 8] -> [3, 6, 0, 8, 1] -> [3, 6, 0, 8, 1, 4] -> [3, 6, 0, 8, 1, 4, 5]
SyncBFS: 176.39 ms, [] -> [3] -> [3, 0] -> [3, 0, 5] -> [3, 0, 5, 8] -> [3, 0, 5, 8, 6] -> [3, 0, 5, 8, 6, 2] -> [3, 0, 5, 8, 6, 2, 9]

problem_18.yaml
TasksBFS: 28.84 ms, [] -> [0] -> [0, 7] -> [0, 7, 0] -> [0, 7, 0, 3] -> [0, 7, 0, 3, 3] -> [0, 7, 0, 3, 3, 3] -> [0, 7, 0, 3, 3, 3, 1]
MultithreadBFS: 18.84 ms, [] -> [1] -> [1, 3] -> [1, 3, 1] -> [1, 3, 1, 1] -> [1, 3, 1, 1, 5] -> [1, 3, 1, 1, 5, 1] -> [1, 3, 1, 1, 5, 1, 1]
AsyncStartBFS: 11.14 ms, [] -> [0] -> [0, 9] -> [0, 9, 3] -> [0, 9, 3, 1] -> [0, 9, 3, 1, 7] -> [0, 9, 3, 1, 7, 5] -> [0, 9, 3, 1, 7, 5, 5]
SyncBFS: 167.08 ms, [] -> [0] -> [0, 7] -> [0, 7, 0] -> [0, 7, 0, 3] -> [0, 7, 0, 3, 3] -> [0, 7, 0, 3, 3, 3] -> [0, 7, 0, 3, 3, 3, 1]

problem_05.yaml
TasksBFS: 24.41 ms, [] -> [1] -> [1, 9] -> [1, 9, 4] -> [1, 9, 4, 5] -> [1, 9, 4, 5, 0] -> [1, 9, 4, 5, 0, 1] -> [1, 9, 4, 5, 0, 1, 7]
SyncBFS: 149.78 ms, [] -> [1] -> [1, 9] -> [1, 9, 4] -> [1, 9, 4, 5] -> [1, 9, 4, 5, 0] -> [1, 9, 4, 5, 0, 1] -> [1, 9, 4, 5, 0, 1, 7]
AsyncStartBFS: 6.85 ms, [] -> [1] -> [1, 9] -> [1, 9, 7] -> [1, 9, 7, 7] -> [1, 9, 7, 7, 9] -> [1, 9, 7, 7, 9, 7] -> [1, 9, 7, 7, 9, 7, 7]
MultithreadBFS: 14.47 ms, [] -> [4] -> [4, 8] -> [4, 8, 0] -> [4, 8, 0, 2] -> [4, 8, 0, 2, 6] -> [4, 8, 0, 2, 6, 5] -> [4, 8, 0, 2, 6, 5, 6]

problem_15.yaml
MultithreadBFS: 17.69 ms, [] -> [0] -> [0, 9] -> [0, 9, 3] -> [0, 9, 3, 0] -> [0, 9, 3, 0, 1] -> [0, 9, 3, 0, 1, 1] -> [0, 9, 3, 0, 1, 1, 1]
AsyncStartBFS: 7 ms, [] -> [0] -> [0, 1] -> [0, 1, 8] -> [0, 1, 8, 0] -> [0, 1, 8, 0, 1] -> [0, 1, 8, 0, 1, 2] -> [0, 1, 8, 0, 1, 2, 6]
TasksBFS: 33.08 ms, [] -> [0] -> [0, 1] -> [0, 1, 8] -> [0, 1, 8, 0] -> [0, 1, 8, 0, 1] -> [0, 1, 8, 0, 1, 2] -> [0, 1, 8, 0, 1, 2, 6]
SyncBFS: 175.06 ms, [] -> [0] -> [0, 1] -> [0, 1, 8] -> [0, 1, 8, 0] -> [0, 1, 8, 0, 1] -> [0, 1, 8, 0, 1, 2] -> [0, 1, 8, 0, 1, 2, 6]

problem_17.yaml
AsyncStartBFS: 6.55 ms, [] -> [3] -> [3, 8] -> [3, 8, 1] -> [3, 8, 1, 2] -> [3, 8, 1, 2, 4] -> [3, 8, 1, 2, 4, 5] -> [3, 8, 1, 2, 4, 5, 0]
MultithreadBFS: 16.22 ms, [] -> [1] -> [1, 2] -> [1, 2, 3] -> [1, 2, 3, 0] -> [1, 2, 3, 0, 6] -> [1, 2, 3, 0, 6, 3] -> [1, 2, 3, 0, 6, 3, 9]
TasksBFS: 36.57 ms, [] -> [0] -> [0, 7] -> [0, 7, 6] -> [0, 7, 6, 1] -> [0, 7, 6, 1, 0] -> [0, 7, 6, 1, 0, 7] -> [0, 7, 6, 1, 0, 7, 4]
SyncBFS: 172.31 ms, [] -> [0] -> [0, 5] -> [0, 5, 2] -> [0, 5, 2, 6] -> [0, 5, 2, 6, 7] -> [0, 5, 2, 6, 7, 9] -> [0, 5, 2, 6, 7, 9, 1]

problem_37.yaml
TasksBFS: 44.48 ms, [] -> [0] -> [0, 0] -> [0, 0, 1] -> [0, 0, 1, 6] -> [0, 0, 1, 6, 5] -> [0, 0, 1, 6, 5, 9] -> [0, 0, 1, 6, 5, 9, 4]
AsyncStartBFS: 12.24 ms, [] -> [0] -> [0, 0] -> [0, 0, 1] -> [0, 0, 1, 6] -> [0, 0, 1, 6, 5] -> [0, 0, 1, 6, 5, 9] -> [0, 0, 1, 6, 5, 9, 4]
MultithreadBFS: 15.53 ms, [] -> [3] -> [3, 0] -> [3, 0, 3] -> [3, 0, 3, 0] -> [3, 0, 3, 0, 4] -> [3, 0, 3, 0, 4, 7] -> [3, 0, 3, 0, 4, 7, 7]
SyncBFS: 209.24 ms, [] -> [0] -> [0, 0] -> [0, 0, 1] -> [0, 0, 1, 6] -> [0, 0, 1, 6, 5] -> [0, 0, 1, 6, 5, 9] -> [0, 0, 1, 6, 5, 9, 4]

problem_22.yaml
TasksBFS: 45.81 ms, [] -> [0] -> [0, 0] -> [0, 0, 8] -> [0, 0, 8, 0] -> [0, 0, 8, 0, 5] -> [0, 0, 8, 0, 5, 1] -> [0, 0, 8, 0, 5, 1, 3]
AsyncStartBFS: 9.63 ms, [] -> [0] -> [0, 0] -> [0, 0, 8] -> [0, 0, 8, 0] -> [0, 0, 8, 0, 5] -> [0, 0, 8, 0, 5, 1] -> [0, 0, 8, 0, 5, 1, 3]
MultithreadBFS: 17.16 ms, [] -> [0] -> [0, 8] -> [0, 8, 1] -> [0, 8, 1, 8] -> [0, 8, 1, 8, 6] -> [0, 8, 1, 8, 6, 0] -> [0, 8, 1, 8, 6, 0, 9]
SyncBFS: 222.63 ms, [] -> [0] -> [0, 0] -> [0, 0, 8] -> [0, 0, 8, 0] -> [0, 0, 8, 0, 5] -> [0, 0, 8, 0, 5, 1] -> [0, 0, 8, 0, 5, 1, 3]

problem_23.yaml
AsyncStartBFS: 19.6 ms, [] -> [2] -> [2, 0] -> [2, 0, 3] -> [2, 0, 3, 1] -> [2, 0, 3, 1, 0] -> [2, 0, 3, 1, 0, 8] -> [2, 0, 3, 1, 0, 8, 4]
TasksBFS: 38.53 ms, [] -> [0] -> [0, 3] -> [0, 3, 0] -> [0, 3, 0, 2] -> [0, 3, 0, 2, 4] -> [0, 3, 0, 2, 4, 5] -> [0, 3, 0, 2, 4, 5, 3]
MultithreadBFS: 21.52 ms, [] -> [2] -> [2, 2] -> [2, 2, 0] -> [2, 2, 0, 6] -> [2, 2, 0, 6, 4] -> [2, 2, 0, 6, 4, 6] -> [2, 2, 0, 6, 4, 6, 0]
SyncBFS: 224.17 ms, [] -> [0] -> [0, 3] -> [0, 3, 0] -> [0, 3, 0, 2] -> [0, 3, 0, 2, 4] -> [0, 3, 0, 2, 4, 5] -> [0, 3, 0, 2, 4, 5, 3]

problem_25.yaml
SyncBFS: 218.67 ms, [] -> [2] -> [2, 0] -> [2, 0, 3] -> [2, 0, 3, 4] -> [2, 0, 3, 4, 0] -> [2, 0, 3, 4, 0, 7] -> [2, 0, 3, 4, 0, 7, 2]
AsyncStartBFS: 12.28 ms, [] -> [2] -> [2, 3] -> [2, 3, 2] -> [2, 3, 2, 3] -> [2, 3, 2, 3, 6] -> [2, 3, 2, 3, 6, 2] -> [2, 3, 2, 3, 6, 2, 2]
TasksBFS: 37.55 ms, [] -> [2] -> [2, 0] -> [2, 0, 3] -> [2, 0, 3, 4] -> [2, 0, 3, 4, 0] -> [2, 0, 3, 4, 0, 7] -> [2, 0, 3, 4, 0, 7, 2]
MultithreadBFS: 24.04 ms, [] -> [4] -> [4, 9] -> [4, 9, 6] -> [4, 9, 6, 0] -> [4, 9, 6, 0, 6] -> [4, 9, 6, 0, 6, 1] -> [4, 9, 6, 0, 6, 1, 9]

problem_27.yaml
MultithreadBFS: 24.43 ms, [] -> [2] -> [2, 6] -> [2, 6, 1] -> [2, 6, 1, 5] -> [2, 6, 1, 5, 9] -> [2, 6, 1, 5, 9, 1] -> [2, 6, 1, 5, 9, 1, 6]
TasksBFS: 52.16 ms, [] -> [0] -> [0, 0] -> [0, 0, 7] -> [0, 0, 7, 2] -> [0, 0, 7, 2, 3] -> [0, 0, 7, 2, 3, 2] -> [0, 0, 7, 2, 3, 2, 7]
AsyncStartBFS: 22.63 ms, [] -> [0] -> [0, 0] -> [0, 0, 5] -> [0, 0, 5, 5] -> [0, 0, 5, 5, 5] -> [0, 0, 5, 5, 5, 6] -> [0, 0, 5, 5, 5, 6, 3]
SyncBFS: 264.84 ms, [] -> [0] -> [0, 0] -> [0, 0, 5] -> [0, 0, 5, 5] -> [0, 0, 5, 5, 5] -> [0, 0, 5, 5, 5, 6] -> [0, 0, 5, 5, 5, 6, 3]

problem_26.yaml
SyncBFS: 179.16 ms, [] -> [1] -> [1, 5] -> [1, 5, 2] -> [1, 5, 2, 8] -> [1, 5, 2, 8, 3] -> [1, 5, 2, 8, 3, 1] -> [1, 5, 2, 8, 3, 1, 0]
TasksBFS: 34.87 ms, [] -> [1] -> [1, 5] -> [1, 5, 2] -> [1, 5, 2, 8] -> [1, 5, 2, 8, 3] -> [1, 5, 2, 8, 3, 1] -> [1, 5, 2, 8, 3, 1, 0]
AsyncStartBFS: 8.92 ms, [] -> [1] -> [1, 5] -> [1, 5, 3] -> [1, 5, 3, 5] -> [1, 5, 3, 5, 4] -> [1, 5, 3, 5, 4, 0] -> [1, 5, 3, 5, 4, 0, 4]
MultithreadBFS: 17.72 ms, [] -> [2] -> [2, 7] -> [2, 7, 2] -> [2, 7, 2, 2] -> [2, 7, 2, 2, 2] -> [2, 7, 2, 2, 2, 9] -> [2, 7, 2, 2, 2, 9, 2]

problem_14.yaml
SyncBFS: 145.16 ms, [] -> [0] -> [0, 0] -> [0, 0, 5] -> [0, 0, 5, 3] -> [0, 0, 5, 3, 1] -> [0, 0, 5, 3, 1, 4] -> [0, 0, 5, 3, 1, 4, 8]
TasksBFS: 28.29 ms, [] -> [0] -> [0, 0] -> [0, 0, 5] -> [0, 0, 5, 3] -> [0, 0, 5, 3, 1] -> [0, 0, 5, 3, 1, 4] -> [0, 0, 5, 3, 1, 4, 8]
MultithreadBFS: 20.33 ms, [] -> [1] -> [1, 5] -> [1, 5, 5] -> [1, 5, 5, 9] -> [1, 5, 5, 9, 8] -> [1, 5, 5, 9, 8, 0] -> [1, 5, 5, 9, 8, 0, 0]
AsyncStartBFS: 9.91 ms, [] -> [0] -> [0, 7] -> [0, 7, 6] -> [0, 7, 6, 6] -> [0, 7, 6, 6, 3] -> [0, 7, 6, 6, 3, 2] -> [0, 7, 6, 6, 3, 2, 5]

problem_28.yaml
MultithreadBFS: 19.14 ms, [] -> [1] -> [1, 4] -> [1, 4, 6] -> [1, 4, 6, 2] -> [1, 4, 6, 2, 4] -> [1, 4, 6, 2, 4, 9] -> [1, 4, 6, 2, 4, 9, 6]
TasksBFS: 51.48 ms, [] -> [2] -> [2, 0] -> [2, 0, 3] -> [2, 0, 3, 2] -> [2, 0, 3, 2, 0] -> [2, 0, 3, 2, 0, 5] -> [2, 0, 3, 2, 0, 5, 2]
AsyncStartBFS: 28.22 ms, [] -> [4] -> [4, 6] -> [4, 6, 0] -> [4, 6, 0, 8] -> [4, 6, 0, 8, 3] -> [4, 6, 0, 8, 3, 5] -> [4, 6, 0, 8, 3, 5, 5]
SyncBFS: 282.33 ms, [] -> [0] -> [0, 5] -> [0, 5, 8] -> [0, 5, 8, 7] -> [0, 5, 8, 7, 8] -> [0, 5, 8, 7, 8, 3] -> [0, 5, 8, 7, 8, 3, 4]


[INFO] Results summary:
TasksBFS
	Average: 37.209 ms
	Median: 37.525 ms
	Standard Deviation: 9.07285 ms
MultithreadBFS
	Average: 19.8952 ms
	Median: 18.895 ms
	Standard Deviation: 3.98174 ms
AsyncStartBFS
	Average: 13.404 ms
	Median: 11.885 ms
	Standard Deviation: 5.60997 ms
SyncBFS
	Average: 201.611 ms
	Median: 203.005 ms
	Standard Deviation: 45.2224 ms
