problem_49.yaml
SyncBFS: 639.29 ms, No solution found!
MultithreadBFS: 215.61 ms, No solution found!
TasksBFS: 87.5 ms, No solution found!
AsyncStartBFS: 78.43 ms, No solution found!

problem_48.yaml
AsyncStartBFS: 0.04 ms, [] -> [2] -> [2, 0] -> [2, 0, 2] -> [2, 0, 2, 3] -> [2, 0, 2, 3, 0]
MultithreadBFS: 333.51 ms, [] -> [2] -> [2, 0] -> [2, 0, 2] -> [2, 0, 2, 3] -> [2, 0, 2, 3, 0]
SyncBFS: 0.02 ms, [] -> [2] -> [2, 0] -> [2, 0, 2] -> [2, 0, 2, 3] -> [2, 0, 2, 3, 0]
TasksBFS: 0.04 ms, [] -> [2] -> [2, 0] -> [2, 0, 2] -> [2, 0, 2, 3] -> [2, 0, 2, 3, 0]

problem_45.yaml
MultithreadBFS: 48.79 ms, No solution found!
SyncBFS: 96.71 ms, No solution found!
AsyncStartBFS: 11.84 ms, No solution found!
TasksBFS: 13.11 ms, No solution found!

problem_43.yaml
MultithreadBFS: 0.39 ms, [] -> [3] -> [3, 2] -> [3, 2, 2] -> [3, 2, 2, 3] -> [3, 2, 2, 3, 1]
SyncBFS: 0.11 ms, [] -> [3] -> [3, 2] -> [3, 2, 2] -> [3, 2, 2, 3] -> [3, 2, 2, 3, 1]
AsyncStartBFS: 1.19 ms, [] -> [3] -> [3, 2] -> [3, 2, 2] -> [3, 2, 2, 3] -> [3, 2, 2, 3, 1]
TasksBFS: 0.45 ms, [] -> [3] -> [3, 2] -> [3, 2, 2] -> [3, 2, 2, 3] -> [3, 2, 2, 3, 1]

problem_41.yaml
MultithreadBFS: 149.57 ms, No solution found!
SyncBFS: 261.86 ms, No solution found!
AsyncStartBFS: 26.86 ms, No solution found!
TasksBFS: 27.58 ms, No solution found!

problem_39.yaml
AsyncStartBFS: 1.23 ms, [] -> [1] -> [1, 2] -> [1, 2, 4] -> [1, 2, 4, 3] -> [1, 2, 4, 3, 5]
TasksBFS: 0.36 ms, [] -> [1] -> [1, 2] -> [1, 2, 4] -> [1, 2, 4, 3] -> [1, 2, 4, 3, 5]
MultithreadBFS: 0.3 ms, [] -> [1] -> [1, 2] -> [1, 2, 4] -> [1, 2, 4, 3] -> [1, 2, 4, 3, 5]
SyncBFS: 0.1 ms, [] -> [1] -> [1, 2] -> [1, 2, 4] -> [1, 2, 4, 3] -> [1, 2, 4, 3, 5]

problem_38.yaml
SyncBFS: 0.04 ms, [] -> [4] -> [4, 0] -> [4, 0, 4] -> [4, 0, 4, 0] -> [4, 0, 4, 0, 2]
AsyncStartBFS: 751.29 ms, [] -> [5] -> [5, 5] -> [5, 5, 4] -> [5, 5, 4, 2] -> [5, 5, 4, 2, 3]
TasksBFS: 0.41 ms, [] -> [5] -> [5, 5] -> [5, 5, 4] -> [5, 5, 4, 2] -> [5, 5, 4, 2, 3]
MultithreadBFS: 0.53 ms, [] -> [4] -> [4, 0] -> [4, 0, 4] -> [4, 0, 4, 0] -> [4, 0, 4, 0, 2]

problem_36.yaml
MultithreadBFS: 101.5 ms, No solution found!
TasksBFS: 26.25 ms, No solution found!
SyncBFS: 190.3 ms, No solution found!
AsyncStartBFS: 22.44 ms, No solution found!

problem_44.yaml
SyncBFS: 0.16 ms, [] -> [1] -> [1, 5] -> [1, 5, 3] -> [1, 5, 3, 1] -> [1, 5, 3, 1, 2]
AsyncStartBFS: 2.1 ms, [] -> [1] -> [1, 5] -> [1, 5, 3] -> [1, 5, 3, 1] -> [1, 5, 3, 1, 2]
MultithreadBFS: 7.95 ms, [] -> [4] -> [4, 4] -> [4, 4, 0] -> [4, 4, 0, 4] -> [4, 4, 0, 4, 0]
TasksBFS: 0.58 ms, [] -> [4] -> [4, 4] -> [4, 4, 0] -> [4, 4, 0, 4] -> [4, 4, 0, 4, 0]

problem_35.yaml
AsyncStartBFS: 0.02 ms, [] -> [5] -> [5, 5] -> [5, 5, 2] -> [5, 5, 2, 0] -> [5, 5, 2, 0, 5]
SyncBFS: 0.01 ms, [] -> [5] -> [5, 5] -> [5, 5, 2] -> [5, 5, 2, 0] -> [5, 5, 2, 0, 5]
TasksBFS: 0.01 ms, [] -> [5] -> [5, 5] -> [5, 5, 2] -> [5, 5, 2, 0] -> [5, 5, 2, 0, 5]
MultithreadBFS: 0.03 ms, [] -> [5] -> [5, 5] -> [5, 5, 2] -> [5, 5, 2, 0] -> [5, 5, 2, 0, 5]

problem_46.yaml
SyncBFS: 787.09 ms, No solution found!
AsyncStartBFS: 76.44 ms, No solution found!
TasksBFS: 103.12 ms, No solution found!
MultithreadBFS: 483.02 ms, No solution found!

problem_34.yaml
TasksBFS: 0.57 ms, [] -> [3] -> [3, 1] -> [3, 1, 0] -> [3, 1, 0, 3] -> [3, 1, 0, 3, 5]
AsyncStartBFS: 2.06 ms, [] -> [2] -> [2, 2] -> [2, 2, 4] -> [2, 2, 4, 0] -> [2, 2, 4, 0, 3]
SyncBFS: 0.19 ms, [] -> [2] -> [2, 2] -> [2, 2, 4] -> [2, 2, 4, 0] -> [2, 2, 4, 0, 3]
MultithreadBFS: 0.84 ms, [] -> [2] -> [2, 2] -> [2, 2, 4] -> [2, 2, 4, 0] -> [2, 2, 4, 0, 3]

problem_32.yaml
AsyncStartBFS: 1.36 ms, [] -> [0] -> [0, 3] -> [0, 3, 3] -> [0, 3, 3, 0] -> [0, 3, 3, 0, 3]
MultithreadBFS: 12.5 ms, [] -> [0] -> [0, 3] -> [0, 3, 3] -> [0, 3, 3, 0] -> [0, 3, 3, 0, 3]
TasksBFS: 0.58 ms, [] -> [0] -> [0, 3] -> [0, 3, 3] -> [0, 3, 3, 0] -> [0, 3, 3, 0, 3]
SyncBFS: 0.12 ms, [] -> [0] -> [0, 3] -> [0, 3, 3] -> [0, 3, 3, 0] -> [0, 3, 3, 0, 3]

problem_31.yaml
SyncBFS: 392.08 ms, No solution found!
MultithreadBFS: 277.7 ms, No solution found!
AsyncStartBFS: 44.48 ms, No solution found!
TasksBFS: 60.13 ms, No solution found!

problem_30.yaml
SyncBFS: 0.18 ms, [] -> [1] -> [1, 3] -> [1, 3, 4] -> [1, 3, 4, 2] -> [1, 3, 4, 2, 1]
MultithreadBFS: 0.75 ms, [] -> [1] -> [1, 3] -> [1, 3, 5] -> [1, 3, 5, 1] -> [1, 3, 5, 1, 3]
TasksBFS: 0.39 ms, [] -> [1] -> [1, 3] -> [1, 3, 4] -> [1, 3, 4, 4] -> [1, 3, 4, 4, 0]
AsyncStartBFS: 9.84 ms, [] -> [5] -> [5, 3] -> [5, 3, 0] -> [5, 3, 0, 0] -> [5, 3, 0, 0, 3]

problem_10.yaml
MultithreadBFS: 133.24 ms, No solution found!
SyncBFS: 240.91 ms, No solution found!
TasksBFS: 31.82 ms, No solution found!
AsyncStartBFS: 29.68 ms, No solution found!

problem_09.yaml
MultithreadBFS: 177.1 ms, No solution found!
SyncBFS: 424.68 ms, No solution found!
AsyncStartBFS: 51.17 ms, No solution found!
TasksBFS: 49.28 ms, No solution found!

problem_12.yaml
MultithreadBFS: 142.52 ms, No solution found!
SyncBFS: 277.14 ms, No solution found!
AsyncStartBFS: 31.9 ms, No solution found!
TasksBFS: 35.86 ms, No solution found!

problem_47.yaml
MultithreadBFS: 235.4 ms, No solution found!
TasksBFS: 57.86 ms, No solution found!
AsyncStartBFS: 54.5 ms, No solution found!
SyncBFS: 447.92 ms, No solution found!

problem_11.yaml
MultithreadBFS: 0.49 ms, [] -> [1] -> [1, 3] -> [1, 3, 3] -> [1, 3, 3, 3] -> [1, 3, 3, 3, 2]
AsyncStartBFS: 1.22 ms, [] -> [1] -> [1, 3] -> [1, 3, 3] -> [1, 3, 3, 3] -> [1, 3, 3, 3, 2]
TasksBFS: 0.34 ms, [] -> [2] -> [2, 3] -> [2, 3, 1] -> [2, 3, 1, 4] -> [2, 3, 1, 4, 3]
SyncBFS: 0.11 ms, [] -> [1] -> [1, 3] -> [1, 3, 3] -> [1, 3, 3, 3] -> [1, 3, 3, 3, 2]

problem_01.yaml
MultithreadBFS: 0.4 ms, [] -> [5] -> [5, 2] -> [5, 2, 3] -> [5, 2, 3, 0] -> [5, 2, 3, 0, 3]
TasksBFS: 0.32 ms, [] -> [1] -> [1, 4] -> [1, 4, 2] -> [1, 4, 2, 1] -> [1, 4, 2, 1, 2]
SyncBFS: 0.06 ms, [] -> [1] -> [1, 4] -> [1, 4, 2] -> [1, 4, 2, 1] -> [1, 4, 2, 1, 2]
AsyncStartBFS: 1.22 ms, [] -> [5] -> [5, 2] -> [5, 2, 3] -> [5, 2, 3, 0] -> [5, 2, 3, 0, 3]

problem_08.yaml
SyncBFS: 125.17 ms, No solution found!
AsyncStartBFS: 13.78 ms, No solution found!
MultithreadBFS: 57.69 ms, No solution found!
TasksBFS: 18.33 ms, No solution found!

problem_06.yaml
SyncBFS: 0.06 ms, [] -> [0] -> [0, 4] -> [0, 4, 0] -> [0, 4, 0, 3] -> [0, 4, 0, 3, 3]
MultithreadBFS: 2.68 ms, [] -> [0] -> [0, 4] -> [0, 4, 0] -> [0, 4, 0, 3] -> [0, 4, 0, 3, 3]
TasksBFS: 0.52 ms, [] -> [0] -> [0, 4] -> [0, 4, 0] -> [0, 4, 0, 3] -> [0, 4, 0, 3, 3]
AsyncStartBFS: 15.67 ms, [] -> [0] -> [0, 4] -> [0, 4, 0] -> [0, 4, 0, 3] -> [0, 4, 0, 3, 3]

problem_19.yaml
SyncBFS: 1.56 ms, [] -> [2] -> [2, 2] -> [2, 2, 5] -> [2, 2, 5, 2] -> [2, 2, 5, 2, 1]
MultithreadBFS: 1.73 ms, [] -> [2] -> [2, 2] -> [2, 2, 5] -> [2, 2, 5, 2] -> [2, 2, 5, 2, 1]
TasksBFS: 0.42 ms, [] -> [2] -> [2, 2] -> [2, 2, 5] -> [2, 2, 5, 2] -> [2, 2, 5, 2, 1]
AsyncStartBFS: 1.2 ms, [] -> [2] -> [2, 2] -> [2, 2, 5] -> [2, 2, 5, 2] -> [2, 2, 5, 2, 1]

problem_40.yaml
SyncBFS: 443.29 ms, No solution found!
MultithreadBFS: 214.8 ms, No solution found!
TasksBFS: 62.87 ms, No solution found!
AsyncStartBFS: 60.69 ms, No solution found!

problem_04.yaml
AsyncStartBFS: 23.71 ms, No solution found!
SyncBFS: 229.63 ms, No solution found!
MultithreadBFS: 123.65 ms, No solution found!
TasksBFS: 32.45 ms, No solution found!

problem_33.yaml
AsyncStartBFS: 1.2 ms, [] -> [5] -> [5, 0] -> [5, 0, 5] -> [5, 0, 5, 0] -> [5, 0, 5, 0, 1]
TasksBFS: 0.37 ms, [] -> [1] -> [1, 2] -> [1, 2, 4] -> [1, 2, 4, 0] -> [1, 2, 4, 0, 3]
SyncBFS: 0.2 ms, [] -> [1] -> [1, 2] -> [1, 2, 4] -> [1, 2, 4, 0] -> [1, 2, 4, 0, 3]
MultithreadBFS: 0.32 ms, [] -> [5] -> [5, 0] -> [5, 0, 5] -> [5, 0, 5, 0] -> [5, 0, 5, 0, 1]

problem_21.yaml
TasksBFS: 61.14 ms, No solution found!
AsyncStartBFS: 57.21 ms, No solution found!
MultithreadBFS: 284.4 ms, No solution found!
SyncBFS: 457.57 ms, No solution found!

problem_24.yaml
AsyncStartBFS: 49.87 ms, No solution found!
SyncBFS: 463.64 ms, No solution found!
MultithreadBFS: 243.54 ms, No solution found!
TasksBFS: 55.79 ms, No solution found!

problem_03.yaml
TasksBFS: 0.38 ms, [] -> [2] -> [2, 1] -> [2, 1, 0] -> [2, 1, 0, 0] -> [2, 1, 0, 0, 2]
AsyncStartBFS: 1.19 ms, [] -> [2] -> [2, 1] -> [2, 1, 0] -> [2, 1, 0, 0] -> [2, 1, 0, 0, 2]
SyncBFS: 0.1 ms, [] -> [2] -> [2, 1] -> [2, 1, 0] -> [2, 1, 0, 0] -> [2, 1, 0, 0, 2]
MultithreadBFS: 0.44 ms, [] -> [2] -> [2, 1] -> [2, 1, 0] -> [2, 1, 0, 3] -> [2, 1, 0, 3, 0]

problem_07.yaml
TasksBFS: 0.43 ms, [] -> [4] -> [4, 1] -> [4, 1, 5] -> [4, 1, 5, 2] -> [4, 1, 5, 2, 2]
AsyncStartBFS: 1.24 ms, [] -> [0] -> [0, 3] -> [0, 3, 4] -> [0, 3, 4, 2] -> [0, 3, 4, 2, 4]
SyncBFS: 0.13 ms, [] -> [0] -> [0, 3] -> [0, 3, 4] -> [0, 3, 4, 2] -> [0, 3, 4, 2, 4]
MultithreadBFS: 0.45 ms, [] -> [0] -> [0, 3] -> [0, 3, 4] -> [0, 3, 4, 2] -> [0, 3, 4, 2, 4]

problem_42.yaml
AsyncStartBFS: 1.32 ms, [] -> [3] -> [3, 0] -> [3, 0, 0] -> [3, 0, 0, 1] -> [3, 0, 0, 1, 3]
SyncBFS: 0.14 ms, [] -> [3] -> [3, 0] -> [3, 0, 0] -> [3, 0, 0, 1] -> [3, 0, 0, 1, 3]
TasksBFS: 0.4 ms, [] -> [3] -> [3, 0] -> [3, 0, 0] -> [3, 0, 0, 1] -> [3, 0, 0, 1, 3]
MultithreadBFS: 0.43 ms, [] -> [3] -> [3, 0] -> [3, 0, 0] -> [3, 0, 0, 1] -> [3, 0, 0, 1, 3]

problem_02.yaml
SyncBFS: 0.05 ms, [] -> [2] -> [2, 2] -> [2, 2, 4] -> [2, 2, 4, 3] -> [2, 2, 4, 3, 4]
TasksBFS: 116.77 ms, [] -> [2] -> [2, 2] -> [2, 2, 4] -> [2, 2, 4, 3] -> [2, 2, 4, 3, 4]
MultithreadBFS: 0.46 ms, [] -> [2] -> [2, 5] -> [2, 5, 4] -> [2, 5, 4, 4] -> [2, 5, 4, 4, 5]
AsyncStartBFS: 1.23 ms, [] -> [2] -> [2, 5] -> [2, 5, 4] -> [2, 5, 4, 4] -> [2, 5, 4, 4, 5]

problem_29.yaml
TasksBFS: 3.82 ms, No solution found!
MultithreadBFS: 15.63 ms, No solution found!
SyncBFS: 25.72 ms, No solution found!
AsyncStartBFS: 4.59 ms, No solution found!

problem_00.yaml
AsyncStartBFS: 21.9 ms, [] -> [1] -> [1, 1] -> [1, 1, 1] -> [1, 1, 1, 2] -> [1, 1, 1, 2, 5]
SyncBFS: 0.08 ms, [] -> [1] -> [1, 1] -> [1, 1, 1] -> [1, 1, 1, 2] -> [1, 1, 1, 2, 5]
MultithreadBFS: 0.67 ms, [] -> [1] -> [1, 1] -> [1, 1, 1] -> [1, 1, 1, 2] -> [1, 1, 1, 2, 5]
TasksBFS: 0.44 ms, [] -> [1] -> [1, 1] -> [1, 1, 1] -> [1, 1, 1, 2] -> [1, 1, 1, 2, 5]

problem_13.yaml
MultithreadBFS: 247.33 ms, No solution found!
TasksBFS: 62.47 ms, No solution found!
AsyncStartBFS: 64.68 ms, No solution found!
SyncBFS: 453.95 ms, No solution found!

problem_16.yaml
AsyncStartBFS: 29.81 ms, No solution found!
SyncBFS: 277.4 ms, No solution found!
MultithreadBFS: 175.45 ms, No solution found!
TasksBFS: 34.24 ms, No solution found!

problem_20.yaml
TasksBFS: 27.01 ms, No solution found!
AsyncStartBFS: 24.95 ms, No solution found!
MultithreadBFS: 94.04 ms, No solution found!
SyncBFS: 174.77 ms, No solution found!

problem_18.yaml
TasksBFS: 0.4 ms, [] -> [4] -> [4, 0] -> [4, 0, 1] -> [4, 0, 1, 4] -> [4, 0, 1, 4, 3]
AsyncStartBFS: 1.34 ms, [] -> [4] -> [4, 4] -> [4, 4, 2] -> [4, 4, 2, 5] -> [4, 4, 2, 5, 0]
SyncBFS: 0.09 ms, [] -> [4] -> [4, 0] -> [4, 0, 1] -> [4, 0, 1, 4] -> [4, 0, 1, 4, 3]
MultithreadBFS: 0.37 ms, [] -> [4] -> [4, 4] -> [4, 4, 2] -> [4, 4, 2, 5] -> [4, 4, 2, 5, 0]

problem_05.yaml
SyncBFS: 0.06 ms, [] -> [3] -> [3, 3] -> [3, 3, 4] -> [3, 3, 4, 4] -> [3, 3, 4, 4, 3]
MultithreadBFS: 3.21 ms, [] -> [3] -> [3, 3] -> [3, 3, 4] -> [3, 3, 4, 4] -> [3, 3, 4, 4, 3]
TasksBFS: 0.49 ms, [] -> [3] -> [3, 3] -> [3, 3, 4] -> [3, 3, 4, 4] -> [3, 3, 4, 4, 3]
AsyncStartBFS: 9 ms, [] -> [3] -> [3, 3] -> [3, 3, 4] -> [3, 3, 4, 4] -> [3, 3, 4, 4, 3]

problem_15.yaml
TasksBFS: 0.42 ms, [] -> [3] -> [3, 4] -> [3, 4, 1] -> [3, 4, 1, 1] -> [3, 4, 1, 1, 1]
MultithreadBFS: 0.35 ms, [] -> [5] -> [5, 2] -> [5, 2, 3] -> [5, 2, 3, 3] -> [5, 2, 3, 3, 4]
SyncBFS: 0.2 ms, [] -> [3] -> [3, 4] -> [3, 4, 1] -> [3, 4, 1, 1] -> [3, 4, 1, 1, 1]
AsyncStartBFS: 1.21 ms, [] -> [5] -> [5, 2] -> [5, 2, 3] -> [5, 2, 3, 3] -> [5, 2, 3, 3, 4]

problem_17.yaml
AsyncStartBFS: 24.4 ms, No solution found!
SyncBFS: 246.13 ms, No solution found!
MultithreadBFS: 135.39 ms, No solution found!
TasksBFS: 28.84 ms, No solution found!

problem_37.yaml
MultithreadBFS: 0 ms, No solution found!
TasksBFS: 0.55 ms, No solution found!
SyncBFS: 0 ms, No solution found!
AsyncStartBFS: 0 ms, No solution found!

problem_22.yaml
AsyncStartBFS: 1.48 ms, [] -> [4] -> [4, 5] -> [4, 5, 4] -> [4, 5, 4, 0] -> [4, 5, 4, 0, 3]
SyncBFS: 0.08 ms, [] -> [1] -> [1, 2] -> [1, 2, 1] -> [1, 2, 1, 1] -> [1, 2, 1, 1, 0]
TasksBFS: 0.35 ms, [] -> [1] -> [1, 2] -> [1, 2, 2] -> [1, 2, 2, 4] -> [1, 2, 2, 4, 4]
MultithreadBFS: 0.37 ms, [] -> [4] -> [4, 5] -> [4, 5, 4] -> [4, 5, 4, 0] -> [4, 5, 4, 0, 3]

problem_23.yaml
TasksBFS: 0.41 ms, [] -> [3] -> [3, 2] -> [3, 2, 0] -> [3, 2, 0, 4] -> [3, 2, 0, 4, 0]
MultithreadBFS: 0.72 ms, [] -> [3] -> [3, 2] -> [3, 2, 0] -> [3, 2, 0, 4] -> [3, 2, 0, 4, 0]
SyncBFS: 0.22 ms, [] -> [3] -> [3, 2] -> [3, 2, 0] -> [3, 2, 0, 4] -> [3, 2, 0, 4, 0]
AsyncStartBFS: 4.28 ms, [] -> [3] -> [3, 2] -> [3, 2, 0] -> [3, 2, 0, 4] -> [3, 2, 0, 4, 0]

problem_25.yaml
AsyncStartBFS: 1.34 ms, [] -> [3] -> [3, 1] -> [3, 1, 5] -> [3, 1, 5, 1] -> [3, 1, 5, 1, 2]
TasksBFS: 0.43 ms, [] -> [3] -> [3, 3] -> [3, 3, 5] -> [3, 3, 5, 3] -> [3, 3, 5, 3, 4]
MultithreadBFS: 0.45 ms, [] -> [3] -> [3, 1] -> [3, 1, 5] -> [3, 1, 5, 1] -> [3, 1, 5, 1, 2]
SyncBFS: 0.12 ms, [] -> [3] -> [3, 1] -> [3, 1, 5] -> [3, 1, 5, 1] -> [3, 1, 5, 1, 2]

problem_27.yaml
MultithreadBFS: 191.88 ms, No solution found!
SyncBFS: 292.31 ms, No solution found!
TasksBFS: 31.29 ms, No solution found!
AsyncStartBFS: 32.54 ms, No solution found!

problem_26.yaml
MultithreadBFS: 0 ms, No solution found!
AsyncStartBFS: 0 ms, No solution found!
TasksBFS: 0.54 ms, No solution found!
SyncBFS: 0 ms, No solution found!

problem_14.yaml
TasksBFS: 0.84 ms, [] -> [2] -> [2, 0] -> [2, 0, 4] -> [2, 0, 4, 5] -> [2, 0, 4, 5, 4]
SyncBFS: 0.14 ms, [] -> [2] -> [2, 0] -> [2, 0, 4] -> [2, 0, 4, 5] -> [2, 0, 4, 5, 4]
MultithreadBFS: 0.59 ms, [] -> [2] -> [2, 2] -> [2, 2, 3] -> [2, 2, 3, 5] -> [2, 2, 3, 5, 0]
AsyncStartBFS: 1.21 ms, [] -> [2] -> [2, 2] -> [2, 2, 3] -> [2, 2, 3, 5] -> [2, 2, 3, 5, 0]

problem_28.yaml
SyncBFS: 0.03 ms, [] -> [3] -> [3, 4] -> [3, 4, 4] -> [3, 4, 4, 3] -> [3, 4, 4, 3, 3]
TasksBFS: 0.85 ms, [] -> [3] -> [3, 4] -> [3, 4, 4] -> [3, 4, 4, 3] -> [3, 4, 4, 3, 3]
MultithreadBFS: 0.68 ms, [] -> [3] -> [3, 4] -> [3, 4, 4] -> [3, 4, 4, 3] -> [3, 4, 4, 3, 3]
AsyncStartBFS: 5.08 ms, [] -> [3] -> [3, 4] -> [3, 4, 4] -> [3, 4, 4, 3] -> [3, 4, 4, 3, 3]


[INFO] Results summary:
TasksBFS
	Average: 20.7964 ms
	Median: 0.58 ms
	Standard Deviation: 29.4757 ms
MultithreadBFS
	Average: 82.3972 ms
	Median: 2.945 ms
	Standard Deviation: 114.014 ms
SyncBFS
	Average: 139.038 ms
	Median: 0.195 ms
	Standard Deviation: 199.74 ms
AsyncStartBFS
	Average: 33.1086 ms
	Median: 7.04 ms
	Standard Deviation: 104.976 ms
