problem_49.yaml
TasksBFS: 0.33 ms, [] -> [0] -> [0, 1] -> [0, 1, 2] -> [0, 1, 2, 1] -> [0, 1, 2, 1, 0]
MultithreadBFS: 0.31 ms, [] -> [0] -> [0, 3] -> [0, 3, 3] -> [0, 3, 3, 3] -> [0, 3, 3, 3, 2]
SyncBFS: 0.07 ms, [] -> [0] -> [0, 0] -> [0, 0, 0] -> [0, 0, 0, 1] -> [0, 0, 0, 1, 1]
AsyncStartBFS: 1.08 ms, [] -> [0] -> [0, 3] -> [0, 3, 3] -> [0, 3, 3, 2] -> [0, 3, 3, 2, 1]

problem_48.yaml
TasksBFS: 0.39 ms, [] -> [0] -> [0, 1] -> [0, 1, 2] -> [0, 1, 2, 0] -> [0, 1, 2, 0, 2]
MultithreadBFS: 0.33 ms, [] -> [0] -> [0, 1] -> [0, 1, 2] -> [0, 1, 2, 3] -> [0, 1, 2, 3, 2]
AsyncStartBFS: 1.2 ms, [] -> [0] -> [0, 1] -> [0, 1, 2] -> [0, 1, 2, 3] -> [0, 1, 2, 3, 2]
SyncBFS: 0.11 ms, [] -> [0] -> [0, 0] -> [0, 0, 2] -> [0, 0, 2, 0] -> [0, 0, 2, 0, 0]

problem_45.yaml
AsyncStartBFS: 0.03 ms, [] -> [1] -> [1, 0] -> [1, 0, 0] -> [1, 0, 0, 2] -> [1, 0, 0, 2, 0]
MultithreadBFS: 0.4 ms, [] -> [1] -> [1, 0] -> [1, 0, 0] -> [1, 0, 0, 2] -> [1, 0, 0, 2, 0]
TasksBFS: 0.01 ms, [] -> [1] -> [1, 0] -> [1, 0, 0] -> [1, 0, 0, 2] -> [1, 0, 0, 2, 0]
SyncBFS: 0 ms, [] -> [1] -> [1, 0] -> [1, 0, 0] -> [1, 0, 0, 2] -> [1, 0, 0, 2, 0]

problem_43.yaml
MultithreadBFS: 0.39 ms, [] -> [0] -> [0, 3] -> [0, 3, 0] -> [0, 3, 0, 0] -> [0, 3, 0, 0, 1]
TasksBFS: 0.33 ms, [] -> [0] -> [0, 0] -> [0, 0, 3] -> [0, 0, 3, 1] -> [0, 0, 3, 1, 2]
SyncBFS: 0.07 ms, [] -> [0] -> [0, 0] -> [0, 0, 1] -> [0, 0, 1, 0] -> [0, 0, 1, 0, 0]
AsyncStartBFS: 1.12 ms, [] -> [0] -> [0, 2] -> [0, 2, 2] -> [0, 2, 2, 3] -> [0, 2, 2, 3, 0]

problem_41.yaml
TasksBFS: 0.04 ms, [] -> [0] -> [0, 0] -> [0, 0, 0] -> [0, 0, 0, 0] -> [0, 0, 0, 0, 1]
AsyncStartBFS: 0.02 ms, [] -> [0] -> [0, 0] -> [0, 0, 0] -> [0, 0, 0, 0] -> [0, 0, 0, 0, 1]
MultithreadBFS: 306.27 ms, [] -> [0] -> [0, 0] -> [0, 0, 0] -> [0, 0, 0, 0] -> [0, 0, 0, 0, 1]
SyncBFS: 0.02 ms, [] -> [0] -> [0, 0] -> [0, 0, 0] -> [0, 0, 0, 0] -> [0, 0, 0, 0, 1]

problem_39.yaml
TasksBFS: 0.32 ms, [] -> [0] -> [0, 2] -> [0, 2, 2] -> [0, 2, 2, 3] -> [0, 2, 2, 3, 2]
AsyncStartBFS: 1.14 ms, [] -> [0] -> [0, 3] -> [0, 3, 0] -> [0, 3, 0, 2] -> [0, 3, 0, 2, 0]
MultithreadBFS: 0.31 ms, [] -> [0] -> [0, 3] -> [0, 3, 0] -> [0, 3, 0, 2] -> [0, 3, 0, 2, 0]
SyncBFS: 0.08 ms, [] -> [0] -> [0, 1] -> [0, 1, 0] -> [0, 1, 0, 0] -> [0, 1, 0, 0, 2]

problem_38.yaml
AsyncStartBFS: 0.03 ms, [] -> [0] -> [0, 2] -> [0, 2, 0] -> [0, 2, 0, 0] -> [0, 2, 0, 0, 0]
MultithreadBFS: 0.92 ms, [] -> [0] -> [0, 2] -> [0, 2, 0] -> [0, 2, 0, 0] -> [0, 2, 0, 0, 0]
TasksBFS: 0.03 ms, [] -> [0] -> [0, 2] -> [0, 2, 0] -> [0, 2, 0, 0] -> [0, 2, 0, 0, 0]
SyncBFS: 0.02 ms, [] -> [0] -> [0, 2] -> [0, 2, 0] -> [0, 2, 0, 0] -> [0, 2, 0, 0, 0]

problem_36.yaml
TasksBFS: 0.03 ms, [] -> [2] -> [2, 0] -> [2, 0, 2] -> [2, 0, 2, 0] -> [2, 0, 2, 0, 0]
AsyncStartBFS: 0.02 ms, [] -> [2] -> [2, 0] -> [2, 0, 2] -> [2, 0, 2, 0] -> [2, 0, 2, 0, 0]
MultithreadBFS: 0.87 ms, [] -> [2] -> [2, 0] -> [2, 0, 2] -> [2, 0, 2, 0] -> [2, 0, 2, 0, 0]
SyncBFS: 0.02 ms, [] -> [2] -> [2, 0] -> [2, 0, 2] -> [2, 0, 2, 0] -> [2, 0, 2, 0, 0]

problem_44.yaml
TasksBFS: 0.37 ms, [] -> [1] -> [1, 0] -> [1, 0, 1] -> [1, 0, 1, 1] -> [1, 0, 1, 1, 0]
AsyncStartBFS: 1.15 ms, [] -> [2] -> [2, 3] -> [2, 3, 1] -> [2, 3, 1, 1] -> [2, 3, 1, 1, 1]
MultithreadBFS: 0.36 ms, [] -> [2] -> [2, 3] -> [2, 3, 1] -> [2, 3, 1, 2] -> [2, 3, 1, 2, 1]
SyncBFS: 0.07 ms, [] -> [1] -> [1, 0] -> [1, 0, 0] -> [1, 0, 0, 0] -> [1, 0, 0, 0, 0]

problem_35.yaml
MultithreadBFS: 0.58 ms, [] -> [1] -> [1, 0] -> [1, 0, 3] -> [1, 0, 3, 3] -> [1, 0, 3, 3, 0]
TasksBFS: 0.33 ms, [] -> [1] -> [1, 0] -> [1, 0, 1] -> [1, 0, 1, 3] -> [1, 0, 1, 3, 0]
AsyncStartBFS: 1.1 ms, [] -> [1] -> [1, 0] -> [1, 0, 1] -> [1, 0, 1, 3] -> [1, 0, 1, 3, 0]
SyncBFS: 0.1 ms, [] -> [1] -> [1, 0] -> [1, 0, 0] -> [1, 0, 0, 1] -> [1, 0, 0, 1, 1]

problem_46.yaml
SyncBFS: 0.03 ms, [] -> [0] -> [0, 0] -> [0, 0, 2] -> [0, 0, 2, 0] -> [0, 0, 2, 0, 0]
AsyncStartBFS: 4.38 ms, [] -> [1] -> [1, 1] -> [1, 1, 0] -> [1, 1, 0, 0] -> [1, 1, 0, 0, 0]
TasksBFS: 0.54 ms, [] -> [0] -> [0, 1] -> [0, 1, 0] -> [0, 1, 0, 2] -> [0, 1, 0, 2, 0]
MultithreadBFS: 0.35 ms, [] -> [1] -> [1, 1] -> [1, 1, 0] -> [1, 1, 0, 1] -> [1, 1, 0, 1, 0]

problem_34.yaml
AsyncStartBFS: 0.02 ms, [] -> [0] -> [0, 1] -> [0, 1, 2] -> [0, 1, 2, 1] -> [0, 1, 2, 1, 1]
MultithreadBFS: 0.29 ms, [] -> [0] -> [0, 1] -> [0, 1, 2] -> [0, 1, 2, 1] -> [0, 1, 2, 1, 1]
TasksBFS: 0.01 ms, [] -> [0] -> [0, 1] -> [0, 1, 2] -> [0, 1, 2, 1] -> [0, 1, 2, 1, 1]
SyncBFS: 0 ms, [] -> [0] -> [0, 1] -> [0, 1, 2] -> [0, 1, 2, 1] -> [0, 1, 2, 1, 1]

problem_32.yaml
AsyncStartBFS: 1.21 ms, [] -> [3] -> [3, 1] -> [3, 1, 3] -> [3, 1, 3, 3] -> [3, 1, 3, 3, 2]
SyncBFS: 0.04 ms, [] -> [0] -> [0, 0] -> [0, 0, 2] -> [0, 0, 2, 1] -> [0, 0, 2, 1, 0]
TasksBFS: 0.33 ms, [] -> [0] -> [0, 2] -> [0, 2, 1] -> [0, 2, 1, 3] -> [0, 2, 1, 3, 1]
MultithreadBFS: 0.3 ms, [] -> [3] -> [3, 1] -> [3, 1, 3] -> [3, 1, 3, 0] -> [3, 1, 3, 0, 1]

problem_31.yaml
SyncBFS: 0.05 ms, [] -> [0] -> [0, 1] -> [0, 1, 2] -> [0, 1, 2, 2] -> [0, 1, 2, 2, 0]
TasksBFS: 16.12 ms, [] -> [0] -> [0, 1] -> [0, 1, 2] -> [0, 1, 2, 2] -> [0, 1, 2, 2, 0]
AsyncStartBFS: 1.15 ms, [] -> [0] -> [0, 2] -> [0, 2, 0] -> [0, 2, 0, 3] -> [0, 2, 0, 3, 1]
MultithreadBFS: 0.33 ms, [] -> [0] -> [0, 2] -> [0, 2, 1] -> [0, 2, 1, 0] -> [0, 2, 1, 0, 0]

problem_30.yaml
AsyncStartBFS: 1.36 ms, [] -> [0] -> [0, 2] -> [0, 2, 1] -> [0, 2, 1, 2] -> [0, 2, 1, 2, 0]
SyncBFS: 0.08 ms, [] -> [0] -> [0, 0] -> [0, 0, 1] -> [0, 0, 1, 0] -> [0, 0, 1, 0, 0]
TasksBFS: 0.36 ms, [] -> [0] -> [0, 0] -> [0, 0, 2] -> [0, 0, 2, 2] -> [0, 0, 2, 2, 2]
MultithreadBFS: 0.3 ms, [] -> [0] -> [0, 2] -> [0, 2, 1] -> [0, 2, 1, 3] -> [0, 2, 1, 3, 0]

problem_10.yaml
AsyncStartBFS: 0.03 ms, [] -> [0] -> [0, 1] -> [0, 1, 1] -> [0, 1, 1, 1] -> [0, 1, 1, 1, 0]
TasksBFS: 0.02 ms, [] -> [0] -> [0, 1] -> [0, 1, 1] -> [0, 1, 1, 1] -> [0, 1, 1, 1, 0]
SyncBFS: 0.02 ms, [] -> [0] -> [0, 1] -> [0, 1, 1] -> [0, 1, 1, 1] -> [0, 1, 1, 1, 0]
MultithreadBFS: 0.7 ms, [] -> [0] -> [0, 1] -> [0, 1, 1] -> [0, 1, 1, 1] -> [0, 1, 1, 1, 0]

problem_09.yaml
TasksBFS: 0.36 ms, [] -> [2] -> [2, 1] -> [2, 1, 3] -> [2, 1, 3, 2] -> [2, 1, 3, 2, 1]
MultithreadBFS: 0.33 ms, [] -> [3] -> [3, 0] -> [3, 0, 3] -> [3, 0, 3, 2] -> [3, 0, 3, 2, 0]
SyncBFS: 0.04 ms, [] -> [2] -> [2, 1] -> [2, 1, 0] -> [2, 1, 0, 3] -> [2, 1, 0, 3, 1]
AsyncStartBFS: 1.08 ms, [] -> [3] -> [3, 0] -> [3, 0, 3] -> [3, 0, 3, 0] -> [3, 0, 3, 0, 1]

problem_12.yaml
TasksBFS: 0.36 ms, [] -> [2] -> [2, 1] -> [2, 1, 0] -> [2, 1, 0, 0] -> [2, 1, 0, 0, 3]
AsyncStartBFS: 1.12 ms, [] -> [2] -> [2, 1] -> [2, 1, 0] -> [2, 1, 0, 0] -> [2, 1, 0, 0, 2]
MultithreadBFS: 0.07 ms, [] -> [2] -> [2, 1] -> [2, 1, 0] -> [2, 1, 0, 0] -> [2, 1, 0, 0, 2]
SyncBFS: 0.02 ms, [] -> [2] -> [2, 1] -> [2, 1, 0] -> [2, 1, 0, 0] -> [2, 1, 0, 0, 2]

problem_47.yaml
AsyncStartBFS: 1.18 ms, [] -> [3] -> [3, 3] -> [3, 3, 0] -> [3, 3, 0, 1] -> [3, 3, 0, 1, 0]
MultithreadBFS: 0.31 ms, [] -> [3] -> [3, 3] -> [3, 3, 1] -> [3, 3, 1, 1] -> [3, 3, 1, 1, 1]
SyncBFS: 0.04 ms, [] -> [1] -> [1, 3] -> [1, 3, 0] -> [1, 3, 0, 0] -> [1, 3, 0, 0, 1]
TasksBFS: 0.27 ms, [] -> [1] -> [1, 3] -> [1, 3, 2] -> [1, 3, 2, 1] -> [1, 3, 2, 1, 0]

problem_11.yaml
MultithreadBFS: 0.33 ms, [] -> [3] -> [3, 3] -> [3, 3, 1] -> [3, 3, 1, 1] -> [3, 3, 1, 1, 0]
TasksBFS: 0.31 ms, [] -> [0] -> [0, 3] -> [0, 3, 0] -> [0, 3, 0, 1] -> [0, 3, 0, 1, 0]
AsyncStartBFS: 1.11 ms, [] -> [3] -> [3, 3] -> [3, 3, 1] -> [3, 3, 1, 0] -> [3, 3, 1, 0, 0]
SyncBFS: 0.04 ms, [] -> [0] -> [0, 1] -> [0, 1, 1] -> [0, 1, 1, 0] -> [0, 1, 1, 0, 0]

problem_01.yaml
MultithreadBFS: 0.33 ms, [] -> [0] -> [0, 1] -> [0, 1, 1] -> [0, 1, 1, 3] -> [0, 1, 1, 3, 1]
AsyncStartBFS: 1.1 ms, [] -> [0] -> [0, 1] -> [0, 1, 1] -> [0, 1, 1, 0] -> [0, 1, 1, 0, 1]
TasksBFS: 0.32 ms, [] -> [0] -> [0, 1] -> [0, 1, 1] -> [0, 1, 1, 0] -> [0, 1, 1, 0, 1]
SyncBFS: 0.09 ms, [] -> [0] -> [0, 1] -> [0, 1, 0] -> [0, 1, 0, 0] -> [0, 1, 0, 0, 0]

problem_08.yaml
TasksBFS: 0.43 ms, [] -> [0] -> [0, 0] -> [0, 0, 1] -> [0, 0, 1, 1] -> [0, 0, 1, 1, 0]
AsyncStartBFS: 1.14 ms, [] -> [1] -> [1, 3] -> [1, 3, 2] -> [1, 3, 2, 3] -> [1, 3, 2, 3, 1]
SyncBFS: 0.08 ms, [] -> [0] -> [0, 0] -> [0, 0, 1] -> [0, 0, 1, 0] -> [0, 0, 1, 0, 0]
MultithreadBFS: 0.33 ms, [] -> [1] -> [1, 3] -> [1, 3, 3] -> [1, 3, 3, 1] -> [1, 3, 3, 1, 2]

problem_06.yaml
AsyncStartBFS: 1.18 ms, [] -> [2] -> [2, 2] -> [2, 2, 1] -> [2, 2, 1, 0] -> [2, 2, 1, 0, 3]
TasksBFS: 0.36 ms, [] -> [1] -> [1, 0] -> [1, 0, 1] -> [1, 0, 1, 1] -> [1, 0, 1, 1, 1]
SyncBFS: 0.07 ms, [] -> [1] -> [1, 0] -> [1, 0, 0] -> [1, 0, 0, 0] -> [1, 0, 0, 0, 1]
MultithreadBFS: 0.3 ms, [] -> [2] -> [2, 2] -> [2, 2, 3] -> [2, 2, 3, 0] -> [2, 2, 3, 0, 1]

problem_19.yaml
SyncBFS: 0.05 ms, [] -> [0] -> [0, 0] -> [0, 0, 1] -> [0, 0, 1, 1] -> [0, 0, 1, 1, 0]
MultithreadBFS: 1978.93 ms, [] -> [2] -> [2, 2] -> [2, 2, 0] -> [2, 2, 0, 1] -> [2, 2, 0, 1, 0]
TasksBFS: 0.35 ms, [] -> [0] -> [0, 0] -> [0, 0, 1] -> [0, 0, 1, 1] -> [0, 0, 1, 1, 3]
AsyncStartBFS: 1.16 ms, [] -> [2] -> [2, 2] -> [2, 2, 0] -> [2, 2, 0, 0] -> [2, 2, 0, 0, 0]

problem_40.yaml
AsyncStartBFS: 0 ms, No solution found!
SyncBFS: 0 ms, No solution found!
TasksBFS: 0.4 ms, No solution found!
MultithreadBFS: 0.01 ms, No solution found!

problem_04.yaml
SyncBFS: 0.02 ms, [] -> [1] -> [1, 0] -> [1, 0, 0] -> [1, 0, 0, 0] -> [1, 0, 0, 0, 0]
AsyncStartBFS: 1.56 ms, [] -> [3] -> [3, 3] -> [3, 3, 1] -> [3, 3, 1, 3] -> [3, 3, 1, 3, 0]
TasksBFS: 0.37 ms, [] -> [1] -> [1, 0] -> [1, 0, 0] -> [1, 0, 0, 0] -> [1, 0, 0, 0, 1]
MultithreadBFS: 0.3 ms, [] -> [1] -> [1, 0] -> [1, 0, 0] -> [1, 0, 0, 0] -> [1, 0, 0, 0, 0]

problem_33.yaml
TasksBFS: 0.58 ms, [] -> [0] -> [0, 2] -> [0, 2, 2] -> [0, 2, 2, 3] -> [0, 2, 2, 3, 2]
MultithreadBFS: 0.34 ms, [] -> [2] -> [2, 1] -> [2, 1, 2] -> [2, 1, 2, 1] -> [2, 1, 2, 1, 0]
AsyncStartBFS: 1.14 ms, [] -> [2] -> [2, 1] -> [2, 1, 1] -> [2, 1, 1, 3] -> [2, 1, 1, 3, 0]
SyncBFS: 0.07 ms, [] -> [0] -> [0, 1] -> [0, 1, 1] -> [0, 1, 1, 1] -> [0, 1, 1, 1, 3]

problem_21.yaml
AsyncStartBFS: 0.02 ms, [] -> [1] -> [1, 1] -> [1, 1, 0] -> [1, 1, 0, 0] -> [1, 1, 0, 0, 0]
MultithreadBFS: 0.24 ms, [] -> [1] -> [1, 1] -> [1, 1, 0] -> [1, 1, 0, 0] -> [1, 1, 0, 0, 0]
TasksBFS: 0.01 ms, [] -> [1] -> [1, 1] -> [1, 1, 0] -> [1, 1, 0, 0] -> [1, 1, 0, 0, 0]
SyncBFS: 0 ms, [] -> [1] -> [1, 1] -> [1, 1, 0] -> [1, 1, 0, 0] -> [1, 1, 0, 0, 0]

problem_24.yaml
MultithreadBFS: 0.34 ms, [] -> [3] -> [3, 0] -> [3, 0, 3] -> [3, 0, 3, 2] -> [3, 0, 3, 2, 0]
TasksBFS: 0.29 ms, [] -> [1] -> [1, 1] -> [1, 1, 0] -> [1, 1, 0, 2] -> [1, 1, 0, 2, 3]
AsyncStartBFS: 1.12 ms, [] -> [3] -> [3, 0] -> [3, 0, 2] -> [3, 0, 2, 2] -> [3, 0, 2, 2, 0]
SyncBFS: 0.06 ms, [] -> [1] -> [1, 1] -> [1, 1, 0] -> [1, 1, 0, 0] -> [1, 1, 0, 0, 1]

problem_03.yaml
SyncBFS: 0.04 ms, [] -> [0] -> [0, 0] -> [0, 0, 0] -> [0, 0, 0, 0] -> [0, 0, 0, 0, 0]
TasksBFS: 4.1 ms, [] -> [0] -> [0, 0] -> [0, 0, 0] -> [0, 0, 0, 0] -> [0, 0, 0, 0, 0]
MultithreadBFS: 0.38 ms, [] -> [0] -> [0, 3] -> [0, 3, 1] -> [0, 3, 1, 1] -> [0, 3, 1, 1, 0]
AsyncStartBFS: 1.24 ms, [] -> [0] -> [0, 3] -> [0, 3, 1] -> [0, 3, 1, 1] -> [0, 3, 1, 1, 0]

problem_07.yaml
TasksBFS: 0.36 ms, [] -> [0] -> [0, 0] -> [0, 0, 0] -> [0, 0, 0, 0] -> [0, 0, 0, 0, 2]
MultithreadBFS: 0.31 ms, [] -> [0] -> [0, 2] -> [0, 2, 1] -> [0, 2, 1, 1] -> [0, 2, 1, 1, 1]
AsyncStartBFS: 1.15 ms, [] -> [0] -> [0, 2] -> [0, 2, 1] -> [0, 2, 1, 1] -> [0, 2, 1, 1, 1]
SyncBFS: 0.08 ms, [] -> [0] -> [0, 0] -> [0, 0, 0] -> [0, 0, 0, 0] -> [0, 0, 0, 0, 0]

problem_42.yaml
SyncBFS: 0.05 ms, [] -> [2] -> [2, 0] -> [2, 0, 0] -> [2, 0, 0, 2] -> [2, 0, 0, 2, 0]
TasksBFS: 41.33 ms, [] -> [2] -> [2, 0] -> [2, 0, 1] -> [2, 0, 1, 1] -> [2, 0, 1, 1, 3]
AsyncStartBFS: 1.21 ms, [] -> [2] -> [2, 3] -> [2, 3, 1] -> [2, 3, 1, 1] -> [2, 3, 1, 1, 1]
MultithreadBFS: 0.35 ms, [] -> [2] -> [2, 3] -> [2, 3, 1] -> [2, 3, 1, 1] -> [2, 3, 1, 1, 1]

problem_02.yaml
MultithreadBFS: 0.33 ms, [] -> [3] -> [3, 3] -> [3, 3, 2] -> [3, 3, 2, 0] -> [3, 3, 2, 0, 0]
TasksBFS: 0.33 ms, [] -> [0] -> [0, 2] -> [0, 2, 2] -> [0, 2, 2, 3] -> [0, 2, 2, 3, 1]
AsyncStartBFS: 1.12 ms, [] -> [3] -> [3, 1] -> [3, 1, 1] -> [3, 1, 1, 0] -> [3, 1, 1, 0, 1]
SyncBFS: 0.12 ms, [] -> [0] -> [0, 0] -> [0, 0, 0] -> [0, 0, 0, 3] -> [0, 0, 0, 3, 0]

problem_29.yaml
SyncBFS: 0.06 ms, [] -> [2] -> [2, 0] -> [2, 0, 0] -> [2, 0, 0, 1] -> [2, 0, 0, 1, 1]
TasksBFS: 4.32 ms, [] -> [2] -> [2, 0] -> [2, 0, 2] -> [2, 0, 2, 2] -> [2, 0, 2, 2, 2]
MultithreadBFS: 0.32 ms, [] -> [2] -> [2, 3] -> [2, 3, 1] -> [2, 3, 1, 2] -> [2, 3, 1, 2, 0]
AsyncStartBFS: 1.12 ms, [] -> [2] -> [2, 3] -> [2, 3, 1] -> [2, 3, 1, 1] -> [2, 3, 1, 1, 1]

problem_00.yaml
TasksBFS: 0.06 ms, [] -> [1] -> [1, 1] -> [1, 1, 0] -> [1, 1, 0, 0] -> [1, 1, 0, 0, 0]
SyncBFS: 0.29 ms, [] -> [1] -> [1, 1] -> [1, 1, 0] -> [1, 1, 0, 0] -> [1, 1, 0, 0, 0]
AsyncStartBFS: 0.02 ms, [] -> [1] -> [1, 1] -> [1, 1, 0] -> [1, 1, 0, 0] -> [1, 1, 0, 0, 0]
MultithreadBFS: 938.42 ms, [] -> [1] -> [1, 1] -> [1, 1, 0] -> [1, 1, 0, 0] -> [1, 1, 0, 0, 0]

problem_13.yaml
MultithreadBFS: 0.39 ms, [] -> [1] -> [1, 2] -> [1, 2, 2] -> [1, 2, 2, 3] -> [1, 2, 2, 3, 0]
TasksBFS: 0.35 ms, [] -> [0] -> [0, 1] -> [0, 1, 1] -> [0, 1, 1, 3] -> [0, 1, 1, 3, 3]
AsyncStartBFS: 1.13 ms, [] -> [1] -> [1, 2] -> [1, 2, 2] -> [1, 2, 2, 0] -> [1, 2, 2, 0, 2]
SyncBFS: 0.07 ms, [] -> [0] -> [0, 1] -> [0, 1, 0] -> [0, 1, 0, 0] -> [0, 1, 0, 0, 0]

problem_16.yaml
TasksBFS: 0.3 ms, [] -> [0] -> [0, 2] -> [0, 2, 2] -> [0, 2, 2, 1] -> [0, 2, 2, 1, 1]
SyncBFS: 0.08 ms, [] -> [0] -> [0, 2] -> [0, 2, 0] -> [0, 2, 0, 0] -> [0, 2, 0, 0, 1]
MultithreadBFS: 0.3 ms, [] -> [0] -> [0, 3] -> [0, 3, 2] -> [0, 3, 2, 2] -> [0, 3, 2, 2, 1]
AsyncStartBFS: 1.09 ms, [] -> [0] -> [0, 3] -> [0, 3, 2] -> [0, 3, 2, 1] -> [0, 3, 2, 1, 1]

problem_20.yaml
AsyncStartBFS: 1.12 ms, [] -> [2] -> [2, 2] -> [2, 2, 1] -> [2, 2, 1, 0] -> [2, 2, 1, 0, 1]
MultithreadBFS: 0.37 ms, [] -> [2] -> [2, 2] -> [2, 2, 2] -> [2, 2, 2, 1] -> [2, 2, 2, 1, 0]
TasksBFS: 0.3 ms, [] -> [0] -> [0, 0] -> [0, 0, 3] -> [0, 0, 3, 2] -> [0, 0, 3, 2, 0]
SyncBFS: 0.14 ms, [] -> [0] -> [0, 0] -> [0, 0, 0] -> [0, 0, 0, 0] -> [0, 0, 0, 0, 0]

problem_18.yaml
AsyncStartBFS: 1.22 ms, [] -> [0] -> [0, 0] -> [0, 0, 1] -> [0, 0, 1, 3] -> [0, 0, 1, 3, 0]
TasksBFS: 0.33 ms, [] -> [0] -> [0, 0] -> [0, 0, 1] -> [0, 0, 1, 2] -> [0, 0, 1, 2, 3]
SyncBFS: 0.1 ms, [] -> [0] -> [0, 0] -> [0, 0, 1] -> [0, 0, 1, 0] -> [0, 0, 1, 0, 0]
MultithreadBFS: 0.3 ms, [] -> [0] -> [0, 0] -> [0, 0, 1] -> [0, 0, 1, 3] -> [0, 0, 1, 3, 0]

problem_05.yaml
AsyncStartBFS: 1.12 ms, [] -> [2] -> [2, 3] -> [2, 3, 2] -> [2, 3, 2, 3] -> [2, 3, 2, 3, 0]
SyncBFS: 0.04 ms, [] -> [0] -> [0, 1] -> [0, 1, 3] -> [0, 1, 3, 2] -> [0, 1, 3, 2, 0]
TasksBFS: 0.37 ms, [] -> [0] -> [0, 1] -> [0, 1, 3] -> [0, 1, 3, 2] -> [0, 1, 3, 2, 0]
MultithreadBFS: 0.3 ms, [] -> [2] -> [2, 3] -> [2, 3, 2] -> [2, 3, 2, 3] -> [2, 3, 2, 3, 0]

problem_15.yaml
SyncBFS: 0.06 ms, [] -> [0] -> [0, 1] -> [0, 1, 1] -> [0, 1, 1, 0] -> [0, 1, 1, 0, 0]
MultithreadBFS: 3.83 ms, [] -> [1] -> [1, 0] -> [1, 0, 1] -> [1, 0, 1, 2] -> [1, 0, 1, 2, 0]
TasksBFS: 0.34 ms, [] -> [0] -> [0, 3] -> [0, 3, 1] -> [0, 3, 1, 1] -> [0, 3, 1, 1, 2]
AsyncStartBFS: 1.13 ms, [] -> [1] -> [1, 0] -> [1, 0, 1] -> [1, 0, 1, 1] -> [1, 0, 1, 1, 2]

problem_17.yaml
MultithreadBFS: 0.53 ms, [] -> [1] -> [1, 2] -> [1, 2, 2] -> [1, 2, 2, 2] -> [1, 2, 2, 2, 0]
SyncBFS: 0.09 ms, [] -> [1] -> [1, 0] -> [1, 0, 0] -> [1, 0, 0, 0] -> [1, 0, 0, 0, 0]
AsyncStartBFS: 1.11 ms, [] -> [1] -> [1, 2] -> [1, 2, 2] -> [1, 2, 2, 0] -> [1, 2, 2, 0, 1]
TasksBFS: 0.35 ms, [] -> [1] -> [1, 0] -> [1, 0, 2] -> [1, 0, 2, 3] -> [1, 0, 2, 3, 0]

problem_37.yaml
TasksBFS: 0.35 ms, [] -> [1] -> [1, 0] -> [1, 0, 2] -> [1, 0, 2, 3] -> [1, 0, 2, 3, 0]
AsyncStartBFS: 1.14 ms, [] -> [1] -> [1, 3] -> [1, 3, 2] -> [1, 3, 2, 1] -> [1, 3, 2, 1, 0]
SyncBFS: 0.07 ms, [] -> [1] -> [1, 0] -> [1, 0, 1] -> [1, 0, 1, 1] -> [1, 0, 1, 1, 1]
MultithreadBFS: 0.29 ms, [] -> [1] -> [1, 3] -> [1, 3, 2] -> [1, 3, 2, 2] -> [1, 3, 2, 2, 0]

problem_22.yaml
MultithreadBFS: 0.04 ms, [] -> [2] -> [2, 2] -> [2, 2, 0] -> [2, 2, 0, 2] -> [2, 2, 0, 2, 0]
TasksBFS: 0.01 ms, [] -> [2] -> [2, 2] -> [2, 2, 0] -> [2, 2, 0, 2] -> [2, 2, 0, 2, 0]
SyncBFS: 0.01 ms, [] -> [2] -> [2, 2] -> [2, 2, 0] -> [2, 2, 0, 2] -> [2, 2, 0, 2, 0]
AsyncStartBFS: 0.01 ms, [] -> [2] -> [2, 2] -> [2, 2, 0] -> [2, 2, 0, 2] -> [2, 2, 0, 2, 0]

problem_23.yaml
MultithreadBFS: 0.35 ms, [] -> [2] -> [2, 3] -> [2, 3, 3] -> [2, 3, 3, 3] -> [2, 3, 3, 3, 0]
AsyncStartBFS: 1.16 ms, [] -> [2] -> [2, 3] -> [2, 3, 2] -> [2, 3, 2, 3] -> [2, 3, 2, 3, 0]
SyncBFS: 0.08 ms, [] -> [2] -> [2, 0] -> [2, 0, 0] -> [2, 0, 0, 0] -> [2, 0, 0, 0, 0]
TasksBFS: 0.3 ms, [] -> [2] -> [2, 0] -> [2, 0, 1] -> [2, 0, 1, 2] -> [2, 0, 1, 2, 1]

problem_25.yaml
AsyncStartBFS: 1.19 ms, [] -> [0] -> [0, 0] -> [0, 0, 2] -> [0, 0, 2, 1] -> [0, 0, 2, 1, 0]
SyncBFS: 0.11 ms, [] -> [0] -> [0, 0] -> [0, 0, 0] -> [0, 0, 0, 0] -> [0, 0, 0, 0, 0]
MultithreadBFS: 0.49 ms, [] -> [0] -> [0, 0] -> [0, 0, 3] -> [0, 0, 3, 0] -> [0, 0, 3, 0, 0]
TasksBFS: 0.3 ms, [] -> [0] -> [0, 0] -> [0, 0, 2] -> [0, 0, 2, 1] -> [0, 0, 2, 1, 0]

problem_27.yaml
TasksBFS: 0.03 ms, [] -> [3] -> [3, 0] -> [3, 0, 0] -> [3, 0, 0, 1] -> [3, 0, 0, 1, 0]
AsyncStartBFS: 0.01 ms, [] -> [3] -> [3, 0] -> [3, 0, 0] -> [3, 0, 0, 1] -> [3, 0, 0, 1, 0]
MultithreadBFS: 0.03 ms, [] -> [3] -> [3, 0] -> [3, 0, 0] -> [3, 0, 0, 1] -> [3, 0, 0, 1, 0]
SyncBFS: 0.01 ms, [] -> [3] -> [3, 0] -> [3, 0, 0] -> [3, 0, 0, 1] -> [3, 0, 0, 1, 0]

problem_26.yaml
TasksBFS: 0.5 ms, [] -> [1] -> [1, 3] -> [1, 3, 0] -> [1, 3, 0, 3] -> [1, 3, 0, 3, 0]
MultithreadBFS: 0.36 ms, [] -> [2] -> [2, 2] -> [2, 2, 1] -> [2, 2, 1, 0] -> [2, 2, 1, 0, 1]
AsyncStartBFS: 1.11 ms, [] -> [2] -> [2, 2] -> [2, 2, 0] -> [2, 2, 0, 3] -> [2, 2, 0, 3, 2]
SyncBFS: 0.07 ms, [] -> [0] -> [0, 2] -> [0, 2, 1] -> [0, 2, 1, 1] -> [0, 2, 1, 1, 0]

problem_14.yaml
TasksBFS: 0.35 ms, [] -> [0] -> [0, 0] -> [0, 0, 2] -> [0, 0, 2, 0] -> [0, 0, 2, 0, 2]
SyncBFS: 0.04 ms, [] -> [0] -> [0, 0] -> [0, 0, 0] -> [0, 0, 0, 0] -> [0, 0, 0, 0, 0]
MultithreadBFS: 0.31 ms, [] -> [1] -> [1, 2] -> [1, 2, 0] -> [1, 2, 0, 3] -> [1, 2, 0, 3, 0]
AsyncStartBFS: 1.11 ms, [] -> [1] -> [1, 2] -> [1, 2, 0] -> [1, 2, 0, 3] -> [1, 2, 0, 3, 0]

problem_28.yaml
AsyncStartBFS: 0.04 ms, [] -> [0] -> [0, 0] -> [0, 0, 0] -> [0, 0, 0, 0] -> [0, 0, 0, 0, 0]
MultithreadBFS: 0.55 ms, [] -> [0] -> [0, 0] -> [0, 0, 0] -> [0, 0, 0, 0] -> [0, 0, 0, 0, 0]
TasksBFS: 0.02 ms, [] -> [0] -> [0, 0] -> [0, 0, 0] -> [0, 0, 0, 0] -> [0, 0, 0, 0, 0]
SyncBFS: 0.01 ms, [] -> [0] -> [0, 0] -> [0, 0, 0] -> [0, 0, 0, 0] -> [0, 0, 0, 0, 0]


[INFO] Results summary:
MultithreadBFS
	Average: 64.8744 ms
	Median: 0.33 ms
	Standard Deviation: 305.947 ms
AsyncStartBFS
	Average: 0.95 ms
	Median: 1.12 ms
	Standard Deviation: 0.692895 ms
SyncBFS
	Average: 0.0596 ms
	Median: 0.06 ms
	Standard Deviation: 0.0472424 ms
TasksBFS
	Average: 1.5734 ms
	Median: 0.33 ms
	Standard Deviation: 6.13899 ms
