problem_49.yaml
SyncBFS: 305.35 ms, [] -> [0] -> [0, 2] -> [0, 2, 6] -> [0, 2, 6, 3] -> [0, 2, 6, 3, 5] -> [0, 2, 6, 3, 5, 3] -> [0, 2, 6, 3, 5, 3, 2] -> [0, 2, 6, 3, 5, 3, 2, 4]
TasksBFS: 65.46 ms, [] -> [4] -> [4, 1] -> [4, 1, 1] -> [4, 1, 1, 1] -> [4, 1, 1, 1, 0] -> [4, 1, 1, 1, 0, 6] -> [4, 1, 1, 1, 0, 6, 4] -> [4, 1, 1, 1, 0, 6, 4, 5]
AsyncStartBFS: 16.89 ms, [] -> [4] -> [4, 1] -> [4, 1, 1] -> [4, 1, 1, 1] -> [4, 1, 1, 1, 0] -> [4, 1, 1, 1, 0, 6] -> [4, 1, 1, 1, 0, 6, 4] -> [4, 1, 1, 1, 0, 6, 4, 5]
MultithreadBFS: 45.57 ms, [] -> [6] -> [6, 3] -> [6, 3, 0] -> [6, 3, 0, 5] -> [6, 3, 0, 5, 0] -> [6, 3, 0, 5, 0, 5] -> [6, 3, 0, 5, 0, 5, 5] -> [6, 3, 0, 5, 0, 5, 5, 7]

problem_48.yaml
SyncBFS: 408.67 ms, [] -> [3] -> [3, 1] -> [3, 1, 7] -> [3, 1, 7, 4] -> [3, 1, 7, 4, 6] -> [3, 1, 7, 4, 6, 2] -> [3, 1, 7, 4, 6, 2, 7] -> [3, 1, 7, 4, 6, 2, 7, 2]
TasksBFS: 63.18 ms, [] -> [3] -> [3, 1] -> [3, 1, 7] -> [3, 1, 7, 4] -> [3, 1, 7, 4, 6] -> [3, 1, 7, 4, 6, 2] -> [3, 1, 7, 4, 6, 2, 7] -> [3, 1, 7, 4, 6, 2, 7, 2]
AsyncStartBFS: 38.4 ms, [] -> [7] -> [7, 3] -> [7, 3, 0] -> [7, 3, 0, 5] -> [7, 3, 0, 5, 0] -> [7, 3, 0, 5, 0, 7] -> [7, 3, 0, 5, 0, 7, 6] -> [7, 3, 0, 5, 0, 7, 6, 5]
MultithreadBFS: 47.78 ms, [] -> [6] -> [6, 1] -> [6, 1, 1] -> [6, 1, 1, 6] -> [6, 1, 1, 6, 4] -> [6, 1, 1, 6, 4, 4] -> [6, 1, 1, 6, 4, 4, 0] -> [6, 1, 1, 6, 4, 4, 0, 1]

problem_45.yaml
AsyncStartBFS: 9.45 ms, [] -> [0] -> [0, 0] -> [0, 0, 1] -> [0, 0, 1, 1] -> [0, 0, 1, 1, 6] -> [0, 0, 1, 1, 6, 4] -> [0, 0, 1, 1, 6, 4, 0] -> [0, 0, 1, 1, 6, 4, 0, 6]
SyncBFS: 340.55 ms, [] -> [0] -> [0, 0] -> [0, 0, 1] -> [0, 0, 1, 1] -> [0, 0, 1, 1, 6] -> [0, 0, 1, 1, 6, 4] -> [0, 0, 1, 1, 6, 4, 0] -> [0, 0, 1, 1, 6, 4, 0, 6]
TasksBFS: 66.09 ms, [] -> [1] -> [1, 0] -> [1, 0, 5] -> [1, 0, 5, 1] -> [1, 0, 5, 1, 1] -> [1, 0, 5, 1, 1, 0] -> [1, 0, 5, 1, 1, 0, 2] -> [1, 0, 5, 1, 1, 0, 2, 0]
MultithreadBFS: 40.38 ms, [] -> [3] -> [3, 4] -> [3, 4, 1] -> [3, 4, 1, 5] -> [3, 4, 1, 5, 3] -> [3, 4, 1, 5, 3, 4] -> [3, 4, 1, 5, 3, 4, 2] -> [3, 4, 1, 5, 3, 4, 2, 3]

problem_43.yaml
SyncBFS: 396.43 ms, [] -> [1] -> [1, 0] -> [1, 0, 3] -> [1, 0, 3, 4] -> [1, 0, 3, 4, 4] -> [1, 0, 3, 4, 4, 3] -> [1, 0, 3, 4, 4, 3, 5] -> [1, 0, 3, 4, 4, 3, 5, 2]
TasksBFS: 66.4 ms, [] -> [1] -> [1, 1] -> [1, 1, 4] -> [1, 1, 4, 2] -> [1, 1, 4, 2, 6] -> [1, 1, 4, 2, 6, 3] -> [1, 1, 4, 2, 6, 3, 6] -> [1, 1, 4, 2, 6, 3, 6, 1]
MultithreadBFS: 48.73 ms, [] -> [2] -> [2, 0] -> [2, 0, 0] -> [2, 0, 0, 0] -> [2, 0, 0, 0, 2] -> [2, 0, 0, 0, 2, 3] -> [2, 0, 0, 0, 2, 3, 7] -> [2, 0, 0, 0, 2, 3, 7, 2]
AsyncStartBFS: 23.42 ms, [] -> [1] -> [1, 1] -> [1, 1, 4] -> [1, 1, 4, 2] -> [1, 1, 4, 2, 6] -> [1, 1, 4, 2, 6, 3] -> [1, 1, 4, 2, 6, 3, 6] -> [1, 1, 4, 2, 6, 3, 6, 1]

problem_41.yaml
MultithreadBFS: 65.46 ms, [] -> [3] -> [3, 1] -> [3, 1, 5] -> [3, 1, 5, 4] -> [3, 1, 5, 4, 6] -> [3, 1, 5, 4, 6, 1] -> [3, 1, 5, 4, 6, 1, 7] -> [3, 1, 5, 4, 6, 1, 7, 3]
AsyncStartBFS: 32.91 ms, [] -> [0] -> [0, 2] -> [0, 2, 1] -> [0, 2, 1, 3] -> [0, 2, 1, 3, 6] -> [0, 2, 1, 3, 6, 3] -> [0, 2, 1, 3, 6, 3, 2] -> [0, 2, 1, 3, 6, 3, 2, 6]
SyncBFS: 490.37 ms, [] -> [0] -> [0, 2] -> [0, 2, 1] -> [0, 2, 1, 3] -> [0, 2, 1, 3, 6] -> [0, 2, 1, 3, 6, 3] -> [0, 2, 1, 3, 6, 3, 2] -> [0, 2, 1, 3, 6, 3, 2, 6]
TasksBFS: 75.29 ms, [] -> [0] -> [0, 4] -> [0, 4, 1] -> [0, 4, 1, 3] -> [0, 4, 1, 3, 3] -> [0, 4, 1, 3, 3, 4] -> [0, 4, 1, 3, 3, 4, 7] -> [0, 4, 1, 3, 3, 4, 7, 0]

problem_39.yaml
AsyncStartBFS: 47.16 ms, [] -> [0] -> [0, 3] -> [0, 3, 3] -> [0, 3, 3, 7] -> [0, 3, 3, 7, 6] -> [0, 3, 3, 7, 6, 7] -> [0, 3, 3, 7, 6, 7, 1] -> [0, 3, 3, 7, 6, 7, 1, 6]
TasksBFS: 135.6 ms, [] -> [4] -> [4, 4] -> [4, 4, 1] -> [4, 4, 1, 0] -> [4, 4, 1, 0, 3] -> [4, 4, 1, 0, 3, 3] -> [4, 4, 1, 0, 3, 3, 7] -> [4, 4, 1, 0, 3, 3, 7, 5]
SyncBFS: 599.11 ms, [] -> [0] -> [0, 3] -> [0, 3, 3] -> [0, 3, 3, 7] -> [0, 3, 3, 7, 6] -> [0, 3, 3, 7, 6, 7] -> [0, 3, 3, 7, 6, 7, 1] -> [0, 3, 3, 7, 6, 7, 1, 6]
MultithreadBFS: 51.47 ms, [] -> [4] -> [4, 4] -> [4, 4, 1] -> [4, 4, 1, 0] -> [4, 4, 1, 0, 3] -> [4, 4, 1, 0, 3, 3] -> [4, 4, 1, 0, 3, 3, 7] -> [4, 4, 1, 0, 3, 3, 7, 5]

problem_38.yaml
TasksBFS: 47.47 ms, [] -> [0] -> [0, 5] -> [0, 5, 5] -> [0, 5, 5, 5] -> [0, 5, 5, 5, 0] -> [0, 5, 5, 5, 0, 1] -> [0, 5, 5, 5, 0, 1, 7] -> [0, 5, 5, 5, 0, 1, 7, 3]
SyncBFS: 235.1 ms, [] -> [0] -> [0, 4] -> [0, 4, 4] -> [0, 4, 4, 7] -> [0, 4, 4, 7, 1] -> [0, 4, 4, 7, 1, 0] -> [0, 4, 4, 7, 1, 0, 4] -> [0, 4, 4, 7, 1, 0, 4, 4]
AsyncStartBFS: 11.47 ms, [] -> [0] -> [0, 5] -> [0, 5, 5] -> [0, 5, 5, 5] -> [0, 5, 5, 5, 0] -> [0, 5, 5, 5, 0, 1] -> [0, 5, 5, 5, 0, 1, 7] -> [0, 5, 5, 5, 0, 1, 7, 3]
MultithreadBFS: 15.95 ms, [] -> [0] -> [0, 4] -> [0, 4, 4] -> [0, 4, 4, 7] -> [0, 4, 4, 7, 1] -> [0, 4, 4, 7, 1, 0] -> [0, 4, 4, 7, 1, 0, 4] -> [0, 4, 4, 7, 1, 0, 4, 4]

problem_36.yaml
TasksBFS: 67.64 ms, [] -> [0] -> [0, 7] -> [0, 7, 3] -> [0, 7, 3, 4] -> [0, 7, 3, 4, 5] -> [0, 7, 3, 4, 5, 7] -> [0, 7, 3, 4, 5, 7, 4] -> [0, 7, 3, 4, 5, 7, 4, 4]
AsyncStartBFS: 38.41 ms, [] -> [0] -> [0, 7] -> [0, 7, 3] -> [0, 7, 3, 4] -> [0, 7, 3, 4, 5] -> [0, 7, 3, 4, 5, 7] -> [0, 7, 3, 4, 5, 7, 4] -> [0, 7, 3, 4, 5, 7, 4, 4]
MultithreadBFS: 39.3 ms, [] -> [7] -> [7, 5] -> [7, 5, 0] -> [7, 5, 0, 7] -> [7, 5, 0, 7, 5] -> [7, 5, 0, 7, 5, 1] -> [7, 5, 0, 7, 5, 1, 6] -> [7, 5, 0, 7, 5, 1, 6, 1]
SyncBFS: 414.97 ms, [] -> [0] -> [0, 7] -> [0, 7, 2] -> [0, 7, 2, 7] -> [0, 7, 2, 7, 2] -> [0, 7, 2, 7, 2, 2] -> [0, 7, 2, 7, 2, 2, 7] -> [0, 7, 2, 7, 2, 2, 7, 2]

problem_44.yaml
AsyncStartBFS: 17.52 ms, [] -> [2] -> [2, 4] -> [2, 4, 6] -> [2, 4, 6, 3] -> [2, 4, 6, 3, 3] -> [2, 4, 6, 3, 3, 3] -> [2, 4, 6, 3, 3, 3, 5] -> [2, 4, 6, 3, 3, 3, 5, 0]
TasksBFS: 56.64 ms, [] -> [0] -> [0, 1] -> [0, 1, 4] -> [0, 1, 4, 6] -> [0, 1, 4, 6, 6] -> [0, 1, 4, 6, 6, 5] -> [0, 1, 4, 6, 6, 5, 7] -> [0, 1, 4, 6, 6, 5, 7, 1]
MultithreadBFS: 57.67 ms, [] -> [5] -> [5, 3] -> [5, 3, 5] -> [5, 3, 5, 3] -> [5, 3, 5, 3, 3] -> [5, 3, 5, 3, 3, 3] -> [5, 3, 5, 3, 3, 3, 6] -> [5, 3, 5, 3, 3, 3, 6, 7]
SyncBFS: 317.07 ms, [] -> [0] -> [0, 1] -> [0, 1, 4] -> [0, 1, 4, 6] -> [0, 1, 4, 6, 6] -> [0, 1, 4, 6, 6, 5] -> [0, 1, 4, 6, 6, 5, 7] -> [0, 1, 4, 6, 6, 5, 7, 1]

problem_35.yaml
MultithreadBFS: 38.39 ms, [] -> [3] -> [3, 3] -> [3, 3, 0] -> [3, 3, 0, 1] -> [3, 3, 0, 1, 7] -> [3, 3, 0, 1, 7, 1] -> [3, 3, 0, 1, 7, 1, 4] -> [3, 3, 0, 1, 7, 1, 4, 7]
TasksBFS: 138.67 ms, [] -> [3] -> [3, 3] -> [3, 3, 0] -> [3, 3, 0, 1] -> [3, 3, 0, 1, 7] -> [3, 3, 0, 1, 7, 1] -> [3, 3, 0, 1, 7, 1, 4] -> [3, 3, 0, 1, 7, 1, 4, 7]
AsyncStartBFS: 45.77 ms, [] -> [3] -> [3, 1] -> [3, 1, 0] -> [3, 1, 0, 6] -> [3, 1, 0, 6, 3] -> [3, 1, 0, 6, 3, 5] -> [3, 1, 0, 6, 3, 5, 5] -> [3, 1, 0, 6, 3, 5, 5, 5]
SyncBFS: 701.47 ms, [] -> [1] -> [1, 3] -> [1, 3, 2] -> [1, 3, 2, 6] -> [1, 3, 2, 6, 6] -> [1, 3, 2, 6, 6, 5] -> [1, 3, 2, 6, 6, 5, 5] -> [1, 3, 2, 6, 6, 5, 5, 2]

problem_46.yaml
AsyncStartBFS: 15.38 ms, [] -> [0] -> [0, 6] -> [0, 6, 4] -> [0, 6, 4, 0] -> [0, 6, 4, 0, 5] -> [0, 6, 4, 0, 5, 5] -> [0, 6, 4, 0, 5, 5, 2] -> [0, 6, 4, 0, 5, 5, 2, 1]
SyncBFS: 395.71 ms, [] -> [0] -> [0, 6] -> [0, 6, 4] -> [0, 6, 4, 0] -> [0, 6, 4, 0, 5] -> [0, 6, 4, 0, 5, 5] -> [0, 6, 4, 0, 5, 5, 2] -> [0, 6, 4, 0, 5, 5, 2, 1]
MultithreadBFS: 33.34 ms, [] -> [3] -> [3, 3] -> [3, 3, 3] -> [3, 3, 3, 0] -> [3, 3, 3, 0, 1] -> [3, 3, 3, 0, 1, 6] -> [3, 3, 3, 0, 1, 6, 7] -> [3, 3, 3, 0, 1, 6, 7, 2]
TasksBFS: 75.89 ms, [] -> [4] -> [4, 1] -> [4, 1, 2] -> [4, 1, 2, 0] -> [4, 1, 2, 0, 0] -> [4, 1, 2, 0, 0, 7] -> [4, 1, 2, 0, 0, 7, 1] -> [4, 1, 2, 0, 0, 7, 1, 0]

problem_34.yaml
MultithreadBFS: 59.88 ms, [] -> [5] -> [5, 0] -> [5, 0, 2] -> [5, 0, 2, 6] -> [5, 0, 2, 6, 7] -> [5, 0, 2, 6, 7, 4] -> [5, 0, 2, 6, 7, 4, 3] -> [5, 0, 2, 6, 7, 4, 3, 2]
TasksBFS: 102.44 ms, [] -> [0] -> [0, 3] -> [0, 3, 7] -> [0, 3, 7, 6] -> [0, 3, 7, 6, 2] -> [0, 3, 7, 6, 2, 5] -> [0, 3, 7, 6, 2, 5, 4] -> [0, 3, 7, 6, 2, 5, 4, 7]
AsyncStartBFS: 33.83 ms, [] -> [7] -> [7, 0] -> [7, 0, 2] -> [7, 0, 2, 7] -> [7, 0, 2, 7, 6] -> [7, 0, 2, 7, 6, 5] -> [7, 0, 2, 7, 6, 5, 5] -> [7, 0, 2, 7, 6, 5, 5, 5]
SyncBFS: 482.18 ms, [] -> [0] -> [0, 3] -> [0, 3, 7] -> [0, 3, 7, 6] -> [0, 3, 7, 6, 2] -> [0, 3, 7, 6, 2, 5] -> [0, 3, 7, 6, 2, 5, 4] -> [0, 3, 7, 6, 2, 5, 4, 7]

problem_32.yaml
SyncBFS: 465.24 ms, [] -> [1] -> [1, 2] -> [1, 2, 5] -> [1, 2, 5, 7] -> [1, 2, 5, 7, 1] -> [1, 2, 5, 7, 1, 5] -> [1, 2, 5, 7, 1, 5, 7] -> [1, 2, 5, 7, 1, 5, 7, 4]
TasksBFS: 71.06 ms, [] -> [1] -> [1, 5] -> [1, 5, 5] -> [1, 5, 5, 0] -> [1, 5, 5, 0, 4] -> [1, 5, 5, 0, 4, 7] -> [1, 5, 5, 0, 4, 7, 4] -> [1, 5, 5, 0, 4, 7, 4, 0]
MultithreadBFS: 35.69 ms, [] -> [6] -> [6, 3] -> [6, 3, 0] -> [6, 3, 0, 2] -> [6, 3, 0, 2, 0] -> [6, 3, 0, 2, 0, 5] -> [6, 3, 0, 2, 0, 5, 4] -> [6, 3, 0, 2, 0, 5, 4, 1]
AsyncStartBFS: 24.95 ms, [] -> [1] -> [1, 5] -> [1, 5, 5] -> [1, 5, 5, 0] -> [1, 5, 5, 0, 4] -> [1, 5, 5, 0, 4, 7] -> [1, 5, 5, 0, 4, 7, 4] -> [1, 5, 5, 0, 4, 7, 4, 0]

problem_31.yaml
TasksBFS: 60.85 ms, [] -> [4] -> [4, 0] -> [4, 0, 3] -> [4, 0, 3, 6] -> [4, 0, 3, 6, 7] -> [4, 0, 3, 6, 7, 5] -> [4, 0, 3, 6, 7, 5, 4] -> [4, 0, 3, 6, 7, 5, 4, 0]
SyncBFS: 327.89 ms, [] -> [1] -> [1, 4] -> [1, 4, 2] -> [1, 4, 2, 4] -> [1, 4, 2, 4, 3] -> [1, 4, 2, 4, 3, 0] -> [1, 4, 2, 4, 3, 0, 5] -> [1, 4, 2, 4, 3, 0, 5, 4]
MultithreadBFS: 55.6 ms, [] -> [5] -> [5, 2] -> [5, 2, 5] -> [5, 2, 5, 7] -> [5, 2, 5, 7, 0] -> [5, 2, 5, 7, 0, 4] -> [5, 2, 5, 7, 0, 4, 0] -> [5, 2, 5, 7, 0, 4, 0, 6]
AsyncStartBFS: 29.44 ms, [] -> [1] -> [1, 4] -> [1, 4, 2] -> [1, 4, 2, 4] -> [1, 4, 2, 4, 3] -> [1, 4, 2, 4, 3, 0] -> [1, 4, 2, 4, 3, 0, 5] -> [1, 4, 2, 4, 3, 0, 5, 4]

problem_30.yaml
AsyncStartBFS: 39.71 ms, [] -> [0] -> [0, 5] -> [0, 5, 7] -> [0, 5, 7, 5] -> [0, 5, 7, 5, 4] -> [0, 5, 7, 5, 4, 7] -> [0, 5, 7, 5, 4, 7, 0] -> [0, 5, 7, 5, 4, 7, 0, 6]
TasksBFS: 161.52 ms, [] -> [0] -> [0, 5] -> [0, 5, 7] -> [0, 5, 7, 5] -> [0, 5, 7, 5, 4] -> [0, 5, 7, 5, 4, 7] -> [0, 5, 7, 5, 4, 7, 0] -> [0, 5, 7, 5, 4, 7, 0, 6]
MultithreadBFS: 49.65 ms, [] -> [0] -> [0, 6] -> [0, 6, 0] -> [0, 6, 0, 6] -> [0, 6, 0, 6, 6] -> [0, 6, 0, 6, 6, 0] -> [0, 6, 0, 6, 6, 0, 3] -> [0, 6, 0, 6, 6, 0, 3, 4]
SyncBFS: 717.12 ms, [] -> [0] -> [0, 5] -> [0, 5, 7] -> [0, 5, 7, 5] -> [0, 5, 7, 5, 4] -> [0, 5, 7, 5, 4, 7] -> [0, 5, 7, 5, 4, 7, 0] -> [0, 5, 7, 5, 4, 7, 0, 6]

problem_10.yaml
MultithreadBFS: 42.13 ms, [] -> [2] -> [2, 2] -> [2, 2, 0] -> [2, 2, 0, 1] -> [2, 2, 0, 1, 0] -> [2, 2, 0, 1, 0, 1] -> [2, 2, 0, 1, 0, 1, 7] -> [2, 2, 0, 1, 0, 1, 7, 1]
AsyncStartBFS: 43.33 ms, [] -> [0] -> [0, 3] -> [0, 3, 0] -> [0, 3, 0, 5] -> [0, 3, 0, 5, 6] -> [0, 3, 0, 5, 6, 3] -> [0, 3, 0, 5, 6, 3, 3] -> [0, 3, 0, 5, 6, 3, 3, 0]
TasksBFS: 157.72 ms, [] -> [0] -> [0, 3] -> [0, 3, 0] -> [0, 3, 0, 5] -> [0, 3, 0, 5, 6] -> [0, 3, 0, 5, 6, 3] -> [0, 3, 0, 5, 6, 3, 3] -> [0, 3, 0, 5, 6, 3, 3, 0]
SyncBFS: 654.45 ms, [] -> [0] -> [0, 3] -> [0, 3, 0] -> [0, 3, 0, 5] -> [0, 3, 0, 5, 6] -> [0, 3, 0, 5, 6, 3] -> [0, 3, 0, 5, 6, 3, 3] -> [0, 3, 0, 5, 6, 3, 3, 0]

problem_09.yaml
SyncBFS: 279.58 ms, [] -> [0] -> [0, 0] -> [0, 0, 0] -> [0, 0, 0, 0] -> [0, 0, 0, 0, 1] -> [0, 0, 0, 0, 1, 3] -> [0, 0, 0, 0, 1, 3, 1] -> [0, 0, 0, 0, 1, 3, 1, 3]
MultithreadBFS: 10.38 ms, [] -> [0] -> [0, 0] -> [0, 0, 0] -> [0, 0, 0, 0] -> [0, 0, 0, 0, 1] -> [0, 0, 0, 0, 1, 3] -> [0, 0, 0, 0, 1, 3, 1] -> [0, 0, 0, 0, 1, 3, 1, 3]
TasksBFS: 29.85 ms, [] -> [0] -> [0, 0] -> [0, 0, 0] -> [0, 0, 0, 0] -> [0, 0, 0, 0, 1] -> [0, 0, 0, 0, 1, 3] -> [0, 0, 0, 0, 1, 3, 1] -> [0, 0, 0, 0, 1, 3, 1, 3]
AsyncStartBFS: 13.49 ms, [] -> [1] -> [1, 3] -> [1, 3, 3] -> [1, 3, 3, 1] -> [1, 3, 3, 1, 0] -> [1, 3, 3, 1, 0, 7] -> [1, 3, 3, 1, 0, 7, 2] -> [1, 3, 3, 1, 0, 7, 2, 5]

problem_12.yaml
TasksBFS: 132.03 ms, [] -> [0] -> [0, 0] -> [0, 0, 6] -> [0, 0, 6, 5] -> [0, 0, 6, 5, 5] -> [0, 0, 6, 5, 5, 5] -> [0, 0, 6, 5, 5, 5, 7] -> [0, 0, 6, 5, 5, 5, 7, 2]
MultithreadBFS: 50.04 ms, [] -> [1] -> [1, 5] -> [1, 5, 7] -> [1, 5, 7, 0] -> [1, 5, 7, 0, 6] -> [1, 5, 7, 0, 6, 5] -> [1, 5, 7, 0, 6, 5, 5] -> [1, 5, 7, 0, 6, 5, 5, 5]
AsyncStartBFS: 39.86 ms, [] -> [0] -> [0, 6] -> [0, 6, 4] -> [0, 6, 4, 1] -> [0, 6, 4, 1, 3] -> [0, 6, 4, 1, 3, 3] -> [0, 6, 4, 1, 3, 3, 6] -> [0, 6, 4, 1, 3, 3, 6, 4]
SyncBFS: 588.16 ms, [] -> [0] -> [0, 0] -> [0, 0, 6] -> [0, 0, 6, 5] -> [0, 0, 6, 5, 5] -> [0, 0, 6, 5, 5, 5] -> [0, 0, 6, 5, 5, 5, 7] -> [0, 0, 6, 5, 5, 5, 7, 2]

problem_47.yaml
MultithreadBFS: 48.54 ms, [] -> [3] -> [3, 6] -> [3, 6, 3] -> [3, 6, 3, 3] -> [3, 6, 3, 3, 2] -> [3, 6, 3, 3, 2, 5] -> [3, 6, 3, 3, 2, 5, 6] -> [3, 6, 3, 3, 2, 5, 6, 7]
AsyncStartBFS: 20.7 ms, [] -> [0] -> [0, 3] -> [0, 3, 0] -> [0, 3, 0, 0] -> [0, 3, 0, 0, 3] -> [0, 3, 0, 0, 3, 1] -> [0, 3, 0, 0, 3, 1, 3] -> [0, 3, 0, 0, 3, 1, 3, 0]
SyncBFS: 298.06 ms, [] -> [0] -> [0, 2] -> [0, 2, 2] -> [0, 2, 2, 3] -> [0, 2, 2, 3, 2] -> [0, 2, 2, 3, 2, 7] -> [0, 2, 2, 3, 2, 7, 4] -> [0, 2, 2, 3, 2, 7, 4, 6]
TasksBFS: 53.36 ms, [] -> [0] -> [0, 3] -> [0, 3, 0] -> [0, 3, 0, 0] -> [0, 3, 0, 0, 3] -> [0, 3, 0, 0, 3, 1] -> [0, 3, 0, 0, 3, 1, 3] -> [0, 3, 0, 0, 3, 1, 3, 0]

problem_11.yaml
SyncBFS: 585.82 ms, [] -> [0] -> [0, 1] -> [0, 1, 0] -> [0, 1, 0, 4] -> [0, 1, 0, 4, 2] -> [0, 1, 0, 4, 2, 2] -> [0, 1, 0, 4, 2, 2, 5] -> [0, 1, 0, 4, 2, 2, 5, 1]
AsyncStartBFS: 17.59 ms, [] -> [0] -> [0, 1] -> [0, 1, 0] -> [0, 1, 0, 4] -> [0, 1, 0, 4, 2] -> [0, 1, 0, 4, 2, 2] -> [0, 1, 0, 4, 2, 2, 5] -> [0, 1, 0, 4, 2, 2, 5, 1]
TasksBFS: 150.61 ms, [] -> [0] -> [0, 1] -> [0, 1, 0] -> [0, 1, 0, 4] -> [0, 1, 0, 4, 2] -> [0, 1, 0, 4, 2, 2] -> [0, 1, 0, 4, 2, 2, 5] -> [0, 1, 0, 4, 2, 2, 5, 1]
MultithreadBFS: 71.23 ms, [] -> [1] -> [1, 1] -> [1, 1, 3] -> [1, 1, 3, 3] -> [1, 1, 3, 3, 7] -> [1, 1, 3, 3, 7, 4] -> [1, 1, 3, 3, 7, 4, 3] -> [1, 1, 3, 3, 7, 4, 3, 7]

problem_01.yaml
TasksBFS: 107.07 ms, [] -> [1] -> [1, 3] -> [1, 3, 1] -> [1, 3, 1, 0] -> [1, 3, 1, 0, 6] -> [1, 3, 1, 0, 6, 3] -> [1, 3, 1, 0, 6, 3, 0] -> [1, 3, 1, 0, 6, 3, 0, 4]
AsyncStartBFS: 25.37 ms, [] -> [1] -> [1, 3] -> [1, 3, 5] -> [1, 3, 5, 1] -> [1, 3, 5, 1, 7] -> [1, 3, 5, 1, 7, 2] -> [1, 3, 5, 1, 7, 2, 0] -> [1, 3, 5, 1, 7, 2, 0, 2]
MultithreadBFS: 44.24 ms, [] -> [3] -> [3, 6] -> [3, 6, 0] -> [3, 6, 0, 1] -> [3, 6, 0, 1, 1] -> [3, 6, 0, 1, 1, 5] -> [3, 6, 0, 1, 1, 5, 2] -> [3, 6, 0, 1, 1, 5, 2, 7]
SyncBFS: 531.47 ms, [] -> [1] -> [1, 1] -> [1, 1, 4] -> [1, 1, 4, 7] -> [1, 1, 4, 7, 3] -> [1, 1, 4, 7, 3, 3] -> [1, 1, 4, 7, 3, 3, 5] -> [1, 1, 4, 7, 3, 3, 5, 2]

problem_08.yaml
TasksBFS: 42.34 ms, [] -> [2] -> [2, 6] -> [2, 6, 6] -> [2, 6, 6, 4] -> [2, 6, 6, 4, 2] -> [2, 6, 6, 4, 2, 6] -> [2, 6, 6, 4, 2, 6, 1] -> [2, 6, 6, 4, 2, 6, 1, 6]
SyncBFS: 237.48 ms, [] -> [1] -> [1, 3] -> [1, 3, 2] -> [1, 3, 2, 3] -> [1, 3, 2, 3, 7] -> [1, 3, 2, 3, 7, 3] -> [1, 3, 2, 3, 7, 3, 2] -> [1, 3, 2, 3, 7, 3, 2, 6]
MultithreadBFS: 35.77 ms, [] -> [7] -> [7, 6] -> [7, 6, 2] -> [7, 6, 2, 6] -> [7, 6, 2, 6, 1] -> [7, 6, 2, 6, 1, 5] -> [7, 6, 2, 6, 1, 5, 5] -> [7, 6, 2, 6, 1, 5, 5, 6]
AsyncStartBFS: 19.82 ms, [] -> [2] -> [2, 6] -> [2, 6, 7] -> [2, 6, 7, 0] -> [2, 6, 7, 0, 7] -> [2, 6, 7, 0, 7, 5] -> [2, 6, 7, 0, 7, 5, 5] -> [2, 6, 7, 0, 7, 5, 5, 4]

problem_06.yaml
AsyncStartBFS: 35.35 ms, [] -> [0] -> [0, 2] -> [0, 2, 3] -> [0, 2, 3, 6] -> [0, 2, 3, 6, 3] -> [0, 2, 3, 6, 3, 0] -> [0, 2, 3, 6, 3, 0, 3] -> [0, 2, 3, 6, 3, 0, 3, 4]
SyncBFS: 608.25 ms, [] -> [0] -> [0, 2] -> [0, 2, 3] -> [0, 2, 3, 6] -> [0, 2, 3, 6, 3] -> [0, 2, 3, 6, 3, 0] -> [0, 2, 3, 6, 3, 0, 3] -> [0, 2, 3, 6, 3, 0, 3, 4]
TasksBFS: 146.36 ms, [] -> [0] -> [0, 2] -> [0, 2, 3] -> [0, 2, 3, 6] -> [0, 2, 3, 6, 3] -> [0, 2, 3, 6, 3, 0] -> [0, 2, 3, 6, 3, 0, 3] -> [0, 2, 3, 6, 3, 0, 3, 4]
MultithreadBFS: 35.45 ms, [] -> [2] -> [2, 3] -> [2, 3, 0] -> [2, 3, 0, 0] -> [2, 3, 0, 0, 1] -> [2, 3, 0, 0, 1, 6] -> [2, 3, 0, 0, 1, 6, 6] -> [2, 3, 0, 0, 1, 6, 6, 0]

problem_19.yaml
AsyncStartBFS: 29.31 ms, [] -> [1] -> [1, 1] -> [1, 1, 5] -> [1, 1, 5, 0] -> [1, 1, 5, 0, 0] -> [1, 1, 5, 0, 0, 0] -> [1, 1, 5, 0, 0, 0, 0] -> [1, 1, 5, 0, 0, 0, 0, 1]
TasksBFS: 81.74 ms, [] -> [0] -> [0, 0] -> [0, 0, 6] -> [0, 0, 6, 6] -> [0, 0, 6, 6, 2] -> [0, 0, 6, 6, 2, 4] -> [0, 0, 6, 6, 2, 4, 4] -> [0, 0, 6, 6, 2, 4, 4, 1]
MultithreadBFS: 58.39 ms, [] -> [3] -> [3, 5] -> [3, 5, 7] -> [3, 5, 7, 1] -> [3, 5, 7, 1, 3] -> [3, 5, 7, 1, 3, 4] -> [3, 5, 7, 1, 3, 4, 6] -> [3, 5, 7, 1, 3, 4, 6, 0]
SyncBFS: 514.67 ms, [] -> [0] -> [0, 0] -> [0, 0, 6] -> [0, 0, 6, 6] -> [0, 0, 6, 6, 2] -> [0, 0, 6, 6, 2, 4] -> [0, 0, 6, 6, 2, 4, 4] -> [0, 0, 6, 6, 2, 4, 4, 1]

problem_40.yaml
TasksBFS: 50.97 ms, [] -> [2] -> [2, 6] -> [2, 6, 6] -> [2, 6, 6, 3] -> [2, 6, 6, 3, 1] -> [2, 6, 6, 3, 1, 7] -> [2, 6, 6, 3, 1, 7, 5] -> [2, 6, 6, 3, 1, 7, 5, 7]
SyncBFS: 248.17 ms, [] -> [0] -> [0, 3] -> [0, 3, 1] -> [0, 3, 1, 3] -> [0, 3, 1, 3, 4] -> [0, 3, 1, 3, 4, 6] -> [0, 3, 1, 3, 4, 6, 3] -> [0, 3, 1, 3, 4, 6, 3, 1]
AsyncStartBFS: 21.87 ms, [] -> [0] -> [0, 3] -> [0, 3, 1] -> [0, 3, 1, 3] -> [0, 3, 1, 3, 4] -> [0, 3, 1, 3, 4, 6] -> [0, 3, 1, 3, 4, 6, 3] -> [0, 3, 1, 3, 4, 6, 3, 1]
MultithreadBFS: 28.81 ms, [] -> [7] -> [7, 4] -> [7, 4, 2] -> [7, 4, 2, 0] -> [7, 4, 2, 0, 5] -> [7, 4, 2, 0, 5, 4] -> [7, 4, 2, 0, 5, 4, 7] -> [7, 4, 2, 0, 5, 4, 7, 6]

problem_04.yaml
MultithreadBFS: 48.01 ms, [] -> [3] -> [3, 1] -> [3, 1, 0] -> [3, 1, 0, 2] -> [3, 1, 0, 2, 6] -> [3, 1, 0, 2, 6, 2] -> [3, 1, 0, 2, 6, 2, 3] -> [3, 1, 0, 2, 6, 2, 3, 1]
AsyncStartBFS: 22.79 ms, [] -> [0] -> [0, 1] -> [0, 1, 0] -> [0, 1, 0, 1] -> [0, 1, 0, 1, 1] -> [0, 1, 0, 1, 1, 4] -> [0, 1, 0, 1, 1, 4, 0] -> [0, 1, 0, 1, 1, 4, 0, 5]
SyncBFS: 540.25 ms, [] -> [0] -> [0, 1] -> [0, 1, 0] -> [0, 1, 0, 1] -> [0, 1, 0, 1, 1] -> [0, 1, 0, 1, 1, 4] -> [0, 1, 0, 1, 1, 4, 0] -> [0, 1, 0, 1, 1, 4, 0, 5]
TasksBFS: 99.77 ms, [] -> [0] -> [0, 1] -> [0, 1, 0] -> [0, 1, 0, 1] -> [0, 1, 0, 1, 1] -> [0, 1, 0, 1, 1, 4] -> [0, 1, 0, 1, 1, 4, 0] -> [0, 1, 0, 1, 1, 4, 0, 5]

problem_33.yaml
TasksBFS: 99.37 ms, [] -> [0] -> [0, 0] -> [0, 0, 0] -> [0, 0, 0, 6] -> [0, 0, 0, 6, 7] -> [0, 0, 0, 6, 7, 4] -> [0, 0, 0, 6, 7, 4, 7] -> [0, 0, 0, 6, 7, 4, 7, 2]
SyncBFS: 469.27 ms, [] -> [0] -> [0, 0] -> [0, 0, 0] -> [0, 0, 0, 6] -> [0, 0, 0, 6, 7] -> [0, 0, 0, 6, 7, 4] -> [0, 0, 0, 6, 7, 4, 7] -> [0, 0, 0, 6, 7, 4, 7, 2]
AsyncStartBFS: 28.35 ms, [] -> [0] -> [0, 2] -> [0, 2, 2] -> [0, 2, 2, 7] -> [0, 2, 2, 7, 4] -> [0, 2, 2, 7, 4, 6] -> [0, 2, 2, 7, 4, 6, 0] -> [0, 2, 2, 7, 4, 6, 0, 4]
MultithreadBFS: 38.84 ms, [] -> [5] -> [5, 4] -> [5, 4, 1] -> [5, 4, 1, 6] -> [5, 4, 1, 6, 1] -> [5, 4, 1, 6, 1, 7] -> [5, 4, 1, 6, 1, 7, 0] -> [5, 4, 1, 6, 1, 7, 0, 1]

problem_21.yaml
TasksBFS: 70.37 ms, [] -> [0] -> [0, 6] -> [0, 6, 7] -> [0, 6, 7, 0] -> [0, 6, 7, 0, 2] -> [0, 6, 7, 0, 2, 1] -> [0, 6, 7, 0, 2, 1, 5] -> [0, 6, 7, 0, 2, 1, 5, 3]
AsyncStartBFS: 28.98 ms, [] -> [0] -> [0, 6] -> [0, 6, 7] -> [0, 6, 7, 0] -> [0, 6, 7, 0, 2] -> [0, 6, 7, 0, 2, 1] -> [0, 6, 7, 0, 2, 1, 5] -> [0, 6, 7, 0, 2, 1, 5, 3]
SyncBFS: 357.22 ms, [] -> [0] -> [0, 6] -> [0, 6, 7] -> [0, 6, 7, 0] -> [0, 6, 7, 0, 2] -> [0, 6, 7, 0, 2, 1] -> [0, 6, 7, 0, 2, 1, 5] -> [0, 6, 7, 0, 2, 1, 5, 3]
MultithreadBFS: 45.03 ms, [] -> [1] -> [1, 7] -> [1, 7, 1] -> [1, 7, 1, 0] -> [1, 7, 1, 0, 1] -> [1, 7, 1, 0, 1, 5] -> [1, 7, 1, 0, 1, 5, 1] -> [1, 7, 1, 0, 1, 5, 1, 7]

problem_24.yaml
AsyncStartBFS: 4.4 ms, [] -> [2] -> [2, 0] -> [2, 0, 3] -> [2, 0, 3, 0] -> [2, 0, 3, 0, 2] -> [2, 0, 3, 0, 2, 7] -> [2, 0, 3, 0, 2, 7, 5] -> [2, 0, 3, 0, 2, 7, 5, 3]
MultithreadBFS: 9.95 ms, [] -> [2] -> [2, 0] -> [2, 0, 3] -> [2, 0, 3, 0] -> [2, 0, 3, 0, 2] -> [2, 0, 3, 0, 2, 7] -> [2, 0, 3, 0, 2, 7, 5] -> [2, 0, 3, 0, 2, 7, 5, 3]
TasksBFS: 33.16 ms, [] -> [2] -> [2, 0] -> [2, 0, 3] -> [2, 0, 3, 0] -> [2, 0, 3, 0, 2] -> [2, 0, 3, 0, 2, 7] -> [2, 0, 3, 0, 2, 7, 5] -> [2, 0, 3, 0, 2, 7, 5, 3]
SyncBFS: 244.03 ms, [] -> [2] -> [2, 0] -> [2, 0, 3] -> [2, 0, 3, 0] -> [2, 0, 3, 0, 2] -> [2, 0, 3, 0, 2, 7] -> [2, 0, 3, 0, 2, 7, 5] -> [2, 0, 3, 0, 2, 7, 5, 3]

problem_03.yaml
MultithreadBFS: 75.65 ms, [] -> [1] -> [1, 7] -> [1, 7, 3] -> [1, 7, 3, 6] -> [1, 7, 3, 6, 2] -> [1, 7, 3, 6, 2, 7] -> [1, 7, 3, 6, 2, 7, 6] -> [1, 7, 3, 6, 2, 7, 6, 4]
AsyncStartBFS: 65.87 ms, [] -> [7] -> [7, 6] -> [7, 6, 0] -> [7, 6, 0, 3] -> [7, 6, 0, 3, 0] -> [7, 6, 0, 3, 0, 2] -> [7, 6, 0, 3, 0, 2, 3] -> [7, 6, 0, 3, 0, 2, 3, 0]
SyncBFS: 668.57 ms, [] -> [1] -> [1, 2] -> [1, 2, 3] -> [1, 2, 3, 0] -> [1, 2, 3, 0, 1] -> [1, 2, 3, 0, 1, 4] -> [1, 2, 3, 0, 1, 4, 6] -> [1, 2, 3, 0, 1, 4, 6, 1]
TasksBFS: 155.41 ms, [] -> [4] -> [4, 6] -> [4, 6, 4] -> [4, 6, 4, 0] -> [4, 6, 4, 0, 0] -> [4, 6, 4, 0, 0, 6] -> [4, 6, 4, 0, 0, 6, 7] -> [4, 6, 4, 0, 0, 6, 7, 6]

problem_07.yaml
MultithreadBFS: 69.43 ms, [] -> [4] -> [4, 1] -> [4, 1, 2] -> [4, 1, 2, 0] -> [4, 1, 2, 0, 5] -> [4, 1, 2, 0, 5, 3] -> [4, 1, 2, 0, 5, 3, 3] -> [4, 1, 2, 0, 5, 3, 3, 5]
TasksBFS: 100.39 ms, [] -> [2] -> [2, 2] -> [2, 2, 0] -> [2, 2, 0, 6] -> [2, 2, 0, 6, 2] -> [2, 2, 0, 6, 2, 3] -> [2, 2, 0, 6, 2, 3, 1] -> [2, 2, 0, 6, 2, 3, 1, 0]
AsyncStartBFS: 34.28 ms, [] -> [4] -> [4, 1] -> [4, 1, 2] -> [4, 1, 2, 0] -> [4, 1, 2, 0, 5] -> [4, 1, 2, 0, 5, 3] -> [4, 1, 2, 0, 5, 3, 3] -> [4, 1, 2, 0, 5, 3, 3, 5]
SyncBFS: 553.02 ms, [] -> [2] -> [2, 2] -> [2, 2, 0] -> [2, 2, 0, 6] -> [2, 2, 0, 6, 2] -> [2, 2, 0, 6, 2, 3] -> [2, 2, 0, 6, 2, 3, 1] -> [2, 2, 0, 6, 2, 3, 1, 0]

problem_42.yaml
SyncBFS: 541.1 ms, [] -> [1] -> [1, 0] -> [1, 0, 3] -> [1, 0, 3, 2] -> [1, 0, 3, 2, 7] -> [1, 0, 3, 2, 7, 4] -> [1, 0, 3, 2, 7, 4, 5] -> [1, 0, 3, 2, 7, 4, 5, 7]
MultithreadBFS: 51.62 ms, [] -> [2] -> [2, 3] -> [2, 3, 2] -> [2, 3, 2, 6] -> [2, 3, 2, 6, 2] -> [2, 3, 2, 6, 2, 7] -> [2, 3, 2, 6, 2, 7, 2] -> [2, 3, 2, 6, 2, 7, 2, 0]
AsyncStartBFS: 32.9 ms, [] -> [1] -> [1, 0] -> [1, 0, 6] -> [1, 0, 6, 6] -> [1, 0, 6, 6, 5] -> [1, 0, 6, 6, 5, 6] -> [1, 0, 6, 6, 5, 6, 7] -> [1, 0, 6, 6, 5, 6, 7, 2]
TasksBFS: 130.27 ms, [] -> [1] -> [1, 0] -> [1, 0, 6] -> [1, 0, 6, 6] -> [1, 0, 6, 6, 5] -> [1, 0, 6, 6, 5, 6] -> [1, 0, 6, 6, 5, 6, 7] -> [1, 0, 6, 6, 5, 6, 7, 2]

problem_02.yaml
SyncBFS: 232.07 ms, [] -> [0] -> [0, 4] -> [0, 4, 4] -> [0, 4, 4, 4] -> [0, 4, 4, 4, 2] -> [0, 4, 4, 4, 2, 3] -> [0, 4, 4, 4, 2, 3, 1] -> [0, 4, 4, 4, 2, 3, 1, 0]
MultithreadBFS: 31.22 ms, [] -> [4] -> [4, 3] -> [4, 3, 1] -> [4, 3, 1, 0] -> [4, 3, 1, 0, 5] -> [4, 3, 1, 0, 5, 4] -> [4, 3, 1, 0, 5, 4, 7] -> [4, 3, 1, 0, 5, 4, 7, 3]
AsyncStartBFS: 16.08 ms, [] -> [0] -> [0, 6] -> [0, 6, 7] -> [0, 6, 7, 5] -> [0, 6, 7, 5, 5] -> [0, 6, 7, 5, 5, 2] -> [0, 6, 7, 5, 5, 2, 7] -> [0, 6, 7, 5, 5, 2, 7, 0]
TasksBFS: 31.67 ms, [] -> [0] -> [0, 6] -> [0, 6, 7] -> [0, 6, 7, 5] -> [0, 6, 7, 5, 5] -> [0, 6, 7, 5, 5, 2] -> [0, 6, 7, 5, 5, 2, 7] -> [0, 6, 7, 5, 5, 2, 7, 0]

problem_29.yaml
TasksBFS: 63.85 ms, [] -> [4] -> [4, 6] -> [4, 6, 7] -> [4, 6, 7, 6] -> [4, 6, 7, 6, 3] -> [4, 6, 7, 6, 3, 1] -> [4, 6, 7, 6, 3, 1, 5] -> [4, 6, 7, 6, 3, 1, 5, 3]
SyncBFS: 290.4 ms, [] -> [3] -> [3, 5] -> [3, 5, 1] -> [3, 5, 1, 7] -> [3, 5, 1, 7, 6] -> [3, 5, 1, 7, 6, 6] -> [3, 5, 1, 7, 6, 6, 5] -> [3, 5, 1, 7, 6, 6, 5, 1]
AsyncStartBFS: 27.92 ms, [] -> [4] -> [4, 3] -> [4, 3, 6] -> [4, 3, 6, 3] -> [4, 3, 6, 3, 2] -> [4, 3, 6, 3, 2, 7] -> [4, 3, 6, 3, 2, 7, 4] -> [4, 3, 6, 3, 2, 7, 4, 7]
MultithreadBFS: 38.18 ms, [] -> [3] -> [3, 5] -> [3, 5, 1] -> [3, 5, 1, 7] -> [3, 5, 1, 7, 6] -> [3, 5, 1, 7, 6, 6] -> [3, 5, 1, 7, 6, 6, 5] -> [3, 5, 1, 7, 6, 6, 5, 1]

problem_00.yaml
AsyncStartBFS: 21.81 ms, [] -> [1] -> [1, 2] -> [1, 2, 1] -> [1, 2, 1, 5] -> [1, 2, 1, 5, 1] -> [1, 2, 1, 5, 1, 4] -> [1, 2, 1, 5, 1, 4, 5] -> [1, 2, 1, 5, 1, 4, 5, 7]
TasksBFS: 155.55 ms, [] -> [3] -> [3, 7] -> [3, 7, 0] -> [3, 7, 0, 3] -> [3, 7, 0, 3, 4] -> [3, 7, 0, 3, 4, 5] -> [3, 7, 0, 3, 4, 5, 5] -> [3, 7, 0, 3, 4, 5, 5, 3]
SyncBFS: 558.22 ms, [] -> [1] -> [1, 2] -> [1, 2, 1] -> [1, 2, 1, 5] -> [1, 2, 1, 5, 1] -> [1, 2, 1, 5, 1, 4] -> [1, 2, 1, 5, 1, 4, 5] -> [1, 2, 1, 5, 1, 4, 5, 7]
MultithreadBFS: 46.8 ms, [] -> [3] -> [3, 5] -> [3, 5, 0] -> [3, 5, 0, 2] -> [3, 5, 0, 2, 0] -> [3, 5, 0, 2, 0, 1] -> [3, 5, 0, 2, 0, 1, 6] -> [3, 5, 0, 2, 0, 1, 6, 7]

problem_13.yaml
AsyncStartBFS: 39.57 ms, [] -> [0] -> [0, 5] -> [0, 5, 4] -> [0, 5, 4, 4] -> [0, 5, 4, 4, 3] -> [0, 5, 4, 4, 3, 4] -> [0, 5, 4, 4, 3, 4, 6] -> [0, 5, 4, 4, 3, 4, 6, 6]
TasksBFS: 70.6 ms, [] -> [0] -> [0, 5] -> [0, 5, 4] -> [0, 5, 4, 4] -> [0, 5, 4, 4, 3] -> [0, 5, 4, 4, 3, 4] -> [0, 5, 4, 4, 3, 4, 6] -> [0, 5, 4, 4, 3, 4, 6, 6]
MultithreadBFS: 48.03 ms, [] -> [7] -> [7, 1] -> [7, 1, 0] -> [7, 1, 0, 6] -> [7, 1, 0, 6, 5] -> [7, 1, 0, 6, 5, 5] -> [7, 1, 0, 6, 5, 5, 6] -> [7, 1, 0, 6, 5, 5, 6, 3]
SyncBFS: 404.33 ms, [] -> [0] -> [0, 5] -> [0, 5, 4] -> [0, 5, 4, 4] -> [0, 5, 4, 4, 3] -> [0, 5, 4, 4, 3, 4] -> [0, 5, 4, 4, 3, 4, 6] -> [0, 5, 4, 4, 3, 4, 6, 6]

problem_16.yaml
AsyncStartBFS: 15.74 ms, [] -> [0] -> [0, 0] -> [0, 0, 5] -> [0, 0, 5, 6] -> [0, 0, 5, 6, 2] -> [0, 0, 5, 6, 2, 5] -> [0, 0, 5, 6, 2, 5, 5] -> [0, 0, 5, 6, 2, 5, 5, 0]
MultithreadBFS: 50.95 ms, [] -> [2] -> [2, 3] -> [2, 3, 3] -> [2, 3, 3, 0] -> [2, 3, 3, 0, 4] -> [2, 3, 3, 0, 4, 7] -> [2, 3, 3, 0, 4, 7, 4] -> [2, 3, 3, 0, 4, 7, 4, 0]
SyncBFS: 614.82 ms, [] -> [0] -> [0, 0] -> [0, 0, 0] -> [0, 0, 0, 4] -> [0, 0, 0, 4, 0] -> [0, 0, 0, 4, 0, 2] -> [0, 0, 0, 4, 0, 2, 7] -> [0, 0, 0, 4, 0, 2, 7, 5]
TasksBFS: 154.21 ms, [] -> [0] -> [0, 0] -> [0, 0, 5] -> [0, 0, 5, 6] -> [0, 0, 5, 6, 2] -> [0, 0, 5, 6, 2, 5] -> [0, 0, 5, 6, 2, 5, 5] -> [0, 0, 5, 6, 2, 5, 5, 0]

problem_20.yaml
MultithreadBFS: 43.31 ms, [] -> [0] -> [0, 0] -> [0, 0, 7] -> [0, 0, 7, 4] -> [0, 0, 7, 4, 6] -> [0, 0, 7, 4, 6, 3] -> [0, 0, 7, 4, 6, 3, 2] -> [0, 0, 7, 4, 6, 3, 2, 3]
TasksBFS: 49.54 ms, [] -> [0] -> [0, 0] -> [0, 0, 7] -> [0, 0, 7, 4] -> [0, 0, 7, 4, 6] -> [0, 0, 7, 4, 6, 3] -> [0, 0, 7, 4, 6, 3, 2] -> [0, 0, 7, 4, 6, 3, 2, 3]
AsyncStartBFS: 29.65 ms, [] -> [1] -> [1, 1] -> [1, 1, 6] -> [1, 1, 6, 3] -> [1, 1, 6, 3, 6] -> [1, 1, 6, 3, 6, 2] -> [1, 1, 6, 3, 6, 2, 6] -> [1, 1, 6, 3, 6, 2, 6, 7]
SyncBFS: 282.75 ms, [] -> [0] -> [0, 0] -> [0, 0, 7] -> [0, 0, 7, 4] -> [0, 0, 7, 4, 6] -> [0, 0, 7, 4, 6, 3] -> [0, 0, 7, 4, 6, 3, 2] -> [0, 0, 7, 4, 6, 3, 2, 3]

problem_18.yaml
SyncBFS: 490.9 ms, [] -> [1] -> [1, 3] -> [1, 3, 0] -> [1, 3, 0, 3] -> [1, 3, 0, 3, 5] -> [1, 3, 0, 3, 5, 6] -> [1, 3, 0, 3, 5, 6, 5] -> [1, 3, 0, 3, 5, 6, 5, 7]
MultithreadBFS: 47.72 ms, [] -> [4] -> [4, 3] -> [4, 3, 6] -> [4, 3, 6, 1] -> [4, 3, 6, 1, 7] -> [4, 3, 6, 1, 7, 2] -> [4, 3, 6, 1, 7, 2, 0] -> [4, 3, 6, 1, 7, 2, 0, 1]
AsyncStartBFS: 18.4 ms, [] -> [1] -> [1, 3] -> [1, 3, 0] -> [1, 3, 0, 3] -> [1, 3, 0, 3, 5] -> [1, 3, 0, 3, 5, 6] -> [1, 3, 0, 3, 5, 6, 5] -> [1, 3, 0, 3, 5, 6, 5, 7]
TasksBFS: 62.08 ms, [] -> [1] -> [1, 3] -> [1, 3, 0] -> [1, 3, 0, 3] -> [1, 3, 0, 3, 5] -> [1, 3, 0, 3, 5, 6] -> [1, 3, 0, 3, 5, 6, 5] -> [1, 3, 0, 3, 5, 6, 5, 7]

problem_05.yaml
AsyncStartBFS: 25.61 ms, [] -> [1] -> [1, 3] -> [1, 3, 0] -> [1, 3, 0, 7] -> [1, 3, 0, 7, 0] -> [1, 3, 0, 7, 0, 6] -> [1, 3, 0, 7, 0, 6, 7] -> [1, 3, 0, 7, 0, 6, 7, 1]
MultithreadBFS: 51.38 ms, [] -> [1] -> [1, 7] -> [1, 7, 1] -> [1, 7, 1, 1] -> [1, 7, 1, 1, 7] -> [1, 7, 1, 1, 7, 7] -> [1, 7, 1, 1, 7, 7, 5] -> [1, 7, 1, 1, 7, 7, 5, 4]
SyncBFS: 408.04 ms, [] -> [1] -> [1, 3] -> [1, 3, 0] -> [1, 3, 0, 7] -> [1, 3, 0, 7, 0] -> [1, 3, 0, 7, 0, 6] -> [1, 3, 0, 7, 0, 6, 7] -> [1, 3, 0, 7, 0, 6, 7, 1]
TasksBFS: 65.71 ms, [] -> [1] -> [1, 3] -> [1, 3, 0] -> [1, 3, 0, 7] -> [1, 3, 0, 7, 0] -> [1, 3, 0, 7, 0, 6] -> [1, 3, 0, 7, 0, 6, 7] -> [1, 3, 0, 7, 0, 6, 7, 1]

problem_15.yaml
AsyncStartBFS: 9.58 ms, [] -> [0] -> [0, 5] -> [0, 5, 4] -> [0, 5, 4, 0] -> [0, 5, 4, 0, 0] -> [0, 5, 4, 0, 0, 1] -> [0, 5, 4, 0, 0, 1, 7] -> [0, 5, 4, 0, 0, 1, 7, 7]
SyncBFS: 602.05 ms, [] -> [0] -> [0, 3] -> [0, 3, 3] -> [0, 3, 3, 4] -> [0, 3, 3, 4, 3] -> [0, 3, 3, 4, 3, 6] -> [0, 3, 3, 4, 3, 6, 2] -> [0, 3, 3, 4, 3, 6, 2, 2]
TasksBFS: 92.24 ms, [] -> [0] -> [0, 3] -> [0, 3, 3] -> [0, 3, 3, 4] -> [0, 3, 3, 4, 3] -> [0, 3, 3, 4, 3, 6] -> [0, 3, 3, 4, 3, 6, 2] -> [0, 3, 3, 4, 3, 6, 2, 2]
MultithreadBFS: 54.16 ms, [] -> [1] -> [1, 6] -> [1, 6, 2] -> [1, 6, 2, 5] -> [1, 6, 2, 5, 2] -> [1, 6, 2, 5, 2, 3] -> [1, 6, 2, 5, 2, 3, 7] -> [1, 6, 2, 5, 2, 3, 7, 3]

problem_17.yaml
SyncBFS: 270.37 ms, [] -> [3] -> [3, 0] -> [3, 0, 2] -> [3, 0, 2, 4] -> [3, 0, 2, 4, 7] -> [3, 0, 2, 4, 7, 4] -> [3, 0, 2, 4, 7, 4, 7] -> [3, 0, 2, 4, 7, 4, 7, 6]
TasksBFS: 39.37 ms, [] -> [5] -> [5, 0] -> [5, 0, 6] -> [5, 0, 6, 7] -> [5, 0, 6, 7, 5] -> [5, 0, 6, 7, 5, 6] -> [5, 0, 6, 7, 5, 6, 0] -> [5, 0, 6, 7, 5, 6, 0, 6]
AsyncStartBFS: 31.21 ms, [] -> [3] -> [3, 0] -> [3, 0, 2] -> [3, 0, 2, 4] -> [3, 0, 2, 4, 7] -> [3, 0, 2, 4, 7, 4] -> [3, 0, 2, 4, 7, 4, 7] -> [3, 0, 2, 4, 7, 4, 7, 6]
MultithreadBFS: 21.22 ms, [] -> [5] -> [5, 0] -> [5, 0, 6] -> [5, 0, 6, 7] -> [5, 0, 6, 7, 5] -> [5, 0, 6, 7, 5, 6] -> [5, 0, 6, 7, 5, 6, 0] -> [5, 0, 6, 7, 5, 6, 0, 6]

problem_37.yaml
TasksBFS: 106.61 ms, [] -> [5] -> [5, 2] -> [5, 2, 0] -> [5, 2, 0, 6] -> [5, 2, 0, 6, 2] -> [5, 2, 0, 6, 2, 6] -> [5, 2, 0, 6, 2, 6, 3] -> [5, 2, 0, 6, 2, 6, 3, 6]
MultithreadBFS: 42.71 ms, [] -> [4] -> [4, 6] -> [4, 6, 1] -> [4, 6, 1, 6] -> [4, 6, 1, 6, 5] -> [4, 6, 1, 6, 5, 7] -> [4, 6, 1, 6, 5, 7, 0] -> [4, 6, 1, 6, 5, 7, 0, 0]
SyncBFS: 591.35 ms, [] -> [0] -> [0, 5] -> [0, 5, 4] -> [0, 5, 4, 6] -> [0, 5, 4, 6, 7] -> [0, 5, 4, 6, 7, 4] -> [0, 5, 4, 6, 7, 4, 7] -> [0, 5, 4, 6, 7, 4, 7, 0]
AsyncStartBFS: 22.71 ms, [] -> [5] -> [5, 2] -> [5, 2, 0] -> [5, 2, 0, 6] -> [5, 2, 0, 6, 2] -> [5, 2, 0, 6, 2, 6] -> [5, 2, 0, 6, 2, 6, 3] -> [5, 2, 0, 6, 2, 6, 3, 6]

problem_22.yaml
MultithreadBFS: 58.1 ms, [] -> [3] -> [3, 6] -> [3, 6, 2] -> [3, 6, 2, 6] -> [3, 6, 2, 6, 0] -> [3, 6, 2, 6, 0, 1] -> [3, 6, 2, 6, 0, 1, 0] -> [3, 6, 2, 6, 0, 1, 0, 3]
SyncBFS: 488.94 ms, [] -> [0] -> [0, 7] -> [0, 7, 4] -> [0, 7, 4, 1] -> [0, 7, 4, 1, 0] -> [0, 7, 4, 1, 0, 1] -> [0, 7, 4, 1, 0, 1, 3] -> [0, 7, 4, 1, 0, 1, 3, 1]
AsyncStartBFS: 27.85 ms, [] -> [0] -> [0, 7] -> [0, 7, 4] -> [0, 7, 4, 1] -> [0, 7, 4, 1, 0] -> [0, 7, 4, 1, 0, 1] -> [0, 7, 4, 1, 0, 1, 3] -> [0, 7, 4, 1, 0, 1, 3, 1]
TasksBFS: 55.66 ms, [] -> [2] -> [2, 1] -> [2, 1, 5] -> [2, 1, 5, 4] -> [2, 1, 5, 4, 5] -> [2, 1, 5, 4, 5, 5] -> [2, 1, 5, 4, 5, 5, 2] -> [2, 1, 5, 4, 5, 5, 2, 4]

problem_23.yaml
AsyncStartBFS: 15.6 ms, [] -> [1] -> [1, 4] -> [1, 4, 5] -> [1, 4, 5, 1] -> [1, 4, 5, 1, 0] -> [1, 4, 5, 1, 0, 0] -> [1, 4, 5, 1, 0, 0, 4] -> [1, 4, 5, 1, 0, 0, 4, 3]
TasksBFS: 50.95 ms, [] -> [2] -> [2, 5] -> [2, 5, 6] -> [2, 5, 6, 5] -> [2, 5, 6, 5, 5] -> [2, 5, 6, 5, 5, 5] -> [2, 5, 6, 5, 5, 5, 6] -> [2, 5, 6, 5, 5, 5, 6, 4]
MultithreadBFS: 40.32 ms, [] -> [4] -> [4, 1] -> [4, 1, 0] -> [4, 1, 0, 4] -> [4, 1, 0, 4, 1] -> [4, 1, 0, 4, 1, 3] -> [4, 1, 0, 4, 1, 3, 7] -> [4, 1, 0, 4, 1, 3, 7, 2]
SyncBFS: 342.56 ms, [] -> [1] -> [1, 4] -> [1, 4, 5] -> [1, 4, 5, 1] -> [1, 4, 5, 1, 0] -> [1, 4, 5, 1, 0, 0] -> [1, 4, 5, 1, 0, 0, 4] -> [1, 4, 5, 1, 0, 0, 4, 3]

problem_25.yaml
SyncBFS: 444.69 ms, [] -> [0] -> [0, 0] -> [0, 0, 4] -> [0, 0, 4, 2] -> [0, 0, 4, 2, 2] -> [0, 0, 4, 2, 2, 3] -> [0, 0, 4, 2, 2, 3, 4] -> [0, 0, 4, 2, 2, 3, 4, 0]
TasksBFS: 74.02 ms, [] -> [0] -> [0, 0] -> [0, 0, 4] -> [0, 0, 4, 2] -> [0, 0, 4, 2, 2] -> [0, 0, 4, 2, 2, 3] -> [0, 0, 4, 2, 2, 3, 4] -> [0, 0, 4, 2, 2, 3, 4, 0]
MultithreadBFS: 42.62 ms, [] -> [3] -> [3, 0] -> [3, 0, 1] -> [3, 0, 1, 0] -> [3, 0, 1, 0, 1] -> [3, 0, 1, 0, 1, 2] -> [3, 0, 1, 0, 1, 2, 6] -> [3, 0, 1, 0, 1, 2, 6, 1]
AsyncStartBFS: 14.02 ms, [] -> [0] -> [0, 2] -> [0, 2, 6] -> [0, 2, 6, 0] -> [0, 2, 6, 0, 4] -> [0, 2, 6, 0, 4, 5] -> [0, 2, 6, 0, 4, 5, 0] -> [0, 2, 6, 0, 4, 5, 0, 6]

problem_27.yaml
AsyncStartBFS: 30.48 ms, [] -> [3] -> [3, 2] -> [3, 2, 0] -> [3, 2, 0, 3] -> [3, 2, 0, 3, 6] -> [3, 2, 0, 3, 6, 4] -> [3, 2, 0, 3, 6, 4, 6] -> [3, 2, 0, 3, 6, 4, 6, 2]
SyncBFS: 403.63 ms, [] -> [0] -> [0, 7] -> [0, 7, 2] -> [0, 7, 2, 5] -> [0, 7, 2, 5, 1] -> [0, 7, 2, 5, 1, 5] -> [0, 7, 2, 5, 1, 5, 1] -> [0, 7, 2, 5, 1, 5, 1, 6]
TasksBFS: 68.76 ms, [] -> [0] -> [0, 7] -> [0, 7, 2] -> [0, 7, 2, 5] -> [0, 7, 2, 5, 1] -> [0, 7, 2, 5, 1, 5] -> [0, 7, 2, 5, 1, 5, 1] -> [0, 7, 2, 5, 1, 5, 1, 6]
MultithreadBFS: 50.14 ms, [] -> [6] -> [6, 3] -> [6, 3, 2] -> [6, 3, 2, 2] -> [6, 3, 2, 2, 5] -> [6, 3, 2, 2, 5, 5] -> [6, 3, 2, 2, 5, 5, 5] -> [6, 3, 2, 2, 5, 5, 5, 2]

problem_26.yaml
MultithreadBFS: 47.48 ms, [] -> [2] -> [2, 0] -> [2, 0, 3] -> [2, 0, 3, 2] -> [2, 0, 3, 2, 1] -> [2, 0, 3, 2, 1, 6] -> [2, 0, 3, 2, 1, 6, 2] -> [2, 0, 3, 2, 1, 6, 2, 1]
AsyncStartBFS: 55.71 ms, [] -> [2] -> [2, 0] -> [2, 0, 3] -> [2, 0, 3, 2] -> [2, 0, 3, 2, 1] -> [2, 0, 3, 2, 1, 6] -> [2, 0, 3, 2, 1, 6, 2] -> [2, 0, 3, 2, 1, 6, 2, 1]
TasksBFS: 116.54 ms, [] -> [3] -> [3, 6] -> [3, 6, 0] -> [3, 6, 0, 0] -> [3, 6, 0, 0, 5] -> [3, 6, 0, 0, 5, 7] -> [3, 6, 0, 0, 5, 7, 4] -> [3, 6, 0, 0, 5, 7, 4, 2]
SyncBFS: 698.25 ms, [] -> [2] -> [2, 0] -> [2, 0, 3] -> [2, 0, 3, 2] -> [2, 0, 3, 2, 1] -> [2, 0, 3, 2, 1, 6] -> [2, 0, 3, 2, 1, 6, 2] -> [2, 0, 3, 2, 1, 6, 2, 1]

problem_14.yaml
AsyncStartBFS: 21 ms, [] -> [0] -> [0, 6] -> [0, 6, 5] -> [0, 6, 5, 2] -> [0, 6, 5, 2, 3] -> [0, 6, 5, 2, 3, 1] -> [0, 6, 5, 2, 3, 1, 4] -> [0, 6, 5, 2, 3, 1, 4, 3]
TasksBFS: 144.07 ms, [] -> [0] -> [0, 3] -> [0, 3, 3] -> [0, 3, 3, 3] -> [0, 3, 3, 3, 1] -> [0, 3, 3, 3, 1, 1] -> [0, 3, 3, 3, 1, 1, 0] -> [0, 3, 3, 3, 1, 1, 0, 1]
MultithreadBFS: 49.41 ms, [] -> [1] -> [1, 0] -> [1, 0, 1] -> [1, 0, 1, 7] -> [1, 0, 1, 7, 6] -> [1, 0, 1, 7, 6, 5] -> [1, 0, 1, 7, 6, 5, 6] -> [1, 0, 1, 7, 6, 5, 6, 3]
SyncBFS: 585.21 ms, [] -> [0] -> [0, 3] -> [0, 3, 3] -> [0, 3, 3, 3] -> [0, 3, 3, 3, 1] -> [0, 3, 3, 3, 1, 1] -> [0, 3, 3, 3, 1, 1, 0] -> [0, 3, 3, 3, 1, 1, 0, 1]

problem_28.yaml
AsyncStartBFS: 29.48 ms, [] -> [2] -> [2, 3] -> [2, 3, 1] -> [2, 3, 1, 4] -> [2, 3, 1, 4, 6] -> [2, 3, 1, 4, 6, 6] -> [2, 3, 1, 4, 6, 6, 0] -> [2, 3, 1, 4, 6, 6, 0, 0]
TasksBFS: 69.11 ms, [] -> [3] -> [3, 2] -> [3, 2, 5] -> [3, 2, 5, 7] -> [3, 2, 5, 7, 3] -> [3, 2, 5, 7, 3, 0] -> [3, 2, 5, 7, 3, 0, 5] -> [3, 2, 5, 7, 3, 0, 5, 0]
SyncBFS: 412.11 ms, [] -> [2] -> [2, 3] -> [2, 3, 1] -> [2, 3, 1, 4] -> [2, 3, 1, 4, 6] -> [2, 3, 1, 4, 6, 6] -> [2, 3, 1, 4, 6, 6, 0] -> [2, 3, 1, 4, 6, 6, 0, 0]
MultithreadBFS: 60.69 ms, [] -> [4] -> [4, 2] -> [4, 2, 3] -> [4, 2, 3, 4] -> [4, 2, 3, 4, 0] -> [4, 2, 3, 4, 0, 6] -> [4, 2, 3, 4, 0, 6, 6] -> [4, 2, 3, 4, 0, 6, 6, 3]


[INFO] Results summary:
MultithreadBFS
	Average: 45.4562 ms
	Median: 47.6 ms
	Standard Deviation: 13.4506 ms
SyncBFS
	Average: 452.75 ms
	Median: 454.965 ms
	Standard Deviation: 139.75 ms
TasksBFS
	Average: 87.3106 ms
	Median: 70.83 ms
	Standard Deviation: 38.7776 ms
AsyncStartBFS
	Average: 27.2278 ms
	Median: 26.73 ms
	Standard Deviation: 12.0183 ms
