problem_49.yaml
SyncBFS: 10.84 ms, [] -> [1] -> [1, 0] -> [1, 0, 1] -> [1, 0, 1, 1] -> [1, 0, 1, 1, 2] -> [1, 0, 1, 1, 2, 1] -> [1, 0, 1, 1, 2, 1, 1] -> [1, 0, 1, 1, 2, 1, 1, 2] -> [1, 0, 1, 1, 2, 1, 1, 2, 0] -> [1, 0, 1, 1, 2, 1, 1, 2, 0, 1] -> [1, 0, 1, 1, 2, 1, 1, 2, 0, 1, 2]
TasksBFS: 4.05 ms, [] -> [2] -> [2, 1] -> [2, 1, 3] -> [2, 1, 3, 1] -> [2, 1, 3, 1, 3] -> [2, 1, 3, 1, 3, 2] -> [2, 1, 3, 1, 3, 2, 3] -> [2, 1, 3, 1, 3, 2, 3, 1] -> [2, 1, 3, 1, 3, 2, 3, 1, 3] -> [2, 1, 3, 1, 3, 2, 3, 1, 3, 0] -> [2, 1, 3, 1, 3, 2, 3, 1, 3, 0, 0]
AsyncStartBFS: 1.41 ms, [] -> [1] -> [1, 0] -> [1, 0, 3] -> [1, 0, 3, 0] -> [1, 0, 3, 0, 0] -> [1, 0, 3, 0, 0, 1] -> [1, 0, 3, 0, 0, 1, 0] -> [1, 0, 3, 0, 0, 1, 0, 0] -> [1, 0, 3, 0, 0, 1, 0, 0, 2] -> [1, 0, 3, 0, 0, 1, 0, 0, 2, 2] -> [1, 0, 3, 0, 0, 1, 0, 0, 2, 2, 0]
MultithreadBFS: 0.98 ms, [] -> [1] -> [1, 0] -> [1, 0, 3] -> [1, 0, 3, 0] -> [1, 0, 3, 0, 0] -> [1, 0, 3, 0, 0, 1] -> [1, 0, 3, 0, 0, 1, 0] -> [1, 0, 3, 0, 0, 1, 0, 0] -> [1, 0, 3, 0, 0, 1, 0, 0, 2] -> [1, 0, 3, 0, 0, 1, 0, 0, 2, 2] -> [1, 0, 3, 0, 0, 1, 0, 0, 2, 2, 0]

problem_48.yaml
MultithreadBFS: 1.87 ms, [] -> [1] -> [1, 3] -> [1, 3, 1] -> [1, 3, 1, 1] -> [1, 3, 1, 1, 0] -> [1, 3, 1, 1, 0, 2] -> [1, 3, 1, 1, 0, 2, 0] -> [1, 3, 1, 1, 0, 2, 0, 3] -> [1, 3, 1, 1, 0, 2, 0, 3, 3] -> [1, 3, 1, 1, 0, 2, 0, 3, 3, 2] -> [1, 3, 1, 1, 0, 2, 0, 3, 3, 2, 0]
AsyncStartBFS: 1.53 ms, [] -> [1] -> [1, 3] -> [1, 3, 1] -> [1, 3, 1, 1] -> [1, 3, 1, 1, 0] -> [1, 3, 1, 1, 0, 2] -> [1, 3, 1, 1, 0, 2, 0] -> [1, 3, 1, 1, 0, 2, 0, 3] -> [1, 3, 1, 1, 0, 2, 0, 3, 3] -> [1, 3, 1, 1, 0, 2, 0, 3, 3, 2] -> [1, 3, 1, 1, 0, 2, 0, 3, 3, 2, 0]
SyncBFS: 25.84 ms, [] -> [1] -> [1, 0] -> [1, 0, 3] -> [1, 0, 3, 1] -> [1, 0, 3, 1, 2] -> [1, 0, 3, 1, 2, 0] -> [1, 0, 3, 1, 2, 0, 1] -> [1, 0, 3, 1, 2, 0, 1, 2] -> [1, 0, 3, 1, 2, 0, 1, 2, 1] -> [1, 0, 3, 1, 2, 0, 1, 2, 1, 3] -> [1, 0, 3, 1, 2, 0, 1, 2, 1, 3, 1]
TasksBFS: 7.33 ms, [] -> [1] -> [1, 1] -> [1, 1, 2] -> [1, 1, 2, 3] -> [1, 1, 2, 3, 0] -> [1, 1, 2, 3, 0, 1] -> [1, 1, 2, 3, 0, 1, 0] -> [1, 1, 2, 3, 0, 1, 0, 2] -> [1, 1, 2, 3, 0, 1, 0, 2, 3] -> [1, 1, 2, 3, 0, 1, 0, 2, 3, 2] -> [1, 1, 2, 3, 0, 1, 0, 2, 3, 2, 2]

problem_45.yaml
TasksBFS: 4.01 ms, [] -> [1] -> [1, 0] -> [1, 0, 3] -> [1, 0, 3, 1] -> [1, 0, 3, 1, 0] -> [1, 0, 3, 1, 0, 2] -> [1, 0, 3, 1, 0, 2, 3] -> [1, 0, 3, 1, 0, 2, 3, 0] -> [1, 0, 3, 1, 0, 2, 3, 0, 2] -> [1, 0, 3, 1, 0, 2, 3, 0, 2, 0] -> [1, 0, 3, 1, 0, 2, 3, 0, 2, 0, 1]
AsyncStartBFS: 1.62 ms, [] -> [3] -> [3, 3] -> [3, 3, 0] -> [3, 3, 0, 2] -> [3, 3, 0, 2, 0] -> [3, 3, 0, 2, 0, 1] -> [3, 3, 0, 2, 0, 1, 3] -> [3, 3, 0, 2, 0, 1, 3, 1] -> [3, 3, 0, 2, 0, 1, 3, 1, 2] -> [3, 3, 0, 2, 0, 1, 3, 1, 2, 2] -> [3, 3, 0, 2, 0, 1, 3, 1, 2, 2, 3]
SyncBFS: 25.06 ms, [] -> [1] -> [1, 0] -> [1, 0, 0] -> [1, 0, 0, 3] -> [1, 0, 0, 3, 2] -> [1, 0, 0, 3, 2, 2] -> [1, 0, 0, 3, 2, 2, 1] -> [1, 0, 0, 3, 2, 2, 1, 0] -> [1, 0, 0, 3, 2, 2, 1, 0, 3] -> [1, 0, 0, 3, 2, 2, 1, 0, 3, 3] -> [1, 0, 0, 3, 2, 2, 1, 0, 3, 3, 1]
MultithreadBFS: 3.74 ms, [] -> [3] -> [3, 3] -> [3, 3, 0] -> [3, 3, 0, 2] -> [3, 3, 0, 2, 0] -> [3, 3, 0, 2, 0, 1] -> [3, 3, 0, 2, 0, 1, 3] -> [3, 3, 0, 2, 0, 1, 3, 1] -> [3, 3, 0, 2, 0, 1, 3, 1, 2] -> [3, 3, 0, 2, 0, 1, 3, 1, 2, 2] -> [3, 3, 0, 2, 0, 1, 3, 1, 2, 2, 3]

problem_43.yaml
AsyncStartBFS: 4.21 ms, [] -> [1] -> [1, 3] -> [1, 3, 0] -> [1, 3, 0, 2] -> [1, 3, 0, 2, 0] -> [1, 3, 0, 2, 0, 0] -> [1, 3, 0, 2, 0, 0, 2] -> [1, 3, 0, 2, 0, 0, 2, 1] -> [1, 3, 0, 2, 0, 0, 2, 1, 3] -> [1, 3, 0, 2, 0, 0, 2, 1, 3, 2] -> [1, 3, 0, 2, 0, 0, 2, 1, 3, 2, 0]
TasksBFS: 2.33 ms, [] -> [1] -> [1, 3] -> [1, 3, 0] -> [1, 3, 0, 2] -> [1, 3, 0, 2, 0] -> [1, 3, 0, 2, 0, 0] -> [1, 3, 0, 2, 0, 0, 2] -> [1, 3, 0, 2, 0, 0, 2, 1] -> [1, 3, 0, 2, 0, 0, 2, 1, 3] -> [1, 3, 0, 2, 0, 0, 2, 1, 3, 2] -> [1, 3, 0, 2, 0, 0, 2, 1, 3, 2, 0]
MultithreadBFS: 9.17 ms, [] -> [1] -> [1, 3] -> [1, 3, 0] -> [1, 3, 0, 2] -> [1, 3, 0, 2, 0] -> [1, 3, 0, 2, 0, 0] -> [1, 3, 0, 2, 0, 0, 2] -> [1, 3, 0, 2, 0, 0, 2, 1] -> [1, 3, 0, 2, 0, 0, 2, 1, 3] -> [1, 3, 0, 2, 0, 0, 2, 1, 3, 2] -> [1, 3, 0, 2, 0, 0, 2, 1, 3, 2, 0]
SyncBFS: 6.71 ms, [] -> [1] -> [1, 3] -> [1, 3, 0] -> [1, 3, 0, 2] -> [1, 3, 0, 2, 0] -> [1, 3, 0, 2, 0, 0] -> [1, 3, 0, 2, 0, 0, 2] -> [1, 3, 0, 2, 0, 0, 2, 1] -> [1, 3, 0, 2, 0, 0, 2, 1, 3] -> [1, 3, 0, 2, 0, 0, 2, 1, 3, 2] -> [1, 3, 0, 2, 0, 0, 2, 1, 3, 2, 0]

problem_41.yaml
MultithreadBFS: 0.76 ms, [] -> [2] -> [2, 0] -> [2, 0, 0] -> [2, 0, 0, 1] -> [2, 0, 0, 1, 1] -> [2, 0, 0, 1, 1, 2] -> [2, 0, 0, 1, 1, 2, 0] -> [2, 0, 0, 1, 1, 2, 0, 0] -> [2, 0, 0, 1, 1, 2, 0, 0, 2] -> [2, 0, 0, 1, 1, 2, 0, 0, 2, 3] -> [2, 0, 0, 1, 1, 2, 0, 0, 2, 3, 2]
AsyncStartBFS: 1.93 ms, [] -> [2] -> [2, 0] -> [2, 0, 0] -> [2, 0, 0, 1] -> [2, 0, 0, 1, 1] -> [2, 0, 0, 1, 1, 2] -> [2, 0, 0, 1, 1, 2, 0] -> [2, 0, 0, 1, 1, 2, 0, 0] -> [2, 0, 0, 1, 1, 2, 0, 0, 2] -> [2, 0, 0, 1, 1, 2, 0, 0, 2, 3] -> [2, 0, 0, 1, 1, 2, 0, 0, 2, 3, 2]
TasksBFS: 4.11 ms, [] -> [1] -> [1, 3] -> [1, 3, 3] -> [1, 3, 3, 1] -> [1, 3, 3, 1, 2] -> [1, 3, 3, 1, 2, 0] -> [1, 3, 3, 1, 2, 0, 0] -> [1, 3, 3, 1, 2, 0, 0, 1] -> [1, 3, 3, 1, 2, 0, 0, 1, 3] -> [1, 3, 3, 1, 2, 0, 0, 1, 3, 3] -> [1, 3, 3, 1, 2, 0, 0, 1, 3, 3, 3]
SyncBFS: 25.24 ms, [] -> [1] -> [1, 3] -> [1, 3, 0] -> [1, 3, 0, 1] -> [1, 3, 0, 1, 2] -> [1, 3, 0, 1, 2, 2] -> [1, 3, 0, 1, 2, 2, 3] -> [1, 3, 0, 1, 2, 2, 3, 2] -> [1, 3, 0, 1, 2, 2, 3, 2, 0] -> [1, 3, 0, 1, 2, 2, 3, 2, 0, 3] -> [1, 3, 0, 1, 2, 2, 3, 2, 0, 3, 1]

problem_39.yaml
TasksBFS: 3.57 ms, [] -> [0] -> [0, 0] -> [0, 0, 1] -> [0, 0, 1, 3] -> [0, 0, 1, 3, 1] -> [0, 0, 1, 3, 1, 2] -> [0, 0, 1, 3, 1, 2, 0] -> [0, 0, 1, 3, 1, 2, 0, 0] -> [0, 0, 1, 3, 1, 2, 0, 0, 1] -> [0, 0, 1, 3, 1, 2, 0, 0, 1, 1] -> [0, 0, 1, 3, 1, 2, 0, 0, 1, 1, 3]
AsyncStartBFS: 1.92 ms, [] -> [1] -> [1, 0] -> [1, 0, 1] -> [1, 0, 1, 2] -> [1, 0, 1, 2, 0] -> [1, 0, 1, 2, 0, 3] -> [1, 0, 1, 2, 0, 3, 3] -> [1, 0, 1, 2, 0, 3, 3, 1] -> [1, 0, 1, 2, 0, 3, 3, 1, 2] -> [1, 0, 1, 2, 0, 3, 3, 1, 2, 3] -> [1, 0, 1, 2, 0, 3, 3, 1, 2, 3, 3]
MultithreadBFS: 2.02 ms, [] -> [1] -> [1, 0] -> [1, 0, 1] -> [1, 0, 1, 2] -> [1, 0, 1, 2, 0] -> [1, 0, 1, 2, 0, 3] -> [1, 0, 1, 2, 0, 3, 3] -> [1, 0, 1, 2, 0, 3, 3, 1] -> [1, 0, 1, 2, 0, 3, 3, 1, 2] -> [1, 0, 1, 2, 0, 3, 3, 1, 2, 3] -> [1, 0, 1, 2, 0, 3, 3, 1, 2, 3, 3]
SyncBFS: 24.36 ms, [] -> [0] -> [0, 0] -> [0, 0, 0] -> [0, 0, 0, 0] -> [0, 0, 0, 0, 0] -> [0, 0, 0, 0, 0, 1] -> [0, 0, 0, 0, 0, 1, 0] -> [0, 0, 0, 0, 0, 1, 0, 1] -> [0, 0, 0, 0, 0, 1, 0, 1, 3] -> [0, 0, 0, 0, 0, 1, 0, 1, 3, 1] -> [0, 0, 0, 0, 0, 1, 0, 1, 3, 1, 0]

problem_38.yaml
TasksBFS: 4.77 ms, [] -> [0] -> [0, 3] -> [0, 3, 3] -> [0, 3, 3, 2] -> [0, 3, 3, 2, 0] -> [0, 3, 3, 2, 0, 2] -> [0, 3, 3, 2, 0, 2, 0] -> [0, 3, 3, 2, 0, 2, 0, 3] -> [0, 3, 3, 2, 0, 2, 0, 3, 1] -> [0, 3, 3, 2, 0, 2, 0, 3, 1, 2] -> [0, 3, 3, 2, 0, 2, 0, 3, 1, 2, 0]
AsyncStartBFS: 1.48 ms, [] -> [0] -> [0, 0] -> [0, 0, 3] -> [0, 0, 3, 2] -> [0, 0, 3, 2, 0] -> [0, 0, 3, 2, 0, 0] -> [0, 0, 3, 2, 0, 0, 1] -> [0, 0, 3, 2, 0, 0, 1, 3] -> [0, 0, 3, 2, 0, 0, 1, 3, 1] -> [0, 0, 3, 2, 0, 0, 1, 3, 1, 1] -> [0, 0, 3, 2, 0, 0, 1, 3, 1, 1, 3]
SyncBFS: 38.08 ms, [] -> [0] -> [0, 0] -> [0, 0, 0] -> [0, 0, 0, 0] -> [0, 0, 0, 0, 1] -> [0, 0, 0, 0, 1, 3] -> [0, 0, 0, 0, 1, 3, 3] -> [0, 0, 0, 0, 1, 3, 3, 2] -> [0, 0, 0, 0, 1, 3, 3, 2, 2] -> [0, 0, 0, 0, 1, 3, 3, 2, 2, 3] -> [0, 0, 0, 0, 1, 3, 3, 2, 2, 3, 2]
MultithreadBFS: 4.3 ms, [] -> [0] -> [0, 0] -> [0, 0, 3] -> [0, 0, 3, 2] -> [0, 0, 3, 2, 0] -> [0, 0, 3, 2, 0, 0] -> [0, 0, 3, 2, 0, 0, 1] -> [0, 0, 3, 2, 0, 0, 1, 3] -> [0, 0, 3, 2, 0, 0, 1, 3, 1] -> [0, 0, 3, 2, 0, 0, 1, 3, 1, 1] -> [0, 0, 3, 2, 0, 0, 1, 3, 1, 1, 3]

problem_36.yaml
MultithreadBFS: 0.01 ms, No solution found!
AsyncStartBFS: 0 ms, No solution found!
TasksBFS: 0.53 ms, No solution found!
SyncBFS: 0 ms, No solution found!

problem_44.yaml
SyncBFS: 49.43 ms, [] -> [0] -> [0, 1] -> [0, 1, 2] -> [0, 1, 2, 1] -> [0, 1, 2, 1, 3] -> [0, 1, 2, 1, 3, 2] -> [0, 1, 2, 1, 3, 2, 2] -> [0, 1, 2, 1, 3, 2, 2, 3] -> [0, 1, 2, 1, 3, 2, 2, 3, 1] -> [0, 1, 2, 1, 3, 2, 2, 3, 1, 0] -> [0, 1, 2, 1, 3, 2, 2, 3, 1, 0, 3]
MultithreadBFS: 6.46 ms, [] -> [0] -> [0, 1] -> [0, 1, 2] -> [0, 1, 2, 3] -> [0, 1, 2, 3, 1] -> [0, 1, 2, 3, 1, 2] -> [0, 1, 2, 3, 1, 2, 3] -> [0, 1, 2, 3, 1, 2, 3, 3] -> [0, 1, 2, 3, 1, 2, 3, 3, 2] -> [0, 1, 2, 3, 1, 2, 3, 3, 2, 0] -> [0, 1, 2, 3, 1, 2, 3, 3, 2, 0, 1]
AsyncStartBFS: 1.75 ms, [] -> [0] -> [0, 1] -> [0, 1, 2] -> [0, 1, 2, 3] -> [0, 1, 2, 3, 1] -> [0, 1, 2, 3, 1, 2] -> [0, 1, 2, 3, 1, 2, 3] -> [0, 1, 2, 3, 1, 2, 3, 3] -> [0, 1, 2, 3, 1, 2, 3, 3, 2] -> [0, 1, 2, 3, 1, 2, 3, 3, 2, 0] -> [0, 1, 2, 3, 1, 2, 3, 3, 2, 0, 1]
TasksBFS: 5.96 ms, [] -> [0] -> [0, 1] -> [0, 1, 2] -> [0, 1, 2, 3] -> [0, 1, 2, 3, 1] -> [0, 1, 2, 3, 1, 2] -> [0, 1, 2, 3, 1, 2, 3] -> [0, 1, 2, 3, 1, 2, 3, 3] -> [0, 1, 2, 3, 1, 2, 3, 3, 2] -> [0, 1, 2, 3, 1, 2, 3, 3, 2, 0] -> [0, 1, 2, 3, 1, 2, 3, 3, 2, 0, 1]

problem_35.yaml
MultithreadBFS: 1.95 ms, [] -> [1] -> [1, 2] -> [1, 2, 0] -> [1, 2, 0, 0] -> [1, 2, 0, 0, 1] -> [1, 2, 0, 0, 1, 2] -> [1, 2, 0, 0, 1, 2, 3] -> [1, 2, 0, 0, 1, 2, 3, 0] -> [1, 2, 0, 0, 1, 2, 3, 0, 1] -> [1, 2, 0, 0, 1, 2, 3, 0, 1, 2] -> [1, 2, 0, 0, 1, 2, 3, 0, 1, 2, 1]
SyncBFS: 37.24 ms, [] -> [1] -> [1, 2] -> [1, 2, 0] -> [1, 2, 0, 0] -> [1, 2, 0, 0, 1] -> [1, 2, 0, 0, 1, 2] -> [1, 2, 0, 0, 1, 2, 3] -> [1, 2, 0, 0, 1, 2, 3, 0] -> [1, 2, 0, 0, 1, 2, 3, 0, 1] -> [1, 2, 0, 0, 1, 2, 3, 0, 1, 2] -> [1, 2, 0, 0, 1, 2, 3, 0, 1, 2, 1]
TasksBFS: 8.17 ms, [] -> [1] -> [1, 2] -> [1, 2, 0] -> [1, 2, 0, 0] -> [1, 2, 0, 0, 1] -> [1, 2, 0, 0, 1, 2] -> [1, 2, 0, 0, 1, 2, 3] -> [1, 2, 0, 0, 1, 2, 3, 0] -> [1, 2, 0, 0, 1, 2, 3, 0, 1] -> [1, 2, 0, 0, 1, 2, 3, 0, 1, 2] -> [1, 2, 0, 0, 1, 2, 3, 0, 1, 2, 1]
AsyncStartBFS: 1.73 ms, [] -> [1] -> [1, 2] -> [1, 2, 0] -> [1, 2, 0, 0] -> [1, 2, 0, 0, 1] -> [1, 2, 0, 0, 1, 2] -> [1, 2, 0, 0, 1, 2, 3] -> [1, 2, 0, 0, 1, 2, 3, 0] -> [1, 2, 0, 0, 1, 2, 3, 0, 1] -> [1, 2, 0, 0, 1, 2, 3, 0, 1, 2] -> [1, 2, 0, 0, 1, 2, 3, 0, 1, 2, 1]

problem_46.yaml
AsyncStartBFS: 2.48 ms, [] -> [3] -> [3, 1] -> [3, 1, 2] -> [3, 1, 2, 3] -> [3, 1, 2, 3, 2] -> [3, 1, 2, 3, 2, 2] -> [3, 1, 2, 3, 2, 2, 0] -> [3, 1, 2, 3, 2, 2, 0, 2] -> [3, 1, 2, 3, 2, 2, 0, 2, 3] -> [3, 1, 2, 3, 2, 2, 0, 2, 3, 0] -> [3, 1, 2, 3, 2, 2, 0, 2, 3, 0, 1]
MultithreadBFS: 3.56 ms, [] -> [3] -> [3, 1] -> [3, 1, 2] -> [3, 1, 2, 3] -> [3, 1, 2, 3, 2] -> [3, 1, 2, 3, 2, 2] -> [3, 1, 2, 3, 2, 2, 0] -> [3, 1, 2, 3, 2, 2, 0, 2] -> [3, 1, 2, 3, 2, 2, 0, 2, 3] -> [3, 1, 2, 3, 2, 2, 0, 2, 3, 0] -> [3, 1, 2, 3, 2, 2, 0, 2, 3, 0, 1]
SyncBFS: 37.24 ms, [] -> [3] -> [3, 0] -> [3, 0, 2] -> [3, 0, 2, 3] -> [3, 0, 2, 3, 2] -> [3, 0, 2, 3, 2, 3] -> [3, 0, 2, 3, 2, 3, 0] -> [3, 0, 2, 3, 2, 3, 0, 3] -> [3, 0, 2, 3, 2, 3, 0, 3, 3] -> [3, 0, 2, 3, 2, 3, 0, 3, 3, 0] -> [3, 0, 2, 3, 2, 3, 0, 3, 3, 0, 3]
TasksBFS: 10.78 ms, [] -> [3] -> [3, 2] -> [3, 2, 0] -> [3, 2, 0, 0] -> [3, 2, 0, 0, 3] -> [3, 2, 0, 0, 3, 0] -> [3, 2, 0, 0, 3, 0, 3] -> [3, 2, 0, 0, 3, 0, 3, 3] -> [3, 2, 0, 0, 3, 0, 3, 3, 1] -> [3, 2, 0, 0, 3, 0, 3, 3, 1, 1] -> [3, 2, 0, 0, 3, 0, 3, 3, 1, 1, 1]

problem_34.yaml
AsyncStartBFS: 1.33 ms, [] -> [0] -> [0, 2] -> [0, 2, 2] -> [0, 2, 2, 3] -> [0, 2, 2, 3, 0] -> [0, 2, 2, 3, 0, 0] -> [0, 2, 2, 3, 0, 0, 0] -> [0, 2, 2, 3, 0, 0, 0, 3] -> [0, 2, 2, 3, 0, 0, 0, 3, 2] -> [0, 2, 2, 3, 0, 0, 0, 3, 2, 1] -> [0, 2, 2, 3, 0, 0, 0, 3, 2, 1, 3]
MultithreadBFS: 0.75 ms, [] -> [0] -> [0, 2] -> [0, 2, 2] -> [0, 2, 2, 3] -> [0, 2, 2, 3, 0] -> [0, 2, 2, 3, 0, 0] -> [0, 2, 2, 3, 0, 0, 0] -> [0, 2, 2, 3, 0, 0, 0, 3] -> [0, 2, 2, 3, 0, 0, 0, 3, 2] -> [0, 2, 2, 3, 0, 0, 0, 3, 2, 1] -> [0, 2, 2, 3, 0, 0, 0, 3, 2, 1, 3]
TasksBFS: 1.99 ms, [] -> [0] -> [0, 2] -> [0, 2, 2] -> [0, 2, 2, 3] -> [0, 2, 2, 3, 0] -> [0, 2, 2, 3, 0, 0] -> [0, 2, 2, 3, 0, 0, 0] -> [0, 2, 2, 3, 0, 0, 0, 3] -> [0, 2, 2, 3, 0, 0, 0, 3, 2] -> [0, 2, 2, 3, 0, 0, 0, 3, 2, 1] -> [0, 2, 2, 3, 0, 0, 0, 3, 2, 1, 3]
SyncBFS: 11.3 ms, [] -> [0] -> [0, 2] -> [0, 2, 2] -> [0, 2, 2, 1] -> [0, 2, 2, 1, 1] -> [0, 2, 2, 1, 1, 2] -> [0, 2, 2, 1, 1, 2, 1] -> [0, 2, 2, 1, 1, 2, 1, 3] -> [0, 2, 2, 1, 1, 2, 1, 3, 3] -> [0, 2, 2, 1, 1, 2, 1, 3, 3, 0] -> [0, 2, 2, 1, 1, 2, 1, 3, 3, 0, 0]

problem_32.yaml
AsyncStartBFS: 1.41 ms, [] -> [0] -> [0, 1] -> [0, 1, 2] -> [0, 1, 2, 1] -> [0, 1, 2, 1, 0] -> [0, 1, 2, 1, 0, 3] -> [0, 1, 2, 1, 0, 3, 0] -> [0, 1, 2, 1, 0, 3, 0, 1] -> [0, 1, 2, 1, 0, 3, 0, 1, 3] -> [0, 1, 2, 1, 0, 3, 0, 1, 3, 0] -> [0, 1, 2, 1, 0, 3, 0, 1, 3, 0, 1]
MultithreadBFS: 1.17 ms, [] -> [0] -> [0, 1] -> [0, 1, 2] -> [0, 1, 2, 1] -> [0, 1, 2, 1, 0] -> [0, 1, 2, 1, 0, 3] -> [0, 1, 2, 1, 0, 3, 0] -> [0, 1, 2, 1, 0, 3, 0, 1] -> [0, 1, 2, 1, 0, 3, 0, 1, 3] -> [0, 1, 2, 1, 0, 3, 0, 1, 3, 0] -> [0, 1, 2, 1, 0, 3, 0, 1, 3, 0, 1]
SyncBFS: 11.76 ms, [] -> [0] -> [0, 1] -> [0, 1, 2] -> [0, 1, 2, 1] -> [0, 1, 2, 1, 0] -> [0, 1, 2, 1, 0, 3] -> [0, 1, 2, 1, 0, 3, 0] -> [0, 1, 2, 1, 0, 3, 0, 1] -> [0, 1, 2, 1, 0, 3, 0, 1, 3] -> [0, 1, 2, 1, 0, 3, 0, 1, 3, 0] -> [0, 1, 2, 1, 0, 3, 0, 1, 3, 0, 1]
TasksBFS: 3.85 ms, [] -> [0] -> [0, 2] -> [0, 2, 1] -> [0, 2, 1, 1] -> [0, 2, 1, 1, 3] -> [0, 2, 1, 1, 3, 0] -> [0, 2, 1, 1, 3, 0, 0] -> [0, 2, 1, 1, 3, 0, 0, 0] -> [0, 2, 1, 1, 3, 0, 0, 0, 0] -> [0, 2, 1, 1, 3, 0, 0, 0, 0, 0] -> [0, 2, 1, 1, 3, 0, 0, 0, 0, 0, 2]

problem_31.yaml
MultithreadBFS: 3.04 ms, [] -> [2] -> [2, 0] -> [2, 0, 2] -> [2, 0, 2, 1] -> [2, 0, 2, 1, 3] -> [2, 0, 2, 1, 3, 2] -> [2, 0, 2, 1, 3, 2, 3] -> [2, 0, 2, 1, 3, 2, 3, 1] -> [2, 0, 2, 1, 3, 2, 3, 1, 0] -> [2, 0, 2, 1, 3, 2, 3, 1, 0, 0] -> [2, 0, 2, 1, 3, 2, 3, 1, 0, 0, 3]
TasksBFS: 4.16 ms, [] -> [0] -> [0, 0] -> [0, 0, 3] -> [0, 0, 3, 0] -> [0, 0, 3, 0, 3] -> [0, 0, 3, 0, 3, 1] -> [0, 0, 3, 0, 3, 1, 0] -> [0, 0, 3, 0, 3, 1, 0, 2] -> [0, 0, 3, 0, 3, 1, 0, 2, 3] -> [0, 0, 3, 0, 3, 1, 0, 2, 3, 2] -> [0, 0, 3, 0, 3, 1, 0, 2, 3, 2, 3]
AsyncStartBFS: 1.92 ms, [] -> [2] -> [2, 0] -> [2, 0, 2] -> [2, 0, 2, 1] -> [2, 0, 2, 1, 3] -> [2, 0, 2, 1, 3, 2] -> [2, 0, 2, 1, 3, 2, 3] -> [2, 0, 2, 1, 3, 2, 3, 1] -> [2, 0, 2, 1, 3, 2, 3, 1, 0] -> [2, 0, 2, 1, 3, 2, 3, 1, 0, 0] -> [2, 0, 2, 1, 3, 2, 3, 1, 0, 0, 3]
SyncBFS: 32.37 ms, [] -> [0] -> [0, 0] -> [0, 0, 3] -> [0, 0, 3, 0] -> [0, 0, 3, 0, 3] -> [0, 0, 3, 0, 3, 1] -> [0, 0, 3, 0, 3, 1, 0] -> [0, 0, 3, 0, 3, 1, 0, 2] -> [0, 0, 3, 0, 3, 1, 0, 2, 3] -> [0, 0, 3, 0, 3, 1, 0, 2, 3, 2] -> [0, 0, 3, 0, 3, 1, 0, 2, 3, 2, 3]

problem_30.yaml
MultithreadBFS: 2.2 ms, [] -> [3] -> [3, 1] -> [3, 1, 3] -> [3, 1, 3, 3] -> [3, 1, 3, 3, 0] -> [3, 1, 3, 3, 0, 3] -> [3, 1, 3, 3, 0, 3, 3] -> [3, 1, 3, 3, 0, 3, 3, 1] -> [3, 1, 3, 3, 0, 3, 3, 1, 1] -> [3, 1, 3, 3, 0, 3, 3, 1, 1, 3] -> [3, 1, 3, 3, 0, 3, 3, 1, 1, 3, 0]
AsyncStartBFS: 1.66 ms, [] -> [3] -> [3, 1] -> [3, 1, 3] -> [3, 1, 3, 3] -> [3, 1, 3, 3, 0] -> [3, 1, 3, 3, 0, 3] -> [3, 1, 3, 3, 0, 3, 3] -> [3, 1, 3, 3, 0, 3, 3, 1] -> [3, 1, 3, 3, 0, 3, 3, 1, 1] -> [3, 1, 3, 3, 0, 3, 3, 1, 1, 3] -> [3, 1, 3, 3, 0, 3, 3, 1, 1, 3, 0]
SyncBFS: 22.28 ms, [] -> [1] -> [1, 3] -> [1, 3, 2] -> [1, 3, 2, 2] -> [1, 3, 2, 2, 2] -> [1, 3, 2, 2, 2, 3] -> [1, 3, 2, 2, 2, 3, 2] -> [1, 3, 2, 2, 2, 3, 2, 1] -> [1, 3, 2, 2, 2, 3, 2, 1, 3] -> [1, 3, 2, 2, 2, 3, 2, 1, 3, 0] -> [1, 3, 2, 2, 2, 3, 2, 1, 3, 0, 2]
TasksBFS: 5.26 ms, [] -> [1] -> [1, 3] -> [1, 3, 2] -> [1, 3, 2, 2] -> [1, 3, 2, 2, 2] -> [1, 3, 2, 2, 2, 3] -> [1, 3, 2, 2, 2, 3, 2] -> [1, 3, 2, 2, 2, 3, 2, 1] -> [1, 3, 2, 2, 2, 3, 2, 1, 3] -> [1, 3, 2, 2, 2, 3, 2, 1, 3, 0] -> [1, 3, 2, 2, 2, 3, 2, 1, 3, 0, 2]

problem_10.yaml
TasksBFS: 8.28 ms, [] -> [2] -> [2, 1] -> [2, 1, 2] -> [2, 1, 2, 1] -> [2, 1, 2, 1, 2] -> [2, 1, 2, 1, 2, 1] -> [2, 1, 2, 1, 2, 1, 0] -> [2, 1, 2, 1, 2, 1, 0, 0] -> [2, 1, 2, 1, 2, 1, 0, 0, 2] -> [2, 1, 2, 1, 2, 1, 0, 0, 2, 0] -> [2, 1, 2, 1, 2, 1, 0, 0, 2, 0, 0]
SyncBFS: 34.02 ms, [] -> [2] -> [2, 1] -> [2, 1, 2] -> [2, 1, 2, 1] -> [2, 1, 2, 1, 2] -> [2, 1, 2, 1, 2, 1] -> [2, 1, 2, 1, 2, 1, 0] -> [2, 1, 2, 1, 2, 1, 0, 0] -> [2, 1, 2, 1, 2, 1, 0, 0, 2] -> [2, 1, 2, 1, 2, 1, 0, 0, 2, 0] -> [2, 1, 2, 1, 2, 1, 0, 0, 2, 0, 0]
AsyncStartBFS: 5.42 ms, [] -> [2] -> [2, 1] -> [2, 1, 2] -> [2, 1, 2, 1] -> [2, 1, 2, 1, 2] -> [2, 1, 2, 1, 2, 1] -> [2, 1, 2, 1, 2, 1, 0] -> [2, 1, 2, 1, 2, 1, 0, 0] -> [2, 1, 2, 1, 2, 1, 0, 0, 2] -> [2, 1, 2, 1, 2, 1, 0, 0, 2, 0] -> [2, 1, 2, 1, 2, 1, 0, 0, 2, 0, 0]
MultithreadBFS: 3.03 ms, [] -> [2] -> [2, 1] -> [2, 1, 2] -> [2, 1, 2, 1] -> [2, 1, 2, 1, 2] -> [2, 1, 2, 1, 2, 1] -> [2, 1, 2, 1, 2, 1, 0] -> [2, 1, 2, 1, 2, 1, 0, 0] -> [2, 1, 2, 1, 2, 1, 0, 0, 2] -> [2, 1, 2, 1, 2, 1, 0, 0, 2, 0] -> [2, 1, 2, 1, 2, 1, 0, 0, 2, 0, 0]

problem_09.yaml
AsyncStartBFS: 3.32 ms, [] -> [1] -> [1, 3] -> [1, 3, 1] -> [1, 3, 1, 0] -> [1, 3, 1, 0, 1] -> [1, 3, 1, 0, 1, 0] -> [1, 3, 1, 0, 1, 0, 0] -> [1, 3, 1, 0, 1, 0, 0, 2] -> [1, 3, 1, 0, 1, 0, 0, 2, 2] -> [1, 3, 1, 0, 1, 0, 0, 2, 2, 1] -> [1, 3, 1, 0, 1, 0, 0, 2, 2, 1, 3]
SyncBFS: 31.86 ms, [] -> [0] -> [0, 1] -> [0, 1, 1] -> [0, 1, 1, 3] -> [0, 1, 1, 3, 2] -> [0, 1, 1, 3, 2, 1] -> [0, 1, 1, 3, 2, 1, 0] -> [0, 1, 1, 3, 2, 1, 0, 1] -> [0, 1, 1, 3, 2, 1, 0, 1, 2] -> [0, 1, 1, 3, 2, 1, 0, 1, 2, 3] -> [0, 1, 1, 3, 2, 1, 0, 1, 2, 3, 2]
MultithreadBFS: 6.05 ms, [] -> [1] -> [1, 3] -> [1, 3, 1] -> [1, 3, 1, 2] -> [1, 3, 1, 2, 3] -> [1, 3, 1, 2, 3, 1] -> [1, 3, 1, 2, 3, 1, 0] -> [1, 3, 1, 2, 3, 1, 0, 0] -> [1, 3, 1, 2, 3, 1, 0, 0, 3] -> [1, 3, 1, 2, 3, 1, 0, 0, 3, 1] -> [1, 3, 1, 2, 3, 1, 0, 0, 3, 1, 0]
TasksBFS: 5.19 ms, [] -> [0] -> [0, 1] -> [0, 1, 1] -> [0, 1, 1, 3] -> [0, 1, 1, 3, 2] -> [0, 1, 1, 3, 2, 1] -> [0, 1, 1, 3, 2, 1, 0] -> [0, 1, 1, 3, 2, 1, 0, 1] -> [0, 1, 1, 3, 2, 1, 0, 1, 2] -> [0, 1, 1, 3, 2, 1, 0, 1, 2, 3] -> [0, 1, 1, 3, 2, 1, 0, 1, 2, 3, 2]

problem_12.yaml
TasksBFS: 4.18 ms, [] -> [2] -> [2, 2] -> [2, 2, 0] -> [2, 2, 0, 1] -> [2, 2, 0, 1, 1] -> [2, 2, 0, 1, 1, 2] -> [2, 2, 0, 1, 1, 2, 1] -> [2, 2, 0, 1, 1, 2, 1, 2] -> [2, 2, 0, 1, 1, 2, 1, 2, 2] -> [2, 2, 0, 1, 1, 2, 1, 2, 2, 3] -> [2, 2, 0, 1, 1, 2, 1, 2, 2, 3, 1]
SyncBFS: 25.46 ms, [] -> [0] -> [0, 2] -> [0, 2, 1] -> [0, 2, 1, 3] -> [0, 2, 1, 3, 2] -> [0, 2, 1, 3, 2, 1] -> [0, 2, 1, 3, 2, 1, 2] -> [0, 2, 1, 3, 2, 1, 2, 0] -> [0, 2, 1, 3, 2, 1, 2, 0, 0] -> [0, 2, 1, 3, 2, 1, 2, 0, 0, 3] -> [0, 2, 1, 3, 2, 1, 2, 0, 0, 3, 0]
AsyncStartBFS: 4.12 ms, [] -> [2] -> [2, 0] -> [2, 0, 0] -> [2, 0, 0, 2] -> [2, 0, 0, 2, 0] -> [2, 0, 0, 2, 0, 3] -> [2, 0, 0, 2, 0, 3, 0] -> [2, 0, 0, 2, 0, 3, 0, 3] -> [2, 0, 0, 2, 0, 3, 0, 3, 1] -> [2, 0, 0, 2, 0, 3, 0, 3, 1, 2] -> [2, 0, 0, 2, 0, 3, 0, 3, 1, 2, 1]
MultithreadBFS: 2.11 ms, [] -> [2] -> [2, 0] -> [2, 0, 0] -> [2, 0, 0, 2] -> [2, 0, 0, 2, 0] -> [2, 0, 0, 2, 0, 3] -> [2, 0, 0, 2, 0, 3, 0] -> [2, 0, 0, 2, 0, 3, 0, 3] -> [2, 0, 0, 2, 0, 3, 0, 3, 1] -> [2, 0, 0, 2, 0, 3, 0, 3, 1, 2] -> [2, 0, 0, 2, 0, 3, 0, 3, 1, 2, 1]

problem_47.yaml
AsyncStartBFS: 2.78 ms, [] -> [2] -> [2, 3] -> [2, 3, 3] -> [2, 3, 3, 0] -> [2, 3, 3, 0, 3] -> [2, 3, 3, 0, 3, 1] -> [2, 3, 3, 0, 3, 1, 1] -> [2, 3, 3, 0, 3, 1, 1, 3] -> [2, 3, 3, 0, 3, 1, 1, 3, 0] -> [2, 3, 3, 0, 3, 1, 1, 3, 0, 2] -> [2, 3, 3, 0, 3, 1, 1, 3, 0, 2, 1]
MultithreadBFS: 5.54 ms, [] -> [2] -> [2, 0] -> [2, 0, 0] -> [2, 0, 0, 2] -> [2, 0, 0, 2, 2] -> [2, 0, 0, 2, 2, 1] -> [2, 0, 0, 2, 2, 1, 0] -> [2, 0, 0, 2, 2, 1, 0, 2] -> [2, 0, 0, 2, 2, 1, 0, 2, 1] -> [2, 0, 0, 2, 2, 1, 0, 2, 1, 0] -> [2, 0, 0, 2, 2, 1, 0, 2, 1, 0, 0]
SyncBFS: 7.94 ms, [] -> [2] -> [2, 0] -> [2, 0, 0] -> [2, 0, 0, 2] -> [2, 0, 0, 2, 2] -> [2, 0, 0, 2, 2, 1] -> [2, 0, 0, 2, 2, 1, 0] -> [2, 0, 0, 2, 2, 1, 0, 2] -> [2, 0, 0, 2, 2, 1, 0, 2, 1] -> [2, 0, 0, 2, 2, 1, 0, 2, 1, 0] -> [2, 0, 0, 2, 2, 1, 0, 2, 1, 0, 0]
TasksBFS: 2.71 ms, [] -> [2] -> [2, 0] -> [2, 0, 0] -> [2, 0, 0, 2] -> [2, 0, 0, 2, 2] -> [2, 0, 0, 2, 2, 1] -> [2, 0, 0, 2, 2, 1, 0] -> [2, 0, 0, 2, 2, 1, 0, 2] -> [2, 0, 0, 2, 2, 1, 0, 2, 1] -> [2, 0, 0, 2, 2, 1, 0, 2, 1, 0] -> [2, 0, 0, 2, 2, 1, 0, 2, 1, 0, 0]

problem_11.yaml
MultithreadBFS: 2.38 ms, [] -> [2] -> [2, 0] -> [2, 0, 3] -> [2, 0, 3, 2] -> [2, 0, 3, 2, 3] -> [2, 0, 3, 2, 3, 1] -> [2, 0, 3, 2, 3, 1, 1] -> [2, 0, 3, 2, 3, 1, 1, 1] -> [2, 0, 3, 2, 3, 1, 1, 1, 1] -> [2, 0, 3, 2, 3, 1, 1, 1, 1, 0] -> [2, 0, 3, 2, 3, 1, 1, 1, 1, 0, 0]
SyncBFS: 23.03 ms, [] -> [1] -> [1, 0] -> [1, 0, 0] -> [1, 0, 0, 0] -> [1, 0, 0, 0, 1] -> [1, 0, 0, 0, 1, 2] -> [1, 0, 0, 0, 1, 2, 2] -> [1, 0, 0, 0, 1, 2, 2, 2] -> [1, 0, 0, 0, 1, 2, 2, 2, 2] -> [1, 0, 0, 0, 1, 2, 2, 2, 2, 0] -> [1, 0, 0, 0, 1, 2, 2, 2, 2, 0, 3]
TasksBFS: 6.32 ms, [] -> [1] -> [1, 0] -> [1, 0, 0] -> [1, 0, 0, 0] -> [1, 0, 0, 0, 1] -> [1, 0, 0, 0, 1, 2] -> [1, 0, 0, 0, 1, 2, 2] -> [1, 0, 0, 0, 1, 2, 2, 2] -> [1, 0, 0, 0, 1, 2, 2, 2, 2] -> [1, 0, 0, 0, 1, 2, 2, 2, 2, 0] -> [1, 0, 0, 0, 1, 2, 2, 2, 2, 0, 3]
AsyncStartBFS: 1.62 ms, [] -> [2] -> [2, 0] -> [2, 0, 3] -> [2, 0, 3, 2] -> [2, 0, 3, 2, 3] -> [2, 0, 3, 2, 3, 1] -> [2, 0, 3, 2, 3, 1, 1] -> [2, 0, 3, 2, 3, 1, 1, 1] -> [2, 0, 3, 2, 3, 1, 1, 1, 1] -> [2, 0, 3, 2, 3, 1, 1, 1, 1, 0] -> [2, 0, 3, 2, 3, 1, 1, 1, 1, 0, 0]

problem_01.yaml
MultithreadBFS: 1.32 ms, [] -> [1] -> [1, 3] -> [1, 3, 2] -> [1, 3, 2, 2] -> [1, 3, 2, 2, 0] -> [1, 3, 2, 2, 0, 1] -> [1, 3, 2, 2, 0, 1, 0] -> [1, 3, 2, 2, 0, 1, 0, 0] -> [1, 3, 2, 2, 0, 1, 0, 0, 0] -> [1, 3, 2, 2, 0, 1, 0, 0, 0, 3] -> [1, 3, 2, 2, 0, 1, 0, 0, 0, 3, 3]
AsyncStartBFS: 1.42 ms, [] -> [1] -> [1, 3] -> [1, 3, 2] -> [1, 3, 2, 2] -> [1, 3, 2, 2, 0] -> [1, 3, 2, 2, 0, 1] -> [1, 3, 2, 2, 0, 1, 0] -> [1, 3, 2, 2, 0, 1, 0, 0] -> [1, 3, 2, 2, 0, 1, 0, 0, 0] -> [1, 3, 2, 2, 0, 1, 0, 0, 0, 3] -> [1, 3, 2, 2, 0, 1, 0, 0, 0, 3, 3]
TasksBFS: 5.11 ms, [] -> [1] -> [1, 3] -> [1, 3, 2] -> [1, 3, 2, 1] -> [1, 3, 2, 1, 0] -> [1, 3, 2, 1, 0, 1] -> [1, 3, 2, 1, 0, 1, 2] -> [1, 3, 2, 1, 0, 1, 2, 3] -> [1, 3, 2, 1, 0, 1, 2, 3, 2] -> [1, 3, 2, 1, 0, 1, 2, 3, 2, 2] -> [1, 3, 2, 1, 0, 1, 2, 3, 2, 2, 2]
SyncBFS: 20.69 ms, [] -> [1] -> [1, 0] -> [1, 0, 1] -> [1, 0, 1, 1] -> [1, 0, 1, 1, 3] -> [1, 0, 1, 1, 3, 0] -> [1, 0, 1, 1, 3, 0, 1] -> [1, 0, 1, 1, 3, 0, 1, 3] -> [1, 0, 1, 1, 3, 0, 1, 3, 0] -> [1, 0, 1, 1, 3, 0, 1, 3, 0, 0] -> [1, 0, 1, 1, 3, 0, 1, 3, 0, 0, 1]

problem_08.yaml
SyncBFS: 9.97 ms, [] -> [0] -> [0, 2] -> [0, 2, 3] -> [0, 2, 3, 2] -> [0, 2, 3, 2, 0] -> [0, 2, 3, 2, 0, 3] -> [0, 2, 3, 2, 0, 3, 2] -> [0, 2, 3, 2, 0, 3, 2, 1] -> [0, 2, 3, 2, 0, 3, 2, 1, 3] -> [0, 2, 3, 2, 0, 3, 2, 1, 3, 1] -> [0, 2, 3, 2, 0, 3, 2, 1, 3, 1, 3]
AsyncStartBFS: 10.39 ms, [] -> [0] -> [0, 2] -> [0, 2, 3] -> [0, 2, 3, 2] -> [0, 2, 3, 2, 0] -> [0, 2, 3, 2, 0, 3] -> [0, 2, 3, 2, 0, 3, 2] -> [0, 2, 3, 2, 0, 3, 2, 1] -> [0, 2, 3, 2, 0, 3, 2, 1, 3] -> [0, 2, 3, 2, 0, 3, 2, 1, 3, 1] -> [0, 2, 3, 2, 0, 3, 2, 1, 3, 1, 3]
MultithreadBFS: 12.86 ms, [] -> [0] -> [0, 2] -> [0, 2, 3] -> [0, 2, 3, 2] -> [0, 2, 3, 2, 0] -> [0, 2, 3, 2, 0, 3] -> [0, 2, 3, 2, 0, 3, 2] -> [0, 2, 3, 2, 0, 3, 2, 1] -> [0, 2, 3, 2, 0, 3, 2, 1, 3] -> [0, 2, 3, 2, 0, 3, 2, 1, 3, 1] -> [0, 2, 3, 2, 0, 3, 2, 1, 3, 1, 3]
TasksBFS: 3.51 ms, [] -> [0] -> [0, 2] -> [0, 2, 3] -> [0, 2, 3, 2] -> [0, 2, 3, 2, 0] -> [0, 2, 3, 2, 0, 3] -> [0, 2, 3, 2, 0, 3, 2] -> [0, 2, 3, 2, 0, 3, 2, 1] -> [0, 2, 3, 2, 0, 3, 2, 1, 3] -> [0, 2, 3, 2, 0, 3, 2, 1, 3, 1] -> [0, 2, 3, 2, 0, 3, 2, 1, 3, 1, 3]

problem_06.yaml
SyncBFS: 31.91 ms, [] -> [0] -> [0, 0] -> [0, 0, 0] -> [0, 0, 0, 3] -> [0, 0, 0, 3, 1] -> [0, 0, 0, 3, 1, 3] -> [0, 0, 0, 3, 1, 3, 1] -> [0, 0, 0, 3, 1, 3, 1, 0] -> [0, 0, 0, 3, 1, 3, 1, 0, 1] -> [0, 0, 0, 3, 1, 3, 1, 0, 1, 2] -> [0, 0, 0, 3, 1, 3, 1, 0, 1, 2, 0]
AsyncStartBFS: 5.06 ms, [] -> [0] -> [0, 0] -> [0, 0, 0] -> [0, 0, 0, 3] -> [0, 0, 0, 3, 1] -> [0, 0, 0, 3, 1, 3] -> [0, 0, 0, 3, 1, 3, 1] -> [0, 0, 0, 3, 1, 3, 1, 0] -> [0, 0, 0, 3, 1, 3, 1, 0, 1] -> [0, 0, 0, 3, 1, 3, 1, 0, 1, 2] -> [0, 0, 0, 3, 1, 3, 1, 0, 1, 2, 0]
TasksBFS: 5.67 ms, [] -> [0] -> [0, 0] -> [0, 0, 0] -> [0, 0, 0, 3] -> [0, 0, 0, 3, 1] -> [0, 0, 0, 3, 1, 3] -> [0, 0, 0, 3, 1, 3, 1] -> [0, 0, 0, 3, 1, 3, 1, 0] -> [0, 0, 0, 3, 1, 3, 1, 0, 1] -> [0, 0, 0, 3, 1, 3, 1, 0, 1, 2] -> [0, 0, 0, 3, 1, 3, 1, 0, 1, 2, 0]
MultithreadBFS: 2.2 ms, [] -> [0] -> [0, 0] -> [0, 0, 0] -> [0, 0, 0, 3] -> [0, 0, 0, 3, 1] -> [0, 0, 0, 3, 1, 3] -> [0, 0, 0, 3, 1, 3, 1] -> [0, 0, 0, 3, 1, 3, 1, 0] -> [0, 0, 0, 3, 1, 3, 1, 0, 1] -> [0, 0, 0, 3, 1, 3, 1, 0, 1, 2] -> [0, 0, 0, 3, 1, 3, 1, 0, 1, 2, 0]

problem_19.yaml
MultithreadBFS: 2.17 ms, [] -> [0] -> [0, 2] -> [0, 2, 1] -> [0, 2, 1, 2] -> [0, 2, 1, 2, 3] -> [0, 2, 1, 2, 3, 1] -> [0, 2, 1, 2, 3, 1, 1] -> [0, 2, 1, 2, 3, 1, 1, 3] -> [0, 2, 1, 2, 3, 1, 1, 3, 1] -> [0, 2, 1, 2, 3, 1, 1, 3, 1, 3] -> [0, 2, 1, 2, 3, 1, 1, 3, 1, 3, 1]
SyncBFS: 28.51 ms, [] -> [0] -> [0, 0] -> [0, 0, 0] -> [0, 0, 0, 3] -> [0, 0, 0, 3, 0] -> [0, 0, 0, 3, 0, 1] -> [0, 0, 0, 3, 0, 1, 3] -> [0, 0, 0, 3, 0, 1, 3, 3] -> [0, 0, 0, 3, 0, 1, 3, 3, 2] -> [0, 0, 0, 3, 0, 1, 3, 3, 2, 0] -> [0, 0, 0, 3, 0, 1, 3, 3, 2, 0, 0]
AsyncStartBFS: 4.46 ms, [] -> [0] -> [0, 2] -> [0, 2, 1] -> [0, 2, 1, 2] -> [0, 2, 1, 2, 3] -> [0, 2, 1, 2, 3, 1] -> [0, 2, 1, 2, 3, 1, 1] -> [0, 2, 1, 2, 3, 1, 1, 3] -> [0, 2, 1, 2, 3, 1, 1, 3, 1] -> [0, 2, 1, 2, 3, 1, 1, 3, 1, 3] -> [0, 2, 1, 2, 3, 1, 1, 3, 1, 3, 1]
TasksBFS: 5.62 ms, [] -> [0] -> [0, 2] -> [0, 2, 1] -> [0, 2, 1, 2] -> [0, 2, 1, 2, 3] -> [0, 2, 1, 2, 3, 1] -> [0, 2, 1, 2, 3, 1, 1] -> [0, 2, 1, 2, 3, 1, 1, 3] -> [0, 2, 1, 2, 3, 1, 1, 3, 1] -> [0, 2, 1, 2, 3, 1, 1, 3, 1, 3] -> [0, 2, 1, 2, 3, 1, 1, 3, 1, 3, 1]

problem_40.yaml
SyncBFS: 23.3 ms, [] -> [0] -> [0, 1] -> [0, 1, 1] -> [0, 1, 1, 2] -> [0, 1, 1, 2, 2] -> [0, 1, 1, 2, 2, 0] -> [0, 1, 1, 2, 2, 0, 0] -> [0, 1, 1, 2, 2, 0, 0, 0] -> [0, 1, 1, 2, 2, 0, 0, 0, 1] -> [0, 1, 1, 2, 2, 0, 0, 0, 1, 0] -> [0, 1, 1, 2, 2, 0, 0, 0, 1, 0, 3]
AsyncStartBFS: 4.12 ms, [] -> [1] -> [1, 3] -> [1, 3, 1] -> [1, 3, 1, 2] -> [1, 3, 1, 2, 1] -> [1, 3, 1, 2, 1, 3] -> [1, 3, 1, 2, 1, 3, 1] -> [1, 3, 1, 2, 1, 3, 1, 0] -> [1, 3, 1, 2, 1, 3, 1, 0, 0] -> [1, 3, 1, 2, 1, 3, 1, 0, 0, 2] -> [1, 3, 1, 2, 1, 3, 1, 0, 0, 2, 0]
MultithreadBFS: 2.33 ms, [] -> [1] -> [1, 3] -> [1, 3, 1] -> [1, 3, 1, 2] -> [1, 3, 1, 2, 1] -> [1, 3, 1, 2, 1, 3] -> [1, 3, 1, 2, 1, 3, 1] -> [1, 3, 1, 2, 1, 3, 1, 0] -> [1, 3, 1, 2, 1, 3, 1, 0, 0] -> [1, 3, 1, 2, 1, 3, 1, 0, 0, 2] -> [1, 3, 1, 2, 1, 3, 1, 0, 0, 2, 0]
TasksBFS: 4.58 ms, [] -> [1] -> [1, 2] -> [1, 2, 3] -> [1, 2, 3, 0] -> [1, 2, 3, 0, 1] -> [1, 2, 3, 0, 1, 2] -> [1, 2, 3, 0, 1, 2, 0] -> [1, 2, 3, 0, 1, 2, 0, 2] -> [1, 2, 3, 0, 1, 2, 0, 2, 0] -> [1, 2, 3, 0, 1, 2, 0, 2, 0, 2] -> [1, 2, 3, 0, 1, 2, 0, 2, 0, 2, 0]

problem_04.yaml
TasksBFS: 2.86 ms, [] -> [0] -> [0, 1] -> [0, 1, 1] -> [0, 1, 1, 1] -> [0, 1, 1, 1, 1] -> [0, 1, 1, 1, 1, 1] -> [0, 1, 1, 1, 1, 1, 0] -> [0, 1, 1, 1, 1, 1, 0, 2] -> [0, 1, 1, 1, 1, 1, 0, 2, 3] -> [0, 1, 1, 1, 1, 1, 0, 2, 3, 0] -> [0, 1, 1, 1, 1, 1, 0, 2, 3, 0, 3]
SyncBFS: 19.15 ms, [] -> [0] -> [0, 0] -> [0, 0, 1] -> [0, 0, 1, 2] -> [0, 0, 1, 2, 2] -> [0, 0, 1, 2, 2, 1] -> [0, 0, 1, 2, 2, 1, 3] -> [0, 0, 1, 2, 2, 1, 3, 1] -> [0, 0, 1, 2, 2, 1, 3, 1, 1] -> [0, 0, 1, 2, 2, 1, 3, 1, 1, 2] -> [0, 0, 1, 2, 2, 1, 3, 1, 1, 2, 3]
AsyncStartBFS: 1.76 ms, [] -> [3] -> [3, 2] -> [3, 2, 2] -> [3, 2, 2, 1] -> [3, 2, 2, 1, 0] -> [3, 2, 2, 1, 0, 2] -> [3, 2, 2, 1, 0, 2, 1] -> [3, 2, 2, 1, 0, 2, 1, 0] -> [3, 2, 2, 1, 0, 2, 1, 0, 0] -> [3, 2, 2, 1, 0, 2, 1, 0, 0, 2] -> [3, 2, 2, 1, 0, 2, 1, 0, 0, 2, 3]
MultithreadBFS: 2.05 ms, [] -> [3] -> [3, 2] -> [3, 2, 2] -> [3, 2, 2, 1] -> [3, 2, 2, 1, 0] -> [3, 2, 2, 1, 0, 2] -> [3, 2, 2, 1, 0, 2, 1] -> [3, 2, 2, 1, 0, 2, 1, 0] -> [3, 2, 2, 1, 0, 2, 1, 0, 0] -> [3, 2, 2, 1, 0, 2, 1, 0, 0, 2] -> [3, 2, 2, 1, 0, 2, 1, 0, 0, 2, 3]

problem_33.yaml
TasksBFS: 4.78 ms, [] -> [0] -> [0, 0] -> [0, 0, 2] -> [0, 0, 2, 1] -> [0, 0, 2, 1, 2] -> [0, 0, 2, 1, 2, 1] -> [0, 0, 2, 1, 2, 1, 2] -> [0, 0, 2, 1, 2, 1, 2, 2] -> [0, 0, 2, 1, 2, 1, 2, 2, 3] -> [0, 0, 2, 1, 2, 1, 2, 2, 3, 2] -> [0, 0, 2, 1, 2, 1, 2, 2, 3, 2, 1]
MultithreadBFS: 4.09 ms, [] -> [0] -> [0, 2] -> [0, 2, 0] -> [0, 2, 0, 1] -> [0, 2, 0, 1, 3] -> [0, 2, 0, 1, 3, 1] -> [0, 2, 0, 1, 3, 1, 1] -> [0, 2, 0, 1, 3, 1, 1, 0] -> [0, 2, 0, 1, 3, 1, 1, 0, 0] -> [0, 2, 0, 1, 3, 1, 1, 0, 0, 2] -> [0, 2, 0, 1, 3, 1, 1, 0, 0, 2, 2]
AsyncStartBFS: 2.27 ms, [] -> [0] -> [0, 2] -> [0, 2, 0] -> [0, 2, 0, 1] -> [0, 2, 0, 1, 3] -> [0, 2, 0, 1, 3, 1] -> [0, 2, 0, 1, 3, 1, 1] -> [0, 2, 0, 1, 3, 1, 1, 0] -> [0, 2, 0, 1, 3, 1, 1, 0, 0] -> [0, 2, 0, 1, 3, 1, 1, 0, 0, 2] -> [0, 2, 0, 1, 3, 1, 1, 0, 0, 2, 2]
SyncBFS: 27.95 ms, [] -> [0] -> [0, 0] -> [0, 0, 1] -> [0, 0, 1, 3] -> [0, 0, 1, 3, 3] -> [0, 0, 1, 3, 3, 2] -> [0, 0, 1, 3, 3, 2, 0] -> [0, 0, 1, 3, 3, 2, 0, 0] -> [0, 0, 1, 3, 3, 2, 0, 0, 3] -> [0, 0, 1, 3, 3, 2, 0, 0, 3, 0] -> [0, 0, 1, 3, 3, 2, 0, 0, 3, 0, 2]

problem_21.yaml
MultithreadBFS: 17.19 ms, [] -> [3] -> [3, 2] -> [3, 2, 2] -> [3, 2, 2, 3] -> [3, 2, 2, 3, 0] -> [3, 2, 2, 3, 0, 3] -> [3, 2, 2, 3, 0, 3, 2] -> [3, 2, 2, 3, 0, 3, 2, 3] -> [3, 2, 2, 3, 0, 3, 2, 3, 1] -> [3, 2, 2, 3, 0, 3, 2, 3, 1, 3] -> [3, 2, 2, 3, 0, 3, 2, 3, 1, 3, 2]
TasksBFS: 5.28 ms, [] -> [3] -> [3, 0] -> [3, 0, 3] -> [3, 0, 3, 0] -> [3, 0, 3, 0, 0] -> [3, 0, 3, 0, 0, 2] -> [3, 0, 3, 0, 0, 2, 1] -> [3, 0, 3, 0, 0, 2, 1, 0] -> [3, 0, 3, 0, 0, 2, 1, 0, 0] -> [3, 0, 3, 0, 0, 2, 1, 0, 0, 3] -> [3, 0, 3, 0, 0, 2, 1, 0, 0, 3, 1]
AsyncStartBFS: 5.86 ms, [] -> [3] -> [3, 0] -> [3, 0, 3] -> [3, 0, 3, 0] -> [3, 0, 3, 0, 0] -> [3, 0, 3, 0, 0, 2] -> [3, 0, 3, 0, 0, 2, 1] -> [3, 0, 3, 0, 0, 2, 1, 0] -> [3, 0, 3, 0, 0, 2, 1, 0, 0] -> [3, 0, 3, 0, 0, 2, 1, 0, 0, 3] -> [3, 0, 3, 0, 0, 2, 1, 0, 0, 3, 1]
SyncBFS: 22.36 ms, [] -> [3] -> [3, 0] -> [3, 0, 3] -> [3, 0, 3, 0] -> [3, 0, 3, 0, 0] -> [3, 0, 3, 0, 0, 2] -> [3, 0, 3, 0, 0, 2, 1] -> [3, 0, 3, 0, 0, 2, 1, 0] -> [3, 0, 3, 0, 0, 2, 1, 0, 0] -> [3, 0, 3, 0, 0, 2, 1, 0, 0, 3] -> [3, 0, 3, 0, 0, 2, 1, 0, 0, 3, 1]

problem_24.yaml
AsyncStartBFS: 2.63 ms, [] -> [3] -> [3, 3] -> [3, 3, 1] -> [3, 3, 1, 3] -> [3, 3, 1, 3, 2] -> [3, 3, 1, 3, 2, 2] -> [3, 3, 1, 3, 2, 2, 0] -> [3, 3, 1, 3, 2, 2, 0, 1] -> [3, 3, 1, 3, 2, 2, 0, 1, 1] -> [3, 3, 1, 3, 2, 2, 0, 1, 1, 3] -> [3, 3, 1, 3, 2, 2, 0, 1, 1, 3, 1]
TasksBFS: 3.67 ms, [] -> [0] -> [0, 2] -> [0, 2, 3] -> [0, 2, 3, 3] -> [0, 2, 3, 3, 3] -> [0, 2, 3, 3, 3, 0] -> [0, 2, 3, 3, 3, 0, 0] -> [0, 2, 3, 3, 3, 0, 0, 1] -> [0, 2, 3, 3, 3, 0, 0, 1, 2] -> [0, 2, 3, 3, 3, 0, 0, 1, 2, 0] -> [0, 2, 3, 3, 3, 0, 0, 1, 2, 0, 0]
MultithreadBFS: 3.39 ms, [] -> [3] -> [3, 3] -> [3, 3, 1] -> [3, 3, 1, 3] -> [3, 3, 1, 3, 2] -> [3, 3, 1, 3, 2, 2] -> [3, 3, 1, 3, 2, 2, 0] -> [3, 3, 1, 3, 2, 2, 0, 1] -> [3, 3, 1, 3, 2, 2, 0, 1, 1] -> [3, 3, 1, 3, 2, 2, 0, 1, 1, 3] -> [3, 3, 1, 3, 2, 2, 0, 1, 1, 3, 1]
SyncBFS: 25.03 ms, [] -> [0] -> [0, 2] -> [0, 2, 3] -> [0, 2, 3, 3] -> [0, 2, 3, 3, 1] -> [0, 2, 3, 3, 1, 2] -> [0, 2, 3, 3, 1, 2, 0] -> [0, 2, 3, 3, 1, 2, 0, 1] -> [0, 2, 3, 3, 1, 2, 0, 1, 0] -> [0, 2, 3, 3, 1, 2, 0, 1, 0, 1] -> [0, 2, 3, 3, 1, 2, 0, 1, 0, 1, 2]

problem_03.yaml
MultithreadBFS: 3.74 ms, [] -> [3] -> [3, 0] -> [3, 0, 3] -> [3, 0, 3, 0] -> [3, 0, 3, 0, 2] -> [3, 0, 3, 0, 2, 2] -> [3, 0, 3, 0, 2, 2, 0] -> [3, 0, 3, 0, 2, 2, 0, 1] -> [3, 0, 3, 0, 2, 2, 0, 1, 3] -> [3, 0, 3, 0, 2, 2, 0, 1, 3, 1] -> [3, 0, 3, 0, 2, 2, 0, 1, 3, 1, 1]
AsyncStartBFS: 2.45 ms, [] -> [3] -> [3, 0] -> [3, 0, 3] -> [3, 0, 3, 0] -> [3, 0, 3, 0, 2] -> [3, 0, 3, 0, 2, 2] -> [3, 0, 3, 0, 2, 2, 0] -> [3, 0, 3, 0, 2, 2, 0, 1] -> [3, 0, 3, 0, 2, 2, 0, 1, 3] -> [3, 0, 3, 0, 2, 2, 0, 1, 3, 1] -> [3, 0, 3, 0, 2, 2, 0, 1, 3, 1, 1]
SyncBFS: 29.59 ms, [] -> [1] -> [1, 0] -> [1, 0, 1] -> [1, 0, 1, 1] -> [1, 0, 1, 1, 0] -> [1, 0, 1, 1, 0, 1] -> [1, 0, 1, 1, 0, 1, 1] -> [1, 0, 1, 1, 0, 1, 1, 3] -> [1, 0, 1, 1, 0, 1, 1, 3, 1] -> [1, 0, 1, 1, 0, 1, 1, 3, 1, 3] -> [1, 0, 1, 1, 0, 1, 1, 3, 1, 3, 1]
TasksBFS: 6.7 ms, [] -> [1] -> [1, 0] -> [1, 0, 2] -> [1, 0, 2, 1] -> [1, 0, 2, 1, 0] -> [1, 0, 2, 1, 0, 3] -> [1, 0, 2, 1, 0, 3, 3] -> [1, 0, 2, 1, 0, 3, 3, 1] -> [1, 0, 2, 1, 0, 3, 3, 1, 3] -> [1, 0, 2, 1, 0, 3, 3, 1, 3, 2] -> [1, 0, 2, 1, 0, 3, 3, 1, 3, 2, 3]

problem_07.yaml
TasksBFS: 5.05 ms, [] -> [1] -> [1, 0] -> [1, 0, 3] -> [1, 0, 3, 1] -> [1, 0, 3, 1, 3] -> [1, 0, 3, 1, 3, 2] -> [1, 0, 3, 1, 3, 2, 1] -> [1, 0, 3, 1, 3, 2, 1, 2] -> [1, 0, 3, 1, 3, 2, 1, 2, 0] -> [1, 0, 3, 1, 3, 2, 1, 2, 0, 0] -> [1, 0, 3, 1, 3, 2, 1, 2, 0, 0, 1]
MultithreadBFS: 3.36 ms, [] -> [1] -> [1, 0] -> [1, 0, 3] -> [1, 0, 3, 1] -> [1, 0, 3, 1, 3] -> [1, 0, 3, 1, 3, 2] -> [1, 0, 3, 1, 3, 2, 1] -> [1, 0, 3, 1, 3, 2, 1, 2] -> [1, 0, 3, 1, 3, 2, 1, 2, 0] -> [1, 0, 3, 1, 3, 2, 1, 2, 0, 0] -> [1, 0, 3, 1, 3, 2, 1, 2, 0, 0, 1]
AsyncStartBFS: 2.05 ms, [] -> [1] -> [1, 3] -> [1, 3, 1] -> [1, 3, 1, 2] -> [1, 3, 1, 2, 2] -> [1, 3, 1, 2, 2, 1] -> [1, 3, 1, 2, 2, 1, 0] -> [1, 3, 1, 2, 2, 1, 0, 1] -> [1, 3, 1, 2, 2, 1, 0, 1, 0] -> [1, 3, 1, 2, 2, 1, 0, 1, 0, 1] -> [1, 3, 1, 2, 2, 1, 0, 1, 0, 1, 1]
SyncBFS: 31.11 ms, [] -> [1] -> [1, 0] -> [1, 0, 3] -> [1, 0, 3, 1] -> [1, 0, 3, 1, 3] -> [1, 0, 3, 1, 3, 2] -> [1, 0, 3, 1, 3, 2, 1] -> [1, 0, 3, 1, 3, 2, 1, 2] -> [1, 0, 3, 1, 3, 2, 1, 2, 0] -> [1, 0, 3, 1, 3, 2, 1, 2, 0, 0] -> [1, 0, 3, 1, 3, 2, 1, 2, 0, 0, 1]

problem_42.yaml
MultithreadBFS: 1.22 ms, [] -> [1] -> [1, 1] -> [1, 1, 3] -> [1, 1, 3, 1] -> [1, 1, 3, 1, 2] -> [1, 1, 3, 1, 2, 1] -> [1, 1, 3, 1, 2, 1, 0] -> [1, 1, 3, 1, 2, 1, 0, 1] -> [1, 1, 3, 1, 2, 1, 0, 1, 0] -> [1, 1, 3, 1, 2, 1, 0, 1, 0, 0] -> [1, 1, 3, 1, 2, 1, 0, 1, 0, 0, 3]
TasksBFS: 3.36 ms, [] -> [1] -> [1, 1] -> [1, 1, 1] -> [1, 1, 1, 1] -> [1, 1, 1, 1, 3] -> [1, 1, 1, 1, 3, 2] -> [1, 1, 1, 1, 3, 2, 2] -> [1, 1, 1, 1, 3, 2, 2, 3] -> [1, 1, 1, 1, 3, 2, 2, 3, 0] -> [1, 1, 1, 1, 3, 2, 2, 3, 0, 1] -> [1, 1, 1, 1, 3, 2, 2, 3, 0, 1, 2]
AsyncStartBFS: 1.43 ms, [] -> [1] -> [1, 1] -> [1, 1, 3] -> [1, 1, 3, 1] -> [1, 1, 3, 1, 2] -> [1, 1, 3, 1, 2, 1] -> [1, 1, 3, 1, 2, 1, 0] -> [1, 1, 3, 1, 2, 1, 0, 1] -> [1, 1, 3, 1, 2, 1, 0, 1, 0] -> [1, 1, 3, 1, 2, 1, 0, 1, 0, 0] -> [1, 1, 3, 1, 2, 1, 0, 1, 0, 0, 3]
SyncBFS: 31.47 ms, [] -> [1] -> [1, 1] -> [1, 1, 1] -> [1, 1, 1, 1] -> [1, 1, 1, 1, 3] -> [1, 1, 1, 1, 3, 2] -> [1, 1, 1, 1, 3, 2, 2] -> [1, 1, 1, 1, 3, 2, 2, 3] -> [1, 1, 1, 1, 3, 2, 2, 3, 0] -> [1, 1, 1, 1, 3, 2, 2, 3, 0, 1] -> [1, 1, 1, 1, 3, 2, 2, 3, 0, 1, 2]

problem_02.yaml
MultithreadBFS: 1.35 ms, [] -> [1] -> [1, 3] -> [1, 3, 0] -> [1, 3, 0, 2] -> [1, 3, 0, 2, 1] -> [1, 3, 0, 2, 1, 0] -> [1, 3, 0, 2, 1, 0, 2] -> [1, 3, 0, 2, 1, 0, 2, 2] -> [1, 3, 0, 2, 1, 0, 2, 2, 2] -> [1, 3, 0, 2, 1, 0, 2, 2, 2, 2] -> [1, 3, 0, 2, 1, 0, 2, 2, 2, 2, 3]
AsyncStartBFS: 1.44 ms, [] -> [1] -> [1, 3] -> [1, 3, 0] -> [1, 3, 0, 2] -> [1, 3, 0, 2, 1] -> [1, 3, 0, 2, 1, 0] -> [1, 3, 0, 2, 1, 0, 2] -> [1, 3, 0, 2, 1, 0, 2, 2] -> [1, 3, 0, 2, 1, 0, 2, 2, 2] -> [1, 3, 0, 2, 1, 0, 2, 2, 2, 2] -> [1, 3, 0, 2, 1, 0, 2, 2, 2, 2, 3]
TasksBFS: 4.36 ms, [] -> [0] -> [0, 0] -> [0, 0, 3] -> [0, 0, 3, 2] -> [0, 0, 3, 2, 1] -> [0, 0, 3, 2, 1, 1] -> [0, 0, 3, 2, 1, 1, 0] -> [0, 0, 3, 2, 1, 1, 0, 1] -> [0, 0, 3, 2, 1, 1, 0, 1, 1] -> [0, 0, 3, 2, 1, 1, 0, 1, 1, 1] -> [0, 0, 3, 2, 1, 1, 0, 1, 1, 1, 2]
SyncBFS: 27.46 ms, [] -> [0] -> [0, 0] -> [0, 0, 3] -> [0, 0, 3, 2] -> [0, 0, 3, 2, 1] -> [0, 0, 3, 2, 1, 1] -> [0, 0, 3, 2, 1, 1, 0] -> [0, 0, 3, 2, 1, 1, 0, 1] -> [0, 0, 3, 2, 1, 1, 0, 1, 1] -> [0, 0, 3, 2, 1, 1, 0, 1, 1, 1] -> [0, 0, 3, 2, 1, 1, 0, 1, 1, 1, 2]

problem_29.yaml
TasksBFS: 3.73 ms, [] -> [2] -> [2, 0] -> [2, 0, 1] -> [2, 0, 1, 0] -> [2, 0, 1, 0, 0] -> [2, 0, 1, 0, 0, 0] -> [2, 0, 1, 0, 0, 0, 0] -> [2, 0, 1, 0, 0, 0, 0, 0] -> [2, 0, 1, 0, 0, 0, 0, 0, 0] -> [2, 0, 1, 0, 0, 0, 0, 0, 0, 0] -> [2, 0, 1, 0, 0, 0, 0, 0, 0, 0, 3]
AsyncStartBFS: 1.5 ms, [] -> [2] -> [2, 0] -> [2, 0, 1] -> [2, 0, 1, 0] -> [2, 0, 1, 0, 0] -> [2, 0, 1, 0, 0, 0] -> [2, 0, 1, 0, 0, 0, 0] -> [2, 0, 1, 0, 0, 0, 0, 0] -> [2, 0, 1, 0, 0, 0, 0, 0, 0] -> [2, 0, 1, 0, 0, 0, 0, 0, 0, 0] -> [2, 0, 1, 0, 0, 0, 0, 0, 0, 0, 3]
MultithreadBFS: 1.44 ms, [] -> [2] -> [2, 0] -> [2, 0, 1] -> [2, 0, 1, 0] -> [2, 0, 1, 0, 0] -> [2, 0, 1, 0, 0, 0] -> [2, 0, 1, 0, 0, 0, 0] -> [2, 0, 1, 0, 0, 0, 0, 0] -> [2, 0, 1, 0, 0, 0, 0, 0, 0] -> [2, 0, 1, 0, 0, 0, 0, 0, 0, 0] -> [2, 0, 1, 0, 0, 0, 0, 0, 0, 0, 3]
SyncBFS: 31.34 ms, [] -> [0] -> [0, 2] -> [0, 2, 1] -> [0, 2, 1, 1] -> [0, 2, 1, 1, 3] -> [0, 2, 1, 1, 3, 1] -> [0, 2, 1, 1, 3, 1, 2] -> [0, 2, 1, 1, 3, 1, 2, 1] -> [0, 2, 1, 1, 3, 1, 2, 1, 1] -> [0, 2, 1, 1, 3, 1, 2, 1, 1, 0] -> [0, 2, 1, 1, 3, 1, 2, 1, 1, 0, 0]

problem_00.yaml
MultithreadBFS: 4.2 ms, [] -> [0] -> [0, 3] -> [0, 3, 2] -> [0, 3, 2, 3] -> [0, 3, 2, 3, 1] -> [0, 3, 2, 3, 1, 2] -> [0, 3, 2, 3, 1, 2, 3] -> [0, 3, 2, 3, 1, 2, 3, 2] -> [0, 3, 2, 3, 1, 2, 3, 2, 1] -> [0, 3, 2, 3, 1, 2, 3, 2, 1, 0] -> [0, 3, 2, 3, 1, 2, 3, 2, 1, 0, 0]
AsyncStartBFS: 4.01 ms, [] -> [0] -> [0, 3] -> [0, 3, 2] -> [0, 3, 2, 3] -> [0, 3, 2, 3, 1] -> [0, 3, 2, 3, 1, 2] -> [0, 3, 2, 3, 1, 2, 2] -> [0, 3, 2, 3, 1, 2, 2, 2] -> [0, 3, 2, 3, 1, 2, 2, 2, 2] -> [0, 3, 2, 3, 1, 2, 2, 2, 2, 0] -> [0, 3, 2, 3, 1, 2, 2, 2, 2, 0, 0]
SyncBFS: 3.05 ms, [] -> [0] -> [0, 3] -> [0, 3, 2] -> [0, 3, 2, 3] -> [0, 3, 2, 3, 1] -> [0, 3, 2, 3, 1, 2] -> [0, 3, 2, 3, 1, 2, 2] -> [0, 3, 2, 3, 1, 2, 2, 2] -> [0, 3, 2, 3, 1, 2, 2, 2, 2] -> [0, 3, 2, 3, 1, 2, 2, 2, 2, 0] -> [0, 3, 2, 3, 1, 2, 2, 2, 2, 0, 0]
TasksBFS: 1.32 ms, [] -> [0] -> [0, 3] -> [0, 3, 2] -> [0, 3, 2, 3] -> [0, 3, 2, 3, 1] -> [0, 3, 2, 3, 1, 2] -> [0, 3, 2, 3, 1, 2, 2] -> [0, 3, 2, 3, 1, 2, 2, 2] -> [0, 3, 2, 3, 1, 2, 2, 2, 2] -> [0, 3, 2, 3, 1, 2, 2, 2, 2, 0] -> [0, 3, 2, 3, 1, 2, 2, 2, 2, 0, 0]

problem_13.yaml
AsyncStartBFS: 2.36 ms, [] -> [2] -> [2, 3] -> [2, 3, 1] -> [2, 3, 1, 1] -> [2, 3, 1, 1, 1] -> [2, 3, 1, 1, 1, 3] -> [2, 3, 1, 1, 1, 3, 2] -> [2, 3, 1, 1, 1, 3, 2, 1] -> [2, 3, 1, 1, 1, 3, 2, 1, 3] -> [2, 3, 1, 1, 1, 3, 2, 1, 3, 3] -> [2, 3, 1, 1, 1, 3, 2, 1, 3, 3, 1]
TasksBFS: 7.47 ms, [] -> [2] -> [2, 0] -> [2, 0, 0] -> [2, 0, 0, 3] -> [2, 0, 0, 3, 3] -> [2, 0, 0, 3, 3, 3] -> [2, 0, 0, 3, 3, 3, 1] -> [2, 0, 0, 3, 3, 3, 1, 1] -> [2, 0, 0, 3, 3, 3, 1, 1, 0] -> [2, 0, 0, 3, 3, 3, 1, 1, 0, 0] -> [2, 0, 0, 3, 3, 3, 1, 1, 0, 0, 0]
SyncBFS: 39.25 ms, [] -> [2] -> [2, 0] -> [2, 0, 0] -> [2, 0, 0, 3] -> [2, 0, 0, 3, 3] -> [2, 0, 0, 3, 3, 3] -> [2, 0, 0, 3, 3, 3, 1] -> [2, 0, 0, 3, 3, 3, 1, 1] -> [2, 0, 0, 3, 3, 3, 1, 1, 0] -> [2, 0, 0, 3, 3, 3, 1, 1, 0, 0] -> [2, 0, 0, 3, 3, 3, 1, 1, 0, 0, 0]
MultithreadBFS: 7.46 ms, [] -> [2] -> [2, 3] -> [2, 3, 1] -> [2, 3, 1, 1] -> [2, 3, 1, 1, 1] -> [2, 3, 1, 1, 1, 3] -> [2, 3, 1, 1, 1, 3, 2] -> [2, 3, 1, 1, 1, 3, 2, 1] -> [2, 3, 1, 1, 1, 3, 2, 1, 3] -> [2, 3, 1, 1, 1, 3, 2, 1, 3, 3] -> [2, 3, 1, 1, 1, 3, 2, 1, 3, 3, 1]

problem_16.yaml
AsyncStartBFS: 1.61 ms, [] -> [0] -> [0, 3] -> [0, 3, 3] -> [0, 3, 3, 3] -> [0, 3, 3, 3, 0] -> [0, 3, 3, 3, 0, 2] -> [0, 3, 3, 3, 0, 2, 1] -> [0, 3, 3, 3, 0, 2, 1, 2] -> [0, 3, 3, 3, 0, 2, 1, 2, 3] -> [0, 3, 3, 3, 0, 2, 1, 2, 3, 0] -> [0, 3, 3, 3, 0, 2, 1, 2, 3, 0, 0]
TasksBFS: 3.51 ms, [] -> [0] -> [0, 3] -> [0, 3, 3] -> [0, 3, 3, 3] -> [0, 3, 3, 3, 0] -> [0, 3, 3, 3, 0, 2] -> [0, 3, 3, 3, 0, 2, 1] -> [0, 3, 3, 3, 0, 2, 1, 2] -> [0, 3, 3, 3, 0, 2, 1, 2, 3] -> [0, 3, 3, 3, 0, 2, 1, 2, 3, 0] -> [0, 3, 3, 3, 0, 2, 1, 2, 3, 0, 0]
SyncBFS: 23.05 ms, [] -> [0] -> [0, 0] -> [0, 0, 0] -> [0, 0, 0, 1] -> [0, 0, 0, 1, 2] -> [0, 0, 0, 1, 2, 1] -> [0, 0, 0, 1, 2, 1, 3] -> [0, 0, 0, 1, 2, 1, 3, 0] -> [0, 0, 0, 1, 2, 1, 3, 0, 2] -> [0, 0, 0, 1, 2, 1, 3, 0, 2, 2] -> [0, 0, 0, 1, 2, 1, 3, 0, 2, 2, 1]
MultithreadBFS: 1.73 ms, [] -> [0] -> [0, 3] -> [0, 3, 3] -> [0, 3, 3, 3] -> [0, 3, 3, 3, 0] -> [0, 3, 3, 3, 0, 2] -> [0, 3, 3, 3, 0, 2, 1] -> [0, 3, 3, 3, 0, 2, 1, 2] -> [0, 3, 3, 3, 0, 2, 1, 2, 3] -> [0, 3, 3, 3, 0, 2, 1, 2, 3, 0] -> [0, 3, 3, 3, 0, 2, 1, 2, 3, 0, 0]

problem_20.yaml
AsyncStartBFS: 3.11 ms, [] -> [0] -> [0, 1] -> [0, 1, 2] -> [0, 1, 2, 3] -> [0, 1, 2, 3, 0] -> [0, 1, 2, 3, 0, 3] -> [0, 1, 2, 3, 0, 3, 3] -> [0, 1, 2, 3, 0, 3, 3, 3] -> [0, 1, 2, 3, 0, 3, 3, 3, 0] -> [0, 1, 2, 3, 0, 3, 3, 3, 0, 0] -> [0, 1, 2, 3, 0, 3, 3, 3, 0, 0, 2]
TasksBFS: 6.74 ms, [] -> [0] -> [0, 0] -> [0, 0, 3] -> [0, 0, 3, 3] -> [0, 0, 3, 3, 3] -> [0, 0, 3, 3, 3, 2] -> [0, 0, 3, 3, 3, 2, 2] -> [0, 0, 3, 3, 3, 2, 2, 2] -> [0, 0, 3, 3, 3, 2, 2, 2, 0] -> [0, 0, 3, 3, 3, 2, 2, 2, 0, 3] -> [0, 0, 3, 3, 3, 2, 2, 2, 0, 3, 1]
SyncBFS: 35.94 ms, [] -> [0] -> [0, 0] -> [0, 0, 3] -> [0, 0, 3, 3] -> [0, 0, 3, 3, 3] -> [0, 0, 3, 3, 3, 2] -> [0, 0, 3, 3, 3, 2, 2] -> [0, 0, 3, 3, 3, 2, 2, 2] -> [0, 0, 3, 3, 3, 2, 2, 2, 0] -> [0, 0, 3, 3, 3, 2, 2, 2, 0, 3] -> [0, 0, 3, 3, 3, 2, 2, 2, 0, 3, 1]
MultithreadBFS: 6.22 ms, [] -> [0] -> [0, 1] -> [0, 1, 2] -> [0, 1, 2, 3] -> [0, 1, 2, 3, 0] -> [0, 1, 2, 3, 0, 3] -> [0, 1, 2, 3, 0, 3, 3] -> [0, 1, 2, 3, 0, 3, 3, 3] -> [0, 1, 2, 3, 0, 3, 3, 3, 0] -> [0, 1, 2, 3, 0, 3, 3, 3, 0, 0] -> [0, 1, 2, 3, 0, 3, 3, 3, 0, 0, 2]

problem_18.yaml
AsyncStartBFS: 1.53 ms, [] -> [1] -> [1, 3] -> [1, 3, 1] -> [1, 3, 1, 2] -> [1, 3, 1, 2, 3] -> [1, 3, 1, 2, 3, 1] -> [1, 3, 1, 2, 3, 1, 0] -> [1, 3, 1, 2, 3, 1, 0, 3] -> [1, 3, 1, 2, 3, 1, 0, 3, 0] -> [1, 3, 1, 2, 3, 1, 0, 3, 0, 1] -> [1, 3, 1, 2, 3, 1, 0, 3, 0, 1, 0]
MultithreadBFS: 1.94 ms, [] -> [1] -> [1, 3] -> [1, 3, 1] -> [1, 3, 1, 2] -> [1, 3, 1, 2, 3] -> [1, 3, 1, 2, 3, 1] -> [1, 3, 1, 2, 3, 1, 0] -> [1, 3, 1, 2, 3, 1, 0, 3] -> [1, 3, 1, 2, 3, 1, 0, 3, 0] -> [1, 3, 1, 2, 3, 1, 0, 3, 0, 1] -> [1, 3, 1, 2, 3, 1, 0, 3, 0, 1, 0]
SyncBFS: 25.18 ms, [] -> [0] -> [0, 0] -> [0, 0, 1] -> [0, 0, 1, 2] -> [0, 0, 1, 2, 2] -> [0, 0, 1, 2, 2, 0] -> [0, 0, 1, 2, 2, 0, 2] -> [0, 0, 1, 2, 2, 0, 2, 0] -> [0, 0, 1, 2, 2, 0, 2, 0, 3] -> [0, 0, 1, 2, 2, 0, 2, 0, 3, 0] -> [0, 0, 1, 2, 2, 0, 2, 0, 3, 0, 1]
TasksBFS: 6.32 ms, [] -> [0] -> [0, 0] -> [0, 0, 1] -> [0, 0, 1, 2] -> [0, 0, 1, 2, 2] -> [0, 0, 1, 2, 2, 0] -> [0, 0, 1, 2, 2, 0, 2] -> [0, 0, 1, 2, 2, 0, 2, 0] -> [0, 0, 1, 2, 2, 0, 2, 0, 3] -> [0, 0, 1, 2, 2, 0, 2, 0, 3, 0] -> [0, 0, 1, 2, 2, 0, 2, 0, 3, 0, 1]

problem_05.yaml
AsyncStartBFS: 1.33 ms, [] -> [0] -> [0, 2] -> [0, 2, 2] -> [0, 2, 2, 1] -> [0, 2, 2, 1, 0] -> [0, 2, 2, 1, 0, 1] -> [0, 2, 2, 1, 0, 1, 0] -> [0, 2, 2, 1, 0, 1, 0, 2] -> [0, 2, 2, 1, 0, 1, 0, 2, 3] -> [0, 2, 2, 1, 0, 1, 0, 2, 3, 0] -> [0, 2, 2, 1, 0, 1, 0, 2, 3, 0, 2]
SyncBFS: 10.65 ms, [] -> [0] -> [0, 1] -> [0, 1, 3] -> [0, 1, 3, 3] -> [0, 1, 3, 3, 2] -> [0, 1, 3, 3, 2, 1] -> [0, 1, 3, 3, 2, 1, 2] -> [0, 1, 3, 3, 2, 1, 2, 0] -> [0, 1, 3, 3, 2, 1, 2, 0, 2] -> [0, 1, 3, 3, 2, 1, 2, 0, 2, 0] -> [0, 1, 3, 3, 2, 1, 2, 0, 2, 0, 2]
MultithreadBFS: 2.03 ms, [] -> [0] -> [0, 2] -> [0, 2, 2] -> [0, 2, 2, 2] -> [0, 2, 2, 2, 0] -> [0, 2, 2, 2, 0, 0] -> [0, 2, 2, 2, 0, 0, 0] -> [0, 2, 2, 2, 0, 0, 0, 1] -> [0, 2, 2, 2, 0, 0, 0, 1, 3] -> [0, 2, 2, 2, 0, 0, 0, 1, 3, 3] -> [0, 2, 2, 2, 0, 0, 0, 1, 3, 3, 1]
TasksBFS: 2.49 ms, [] -> [0] -> [0, 2] -> [0, 2, 2] -> [0, 2, 2, 1] -> [0, 2, 2, 1, 0] -> [0, 2, 2, 1, 0, 1] -> [0, 2, 2, 1, 0, 1, 0] -> [0, 2, 2, 1, 0, 1, 0, 2] -> [0, 2, 2, 1, 0, 1, 0, 2, 3] -> [0, 2, 2, 1, 0, 1, 0, 2, 3, 0] -> [0, 2, 2, 1, 0, 1, 0, 2, 3, 0, 2]

problem_15.yaml
MultithreadBFS: 1.46 ms, [] -> [0] -> [0, 1] -> [0, 1, 1] -> [0, 1, 1, 1] -> [0, 1, 1, 1, 1] -> [0, 1, 1, 1, 1, 0] -> [0, 1, 1, 1, 1, 0, 0] -> [0, 1, 1, 1, 1, 0, 0, 0] -> [0, 1, 1, 1, 1, 0, 0, 0, 2] -> [0, 1, 1, 1, 1, 0, 0, 0, 2, 0] -> [0, 1, 1, 1, 1, 0, 0, 0, 2, 0, 1]
TasksBFS: 3.46 ms, [] -> [0] -> [0, 1] -> [0, 1, 1] -> [0, 1, 1, 1] -> [0, 1, 1, 1, 1] -> [0, 1, 1, 1, 1, 0] -> [0, 1, 1, 1, 1, 0, 0] -> [0, 1, 1, 1, 1, 0, 0, 0] -> [0, 1, 1, 1, 1, 0, 0, 0, 2] -> [0, 1, 1, 1, 1, 0, 0, 0, 2, 0] -> [0, 1, 1, 1, 1, 0, 0, 0, 2, 0, 1]
SyncBFS: 21.04 ms, [] -> [0] -> [0, 1] -> [0, 1, 1] -> [0, 1, 1, 1] -> [0, 1, 1, 1, 1] -> [0, 1, 1, 1, 1, 0] -> [0, 1, 1, 1, 1, 0, 0] -> [0, 1, 1, 1, 1, 0, 0, 0] -> [0, 1, 1, 1, 1, 0, 0, 0, 2] -> [0, 1, 1, 1, 1, 0, 0, 0, 2, 0] -> [0, 1, 1, 1, 1, 0, 0, 0, 2, 0, 1]
AsyncStartBFS: 3.61 ms, [] -> [0] -> [0, 1] -> [0, 1, 1] -> [0, 1, 1, 1] -> [0, 1, 1, 1, 1] -> [0, 1, 1, 1, 1, 0] -> [0, 1, 1, 1, 1, 0, 0] -> [0, 1, 1, 1, 1, 0, 0, 0] -> [0, 1, 1, 1, 1, 0, 0, 0, 2] -> [0, 1, 1, 1, 1, 0, 0, 0, 2, 0] -> [0, 1, 1, 1, 1, 0, 0, 0, 2, 0, 1]

problem_17.yaml
MultithreadBFS: 1.43 ms, [] -> [1] -> [1, 0] -> [1, 0, 2] -> [1, 0, 2, 3] -> [1, 0, 2, 3, 2] -> [1, 0, 2, 3, 2, 0] -> [1, 0, 2, 3, 2, 0, 2] -> [1, 0, 2, 3, 2, 0, 2, 3] -> [1, 0, 2, 3, 2, 0, 2, 3, 1] -> [1, 0, 2, 3, 2, 0, 2, 3, 1, 0] -> [1, 0, 2, 3, 2, 0, 2, 3, 1, 0, 0]
AsyncStartBFS: 1.45 ms, [] -> [1] -> [1, 0] -> [1, 0, 2] -> [1, 0, 2, 3] -> [1, 0, 2, 3, 2] -> [1, 0, 2, 3, 2, 0] -> [1, 0, 2, 3, 2, 0, 2] -> [1, 0, 2, 3, 2, 0, 2, 3] -> [1, 0, 2, 3, 2, 0, 2, 3, 1] -> [1, 0, 2, 3, 2, 0, 2, 3, 1, 0] -> [1, 0, 2, 3, 2, 0, 2, 3, 1, 0, 0]
SyncBFS: 16.04 ms, [] -> [1] -> [1, 0] -> [1, 0, 2] -> [1, 0, 2, 3] -> [1, 0, 2, 3, 1] -> [1, 0, 2, 3, 1, 2] -> [1, 0, 2, 3, 1, 2, 3] -> [1, 0, 2, 3, 1, 2, 3, 3] -> [1, 0, 2, 3, 1, 2, 3, 3, 3] -> [1, 0, 2, 3, 1, 2, 3, 3, 3, 3] -> [1, 0, 2, 3, 1, 2, 3, 3, 3, 3, 0]
TasksBFS: 3.75 ms, [] -> [1] -> [1, 0] -> [1, 0, 3] -> [1, 0, 3, 1] -> [1, 0, 3, 1, 0] -> [1, 0, 3, 1, 0, 0] -> [1, 0, 3, 1, 0, 0, 1] -> [1, 0, 3, 1, 0, 0, 1, 2] -> [1, 0, 3, 1, 0, 0, 1, 2, 0] -> [1, 0, 3, 1, 0, 0, 1, 2, 0, 1] -> [1, 0, 3, 1, 0, 0, 1, 2, 0, 1, 0]

problem_37.yaml
MultithreadBFS: 9.85 ms, [] -> [0] -> [0, 0] -> [0, 0, 0] -> [0, 0, 0, 1] -> [0, 0, 0, 1, 2] -> [0, 0, 0, 1, 2, 1] -> [0, 0, 0, 1, 2, 1, 1] -> [0, 0, 0, 1, 2, 1, 1, 3] -> [0, 0, 0, 1, 2, 1, 1, 3, 3] -> [0, 0, 0, 1, 2, 1, 1, 3, 3, 0] -> [0, 0, 0, 1, 2, 1, 1, 3, 3, 0, 1]
AsyncStartBFS: 1.76 ms, [] -> [0] -> [0, 0] -> [0, 0, 0] -> [0, 0, 0, 1] -> [0, 0, 0, 1, 2] -> [0, 0, 0, 1, 2, 1] -> [0, 0, 0, 1, 2, 1, 1] -> [0, 0, 0, 1, 2, 1, 1, 3] -> [0, 0, 0, 1, 2, 1, 1, 3, 3] -> [0, 0, 0, 1, 2, 1, 1, 3, 3, 0] -> [0, 0, 0, 1, 2, 1, 1, 3, 3, 0, 1]
SyncBFS: 20.86 ms, [] -> [0] -> [0, 0] -> [0, 0, 0] -> [0, 0, 0, 1] -> [0, 0, 0, 1, 2] -> [0, 0, 0, 1, 2, 1] -> [0, 0, 0, 1, 2, 1, 1] -> [0, 0, 0, 1, 2, 1, 1, 3] -> [0, 0, 0, 1, 2, 1, 1, 3, 3] -> [0, 0, 0, 1, 2, 1, 1, 3, 3, 0] -> [0, 0, 0, 1, 2, 1, 1, 3, 3, 0, 1]
TasksBFS: 6.94 ms, [] -> [0] -> [0, 0] -> [0, 0, 0] -> [0, 0, 0, 1] -> [0, 0, 0, 1, 2] -> [0, 0, 0, 1, 2, 1] -> [0, 0, 0, 1, 2, 1, 1] -> [0, 0, 0, 1, 2, 1, 1, 3] -> [0, 0, 0, 1, 2, 1, 1, 3, 3] -> [0, 0, 0, 1, 2, 1, 1, 3, 3, 0] -> [0, 0, 0, 1, 2, 1, 1, 3, 3, 0, 1]

problem_22.yaml
TasksBFS: 3.36 ms, [] -> [0] -> [0, 1] -> [0, 1, 0] -> [0, 1, 0, 2] -> [0, 1, 0, 2, 1] -> [0, 1, 0, 2, 1, 0] -> [0, 1, 0, 2, 1, 0, 0] -> [0, 1, 0, 2, 1, 0, 0, 3] -> [0, 1, 0, 2, 1, 0, 0, 3, 3] -> [0, 1, 0, 2, 1, 0, 0, 3, 3, 3] -> [0, 1, 0, 2, 1, 0, 0, 3, 3, 3, 0]
SyncBFS: 24.35 ms, [] -> [0] -> [0, 1] -> [0, 1, 0] -> [0, 1, 0, 2] -> [0, 1, 0, 2, 1] -> [0, 1, 0, 2, 1, 0] -> [0, 1, 0, 2, 1, 0, 0] -> [0, 1, 0, 2, 1, 0, 0, 3] -> [0, 1, 0, 2, 1, 0, 0, 3, 3] -> [0, 1, 0, 2, 1, 0, 0, 3, 3, 3] -> [0, 1, 0, 2, 1, 0, 0, 3, 3, 3, 0]
MultithreadBFS: 3.66 ms, [] -> [1] -> [1, 3] -> [1, 3, 1] -> [1, 3, 1, 0] -> [1, 3, 1, 0, 0] -> [1, 3, 1, 0, 0, 2] -> [1, 3, 1, 0, 0, 2, 2] -> [1, 3, 1, 0, 0, 2, 2, 2] -> [1, 3, 1, 0, 0, 2, 2, 2, 2] -> [1, 3, 1, 0, 0, 2, 2, 2, 2, 0] -> [1, 3, 1, 0, 0, 2, 2, 2, 2, 0, 0]
AsyncStartBFS: 1.47 ms, [] -> [1] -> [1, 3] -> [1, 3, 1] -> [1, 3, 1, 0] -> [1, 3, 1, 0, 0] -> [1, 3, 1, 0, 0, 2] -> [1, 3, 1, 0, 0, 2, 2] -> [1, 3, 1, 0, 0, 2, 2, 2] -> [1, 3, 1, 0, 0, 2, 2, 2, 2] -> [1, 3, 1, 0, 0, 2, 2, 2, 2, 0] -> [1, 3, 1, 0, 0, 2, 2, 2, 2, 0, 0]

problem_23.yaml
TasksBFS: 3.49 ms, [] -> [0] -> [0, 2] -> [0, 2, 0] -> [0, 2, 0, 1] -> [0, 2, 0, 1, 2] -> [0, 2, 0, 1, 2, 0] -> [0, 2, 0, 1, 2, 0, 3] -> [0, 2, 0, 1, 2, 0, 3, 3] -> [0, 2, 0, 1, 2, 0, 3, 3, 1] -> [0, 2, 0, 1, 2, 0, 3, 3, 1, 0] -> [0, 2, 0, 1, 2, 0, 3, 3, 1, 0, 3]
AsyncStartBFS: 1.71 ms, [] -> [2] -> [2, 1] -> [2, 1, 0] -> [2, 1, 0, 2] -> [2, 1, 0, 2, 1] -> [2, 1, 0, 2, 1, 1] -> [2, 1, 0, 2, 1, 1, 2] -> [2, 1, 0, 2, 1, 1, 2, 3] -> [2, 1, 0, 2, 1, 1, 2, 3, 3] -> [2, 1, 0, 2, 1, 1, 2, 3, 3, 0] -> [2, 1, 0, 2, 1, 1, 2, 3, 3, 0, 3]
SyncBFS: 23.82 ms, [] -> [0] -> [0, 2] -> [0, 2, 0] -> [0, 2, 0, 1] -> [0, 2, 0, 1, 2] -> [0, 2, 0, 1, 2, 0] -> [0, 2, 0, 1, 2, 0, 3] -> [0, 2, 0, 1, 2, 0, 3, 3] -> [0, 2, 0, 1, 2, 0, 3, 3, 1] -> [0, 2, 0, 1, 2, 0, 3, 3, 1, 0] -> [0, 2, 0, 1, 2, 0, 3, 3, 1, 0, 3]
MultithreadBFS: 4.42 ms, [] -> [2] -> [2, 1] -> [2, 1, 0] -> [2, 1, 0, 2] -> [2, 1, 0, 2, 1] -> [2, 1, 0, 2, 1, 1] -> [2, 1, 0, 2, 1, 1, 2] -> [2, 1, 0, 2, 1, 1, 2, 3] -> [2, 1, 0, 2, 1, 1, 2, 3, 3] -> [2, 1, 0, 2, 1, 1, 2, 3, 3, 0] -> [2, 1, 0, 2, 1, 1, 2, 3, 3, 0, 3]

problem_25.yaml
AsyncStartBFS: 2.06 ms, [] -> [1] -> [1, 1] -> [1, 1, 3] -> [1, 1, 3, 0] -> [1, 1, 3, 0, 0] -> [1, 1, 3, 0, 0, 3] -> [1, 1, 3, 0, 0, 3, 2] -> [1, 1, 3, 0, 0, 3, 2, 2] -> [1, 1, 3, 0, 0, 3, 2, 2, 0] -> [1, 1, 3, 0, 0, 3, 2, 2, 0, 3] -> [1, 1, 3, 0, 0, 3, 2, 2, 0, 3, 3]
TasksBFS: 3.93 ms, [] -> [0] -> [0, 1] -> [0, 1, 0] -> [0, 1, 0, 0] -> [0, 1, 0, 0, 3] -> [0, 1, 0, 0, 3, 0] -> [0, 1, 0, 0, 3, 0, 1] -> [0, 1, 0, 0, 3, 0, 1, 1] -> [0, 1, 0, 0, 3, 0, 1, 1, 3] -> [0, 1, 0, 0, 3, 0, 1, 1, 3, 3] -> [0, 1, 0, 0, 3, 0, 1, 1, 3, 3, 1]
MultithreadBFS: 3.25 ms, [] -> [1] -> [1, 1] -> [1, 1, 3] -> [1, 1, 3, 0] -> [1, 1, 3, 0, 0] -> [1, 1, 3, 0, 0, 3] -> [1, 1, 3, 0, 0, 3, 2] -> [1, 1, 3, 0, 0, 3, 2, 2] -> [1, 1, 3, 0, 0, 3, 2, 2, 0] -> [1, 1, 3, 0, 0, 3, 2, 2, 0, 3] -> [1, 1, 3, 0, 0, 3, 2, 2, 0, 3, 3]
SyncBFS: 22.73 ms, [] -> [0] -> [0, 1] -> [0, 1, 0] -> [0, 1, 0, 0] -> [0, 1, 0, 0, 3] -> [0, 1, 0, 0, 3, 0] -> [0, 1, 0, 0, 3, 0, 1] -> [0, 1, 0, 0, 3, 0, 1, 1] -> [0, 1, 0, 0, 3, 0, 1, 1, 3] -> [0, 1, 0, 0, 3, 0, 1, 1, 3, 3] -> [0, 1, 0, 0, 3, 0, 1, 1, 3, 3, 1]

problem_27.yaml
SyncBFS: 25.91 ms, [] -> [0] -> [0, 0] -> [0, 0, 0] -> [0, 0, 0, 0] -> [0, 0, 0, 0, 2] -> [0, 0, 0, 0, 2, 2] -> [0, 0, 0, 0, 2, 2, 0] -> [0, 0, 0, 0, 2, 2, 0, 1] -> [0, 0, 0, 0, 2, 2, 0, 1, 1] -> [0, 0, 0, 0, 2, 2, 0, 1, 1, 2] -> [0, 0, 0, 0, 2, 2, 0, 1, 1, 2, 0]
MultithreadBFS: 6.51 ms, [] -> [1] -> [1, 0] -> [1, 0, 0] -> [1, 0, 0, 1] -> [1, 0, 0, 1, 2] -> [1, 0, 0, 1, 2, 0] -> [1, 0, 0, 1, 2, 0, 1] -> [1, 0, 0, 1, 2, 0, 1, 2] -> [1, 0, 0, 1, 2, 0, 1, 2, 0] -> [1, 0, 0, 1, 2, 0, 1, 2, 0, 0] -> [1, 0, 0, 1, 2, 0, 1, 2, 0, 0, 0]
AsyncStartBFS: 2.4 ms, [] -> [1] -> [1, 0] -> [1, 0, 0] -> [1, 0, 0, 1] -> [1, 0, 0, 1, 2] -> [1, 0, 0, 1, 2, 0] -> [1, 0, 0, 1, 2, 0, 1] -> [1, 0, 0, 1, 2, 0, 1, 2] -> [1, 0, 0, 1, 2, 0, 1, 2, 0] -> [1, 0, 0, 1, 2, 0, 1, 2, 0, 0] -> [1, 0, 0, 1, 2, 0, 1, 2, 0, 0, 0]
TasksBFS: 4.36 ms, [] -> [0] -> [0, 0] -> [0, 0, 2] -> [0, 0, 2, 0] -> [0, 0, 2, 0, 0] -> [0, 0, 2, 0, 0, 3] -> [0, 0, 2, 0, 0, 3, 1] -> [0, 0, 2, 0, 0, 3, 1, 3] -> [0, 0, 2, 0, 0, 3, 1, 3, 2] -> [0, 0, 2, 0, 0, 3, 1, 3, 2, 0] -> [0, 0, 2, 0, 0, 3, 1, 3, 2, 0, 2]

problem_26.yaml
AsyncStartBFS: 1.56 ms, [] -> [0] -> [0, 0] -> [0, 0, 0] -> [0, 0, 0, 2] -> [0, 0, 0, 2, 3] -> [0, 0, 0, 2, 3, 1] -> [0, 0, 0, 2, 3, 1, 3] -> [0, 0, 0, 2, 3, 1, 3, 2] -> [0, 0, 0, 2, 3, 1, 3, 2, 3] -> [0, 0, 0, 2, 3, 1, 3, 2, 3, 1] -> [0, 0, 0, 2, 3, 1, 3, 2, 3, 1, 2]
MultithreadBFS: 2.37 ms, [] -> [0] -> [0, 0] -> [0, 0, 0] -> [0, 0, 0, 2] -> [0, 0, 0, 2, 3] -> [0, 0, 0, 2, 3, 1] -> [0, 0, 0, 2, 3, 1, 3] -> [0, 0, 0, 2, 3, 1, 3, 2] -> [0, 0, 0, 2, 3, 1, 3, 2, 3] -> [0, 0, 0, 2, 3, 1, 3, 2, 3, 1] -> [0, 0, 0, 2, 3, 1, 3, 2, 3, 1, 2]
TasksBFS: 2.82 ms, [] -> [3] -> [3, 0] -> [3, 0, 0] -> [3, 0, 0, 1] -> [3, 0, 0, 1, 3] -> [3, 0, 0, 1, 3, 1] -> [3, 0, 0, 1, 3, 1, 2] -> [3, 0, 0, 1, 3, 1, 2, 3] -> [3, 0, 0, 1, 3, 1, 2, 3, 0] -> [3, 0, 0, 1, 3, 1, 2, 3, 0, 2] -> [3, 0, 0, 1, 3, 1, 2, 3, 0, 2, 0]
SyncBFS: 16.6 ms, [] -> [0] -> [0, 0] -> [0, 0, 0] -> [0, 0, 0, 2] -> [0, 0, 0, 2, 3] -> [0, 0, 0, 2, 3, 1] -> [0, 0, 0, 2, 3, 1, 3] -> [0, 0, 0, 2, 3, 1, 3, 2] -> [0, 0, 0, 2, 3, 1, 3, 2, 3] -> [0, 0, 0, 2, 3, 1, 3, 2, 3, 1] -> [0, 0, 0, 2, 3, 1, 3, 2, 3, 1, 2]

problem_14.yaml
SyncBFS: 26.45 ms, [] -> [0] -> [0, 0] -> [0, 0, 0] -> [0, 0, 0, 2] -> [0, 0, 0, 2, 2] -> [0, 0, 0, 2, 2, 0] -> [0, 0, 0, 2, 2, 0, 2] -> [0, 0, 0, 2, 2, 0, 2, 2] -> [0, 0, 0, 2, 2, 0, 2, 2, 0] -> [0, 0, 0, 2, 2, 0, 2, 2, 0, 0] -> [0, 0, 0, 2, 2, 0, 2, 2, 0, 0, 0]
MultithreadBFS: 5.73 ms, [] -> [0] -> [0, 3] -> [0, 3, 0] -> [0, 3, 0, 0] -> [0, 3, 0, 0, 1] -> [0, 3, 0, 0, 1, 1] -> [0, 3, 0, 0, 1, 1, 2] -> [0, 3, 0, 0, 1, 1, 2, 0] -> [0, 3, 0, 0, 1, 1, 2, 0, 2] -> [0, 3, 0, 0, 1, 1, 2, 0, 2, 1] -> [0, 3, 0, 0, 1, 1, 2, 0, 2, 1, 3]
TasksBFS: 3.91 ms, [] -> [0] -> [0, 0] -> [0, 0, 0] -> [0, 0, 0, 2] -> [0, 0, 0, 2, 2] -> [0, 0, 0, 2, 2, 0] -> [0, 0, 0, 2, 2, 0, 2] -> [0, 0, 0, 2, 2, 0, 2, 2] -> [0, 0, 0, 2, 2, 0, 2, 2, 0] -> [0, 0, 0, 2, 2, 0, 2, 2, 0, 0] -> [0, 0, 0, 2, 2, 0, 2, 2, 0, 0, 0]
AsyncStartBFS: 2.36 ms, [] -> [0] -> [0, 2] -> [0, 2, 0] -> [0, 2, 0, 2] -> [0, 2, 0, 2, 2] -> [0, 2, 0, 2, 2, 0] -> [0, 2, 0, 2, 2, 0, 1] -> [0, 2, 0, 2, 2, 0, 1, 3] -> [0, 2, 0, 2, 2, 0, 1, 3, 3] -> [0, 2, 0, 2, 2, 0, 1, 3, 3, 2] -> [0, 2, 0, 2, 2, 0, 1, 3, 3, 2, 1]

problem_28.yaml
SyncBFS: 27.18 ms, [] -> [0] -> [0, 1] -> [0, 1, 0] -> [0, 1, 0, 2] -> [0, 1, 0, 2, 0] -> [0, 1, 0, 2, 0, 3] -> [0, 1, 0, 2, 0, 3, 2] -> [0, 1, 0, 2, 0, 3, 2, 1] -> [0, 1, 0, 2, 0, 3, 2, 1, 2] -> [0, 1, 0, 2, 0, 3, 2, 1, 2, 3] -> [0, 1, 0, 2, 0, 3, 2, 1, 2, 3, 1]
MultithreadBFS: 4.53 ms, [] -> [2] -> [2, 2] -> [2, 2, 1] -> [2, 2, 1, 0] -> [2, 2, 1, 0, 2] -> [2, 2, 1, 0, 2, 0] -> [2, 2, 1, 0, 2, 0, 3] -> [2, 2, 1, 0, 2, 0, 3, 3] -> [2, 2, 1, 0, 2, 0, 3, 3, 1] -> [2, 2, 1, 0, 2, 0, 3, 3, 1, 3] -> [2, 2, 1, 0, 2, 0, 3, 3, 1, 3, 1]
TasksBFS: 5.38 ms, [] -> [2] -> [2, 2] -> [2, 2, 1] -> [2, 2, 1, 0] -> [2, 2, 1, 0, 2] -> [2, 2, 1, 0, 2, 0] -> [2, 2, 1, 0, 2, 0, 3] -> [2, 2, 1, 0, 2, 0, 3, 3] -> [2, 2, 1, 0, 2, 0, 3, 3, 1] -> [2, 2, 1, 0, 2, 0, 3, 3, 1, 3] -> [2, 2, 1, 0, 2, 0, 3, 3, 1, 3, 1]
AsyncStartBFS: 1.58 ms, [] -> [2] -> [2, 2] -> [2, 2, 1] -> [2, 2, 1, 0] -> [2, 2, 1, 0, 2] -> [2, 2, 1, 0, 2, 0] -> [2, 2, 1, 0, 2, 0, 3] -> [2, 2, 1, 0, 2, 0, 3, 3] -> [2, 2, 1, 0, 2, 0, 3, 3, 1] -> [2, 2, 1, 0, 2, 0, 3, 3, 1, 3] -> [2, 2, 1, 0, 2, 0, 3, 3, 1, 3, 1]


[INFO] Results summary:
TasksBFS
	Average: 4.6216 ms
	Median: 4.17 ms
	Standard Deviation: 1.86924 ms
SyncBFS
	Average: 24.04 ms
	Median: 25.045 ms
	Standard Deviation: 9.74412 ms
AsyncStartBFS
	Average: 2.4878 ms
	Median: 1.84 ms
	Standard Deviation: 1.64509 ms
MultithreadBFS
	Average: 3.7318 ms
	Median: 2.705 ms
	Standard Deviation: 3.16152 ms
