problem_49.yaml
SyncBFS: 379.11 ms, [] -> [0] -> [0, 2] -> [0, 2, 2] -> [0, 2, 2, 1] -> [0, 2, 2, 1, 0] -> [0, 2, 2, 1, 0, 2] -> [0, 2, 2, 1, 0, 2, 2] -> [0, 2, 2, 1, 0, 2, 2, 0] -> [0, 2, 2, 1, 0, 2, 2, 0, 3] -> [0, 2, 2, 1, 0, 2, 2, 0, 3, 0] -> [0, 2, 2, 1, 0, 2, 2, 0, 3, 0, 1] -> [0, 2, 2, 1, 0, 2, 2, 0, 3, 0, 1, 3] -> [0, 2, 2, 1, 0, 2, 2, 0, 3, 0, 1, 3, 3] -> [0, 2, 2, 1, 0, 2, 2, 0, 3, 0, 1, 3, 3, 0]
MultithreadBFS: 28.26 ms, [] -> [3] -> [3, 3] -> [3, 3, 3] -> [3, 3, 3, 1] -> [3, 3, 3, 1, 2] -> [3, 3, 3, 1, 2, 3] -> [3, 3, 3, 1, 2, 3, 2] -> [3, 3, 3, 1, 2, 3, 2, 0] -> [3, 3, 3, 1, 2, 3, 2, 0, 2] -> [3, 3, 3, 1, 2, 3, 2, 0, 2, 1] -> [3, 3, 3, 1, 2, 3, 2, 0, 2, 1, 0] -> [3, 3, 3, 1, 2, 3, 2, 0, 2, 1, 0, 3] -> [3, 3, 3, 1, 2, 3, 2, 0, 2, 1, 0, 3, 2] -> [3, 3, 3, 1, 2, 3, 2, 0, 2, 1, 0, 3, 2, 3]
TasksBFS: 48.75 ms, [] -> [0] -> [0, 2] -> [0, 2, 2] -> [0, 2, 2, 1] -> [0, 2, 2, 1, 0] -> [0, 2, 2, 1, 0, 2] -> [0, 2, 2, 1, 0, 2, 2] -> [0, 2, 2, 1, 0, 2, 2, 0] -> [0, 2, 2, 1, 0, 2, 2, 0, 3] -> [0, 2, 2, 1, 0, 2, 2, 0, 3, 0] -> [0, 2, 2, 1, 0, 2, 2, 0, 3, 0, 1] -> [0, 2, 2, 1, 0, 2, 2, 0, 3, 0, 1, 3] -> [0, 2, 2, 1, 0, 2, 2, 0, 3, 0, 1, 3, 3] -> [0, 2, 2, 1, 0, 2, 2, 0, 3, 0, 1, 3, 3, 0]
AsyncStartBFS: 46.1 ms, [] -> [0] -> [0, 2] -> [0, 2, 2] -> [0, 2, 2, 1] -> [0, 2, 2, 1, 0] -> [0, 2, 2, 1, 0, 2] -> [0, 2, 2, 1, 0, 2, 2] -> [0, 2, 2, 1, 0, 2, 2, 0] -> [0, 2, 2, 1, 0, 2, 2, 0, 3] -> [0, 2, 2, 1, 0, 2, 2, 0, 3, 0] -> [0, 2, 2, 1, 0, 2, 2, 0, 3, 0, 1] -> [0, 2, 2, 1, 0, 2, 2, 0, 3, 0, 1, 3] -> [0, 2, 2, 1, 0, 2, 2, 0, 3, 0, 1, 3, 3] -> [0, 2, 2, 1, 0, 2, 2, 0, 3, 0, 1, 3, 3, 0]

problem_48.yaml
AsyncStartBFS: 13.33 ms, No solution found!
MultithreadBFS: 79.48 ms, No solution found!
TasksBFS: 20.45 ms, No solution found!
SyncBFS: 137.67 ms, No solution found!

problem_45.yaml
SyncBFS: 154.61 ms, [] -> [3] -> [3, 0] -> [3, 0, 0] -> [3, 0, 0, 1] -> [3, 0, 0, 1, 0] -> [3, 0, 0, 1, 0, 3] -> [3, 0, 0, 1, 0, 3, 1] -> [3, 0, 0, 1, 0, 3, 1, 0] -> [3, 0, 0, 1, 0, 3, 1, 0, 0] -> [3, 0, 0, 1, 0, 3, 1, 0, 0, 3] -> [3, 0, 0, 1, 0, 3, 1, 0, 0, 3, 3] -> [3, 0, 0, 1, 0, 3, 1, 0, 0, 3, 3, 2] -> [3, 0, 0, 1, 0, 3, 1, 0, 0, 3, 3, 2, 0] -> [3, 0, 0, 1, 0, 3, 1, 0, 0, 3, 3, 2, 0, 0]
TasksBFS: 19.15 ms, [] -> [3] -> [3, 0] -> [3, 0, 0] -> [3, 0, 0, 1] -> [3, 0, 0, 1, 0] -> [3, 0, 0, 1, 0, 3] -> [3, 0, 0, 1, 0, 3, 1] -> [3, 0, 0, 1, 0, 3, 1, 0] -> [3, 0, 0, 1, 0, 3, 1, 0, 0] -> [3, 0, 0, 1, 0, 3, 1, 0, 0, 3] -> [3, 0, 0, 1, 0, 3, 1, 0, 0, 3, 3] -> [3, 0, 0, 1, 0, 3, 1, 0, 0, 3, 3, 2] -> [3, 0, 0, 1, 0, 3, 1, 0, 0, 3, 3, 2, 0] -> [3, 0, 0, 1, 0, 3, 1, 0, 0, 3, 3, 2, 0, 0]
MultithreadBFS: 16.63 ms, [] -> [3] -> [3, 0] -> [3, 0, 2] -> [3, 0, 2, 3] -> [3, 0, 2, 3, 1] -> [3, 0, 2, 3, 1, 3] -> [3, 0, 2, 3, 1, 3, 3] -> [3, 0, 2, 3, 1, 3, 3, 2] -> [3, 0, 2, 3, 1, 3, 3, 2, 3] -> [3, 0, 2, 3, 1, 3, 3, 2, 3, 3] -> [3, 0, 2, 3, 1, 3, 3, 2, 3, 3, 3] -> [3, 0, 2, 3, 1, 3, 3, 2, 3, 3, 3, 1] -> [3, 0, 2, 3, 1, 3, 3, 2, 3, 3, 3, 1, 2] -> [3, 0, 2, 3, 1, 3, 3, 2, 3, 3, 3, 1, 2, 3]
AsyncStartBFS: 18.09 ms, [] -> [3] -> [3, 0] -> [3, 0, 0] -> [3, 0, 0, 1] -> [3, 0, 0, 1, 0] -> [3, 0, 0, 1, 0, 3] -> [3, 0, 0, 1, 0, 3, 1] -> [3, 0, 0, 1, 0, 3, 1, 0] -> [3, 0, 0, 1, 0, 3, 1, 0, 0] -> [3, 0, 0, 1, 0, 3, 1, 0, 0, 3] -> [3, 0, 0, 1, 0, 3, 1, 0, 0, 3, 3] -> [3, 0, 0, 1, 0, 3, 1, 0, 0, 3, 3, 2] -> [3, 0, 0, 1, 0, 3, 1, 0, 0, 3, 3, 2, 0] -> [3, 0, 0, 1, 0, 3, 1, 0, 0, 3, 3, 2, 0, 0]

problem_43.yaml
MultithreadBFS: 38.57 ms, [] -> [2] -> [2, 3] -> [2, 3, 0] -> [2, 3, 0, 1] -> [2, 3, 0, 1, 2] -> [2, 3, 0, 1, 2, 2] -> [2, 3, 0, 1, 2, 2, 1] -> [2, 3, 0, 1, 2, 2, 1, 1] -> [2, 3, 0, 1, 2, 2, 1, 1, 3] -> [2, 3, 0, 1, 2, 2, 1, 1, 3, 3] -> [2, 3, 0, 1, 2, 2, 1, 1, 3, 3, 3] -> [2, 3, 0, 1, 2, 2, 1, 1, 3, 3, 3, 3] -> [2, 3, 0, 1, 2, 2, 1, 1, 3, 3, 3, 3, 0] -> [2, 3, 0, 1, 2, 2, 1, 1, 3, 3, 3, 3, 0, 0]
TasksBFS: 40.03 ms, [] -> [2] -> [2, 1] -> [2, 1, 0] -> [2, 1, 0, 0] -> [2, 1, 0, 0, 1] -> [2, 1, 0, 0, 1, 0] -> [2, 1, 0, 0, 1, 0, 2] -> [2, 1, 0, 0, 1, 0, 2, 3] -> [2, 1, 0, 0, 1, 0, 2, 3, 0] -> [2, 1, 0, 0, 1, 0, 2, 3, 0, 3] -> [2, 1, 0, 0, 1, 0, 2, 3, 0, 3, 0] -> [2, 1, 0, 0, 1, 0, 2, 3, 0, 3, 0, 3] -> [2, 1, 0, 0, 1, 0, 2, 3, 0, 3, 0, 3, 1] -> [2, 1, 0, 0, 1, 0, 2, 3, 0, 3, 0, 3, 1, 3]
AsyncStartBFS: 31.83 ms, [] -> [2] -> [2, 1] -> [2, 1, 0] -> [2, 1, 0, 0] -> [2, 1, 0, 0, 1] -> [2, 1, 0, 0, 1, 0] -> [2, 1, 0, 0, 1, 0, 2] -> [2, 1, 0, 0, 1, 0, 2, 3] -> [2, 1, 0, 0, 1, 0, 2, 3, 0] -> [2, 1, 0, 0, 1, 0, 2, 3, 0, 3] -> [2, 1, 0, 0, 1, 0, 2, 3, 0, 3, 0] -> [2, 1, 0, 0, 1, 0, 2, 3, 0, 3, 0, 3] -> [2, 1, 0, 0, 1, 0, 2, 3, 0, 3, 0, 3, 1] -> [2, 1, 0, 0, 1, 0, 2, 3, 0, 3, 0, 3, 1, 3]
SyncBFS: 348.07 ms, [] -> [2] -> [2, 0] -> [2, 0, 2] -> [2, 0, 2, 2] -> [2, 0, 2, 2, 1] -> [2, 0, 2, 2, 1, 1] -> [2, 0, 2, 2, 1, 1, 0] -> [2, 0, 2, 2, 1, 1, 0, 2] -> [2, 0, 2, 2, 1, 1, 0, 2, 0] -> [2, 0, 2, 2, 1, 1, 0, 2, 0, 3] -> [2, 0, 2, 2, 1, 1, 0, 2, 0, 3, 3] -> [2, 0, 2, 2, 1, 1, 0, 2, 0, 3, 3, 1] -> [2, 0, 2, 2, 1, 1, 0, 2, 0, 3, 3, 1, 3] -> [2, 0, 2, 2, 1, 1, 0, 2, 0, 3, 3, 1, 3, 1]

problem_41.yaml
MultithreadBFS: 8.07 ms, [] -> [3] -> [3, 2] -> [3, 2, 3] -> [3, 2, 3, 3] -> [3, 2, 3, 3, 0] -> [3, 2, 3, 3, 0, 1] -> [3, 2, 3, 3, 0, 1, 3] -> [3, 2, 3, 3, 0, 1, 3, 3] -> [3, 2, 3, 3, 0, 1, 3, 3, 3] -> [3, 2, 3, 3, 0, 1, 3, 3, 3, 1] -> [3, 2, 3, 3, 0, 1, 3, 3, 3, 1, 1] -> [3, 2, 3, 3, 0, 1, 3, 3, 3, 1, 1, 0] -> [3, 2, 3, 3, 0, 1, 3, 3, 3, 1, 1, 0, 0] -> [3, 2, 3, 3, 0, 1, 3, 3, 3, 1, 1, 0, 0, 0]
SyncBFS: 144.61 ms, [] -> [3] -> [3, 2] -> [3, 2, 3] -> [3, 2, 3, 3] -> [3, 2, 3, 3, 0] -> [3, 2, 3, 3, 0, 1] -> [3, 2, 3, 3, 0, 1, 3] -> [3, 2, 3, 3, 0, 1, 3, 3] -> [3, 2, 3, 3, 0, 1, 3, 3, 3] -> [3, 2, 3, 3, 0, 1, 3, 3, 3, 1] -> [3, 2, 3, 3, 0, 1, 3, 3, 3, 1, 1] -> [3, 2, 3, 3, 0, 1, 3, 3, 3, 1, 1, 0] -> [3, 2, 3, 3, 0, 1, 3, 3, 3, 1, 1, 0, 0] -> [3, 2, 3, 3, 0, 1, 3, 3, 3, 1, 1, 0, 0, 0]
AsyncStartBFS: 13.52 ms, [] -> [3] -> [3, 2] -> [3, 2, 3] -> [3, 2, 3, 3] -> [3, 2, 3, 3, 0] -> [3, 2, 3, 3, 0, 1] -> [3, 2, 3, 3, 0, 1, 3] -> [3, 2, 3, 3, 0, 1, 3, 3] -> [3, 2, 3, 3, 0, 1, 3, 3, 3] -> [3, 2, 3, 3, 0, 1, 3, 3, 3, 1] -> [3, 2, 3, 3, 0, 1, 3, 3, 3, 1, 1] -> [3, 2, 3, 3, 0, 1, 3, 3, 3, 1, 1, 0] -> [3, 2, 3, 3, 0, 1, 3, 3, 3, 1, 1, 0, 0] -> [3, 2, 3, 3, 0, 1, 3, 3, 3, 1, 1, 0, 0, 0]
TasksBFS: 15.5 ms, [] -> [3] -> [3, 2] -> [3, 2, 3] -> [3, 2, 3, 3] -> [3, 2, 3, 3, 0] -> [3, 2, 3, 3, 0, 1] -> [3, 2, 3, 3, 0, 1, 3] -> [3, 2, 3, 3, 0, 1, 3, 3] -> [3, 2, 3, 3, 0, 1, 3, 3, 3] -> [3, 2, 3, 3, 0, 1, 3, 3, 3, 1] -> [3, 2, 3, 3, 0, 1, 3, 3, 3, 1, 1] -> [3, 2, 3, 3, 0, 1, 3, 3, 3, 1, 1, 0] -> [3, 2, 3, 3, 0, 1, 3, 3, 3, 1, 1, 0, 0] -> [3, 2, 3, 3, 0, 1, 3, 3, 3, 1, 1, 0, 0, 0]

problem_39.yaml
MultithreadBFS: 11.58 ms, [] -> [1] -> [1, 1] -> [1, 1, 1] -> [1, 1, 1, 1] -> [1, 1, 1, 1, 3] -> [1, 1, 1, 1, 3, 2] -> [1, 1, 1, 1, 3, 2, 1] -> [1, 1, 1, 1, 3, 2, 1, 0] -> [1, 1, 1, 1, 3, 2, 1, 0, 1] -> [1, 1, 1, 1, 3, 2, 1, 0, 1, 1] -> [1, 1, 1, 1, 3, 2, 1, 0, 1, 1, 0] -> [1, 1, 1, 1, 3, 2, 1, 0, 1, 1, 0, 1] -> [1, 1, 1, 1, 3, 2, 1, 0, 1, 1, 0, 1, 1] -> [1, 1, 1, 1, 3, 2, 1, 0, 1, 1, 0, 1, 1, 1]
SyncBFS: 193.85 ms, [] -> [1] -> [1, 1] -> [1, 1, 1] -> [1, 1, 1, 1] -> [1, 1, 1, 1, 3] -> [1, 1, 1, 1, 3, 2] -> [1, 1, 1, 1, 3, 2, 1] -> [1, 1, 1, 1, 3, 2, 1, 0] -> [1, 1, 1, 1, 3, 2, 1, 0, 1] -> [1, 1, 1, 1, 3, 2, 1, 0, 1, 1] -> [1, 1, 1, 1, 3, 2, 1, 0, 1, 1, 0] -> [1, 1, 1, 1, 3, 2, 1, 0, 1, 1, 0, 1] -> [1, 1, 1, 1, 3, 2, 1, 0, 1, 1, 0, 1, 1] -> [1, 1, 1, 1, 3, 2, 1, 0, 1, 1, 0, 1, 1, 1]
TasksBFS: 23.16 ms, [] -> [1] -> [1, 2] -> [1, 2, 3] -> [1, 2, 3, 0] -> [1, 2, 3, 0, 1] -> [1, 2, 3, 0, 1, 3] -> [1, 2, 3, 0, 1, 3, 2] -> [1, 2, 3, 0, 1, 3, 2, 3] -> [1, 2, 3, 0, 1, 3, 2, 3, 1] -> [1, 2, 3, 0, 1, 3, 2, 3, 1, 2] -> [1, 2, 3, 0, 1, 3, 2, 3, 1, 2, 3] -> [1, 2, 3, 0, 1, 3, 2, 3, 1, 2, 3, 3] -> [1, 2, 3, 0, 1, 3, 2, 3, 1, 2, 3, 3, 2] -> [1, 2, 3, 0, 1, 3, 2, 3, 1, 2, 3, 3, 2, 2]
AsyncStartBFS: 20.59 ms, [] -> [1] -> [1, 2] -> [1, 2, 3] -> [1, 2, 3, 0] -> [1, 2, 3, 0, 1] -> [1, 2, 3, 0, 1, 3] -> [1, 2, 3, 0, 1, 3, 2] -> [1, 2, 3, 0, 1, 3, 2, 3] -> [1, 2, 3, 0, 1, 3, 2, 3, 1] -> [1, 2, 3, 0, 1, 3, 2, 3, 1, 2] -> [1, 2, 3, 0, 1, 3, 2, 3, 1, 2, 3] -> [1, 2, 3, 0, 1, 3, 2, 3, 1, 2, 3, 3] -> [1, 2, 3, 0, 1, 3, 2, 3, 1, 2, 3, 3, 2] -> [1, 2, 3, 0, 1, 3, 2, 3, 1, 2, 3, 3, 2, 2]

problem_38.yaml
SyncBFS: 625.9 ms, [] -> [2] -> [2, 1] -> [2, 1, 2] -> [2, 1, 2, 0] -> [2, 1, 2, 0, 1] -> [2, 1, 2, 0, 1, 0] -> [2, 1, 2, 0, 1, 0, 3] -> [2, 1, 2, 0, 1, 0, 3, 1] -> [2, 1, 2, 0, 1, 0, 3, 1, 1] -> [2, 1, 2, 0, 1, 0, 3, 1, 1, 0] -> [2, 1, 2, 0, 1, 0, 3, 1, 1, 0, 3] -> [2, 1, 2, 0, 1, 0, 3, 1, 1, 0, 3, 3] -> [2, 1, 2, 0, 1, 0, 3, 1, 1, 0, 3, 3, 2] -> [2, 1, 2, 0, 1, 0, 3, 1, 1, 0, 3, 3, 2, 2]
AsyncStartBFS: 24.49 ms, [] -> [2] -> [2, 1] -> [2, 1, 2] -> [2, 1, 2, 1] -> [2, 1, 2, 1, 0] -> [2, 1, 2, 1, 0, 0] -> [2, 1, 2, 1, 0, 0, 2] -> [2, 1, 2, 1, 0, 0, 2, 2] -> [2, 1, 2, 1, 0, 0, 2, 2, 3] -> [2, 1, 2, 1, 0, 0, 2, 2, 3, 2] -> [2, 1, 2, 1, 0, 0, 2, 2, 3, 2, 2] -> [2, 1, 2, 1, 0, 0, 2, 2, 3, 2, 2, 3] -> [2, 1, 2, 1, 0, 0, 2, 2, 3, 2, 2, 3, 0] -> [2, 1, 2, 1, 0, 0, 2, 2, 3, 2, 2, 3, 0, 2]
MultithreadBFS: 23.54 ms, [] -> [2] -> [2, 1] -> [2, 1, 2] -> [2, 1, 2, 1] -> [2, 1, 2, 1, 0] -> [2, 1, 2, 1, 0, 0] -> [2, 1, 2, 1, 0, 0, 2] -> [2, 1, 2, 1, 0, 0, 2, 2] -> [2, 1, 2, 1, 0, 0, 2, 2, 3] -> [2, 1, 2, 1, 0, 0, 2, 2, 3, 2] -> [2, 1, 2, 1, 0, 0, 2, 2, 3, 2, 2] -> [2, 1, 2, 1, 0, 0, 2, 2, 3, 2, 2, 3] -> [2, 1, 2, 1, 0, 0, 2, 2, 3, 2, 2, 3, 0] -> [2, 1, 2, 1, 0, 0, 2, 2, 3, 2, 2, 3, 0, 2]
TasksBFS: 73.57 ms, [] -> [2] -> [2, 1] -> [2, 1, 2] -> [2, 1, 2, 1] -> [2, 1, 2, 1, 0] -> [2, 1, 2, 1, 0, 0] -> [2, 1, 2, 1, 0, 0, 2] -> [2, 1, 2, 1, 0, 0, 2, 2] -> [2, 1, 2, 1, 0, 0, 2, 2, 3] -> [2, 1, 2, 1, 0, 0, 2, 2, 3, 2] -> [2, 1, 2, 1, 0, 0, 2, 2, 3, 2, 2] -> [2, 1, 2, 1, 0, 0, 2, 2, 3, 2, 2, 3] -> [2, 1, 2, 1, 0, 0, 2, 2, 3, 2, 2, 3, 0] -> [2, 1, 2, 1, 0, 0, 2, 2, 3, 2, 2, 3, 0, 2]

problem_36.yaml
AsyncStartBFS: 50.98 ms, [] -> [2] -> [2, 1] -> [2, 1, 3] -> [2, 1, 3, 2] -> [2, 1, 3, 2, 2] -> [2, 1, 3, 2, 2, 3] -> [2, 1, 3, 2, 2, 3, 0] -> [2, 1, 3, 2, 2, 3, 0, 1] -> [2, 1, 3, 2, 2, 3, 0, 1, 3] -> [2, 1, 3, 2, 2, 3, 0, 1, 3, 1] -> [2, 1, 3, 2, 2, 3, 0, 1, 3, 1, 0] -> [2, 1, 3, 2, 2, 3, 0, 1, 3, 1, 0, 2] -> [2, 1, 3, 2, 2, 3, 0, 1, 3, 1, 0, 2, 2] -> [2, 1, 3, 2, 2, 3, 0, 1, 3, 1, 0, 2, 2, 0]
TasksBFS: 85.12 ms, [] -> [2] -> [2, 1] -> [2, 1, 3] -> [2, 1, 3, 2] -> [2, 1, 3, 2, 2] -> [2, 1, 3, 2, 2, 3] -> [2, 1, 3, 2, 2, 3, 0] -> [2, 1, 3, 2, 2, 3, 0, 1] -> [2, 1, 3, 2, 2, 3, 0, 1, 3] -> [2, 1, 3, 2, 2, 3, 0, 1, 3, 1] -> [2, 1, 3, 2, 2, 3, 0, 1, 3, 1, 0] -> [2, 1, 3, 2, 2, 3, 0, 1, 3, 1, 0, 2] -> [2, 1, 3, 2, 2, 3, 0, 1, 3, 1, 0, 2, 2] -> [2, 1, 3, 2, 2, 3, 0, 1, 3, 1, 0, 2, 2, 0]
MultithreadBFS: 44.43 ms, [] -> [0] -> [0, 0] -> [0, 0, 1] -> [0, 0, 1, 0] -> [0, 0, 1, 0, 2] -> [0, 0, 1, 0, 2, 2] -> [0, 0, 1, 0, 2, 2, 3] -> [0, 0, 1, 0, 2, 2, 3, 1] -> [0, 0, 1, 0, 2, 2, 3, 1, 0] -> [0, 0, 1, 0, 2, 2, 3, 1, 0, 0] -> [0, 0, 1, 0, 2, 2, 3, 1, 0, 0, 0] -> [0, 0, 1, 0, 2, 2, 3, 1, 0, 0, 0, 1] -> [0, 0, 1, 0, 2, 2, 3, 1, 0, 0, 0, 1, 2] -> [0, 0, 1, 0, 2, 2, 3, 1, 0, 0, 0, 1, 2, 0]
SyncBFS: 629.48 ms, [] -> [0] -> [0, 0] -> [0, 0, 1] -> [0, 0, 1, 0] -> [0, 0, 1, 0, 2] -> [0, 0, 1, 0, 2, 2] -> [0, 0, 1, 0, 2, 2, 3] -> [0, 0, 1, 0, 2, 2, 3, 1] -> [0, 0, 1, 0, 2, 2, 3, 1, 0] -> [0, 0, 1, 0, 2, 2, 3, 1, 0, 0] -> [0, 0, 1, 0, 2, 2, 3, 1, 0, 0, 0] -> [0, 0, 1, 0, 2, 2, 3, 1, 0, 0, 0, 1] -> [0, 0, 1, 0, 2, 2, 3, 1, 0, 0, 0, 1, 2] -> [0, 0, 1, 0, 2, 2, 3, 1, 0, 0, 0, 1, 2, 0]

problem_44.yaml
AsyncStartBFS: 31.21 ms, [] -> [2] -> [2, 0] -> [2, 0, 0] -> [2, 0, 0, 0] -> [2, 0, 0, 0, 0] -> [2, 0, 0, 0, 0, 0] -> [2, 0, 0, 0, 0, 0, 2] -> [2, 0, 0, 0, 0, 0, 2, 2] -> [2, 0, 0, 0, 0, 0, 2, 2, 1] -> [2, 0, 0, 0, 0, 0, 2, 2, 1, 1] -> [2, 0, 0, 0, 0, 0, 2, 2, 1, 1, 3] -> [2, 0, 0, 0, 0, 0, 2, 2, 1, 1, 3, 1] -> [2, 0, 0, 0, 0, 0, 2, 2, 1, 1, 3, 1, 2] -> [2, 0, 0, 0, 0, 0, 2, 2, 1, 1, 3, 1, 2, 0]
SyncBFS: 256.45 ms, [] -> [2] -> [2, 0] -> [2, 0, 0] -> [2, 0, 0, 0] -> [2, 0, 0, 0, 0] -> [2, 0, 0, 0, 0, 0] -> [2, 0, 0, 0, 0, 0, 2] -> [2, 0, 0, 0, 0, 0, 2, 2] -> [2, 0, 0, 0, 0, 0, 2, 2, 1] -> [2, 0, 0, 0, 0, 0, 2, 2, 1, 1] -> [2, 0, 0, 0, 0, 0, 2, 2, 1, 1, 3] -> [2, 0, 0, 0, 0, 0, 2, 2, 1, 1, 3, 1] -> [2, 0, 0, 0, 0, 0, 2, 2, 1, 1, 3, 1, 2] -> [2, 0, 0, 0, 0, 0, 2, 2, 1, 1, 3, 1, 2, 0]
TasksBFS: 35.75 ms, [] -> [2] -> [2, 0] -> [2, 0, 0] -> [2, 0, 0, 0] -> [2, 0, 0, 0, 0] -> [2, 0, 0, 0, 0, 0] -> [2, 0, 0, 0, 0, 0, 2] -> [2, 0, 0, 0, 0, 0, 2, 2] -> [2, 0, 0, 0, 0, 0, 2, 2, 1] -> [2, 0, 0, 0, 0, 0, 2, 2, 1, 1] -> [2, 0, 0, 0, 0, 0, 2, 2, 1, 1, 3] -> [2, 0, 0, 0, 0, 0, 2, 2, 1, 1, 3, 1] -> [2, 0, 0, 0, 0, 0, 2, 2, 1, 1, 3, 1, 2] -> [2, 0, 0, 0, 0, 0, 2, 2, 1, 1, 3, 1, 2, 0]
MultithreadBFS: 19.89 ms, [] -> [2] -> [2, 0] -> [2, 0, 0] -> [2, 0, 0, 0] -> [2, 0, 0, 0, 0] -> [2, 0, 0, 0, 0, 0] -> [2, 0, 0, 0, 0, 0, 2] -> [2, 0, 0, 0, 0, 0, 2, 2] -> [2, 0, 0, 0, 0, 0, 2, 2, 1] -> [2, 0, 0, 0, 0, 0, 2, 2, 1, 1] -> [2, 0, 0, 0, 0, 0, 2, 2, 1, 1, 3] -> [2, 0, 0, 0, 0, 0, 2, 2, 1, 1, 3, 1] -> [2, 0, 0, 0, 0, 0, 2, 2, 1, 1, 3, 1, 2] -> [2, 0, 0, 0, 0, 0, 2, 2, 1, 1, 3, 1, 2, 0]

problem_35.yaml
MultithreadBFS: 21.65 ms, [] -> [0] -> [0, 0] -> [0, 0, 1] -> [0, 0, 1, 3] -> [0, 0, 1, 3, 1] -> [0, 0, 1, 3, 1, 1] -> [0, 0, 1, 3, 1, 1, 2] -> [0, 0, 1, 3, 1, 1, 2, 0] -> [0, 0, 1, 3, 1, 1, 2, 0, 1] -> [0, 0, 1, 3, 1, 1, 2, 0, 1, 1] -> [0, 0, 1, 3, 1, 1, 2, 0, 1, 1, 0] -> [0, 0, 1, 3, 1, 1, 2, 0, 1, 1, 0, 1] -> [0, 0, 1, 3, 1, 1, 2, 0, 1, 1, 0, 1, 3] -> [0, 0, 1, 3, 1, 1, 2, 0, 1, 1, 0, 1, 3, 1]
SyncBFS: 580.23 ms, [] -> [0] -> [0, 0] -> [0, 0, 1] -> [0, 0, 1, 3] -> [0, 0, 1, 3, 1] -> [0, 0, 1, 3, 1, 1] -> [0, 0, 1, 3, 1, 1, 2] -> [0, 0, 1, 3, 1, 1, 2, 0] -> [0, 0, 1, 3, 1, 1, 2, 0, 1] -> [0, 0, 1, 3, 1, 1, 2, 0, 1, 1] -> [0, 0, 1, 3, 1, 1, 2, 0, 1, 1, 0] -> [0, 0, 1, 3, 1, 1, 2, 0, 1, 1, 0, 1] -> [0, 0, 1, 3, 1, 1, 2, 0, 1, 1, 0, 1, 3] -> [0, 0, 1, 3, 1, 1, 2, 0, 1, 1, 0, 1, 3, 1]
TasksBFS: 82.02 ms, [] -> [0] -> [0, 0] -> [0, 0, 1] -> [0, 0, 1, 3] -> [0, 0, 1, 3, 1] -> [0, 0, 1, 3, 1, 1] -> [0, 0, 1, 3, 1, 1, 2] -> [0, 0, 1, 3, 1, 1, 2, 0] -> [0, 0, 1, 3, 1, 1, 2, 0, 1] -> [0, 0, 1, 3, 1, 1, 2, 0, 1, 1] -> [0, 0, 1, 3, 1, 1, 2, 0, 1, 1, 0] -> [0, 0, 1, 3, 1, 1, 2, 0, 1, 1, 0, 1] -> [0, 0, 1, 3, 1, 1, 2, 0, 1, 1, 0, 1, 3] -> [0, 0, 1, 3, 1, 1, 2, 0, 1, 1, 0, 1, 3, 1]
AsyncStartBFS: 79.79 ms, [] -> [2] -> [2, 1] -> [2, 1, 2] -> [2, 1, 2, 3] -> [2, 1, 2, 3, 1] -> [2, 1, 2, 3, 1, 3] -> [2, 1, 2, 3, 1, 3, 0] -> [2, 1, 2, 3, 1, 3, 0, 2] -> [2, 1, 2, 3, 1, 3, 0, 2, 3] -> [2, 1, 2, 3, 1, 3, 0, 2, 3, 3] -> [2, 1, 2, 3, 1, 3, 0, 2, 3, 3, 1] -> [2, 1, 2, 3, 1, 3, 0, 2, 3, 3, 1, 3] -> [2, 1, 2, 3, 1, 3, 0, 2, 3, 3, 1, 3, 0] -> [2, 1, 2, 3, 1, 3, 0, 2, 3, 3, 1, 3, 0, 0]

problem_46.yaml
MultithreadBFS: 57.06 ms, [] -> [0] -> [0, 2] -> [0, 2, 3] -> [0, 2, 3, 3] -> [0, 2, 3, 3, 1] -> [0, 2, 3, 3, 1, 3] -> [0, 2, 3, 3, 1, 3, 1] -> [0, 2, 3, 3, 1, 3, 1, 1] -> [0, 2, 3, 3, 1, 3, 1, 1, 0] -> [0, 2, 3, 3, 1, 3, 1, 1, 0, 2] -> [0, 2, 3, 3, 1, 3, 1, 1, 0, 2, 2] -> [0, 2, 3, 3, 1, 3, 1, 1, 0, 2, 2, 2] -> [0, 2, 3, 3, 1, 3, 1, 1, 0, 2, 2, 2, 3] -> [0, 2, 3, 3, 1, 3, 1, 1, 0, 2, 2, 2, 3, 2]
TasksBFS: 30.16 ms, [] -> [1] -> [1, 1] -> [1, 1, 0] -> [1, 1, 0, 2] -> [1, 1, 0, 2, 3] -> [1, 1, 0, 2, 3, 0] -> [1, 1, 0, 2, 3, 0, 0] -> [1, 1, 0, 2, 3, 0, 0, 1] -> [1, 1, 0, 2, 3, 0, 0, 1, 3] -> [1, 1, 0, 2, 3, 0, 0, 1, 3, 2] -> [1, 1, 0, 2, 3, 0, 0, 1, 3, 2, 1] -> [1, 1, 0, 2, 3, 0, 0, 1, 3, 2, 1, 3] -> [1, 1, 0, 2, 3, 0, 0, 1, 3, 2, 1, 3, 3] -> [1, 1, 0, 2, 3, 0, 0, 1, 3, 2, 1, 3, 3, 0]
AsyncStartBFS: 29.54 ms, [] -> [1] -> [1, 1] -> [1, 1, 0] -> [1, 1, 0, 2] -> [1, 1, 0, 2, 3] -> [1, 1, 0, 2, 3, 0] -> [1, 1, 0, 2, 3, 0, 0] -> [1, 1, 0, 2, 3, 0, 0, 1] -> [1, 1, 0, 2, 3, 0, 0, 1, 3] -> [1, 1, 0, 2, 3, 0, 0, 1, 3, 2] -> [1, 1, 0, 2, 3, 0, 0, 1, 3, 2, 1] -> [1, 1, 0, 2, 3, 0, 0, 1, 3, 2, 1, 3] -> [1, 1, 0, 2, 3, 0, 0, 1, 3, 2, 1, 3, 3] -> [1, 1, 0, 2, 3, 0, 0, 1, 3, 2, 1, 3, 3, 0]
SyncBFS: 333.68 ms, [] -> [0] -> [0, 2] -> [0, 2, 3] -> [0, 2, 3, 3] -> [0, 2, 3, 3, 1] -> [0, 2, 3, 3, 1, 3] -> [0, 2, 3, 3, 1, 3, 1] -> [0, 2, 3, 3, 1, 3, 1, 1] -> [0, 2, 3, 3, 1, 3, 1, 1, 0] -> [0, 2, 3, 3, 1, 3, 1, 1, 0, 2] -> [0, 2, 3, 3, 1, 3, 1, 1, 0, 2, 2] -> [0, 2, 3, 3, 1, 3, 1, 1, 0, 2, 2, 2] -> [0, 2, 3, 3, 1, 3, 1, 1, 0, 2, 2, 2, 3] -> [0, 2, 3, 3, 1, 3, 1, 1, 0, 2, 2, 2, 3, 2]

problem_34.yaml
TasksBFS: 81.61 ms, No solution found!
SyncBFS: 668.98 ms, No solution found!
MultithreadBFS: 368.8 ms, No solution found!
AsyncStartBFS: 69.21 ms, No solution found!

problem_32.yaml
SyncBFS: 507.61 ms, [] -> [2] -> [2, 0] -> [2, 0, 0] -> [2, 0, 0, 3] -> [2, 0, 0, 3, 2] -> [2, 0, 0, 3, 2, 0] -> [2, 0, 0, 3, 2, 0, 3] -> [2, 0, 0, 3, 2, 0, 3, 3] -> [2, 0, 0, 3, 2, 0, 3, 3, 3] -> [2, 0, 0, 3, 2, 0, 3, 3, 3, 1] -> [2, 0, 0, 3, 2, 0, 3, 3, 3, 1, 1] -> [2, 0, 0, 3, 2, 0, 3, 3, 3, 1, 1, 3] -> [2, 0, 0, 3, 2, 0, 3, 3, 3, 1, 1, 3, 1] -> [2, 0, 0, 3, 2, 0, 3, 3, 3, 1, 1, 3, 1, 2]
AsyncStartBFS: 38.44 ms, [] -> [3] -> [3, 1] -> [3, 1, 0] -> [3, 1, 0, 1] -> [3, 1, 0, 1, 0] -> [3, 1, 0, 1, 0, 3] -> [3, 1, 0, 1, 0, 3, 1] -> [3, 1, 0, 1, 0, 3, 1, 3] -> [3, 1, 0, 1, 0, 3, 1, 3, 2] -> [3, 1, 0, 1, 0, 3, 1, 3, 2, 0] -> [3, 1, 0, 1, 0, 3, 1, 3, 2, 0, 2] -> [3, 1, 0, 1, 0, 3, 1, 3, 2, 0, 2, 3] -> [3, 1, 0, 1, 0, 3, 1, 3, 2, 0, 2, 3, 3] -> [3, 1, 0, 1, 0, 3, 1, 3, 2, 0, 2, 3, 3, 1]
MultithreadBFS: 15.81 ms, [] -> [3] -> [3, 1] -> [3, 1, 0] -> [3, 1, 0, 1] -> [3, 1, 0, 1, 0] -> [3, 1, 0, 1, 0, 3] -> [3, 1, 0, 1, 0, 3, 1] -> [3, 1, 0, 1, 0, 3, 1, 3] -> [3, 1, 0, 1, 0, 3, 1, 3, 2] -> [3, 1, 0, 1, 0, 3, 1, 3, 2, 0] -> [3, 1, 0, 1, 0, 3, 1, 3, 2, 0, 2] -> [3, 1, 0, 1, 0, 3, 1, 3, 2, 0, 2, 3] -> [3, 1, 0, 1, 0, 3, 1, 3, 2, 0, 2, 3, 3] -> [3, 1, 0, 1, 0, 3, 1, 3, 2, 0, 2, 3, 3, 1]
TasksBFS: 57.52 ms, [] -> [3] -> [3, 1] -> [3, 1, 0] -> [3, 1, 0, 1] -> [3, 1, 0, 1, 0] -> [3, 1, 0, 1, 0, 3] -> [3, 1, 0, 1, 0, 3, 1] -> [3, 1, 0, 1, 0, 3, 1, 3] -> [3, 1, 0, 1, 0, 3, 1, 3, 2] -> [3, 1, 0, 1, 0, 3, 1, 3, 2, 0] -> [3, 1, 0, 1, 0, 3, 1, 3, 2, 0, 2] -> [3, 1, 0, 1, 0, 3, 1, 3, 2, 0, 2, 3] -> [3, 1, 0, 1, 0, 3, 1, 3, 2, 0, 2, 3, 3] -> [3, 1, 0, 1, 0, 3, 1, 3, 2, 0, 2, 3, 3, 1]

problem_31.yaml
TasksBFS: 56.3 ms, [] -> [3] -> [3, 0] -> [3, 0, 3] -> [3, 0, 3, 0] -> [3, 0, 3, 0, 0] -> [3, 0, 3, 0, 0, 2] -> [3, 0, 3, 0, 0, 2, 3] -> [3, 0, 3, 0, 0, 2, 3, 3] -> [3, 0, 3, 0, 0, 2, 3, 3, 3] -> [3, 0, 3, 0, 0, 2, 3, 3, 3, 1] -> [3, 0, 3, 0, 0, 2, 3, 3, 3, 1, 2] -> [3, 0, 3, 0, 0, 2, 3, 3, 3, 1, 2, 3] -> [3, 0, 3, 0, 0, 2, 3, 3, 3, 1, 2, 3, 3] -> [3, 0, 3, 0, 0, 2, 3, 3, 3, 1, 2, 3, 3, 1]
SyncBFS: 417.16 ms, [] -> [3] -> [3, 0] -> [3, 0, 3] -> [3, 0, 3, 0] -> [3, 0, 3, 0, 0] -> [3, 0, 3, 0, 0, 2] -> [3, 0, 3, 0, 0, 2, 3] -> [3, 0, 3, 0, 0, 2, 3, 3] -> [3, 0, 3, 0, 0, 2, 3, 3, 3] -> [3, 0, 3, 0, 0, 2, 3, 3, 3, 1] -> [3, 0, 3, 0, 0, 2, 3, 3, 3, 1, 2] -> [3, 0, 3, 0, 0, 2, 3, 3, 3, 1, 2, 3] -> [3, 0, 3, 0, 0, 2, 3, 3, 3, 1, 2, 3, 3] -> [3, 0, 3, 0, 0, 2, 3, 3, 3, 1, 2, 3, 3, 1]
AsyncStartBFS: 54.08 ms, [] -> [3] -> [3, 0] -> [3, 0, 3] -> [3, 0, 3, 0] -> [3, 0, 3, 0, 0] -> [3, 0, 3, 0, 0, 2] -> [3, 0, 3, 0, 0, 2, 3] -> [3, 0, 3, 0, 0, 2, 3, 3] -> [3, 0, 3, 0, 0, 2, 3, 3, 3] -> [3, 0, 3, 0, 0, 2, 3, 3, 3, 1] -> [3, 0, 3, 0, 0, 2, 3, 3, 3, 1, 2] -> [3, 0, 3, 0, 0, 2, 3, 3, 3, 1, 2, 3] -> [3, 0, 3, 0, 0, 2, 3, 3, 3, 1, 2, 3, 3] -> [3, 0, 3, 0, 0, 2, 3, 3, 3, 1, 2, 3, 3, 1]
MultithreadBFS: 25.63 ms, [] -> [3] -> [3, 0] -> [3, 0, 3] -> [3, 0, 3, 0] -> [3, 0, 3, 0, 0] -> [3, 0, 3, 0, 0, 2] -> [3, 0, 3, 0, 0, 2, 3] -> [3, 0, 3, 0, 0, 2, 3, 3] -> [3, 0, 3, 0, 0, 2, 3, 3, 3] -> [3, 0, 3, 0, 0, 2, 3, 3, 3, 1] -> [3, 0, 3, 0, 0, 2, 3, 3, 3, 1, 2] -> [3, 0, 3, 0, 0, 2, 3, 3, 3, 1, 2, 3] -> [3, 0, 3, 0, 0, 2, 3, 3, 3, 1, 2, 3, 3] -> [3, 0, 3, 0, 0, 2, 3, 3, 3, 1, 2, 3, 3, 1]

problem_30.yaml
AsyncStartBFS: 46.92 ms, [] -> [3] -> [3, 0] -> [3, 0, 2] -> [3, 0, 2, 0] -> [3, 0, 2, 0, 1] -> [3, 0, 2, 0, 1, 0] -> [3, 0, 2, 0, 1, 0, 2] -> [3, 0, 2, 0, 1, 0, 2, 0] -> [3, 0, 2, 0, 1, 0, 2, 0, 1] -> [3, 0, 2, 0, 1, 0, 2, 0, 1, 1] -> [3, 0, 2, 0, 1, 0, 2, 0, 1, 1, 3] -> [3, 0, 2, 0, 1, 0, 2, 0, 1, 1, 3, 1] -> [3, 0, 2, 0, 1, 0, 2, 0, 1, 1, 3, 1, 2] -> [3, 0, 2, 0, 1, 0, 2, 0, 1, 1, 3, 1, 2, 2]
MultithreadBFS: 99.78 ms, [] -> [3] -> [3, 0] -> [3, 0, 2] -> [3, 0, 2, 0] -> [3, 0, 2, 0, 1] -> [3, 0, 2, 0, 1, 0] -> [3, 0, 2, 0, 1, 0, 2] -> [3, 0, 2, 0, 1, 0, 2, 0] -> [3, 0, 2, 0, 1, 0, 2, 0, 1] -> [3, 0, 2, 0, 1, 0, 2, 0, 1, 1] -> [3, 0, 2, 0, 1, 0, 2, 0, 1, 1, 3] -> [3, 0, 2, 0, 1, 0, 2, 0, 1, 1, 3, 1] -> [3, 0, 2, 0, 1, 0, 2, 0, 1, 1, 3, 1, 2] -> [3, 0, 2, 0, 1, 0, 2, 0, 1, 1, 3, 1, 2, 2]
SyncBFS: 691.91 ms, [] -> [3] -> [3, 0] -> [3, 0, 1] -> [3, 0, 1, 2] -> [3, 0, 1, 2, 0] -> [3, 0, 1, 2, 0, 3] -> [3, 0, 1, 2, 0, 3, 1] -> [3, 0, 1, 2, 0, 3, 1, 0] -> [3, 0, 1, 2, 0, 3, 1, 0, 0] -> [3, 0, 1, 2, 0, 3, 1, 0, 0, 3] -> [3, 0, 1, 2, 0, 3, 1, 0, 0, 3, 3] -> [3, 0, 1, 2, 0, 3, 1, 0, 0, 3, 3, 3] -> [3, 0, 1, 2, 0, 3, 1, 0, 0, 3, 3, 3, 1] -> [3, 0, 1, 2, 0, 3, 1, 0, 0, 3, 3, 3, 1, 3]
TasksBFS: 75.81 ms, [] -> [3] -> [3, 0] -> [3, 0, 1] -> [3, 0, 1, 2] -> [3, 0, 1, 2, 0] -> [3, 0, 1, 2, 0, 3] -> [3, 0, 1, 2, 0, 3, 1] -> [3, 0, 1, 2, 0, 3, 1, 0] -> [3, 0, 1, 2, 0, 3, 1, 0, 0] -> [3, 0, 1, 2, 0, 3, 1, 0, 0, 3] -> [3, 0, 1, 2, 0, 3, 1, 0, 0, 3, 3] -> [3, 0, 1, 2, 0, 3, 1, 0, 0, 3, 3, 3] -> [3, 0, 1, 2, 0, 3, 1, 0, 0, 3, 3, 3, 1] -> [3, 0, 1, 2, 0, 3, 1, 0, 0, 3, 3, 3, 1, 3]

problem_10.yaml
SyncBFS: 422.88 ms, [] -> [0] -> [0, 1] -> [0, 1, 1] -> [0, 1, 1, 1] -> [0, 1, 1, 1, 0] -> [0, 1, 1, 1, 0, 0] -> [0, 1, 1, 1, 0, 0, 2] -> [0, 1, 1, 1, 0, 0, 2, 0] -> [0, 1, 1, 1, 0, 0, 2, 0, 0] -> [0, 1, 1, 1, 0, 0, 2, 0, 0, 3] -> [0, 1, 1, 1, 0, 0, 2, 0, 0, 3, 3] -> [0, 1, 1, 1, 0, 0, 2, 0, 0, 3, 3, 3] -> [0, 1, 1, 1, 0, 0, 2, 0, 0, 3, 3, 3, 3] -> [0, 1, 1, 1, 0, 0, 2, 0, 0, 3, 3, 3, 3, 1]
MultithreadBFS: 34.43 ms, [] -> [0] -> [0, 1] -> [0, 1, 3] -> [0, 1, 3, 0] -> [0, 1, 3, 0, 2] -> [0, 1, 3, 0, 2, 3] -> [0, 1, 3, 0, 2, 3, 3] -> [0, 1, 3, 0, 2, 3, 3, 3] -> [0, 1, 3, 0, 2, 3, 3, 3, 3] -> [0, 1, 3, 0, 2, 3, 3, 3, 3, 0] -> [0, 1, 3, 0, 2, 3, 3, 3, 3, 0, 1] -> [0, 1, 3, 0, 2, 3, 3, 3, 3, 0, 1, 1] -> [0, 1, 3, 0, 2, 3, 3, 3, 3, 0, 1, 1, 1] -> [0, 1, 3, 0, 2, 3, 3, 3, 3, 0, 1, 1, 1, 1]
TasksBFS: 42.27 ms, [] -> [0] -> [0, 1] -> [0, 1, 3] -> [0, 1, 3, 0] -> [0, 1, 3, 0, 2] -> [0, 1, 3, 0, 2, 3] -> [0, 1, 3, 0, 2, 3, 3] -> [0, 1, 3, 0, 2, 3, 3, 3] -> [0, 1, 3, 0, 2, 3, 3, 3, 3] -> [0, 1, 3, 0, 2, 3, 3, 3, 3, 0] -> [0, 1, 3, 0, 2, 3, 3, 3, 3, 0, 1] -> [0, 1, 3, 0, 2, 3, 3, 3, 3, 0, 1, 1] -> [0, 1, 3, 0, 2, 3, 3, 3, 3, 0, 1, 1, 1] -> [0, 1, 3, 0, 2, 3, 3, 3, 3, 0, 1, 1, 1, 1]
AsyncStartBFS: 19.68 ms, [] -> [0] -> [0, 1] -> [0, 1, 3] -> [0, 1, 3, 0] -> [0, 1, 3, 0, 2] -> [0, 1, 3, 0, 2, 3] -> [0, 1, 3, 0, 2, 3, 3] -> [0, 1, 3, 0, 2, 3, 3, 3] -> [0, 1, 3, 0, 2, 3, 3, 3, 3] -> [0, 1, 3, 0, 2, 3, 3, 3, 3, 0] -> [0, 1, 3, 0, 2, 3, 3, 3, 3, 0, 1] -> [0, 1, 3, 0, 2, 3, 3, 3, 3, 0, 1, 1] -> [0, 1, 3, 0, 2, 3, 3, 3, 3, 0, 1, 1, 1] -> [0, 1, 3, 0, 2, 3, 3, 3, 3, 0, 1, 1, 1, 1]

problem_09.yaml
SyncBFS: 496.58 ms, [] -> [0] -> [0, 3] -> [0, 3, 3] -> [0, 3, 3, 2] -> [0, 3, 3, 2, 0] -> [0, 3, 3, 2, 0, 1] -> [0, 3, 3, 2, 0, 1, 1] -> [0, 3, 3, 2, 0, 1, 1, 1] -> [0, 3, 3, 2, 0, 1, 1, 1, 2] -> [0, 3, 3, 2, 0, 1, 1, 1, 2, 0] -> [0, 3, 3, 2, 0, 1, 1, 1, 2, 0, 3] -> [0, 3, 3, 2, 0, 1, 1, 1, 2, 0, 3, 2] -> [0, 3, 3, 2, 0, 1, 1, 1, 2, 0, 3, 2, 0] -> [0, 3, 3, 2, 0, 1, 1, 1, 2, 0, 3, 2, 0, 0]
MultithreadBFS: 25.81 ms, [] -> [3] -> [3, 2] -> [3, 2, 3] -> [3, 2, 3, 3] -> [3, 2, 3, 3, 1] -> [3, 2, 3, 3, 1, 2] -> [3, 2, 3, 3, 1, 2, 3] -> [3, 2, 3, 3, 1, 2, 3, 3] -> [3, 2, 3, 3, 1, 2, 3, 3, 3] -> [3, 2, 3, 3, 1, 2, 3, 3, 3, 3] -> [3, 2, 3, 3, 1, 2, 3, 3, 3, 3, 3] -> [3, 2, 3, 3, 1, 2, 3, 3, 3, 3, 3, 3] -> [3, 2, 3, 3, 1, 2, 3, 3, 3, 3, 3, 3, 0] -> [3, 2, 3, 3, 1, 2, 3, 3, 3, 3, 3, 3, 0, 1]
AsyncStartBFS: 47.65 ms, [] -> [0] -> [0, 3] -> [0, 3, 3] -> [0, 3, 3, 2] -> [0, 3, 3, 2, 0] -> [0, 3, 3, 2, 0, 1] -> [0, 3, 3, 2, 0, 1, 1] -> [0, 3, 3, 2, 0, 1, 1, 1] -> [0, 3, 3, 2, 0, 1, 1, 1, 2] -> [0, 3, 3, 2, 0, 1, 1, 1, 2, 0] -> [0, 3, 3, 2, 0, 1, 1, 1, 2, 0, 3] -> [0, 3, 3, 2, 0, 1, 1, 1, 2, 0, 3, 2] -> [0, 3, 3, 2, 0, 1, 1, 1, 2, 0, 3, 2, 0] -> [0, 3, 3, 2, 0, 1, 1, 1, 2, 0, 3, 2, 0, 0]
TasksBFS: 57.72 ms, [] -> [3] -> [3, 2] -> [3, 2, 3] -> [3, 2, 3, 3] -> [3, 2, 3, 3, 1] -> [3, 2, 3, 3, 1, 2] -> [3, 2, 3, 3, 1, 2, 3] -> [3, 2, 3, 3, 1, 2, 3, 3] -> [3, 2, 3, 3, 1, 2, 3, 3, 3] -> [3, 2, 3, 3, 1, 2, 3, 3, 3, 3] -> [3, 2, 3, 3, 1, 2, 3, 3, 3, 3, 3] -> [3, 2, 3, 3, 1, 2, 3, 3, 3, 3, 3, 3] -> [3, 2, 3, 3, 1, 2, 3, 3, 3, 3, 3, 3, 0] -> [3, 2, 3, 3, 1, 2, 3, 3, 3, 3, 3, 3, 0, 1]

problem_12.yaml
AsyncStartBFS: 3.04 ms, [] -> [3] -> [3, 3] -> [3, 3, 0] -> [3, 3, 0, 3] -> [3, 3, 0, 3, 0] -> [3, 3, 0, 3, 0, 3] -> [3, 3, 0, 3, 0, 3, 1] -> [3, 3, 0, 3, 0, 3, 1, 0] -> [3, 3, 0, 3, 0, 3, 1, 0, 0] -> [3, 3, 0, 3, 0, 3, 1, 0, 0, 1] -> [3, 3, 0, 3, 0, 3, 1, 0, 0, 1, 0] -> [3, 3, 0, 3, 0, 3, 1, 0, 0, 1, 0, 2] -> [3, 3, 0, 3, 0, 3, 1, 0, 0, 1, 0, 2, 2] -> [3, 3, 0, 3, 0, 3, 1, 0, 0, 1, 0, 2, 2, 0]
TasksBFS: 13.48 ms, [] -> [3] -> [3, 3] -> [3, 3, 0] -> [3, 3, 0, 3] -> [3, 3, 0, 3, 0] -> [3, 3, 0, 3, 0, 3] -> [3, 3, 0, 3, 0, 3, 1] -> [3, 3, 0, 3, 0, 3, 1, 0] -> [3, 3, 0, 3, 0, 3, 1, 0, 0] -> [3, 3, 0, 3, 0, 3, 1, 0, 0, 1] -> [3, 3, 0, 3, 0, 3, 1, 0, 0, 1, 0] -> [3, 3, 0, 3, 0, 3, 1, 0, 0, 1, 0, 2] -> [3, 3, 0, 3, 0, 3, 1, 0, 0, 1, 0, 2, 2] -> [3, 3, 0, 3, 0, 3, 1, 0, 0, 1, 0, 2, 2, 0]
SyncBFS: 184.27 ms, [] -> [3] -> [3, 3] -> [3, 3, 0] -> [3, 3, 0, 3] -> [3, 3, 0, 3, 0] -> [3, 3, 0, 3, 0, 3] -> [3, 3, 0, 3, 0, 3, 1] -> [3, 3, 0, 3, 0, 3, 1, 0] -> [3, 3, 0, 3, 0, 3, 1, 0, 0] -> [3, 3, 0, 3, 0, 3, 1, 0, 0, 1] -> [3, 3, 0, 3, 0, 3, 1, 0, 0, 1, 0] -> [3, 3, 0, 3, 0, 3, 1, 0, 0, 1, 0, 2] -> [3, 3, 0, 3, 0, 3, 1, 0, 0, 1, 0, 2, 2] -> [3, 3, 0, 3, 0, 3, 1, 0, 0, 1, 0, 2, 2, 0]
MultithreadBFS: 7.12 ms, [] -> [3] -> [3, 3] -> [3, 3, 0] -> [3, 3, 0, 3] -> [3, 3, 0, 3, 0] -> [3, 3, 0, 3, 0, 3] -> [3, 3, 0, 3, 0, 3, 1] -> [3, 3, 0, 3, 0, 3, 1, 0] -> [3, 3, 0, 3, 0, 3, 1, 0, 0] -> [3, 3, 0, 3, 0, 3, 1, 0, 0, 1] -> [3, 3, 0, 3, 0, 3, 1, 0, 0, 1, 0] -> [3, 3, 0, 3, 0, 3, 1, 0, 0, 1, 0, 2] -> [3, 3, 0, 3, 0, 3, 1, 0, 0, 1, 0, 2, 2] -> [3, 3, 0, 3, 0, 3, 1, 0, 0, 1, 0, 2, 2, 0]

problem_47.yaml
TasksBFS: 86.87 ms, [] -> [0] -> [0, 3] -> [0, 3, 0] -> [0, 3, 0, 0] -> [0, 3, 0, 0, 3] -> [0, 3, 0, 0, 3, 0] -> [0, 3, 0, 0, 3, 0, 0] -> [0, 3, 0, 0, 3, 0, 0, 3] -> [0, 3, 0, 0, 3, 0, 0, 3, 3] -> [0, 3, 0, 0, 3, 0, 0, 3, 3, 2] -> [0, 3, 0, 0, 3, 0, 0, 3, 3, 2, 1] -> [0, 3, 0, 0, 3, 0, 0, 3, 3, 2, 1, 3] -> [0, 3, 0, 0, 3, 0, 0, 3, 3, 2, 1, 3, 1] -> [0, 3, 0, 0, 3, 0, 0, 3, 3, 2, 1, 3, 1, 1]
AsyncStartBFS: 39.51 ms, [] -> [0] -> [0, 3] -> [0, 3, 0] -> [0, 3, 0, 0] -> [0, 3, 0, 0, 3] -> [0, 3, 0, 0, 3, 0] -> [0, 3, 0, 0, 3, 0, 0] -> [0, 3, 0, 0, 3, 0, 0, 3] -> [0, 3, 0, 0, 3, 0, 0, 3, 3] -> [0, 3, 0, 0, 3, 0, 0, 3, 3, 2] -> [0, 3, 0, 0, 3, 0, 0, 3, 3, 2, 1] -> [0, 3, 0, 0, 3, 0, 0, 3, 3, 2, 1, 3] -> [0, 3, 0, 0, 3, 0, 0, 3, 3, 2, 1, 3, 1] -> [0, 3, 0, 0, 3, 0, 0, 3, 3, 2, 1, 3, 1, 1]
SyncBFS: 544.01 ms, [] -> [0] -> [0, 3] -> [0, 3, 0] -> [0, 3, 0, 0] -> [0, 3, 0, 0, 3] -> [0, 3, 0, 0, 3, 0] -> [0, 3, 0, 0, 3, 0, 0] -> [0, 3, 0, 0, 3, 0, 0, 3] -> [0, 3, 0, 0, 3, 0, 0, 3, 3] -> [0, 3, 0, 0, 3, 0, 0, 3, 3, 2] -> [0, 3, 0, 0, 3, 0, 0, 3, 3, 2, 1] -> [0, 3, 0, 0, 3, 0, 0, 3, 3, 2, 1, 3] -> [0, 3, 0, 0, 3, 0, 0, 3, 3, 2, 1, 3, 1] -> [0, 3, 0, 0, 3, 0, 0, 3, 3, 2, 1, 3, 1, 1]
MultithreadBFS: 178.08 ms, [] -> [0] -> [0, 3] -> [0, 3, 0] -> [0, 3, 0, 0] -> [0, 3, 0, 0, 3] -> [0, 3, 0, 0, 3, 0] -> [0, 3, 0, 0, 3, 0, 0] -> [0, 3, 0, 0, 3, 0, 0, 3] -> [0, 3, 0, 0, 3, 0, 0, 3, 3] -> [0, 3, 0, 0, 3, 0, 0, 3, 3, 2] -> [0, 3, 0, 0, 3, 0, 0, 3, 3, 2, 1] -> [0, 3, 0, 0, 3, 0, 0, 3, 3, 2, 1, 3] -> [0, 3, 0, 0, 3, 0, 0, 3, 3, 2, 1, 3, 1] -> [0, 3, 0, 0, 3, 0, 0, 3, 3, 2, 1, 3, 1, 1]

problem_11.yaml
SyncBFS: 505.88 ms, [] -> [2] -> [2, 1] -> [2, 1, 1] -> [2, 1, 1, 2] -> [2, 1, 1, 2, 2] -> [2, 1, 1, 2, 2, 3] -> [2, 1, 1, 2, 2, 3, 0] -> [2, 1, 1, 2, 2, 3, 0, 3] -> [2, 1, 1, 2, 2, 3, 0, 3, 3] -> [2, 1, 1, 2, 2, 3, 0, 3, 3, 0] -> [2, 1, 1, 2, 2, 3, 0, 3, 3, 0, 2] -> [2, 1, 1, 2, 2, 3, 0, 3, 3, 0, 2, 3] -> [2, 1, 1, 2, 2, 3, 0, 3, 3, 0, 2, 3, 3] -> [2, 1, 1, 2, 2, 3, 0, 3, 3, 0, 2, 3, 3, 2]
TasksBFS: 59.37 ms, [] -> [2] -> [2, 1] -> [2, 1, 1] -> [2, 1, 1, 2] -> [2, 1, 1, 2, 2] -> [2, 1, 1, 2, 2, 3] -> [2, 1, 1, 2, 2, 3, 0] -> [2, 1, 1, 2, 2, 3, 0, 3] -> [2, 1, 1, 2, 2, 3, 0, 3, 3] -> [2, 1, 1, 2, 2, 3, 0, 3, 3, 0] -> [2, 1, 1, 2, 2, 3, 0, 3, 3, 0, 2] -> [2, 1, 1, 2, 2, 3, 0, 3, 3, 0, 2, 3] -> [2, 1, 1, 2, 2, 3, 0, 3, 3, 0, 2, 3, 3] -> [2, 1, 1, 2, 2, 3, 0, 3, 3, 0, 2, 3, 3, 2]
AsyncStartBFS: 38.65 ms, [] -> [2] -> [2, 1] -> [2, 1, 1] -> [2, 1, 1, 2] -> [2, 1, 1, 2, 2] -> [2, 1, 1, 2, 2, 3] -> [2, 1, 1, 2, 2, 3, 0] -> [2, 1, 1, 2, 2, 3, 0, 3] -> [2, 1, 1, 2, 2, 3, 0, 3, 3] -> [2, 1, 1, 2, 2, 3, 0, 3, 3, 0] -> [2, 1, 1, 2, 2, 3, 0, 3, 3, 0, 2] -> [2, 1, 1, 2, 2, 3, 0, 3, 3, 0, 2, 3] -> [2, 1, 1, 2, 2, 3, 0, 3, 3, 0, 2, 3, 3] -> [2, 1, 1, 2, 2, 3, 0, 3, 3, 0, 2, 3, 3, 2]
MultithreadBFS: 27.13 ms, [] -> [2] -> [2, 1] -> [2, 1, 1] -> [2, 1, 1, 2] -> [2, 1, 1, 2, 2] -> [2, 1, 1, 2, 2, 3] -> [2, 1, 1, 2, 2, 3, 0] -> [2, 1, 1, 2, 2, 3, 0, 3] -> [2, 1, 1, 2, 2, 3, 0, 3, 3] -> [2, 1, 1, 2, 2, 3, 0, 3, 3, 0] -> [2, 1, 1, 2, 2, 3, 0, 3, 3, 0, 2] -> [2, 1, 1, 2, 2, 3, 0, 3, 3, 0, 2, 3] -> [2, 1, 1, 2, 2, 3, 0, 3, 3, 0, 2, 3, 3] -> [2, 1, 1, 2, 2, 3, 0, 3, 3, 0, 2, 3, 3, 2]

problem_01.yaml
SyncBFS: 434.53 ms, [] -> [0] -> [0, 0] -> [0, 0, 2] -> [0, 0, 2, 1] -> [0, 0, 2, 1, 2] -> [0, 0, 2, 1, 2, 1] -> [0, 0, 2, 1, 2, 1, 1] -> [0, 0, 2, 1, 2, 1, 1, 0] -> [0, 0, 2, 1, 2, 1, 1, 0, 3] -> [0, 0, 2, 1, 2, 1, 1, 0, 3, 3] -> [0, 0, 2, 1, 2, 1, 1, 0, 3, 3, 2] -> [0, 0, 2, 1, 2, 1, 1, 0, 3, 3, 2, 3] -> [0, 0, 2, 1, 2, 1, 1, 0, 3, 3, 2, 3, 2] -> [0, 0, 2, 1, 2, 1, 1, 0, 3, 3, 2, 3, 2, 2]
MultithreadBFS: 110.3 ms, [] -> [0] -> [0, 0] -> [0, 0, 2] -> [0, 0, 2, 1] -> [0, 0, 2, 1, 2] -> [0, 0, 2, 1, 2, 1] -> [0, 0, 2, 1, 2, 1, 1] -> [0, 0, 2, 1, 2, 1, 1, 0] -> [0, 0, 2, 1, 2, 1, 1, 0, 3] -> [0, 0, 2, 1, 2, 1, 1, 0, 3, 3] -> [0, 0, 2, 1, 2, 1, 1, 0, 3, 3, 2] -> [0, 0, 2, 1, 2, 1, 1, 0, 3, 3, 2, 3] -> [0, 0, 2, 1, 2, 1, 1, 0, 3, 3, 2, 3, 2] -> [0, 0, 2, 1, 2, 1, 1, 0, 3, 3, 2, 3, 2, 2]
AsyncStartBFS: 36.56 ms, [] -> [0] -> [0, 0] -> [0, 0, 2] -> [0, 0, 2, 1] -> [0, 0, 2, 1, 2] -> [0, 0, 2, 1, 2, 1] -> [0, 0, 2, 1, 2, 1, 1] -> [0, 0, 2, 1, 2, 1, 1, 0] -> [0, 0, 2, 1, 2, 1, 1, 0, 3] -> [0, 0, 2, 1, 2, 1, 1, 0, 3, 3] -> [0, 0, 2, 1, 2, 1, 1, 0, 3, 3, 2] -> [0, 0, 2, 1, 2, 1, 1, 0, 3, 3, 2, 3] -> [0, 0, 2, 1, 2, 1, 1, 0, 3, 3, 2, 3, 2] -> [0, 0, 2, 1, 2, 1, 1, 0, 3, 3, 2, 3, 2, 2]
TasksBFS: 61.62 ms, [] -> [0] -> [0, 0] -> [0, 0, 2] -> [0, 0, 2, 1] -> [0, 0, 2, 1, 2] -> [0, 0, 2, 1, 2, 1] -> [0, 0, 2, 1, 2, 1, 1] -> [0, 0, 2, 1, 2, 1, 1, 0] -> [0, 0, 2, 1, 2, 1, 1, 0, 3] -> [0, 0, 2, 1, 2, 1, 1, 0, 3, 3] -> [0, 0, 2, 1, 2, 1, 1, 0, 3, 3, 2] -> [0, 0, 2, 1, 2, 1, 1, 0, 3, 3, 2, 3] -> [0, 0, 2, 1, 2, 1, 1, 0, 3, 3, 2, 3, 2] -> [0, 0, 2, 1, 2, 1, 1, 0, 3, 3, 2, 3, 2, 2]

problem_08.yaml
AsyncStartBFS: 28.28 ms, [] -> [3] -> [3, 0] -> [3, 0, 3] -> [3, 0, 3, 3] -> [3, 0, 3, 3, 2] -> [3, 0, 3, 3, 2, 1] -> [3, 0, 3, 3, 2, 1, 1] -> [3, 0, 3, 3, 2, 1, 1, 2] -> [3, 0, 3, 3, 2, 1, 1, 2, 0] -> [3, 0, 3, 3, 2, 1, 1, 2, 0, 2] -> [3, 0, 3, 3, 2, 1, 1, 2, 0, 2, 3] -> [3, 0, 3, 3, 2, 1, 1, 2, 0, 2, 3, 1] -> [3, 0, 3, 3, 2, 1, 1, 2, 0, 2, 3, 1, 3] -> [3, 0, 3, 3, 2, 1, 1, 2, 0, 2, 3, 1, 3, 0]
SyncBFS: 416.66 ms, [] -> [3] -> [3, 0] -> [3, 0, 3] -> [3, 0, 3, 3] -> [3, 0, 3, 3, 2] -> [3, 0, 3, 3, 2, 1] -> [3, 0, 3, 3, 2, 1, 1] -> [3, 0, 3, 3, 2, 1, 1, 2] -> [3, 0, 3, 3, 2, 1, 1, 2, 0] -> [3, 0, 3, 3, 2, 1, 1, 2, 0, 2] -> [3, 0, 3, 3, 2, 1, 1, 2, 0, 2, 3] -> [3, 0, 3, 3, 2, 1, 1, 2, 0, 2, 3, 1] -> [3, 0, 3, 3, 2, 1, 1, 2, 0, 2, 3, 1, 3] -> [3, 0, 3, 3, 2, 1, 1, 2, 0, 2, 3, 1, 3, 0]
TasksBFS: 44.31 ms, [] -> [3] -> [3, 0] -> [3, 0, 3] -> [3, 0, 3, 3] -> [3, 0, 3, 3, 2] -> [3, 0, 3, 3, 2, 1] -> [3, 0, 3, 3, 2, 1, 1] -> [3, 0, 3, 3, 2, 1, 1, 2] -> [3, 0, 3, 3, 2, 1, 1, 2, 0] -> [3, 0, 3, 3, 2, 1, 1, 2, 0, 2] -> [3, 0, 3, 3, 2, 1, 1, 2, 0, 2, 3] -> [3, 0, 3, 3, 2, 1, 1, 2, 0, 2, 3, 1] -> [3, 0, 3, 3, 2, 1, 1, 2, 0, 2, 3, 1, 3] -> [3, 0, 3, 3, 2, 1, 1, 2, 0, 2, 3, 1, 3, 0]
MultithreadBFS: 34.55 ms, [] -> [3] -> [3, 2] -> [3, 2, 1] -> [3, 2, 1, 1] -> [3, 2, 1, 1, 0] -> [3, 2, 1, 1, 0, 3] -> [3, 2, 1, 1, 0, 3, 3] -> [3, 2, 1, 1, 0, 3, 3, 1] -> [3, 2, 1, 1, 0, 3, 3, 1, 3] -> [3, 2, 1, 1, 0, 3, 3, 1, 3, 3] -> [3, 2, 1, 1, 0, 3, 3, 1, 3, 3, 2] -> [3, 2, 1, 1, 0, 3, 3, 1, 3, 3, 2, 1] -> [3, 2, 1, 1, 0, 3, 3, 1, 3, 3, 2, 1, 3] -> [3, 2, 1, 1, 0, 3, 3, 1, 3, 3, 2, 1, 3, 2]

problem_06.yaml
MultithreadBFS: 3.99 ms, [] -> [0] -> [0, 2] -> [0, 2, 2] -> [0, 2, 2, 3] -> [0, 2, 2, 3, 3] -> [0, 2, 2, 3, 3, 0] -> [0, 2, 2, 3, 3, 0, 1] -> [0, 2, 2, 3, 3, 0, 1, 0] -> [0, 2, 2, 3, 3, 0, 1, 0, 0] -> [0, 2, 2, 3, 3, 0, 1, 0, 0, 1] -> [0, 2, 2, 3, 3, 0, 1, 0, 0, 1, 2] -> [0, 2, 2, 3, 3, 0, 1, 0, 0, 1, 2, 2] -> [0, 2, 2, 3, 3, 0, 1, 0, 0, 1, 2, 2, 3] -> [0, 2, 2, 3, 3, 0, 1, 0, 0, 1, 2, 2, 3, 0]
SyncBFS: 190.22 ms, [] -> [0] -> [0, 2] -> [0, 2, 2] -> [0, 2, 2, 3] -> [0, 2, 2, 3, 3] -> [0, 2, 2, 3, 3, 0] -> [0, 2, 2, 3, 3, 0, 1] -> [0, 2, 2, 3, 3, 0, 1, 0] -> [0, 2, 2, 3, 3, 0, 1, 0, 0] -> [0, 2, 2, 3, 3, 0, 1, 0, 0, 1] -> [0, 2, 2, 3, 3, 0, 1, 0, 0, 1, 2] -> [0, 2, 2, 3, 3, 0, 1, 0, 0, 1, 2, 2] -> [0, 2, 2, 3, 3, 0, 1, 0, 0, 1, 2, 2, 3] -> [0, 2, 2, 3, 3, 0, 1, 0, 0, 1, 2, 2, 3, 0]
AsyncStartBFS: 3.73 ms, [] -> [0] -> [0, 2] -> [0, 2, 2] -> [0, 2, 2, 3] -> [0, 2, 2, 3, 3] -> [0, 2, 2, 3, 3, 0] -> [0, 2, 2, 3, 3, 0, 1] -> [0, 2, 2, 3, 3, 0, 1, 0] -> [0, 2, 2, 3, 3, 0, 1, 0, 0] -> [0, 2, 2, 3, 3, 0, 1, 0, 0, 1] -> [0, 2, 2, 3, 3, 0, 1, 0, 0, 1, 2] -> [0, 2, 2, 3, 3, 0, 1, 0, 0, 1, 2, 2] -> [0, 2, 2, 3, 3, 0, 1, 0, 0, 1, 2, 2, 3] -> [0, 2, 2, 3, 3, 0, 1, 0, 0, 1, 2, 2, 3, 0]
TasksBFS: 24.09 ms, [] -> [0] -> [0, 2] -> [0, 2, 2] -> [0, 2, 2, 3] -> [0, 2, 2, 3, 3] -> [0, 2, 2, 3, 3, 0] -> [0, 2, 2, 3, 3, 0, 1] -> [0, 2, 2, 3, 3, 0, 1, 0] -> [0, 2, 2, 3, 3, 0, 1, 0, 0] -> [0, 2, 2, 3, 3, 0, 1, 0, 0, 1] -> [0, 2, 2, 3, 3, 0, 1, 0, 0, 1, 2] -> [0, 2, 2, 3, 3, 0, 1, 0, 0, 1, 2, 2] -> [0, 2, 2, 3, 3, 0, 1, 0, 0, 1, 2, 2, 3] -> [0, 2, 2, 3, 3, 0, 1, 0, 0, 1, 2, 2, 3, 0]

problem_19.yaml
SyncBFS: 432.65 ms, [] -> [1] -> [1, 1] -> [1, 1, 0] -> [1, 1, 0, 2] -> [1, 1, 0, 2, 0] -> [1, 1, 0, 2, 0, 2] -> [1, 1, 0, 2, 0, 2, 1] -> [1, 1, 0, 2, 0, 2, 1, 0] -> [1, 1, 0, 2, 0, 2, 1, 0, 0] -> [1, 1, 0, 2, 0, 2, 1, 0, 0, 3] -> [1, 1, 0, 2, 0, 2, 1, 0, 0, 3, 1] -> [1, 1, 0, 2, 0, 2, 1, 0, 0, 3, 1, 3] -> [1, 1, 0, 2, 0, 2, 1, 0, 0, 3, 1, 3, 3] -> [1, 1, 0, 2, 0, 2, 1, 0, 0, 3, 1, 3, 3, 2]
TasksBFS: 59.21 ms, [] -> [2] -> [2, 0] -> [2, 0, 1] -> [2, 0, 1, 0] -> [2, 0, 1, 0, 0] -> [2, 0, 1, 0, 0, 0] -> [2, 0, 1, 0, 0, 0, 0] -> [2, 0, 1, 0, 0, 0, 0, 2] -> [2, 0, 1, 0, 0, 0, 0, 2, 2] -> [2, 0, 1, 0, 0, 0, 0, 2, 2, 3] -> [2, 0, 1, 0, 0, 0, 0, 2, 2, 3, 0] -> [2, 0, 1, 0, 0, 0, 0, 2, 2, 3, 0, 0] -> [2, 0, 1, 0, 0, 0, 0, 2, 2, 3, 0, 0, 0] -> [2, 0, 1, 0, 0, 0, 0, 2, 2, 3, 0, 0, 0, 1]
MultithreadBFS: 35.6 ms, [] -> [2] -> [2, 1] -> [2, 1, 1] -> [2, 1, 1, 2] -> [2, 1, 1, 2, 1] -> [2, 1, 1, 2, 1, 1] -> [2, 1, 1, 2, 1, 1, 1] -> [2, 1, 1, 2, 1, 1, 1, 0] -> [2, 1, 1, 2, 1, 1, 1, 0, 0] -> [2, 1, 1, 2, 1, 1, 1, 0, 0, 1] -> [2, 1, 1, 2, 1, 1, 1, 0, 0, 1, 0] -> [2, 1, 1, 2, 1, 1, 1, 0, 0, 1, 0, 3] -> [2, 1, 1, 2, 1, 1, 1, 0, 0, 1, 0, 3, 2] -> [2, 1, 1, 2, 1, 1, 1, 0, 0, 1, 0, 3, 2, 2]
AsyncStartBFS: 13.6 ms, [] -> [2] -> [2, 1] -> [2, 1, 1] -> [2, 1, 1, 2] -> [2, 1, 1, 2, 1] -> [2, 1, 1, 2, 1, 1] -> [2, 1, 1, 2, 1, 1, 1] -> [2, 1, 1, 2, 1, 1, 1, 0] -> [2, 1, 1, 2, 1, 1, 1, 0, 0] -> [2, 1, 1, 2, 1, 1, 1, 0, 0, 1] -> [2, 1, 1, 2, 1, 1, 1, 0, 0, 1, 0] -> [2, 1, 1, 2, 1, 1, 1, 0, 0, 1, 0, 3] -> [2, 1, 1, 2, 1, 1, 1, 0, 0, 1, 0, 3, 2] -> [2, 1, 1, 2, 1, 1, 1, 0, 0, 1, 0, 3, 2, 2]

problem_40.yaml
MultithreadBFS: 17.78 ms, [] -> [3] -> [3, 1] -> [3, 1, 2] -> [3, 1, 2, 0] -> [3, 1, 2, 0, 3] -> [3, 1, 2, 0, 3, 3] -> [3, 1, 2, 0, 3, 3, 3] -> [3, 1, 2, 0, 3, 3, 3, 2] -> [3, 1, 2, 0, 3, 3, 3, 2, 1] -> [3, 1, 2, 0, 3, 3, 3, 2, 1, 2] -> [3, 1, 2, 0, 3, 3, 3, 2, 1, 2, 3] -> [3, 1, 2, 0, 3, 3, 3, 2, 1, 2, 3, 2] -> [3, 1, 2, 0, 3, 3, 3, 2, 1, 2, 3, 2, 0] -> [3, 1, 2, 0, 3, 3, 3, 2, 1, 2, 3, 2, 0, 2]
SyncBFS: 379.8 ms, [] -> [0] -> [0, 1] -> [0, 1, 1] -> [0, 1, 1, 0] -> [0, 1, 1, 0, 1] -> [0, 1, 1, 0, 1, 2] -> [0, 1, 1, 0, 1, 2, 3] -> [0, 1, 1, 0, 1, 2, 3, 2] -> [0, 1, 1, 0, 1, 2, 3, 2, 2] -> [0, 1, 1, 0, 1, 2, 3, 2, 2, 0] -> [0, 1, 1, 0, 1, 2, 3, 2, 2, 0, 3] -> [0, 1, 1, 0, 1, 2, 3, 2, 2, 0, 3, 2] -> [0, 1, 1, 0, 1, 2, 3, 2, 2, 0, 3, 2, 0] -> [0, 1, 1, 0, 1, 2, 3, 2, 2, 0, 3, 2, 0, 3]
TasksBFS: 42.32 ms, [] -> [3] -> [3, 1] -> [3, 1, 2] -> [3, 1, 2, 0] -> [3, 1, 2, 0, 3] -> [3, 1, 2, 0, 3, 3] -> [3, 1, 2, 0, 3, 3, 3] -> [3, 1, 2, 0, 3, 3, 3, 2] -> [3, 1, 2, 0, 3, 3, 3, 2, 1] -> [3, 1, 2, 0, 3, 3, 3, 2, 1, 2] -> [3, 1, 2, 0, 3, 3, 3, 2, 1, 2, 3] -> [3, 1, 2, 0, 3, 3, 3, 2, 1, 2, 3, 2] -> [3, 1, 2, 0, 3, 3, 3, 2, 1, 2, 3, 2, 0] -> [3, 1, 2, 0, 3, 3, 3, 2, 1, 2, 3, 2, 0, 2]
AsyncStartBFS: 29.64 ms, [] -> [0] -> [0, 1] -> [0, 1, 1] -> [0, 1, 1, 0] -> [0, 1, 1, 0, 1] -> [0, 1, 1, 0, 1, 2] -> [0, 1, 1, 0, 1, 2, 3] -> [0, 1, 1, 0, 1, 2, 3, 2] -> [0, 1, 1, 0, 1, 2, 3, 2, 2] -> [0, 1, 1, 0, 1, 2, 3, 2, 2, 0] -> [0, 1, 1, 0, 1, 2, 3, 2, 2, 0, 3] -> [0, 1, 1, 0, 1, 2, 3, 2, 2, 0, 3, 2] -> [0, 1, 1, 0, 1, 2, 3, 2, 2, 0, 3, 2, 0] -> [0, 1, 1, 0, 1, 2, 3, 2, 2, 0, 3, 2, 0, 3]

problem_04.yaml
SyncBFS: 209.48 ms, [] -> [3] -> [3, 1] -> [3, 1, 0] -> [3, 1, 0, 3] -> [3, 1, 0, 3, 1] -> [3, 1, 0, 3, 1, 0] -> [3, 1, 0, 3, 1, 0, 0] -> [3, 1, 0, 3, 1, 0, 0, 2] -> [3, 1, 0, 3, 1, 0, 0, 2, 2] -> [3, 1, 0, 3, 1, 0, 0, 2, 2, 2] -> [3, 1, 0, 3, 1, 0, 0, 2, 2, 2, 1] -> [3, 1, 0, 3, 1, 0, 0, 2, 2, 2, 1, 0] -> [3, 1, 0, 3, 1, 0, 0, 2, 2, 2, 1, 0, 3] -> [3, 1, 0, 3, 1, 0, 0, 2, 2, 2, 1, 0, 3, 0]
MultithreadBFS: 8.54 ms, [] -> [3] -> [3, 1] -> [3, 1, 0] -> [3, 1, 0, 3] -> [3, 1, 0, 3, 1] -> [3, 1, 0, 3, 1, 0] -> [3, 1, 0, 3, 1, 0, 0] -> [3, 1, 0, 3, 1, 0, 0, 2] -> [3, 1, 0, 3, 1, 0, 0, 2, 2] -> [3, 1, 0, 3, 1, 0, 0, 2, 2, 2] -> [3, 1, 0, 3, 1, 0, 0, 2, 2, 2, 1] -> [3, 1, 0, 3, 1, 0, 0, 2, 2, 2, 1, 0] -> [3, 1, 0, 3, 1, 0, 0, 2, 2, 2, 1, 0, 3] -> [3, 1, 0, 3, 1, 0, 0, 2, 2, 2, 1, 0, 3, 0]
AsyncStartBFS: 13.91 ms, [] -> [3] -> [3, 1] -> [3, 1, 0] -> [3, 1, 0, 3] -> [3, 1, 0, 3, 1] -> [3, 1, 0, 3, 1, 0] -> [3, 1, 0, 3, 1, 0, 0] -> [3, 1, 0, 3, 1, 0, 0, 2] -> [3, 1, 0, 3, 1, 0, 0, 2, 2] -> [3, 1, 0, 3, 1, 0, 0, 2, 2, 2] -> [3, 1, 0, 3, 1, 0, 0, 2, 2, 2, 1] -> [3, 1, 0, 3, 1, 0, 0, 2, 2, 2, 1, 0] -> [3, 1, 0, 3, 1, 0, 0, 2, 2, 2, 1, 0, 3] -> [3, 1, 0, 3, 1, 0, 0, 2, 2, 2, 1, 0, 3, 0]
TasksBFS: 21.52 ms, [] -> [3] -> [3, 1] -> [3, 1, 0] -> [3, 1, 0, 3] -> [3, 1, 0, 3, 1] -> [3, 1, 0, 3, 1, 0] -> [3, 1, 0, 3, 1, 0, 0] -> [3, 1, 0, 3, 1, 0, 0, 2] -> [3, 1, 0, 3, 1, 0, 0, 2, 2] -> [3, 1, 0, 3, 1, 0, 0, 2, 2, 2] -> [3, 1, 0, 3, 1, 0, 0, 2, 2, 2, 1] -> [3, 1, 0, 3, 1, 0, 0, 2, 2, 2, 1, 0] -> [3, 1, 0, 3, 1, 0, 0, 2, 2, 2, 1, 0, 3] -> [3, 1, 0, 3, 1, 0, 0, 2, 2, 2, 1, 0, 3, 0]

problem_33.yaml
TasksBFS: 62.17 ms, [] -> [3] -> [3, 2] -> [3, 2, 3] -> [3, 2, 3, 1] -> [3, 2, 3, 1, 1] -> [3, 2, 3, 1, 1, 1] -> [3, 2, 3, 1, 1, 1, 2] -> [3, 2, 3, 1, 1, 1, 2, 1] -> [3, 2, 3, 1, 1, 1, 2, 1, 1] -> [3, 2, 3, 1, 1, 1, 2, 1, 1, 1] -> [3, 2, 3, 1, 1, 1, 2, 1, 1, 1, 2] -> [3, 2, 3, 1, 1, 1, 2, 1, 1, 1, 2, 0] -> [3, 2, 3, 1, 1, 1, 2, 1, 1, 1, 2, 0, 1] -> [3, 2, 3, 1, 1, 1, 2, 1, 1, 1, 2, 0, 1, 2]
MultithreadBFS: 38.8 ms, [] -> [2] -> [2, 1] -> [2, 1, 1] -> [2, 1, 1, 1] -> [2, 1, 1, 1, 0] -> [2, 1, 1, 1, 0, 2] -> [2, 1, 1, 1, 0, 2, 1] -> [2, 1, 1, 1, 0, 2, 1, 2] -> [2, 1, 1, 1, 0, 2, 1, 2, 2] -> [2, 1, 1, 1, 0, 2, 1, 2, 2, 0] -> [2, 1, 1, 1, 0, 2, 1, 2, 2, 0, 2] -> [2, 1, 1, 1, 0, 2, 1, 2, 2, 0, 2, 0] -> [2, 1, 1, 1, 0, 2, 1, 2, 2, 0, 2, 0, 2] -> [2, 1, 1, 1, 0, 2, 1, 2, 2, 0, 2, 0, 2, 2]
AsyncStartBFS: 40.24 ms, [] -> [3] -> [3, 2] -> [3, 2, 3] -> [3, 2, 3, 1] -> [3, 2, 3, 1, 1] -> [3, 2, 3, 1, 1, 1] -> [3, 2, 3, 1, 1, 1, 2] -> [3, 2, 3, 1, 1, 1, 2, 1] -> [3, 2, 3, 1, 1, 1, 2, 1, 1] -> [3, 2, 3, 1, 1, 1, 2, 1, 1, 1] -> [3, 2, 3, 1, 1, 1, 2, 1, 1, 1, 2] -> [3, 2, 3, 1, 1, 1, 2, 1, 1, 1, 2, 0] -> [3, 2, 3, 1, 1, 1, 2, 1, 1, 1, 2, 0, 1] -> [3, 2, 3, 1, 1, 1, 2, 1, 1, 1, 2, 0, 1, 2]
SyncBFS: 596.59 ms, [] -> [2] -> [2, 1] -> [2, 1, 1] -> [2, 1, 1, 1] -> [2, 1, 1, 1, 0] -> [2, 1, 1, 1, 0, 2] -> [2, 1, 1, 1, 0, 2, 1] -> [2, 1, 1, 1, 0, 2, 1, 2] -> [2, 1, 1, 1, 0, 2, 1, 2, 2] -> [2, 1, 1, 1, 0, 2, 1, 2, 2, 0] -> [2, 1, 1, 1, 0, 2, 1, 2, 2, 0, 2] -> [2, 1, 1, 1, 0, 2, 1, 2, 2, 0, 2, 0] -> [2, 1, 1, 1, 0, 2, 1, 2, 2, 0, 2, 0, 2] -> [2, 1, 1, 1, 0, 2, 1, 2, 2, 0, 2, 0, 2, 2]

problem_21.yaml
AsyncStartBFS: 21.69 ms, [] -> [1] -> [1, 1] -> [1, 1, 2] -> [1, 1, 2, 1] -> [1, 1, 2, 1, 2] -> [1, 1, 2, 1, 2, 0] -> [1, 1, 2, 1, 2, 0, 1] -> [1, 1, 2, 1, 2, 0, 1, 0] -> [1, 1, 2, 1, 2, 0, 1, 0, 3] -> [1, 1, 2, 1, 2, 0, 1, 0, 3, 3] -> [1, 1, 2, 1, 2, 0, 1, 0, 3, 3, 0] -> [1, 1, 2, 1, 2, 0, 1, 0, 3, 3, 0, 0] -> [1, 1, 2, 1, 2, 0, 1, 0, 3, 3, 0, 0, 2] -> [1, 1, 2, 1, 2, 0, 1, 0, 3, 3, 0, 0, 2, 3]
MultithreadBFS: 51.9 ms, [] -> [2] -> [2, 0] -> [2, 0, 2] -> [2, 0, 2, 3] -> [2, 0, 2, 3, 2] -> [2, 0, 2, 3, 2, 3] -> [2, 0, 2, 3, 2, 3, 2] -> [2, 0, 2, 3, 2, 3, 2, 2] -> [2, 0, 2, 3, 2, 3, 2, 2, 3] -> [2, 0, 2, 3, 2, 3, 2, 2, 3, 2] -> [2, 0, 2, 3, 2, 3, 2, 2, 3, 2, 1] -> [2, 0, 2, 3, 2, 3, 2, 2, 3, 2, 1, 2] -> [2, 0, 2, 3, 2, 3, 2, 2, 3, 2, 1, 2, 0] -> [2, 0, 2, 3, 2, 3, 2, 2, 3, 2, 1, 2, 0, 3]
TasksBFS: 33.65 ms, [] -> [1] -> [1, 1] -> [1, 1, 2] -> [1, 1, 2, 1] -> [1, 1, 2, 1, 2] -> [1, 1, 2, 1, 2, 0] -> [1, 1, 2, 1, 2, 0, 1] -> [1, 1, 2, 1, 2, 0, 1, 0] -> [1, 1, 2, 1, 2, 0, 1, 0, 3] -> [1, 1, 2, 1, 2, 0, 1, 0, 3, 3] -> [1, 1, 2, 1, 2, 0, 1, 0, 3, 3, 0] -> [1, 1, 2, 1, 2, 0, 1, 0, 3, 3, 0, 0] -> [1, 1, 2, 1, 2, 0, 1, 0, 3, 3, 0, 0, 2] -> [1, 1, 2, 1, 2, 0, 1, 0, 3, 3, 0, 0, 2, 3]
SyncBFS: 278.19 ms, [] -> [1] -> [1, 1] -> [1, 1, 2] -> [1, 1, 2, 1] -> [1, 1, 2, 1, 2] -> [1, 1, 2, 1, 2, 0] -> [1, 1, 2, 1, 2, 0, 1] -> [1, 1, 2, 1, 2, 0, 1, 0] -> [1, 1, 2, 1, 2, 0, 1, 0, 3] -> [1, 1, 2, 1, 2, 0, 1, 0, 3, 3] -> [1, 1, 2, 1, 2, 0, 1, 0, 3, 3, 0] -> [1, 1, 2, 1, 2, 0, 1, 0, 3, 3, 0, 0] -> [1, 1, 2, 1, 2, 0, 1, 0, 3, 3, 0, 0, 2] -> [1, 1, 2, 1, 2, 0, 1, 0, 3, 3, 0, 0, 2, 3]

problem_24.yaml
AsyncStartBFS: 74.77 ms, [] -> [2] -> [2, 0] -> [2, 0, 3] -> [2, 0, 3, 3] -> [2, 0, 3, 3, 3] -> [2, 0, 3, 3, 3, 2] -> [2, 0, 3, 3, 3, 2, 3] -> [2, 0, 3, 3, 3, 2, 3, 2] -> [2, 0, 3, 3, 3, 2, 3, 2, 3] -> [2, 0, 3, 3, 3, 2, 3, 2, 3, 1] -> [2, 0, 3, 3, 3, 2, 3, 2, 3, 1, 1] -> [2, 0, 3, 3, 3, 2, 3, 2, 3, 1, 1, 0] -> [2, 0, 3, 3, 3, 2, 3, 2, 3, 1, 1, 0, 3] -> [2, 0, 3, 3, 3, 2, 3, 2, 3, 1, 1, 0, 3, 0]
TasksBFS: 77.31 ms, [] -> [2] -> [2, 0] -> [2, 0, 3] -> [2, 0, 3, 3] -> [2, 0, 3, 3, 3] -> [2, 0, 3, 3, 3, 2] -> [2, 0, 3, 3, 3, 2, 3] -> [2, 0, 3, 3, 3, 2, 3, 2] -> [2, 0, 3, 3, 3, 2, 3, 2, 3] -> [2, 0, 3, 3, 3, 2, 3, 2, 3, 1] -> [2, 0, 3, 3, 3, 2, 3, 2, 3, 1, 1] -> [2, 0, 3, 3, 3, 2, 3, 2, 3, 1, 1, 0] -> [2, 0, 3, 3, 3, 2, 3, 2, 3, 1, 1, 0, 3] -> [2, 0, 3, 3, 3, 2, 3, 2, 3, 1, 1, 0, 3, 0]
SyncBFS: 763.89 ms, [] -> [2] -> [2, 0] -> [2, 0, 3] -> [2, 0, 3, 3] -> [2, 0, 3, 3, 3] -> [2, 0, 3, 3, 3, 2] -> [2, 0, 3, 3, 3, 2, 3] -> [2, 0, 3, 3, 3, 2, 3, 2] -> [2, 0, 3, 3, 3, 2, 3, 2, 3] -> [2, 0, 3, 3, 3, 2, 3, 2, 3, 1] -> [2, 0, 3, 3, 3, 2, 3, 2, 3, 1, 1] -> [2, 0, 3, 3, 3, 2, 3, 2, 3, 1, 1, 0] -> [2, 0, 3, 3, 3, 2, 3, 2, 3, 1, 1, 0, 3] -> [2, 0, 3, 3, 3, 2, 3, 2, 3, 1, 1, 0, 3, 0]
MultithreadBFS: 351.67 ms, [] -> [2] -> [2, 0] -> [2, 0, 3] -> [2, 0, 3, 3] -> [2, 0, 3, 3, 3] -> [2, 0, 3, 3, 3, 2] -> [2, 0, 3, 3, 3, 2, 3] -> [2, 0, 3, 3, 3, 2, 3, 2] -> [2, 0, 3, 3, 3, 2, 3, 2, 3] -> [2, 0, 3, 3, 3, 2, 3, 2, 3, 1] -> [2, 0, 3, 3, 3, 2, 3, 2, 3, 1, 1] -> [2, 0, 3, 3, 3, 2, 3, 2, 3, 1, 1, 0] -> [2, 0, 3, 3, 3, 2, 3, 2, 3, 1, 1, 0, 3] -> [2, 0, 3, 3, 3, 2, 3, 2, 3, 1, 1, 0, 3, 0]

problem_03.yaml
SyncBFS: 386.52 ms, No solution found!
TasksBFS: 56.35 ms, No solution found!
MultithreadBFS: 129.82 ms, No solution found!
AsyncStartBFS: 52.14 ms, No solution found!

problem_07.yaml
TasksBFS: 84.44 ms, [] -> [2] -> [2, 2] -> [2, 2, 0] -> [2, 2, 0, 1] -> [2, 2, 0, 1, 0] -> [2, 2, 0, 1, 0, 0] -> [2, 2, 0, 1, 0, 0, 3] -> [2, 2, 0, 1, 0, 0, 3, 0] -> [2, 2, 0, 1, 0, 0, 3, 0, 0] -> [2, 2, 0, 1, 0, 0, 3, 0, 0, 0] -> [2, 2, 0, 1, 0, 0, 3, 0, 0, 0, 2] -> [2, 2, 0, 1, 0, 0, 3, 0, 0, 0, 2, 1] -> [2, 2, 0, 1, 0, 0, 3, 0, 0, 0, 2, 1, 0] -> [2, 2, 0, 1, 0, 0, 3, 0, 0, 0, 2, 1, 0, 2]
SyncBFS: 685.14 ms, [] -> [1] -> [1, 3] -> [1, 3, 0] -> [1, 3, 0, 2] -> [1, 3, 0, 2, 0] -> [1, 3, 0, 2, 0, 0] -> [1, 3, 0, 2, 0, 0, 1] -> [1, 3, 0, 2, 0, 0, 1, 0] -> [1, 3, 0, 2, 0, 0, 1, 0, 0] -> [1, 3, 0, 2, 0, 0, 1, 0, 0, 3] -> [1, 3, 0, 2, 0, 0, 1, 0, 0, 3, 1] -> [1, 3, 0, 2, 0, 0, 1, 0, 0, 3, 1, 1] -> [1, 3, 0, 2, 0, 0, 1, 0, 0, 3, 1, 1, 0] -> [1, 3, 0, 2, 0, 0, 1, 0, 0, 3, 1, 1, 0, 2]
MultithreadBFS: 150.4 ms, [] -> [1] -> [1, 3] -> [1, 3, 0] -> [1, 3, 0, 2] -> [1, 3, 0, 2, 0] -> [1, 3, 0, 2, 0, 0] -> [1, 3, 0, 2, 0, 0, 1] -> [1, 3, 0, 2, 0, 0, 1, 0] -> [1, 3, 0, 2, 0, 0, 1, 0, 0] -> [1, 3, 0, 2, 0, 0, 1, 0, 0, 3] -> [1, 3, 0, 2, 0, 0, 1, 0, 0, 3, 1] -> [1, 3, 0, 2, 0, 0, 1, 0, 0, 3, 1, 1] -> [1, 3, 0, 2, 0, 0, 1, 0, 0, 3, 1, 1, 0] -> [1, 3, 0, 2, 0, 0, 1, 0, 0, 3, 1, 1, 0, 2]
AsyncStartBFS: 60.43 ms, [] -> [1] -> [1, 3] -> [1, 3, 0] -> [1, 3, 0, 2] -> [1, 3, 0, 2, 0] -> [1, 3, 0, 2, 0, 0] -> [1, 3, 0, 2, 0, 0, 1] -> [1, 3, 0, 2, 0, 0, 1, 0] -> [1, 3, 0, 2, 0, 0, 1, 0, 0] -> [1, 3, 0, 2, 0, 0, 1, 0, 0, 3] -> [1, 3, 0, 2, 0, 0, 1, 0, 0, 3, 1] -> [1, 3, 0, 2, 0, 0, 1, 0, 0, 3, 1, 1] -> [1, 3, 0, 2, 0, 0, 1, 0, 0, 3, 1, 1, 0] -> [1, 3, 0, 2, 0, 0, 1, 0, 0, 3, 1, 1, 0, 2]

problem_42.yaml
MultithreadBFS: 28.04 ms, [] -> [1] -> [1, 3] -> [1, 3, 1] -> [1, 3, 1, 0] -> [1, 3, 1, 0, 3] -> [1, 3, 1, 0, 3, 1] -> [1, 3, 1, 0, 3, 1, 0] -> [1, 3, 1, 0, 3, 1, 0, 0] -> [1, 3, 1, 0, 3, 1, 0, 0, 3] -> [1, 3, 1, 0, 3, 1, 0, 0, 3, 1] -> [1, 3, 1, 0, 3, 1, 0, 0, 3, 1, 1] -> [1, 3, 1, 0, 3, 1, 0, 0, 3, 1, 1, 1] -> [1, 3, 1, 0, 3, 1, 0, 0, 3, 1, 1, 1, 0] -> [1, 3, 1, 0, 3, 1, 0, 0, 3, 1, 1, 1, 0, 3]
SyncBFS: 483.81 ms, [] -> [1] -> [1, 3] -> [1, 3, 1] -> [1, 3, 1, 0] -> [1, 3, 1, 0, 3] -> [1, 3, 1, 0, 3, 1] -> [1, 3, 1, 0, 3, 1, 0] -> [1, 3, 1, 0, 3, 1, 0, 0] -> [1, 3, 1, 0, 3, 1, 0, 0, 3] -> [1, 3, 1, 0, 3, 1, 0, 0, 3, 1] -> [1, 3, 1, 0, 3, 1, 0, 0, 3, 1, 1] -> [1, 3, 1, 0, 3, 1, 0, 0, 3, 1, 1, 1] -> [1, 3, 1, 0, 3, 1, 0, 0, 3, 1, 1, 1, 0] -> [1, 3, 1, 0, 3, 1, 0, 0, 3, 1, 1, 1, 0, 3]
TasksBFS: 61.88 ms, [] -> [1] -> [1, 3] -> [1, 3, 1] -> [1, 3, 1, 0] -> [1, 3, 1, 0, 3] -> [1, 3, 1, 0, 3, 1] -> [1, 3, 1, 0, 3, 1, 0] -> [1, 3, 1, 0, 3, 1, 0, 0] -> [1, 3, 1, 0, 3, 1, 0, 0, 3] -> [1, 3, 1, 0, 3, 1, 0, 0, 3, 1] -> [1, 3, 1, 0, 3, 1, 0, 0, 3, 1, 1] -> [1, 3, 1, 0, 3, 1, 0, 0, 3, 1, 1, 1] -> [1, 3, 1, 0, 3, 1, 0, 0, 3, 1, 1, 1, 0] -> [1, 3, 1, 0, 3, 1, 0, 0, 3, 1, 1, 1, 0, 3]
AsyncStartBFS: 46.96 ms, [] -> [1] -> [1, 3] -> [1, 3, 1] -> [1, 3, 1, 0] -> [1, 3, 1, 0, 3] -> [1, 3, 1, 0, 3, 1] -> [1, 3, 1, 0, 3, 1, 0] -> [1, 3, 1, 0, 3, 1, 0, 0] -> [1, 3, 1, 0, 3, 1, 0, 0, 3] -> [1, 3, 1, 0, 3, 1, 0, 0, 3, 1] -> [1, 3, 1, 0, 3, 1, 0, 0, 3, 1, 1] -> [1, 3, 1, 0, 3, 1, 0, 0, 3, 1, 1, 1] -> [1, 3, 1, 0, 3, 1, 0, 0, 3, 1, 1, 1, 0] -> [1, 3, 1, 0, 3, 1, 0, 0, 3, 1, 1, 1, 0, 3]

problem_02.yaml
AsyncStartBFS: 12.39 ms, [] -> [0] -> [0, 3] -> [0, 3, 2] -> [0, 3, 2, 3] -> [0, 3, 2, 3, 2] -> [0, 3, 2, 3, 2, 1] -> [0, 3, 2, 3, 2, 1, 1] -> [0, 3, 2, 3, 2, 1, 1, 3] -> [0, 3, 2, 3, 2, 1, 1, 3, 2] -> [0, 3, 2, 3, 2, 1, 1, 3, 2, 3] -> [0, 3, 2, 3, 2, 1, 1, 3, 2, 3, 2] -> [0, 3, 2, 3, 2, 1, 1, 3, 2, 3, 2, 0] -> [0, 3, 2, 3, 2, 1, 1, 3, 2, 3, 2, 0, 0] -> [0, 3, 2, 3, 2, 1, 1, 3, 2, 3, 2, 0, 0, 2]
MultithreadBFS: 170.48 ms, [] -> [3] -> [3, 2] -> [3, 2, 2] -> [3, 2, 2, 3] -> [3, 2, 2, 3, 1] -> [3, 2, 2, 3, 1, 1] -> [3, 2, 2, 3, 1, 1, 0] -> [3, 2, 2, 3, 1, 1, 0, 3] -> [3, 2, 2, 3, 1, 1, 0, 3, 1] -> [3, 2, 2, 3, 1, 1, 0, 3, 1, 3] -> [3, 2, 2, 3, 1, 1, 0, 3, 1, 3, 0] -> [3, 2, 2, 3, 1, 1, 0, 3, 1, 3, 0, 0] -> [3, 2, 2, 3, 1, 1, 0, 3, 1, 3, 0, 0, 3] -> [3, 2, 2, 3, 1, 1, 0, 3, 1, 3, 0, 0, 3, 3]
SyncBFS: 311.2 ms, [] -> [0] -> [0, 3] -> [0, 3, 2] -> [0, 3, 2, 3] -> [0, 3, 2, 3, 2] -> [0, 3, 2, 3, 2, 1] -> [0, 3, 2, 3, 2, 1, 1] -> [0, 3, 2, 3, 2, 1, 1, 3] -> [0, 3, 2, 3, 2, 1, 1, 3, 2] -> [0, 3, 2, 3, 2, 1, 1, 3, 2, 3] -> [0, 3, 2, 3, 2, 1, 1, 3, 2, 3, 2] -> [0, 3, 2, 3, 2, 1, 1, 3, 2, 3, 2, 0] -> [0, 3, 2, 3, 2, 1, 1, 3, 2, 3, 2, 0, 0] -> [0, 3, 2, 3, 2, 1, 1, 3, 2, 3, 2, 0, 0, 2]
TasksBFS: 36.72 ms, [] -> [0] -> [0, 3] -> [0, 3, 2] -> [0, 3, 2, 3] -> [0, 3, 2, 3, 2] -> [0, 3, 2, 3, 2, 1] -> [0, 3, 2, 3, 2, 1, 1] -> [0, 3, 2, 3, 2, 1, 1, 3] -> [0, 3, 2, 3, 2, 1, 1, 3, 2] -> [0, 3, 2, 3, 2, 1, 1, 3, 2, 3] -> [0, 3, 2, 3, 2, 1, 1, 3, 2, 3, 2] -> [0, 3, 2, 3, 2, 1, 1, 3, 2, 3, 2, 0] -> [0, 3, 2, 3, 2, 1, 1, 3, 2, 3, 2, 0, 0] -> [0, 3, 2, 3, 2, 1, 1, 3, 2, 3, 2, 0, 0, 2]

problem_29.yaml
AsyncStartBFS: 25.57 ms, [] -> [0] -> [0, 1] -> [0, 1, 3] -> [0, 1, 3, 3] -> [0, 1, 3, 3, 3] -> [0, 1, 3, 3, 3, 1] -> [0, 1, 3, 3, 3, 1, 0] -> [0, 1, 3, 3, 3, 1, 0, 2] -> [0, 1, 3, 3, 3, 1, 0, 2, 3] -> [0, 1, 3, 3, 3, 1, 0, 2, 3, 2] -> [0, 1, 3, 3, 3, 1, 0, 2, 3, 2, 0] -> [0, 1, 3, 3, 3, 1, 0, 2, 3, 2, 0, 1] -> [0, 1, 3, 3, 3, 1, 0, 2, 3, 2, 0, 1, 3] -> [0, 1, 3, 3, 3, 1, 0, 2, 3, 2, 0, 1, 3, 2]
MultithreadBFS: 12.39 ms, [] -> [0] -> [0, 1] -> [0, 1, 3] -> [0, 1, 3, 3] -> [0, 1, 3, 3, 3] -> [0, 1, 3, 3, 3, 1] -> [0, 1, 3, 3, 3, 1, 0] -> [0, 1, 3, 3, 3, 1, 0, 2] -> [0, 1, 3, 3, 3, 1, 0, 2, 3] -> [0, 1, 3, 3, 3, 1, 0, 2, 3, 2] -> [0, 1, 3, 3, 3, 1, 0, 2, 3, 2, 0] -> [0, 1, 3, 3, 3, 1, 0, 2, 3, 2, 0, 1] -> [0, 1, 3, 3, 3, 1, 0, 2, 3, 2, 0, 1, 3] -> [0, 1, 3, 3, 3, 1, 0, 2, 3, 2, 0, 1, 3, 2]
TasksBFS: 40.24 ms, [] -> [0] -> [0, 1] -> [0, 1, 3] -> [0, 1, 3, 3] -> [0, 1, 3, 3, 3] -> [0, 1, 3, 3, 3, 1] -> [0, 1, 3, 3, 3, 1, 0] -> [0, 1, 3, 3, 3, 1, 0, 2] -> [0, 1, 3, 3, 3, 1, 0, 2, 3] -> [0, 1, 3, 3, 3, 1, 0, 2, 3, 2] -> [0, 1, 3, 3, 3, 1, 0, 2, 3, 2, 0] -> [0, 1, 3, 3, 3, 1, 0, 2, 3, 2, 0, 1] -> [0, 1, 3, 3, 3, 1, 0, 2, 3, 2, 0, 1, 3] -> [0, 1, 3, 3, 3, 1, 0, 2, 3, 2, 0, 1, 3, 2]
SyncBFS: 321.22 ms, [] -> [0] -> [0, 1] -> [0, 1, 3] -> [0, 1, 3, 3] -> [0, 1, 3, 3, 3] -> [0, 1, 3, 3, 3, 1] -> [0, 1, 3, 3, 3, 1, 0] -> [0, 1, 3, 3, 3, 1, 0, 2] -> [0, 1, 3, 3, 3, 1, 0, 2, 3] -> [0, 1, 3, 3, 3, 1, 0, 2, 3, 2] -> [0, 1, 3, 3, 3, 1, 0, 2, 3, 2, 0] -> [0, 1, 3, 3, 3, 1, 0, 2, 3, 2, 0, 1] -> [0, 1, 3, 3, 3, 1, 0, 2, 3, 2, 0, 1, 3] -> [0, 1, 3, 3, 3, 1, 0, 2, 3, 2, 0, 1, 3, 2]

problem_00.yaml
AsyncStartBFS: 42.14 ms, [] -> [3] -> [3, 2] -> [3, 2, 3] -> [3, 2, 3, 0] -> [3, 2, 3, 0, 3] -> [3, 2, 3, 0, 3, 0] -> [3, 2, 3, 0, 3, 0, 1] -> [3, 2, 3, 0, 3, 0, 1, 3] -> [3, 2, 3, 0, 3, 0, 1, 3, 2] -> [3, 2, 3, 0, 3, 0, 1, 3, 2, 2] -> [3, 2, 3, 0, 3, 0, 1, 3, 2, 2, 1] -> [3, 2, 3, 0, 3, 0, 1, 3, 2, 2, 1, 1] -> [3, 2, 3, 0, 3, 0, 1, 3, 2, 2, 1, 1, 2] -> [3, 2, 3, 0, 3, 0, 1, 3, 2, 2, 1, 1, 2, 2]
TasksBFS: 65.04 ms, [] -> [3] -> [3, 1] -> [3, 1, 3] -> [3, 1, 3, 2] -> [3, 1, 3, 2, 3] -> [3, 1, 3, 2, 3, 0] -> [3, 1, 3, 2, 3, 0, 1] -> [3, 1, 3, 2, 3, 0, 1, 2] -> [3, 1, 3, 2, 3, 0, 1, 2, 0] -> [3, 1, 3, 2, 3, 0, 1, 2, 0, 2] -> [3, 1, 3, 2, 3, 0, 1, 2, 0, 2, 1] -> [3, 1, 3, 2, 3, 0, 1, 2, 0, 2, 1, 1] -> [3, 1, 3, 2, 3, 0, 1, 2, 0, 2, 1, 1, 2] -> [3, 1, 3, 2, 3, 0, 1, 2, 0, 2, 1, 1, 2, 0]
SyncBFS: 565.95 ms, [] -> [3] -> [3, 1] -> [3, 1, 3] -> [3, 1, 3, 2] -> [3, 1, 3, 2, 3] -> [3, 1, 3, 2, 3, 0] -> [3, 1, 3, 2, 3, 0, 1] -> [3, 1, 3, 2, 3, 0, 1, 2] -> [3, 1, 3, 2, 3, 0, 1, 2, 0] -> [3, 1, 3, 2, 3, 0, 1, 2, 0, 2] -> [3, 1, 3, 2, 3, 0, 1, 2, 0, 2, 1] -> [3, 1, 3, 2, 3, 0, 1, 2, 0, 2, 1, 1] -> [3, 1, 3, 2, 3, 0, 1, 2, 0, 2, 1, 1, 2] -> [3, 1, 3, 2, 3, 0, 1, 2, 0, 2, 1, 1, 2, 0]
MultithreadBFS: 42.36 ms, [] -> [3] -> [3, 1] -> [3, 1, 3] -> [3, 1, 3, 3] -> [3, 1, 3, 3, 2] -> [3, 1, 3, 3, 2, 3] -> [3, 1, 3, 3, 2, 3, 3] -> [3, 1, 3, 3, 2, 3, 3, 0] -> [3, 1, 3, 3, 2, 3, 3, 0, 2] -> [3, 1, 3, 3, 2, 3, 3, 0, 2, 3] -> [3, 1, 3, 3, 2, 3, 3, 0, 2, 3, 2] -> [3, 1, 3, 3, 2, 3, 3, 0, 2, 3, 2, 1] -> [3, 1, 3, 3, 2, 3, 3, 0, 2, 3, 2, 1, 2] -> [3, 1, 3, 3, 2, 3, 3, 0, 2, 3, 2, 1, 2, 3]

problem_13.yaml
AsyncStartBFS: 44.73 ms, [] -> [3] -> [3, 0] -> [3, 0, 3] -> [3, 0, 3, 0] -> [3, 0, 3, 0, 0] -> [3, 0, 3, 0, 0, 2] -> [3, 0, 3, 0, 0, 2, 2] -> [3, 0, 3, 0, 0, 2, 2, 1] -> [3, 0, 3, 0, 0, 2, 2, 1, 2] -> [3, 0, 3, 0, 0, 2, 2, 1, 2, 2] -> [3, 0, 3, 0, 0, 2, 2, 1, 2, 2, 1] -> [3, 0, 3, 0, 0, 2, 2, 1, 2, 2, 1, 0] -> [3, 0, 3, 0, 0, 2, 2, 1, 2, 2, 1, 0, 2] -> [3, 0, 3, 0, 0, 2, 2, 1, 2, 2, 1, 0, 2, 2]
SyncBFS: 496.52 ms, [] -> [2] -> [2, 1] -> [2, 1, 2] -> [2, 1, 2, 0] -> [2, 1, 2, 0, 0] -> [2, 1, 2, 0, 0, 3] -> [2, 1, 2, 0, 0, 3, 3] -> [2, 1, 2, 0, 0, 3, 3, 1] -> [2, 1, 2, 0, 0, 3, 3, 1, 1] -> [2, 1, 2, 0, 0, 3, 3, 1, 1, 2] -> [2, 1, 2, 0, 0, 3, 3, 1, 1, 2, 2] -> [2, 1, 2, 0, 0, 3, 3, 1, 1, 2, 2, 2] -> [2, 1, 2, 0, 0, 3, 3, 1, 1, 2, 2, 2, 3] -> [2, 1, 2, 0, 0, 3, 3, 1, 1, 2, 2, 2, 3, 3]
TasksBFS: 61.97 ms, [] -> [2] -> [2, 1] -> [2, 1, 2] -> [2, 1, 2, 0] -> [2, 1, 2, 0, 0] -> [2, 1, 2, 0, 0, 3] -> [2, 1, 2, 0, 0, 3, 3] -> [2, 1, 2, 0, 0, 3, 3, 1] -> [2, 1, 2, 0, 0, 3, 3, 1, 1] -> [2, 1, 2, 0, 0, 3, 3, 1, 1, 2] -> [2, 1, 2, 0, 0, 3, 3, 1, 1, 2, 2] -> [2, 1, 2, 0, 0, 3, 3, 1, 1, 2, 2, 2] -> [2, 1, 2, 0, 0, 3, 3, 1, 1, 2, 2, 2, 3] -> [2, 1, 2, 0, 0, 3, 3, 1, 1, 2, 2, 2, 3, 3]
MultithreadBFS: 28.65 ms, [] -> [2] -> [2, 1] -> [2, 1, 2] -> [2, 1, 2, 0] -> [2, 1, 2, 0, 0] -> [2, 1, 2, 0, 0, 3] -> [2, 1, 2, 0, 0, 3, 3] -> [2, 1, 2, 0, 0, 3, 3, 1] -> [2, 1, 2, 0, 0, 3, 3, 1, 1] -> [2, 1, 2, 0, 0, 3, 3, 1, 1, 2] -> [2, 1, 2, 0, 0, 3, 3, 1, 1, 2, 2] -> [2, 1, 2, 0, 0, 3, 3, 1, 1, 2, 2, 2] -> [2, 1, 2, 0, 0, 3, 3, 1, 1, 2, 2, 2, 3] -> [2, 1, 2, 0, 0, 3, 3, 1, 1, 2, 2, 2, 3, 3]

problem_16.yaml
TasksBFS: 69.09 ms, [] -> [2] -> [2, 1] -> [2, 1, 1] -> [2, 1, 1, 1] -> [2, 1, 1, 1, 0] -> [2, 1, 1, 1, 0, 3] -> [2, 1, 1, 1, 0, 3, 3] -> [2, 1, 1, 1, 0, 3, 3, 1] -> [2, 1, 1, 1, 0, 3, 3, 1, 3] -> [2, 1, 1, 1, 0, 3, 3, 1, 3, 0] -> [2, 1, 1, 1, 0, 3, 3, 1, 3, 0, 0] -> [2, 1, 1, 1, 0, 3, 3, 1, 3, 0, 0, 0] -> [2, 1, 1, 1, 0, 3, 3, 1, 3, 0, 0, 0, 1] -> [2, 1, 1, 1, 0, 3, 3, 1, 3, 0, 0, 0, 1, 1]
SyncBFS: 451.6 ms, [] -> [2] -> [2, 1] -> [2, 1, 1] -> [2, 1, 1, 1] -> [2, 1, 1, 1, 0] -> [2, 1, 1, 1, 0, 3] -> [2, 1, 1, 1, 0, 3, 3] -> [2, 1, 1, 1, 0, 3, 3, 1] -> [2, 1, 1, 1, 0, 3, 3, 1, 3] -> [2, 1, 1, 1, 0, 3, 3, 1, 3, 0] -> [2, 1, 1, 1, 0, 3, 3, 1, 3, 0, 0] -> [2, 1, 1, 1, 0, 3, 3, 1, 3, 0, 0, 0] -> [2, 1, 1, 1, 0, 3, 3, 1, 3, 0, 0, 0, 1] -> [2, 1, 1, 1, 0, 3, 3, 1, 3, 0, 0, 0, 1, 1]
AsyncStartBFS: 50.73 ms, [] -> [2] -> [2, 1] -> [2, 1, 1] -> [2, 1, 1, 1] -> [2, 1, 1, 1, 0] -> [2, 1, 1, 1, 0, 3] -> [2, 1, 1, 1, 0, 3, 3] -> [2, 1, 1, 1, 0, 3, 3, 1] -> [2, 1, 1, 1, 0, 3, 3, 1, 3] -> [2, 1, 1, 1, 0, 3, 3, 1, 3, 0] -> [2, 1, 1, 1, 0, 3, 3, 1, 3, 0, 0] -> [2, 1, 1, 1, 0, 3, 3, 1, 3, 0, 0, 0] -> [2, 1, 1, 1, 0, 3, 3, 1, 3, 0, 0, 0, 1] -> [2, 1, 1, 1, 0, 3, 3, 1, 3, 0, 0, 0, 1, 1]
MultithreadBFS: 316.21 ms, [] -> [2] -> [2, 1] -> [2, 1, 1] -> [2, 1, 1, 1] -> [2, 1, 1, 1, 0] -> [2, 1, 1, 1, 0, 3] -> [2, 1, 1, 1, 0, 3, 3] -> [2, 1, 1, 1, 0, 3, 3, 1] -> [2, 1, 1, 1, 0, 3, 3, 1, 3] -> [2, 1, 1, 1, 0, 3, 3, 1, 3, 0] -> [2, 1, 1, 1, 0, 3, 3, 1, 3, 0, 0] -> [2, 1, 1, 1, 0, 3, 3, 1, 3, 0, 0, 0] -> [2, 1, 1, 1, 0, 3, 3, 1, 3, 0, 0, 0, 1] -> [2, 1, 1, 1, 0, 3, 3, 1, 3, 0, 0, 0, 1, 1]

problem_20.yaml
TasksBFS: 79.07 ms, [] -> [1] -> [1, 2] -> [1, 2, 1] -> [1, 2, 1, 3] -> [1, 2, 1, 3, 3] -> [1, 2, 1, 3, 3, 0] -> [1, 2, 1, 3, 3, 0, 2] -> [1, 2, 1, 3, 3, 0, 2, 3] -> [1, 2, 1, 3, 3, 0, 2, 3, 2] -> [1, 2, 1, 3, 3, 0, 2, 3, 2, 1] -> [1, 2, 1, 3, 3, 0, 2, 3, 2, 1, 1] -> [1, 2, 1, 3, 3, 0, 2, 3, 2, 1, 1, 3] -> [1, 2, 1, 3, 3, 0, 2, 3, 2, 1, 1, 3, 3] -> [1, 2, 1, 3, 3, 0, 2, 3, 2, 1, 1, 3, 3, 0]
AsyncStartBFS: 39.93 ms, [] -> [3] -> [3, 0] -> [3, 0, 2] -> [3, 0, 2, 1] -> [3, 0, 2, 1, 1] -> [3, 0, 2, 1, 1, 3] -> [3, 0, 2, 1, 1, 3, 0] -> [3, 0, 2, 1, 1, 3, 0, 1] -> [3, 0, 2, 1, 1, 3, 0, 1, 0] -> [3, 0, 2, 1, 1, 3, 0, 1, 0, 1] -> [3, 0, 2, 1, 1, 3, 0, 1, 0, 1, 2] -> [3, 0, 2, 1, 1, 3, 0, 1, 0, 1, 2, 1] -> [3, 0, 2, 1, 1, 3, 0, 1, 0, 1, 2, 1, 1] -> [3, 0, 2, 1, 1, 3, 0, 1, 0, 1, 2, 1, 1, 1]
SyncBFS: 641.33 ms, [] -> [1] -> [1, 2] -> [1, 2, 1] -> [1, 2, 1, 3] -> [1, 2, 1, 3, 3] -> [1, 2, 1, 3, 3, 0] -> [1, 2, 1, 3, 3, 0, 2] -> [1, 2, 1, 3, 3, 0, 2, 3] -> [1, 2, 1, 3, 3, 0, 2, 3, 2] -> [1, 2, 1, 3, 3, 0, 2, 3, 2, 1] -> [1, 2, 1, 3, 3, 0, 2, 3, 2, 1, 1] -> [1, 2, 1, 3, 3, 0, 2, 3, 2, 1, 1, 3] -> [1, 2, 1, 3, 3, 0, 2, 3, 2, 1, 1, 3, 3] -> [1, 2, 1, 3, 3, 0, 2, 3, 2, 1, 1, 3, 3, 0]
MultithreadBFS: 15.01 ms, [] -> [1] -> [1, 2] -> [1, 2, 1] -> [1, 2, 1, 3] -> [1, 2, 1, 3, 3] -> [1, 2, 1, 3, 3, 0] -> [1, 2, 1, 3, 3, 0, 2] -> [1, 2, 1, 3, 3, 0, 2, 3] -> [1, 2, 1, 3, 3, 0, 2, 3, 2] -> [1, 2, 1, 3, 3, 0, 2, 3, 2, 1] -> [1, 2, 1, 3, 3, 0, 2, 3, 2, 1, 1] -> [1, 2, 1, 3, 3, 0, 2, 3, 2, 1, 1, 3] -> [1, 2, 1, 3, 3, 0, 2, 3, 2, 1, 1, 3, 3] -> [1, 2, 1, 3, 3, 0, 2, 3, 2, 1, 1, 3, 3, 0]

problem_18.yaml
SyncBFS: 393.87 ms, [] -> [0] -> [0, 1] -> [0, 1, 1] -> [0, 1, 1, 1] -> [0, 1, 1, 1, 0] -> [0, 1, 1, 1, 0, 1] -> [0, 1, 1, 1, 0, 1, 1] -> [0, 1, 1, 1, 0, 1, 1, 1] -> [0, 1, 1, 1, 0, 1, 1, 1, 1] -> [0, 1, 1, 1, 0, 1, 1, 1, 1, 0] -> [0, 1, 1, 1, 0, 1, 1, 1, 1, 0, 0] -> [0, 1, 1, 1, 0, 1, 1, 1, 1, 0, 0, 2] -> [0, 1, 1, 1, 0, 1, 1, 1, 1, 0, 0, 2, 2] -> [0, 1, 1, 1, 0, 1, 1, 1, 1, 0, 0, 2, 2, 1]
TasksBFS: 46.61 ms, [] -> [0] -> [0, 1] -> [0, 1, 1] -> [0, 1, 1, 1] -> [0, 1, 1, 1, 0] -> [0, 1, 1, 1, 0, 1] -> [0, 1, 1, 1, 0, 1, 1] -> [0, 1, 1, 1, 0, 1, 1, 1] -> [0, 1, 1, 1, 0, 1, 1, 1, 1] -> [0, 1, 1, 1, 0, 1, 1, 1, 1, 0] -> [0, 1, 1, 1, 0, 1, 1, 1, 1, 0, 0] -> [0, 1, 1, 1, 0, 1, 1, 1, 1, 0, 0, 2] -> [0, 1, 1, 1, 0, 1, 1, 1, 1, 0, 0, 2, 2] -> [0, 1, 1, 1, 0, 1, 1, 1, 1, 0, 0, 2, 2, 1]
MultithreadBFS: 30.93 ms, [] -> [0] -> [0, 3] -> [0, 3, 1] -> [0, 3, 1, 1] -> [0, 3, 1, 1, 0] -> [0, 3, 1, 1, 0, 0] -> [0, 3, 1, 1, 0, 0, 2] -> [0, 3, 1, 1, 0, 0, 2, 2] -> [0, 3, 1, 1, 0, 0, 2, 2, 1] -> [0, 3, 1, 1, 0, 0, 2, 2, 1, 0] -> [0, 3, 1, 1, 0, 0, 2, 2, 1, 0, 2] -> [0, 3, 1, 1, 0, 0, 2, 2, 1, 0, 2, 1] -> [0, 3, 1, 1, 0, 0, 2, 2, 1, 0, 2, 1, 2] -> [0, 3, 1, 1, 0, 0, 2, 2, 1, 0, 2, 1, 2, 1]
AsyncStartBFS: 35.17 ms, [] -> [0] -> [0, 1] -> [0, 1, 1] -> [0, 1, 1, 1] -> [0, 1, 1, 1, 0] -> [0, 1, 1, 1, 0, 1] -> [0, 1, 1, 1, 0, 1, 1] -> [0, 1, 1, 1, 0, 1, 1, 1] -> [0, 1, 1, 1, 0, 1, 1, 1, 1] -> [0, 1, 1, 1, 0, 1, 1, 1, 1, 0] -> [0, 1, 1, 1, 0, 1, 1, 1, 1, 0, 0] -> [0, 1, 1, 1, 0, 1, 1, 1, 1, 0, 0, 2] -> [0, 1, 1, 1, 0, 1, 1, 1, 1, 0, 0, 2, 2] -> [0, 1, 1, 1, 0, 1, 1, 1, 1, 0, 0, 2, 2, 1]

problem_05.yaml
AsyncStartBFS: 24.82 ms, [] -> [0] -> [0, 0] -> [0, 0, 2] -> [0, 0, 2, 2] -> [0, 0, 2, 2, 0] -> [0, 0, 2, 2, 0, 2] -> [0, 0, 2, 2, 0, 2, 2] -> [0, 0, 2, 2, 0, 2, 2, 3] -> [0, 0, 2, 2, 0, 2, 2, 3, 3] -> [0, 0, 2, 2, 0, 2, 2, 3, 3, 0] -> [0, 0, 2, 2, 0, 2, 2, 3, 3, 0, 3] -> [0, 0, 2, 2, 0, 2, 2, 3, 3, 0, 3, 2] -> [0, 0, 2, 2, 0, 2, 2, 3, 3, 0, 3, 2, 3] -> [0, 0, 2, 2, 0, 2, 2, 3, 3, 0, 3, 2, 3, 1]
SyncBFS: 224.15 ms, [] -> [0] -> [0, 0] -> [0, 0, 2] -> [0, 0, 2, 2] -> [0, 0, 2, 2, 0] -> [0, 0, 2, 2, 0, 2] -> [0, 0, 2, 2, 0, 2, 2] -> [0, 0, 2, 2, 0, 2, 2, 3] -> [0, 0, 2, 2, 0, 2, 2, 3, 3] -> [0, 0, 2, 2, 0, 2, 2, 3, 3, 0] -> [0, 0, 2, 2, 0, 2, 2, 3, 3, 0, 3] -> [0, 0, 2, 2, 0, 2, 2, 3, 3, 0, 3, 2] -> [0, 0, 2, 2, 0, 2, 2, 3, 3, 0, 3, 2, 3] -> [0, 0, 2, 2, 0, 2, 2, 3, 3, 0, 3, 2, 3, 1]
MultithreadBFS: 165.43 ms, [] -> [0] -> [0, 0] -> [0, 0, 2] -> [0, 0, 2, 2] -> [0, 0, 2, 2, 0] -> [0, 0, 2, 2, 0, 2] -> [0, 0, 2, 2, 0, 2, 2] -> [0, 0, 2, 2, 0, 2, 2, 3] -> [0, 0, 2, 2, 0, 2, 2, 3, 3] -> [0, 0, 2, 2, 0, 2, 2, 3, 3, 0] -> [0, 0, 2, 2, 0, 2, 2, 3, 3, 0, 3] -> [0, 0, 2, 2, 0, 2, 2, 3, 3, 0, 3, 2] -> [0, 0, 2, 2, 0, 2, 2, 3, 3, 0, 3, 2, 3] -> [0, 0, 2, 2, 0, 2, 2, 3, 3, 0, 3, 2, 3, 1]
TasksBFS: 29.67 ms, [] -> [0] -> [0, 0] -> [0, 0, 2] -> [0, 0, 2, 2] -> [0, 0, 2, 2, 0] -> [0, 0, 2, 2, 0, 2] -> [0, 0, 2, 2, 0, 2, 2] -> [0, 0, 2, 2, 0, 2, 2, 3] -> [0, 0, 2, 2, 0, 2, 2, 3, 3] -> [0, 0, 2, 2, 0, 2, 2, 3, 3, 0] -> [0, 0, 2, 2, 0, 2, 2, 3, 3, 0, 3] -> [0, 0, 2, 2, 0, 2, 2, 3, 3, 0, 3, 2] -> [0, 0, 2, 2, 0, 2, 2, 3, 3, 0, 3, 2, 3] -> [0, 0, 2, 2, 0, 2, 2, 3, 3, 0, 3, 2, 3, 1]

problem_15.yaml
SyncBFS: 631.97 ms, [] -> [0] -> [0, 3] -> [0, 3, 1] -> [0, 3, 1, 0] -> [0, 3, 1, 0, 3] -> [0, 3, 1, 0, 3, 3] -> [0, 3, 1, 0, 3, 3, 1] -> [0, 3, 1, 0, 3, 3, 1, 2] -> [0, 3, 1, 0, 3, 3, 1, 2, 3] -> [0, 3, 1, 0, 3, 3, 1, 2, 3, 3] -> [0, 3, 1, 0, 3, 3, 1, 2, 3, 3, 2] -> [0, 3, 1, 0, 3, 3, 1, 2, 3, 3, 2, 3] -> [0, 3, 1, 0, 3, 3, 1, 2, 3, 3, 2, 3, 0] -> [0, 3, 1, 0, 3, 3, 1, 2, 3, 3, 2, 3, 0, 2]
AsyncStartBFS: 44.58 ms, [] -> [2] -> [2, 0] -> [2, 0, 1] -> [2, 0, 1, 1] -> [2, 0, 1, 1, 0] -> [2, 0, 1, 1, 0, 2] -> [2, 0, 1, 1, 0, 2, 2] -> [2, 0, 1, 1, 0, 2, 2, 3] -> [2, 0, 1, 1, 0, 2, 2, 3, 3] -> [2, 0, 1, 1, 0, 2, 2, 3, 3, 0] -> [2, 0, 1, 1, 0, 2, 2, 3, 3, 0, 3] -> [2, 0, 1, 1, 0, 2, 2, 3, 3, 0, 3, 3] -> [2, 0, 1, 1, 0, 2, 2, 3, 3, 0, 3, 3, 1] -> [2, 0, 1, 1, 0, 2, 2, 3, 3, 0, 3, 3, 1, 2]
TasksBFS: 72.62 ms, [] -> [0] -> [0, 3] -> [0, 3, 1] -> [0, 3, 1, 0] -> [0, 3, 1, 0, 3] -> [0, 3, 1, 0, 3, 3] -> [0, 3, 1, 0, 3, 3, 1] -> [0, 3, 1, 0, 3, 3, 1, 2] -> [0, 3, 1, 0, 3, 3, 1, 2, 3] -> [0, 3, 1, 0, 3, 3, 1, 2, 3, 3] -> [0, 3, 1, 0, 3, 3, 1, 2, 3, 3, 2] -> [0, 3, 1, 0, 3, 3, 1, 2, 3, 3, 2, 3] -> [0, 3, 1, 0, 3, 3, 1, 2, 3, 3, 2, 3, 0] -> [0, 3, 1, 0, 3, 3, 1, 2, 3, 3, 2, 3, 0, 2]
MultithreadBFS: 43.22 ms, [] -> [0] -> [0, 3] -> [0, 3, 1] -> [0, 3, 1, 0] -> [0, 3, 1, 0, 3] -> [0, 3, 1, 0, 3, 3] -> [0, 3, 1, 0, 3, 3, 1] -> [0, 3, 1, 0, 3, 3, 1, 2] -> [0, 3, 1, 0, 3, 3, 1, 2, 3] -> [0, 3, 1, 0, 3, 3, 1, 2, 3, 3] -> [0, 3, 1, 0, 3, 3, 1, 2, 3, 3, 2] -> [0, 3, 1, 0, 3, 3, 1, 2, 3, 3, 2, 3] -> [0, 3, 1, 0, 3, 3, 1, 2, 3, 3, 2, 3, 0] -> [0, 3, 1, 0, 3, 3, 1, 2, 3, 3, 2, 3, 0, 2]

problem_17.yaml
AsyncStartBFS: 19.23 ms, [] -> [3] -> [3, 0] -> [3, 0, 2] -> [3, 0, 2, 0] -> [3, 0, 2, 0, 1] -> [3, 0, 2, 0, 1, 3] -> [3, 0, 2, 0, 1, 3, 0] -> [3, 0, 2, 0, 1, 3, 0, 3] -> [3, 0, 2, 0, 1, 3, 0, 3, 3] -> [3, 0, 2, 0, 1, 3, 0, 3, 3, 2] -> [3, 0, 2, 0, 1, 3, 0, 3, 3, 2, 2] -> [3, 0, 2, 0, 1, 3, 0, 3, 3, 2, 2, 0] -> [3, 0, 2, 0, 1, 3, 0, 3, 3, 2, 2, 0, 1] -> [3, 0, 2, 0, 1, 3, 0, 3, 3, 2, 2, 0, 1, 1]
MultithreadBFS: 9.34 ms, [] -> [3] -> [3, 0] -> [3, 0, 2] -> [3, 0, 2, 0] -> [3, 0, 2, 0, 1] -> [3, 0, 2, 0, 1, 3] -> [3, 0, 2, 0, 1, 3, 0] -> [3, 0, 2, 0, 1, 3, 0, 3] -> [3, 0, 2, 0, 1, 3, 0, 3, 3] -> [3, 0, 2, 0, 1, 3, 0, 3, 3, 2] -> [3, 0, 2, 0, 1, 3, 0, 3, 3, 2, 2] -> [3, 0, 2, 0, 1, 3, 0, 3, 3, 2, 2, 0] -> [3, 0, 2, 0, 1, 3, 0, 3, 3, 2, 2, 0, 1] -> [3, 0, 2, 0, 1, 3, 0, 3, 3, 2, 2, 0, 1, 1]
SyncBFS: 199.42 ms, [] -> [3] -> [3, 0] -> [3, 0, 2] -> [3, 0, 2, 0] -> [3, 0, 2, 0, 1] -> [3, 0, 2, 0, 1, 3] -> [3, 0, 2, 0, 1, 3, 0] -> [3, 0, 2, 0, 1, 3, 0, 3] -> [3, 0, 2, 0, 1, 3, 0, 3, 3] -> [3, 0, 2, 0, 1, 3, 0, 3, 3, 2] -> [3, 0, 2, 0, 1, 3, 0, 3, 3, 2, 2] -> [3, 0, 2, 0, 1, 3, 0, 3, 3, 2, 2, 0] -> [3, 0, 2, 0, 1, 3, 0, 3, 3, 2, 2, 0, 1] -> [3, 0, 2, 0, 1, 3, 0, 3, 3, 2, 2, 0, 1, 1]
TasksBFS: 24.07 ms, [] -> [3] -> [3, 0] -> [3, 0, 2] -> [3, 0, 2, 0] -> [3, 0, 2, 0, 1] -> [3, 0, 2, 0, 1, 3] -> [3, 0, 2, 0, 1, 3, 0] -> [3, 0, 2, 0, 1, 3, 0, 3] -> [3, 0, 2, 0, 1, 3, 0, 3, 3] -> [3, 0, 2, 0, 1, 3, 0, 3, 3, 2] -> [3, 0, 2, 0, 1, 3, 0, 3, 3, 2, 2] -> [3, 0, 2, 0, 1, 3, 0, 3, 3, 2, 2, 0] -> [3, 0, 2, 0, 1, 3, 0, 3, 3, 2, 2, 0, 1] -> [3, 0, 2, 0, 1, 3, 0, 3, 3, 2, 2, 0, 1, 1]

problem_37.yaml
SyncBFS: 446.85 ms, [] -> [0] -> [0, 2] -> [0, 2, 1] -> [0, 2, 1, 1] -> [0, 2, 1, 1, 1] -> [0, 2, 1, 1, 1, 1] -> [0, 2, 1, 1, 1, 1, 2] -> [0, 2, 1, 1, 1, 1, 2, 2] -> [0, 2, 1, 1, 1, 1, 2, 2, 1] -> [0, 2, 1, 1, 1, 1, 2, 2, 1, 0] -> [0, 2, 1, 1, 1, 1, 2, 2, 1, 0, 1] -> [0, 2, 1, 1, 1, 1, 2, 2, 1, 0, 1, 1] -> [0, 2, 1, 1, 1, 1, 2, 2, 1, 0, 1, 1, 2] -> [0, 2, 1, 1, 1, 1, 2, 2, 1, 0, 1, 1, 2, 0]
TasksBFS: 56.91 ms, [] -> [0] -> [0, 2] -> [0, 2, 1] -> [0, 2, 1, 1] -> [0, 2, 1, 1, 1] -> [0, 2, 1, 1, 1, 1] -> [0, 2, 1, 1, 1, 1, 2] -> [0, 2, 1, 1, 1, 1, 2, 2] -> [0, 2, 1, 1, 1, 1, 2, 2, 1] -> [0, 2, 1, 1, 1, 1, 2, 2, 1, 0] -> [0, 2, 1, 1, 1, 1, 2, 2, 1, 0, 1] -> [0, 2, 1, 1, 1, 1, 2, 2, 1, 0, 1, 1] -> [0, 2, 1, 1, 1, 1, 2, 2, 1, 0, 1, 1, 2] -> [0, 2, 1, 1, 1, 1, 2, 2, 1, 0, 1, 1, 2, 0]
MultithreadBFS: 369.1 ms, [] -> [0] -> [0, 2] -> [0, 2, 1] -> [0, 2, 1, 1] -> [0, 2, 1, 1, 1] -> [0, 2, 1, 1, 1, 1] -> [0, 2, 1, 1, 1, 1, 2] -> [0, 2, 1, 1, 1, 1, 2, 2] -> [0, 2, 1, 1, 1, 1, 2, 2, 1] -> [0, 2, 1, 1, 1, 1, 2, 2, 1, 0] -> [0, 2, 1, 1, 1, 1, 2, 2, 1, 0, 1] -> [0, 2, 1, 1, 1, 1, 2, 2, 1, 0, 1, 1] -> [0, 2, 1, 1, 1, 1, 2, 2, 1, 0, 1, 1, 2] -> [0, 2, 1, 1, 1, 1, 2, 2, 1, 0, 1, 1, 2, 0]
AsyncStartBFS: 52.92 ms, [] -> [0] -> [0, 2] -> [0, 2, 1] -> [0, 2, 1, 1] -> [0, 2, 1, 1, 1] -> [0, 2, 1, 1, 1, 1] -> [0, 2, 1, 1, 1, 1, 2] -> [0, 2, 1, 1, 1, 1, 2, 2] -> [0, 2, 1, 1, 1, 1, 2, 2, 1] -> [0, 2, 1, 1, 1, 1, 2, 2, 1, 0] -> [0, 2, 1, 1, 1, 1, 2, 2, 1, 0, 1] -> [0, 2, 1, 1, 1, 1, 2, 2, 1, 0, 1, 1] -> [0, 2, 1, 1, 1, 1, 2, 2, 1, 0, 1, 1, 2] -> [0, 2, 1, 1, 1, 1, 2, 2, 1, 0, 1, 1, 2, 0]

problem_22.yaml
TasksBFS: 32.74 ms, No solution found!
SyncBFS: 292.91 ms, No solution found!
AsyncStartBFS: 36.39 ms, No solution found!
MultithreadBFS: 207.27 ms, No solution found!

problem_23.yaml
AsyncStartBFS: 31.87 ms, [] -> [0] -> [0, 0] -> [0, 0, 2] -> [0, 0, 2, 3] -> [0, 0, 2, 3, 2] -> [0, 0, 2, 3, 2, 1] -> [0, 0, 2, 3, 2, 1, 1] -> [0, 0, 2, 3, 2, 1, 1, 0] -> [0, 0, 2, 3, 2, 1, 1, 0, 2] -> [0, 0, 2, 3, 2, 1, 1, 0, 2, 3] -> [0, 0, 2, 3, 2, 1, 1, 0, 2, 3, 0] -> [0, 0, 2, 3, 2, 1, 1, 0, 2, 3, 0, 0] -> [0, 0, 2, 3, 2, 1, 1, 0, 2, 3, 0, 0, 3] -> [0, 0, 2, 3, 2, 1, 1, 0, 2, 3, 0, 0, 3, 3]
MultithreadBFS: 22.1 ms, [] -> [1] -> [1, 3] -> [1, 3, 2] -> [1, 3, 2, 2] -> [1, 3, 2, 2, 2] -> [1, 3, 2, 2, 2, 1] -> [1, 3, 2, 2, 2, 1, 3] -> [1, 3, 2, 2, 2, 1, 3, 1] -> [1, 3, 2, 2, 2, 1, 3, 1, 1] -> [1, 3, 2, 2, 2, 1, 3, 1, 1, 3] -> [1, 3, 2, 2, 2, 1, 3, 1, 1, 3, 2] -> [1, 3, 2, 2, 2, 1, 3, 1, 1, 3, 2, 1] -> [1, 3, 2, 2, 2, 1, 3, 1, 1, 3, 2, 1, 1] -> [1, 3, 2, 2, 2, 1, 3, 1, 1, 3, 2, 1, 1, 0]
SyncBFS: 431.84 ms, [] -> [0] -> [0, 0] -> [0, 0, 2] -> [0, 0, 2, 3] -> [0, 0, 2, 3, 2] -> [0, 0, 2, 3, 2, 1] -> [0, 0, 2, 3, 2, 1, 1] -> [0, 0, 2, 3, 2, 1, 1, 0] -> [0, 0, 2, 3, 2, 1, 1, 0, 2] -> [0, 0, 2, 3, 2, 1, 1, 0, 2, 3] -> [0, 0, 2, 3, 2, 1, 1, 0, 2, 3, 0] -> [0, 0, 2, 3, 2, 1, 1, 0, 2, 3, 0, 0] -> [0, 0, 2, 3, 2, 1, 1, 0, 2, 3, 0, 0, 3] -> [0, 0, 2, 3, 2, 1, 1, 0, 2, 3, 0, 0, 3, 3]
TasksBFS: 60.62 ms, [] -> [0] -> [0, 0] -> [0, 0, 2] -> [0, 0, 2, 3] -> [0, 0, 2, 3, 2] -> [0, 0, 2, 3, 2, 1] -> [0, 0, 2, 3, 2, 1, 1] -> [0, 0, 2, 3, 2, 1, 1, 0] -> [0, 0, 2, 3, 2, 1, 1, 0, 2] -> [0, 0, 2, 3, 2, 1, 1, 0, 2, 3] -> [0, 0, 2, 3, 2, 1, 1, 0, 2, 3, 0] -> [0, 0, 2, 3, 2, 1, 1, 0, 2, 3, 0, 0] -> [0, 0, 2, 3, 2, 1, 1, 0, 2, 3, 0, 0, 3] -> [0, 0, 2, 3, 2, 1, 1, 0, 2, 3, 0, 0, 3, 3]

problem_25.yaml
AsyncStartBFS: 46.67 ms, [] -> [0] -> [0, 0] -> [0, 0, 0] -> [0, 0, 0, 0] -> [0, 0, 0, 0, 3] -> [0, 0, 0, 0, 3, 2] -> [0, 0, 0, 0, 3, 2, 2] -> [0, 0, 0, 0, 3, 2, 2, 2] -> [0, 0, 0, 0, 3, 2, 2, 2, 0] -> [0, 0, 0, 0, 3, 2, 2, 2, 0, 2] -> [0, 0, 0, 0, 3, 2, 2, 2, 0, 2, 3] -> [0, 0, 0, 0, 3, 2, 2, 2, 0, 2, 3, 0] -> [0, 0, 0, 0, 3, 2, 2, 2, 0, 2, 3, 0, 3] -> [0, 0, 0, 0, 3, 2, 2, 2, 0, 2, 3, 0, 3, 1]
MultithreadBFS: 342.63 ms, [] -> [0] -> [0, 0] -> [0, 0, 0] -> [0, 0, 0, 0] -> [0, 0, 0, 0, 3] -> [0, 0, 0, 0, 3, 2] -> [0, 0, 0, 0, 3, 2, 2] -> [0, 0, 0, 0, 3, 2, 2, 2] -> [0, 0, 0, 0, 3, 2, 2, 2, 0] -> [0, 0, 0, 0, 3, 2, 2, 2, 0, 2] -> [0, 0, 0, 0, 3, 2, 2, 2, 0, 2, 3] -> [0, 0, 0, 0, 3, 2, 2, 2, 0, 2, 3, 0] -> [0, 0, 0, 0, 3, 2, 2, 2, 0, 2, 3, 0, 3] -> [0, 0, 0, 0, 3, 2, 2, 2, 0, 2, 3, 0, 3, 1]
TasksBFS: 61.81 ms, [] -> [0] -> [0, 0] -> [0, 0, 0] -> [0, 0, 0, 0] -> [0, 0, 0, 0, 3] -> [0, 0, 0, 0, 3, 2] -> [0, 0, 0, 0, 3, 2, 2] -> [0, 0, 0, 0, 3, 2, 2, 2] -> [0, 0, 0, 0, 3, 2, 2, 2, 0] -> [0, 0, 0, 0, 3, 2, 2, 2, 0, 2] -> [0, 0, 0, 0, 3, 2, 2, 2, 0, 2, 3] -> [0, 0, 0, 0, 3, 2, 2, 2, 0, 2, 3, 0] -> [0, 0, 0, 0, 3, 2, 2, 2, 0, 2, 3, 0, 3] -> [0, 0, 0, 0, 3, 2, 2, 2, 0, 2, 3, 0, 3, 1]
SyncBFS: 431.85 ms, [] -> [0] -> [0, 0] -> [0, 0, 0] -> [0, 0, 0, 0] -> [0, 0, 0, 0, 3] -> [0, 0, 0, 0, 3, 2] -> [0, 0, 0, 0, 3, 2, 2] -> [0, 0, 0, 0, 3, 2, 2, 2] -> [0, 0, 0, 0, 3, 2, 2, 2, 0] -> [0, 0, 0, 0, 3, 2, 2, 2, 0, 2] -> [0, 0, 0, 0, 3, 2, 2, 2, 0, 2, 3] -> [0, 0, 0, 0, 3, 2, 2, 2, 0, 2, 3, 0] -> [0, 0, 0, 0, 3, 2, 2, 2, 0, 2, 3, 0, 3] -> [0, 0, 0, 0, 3, 2, 2, 2, 0, 2, 3, 0, 3, 1]

problem_27.yaml
MultithreadBFS: 17.36 ms, [] -> [1] -> [1, 3] -> [1, 3, 3] -> [1, 3, 3, 2] -> [1, 3, 3, 2, 2] -> [1, 3, 3, 2, 2, 3] -> [1, 3, 3, 2, 2, 3, 2] -> [1, 3, 3, 2, 2, 3, 2, 1] -> [1, 3, 3, 2, 2, 3, 2, 1, 3] -> [1, 3, 3, 2, 2, 3, 2, 1, 3, 3] -> [1, 3, 3, 2, 2, 3, 2, 1, 3, 3, 2] -> [1, 3, 3, 2, 2, 3, 2, 1, 3, 3, 2, 3] -> [1, 3, 3, 2, 2, 3, 2, 1, 3, 3, 2, 3, 3] -> [1, 3, 3, 2, 2, 3, 2, 1, 3, 3, 2, 3, 3, 0]
SyncBFS: 270.02 ms, [] -> [1] -> [1, 1] -> [1, 1, 1] -> [1, 1, 1, 0] -> [1, 1, 1, 0, 0] -> [1, 1, 1, 0, 0, 3] -> [1, 1, 1, 0, 0, 3, 0] -> [1, 1, 1, 0, 0, 3, 0, 2] -> [1, 1, 1, 0, 0, 3, 0, 2, 2] -> [1, 1, 1, 0, 0, 3, 0, 2, 2, 0] -> [1, 1, 1, 0, 0, 3, 0, 2, 2, 0, 3] -> [1, 1, 1, 0, 0, 3, 0, 2, 2, 0, 3, 1] -> [1, 1, 1, 0, 0, 3, 0, 2, 2, 0, 3, 1, 0] -> [1, 1, 1, 0, 0, 3, 0, 2, 2, 0, 3, 1, 0, 2]
AsyncStartBFS: 38.84 ms, [] -> [1] -> [1, 3] -> [1, 3, 3] -> [1, 3, 3, 2] -> [1, 3, 3, 2, 2] -> [1, 3, 3, 2, 2, 3] -> [1, 3, 3, 2, 2, 3, 2] -> [1, 3, 3, 2, 2, 3, 2, 1] -> [1, 3, 3, 2, 2, 3, 2, 1, 3] -> [1, 3, 3, 2, 2, 3, 2, 1, 3, 3] -> [1, 3, 3, 2, 2, 3, 2, 1, 3, 3, 2] -> [1, 3, 3, 2, 2, 3, 2, 1, 3, 3, 2, 3] -> [1, 3, 3, 2, 2, 3, 2, 1, 3, 3, 2, 3, 3] -> [1, 3, 3, 2, 2, 3, 2, 1, 3, 3, 2, 3, 3, 0]
TasksBFS: 36 ms, [] -> [1] -> [1, 1] -> [1, 1, 1] -> [1, 1, 1, 0] -> [1, 1, 1, 0, 0] -> [1, 1, 1, 0, 0, 3] -> [1, 1, 1, 0, 0, 3, 0] -> [1, 1, 1, 0, 0, 3, 0, 2] -> [1, 1, 1, 0, 0, 3, 0, 2, 2] -> [1, 1, 1, 0, 0, 3, 0, 2, 2, 0] -> [1, 1, 1, 0, 0, 3, 0, 2, 2, 0, 3] -> [1, 1, 1, 0, 0, 3, 0, 2, 2, 0, 3, 1] -> [1, 1, 1, 0, 0, 3, 0, 2, 2, 0, 3, 1, 0] -> [1, 1, 1, 0, 0, 3, 0, 2, 2, 0, 3, 1, 0, 2]

problem_26.yaml
SyncBFS: 706.67 ms, [] -> [1] -> [1, 2] -> [1, 2, 1] -> [1, 2, 1, 1] -> [1, 2, 1, 1, 0] -> [1, 2, 1, 1, 0, 1] -> [1, 2, 1, 1, 0, 1, 1] -> [1, 2, 1, 1, 0, 1, 1, 3] -> [1, 2, 1, 1, 0, 1, 1, 3, 1] -> [1, 2, 1, 1, 0, 1, 1, 3, 1, 2] -> [1, 2, 1, 1, 0, 1, 1, 3, 1, 2, 2] -> [1, 2, 1, 1, 0, 1, 1, 3, 1, 2, 2, 0] -> [1, 2, 1, 1, 0, 1, 1, 3, 1, 2, 2, 0, 0] -> [1, 2, 1, 1, 0, 1, 1, 3, 1, 2, 2, 0, 0, 3]
TasksBFS: 89.36 ms, [] -> [1] -> [1, 3] -> [1, 3, 0] -> [1, 3, 0, 2] -> [1, 3, 0, 2, 0] -> [1, 3, 0, 2, 0, 0] -> [1, 3, 0, 2, 0, 0, 3] -> [1, 3, 0, 2, 0, 0, 3, 0] -> [1, 3, 0, 2, 0, 0, 3, 0, 0] -> [1, 3, 0, 2, 0, 0, 3, 0, 0, 1] -> [1, 3, 0, 2, 0, 0, 3, 0, 0, 1, 2] -> [1, 3, 0, 2, 0, 0, 3, 0, 0, 1, 2, 1] -> [1, 3, 0, 2, 0, 0, 3, 0, 0, 1, 2, 1, 3] -> [1, 3, 0, 2, 0, 0, 3, 0, 0, 1, 2, 1, 3, 0]
MultithreadBFS: 96.68 ms, [] -> [3] -> [3, 3] -> [3, 3, 1] -> [3, 3, 1, 1] -> [3, 3, 1, 1, 0] -> [3, 3, 1, 1, 0, 1] -> [3, 3, 1, 1, 0, 1, 1] -> [3, 3, 1, 1, 0, 1, 1, 2] -> [3, 3, 1, 1, 0, 1, 1, 2, 1] -> [3, 3, 1, 1, 0, 1, 1, 2, 1, 1] -> [3, 3, 1, 1, 0, 1, 1, 2, 1, 1, 0] -> [3, 3, 1, 1, 0, 1, 1, 2, 1, 1, 0, 2] -> [3, 3, 1, 1, 0, 1, 1, 2, 1, 1, 0, 2, 0] -> [3, 3, 1, 1, 0, 1, 1, 2, 1, 1, 0, 2, 0, 0]
AsyncStartBFS: 53.6 ms, [] -> [1] -> [1, 2] -> [1, 2, 1] -> [1, 2, 1, 1] -> [1, 2, 1, 1, 0] -> [1, 2, 1, 1, 0, 1] -> [1, 2, 1, 1, 0, 1, 1] -> [1, 2, 1, 1, 0, 1, 1, 3] -> [1, 2, 1, 1, 0, 1, 1, 3, 1] -> [1, 2, 1, 1, 0, 1, 1, 3, 1, 2] -> [1, 2, 1, 1, 0, 1, 1, 3, 1, 2, 2] -> [1, 2, 1, 1, 0, 1, 1, 3, 1, 2, 2, 0] -> [1, 2, 1, 1, 0, 1, 1, 3, 1, 2, 2, 0, 0] -> [1, 2, 1, 1, 0, 1, 1, 3, 1, 2, 2, 0, 0, 3]

problem_14.yaml
MultithreadBFS: 212.47 ms, [] -> [0] -> [0, 0] -> [0, 0, 3] -> [0, 0, 3, 0] -> [0, 0, 3, 0, 2] -> [0, 0, 3, 0, 2, 0] -> [0, 0, 3, 0, 2, 0, 2] -> [0, 0, 3, 0, 2, 0, 2, 0] -> [0, 0, 3, 0, 2, 0, 2, 0, 1] -> [0, 0, 3, 0, 2, 0, 2, 0, 1, 1] -> [0, 0, 3, 0, 2, 0, 2, 0, 1, 1, 1] -> [0, 0, 3, 0, 2, 0, 2, 0, 1, 1, 1, 3] -> [0, 0, 3, 0, 2, 0, 2, 0, 1, 1, 1, 3, 1] -> [0, 0, 3, 0, 2, 0, 2, 0, 1, 1, 1, 3, 1, 1]
AsyncStartBFS: 33.76 ms, [] -> [3] -> [3, 3] -> [3, 3, 1] -> [3, 3, 1, 0] -> [3, 3, 1, 0, 2] -> [3, 3, 1, 0, 2, 1] -> [3, 3, 1, 0, 2, 1, 3] -> [3, 3, 1, 0, 2, 1, 3, 1] -> [3, 3, 1, 0, 2, 1, 3, 1, 0] -> [3, 3, 1, 0, 2, 1, 3, 1, 0, 0] -> [3, 3, 1, 0, 2, 1, 3, 1, 0, 0, 0] -> [3, 3, 1, 0, 2, 1, 3, 1, 0, 0, 0, 3] -> [3, 3, 1, 0, 2, 1, 3, 1, 0, 0, 0, 3, 0] -> [3, 3, 1, 0, 2, 1, 3, 1, 0, 0, 0, 3, 0, 3]
SyncBFS: 558.63 ms, [] -> [0] -> [0, 0] -> [0, 0, 3] -> [0, 0, 3, 0] -> [0, 0, 3, 0, 2] -> [0, 0, 3, 0, 2, 0] -> [0, 0, 3, 0, 2, 0, 2] -> [0, 0, 3, 0, 2, 0, 2, 0] -> [0, 0, 3, 0, 2, 0, 2, 0, 1] -> [0, 0, 3, 0, 2, 0, 2, 0, 1, 1] -> [0, 0, 3, 0, 2, 0, 2, 0, 1, 1, 1] -> [0, 0, 3, 0, 2, 0, 2, 0, 1, 1, 1, 3] -> [0, 0, 3, 0, 2, 0, 2, 0, 1, 1, 1, 3, 1] -> [0, 0, 3, 0, 2, 0, 2, 0, 1, 1, 1, 3, 1, 1]
TasksBFS: 75.42 ms, [] -> [0] -> [0, 0] -> [0, 0, 3] -> [0, 0, 3, 0] -> [0, 0, 3, 0, 2] -> [0, 0, 3, 0, 2, 0] -> [0, 0, 3, 0, 2, 0, 2] -> [0, 0, 3, 0, 2, 0, 2, 0] -> [0, 0, 3, 0, 2, 0, 2, 0, 1] -> [0, 0, 3, 0, 2, 0, 2, 0, 1, 1] -> [0, 0, 3, 0, 2, 0, 2, 0, 1, 1, 1] -> [0, 0, 3, 0, 2, 0, 2, 0, 1, 1, 1, 3] -> [0, 0, 3, 0, 2, 0, 2, 0, 1, 1, 1, 3, 1] -> [0, 0, 3, 0, 2, 0, 2, 0, 1, 1, 1, 3, 1, 1]

problem_28.yaml
TasksBFS: 52.84 ms, No solution found!
MultithreadBFS: 244.63 ms, No solution found!
SyncBFS: 431.51 ms, No solution found!
AsyncStartBFS: 48.97 ms, No solution found!


[INFO] Results summary:
MultithreadBFS
	Average: 88.788 ms
	Median: 35.075 ms
	Standard Deviation: 105.829 ms
SyncBFS
	Average: 425.759 ms
	Median: 431.675 ms
	Standard Deviation: 165.709 ms
TasksBFS
	Average: 52.4856 ms
	Median: 56.63 ms
	Standard Deviation: 21.1564 ms
AsyncStartBFS
	Average: 36.4182 ms
	Median: 37.5 ms
	Standard Deviation: 16.9271 ms
