problem_49.yaml
SyncBFS: 41.44 ms, [] -> [9] -> [9, 5] -> [9, 5, 7] -> [9, 5, 7, 0] -> [9, 5, 7, 0, 8] -> [9, 5, 7, 0, 8, 1] -> [9, 5, 7, 0, 8, 1, 1]
TasksBFS: 7.67 ms, [] -> [9] -> [9, 5] -> [9, 5, 7] -> [9, 5, 7, 0] -> [9, 5, 7, 0, 8] -> [9, 5, 7, 0, 8, 1] -> [9, 5, 7, 0, 8, 1, 1]
MultithreadBFS: 3.58 ms, [] -> [9] -> [9, 5] -> [9, 5, 7] -> [9, 5, 7, 0] -> [9, 5, 7, 0, 8] -> [9, 5, 7, 0, 8, 1] -> [9, 5, 7, 0, 8, 1, 1]
AsyncStartBFS: 2.82 ms, [] -> [9] -> [9, 5] -> [9, 5, 7] -> [9, 5, 7, 0] -> [9, 5, 7, 0, 8] -> [9, 5, 7, 0, 8, 1] -> [9, 5, 7, 0, 8, 1, 1]

problem_48.yaml
TasksBFS: 4.29 ms, [] -> [8] -> [8, 0] -> [8, 0, 0] -> [8, 0, 0, 8] -> [8, 0, 0, 8, 0] -> [8, 0, 0, 8, 0, 0] -> [8, 0, 0, 8, 0, 0, 2]
MultithreadBFS: 3.91 ms, [] -> [8] -> [8, 0] -> [8, 0, 0] -> [8, 0, 0, 8] -> [8, 0, 0, 8, 0] -> [8, 0, 0, 8, 0, 0] -> [8, 0, 0, 8, 0, 0, 2]
AsyncStartBFS: 2.34 ms, [] -> [8] -> [8, 0] -> [8, 0, 0] -> [8, 0, 0, 8] -> [8, 0, 0, 8, 0] -> [8, 0, 0, 8, 0, 0] -> [8, 0, 0, 8, 0, 0, 2]
SyncBFS: 33.13 ms, [] -> [8] -> [8, 0] -> [8, 0, 0] -> [8, 0, 0, 8] -> [8, 0, 0, 8, 0] -> [8, 0, 0, 8, 0, 0] -> [8, 0, 0, 8, 0, 0, 2]

problem_45.yaml
SyncBFS: 17 ms, [] -> [2] -> [2, 3] -> [2, 3, 0] -> [2, 3, 0, 5] -> [2, 3, 0, 5, 2] -> [2, 3, 0, 5, 2, 1] -> [2, 3, 0, 5, 2, 1, 4]
AsyncStartBFS: 4.21 ms, [] -> [2] -> [2, 3] -> [2, 3, 0] -> [2, 3, 0, 5] -> [2, 3, 0, 5, 2] -> [2, 3, 0, 5, 2, 1] -> [2, 3, 0, 5, 2, 1, 4]
TasksBFS: 3.15 ms, [] -> [2] -> [2, 3] -> [2, 3, 0] -> [2, 3, 0, 5] -> [2, 3, 0, 5, 2] -> [2, 3, 0, 5, 2, 1] -> [2, 3, 0, 5, 2, 1, 4]
MultithreadBFS: 8.23 ms, [] -> [2] -> [2, 3] -> [2, 3, 0] -> [2, 3, 0, 5] -> [2, 3, 0, 5, 2] -> [2, 3, 0, 5, 2, 1] -> [2, 3, 0, 5, 2, 1, 4]

problem_43.yaml
TasksBFS: 7.81 ms, [] -> [2] -> [2, 0] -> [2, 0, 6] -> [2, 0, 6, 1] -> [2, 0, 6, 1, 9] -> [2, 0, 6, 1, 9, 5] -> [2, 0, 6, 1, 9, 5, 5]
AsyncStartBFS: 4.03 ms, [] -> [2] -> [2, 0] -> [2, 0, 6] -> [2, 0, 6, 1] -> [2, 0, 6, 1, 9] -> [2, 0, 6, 1, 9, 5] -> [2, 0, 6, 1, 9, 5, 5]
SyncBFS: 45.96 ms, [] -> [2] -> [2, 0] -> [2, 0, 6] -> [2, 0, 6, 1] -> [2, 0, 6, 1, 9] -> [2, 0, 6, 1, 9, 5] -> [2, 0, 6, 1, 9, 5, 5]
MultithreadBFS: 4.15 ms, [] -> [2] -> [2, 0] -> [2, 0, 6] -> [2, 0, 6, 1] -> [2, 0, 6, 1, 9] -> [2, 0, 6, 1, 9, 5] -> [2, 0, 6, 1, 9, 5, 5]

problem_41.yaml
AsyncStartBFS: 3.09 ms, [] -> [4] -> [4, 5] -> [4, 5, 7] -> [4, 5, 7, 6] -> [4, 5, 7, 6, 3] -> [4, 5, 7, 6, 3, 6] -> [4, 5, 7, 6, 3, 6, 3]
TasksBFS: 5.19 ms, [] -> [1] -> [1, 5] -> [1, 5, 9] -> [1, 5, 9, 8] -> [1, 5, 9, 8, 8] -> [1, 5, 9, 8, 8, 7] -> [1, 5, 9, 8, 8, 7, 0]
MultithreadBFS: 4.39 ms, [] -> [4] -> [4, 5] -> [4, 5, 7] -> [4, 5, 7, 6] -> [4, 5, 7, 6, 3] -> [4, 5, 7, 6, 3, 6] -> [4, 5, 7, 6, 3, 6, 3]
SyncBFS: 39.44 ms, [] -> [1] -> [1, 5] -> [1, 5, 9] -> [1, 5, 9, 8] -> [1, 5, 9, 8, 8] -> [1, 5, 9, 8, 8, 7] -> [1, 5, 9, 8, 8, 7, 0]

problem_39.yaml
SyncBFS: 8.76 ms, [] -> [5] -> [5, 6] -> [5, 6, 0] -> [5, 6, 0, 3] -> [5, 6, 0, 3, 8] -> [5, 6, 0, 3, 8, 0] -> [5, 6, 0, 3, 8, 0, 6]
AsyncStartBFS: 2.72 ms, [] -> [5] -> [5, 6] -> [5, 6, 0] -> [5, 6, 0, 3] -> [5, 6, 0, 3, 8] -> [5, 6, 0, 3, 8, 0] -> [5, 6, 0, 3, 8, 0, 6]
MultithreadBFS: 0.92 ms, [] -> [5] -> [5, 6] -> [5, 6, 0] -> [5, 6, 0, 3] -> [5, 6, 0, 3, 8] -> [5, 6, 0, 3, 8, 0] -> [5, 6, 0, 3, 8, 0, 6]
TasksBFS: 2.91 ms, [] -> [5] -> [5, 6] -> [5, 6, 0] -> [5, 6, 0, 3] -> [5, 6, 0, 3, 8] -> [5, 6, 0, 3, 8, 0] -> [5, 6, 0, 3, 8, 0, 6]

problem_38.yaml
TasksBFS: 4.32 ms, [] -> [5] -> [5, 5] -> [5, 5, 0] -> [5, 5, 0, 5] -> [5, 5, 0, 5, 9] -> [5, 5, 0, 5, 9, 3] -> [5, 5, 0, 5, 9, 3, 0]
AsyncStartBFS: 3.17 ms, [] -> [7] -> [7, 3] -> [7, 3, 9] -> [7, 3, 9, 3] -> [7, 3, 9, 3, 1] -> [7, 3, 9, 3, 1, 6] -> [7, 3, 9, 3, 1, 6, 4]
MultithreadBFS: 3.2 ms, [] -> [7] -> [7, 3] -> [7, 3, 9] -> [7, 3, 9, 3] -> [7, 3, 9, 3, 1] -> [7, 3, 9, 3, 1, 6] -> [7, 3, 9, 3, 1, 6, 4]
SyncBFS: 25.45 ms, [] -> [5] -> [5, 5] -> [5, 5, 0] -> [5, 5, 0, 5] -> [5, 5, 0, 5, 9] -> [5, 5, 0, 5, 9, 3] -> [5, 5, 0, 5, 9, 3, 0]

problem_36.yaml
SyncBFS: 28.07 ms, [] -> [5] -> [5, 1] -> [5, 1, 9] -> [5, 1, 9, 0] -> [5, 1, 9, 0, 7] -> [5, 1, 9, 0, 7, 5] -> [5, 1, 9, 0, 7, 5, 9]
AsyncStartBFS: 6.57 ms, [] -> [5] -> [5, 1] -> [5, 1, 9] -> [5, 1, 9, 0] -> [5, 1, 9, 0, 7] -> [5, 1, 9, 0, 7, 5] -> [5, 1, 9, 0, 7, 5, 9]
TasksBFS: 5.01 ms, [] -> [5] -> [5, 1] -> [5, 1, 9] -> [5, 1, 9, 0] -> [5, 1, 9, 0, 7] -> [5, 1, 9, 0, 7, 5] -> [5, 1, 9, 0, 7, 5, 9]
MultithreadBFS: 3.1 ms, [] -> [5] -> [5, 1] -> [5, 1, 9] -> [5, 1, 9, 0] -> [5, 1, 9, 0, 7] -> [5, 1, 9, 0, 7, 5] -> [5, 1, 9, 0, 7, 5, 9]

problem_44.yaml
AsyncStartBFS: 2.76 ms, No solution found!
MultithreadBFS: 13.16 ms, No solution found!
TasksBFS: 6.06 ms, No solution found!
SyncBFS: 22.97 ms, No solution found!

problem_35.yaml
SyncBFS: 34.2 ms, [] -> [0] -> [0, 6] -> [0, 6, 0] -> [0, 6, 0, 1] -> [0, 6, 0, 1, 6] -> [0, 6, 0, 1, 6, 7] -> [0, 6, 0, 1, 6, 7, 6]
AsyncStartBFS: 3.59 ms, [] -> [6] -> [6, 0] -> [6, 0, 7] -> [6, 0, 7, 9] -> [6, 0, 7, 9, 7] -> [6, 0, 7, 9, 7, 2] -> [6, 0, 7, 9, 7, 2, 1]
MultithreadBFS: 4.12 ms, [] -> [6] -> [6, 0] -> [6, 0, 7] -> [6, 0, 7, 9] -> [6, 0, 7, 9, 7] -> [6, 0, 7, 9, 7, 2] -> [6, 0, 7, 9, 7, 2, 1]
TasksBFS: 5.81 ms, [] -> [0] -> [0, 6] -> [0, 6, 0] -> [0, 6, 0, 1] -> [0, 6, 0, 1, 6] -> [0, 6, 0, 1, 6, 7] -> [0, 6, 0, 1, 6, 7, 6]

problem_46.yaml
AsyncStartBFS: 1.64 ms, [] -> [1] -> [1, 0] -> [1, 0, 5] -> [1, 0, 5, 0] -> [1, 0, 5, 0, 7] -> [1, 0, 5, 0, 7, 5] -> [1, 0, 5, 0, 7, 5, 5]
TasksBFS: 3.85 ms, [] -> [1] -> [1, 0] -> [1, 0, 5] -> [1, 0, 5, 0] -> [1, 0, 5, 0, 7] -> [1, 0, 5, 0, 7, 5] -> [1, 0, 5, 0, 7, 5, 5]
SyncBFS: 21.2 ms, [] -> [1] -> [1, 0] -> [1, 0, 5] -> [1, 0, 5, 0] -> [1, 0, 5, 0, 7] -> [1, 0, 5, 0, 7, 5] -> [1, 0, 5, 0, 7, 5, 5]
MultithreadBFS: 3.69 ms, [] -> [1] -> [1, 0] -> [1, 0, 5] -> [1, 0, 5, 0] -> [1, 0, 5, 0, 7] -> [1, 0, 5, 0, 7, 5] -> [1, 0, 5, 0, 7, 5, 5]

problem_34.yaml
SyncBFS: 25.52 ms, [] -> [1] -> [1, 1] -> [1, 1, 3] -> [1, 1, 3, 8] -> [1, 1, 3, 8, 1] -> [1, 1, 3, 8, 1, 9] -> [1, 1, 3, 8, 1, 9, 1]
AsyncStartBFS: 3 ms, [] -> [1] -> [1, 1] -> [1, 1, 3] -> [1, 1, 3, 8] -> [1, 1, 3, 8, 1] -> [1, 1, 3, 8, 1, 9] -> [1, 1, 3, 8, 1, 9, 1]
MultithreadBFS: 12.34 ms, [] -> [1] -> [1, 1] -> [1, 1, 3] -> [1, 1, 3, 8] -> [1, 1, 3, 8, 1] -> [1, 1, 3, 8, 1, 9] -> [1, 1, 3, 8, 1, 9, 1]
TasksBFS: 3.89 ms, [] -> [1] -> [1, 1] -> [1, 1, 3] -> [1, 1, 3, 8] -> [1, 1, 3, 8, 1] -> [1, 1, 3, 8, 1, 9] -> [1, 1, 3, 8, 1, 9, 1]

problem_32.yaml
TasksBFS: 4.48 ms, [] -> [4] -> [4, 5] -> [4, 5, 3] -> [4, 5, 3, 2] -> [4, 5, 3, 2, 9] -> [4, 5, 3, 2, 9, 7] -> [4, 5, 3, 2, 9, 7, 2]
SyncBFS: 31.55 ms, [] -> [1] -> [1, 8] -> [1, 8, 2] -> [1, 8, 2, 5] -> [1, 8, 2, 5, 5] -> [1, 8, 2, 5, 5, 0] -> [1, 8, 2, 5, 5, 0, 5]
MultithreadBFS: 5.39 ms, [] -> [4] -> [4, 5] -> [4, 5, 3] -> [4, 5, 3, 2] -> [4, 5, 3, 2, 9] -> [4, 5, 3, 2, 9, 7] -> [4, 5, 3, 2, 9, 7, 2]
AsyncStartBFS: 1.71 ms, [] -> [1] -> [1, 8] -> [1, 8, 2] -> [1, 8, 2, 5] -> [1, 8, 2, 5, 5] -> [1, 8, 2, 5, 5, 0] -> [1, 8, 2, 5, 5, 0, 5]

problem_31.yaml
MultithreadBFS: 2.51 ms, [] -> [6] -> [6, 4] -> [6, 4, 4] -> [6, 4, 4, 7] -> [6, 4, 4, 7, 9] -> [6, 4, 4, 7, 9, 2] -> [6, 4, 4, 7, 9, 2, 2]
SyncBFS: 46.01 ms, [] -> [6] -> [6, 4] -> [6, 4, 4] -> [6, 4, 4, 7] -> [6, 4, 4, 7, 9] -> [6, 4, 4, 7, 9, 2] -> [6, 4, 4, 7, 9, 2, 2]
TasksBFS: 5.8 ms, [] -> [6] -> [6, 4] -> [6, 4, 4] -> [6, 4, 4, 7] -> [6, 4, 4, 7, 9] -> [6, 4, 4, 7, 9, 2] -> [6, 4, 4, 7, 9, 2, 2]
AsyncStartBFS: 1.72 ms, [] -> [6] -> [6, 4] -> [6, 4, 4] -> [6, 4, 4, 7] -> [6, 4, 4, 7, 9] -> [6, 4, 4, 7, 9, 2] -> [6, 4, 4, 7, 9, 2, 2]

problem_30.yaml
MultithreadBFS: 3.48 ms, [] -> [8] -> [8, 0] -> [8, 0, 6] -> [8, 0, 6, 0] -> [8, 0, 6, 0, 6] -> [8, 0, 6, 0, 6, 7] -> [8, 0, 6, 0, 6, 7, 5]
TasksBFS: 5.76 ms, [] -> [8] -> [8, 0] -> [8, 0, 6] -> [8, 0, 6, 0] -> [8, 0, 6, 0, 6] -> [8, 0, 6, 0, 6, 7] -> [8, 0, 6, 0, 6, 7, 5]
AsyncStartBFS: 2.73 ms, [] -> [8] -> [8, 0] -> [8, 0, 6] -> [8, 0, 6, 0] -> [8, 0, 6, 0, 6] -> [8, 0, 6, 0, 6, 7] -> [8, 0, 6, 0, 6, 7, 5]
SyncBFS: 46.18 ms, [] -> [6] -> [6, 8] -> [6, 8, 9] -> [6, 8, 9, 0] -> [6, 8, 9, 0, 3] -> [6, 8, 9, 0, 3, 3] -> [6, 8, 9, 0, 3, 3, 8]

problem_10.yaml
MultithreadBFS: 3.95 ms, No solution found!
AsyncStartBFS: 1.91 ms, No solution found!
TasksBFS: 2.1 ms, No solution found!
SyncBFS: 13.27 ms, No solution found!

problem_09.yaml
SyncBFS: 24.52 ms, [] -> [2] -> [2, 2] -> [2, 2, 5] -> [2, 2, 5, 8] -> [2, 2, 5, 8, 8] -> [2, 2, 5, 8, 8, 0] -> [2, 2, 5, 8, 8, 0, 5]
MultithreadBFS: 5.24 ms, [] -> [9] -> [9, 2] -> [9, 2, 7] -> [9, 2, 7, 9] -> [9, 2, 7, 9, 8] -> [9, 2, 7, 9, 8, 9] -> [9, 2, 7, 9, 8, 9, 2]
AsyncStartBFS: 2.4 ms, [] -> [9] -> [9, 2] -> [9, 2, 7] -> [9, 2, 7, 9] -> [9, 2, 7, 9, 8] -> [9, 2, 7, 9, 8, 9] -> [9, 2, 7, 9, 8, 9, 2]
TasksBFS: 3.78 ms, [] -> [3] -> [3, 7] -> [3, 7, 6] -> [3, 7, 6, 1] -> [3, 7, 6, 1, 6] -> [3, 7, 6, 1, 6, 2] -> [3, 7, 6, 1, 6, 2, 6]

problem_12.yaml
AsyncStartBFS: 2.08 ms, [] -> [5] -> [5, 7] -> [5, 7, 4] -> [5, 7, 4, 7] -> [5, 7, 4, 7, 5] -> [5, 7, 4, 7, 5, 8] -> [5, 7, 4, 7, 5, 8, 6]
TasksBFS: 3.3 ms, [] -> [5] -> [5, 7] -> [5, 7, 4] -> [5, 7, 4, 7] -> [5, 7, 4, 7, 5] -> [5, 7, 4, 7, 5, 8] -> [5, 7, 4, 7, 5, 8, 6]
SyncBFS: 19.3 ms, [] -> [5] -> [5, 7] -> [5, 7, 4] -> [5, 7, 4, 7] -> [5, 7, 4, 7, 5] -> [5, 7, 4, 7, 5, 8] -> [5, 7, 4, 7, 5, 8, 6]
MultithreadBFS: 2.99 ms, [] -> [5] -> [5, 7] -> [5, 7, 4] -> [5, 7, 4, 7] -> [5, 7, 4, 7, 5] -> [5, 7, 4, 7, 5, 8] -> [5, 7, 4, 7, 5, 8, 6]

problem_47.yaml
MultithreadBFS: 2.68 ms, [] -> [7] -> [7, 3] -> [7, 3, 5] -> [7, 3, 5, 8] -> [7, 3, 5, 8, 3] -> [7, 3, 5, 8, 3, 1] -> [7, 3, 5, 8, 3, 1, 8]
TasksBFS: 3.44 ms, [] -> [7] -> [7, 3] -> [7, 3, 5] -> [7, 3, 5, 8] -> [7, 3, 5, 8, 3] -> [7, 3, 5, 8, 3, 1] -> [7, 3, 5, 8, 3, 1, 8]
SyncBFS: 25.01 ms, [] -> [6] -> [6, 7] -> [6, 7, 9] -> [6, 7, 9, 4] -> [6, 7, 9, 4, 2] -> [6, 7, 9, 4, 2, 8] -> [6, 7, 9, 4, 2, 8, 3]
AsyncStartBFS: 5.06 ms, [] -> [7] -> [7, 3] -> [7, 3, 5] -> [7, 3, 5, 8] -> [7, 3, 5, 8, 3] -> [7, 3, 5, 8, 3, 1] -> [7, 3, 5, 8, 3, 1, 8]

problem_11.yaml
AsyncStartBFS: 2.19 ms, [] -> [8] -> [8, 4] -> [8, 4, 0] -> [8, 4, 0, 8] -> [8, 4, 0, 8, 9] -> [8, 4, 0, 8, 9, 3] -> [8, 4, 0, 8, 9, 3, 3]
TasksBFS: 5.52 ms, [] -> [3] -> [3, 2] -> [3, 2, 0] -> [3, 2, 0, 5] -> [3, 2, 0, 5, 8] -> [3, 2, 0, 5, 8, 6] -> [3, 2, 0, 5, 8, 6, 9]
SyncBFS: 34.56 ms, [] -> [3] -> [3, 2] -> [3, 2, 0] -> [3, 2, 0, 5] -> [3, 2, 0, 5, 8] -> [3, 2, 0, 5, 8, 6] -> [3, 2, 0, 5, 8, 6, 9]
MultithreadBFS: 4.08 ms, [] -> [8] -> [8, 4] -> [8, 4, 0] -> [8, 4, 0, 8] -> [8, 4, 0, 8, 9] -> [8, 4, 0, 8, 9, 3] -> [8, 4, 0, 8, 9, 3, 3]

problem_01.yaml
AsyncStartBFS: 3.26 ms, No solution found!
SyncBFS: 24.31 ms, No solution found!
TasksBFS: 6.74 ms, No solution found!
MultithreadBFS: 13.2 ms, No solution found!

problem_08.yaml
TasksBFS: 2.76 ms, [] -> [3] -> [3, 0] -> [3, 0, 7] -> [3, 0, 7, 8] -> [3, 0, 7, 8, 0] -> [3, 0, 7, 8, 0, 5] -> [3, 0, 7, 8, 0, 5, 7]
AsyncStartBFS: 1.6 ms, [] -> [3] -> [3, 0] -> [3, 0, 7] -> [3, 0, 7, 8] -> [3, 0, 7, 8, 0] -> [3, 0, 7, 8, 0, 5] -> [3, 0, 7, 8, 0, 5, 7]
MultithreadBFS: 0.9 ms, [] -> [3] -> [3, 0] -> [3, 0, 7] -> [3, 0, 7, 8] -> [3, 0, 7, 8, 0] -> [3, 0, 7, 8, 0, 5] -> [3, 0, 7, 8, 0, 5, 7]
SyncBFS: 12.27 ms, [] -> [3] -> [3, 0] -> [3, 0, 7] -> [3, 0, 7, 8] -> [3, 0, 7, 8, 0] -> [3, 0, 7, 8, 0, 5] -> [3, 0, 7, 8, 0, 5, 7]

problem_06.yaml
TasksBFS: 4.23 ms, [] -> [2] -> [2, 5] -> [2, 5, 0] -> [2, 5, 0, 7] -> [2, 5, 0, 7, 0] -> [2, 5, 0, 7, 0, 3] -> [2, 5, 0, 7, 0, 3, 4]
MultithreadBFS: 3.69 ms, [] -> [2] -> [2, 3] -> [2, 3, 0] -> [2, 3, 0, 0] -> [2, 3, 0, 0, 4] -> [2, 3, 0, 0, 4, 1] -> [2, 3, 0, 0, 4, 1, 7]
AsyncStartBFS: 2.63 ms, [] -> [2] -> [2, 3] -> [2, 3, 0] -> [2, 3, 0, 0] -> [2, 3, 0, 0, 4] -> [2, 3, 0, 0, 4, 1] -> [2, 3, 0, 0, 4, 1, 7]
SyncBFS: 25.56 ms, [] -> [2] -> [2, 3] -> [2, 3, 0] -> [2, 3, 0, 0] -> [2, 3, 0, 0, 4] -> [2, 3, 0, 0, 4, 1] -> [2, 3, 0, 0, 4, 1, 7]

problem_19.yaml
AsyncStartBFS: 1.56 ms, [] -> [9] -> [9, 0] -> [9, 0, 0] -> [9, 0, 0, 1] -> [9, 0, 0, 1, 4] -> [9, 0, 0, 1, 4, 8] -> [9, 0, 0, 1, 4, 8, 1]
SyncBFS: 25.66 ms, [] -> [9] -> [9, 0] -> [9, 0, 0] -> [9, 0, 0, 1] -> [9, 0, 0, 1, 4] -> [9, 0, 0, 1, 4, 8] -> [9, 0, 0, 1, 4, 8, 1]
MultithreadBFS: 3.83 ms, [] -> [9] -> [9, 0] -> [9, 0, 0] -> [9, 0, 0, 1] -> [9, 0, 0, 1, 4] -> [9, 0, 0, 1, 4, 8] -> [9, 0, 0, 1, 4, 8, 1]
TasksBFS: 3.19 ms, [] -> [9] -> [9, 0] -> [9, 0, 0] -> [9, 0, 0, 1] -> [9, 0, 0, 1, 4] -> [9, 0, 0, 1, 4, 8] -> [9, 0, 0, 1, 4, 8, 1]

problem_40.yaml
AsyncStartBFS: 3.17 ms, No solution found!
SyncBFS: 27.68 ms, No solution found!
TasksBFS: 6.24 ms, No solution found!
MultithreadBFS: 12.08 ms, No solution found!

problem_04.yaml
TasksBFS: 4.34 ms, [] -> [1] -> [1, 3] -> [1, 3, 5] -> [1, 3, 5, 4] -> [1, 3, 5, 4, 5] -> [1, 3, 5, 4, 5, 4] -> [1, 3, 5, 4, 5, 4, 6]
MultithreadBFS: 18.52 ms, [] -> [1] -> [1, 3] -> [1, 3, 5] -> [1, 3, 5, 4] -> [1, 3, 5, 4, 5] -> [1, 3, 5, 4, 5, 4] -> [1, 3, 5, 4, 5, 4, 6]
SyncBFS: 34.4 ms, [] -> [1] -> [1, 3] -> [1, 3, 5] -> [1, 3, 5, 4] -> [1, 3, 5, 4, 5] -> [1, 3, 5, 4, 5, 4] -> [1, 3, 5, 4, 5, 4, 6]
AsyncStartBFS: 2.93 ms, [] -> [1] -> [1, 3] -> [1, 3, 5] -> [1, 3, 5, 4] -> [1, 3, 5, 4, 5] -> [1, 3, 5, 4, 5, 4] -> [1, 3, 5, 4, 5, 4, 6]

problem_33.yaml
SyncBFS: 16.49 ms, [] -> [2] -> [2, 1] -> [2, 1, 2] -> [2, 1, 2, 6] -> [2, 1, 2, 6, 3] -> [2, 1, 2, 6, 3, 8] -> [2, 1, 2, 6, 3, 8, 9]
MultithreadBFS: 2.76 ms, [] -> [2] -> [2, 1] -> [2, 1, 2] -> [2, 1, 2, 6] -> [2, 1, 2, 6, 3] -> [2, 1, 2, 6, 3, 8] -> [2, 1, 2, 6, 3, 8, 9]
AsyncStartBFS: 1.59 ms, [] -> [2] -> [2, 1] -> [2, 1, 2] -> [2, 1, 2, 6] -> [2, 1, 2, 6, 3] -> [2, 1, 2, 6, 3, 8] -> [2, 1, 2, 6, 3, 8, 9]
TasksBFS: 2.59 ms, [] -> [2] -> [2, 1] -> [2, 1, 2] -> [2, 1, 2, 6] -> [2, 1, 2, 6, 3] -> [2, 1, 2, 6, 3, 8] -> [2, 1, 2, 6, 3, 8, 9]

problem_21.yaml
TasksBFS: 1.98 ms, No solution found!
MultithreadBFS: 8.22 ms, No solution found!
SyncBFS: 14.93 ms, No solution found!
AsyncStartBFS: 4.44 ms, No solution found!

problem_24.yaml
MultithreadBFS: 3.63 ms, [] -> [4] -> [4, 9] -> [4, 9, 3] -> [4, 9, 3, 4] -> [4, 9, 3, 4, 8] -> [4, 9, 3, 4, 8, 1] -> [4, 9, 3, 4, 8, 1, 1]
AsyncStartBFS: 2.8 ms, [] -> [4] -> [4, 9] -> [4, 9, 3] -> [4, 9, 3, 4] -> [4, 9, 3, 4, 8] -> [4, 9, 3, 4, 8, 1] -> [4, 9, 3, 4, 8, 1, 1]
TasksBFS: 4.98 ms, [] -> [4] -> [4, 9] -> [4, 9, 3] -> [4, 9, 3, 4] -> [4, 9, 3, 4, 8] -> [4, 9, 3, 4, 8, 1] -> [4, 9, 3, 4, 8, 1, 1]
SyncBFS: 35.09 ms, [] -> [4] -> [4, 2] -> [4, 2, 5] -> [4, 2, 5, 1] -> [4, 2, 5, 1, 5] -> [4, 2, 5, 1, 5, 6] -> [4, 2, 5, 1, 5, 6, 2]

problem_03.yaml
AsyncStartBFS: 2.26 ms, [] -> [6] -> [6, 8] -> [6, 8, 3] -> [6, 8, 3, 2] -> [6, 8, 3, 2, 4] -> [6, 8, 3, 2, 4, 8] -> [6, 8, 3, 2, 4, 8, 3]
TasksBFS: 5.47 ms, [] -> [6] -> [6, 8] -> [6, 8, 3] -> [6, 8, 3, 2] -> [6, 8, 3, 2, 4] -> [6, 8, 3, 2, 4, 8] -> [6, 8, 3, 2, 4, 8, 3]
SyncBFS: 42.49 ms, [] -> [6] -> [6, 8] -> [6, 8, 3] -> [6, 8, 3, 2] -> [6, 8, 3, 2, 4] -> [6, 8, 3, 2, 4, 8] -> [6, 8, 3, 2, 4, 8, 3]
MultithreadBFS: 4.13 ms, [] -> [6] -> [6, 8] -> [6, 8, 3] -> [6, 8, 3, 2] -> [6, 8, 3, 2, 4] -> [6, 8, 3, 2, 4, 8] -> [6, 8, 3, 2, 4, 8, 3]

problem_07.yaml
AsyncStartBFS: 2.86 ms, No solution found!
SyncBFS: 20.74 ms, No solution found!
TasksBFS: 4.92 ms, No solution found!
MultithreadBFS: 12.93 ms, No solution found!

problem_42.yaml
AsyncStartBFS: 3.55 ms, [] -> [2] -> [2, 9] -> [2, 9, 3] -> [2, 9, 3, 4] -> [2, 9, 3, 4, 1] -> [2, 9, 3, 4, 1, 8] -> [2, 9, 3, 4, 1, 8, 9]
MultithreadBFS: 3.45 ms, [] -> [2] -> [2, 9] -> [2, 9, 3] -> [2, 9, 3, 4] -> [2, 9, 3, 4, 1] -> [2, 9, 3, 4, 1, 8] -> [2, 9, 3, 4, 1, 8, 9]
SyncBFS: 29.45 ms, [] -> [2] -> [2, 9] -> [2, 9, 3] -> [2, 9, 3, 4] -> [2, 9, 3, 4, 1] -> [2, 9, 3, 4, 1, 8] -> [2, 9, 3, 4, 1, 8, 9]
TasksBFS: 6.83 ms, [] -> [2] -> [2, 9] -> [2, 9, 3] -> [2, 9, 3, 4] -> [2, 9, 3, 4, 1] -> [2, 9, 3, 4, 1, 8] -> [2, 9, 3, 4, 1, 8, 9]

problem_02.yaml
MultithreadBFS: 8.92 ms, [] -> [0] -> [0, 9] -> [0, 9, 6] -> [0, 9, 6, 2] -> [0, 9, 6, 2, 5] -> [0, 9, 6, 2, 5, 3] -> [0, 9, 6, 2, 5, 3, 6]
TasksBFS: 3.43 ms, [] -> [0] -> [0, 9] -> [0, 9, 6] -> [0, 9, 6, 2] -> [0, 9, 6, 2, 5] -> [0, 9, 6, 2, 5, 3] -> [0, 9, 6, 2, 5, 3, 6]
AsyncStartBFS: 1.68 ms, [] -> [0] -> [0, 9] -> [0, 9, 6] -> [0, 9, 6, 2] -> [0, 9, 6, 2, 5] -> [0, 9, 6, 2, 5, 3] -> [0, 9, 6, 2, 5, 3, 6]
SyncBFS: 14.6 ms, [] -> [0] -> [0, 9] -> [0, 9, 6] -> [0, 9, 6, 2] -> [0, 9, 6, 2, 5] -> [0, 9, 6, 2, 5, 3] -> [0, 9, 6, 2, 5, 3, 6]

problem_29.yaml
TasksBFS: 3.58 ms, [] -> [8] -> [8, 3] -> [8, 3, 1] -> [8, 3, 1, 5] -> [8, 3, 1, 5, 2] -> [8, 3, 1, 5, 2, 7] -> [8, 3, 1, 5, 2, 7, 3]
SyncBFS: 26.58 ms, [] -> [8] -> [8, 3] -> [8, 3, 1] -> [8, 3, 1, 5] -> [8, 3, 1, 5, 2] -> [8, 3, 1, 5, 2, 7] -> [8, 3, 1, 5, 2, 7, 3]
MultithreadBFS: 5.13 ms, [] -> [8] -> [8, 3] -> [8, 3, 1] -> [8, 3, 1, 5] -> [8, 3, 1, 5, 2] -> [8, 3, 1, 5, 2, 7] -> [8, 3, 1, 5, 2, 7, 3]
AsyncStartBFS: 2.53 ms, [] -> [8] -> [8, 3] -> [8, 3, 1] -> [8, 3, 1, 5] -> [8, 3, 1, 5, 2] -> [8, 3, 1, 5, 2, 7] -> [8, 3, 1, 5, 2, 7, 3]

problem_00.yaml
SyncBFS: 19.13 ms, [] -> [0] -> [0, 2] -> [0, 2, 8] -> [0, 2, 8, 0] -> [0, 2, 8, 0, 8] -> [0, 2, 8, 0, 8, 2] -> [0, 2, 8, 0, 8, 2, 9]
MultithreadBFS: 14.93 ms, [] -> [1] -> [1, 8] -> [1, 8, 5] -> [1, 8, 5, 9] -> [1, 8, 5, 9, 9] -> [1, 8, 5, 9, 9, 9] -> [1, 8, 5, 9, 9, 9, 6]
TasksBFS: 4.12 ms, [] -> [2] -> [2, 0] -> [2, 0, 8] -> [2, 0, 8, 9] -> [2, 0, 8, 9, 6] -> [2, 0, 8, 9, 6, 4] -> [2, 0, 8, 9, 6, 4, 8]
AsyncStartBFS: 2.79 ms, [] -> [0] -> [0, 2] -> [0, 2, 8] -> [0, 2, 8, 0] -> [0, 2, 8, 0, 8] -> [0, 2, 8, 0, 8, 2] -> [0, 2, 8, 0, 8, 2, 9]

problem_13.yaml
TasksBFS: 2.54 ms, [] -> [3] -> [3, 0] -> [3, 0, 5] -> [3, 0, 5, 0] -> [3, 0, 5, 0, 6] -> [3, 0, 5, 0, 6, 4] -> [3, 0, 5, 0, 6, 4, 4]
SyncBFS: 12.83 ms, [] -> [0] -> [0, 3] -> [0, 3, 2] -> [0, 3, 2, 1] -> [0, 3, 2, 1, 8] -> [0, 3, 2, 1, 8, 4] -> [0, 3, 2, 1, 8, 4, 5]
AsyncStartBFS: 2.89 ms, [] -> [0] -> [0, 3] -> [0, 3, 2] -> [0, 3, 2, 1] -> [0, 3, 2, 1, 8] -> [0, 3, 2, 1, 8, 4] -> [0, 3, 2, 1, 8, 4, 5]
MultithreadBFS: 0.86 ms, [] -> [0] -> [0, 3] -> [0, 3, 2] -> [0, 3, 2, 1] -> [0, 3, 2, 1, 8] -> [0, 3, 2, 1, 8, 4] -> [0, 3, 2, 1, 8, 4, 5]

problem_16.yaml
SyncBFS: 38.85 ms, No solution found!
TasksBFS: 5.22 ms, No solution found!
AsyncStartBFS: 4.03 ms, No solution found!
MultithreadBFS: 14.81 ms, No solution found!

problem_20.yaml
MultithreadBFS: 3.12 ms, [] -> [5] -> [5, 6] -> [5, 6, 8] -> [5, 6, 8, 9] -> [5, 6, 8, 9, 3] -> [5, 6, 8, 9, 3, 6] -> [5, 6, 8, 9, 3, 6, 7]
AsyncStartBFS: 2.53 ms, [] -> [5] -> [5, 6] -> [5, 6, 8] -> [5, 6, 8, 9] -> [5, 6, 8, 9, 3] -> [5, 6, 8, 9, 3, 6] -> [5, 6, 8, 9, 3, 6, 7]
TasksBFS: 3.25 ms, [] -> [5] -> [5, 6] -> [5, 6, 8] -> [5, 6, 8, 9] -> [5, 6, 8, 9, 3] -> [5, 6, 8, 9, 3, 6] -> [5, 6, 8, 9, 3, 6, 7]
SyncBFS: 23.96 ms, [] -> [5] -> [5, 6] -> [5, 6, 8] -> [5, 6, 8, 9] -> [5, 6, 8, 9, 3] -> [5, 6, 8, 9, 3, 6] -> [5, 6, 8, 9, 3, 6, 7]

problem_18.yaml
SyncBFS: 13.71 ms, [] -> [1] -> [1, 7] -> [1, 7, 0] -> [1, 7, 0, 4] -> [1, 7, 0, 4, 0] -> [1, 7, 0, 4, 0, 5] -> [1, 7, 0, 4, 0, 5, 4]
MultithreadBFS: 2.55 ms, [] -> [1] -> [1, 7] -> [1, 7, 0] -> [1, 7, 0, 4] -> [1, 7, 0, 4, 0] -> [1, 7, 0, 4, 0, 5] -> [1, 7, 0, 4, 0, 5, 4]
AsyncStartBFS: 1.42 ms, [] -> [1] -> [1, 7] -> [1, 7, 0] -> [1, 7, 0, 4] -> [1, 7, 0, 4, 0] -> [1, 7, 0, 4, 0, 5] -> [1, 7, 0, 4, 0, 5, 4]
TasksBFS: 3.15 ms, [] -> [1] -> [1, 7] -> [1, 7, 0] -> [1, 7, 0, 4] -> [1, 7, 0, 4, 0] -> [1, 7, 0, 4, 0, 5] -> [1, 7, 0, 4, 0, 5, 4]

problem_05.yaml
MultithreadBFS: 12.34 ms, [] -> [3] -> [3, 0] -> [3, 0, 2] -> [3, 0, 2, 7] -> [3, 0, 2, 7, 8] -> [3, 0, 2, 7, 8, 8] -> [3, 0, 2, 7, 8, 8, 3]
AsyncStartBFS: 1.92 ms, [] -> [3] -> [3, 0] -> [3, 0, 2] -> [3, 0, 2, 7] -> [3, 0, 2, 7, 8] -> [3, 0, 2, 7, 8, 8] -> [3, 0, 2, 7, 8, 8, 3]
SyncBFS: 18.41 ms, [] -> [3] -> [3, 0] -> [3, 0, 2] -> [3, 0, 2, 7] -> [3, 0, 2, 7, 8] -> [3, 0, 2, 7, 8, 8] -> [3, 0, 2, 7, 8, 8, 3]
TasksBFS: 4.76 ms, [] -> [3] -> [3, 0] -> [3, 0, 2] -> [3, 0, 2, 7] -> [3, 0, 2, 7, 8] -> [3, 0, 2, 7, 8, 8] -> [3, 0, 2, 7, 8, 8, 3]

problem_15.yaml
MultithreadBFS: 6.81 ms, [] -> [6] -> [6, 3] -> [6, 3, 0] -> [6, 3, 0, 4] -> [6, 3, 0, 4, 0] -> [6, 3, 0, 4, 0, 9] -> [6, 3, 0, 4, 0, 9, 9]
TasksBFS: 3.06 ms, [] -> [6] -> [6, 3] -> [6, 3, 0] -> [6, 3, 0, 4] -> [6, 3, 0, 4, 0] -> [6, 3, 0, 4, 0, 9] -> [6, 3, 0, 4, 0, 9, 9]
AsyncStartBFS: 2.77 ms, [] -> [6] -> [6, 3] -> [6, 3, 0] -> [6, 3, 0, 4] -> [6, 3, 0, 4, 0] -> [6, 3, 0, 4, 0, 9] -> [6, 3, 0, 4, 0, 9, 9]
SyncBFS: 21.94 ms, [] -> [6] -> [6, 3] -> [6, 3, 0] -> [6, 3, 0, 4] -> [6, 3, 0, 4, 0] -> [6, 3, 0, 4, 0, 9] -> [6, 3, 0, 4, 0, 9, 9]

problem_17.yaml
TasksBFS: 5.38 ms, No solution found!
AsyncStartBFS: 3.71 ms, No solution found!
MultithreadBFS: 15.55 ms, No solution found!
SyncBFS: 31.01 ms, No solution found!

problem_37.yaml
SyncBFS: 33.54 ms, [] -> [3] -> [3, 0] -> [3, 0, 9] -> [3, 0, 9, 2] -> [3, 0, 9, 2, 7] -> [3, 0, 9, 2, 7, 4] -> [3, 0, 9, 2, 7, 4, 5]
TasksBFS: 5.19 ms, [] -> [4] -> [4, 6] -> [4, 6, 1] -> [4, 6, 1, 9] -> [4, 6, 1, 9, 9] -> [4, 6, 1, 9, 9, 5] -> [4, 6, 1, 9, 9, 5, 6]
AsyncStartBFS: 2.11 ms, [] -> [4] -> [4, 6] -> [4, 6, 1] -> [4, 6, 1, 9] -> [4, 6, 1, 9, 9] -> [4, 6, 1, 9, 9, 5] -> [4, 6, 1, 9, 9, 5, 6]
MultithreadBFS: 3.14 ms, [] -> [4] -> [4, 6] -> [4, 6, 1] -> [4, 6, 1, 9] -> [4, 6, 1, 9, 9] -> [4, 6, 1, 9, 9, 5] -> [4, 6, 1, 9, 9, 5, 6]

problem_22.yaml
SyncBFS: 22.52 ms, No solution found!
MultithreadBFS: 13.77 ms, No solution found!
AsyncStartBFS: 2.87 ms, No solution found!
TasksBFS: 3.19 ms, No solution found!

problem_23.yaml
SyncBFS: 28.77 ms, [] -> [1] -> [1, 2] -> [1, 2, 6] -> [1, 2, 6, 9] -> [1, 2, 6, 9, 3] -> [1, 2, 6, 9, 3, 9] -> [1, 2, 6, 9, 3, 9, 5]
TasksBFS: 4.83 ms, [] -> [1] -> [1, 2] -> [1, 2, 6] -> [1, 2, 6, 9] -> [1, 2, 6, 9, 3] -> [1, 2, 6, 9, 3, 9] -> [1, 2, 6, 9, 3, 9, 5]
MultithreadBFS: 6.51 ms, [] -> [1] -> [1, 2] -> [1, 2, 6] -> [1, 2, 6, 9] -> [1, 2, 6, 9, 3] -> [1, 2, 6, 9, 3, 9] -> [1, 2, 6, 9, 3, 9, 5]
AsyncStartBFS: 2.54 ms, [] -> [1] -> [1, 2] -> [1, 2, 6] -> [1, 2, 6, 9] -> [1, 2, 6, 9, 3] -> [1, 2, 6, 9, 3, 9] -> [1, 2, 6, 9, 3, 9, 5]

problem_25.yaml
TasksBFS: 1.64 ms, [] -> [7] -> [7, 1] -> [7, 1, 7] -> [7, 1, 7, 8] -> [7, 1, 7, 8, 7] -> [7, 1, 7, 8, 7, 3] -> [7, 1, 7, 8, 7, 3, 2]
SyncBFS: 11.87 ms, [] -> [7] -> [7, 1] -> [7, 1, 7] -> [7, 1, 7, 8] -> [7, 1, 7, 8, 7] -> [7, 1, 7, 8, 7, 3] -> [7, 1, 7, 8, 7, 3, 2]
MultithreadBFS: 5.87 ms, [] -> [7] -> [7, 1] -> [7, 1, 7] -> [7, 1, 7, 8] -> [7, 1, 7, 8, 7] -> [7, 1, 7, 8, 7, 3] -> [7, 1, 7, 8, 7, 3, 2]
AsyncStartBFS: 1.75 ms, [] -> [7] -> [7, 1] -> [7, 1, 7] -> [7, 1, 7, 8] -> [7, 1, 7, 8, 7] -> [7, 1, 7, 8, 7, 3] -> [7, 1, 7, 8, 7, 3, 2]

problem_27.yaml
MultithreadBFS: 2.02 ms, [] -> [8] -> [8, 5] -> [8, 5, 0] -> [8, 5, 0, 1] -> [8, 5, 0, 1, 0] -> [8, 5, 0, 1, 0, 7] -> [8, 5, 0, 1, 0, 7, 6]
SyncBFS: 30.53 ms, [] -> [7] -> [7, 1] -> [7, 1, 3] -> [7, 1, 3, 1] -> [7, 1, 3, 1, 3] -> [7, 1, 3, 1, 3, 7] -> [7, 1, 3, 1, 3, 7, 4]
AsyncStartBFS: 4.31 ms, [] -> [8] -> [8, 5] -> [8, 5, 0] -> [8, 5, 0, 1] -> [8, 5, 0, 1, 0] -> [8, 5, 0, 1, 0, 7] -> [8, 5, 0, 1, 0, 7, 6]
TasksBFS: 4.44 ms, [] -> [8] -> [8, 5] -> [8, 5, 0] -> [8, 5, 0, 1] -> [8, 5, 0, 1, 0] -> [8, 5, 0, 1, 0, 7] -> [8, 5, 0, 1, 0, 7, 6]

problem_26.yaml
SyncBFS: 5.92 ms, No solution found!
MultithreadBFS: 2.57 ms, No solution found!
AsyncStartBFS: 1.52 ms, No solution found!
TasksBFS: 1 ms, No solution found!

problem_14.yaml
TasksBFS: 1.51 ms, No solution found!
AsyncStartBFS: 1.71 ms, No solution found!
MultithreadBFS: 3.41 ms, No solution found!
SyncBFS: 11.83 ms, No solution found!

problem_28.yaml
MultithreadBFS: 0.97 ms, [] -> [1] -> [1, 5] -> [1, 5, 2] -> [1, 5, 2, 7] -> [1, 5, 2, 7, 3] -> [1, 5, 2, 7, 3, 2] -> [1, 5, 2, 7, 3, 2, 5]
TasksBFS: 2.42 ms, [] -> [1] -> [1, 5] -> [1, 5, 2] -> [1, 5, 2, 7] -> [1, 5, 2, 7, 3] -> [1, 5, 2, 7, 3, 2] -> [1, 5, 2, 7, 3, 2, 5]
AsyncStartBFS: 1.48 ms, [] -> [1] -> [1, 5] -> [1, 5, 2] -> [1, 5, 2, 7] -> [1, 5, 2, 7, 3] -> [1, 5, 2, 7, 3, 2] -> [1, 5, 2, 7, 3, 2, 5]
SyncBFS: 9.42 ms, [] -> [1] -> [1, 5] -> [1, 5, 2] -> [1, 5, 2, 7] -> [1, 5, 2, 7, 3] -> [1, 5, 2, 7, 3, 2] -> [1, 5, 2, 7, 3, 2, 5]


[INFO] Results summary:
AsyncStartBFS
	Average: 2.739 ms
	Median: 2.725 ms
	Standard Deviation: 1.02568 ms
TasksBFS
	Average: 4.2224 ms
	Median: 4.26 ms
	Standard Deviation: 1.54194 ms
MultithreadBFS
	Average: 6.1146 ms
	Median: 4.015 ms
	Standard Deviation: 4.57129 ms
SyncBFS
	Average: 25.3606 ms
	Median: 25.23 ms
	Standard Deviation: 10.2669 ms
