problem_49.yaml
MultithreadBFS: 41.4 ms, [] -> [5] -> [5, 2] -> [5, 2, 7] -> [5, 2, 7, 7] -> [5, 2, 7, 7, 7] -> [5, 2, 7, 7, 7, 2] -> [5, 2, 7, 7, 7, 2, 8] -> [5, 2, 7, 7, 7, 2, 8, 1]
SyncBFS: 237.96 ms, [] -> [5] -> [5, 2] -> [5, 2, 7] -> [5, 2, 7, 7] -> [5, 2, 7, 7, 7] -> [5, 2, 7, 7, 7, 2] -> [5, 2, 7, 7, 7, 2, 8] -> [5, 2, 7, 7, 7, 2, 8, 1]
TasksBFS: 30.59 ms, [] -> [5] -> [5, 2] -> [5, 2, 7] -> [5, 2, 7, 7] -> [5, 2, 7, 7, 7] -> [5, 2, 7, 7, 7, 2] -> [5, 2, 7, 7, 7, 2, 8] -> [5, 2, 7, 7, 7, 2, 8, 1]
AsyncStartBFS: 30.33 ms, [] -> [5] -> [5, 2] -> [5, 2, 7] -> [5, 2, 7, 7] -> [5, 2, 7, 7, 7] -> [5, 2, 7, 7, 7, 2] -> [5, 2, 7, 7, 7, 2, 8] -> [5, 2, 7, 7, 7, 2, 8, 1]

problem_48.yaml
MultithreadBFS: 63.63 ms, [] -> [6] -> [6, 0] -> [6, 0, 7] -> [6, 0, 7, 0] -> [6, 0, 7, 0, 4] -> [6, 0, 7, 0, 4, 5] -> [6, 0, 7, 0, 4, 5, 5] -> [6, 0, 7, 0, 4, 5, 5, 8]
TasksBFS: 124.98 ms, [] -> [1] -> [1, 4] -> [1, 4, 8] -> [1, 4, 8, 6] -> [1, 4, 8, 6, 7] -> [1, 4, 8, 6, 7, 5] -> [1, 4, 8, 6, 7, 5, 3] -> [1, 4, 8, 6, 7, 5, 3, 5]
SyncBFS: 526.95 ms, [] -> [1] -> [1, 4] -> [1, 4, 8] -> [1, 4, 8, 6] -> [1, 4, 8, 6, 7] -> [1, 4, 8, 6, 7, 5] -> [1, 4, 8, 6, 7, 5, 3] -> [1, 4, 8, 6, 7, 5, 3, 5]
AsyncStartBFS: 37.54 ms, [] -> [1] -> [1, 4] -> [1, 4, 8] -> [1, 4, 8, 6] -> [1, 4, 8, 6, 7] -> [1, 4, 8, 6, 7, 5] -> [1, 4, 8, 6, 7, 5, 3] -> [1, 4, 8, 6, 7, 5, 3, 5]

problem_45.yaml
AsyncStartBFS: 21.94 ms, [] -> [0] -> [0, 0] -> [0, 0, 2] -> [0, 0, 2, 7] -> [0, 0, 2, 7, 2] -> [0, 0, 2, 7, 2, 3] -> [0, 0, 2, 7, 2, 3, 5] -> [0, 0, 2, 7, 2, 3, 5, 5]
TasksBFS: 35.67 ms, [] -> [0] -> [0, 0] -> [0, 0, 2] -> [0, 0, 2, 7] -> [0, 0, 2, 7, 2] -> [0, 0, 2, 7, 2, 3] -> [0, 0, 2, 7, 2, 3, 5] -> [0, 0, 2, 7, 2, 3, 5, 5]
MultithreadBFS: 18.75 ms, [] -> [0] -> [0, 0] -> [0, 0, 2] -> [0, 0, 2, 7] -> [0, 0, 2, 7, 2] -> [0, 0, 2, 7, 2, 3] -> [0, 0, 2, 7, 2, 3, 5] -> [0, 0, 2, 7, 2, 3, 5, 5]
SyncBFS: 259.88 ms, [] -> [0] -> [0, 0] -> [0, 0, 2] -> [0, 0, 2, 7] -> [0, 0, 2, 7, 2] -> [0, 0, 2, 7, 2, 3] -> [0, 0, 2, 7, 2, 3, 5] -> [0, 0, 2, 7, 2, 3, 5, 5]

problem_43.yaml
SyncBFS: 187.24 ms, [] -> [1] -> [1, 5] -> [1, 5, 1] -> [1, 5, 1, 3] -> [1, 5, 1, 3, 2] -> [1, 5, 1, 3, 2, 8] -> [1, 5, 1, 3, 2, 8, 6] -> [1, 5, 1, 3, 2, 8, 6, 2]
TasksBFS: 31.02 ms, [] -> [1] -> [1, 5] -> [1, 5, 1] -> [1, 5, 1, 3] -> [1, 5, 1, 3, 2] -> [1, 5, 1, 3, 2, 8] -> [1, 5, 1, 3, 2, 8, 6] -> [1, 5, 1, 3, 2, 8, 6, 2]
AsyncStartBFS: 25.15 ms, [] -> [3] -> [3, 2] -> [3, 2, 4] -> [3, 2, 4, 7] -> [3, 2, 4, 7, 8] -> [3, 2, 4, 7, 8, 1] -> [3, 2, 4, 7, 8, 1, 0] -> [3, 2, 4, 7, 8, 1, 0, 4]
MultithreadBFS: 10.35 ms, [] -> [1] -> [1, 5] -> [1, 5, 1] -> [1, 5, 1, 3] -> [1, 5, 1, 3, 2] -> [1, 5, 1, 3, 2, 8] -> [1, 5, 1, 3, 2, 8, 6] -> [1, 5, 1, 3, 2, 8, 6, 2]

problem_41.yaml
AsyncStartBFS: 49.46 ms, [] -> [5] -> [5, 3] -> [5, 3, 1] -> [5, 3, 1, 7] -> [5, 3, 1, 7, 6] -> [5, 3, 1, 7, 6, 2] -> [5, 3, 1, 7, 6, 2, 7] -> [5, 3, 1, 7, 6, 2, 7, 3]
MultithreadBFS: 41.35 ms, [] -> [5] -> [5, 8] -> [5, 8, 2] -> [5, 8, 2, 3] -> [5, 8, 2, 3, 6] -> [5, 8, 2, 3, 6, 8] -> [5, 8, 2, 3, 6, 8, 6] -> [5, 8, 2, 3, 6, 8, 6, 2]
SyncBFS: 613.96 ms, [] -> [3] -> [3, 1] -> [3, 1, 8] -> [3, 1, 8, 3] -> [3, 1, 8, 3, 2] -> [3, 1, 8, 3, 2, 5] -> [3, 1, 8, 3, 2, 5, 2] -> [3, 1, 8, 3, 2, 5, 2, 0]
TasksBFS: 96.71 ms, [] -> [5] -> [5, 1] -> [5, 1, 2] -> [5, 1, 2, 5] -> [5, 1, 2, 5, 7] -> [5, 1, 2, 5, 7, 5] -> [5, 1, 2, 5, 7, 5, 8] -> [5, 1, 2, 5, 7, 5, 8, 5]

problem_39.yaml
TasksBFS: 85.82 ms, [] -> [0] -> [0, 1] -> [0, 1, 2] -> [0, 1, 2, 6] -> [0, 1, 2, 6, 3] -> [0, 1, 2, 6, 3, 6] -> [0, 1, 2, 6, 3, 6, 2] -> [0, 1, 2, 6, 3, 6, 2, 6]
SyncBFS: 374.93 ms, [] -> [0] -> [0, 1] -> [0, 1, 2] -> [0, 1, 2, 6] -> [0, 1, 2, 6, 3] -> [0, 1, 2, 6, 3, 6] -> [0, 1, 2, 6, 3, 6, 2] -> [0, 1, 2, 6, 3, 6, 2, 6]
AsyncStartBFS: 54.2 ms, [] -> [0] -> [0, 1] -> [0, 1, 2] -> [0, 1, 2, 6] -> [0, 1, 2, 6, 3] -> [0, 1, 2, 6, 3, 6] -> [0, 1, 2, 6, 3, 6, 2] -> [0, 1, 2, 6, 3, 6, 2, 6]
MultithreadBFS: 62.85 ms, [] -> [0] -> [0, 1] -> [0, 1, 2] -> [0, 1, 2, 6] -> [0, 1, 2, 6, 3] -> [0, 1, 2, 6, 3, 6] -> [0, 1, 2, 6, 3, 6, 2] -> [0, 1, 2, 6, 3, 6, 2, 6]

problem_38.yaml
SyncBFS: 699.51 ms, [] -> [0] -> [0, 0] -> [0, 0, 6] -> [0, 0, 6, 0] -> [0, 0, 6, 0, 4] -> [0, 0, 6, 0, 4, 3] -> [0, 0, 6, 0, 4, 3, 1] -> [0, 0, 6, 0, 4, 3, 1, 8]
TasksBFS: 132.5 ms, [] -> [0] -> [0, 0] -> [0, 0, 6] -> [0, 0, 6, 0] -> [0, 0, 6, 0, 4] -> [0, 0, 6, 0, 4, 3] -> [0, 0, 6, 0, 4, 3, 1] -> [0, 0, 6, 0, 4, 3, 1, 8]
AsyncStartBFS: 31.69 ms, [] -> [0] -> [0, 0] -> [0, 0, 6] -> [0, 0, 6, 0] -> [0, 0, 6, 0, 4] -> [0, 0, 6, 0, 4, 3] -> [0, 0, 6, 0, 4, 3, 1] -> [0, 0, 6, 0, 4, 3, 1, 8]
MultithreadBFS: 41.99 ms, [] -> [1] -> [1, 3] -> [1, 3, 0] -> [1, 3, 0, 7] -> [1, 3, 0, 7, 8] -> [1, 3, 0, 7, 8, 2] -> [1, 3, 0, 7, 8, 2, 4] -> [1, 3, 0, 7, 8, 2, 4, 5]

problem_36.yaml
TasksBFS: 166.29 ms, [] -> [3] -> [3, 4] -> [3, 4, 2] -> [3, 4, 2, 5] -> [3, 4, 2, 5, 6] -> [3, 4, 2, 5, 6, 0] -> [3, 4, 2, 5, 6, 0, 3] -> [3, 4, 2, 5, 6, 0, 3, 3]
SyncBFS: 834.42 ms, [] -> [1] -> [1, 5] -> [1, 5, 2] -> [1, 5, 2, 4] -> [1, 5, 2, 4, 2] -> [1, 5, 2, 4, 2, 2] -> [1, 5, 2, 4, 2, 2, 8] -> [1, 5, 2, 4, 2, 2, 8, 7]
AsyncStartBFS: 62.47 ms, [] -> [1] -> [1, 5] -> [1, 5, 2] -> [1, 5, 2, 4] -> [1, 5, 2, 4, 2] -> [1, 5, 2, 4, 2, 2] -> [1, 5, 2, 4, 2, 2, 8] -> [1, 5, 2, 4, 2, 2, 8, 7]
MultithreadBFS: 48.49 ms, [] -> [1] -> [1, 5] -> [1, 5, 2] -> [1, 5, 2, 4] -> [1, 5, 2, 4, 2] -> [1, 5, 2, 4, 2, 2] -> [1, 5, 2, 4, 2, 2, 8] -> [1, 5, 2, 4, 2, 2, 8, 7]

problem_44.yaml
MultithreadBFS: 67.25 ms, [] -> [4] -> [4, 3] -> [4, 3, 3] -> [4, 3, 3, 5] -> [4, 3, 3, 5, 0] -> [4, 3, 3, 5, 0, 6] -> [4, 3, 3, 5, 0, 6, 7] -> [4, 3, 3, 5, 0, 6, 7, 7]
AsyncStartBFS: 34.47 ms, [] -> [0] -> [0, 4] -> [0, 4, 3] -> [0, 4, 3, 3] -> [0, 4, 3, 3, 5] -> [0, 4, 3, 3, 5, 5] -> [0, 4, 3, 3, 5, 5, 5] -> [0, 4, 3, 3, 5, 5, 5, 6]
SyncBFS: 392.37 ms, [] -> [0] -> [0, 4] -> [0, 4, 3] -> [0, 4, 3, 3] -> [0, 4, 3, 3, 5] -> [0, 4, 3, 3, 5, 5] -> [0, 4, 3, 3, 5, 5, 5] -> [0, 4, 3, 3, 5, 5, 5, 6]
TasksBFS: 64.95 ms, [] -> [0] -> [0, 4] -> [0, 4, 3] -> [0, 4, 3, 3] -> [0, 4, 3, 3, 5] -> [0, 4, 3, 3, 5, 5] -> [0, 4, 3, 3, 5, 5, 5] -> [0, 4, 3, 3, 5, 5, 5, 6]

problem_35.yaml
MultithreadBFS: 53.69 ms, [] -> [8] -> [8, 3] -> [8, 3, 8] -> [8, 3, 8, 7] -> [8, 3, 8, 7, 4] -> [8, 3, 8, 7, 4, 4] -> [8, 3, 8, 7, 4, 4, 8] -> [8, 3, 8, 7, 4, 4, 8, 3]
TasksBFS: 170.2 ms, [] -> [6] -> [6, 8] -> [6, 8, 1] -> [6, 8, 1, 6] -> [6, 8, 1, 6, 5] -> [6, 8, 1, 6, 5, 4] -> [6, 8, 1, 6, 5, 4, 6] -> [6, 8, 1, 6, 5, 4, 6, 6]
AsyncStartBFS: 82.16 ms, [] -> [6] -> [6, 5] -> [6, 5, 0] -> [6, 5, 0, 1] -> [6, 5, 0, 1, 1] -> [6, 5, 0, 1, 1, 5] -> [6, 5, 0, 1, 1, 5, 3] -> [6, 5, 0, 1, 1, 5, 3, 6]
SyncBFS: 720.27 ms, [] -> [0] -> [0, 7] -> [0, 7, 4] -> [0, 7, 4, 4] -> [0, 7, 4, 4, 3] -> [0, 7, 4, 4, 3, 6] -> [0, 7, 4, 4, 3, 6, 5] -> [0, 7, 4, 4, 3, 6, 5, 2]

problem_46.yaml
TasksBFS: 179.68 ms, [] -> [4] -> [4, 5] -> [4, 5, 3] -> [4, 5, 3, 8] -> [4, 5, 3, 8, 4] -> [4, 5, 3, 8, 4, 1] -> [4, 5, 3, 8, 4, 1, 2] -> [4, 5, 3, 8, 4, 1, 2, 2]
MultithreadBFS: 77.04 ms, [] -> [1] -> [1, 1] -> [1, 1, 8] -> [1, 1, 8, 8] -> [1, 1, 8, 8, 8] -> [1, 1, 8, 8, 8, 2] -> [1, 1, 8, 8, 8, 2, 8] -> [1, 1, 8, 8, 8, 2, 8, 8]
AsyncStartBFS: 56.43 ms, [] -> [7] -> [7, 7] -> [7, 7, 3] -> [7, 7, 3, 0] -> [7, 7, 3, 0, 0] -> [7, 7, 3, 0, 0, 6] -> [7, 7, 3, 0, 0, 6, 2] -> [7, 7, 3, 0, 0, 6, 2, 8]
SyncBFS: 811.06 ms, [] -> [1] -> [1, 1] -> [1, 1, 8] -> [1, 1, 8, 8] -> [1, 1, 8, 8, 8] -> [1, 1, 8, 8, 8, 2] -> [1, 1, 8, 8, 8, 2, 8] -> [1, 1, 8, 8, 8, 2, 8, 8]

problem_34.yaml
MultithreadBFS: 35.91 ms, [] -> [2] -> [2, 3] -> [2, 3, 1] -> [2, 3, 1, 4] -> [2, 3, 1, 4, 4] -> [2, 3, 1, 4, 4, 1] -> [2, 3, 1, 4, 4, 1, 2] -> [2, 3, 1, 4, 4, 1, 2, 2]
TasksBFS: 108.39 ms, [] -> [2] -> [2, 3] -> [2, 3, 1] -> [2, 3, 1, 4] -> [2, 3, 1, 4, 4] -> [2, 3, 1, 4, 4, 1] -> [2, 3, 1, 4, 4, 1, 2] -> [2, 3, 1, 4, 4, 1, 2, 2]
AsyncStartBFS: 49.08 ms, [] -> [2] -> [2, 3] -> [2, 3, 1] -> [2, 3, 1, 4] -> [2, 3, 1, 4, 4] -> [2, 3, 1, 4, 4, 1] -> [2, 3, 1, 4, 4, 1, 2] -> [2, 3, 1, 4, 4, 1, 2, 2]
SyncBFS: 636.38 ms, [] -> [2] -> [2, 3] -> [2, 3, 1] -> [2, 3, 1, 4] -> [2, 3, 1, 4, 4] -> [2, 3, 1, 4, 4, 1] -> [2, 3, 1, 4, 4, 1, 2] -> [2, 3, 1, 4, 4, 1, 2, 2]

problem_32.yaml
SyncBFS: 240.42 ms, [] -> [5] -> [5, 5] -> [5, 5, 8] -> [5, 5, 8, 6] -> [5, 5, 8, 6, 5] -> [5, 5, 8, 6, 5, 3] -> [5, 5, 8, 6, 5, 3, 6] -> [5, 5, 8, 6, 5, 3, 6, 2]
TasksBFS: 36.33 ms, [] -> [8] -> [8, 3] -> [8, 3, 4] -> [8, 3, 4, 0] -> [8, 3, 4, 0, 4] -> [8, 3, 4, 0, 4, 1] -> [8, 3, 4, 0, 4, 1, 3] -> [8, 3, 4, 0, 4, 1, 3, 4]
AsyncStartBFS: 24.67 ms, [] -> [8] -> [8, 3] -> [8, 3, 1] -> [8, 3, 1, 8] -> [8, 3, 1, 8, 8] -> [8, 3, 1, 8, 8, 1] -> [8, 3, 1, 8, 8, 1, 8] -> [8, 3, 1, 8, 8, 1, 8, 2]
MultithreadBFS: 143.83 ms, [] -> [5] -> [5, 5] -> [5, 5, 8] -> [5, 5, 8, 6] -> [5, 5, 8, 6, 5] -> [5, 5, 8, 6, 5, 3] -> [5, 5, 8, 6, 5, 3, 6] -> [5, 5, 8, 6, 5, 3, 6, 2]

problem_31.yaml
TasksBFS: 71.71 ms, [] -> [8] -> [8, 2] -> [8, 2, 8] -> [8, 2, 8, 7] -> [8, 2, 8, 7, 8] -> [8, 2, 8, 7, 8, 6] -> [8, 2, 8, 7, 8, 6, 5] -> [8, 2, 8, 7, 8, 6, 5, 6]
AsyncStartBFS: 46.26 ms, [] -> [7] -> [7, 8] -> [7, 8, 3] -> [7, 8, 3, 1] -> [7, 8, 3, 1, 3] -> [7, 8, 3, 1, 3, 4] -> [7, 8, 3, 1, 3, 4, 8] -> [7, 8, 3, 1, 3, 4, 8, 7]
SyncBFS: 601.11 ms, [] -> [7] -> [7, 8] -> [7, 8, 3] -> [7, 8, 3, 1] -> [7, 8, 3, 1, 3] -> [7, 8, 3, 1, 3, 4] -> [7, 8, 3, 1, 3, 4, 8] -> [7, 8, 3, 1, 3, 4, 8, 7]
MultithreadBFS: 46.53 ms, [] -> [8] -> [8, 2] -> [8, 2, 8] -> [8, 2, 8, 7] -> [8, 2, 8, 7, 8] -> [8, 2, 8, 7, 8, 6] -> [8, 2, 8, 7, 8, 6, 5] -> [8, 2, 8, 7, 8, 6, 5, 6]

problem_30.yaml
AsyncStartBFS: 20.6 ms, [] -> [0] -> [0, 0] -> [0, 0, 2] -> [0, 0, 2, 2] -> [0, 0, 2, 2, 4] -> [0, 0, 2, 2, 4, 7] -> [0, 0, 2, 2, 4, 7, 1] -> [0, 0, 2, 2, 4, 7, 1, 4]
SyncBFS: 489.64 ms, [] -> [0] -> [0, 0] -> [0, 0, 2] -> [0, 0, 2, 2] -> [0, 0, 2, 2, 4] -> [0, 0, 2, 2, 4, 7] -> [0, 0, 2, 2, 4, 7, 1] -> [0, 0, 2, 2, 4, 7, 1, 4]
MultithreadBFS: 50.76 ms, [] -> [4] -> [4, 6] -> [4, 6, 7] -> [4, 6, 7, 0] -> [4, 6, 7, 0, 4] -> [4, 6, 7, 0, 4, 0] -> [4, 6, 7, 0, 4, 0, 2] -> [4, 6, 7, 0, 4, 0, 2, 2]
TasksBFS: 76.94 ms, [] -> [0] -> [0, 0] -> [0, 0, 2] -> [0, 0, 2, 2] -> [0, 0, 2, 2, 4] -> [0, 0, 2, 2, 4, 7] -> [0, 0, 2, 2, 4, 7, 1] -> [0, 0, 2, 2, 4, 7, 1, 4]

problem_10.yaml
TasksBFS: 176.94 ms, [] -> [0] -> [0, 5] -> [0, 5, 2] -> [0, 5, 2, 8] -> [0, 5, 2, 8, 1] -> [0, 5, 2, 8, 1, 3] -> [0, 5, 2, 8, 1, 3, 7] -> [0, 5, 2, 8, 1, 3, 7, 0]
SyncBFS: 731.53 ms, [] -> [0] -> [0, 5] -> [0, 5, 2] -> [0, 5, 2, 8] -> [0, 5, 2, 8, 1] -> [0, 5, 2, 8, 1, 3] -> [0, 5, 2, 8, 1, 3, 7] -> [0, 5, 2, 8, 1, 3, 7, 0]
MultithreadBFS: 54.2 ms, [] -> [2] -> [2, 5] -> [2, 5, 0] -> [2, 5, 0, 0] -> [2, 5, 0, 0, 7] -> [2, 5, 0, 0, 7, 2] -> [2, 5, 0, 0, 7, 2, 1] -> [2, 5, 0, 0, 7, 2, 1, 3]
AsyncStartBFS: 61.65 ms, [] -> [0] -> [0, 5] -> [0, 5, 2] -> [0, 5, 2, 8] -> [0, 5, 2, 8, 1] -> [0, 5, 2, 8, 1, 3] -> [0, 5, 2, 8, 1, 3, 7] -> [0, 5, 2, 8, 1, 3, 7, 0]

problem_09.yaml
SyncBFS: 934.3 ms, [] -> [1] -> [1, 8] -> [1, 8, 4] -> [1, 8, 4, 8] -> [1, 8, 4, 8, 7] -> [1, 8, 4, 8, 7, 4] -> [1, 8, 4, 8, 7, 4, 0] -> [1, 8, 4, 8, 7, 4, 0, 8]
TasksBFS: 233.28 ms, [] -> [1] -> [1, 8] -> [1, 8, 4] -> [1, 8, 4, 8] -> [1, 8, 4, 8, 7] -> [1, 8, 4, 8, 7, 4] -> [1, 8, 4, 8, 7, 4, 0] -> [1, 8, 4, 8, 7, 4, 0, 8]
MultithreadBFS: 32.88 ms, [] -> [1] -> [1, 8] -> [1, 8, 4] -> [1, 8, 4, 8] -> [1, 8, 4, 8, 7] -> [1, 8, 4, 8, 7, 4] -> [1, 8, 4, 8, 7, 4, 0] -> [1, 8, 4, 8, 7, 4, 0, 8]
AsyncStartBFS: 66.58 ms, [] -> [1] -> [1, 8] -> [1, 8, 4] -> [1, 8, 4, 8] -> [1, 8, 4, 8, 7] -> [1, 8, 4, 8, 7, 4] -> [1, 8, 4, 8, 7, 4, 0] -> [1, 8, 4, 8, 7, 4, 0, 8]

problem_12.yaml
SyncBFS: 328.42 ms, [] -> [1] -> [1, 0] -> [1, 0, 1] -> [1, 0, 1, 7] -> [1, 0, 1, 7, 0] -> [1, 0, 1, 7, 0, 7] -> [1, 0, 1, 7, 0, 7, 3] -> [1, 0, 1, 7, 0, 7, 3, 5]
TasksBFS: 61.04 ms, [] -> [1] -> [1, 0] -> [1, 0, 1] -> [1, 0, 1, 7] -> [1, 0, 1, 7, 0] -> [1, 0, 1, 7, 0, 7] -> [1, 0, 1, 7, 0, 7, 3] -> [1, 0, 1, 7, 0, 7, 3, 5]
MultithreadBFS: 53.94 ms, [] -> [2] -> [2, 7] -> [2, 7, 3] -> [2, 7, 3, 2] -> [2, 7, 3, 2, 7] -> [2, 7, 3, 2, 7, 8] -> [2, 7, 3, 2, 7, 8, 4] -> [2, 7, 3, 2, 7, 8, 4, 2]
AsyncStartBFS: 26.06 ms, [] -> [1] -> [1, 1] -> [1, 1, 6] -> [1, 1, 6, 4] -> [1, 1, 6, 4, 3] -> [1, 1, 6, 4, 3, 2] -> [1, 1, 6, 4, 3, 2, 3] -> [1, 1, 6, 4, 3, 2, 3, 6]

problem_47.yaml
MultithreadBFS: 69.18 ms, [] -> [1] -> [1, 5] -> [1, 5, 2] -> [1, 5, 2, 1] -> [1, 5, 2, 1, 4] -> [1, 5, 2, 1, 4, 5] -> [1, 5, 2, 1, 4, 5, 4] -> [1, 5, 2, 1, 4, 5, 4, 4]
AsyncStartBFS: 32.95 ms, [] -> [1] -> [1, 0] -> [1, 0, 5] -> [1, 0, 5, 1] -> [1, 0, 5, 1, 7] -> [1, 0, 5, 1, 7, 8] -> [1, 0, 5, 1, 7, 8, 0] -> [1, 0, 5, 1, 7, 8, 0, 5]
SyncBFS: 666.62 ms, [] -> [1] -> [1, 0] -> [1, 0, 5] -> [1, 0, 5, 1] -> [1, 0, 5, 1, 7] -> [1, 0, 5, 1, 7, 8] -> [1, 0, 5, 1, 7, 8, 0] -> [1, 0, 5, 1, 7, 8, 0, 5]
TasksBFS: 151.23 ms, [] -> [1] -> [1, 5] -> [1, 5, 2] -> [1, 5, 2, 1] -> [1, 5, 2, 1, 4] -> [1, 5, 2, 1, 4, 5] -> [1, 5, 2, 1, 4, 5, 4] -> [1, 5, 2, 1, 4, 5, 4, 4]

problem_11.yaml
TasksBFS: 86.96 ms, [] -> [0] -> [0, 7] -> [0, 7, 6] -> [0, 7, 6, 7] -> [0, 7, 6, 7, 1] -> [0, 7, 6, 7, 1, 4] -> [0, 7, 6, 7, 1, 4, 2] -> [0, 7, 6, 7, 1, 4, 2, 3]
MultithreadBFS: 62.73 ms, [] -> [4] -> [4, 5] -> [4, 5, 1] -> [4, 5, 1, 7] -> [4, 5, 1, 7, 0] -> [4, 5, 1, 7, 0, 6] -> [4, 5, 1, 7, 0, 6, 0] -> [4, 5, 1, 7, 0, 6, 0, 4]
AsyncStartBFS: 51.04 ms, [] -> [0] -> [0, 7] -> [0, 7, 6] -> [0, 7, 6, 7] -> [0, 7, 6, 7, 1] -> [0, 7, 6, 7, 1, 4] -> [0, 7, 6, 7, 1, 4, 2] -> [0, 7, 6, 7, 1, 4, 2, 3]
SyncBFS: 585.73 ms, [] -> [0] -> [0, 7] -> [0, 7, 6] -> [0, 7, 6, 7] -> [0, 7, 6, 7, 1] -> [0, 7, 6, 7, 1, 4] -> [0, 7, 6, 7, 1, 4, 2] -> [0, 7, 6, 7, 1, 4, 2, 3]

problem_01.yaml
AsyncStartBFS: 23.04 ms, [] -> [0] -> [0, 0] -> [0, 0, 5] -> [0, 0, 5, 3] -> [0, 0, 5, 3, 4] -> [0, 0, 5, 3, 4, 0] -> [0, 0, 5, 3, 4, 0, 0] -> [0, 0, 5, 3, 4, 0, 0, 0]
SyncBFS: 789.32 ms, [] -> [0] -> [0, 0] -> [0, 0, 5] -> [0, 0, 5, 3] -> [0, 0, 5, 3, 4] -> [0, 0, 5, 3, 4, 0] -> [0, 0, 5, 3, 4, 0, 0] -> [0, 0, 5, 3, 4, 0, 0, 0]
TasksBFS: 141.07 ms, [] -> [0] -> [0, 0] -> [0, 0, 5] -> [0, 0, 5, 3] -> [0, 0, 5, 3, 4] -> [0, 0, 5, 3, 4, 0] -> [0, 0, 5, 3, 4, 0, 0] -> [0, 0, 5, 3, 4, 0, 0, 0]
MultithreadBFS: 59.24 ms, [] -> [2] -> [2, 1] -> [2, 1, 0] -> [2, 1, 0, 3] -> [2, 1, 0, 3, 4] -> [2, 1, 0, 3, 4, 4] -> [2, 1, 0, 3, 4, 4, 8] -> [2, 1, 0, 3, 4, 4, 8, 6]

problem_08.yaml
SyncBFS: 661.13 ms, [] -> [2] -> [2, 5] -> [2, 5, 8] -> [2, 5, 8, 2] -> [2, 5, 8, 2, 5] -> [2, 5, 8, 2, 5, 0] -> [2, 5, 8, 2, 5, 0, 4] -> [2, 5, 8, 2, 5, 0, 4, 6]
MultithreadBFS: 55.44 ms, [] -> [4] -> [4, 7] -> [4, 7, 4] -> [4, 7, 4, 2] -> [4, 7, 4, 2, 1] -> [4, 7, 4, 2, 1, 0] -> [4, 7, 4, 2, 1, 0, 2] -> [4, 7, 4, 2, 1, 0, 2, 1]
AsyncStartBFS: 64.34 ms, [] -> [4] -> [4, 7] -> [4, 7, 4] -> [4, 7, 4, 2] -> [4, 7, 4, 2, 1] -> [4, 7, 4, 2, 1, 0] -> [4, 7, 4, 2, 1, 0, 2] -> [4, 7, 4, 2, 1, 0, 2, 1]
TasksBFS: 84.5 ms, [] -> [4] -> [4, 7] -> [4, 7, 4] -> [4, 7, 4, 2] -> [4, 7, 4, 2, 1] -> [4, 7, 4, 2, 1, 0] -> [4, 7, 4, 2, 1, 0, 2] -> [4, 7, 4, 2, 1, 0, 2, 1]

problem_06.yaml
AsyncStartBFS: 56.1 ms, [] -> [7] -> [7, 4] -> [7, 4, 0] -> [7, 4, 0, 6] -> [7, 4, 0, 6, 4] -> [7, 4, 0, 6, 4, 8] -> [7, 4, 0, 6, 4, 8, 2] -> [7, 4, 0, 6, 4, 8, 2, 8]
TasksBFS: 79.44 ms, [] -> [7] -> [7, 4] -> [7, 4, 0] -> [7, 4, 0, 6] -> [7, 4, 0, 6, 4] -> [7, 4, 0, 6, 4, 8] -> [7, 4, 0, 6, 4, 8, 2] -> [7, 4, 0, 6, 4, 8, 2, 8]
MultithreadBFS: 58.43 ms, [] -> [7] -> [7, 4] -> [7, 4, 0] -> [7, 4, 0, 6] -> [7, 4, 0, 6, 4] -> [7, 4, 0, 6, 4, 8] -> [7, 4, 0, 6, 4, 8, 2] -> [7, 4, 0, 6, 4, 8, 2, 8]
SyncBFS: 493.47 ms, [] -> [5] -> [5, 5] -> [5, 5, 7] -> [5, 5, 7, 5] -> [5, 5, 7, 5, 5] -> [5, 5, 7, 5, 5, 7] -> [5, 5, 7, 5, 5, 7, 7] -> [5, 5, 7, 5, 5, 7, 7, 6]

problem_19.yaml
SyncBFS: 398.29 ms, [] -> [2] -> [2, 8] -> [2, 8, 4] -> [2, 8, 4, 7] -> [2, 8, 4, 7, 7] -> [2, 8, 4, 7, 7, 4] -> [2, 8, 4, 7, 7, 4, 1] -> [2, 8, 4, 7, 7, 4, 1, 2]
AsyncStartBFS: 27.1 ms, [] -> [2] -> [2, 8] -> [2, 8, 4] -> [2, 8, 4, 7] -> [2, 8, 4, 7, 7] -> [2, 8, 4, 7, 7, 4] -> [2, 8, 4, 7, 7, 4, 1] -> [2, 8, 4, 7, 7, 4, 1, 2]
TasksBFS: 58.7 ms, [] -> [2] -> [2, 8] -> [2, 8, 4] -> [2, 8, 4, 7] -> [2, 8, 4, 7, 7] -> [2, 8, 4, 7, 7, 4] -> [2, 8, 4, 7, 7, 4, 1] -> [2, 8, 4, 7, 7, 4, 1, 2]
MultithreadBFS: 53.41 ms, [] -> [6] -> [6, 5] -> [6, 5, 0] -> [6, 5, 0, 4] -> [6, 5, 0, 4, 4] -> [6, 5, 0, 4, 4, 1] -> [6, 5, 0, 4, 4, 1, 1] -> [6, 5, 0, 4, 4, 1, 1, 5]

problem_40.yaml
MultithreadBFS: 59.28 ms, [] -> [7] -> [7, 6] -> [7, 6, 3] -> [7, 6, 3, 1] -> [7, 6, 3, 1, 5] -> [7, 6, 3, 1, 5, 7] -> [7, 6, 3, 1, 5, 7, 0] -> [7, 6, 3, 1, 5, 7, 0, 1]
AsyncStartBFS: 36.73 ms, [] -> [0] -> [0, 5] -> [0, 5, 1] -> [0, 5, 1, 1] -> [0, 5, 1, 1, 6] -> [0, 5, 1, 1, 6, 0] -> [0, 5, 1, 1, 6, 0, 6] -> [0, 5, 1, 1, 6, 0, 6, 0]
TasksBFS: 42.25 ms, [] -> [0] -> [0, 5] -> [0, 5, 1] -> [0, 5, 1, 1] -> [0, 5, 1, 1, 6] -> [0, 5, 1, 1, 6, 0] -> [0, 5, 1, 1, 6, 0, 6] -> [0, 5, 1, 1, 6, 0, 6, 0]
SyncBFS: 349.26 ms, [] -> [0] -> [0, 5] -> [0, 5, 1] -> [0, 5, 1, 1] -> [0, 5, 1, 1, 6] -> [0, 5, 1, 1, 6, 0] -> [0, 5, 1, 1, 6, 0, 6] -> [0, 5, 1, 1, 6, 0, 6, 0]

problem_04.yaml
SyncBFS: 185.09 ms, [] -> [4] -> [4, 0] -> [4, 0, 2] -> [4, 0, 2, 6] -> [4, 0, 2, 6, 7] -> [4, 0, 2, 6, 7, 1] -> [4, 0, 2, 6, 7, 1, 4] -> [4, 0, 2, 6, 7, 1, 4, 7]
MultithreadBFS: 11.08 ms, [] -> [4] -> [4, 3] -> [4, 3, 2] -> [4, 3, 2, 2] -> [4, 3, 2, 2, 0] -> [4, 3, 2, 2, 0, 2] -> [4, 3, 2, 2, 0, 2, 3] -> [4, 3, 2, 2, 0, 2, 3, 2]
TasksBFS: 29.87 ms, [] -> [4] -> [4, 0] -> [4, 0, 2] -> [4, 0, 2, 6] -> [4, 0, 2, 6, 7] -> [4, 0, 2, 6, 7, 1] -> [4, 0, 2, 6, 7, 1, 4] -> [4, 0, 2, 6, 7, 1, 4, 7]
AsyncStartBFS: 25.81 ms, [] -> [4] -> [4, 3] -> [4, 3, 2] -> [4, 3, 2, 2] -> [4, 3, 2, 2, 0] -> [4, 3, 2, 2, 0, 2] -> [4, 3, 2, 2, 0, 2, 3] -> [4, 3, 2, 2, 0, 2, 3, 2]

problem_33.yaml
AsyncStartBFS: 61.08 ms, [] -> [8] -> [8, 7] -> [8, 7, 2] -> [8, 7, 2, 8] -> [8, 7, 2, 8, 1] -> [8, 7, 2, 8, 1, 8] -> [8, 7, 2, 8, 1, 8, 7] -> [8, 7, 2, 8, 1, 8, 7, 5]
TasksBFS: 80.93 ms, [] -> [5] -> [5, 5] -> [5, 5, 5] -> [5, 5, 5, 2] -> [5, 5, 5, 2, 5] -> [5, 5, 5, 2, 5, 7] -> [5, 5, 5, 2, 5, 7, 7] -> [5, 5, 5, 2, 5, 7, 7, 5]
SyncBFS: 543.08 ms, [] -> [5] -> [5, 5] -> [5, 5, 5] -> [5, 5, 5, 2] -> [5, 5, 5, 2, 5] -> [5, 5, 5, 2, 5, 7] -> [5, 5, 5, 2, 5, 7, 7] -> [5, 5, 5, 2, 5, 7, 7, 5]
MultithreadBFS: 57.26 ms, [] -> [5] -> [5, 5] -> [5, 5, 5] -> [5, 5, 5, 2] -> [5, 5, 5, 2, 5] -> [5, 5, 5, 2, 5, 7] -> [5, 5, 5, 2, 5, 7, 7] -> [5, 5, 5, 2, 5, 7, 7, 5]

problem_21.yaml
TasksBFS: 123.42 ms, [] -> [0] -> [0, 6] -> [0, 6, 5] -> [0, 6, 5, 6] -> [0, 6, 5, 6, 3] -> [0, 6, 5, 6, 3, 6] -> [0, 6, 5, 6, 3, 6, 2] -> [0, 6, 5, 6, 3, 6, 2, 6]
SyncBFS: 564.1 ms, [] -> [0] -> [0, 6] -> [0, 6, 5] -> [0, 6, 5, 6] -> [0, 6, 5, 6, 3] -> [0, 6, 5, 6, 3, 6] -> [0, 6, 5, 6, 3, 6, 2] -> [0, 6, 5, 6, 3, 6, 2, 6]
AsyncStartBFS: 59.83 ms, [] -> [0] -> [0, 6] -> [0, 6, 5] -> [0, 6, 5, 6] -> [0, 6, 5, 6, 3] -> [0, 6, 5, 6, 3, 6] -> [0, 6, 5, 6, 3, 6, 2] -> [0, 6, 5, 6, 3, 6, 2, 6]
MultithreadBFS: 51.6 ms, [] -> [7] -> [7, 0] -> [7, 0, 7] -> [7, 0, 7, 3] -> [7, 0, 7, 3, 7] -> [7, 0, 7, 3, 7, 5] -> [7, 0, 7, 3, 7, 5, 3] -> [7, 0, 7, 3, 7, 5, 3, 5]

problem_24.yaml
SyncBFS: 458.71 ms, [] -> [2] -> [2, 3] -> [2, 3, 8] -> [2, 3, 8, 7] -> [2, 3, 8, 7, 3] -> [2, 3, 8, 7, 3, 7] -> [2, 3, 8, 7, 3, 7, 2] -> [2, 3, 8, 7, 3, 7, 2, 5]
MultithreadBFS: 77.37 ms, [] -> [2] -> [2, 8] -> [2, 8, 8] -> [2, 8, 8, 6] -> [2, 8, 8, 6, 2] -> [2, 8, 8, 6, 2, 7] -> [2, 8, 8, 6, 2, 7, 5] -> [2, 8, 8, 6, 2, 7, 5, 4]
TasksBFS: 87.96 ms, [] -> [2] -> [2, 3] -> [2, 3, 8] -> [2, 3, 8, 7] -> [2, 3, 8, 7, 3] -> [2, 3, 8, 7, 3, 7] -> [2, 3, 8, 7, 3, 7, 2] -> [2, 3, 8, 7, 3, 7, 2, 5]
AsyncStartBFS: 52.32 ms, [] -> [2] -> [2, 3] -> [2, 3, 8] -> [2, 3, 8, 7] -> [2, 3, 8, 7, 3] -> [2, 3, 8, 7, 3, 7] -> [2, 3, 8, 7, 3, 7, 2] -> [2, 3, 8, 7, 3, 7, 2, 5]

problem_03.yaml
MultithreadBFS: 41.59 ms, [] -> [0] -> [0, 3] -> [0, 3, 6] -> [0, 3, 6, 8] -> [0, 3, 6, 8, 4] -> [0, 3, 6, 8, 4, 2] -> [0, 3, 6, 8, 4, 2, 3] -> [0, 3, 6, 8, 4, 2, 3, 8]
SyncBFS: 277.17 ms, [] -> [0] -> [0, 3] -> [0, 3, 6] -> [0, 3, 6, 8] -> [0, 3, 6, 8, 4] -> [0, 3, 6, 8, 4, 2] -> [0, 3, 6, 8, 4, 2, 3] -> [0, 3, 6, 8, 4, 2, 3, 8]
TasksBFS: 55.18 ms, [] -> [0] -> [0, 3] -> [0, 3, 6] -> [0, 3, 6, 8] -> [0, 3, 6, 8, 4] -> [0, 3, 6, 8, 4, 2] -> [0, 3, 6, 8, 4, 2, 3] -> [0, 3, 6, 8, 4, 2, 3, 8]
AsyncStartBFS: 23.35 ms, [] -> [0] -> [0, 3] -> [0, 3, 6] -> [0, 3, 6, 8] -> [0, 3, 6, 8, 4] -> [0, 3, 6, 8, 4, 2] -> [0, 3, 6, 8, 4, 2, 3] -> [0, 3, 6, 8, 4, 2, 3, 8]

problem_07.yaml
TasksBFS: 154.4 ms, [] -> [4] -> [4, 5] -> [4, 5, 1] -> [4, 5, 1, 3] -> [4, 5, 1, 3, 5] -> [4, 5, 1, 3, 5, 8] -> [4, 5, 1, 3, 5, 8, 1] -> [4, 5, 1, 3, 5, 8, 1, 0]
AsyncStartBFS: 31.73 ms, [] -> [4] -> [4, 0] -> [4, 0, 0] -> [4, 0, 0, 2] -> [4, 0, 0, 2, 0] -> [4, 0, 0, 2, 0, 8] -> [4, 0, 0, 2, 0, 8, 5] -> [4, 0, 0, 2, 0, 8, 5, 5]
SyncBFS: 726.76 ms, [] -> [1] -> [1, 4] -> [1, 4, 7] -> [1, 4, 7, 7] -> [1, 4, 7, 7, 2] -> [1, 4, 7, 7, 2, 5] -> [1, 4, 7, 7, 2, 5, 6] -> [1, 4, 7, 7, 2, 5, 6, 5]
MultithreadBFS: 62.24 ms, [] -> [2] -> [2, 8] -> [2, 8, 1] -> [2, 8, 1, 4] -> [2, 8, 1, 4, 1] -> [2, 8, 1, 4, 1, 4] -> [2, 8, 1, 4, 1, 4, 4] -> [2, 8, 1, 4, 1, 4, 4, 1]

problem_42.yaml
SyncBFS: 423.43 ms, [] -> [1] -> [1, 5] -> [1, 5, 8] -> [1, 5, 8, 1] -> [1, 5, 8, 1, 8] -> [1, 5, 8, 1, 8, 1] -> [1, 5, 8, 1, 8, 1, 4] -> [1, 5, 8, 1, 8, 1, 4, 4]
TasksBFS: 63.52 ms, [] -> [1] -> [1, 5] -> [1, 5, 8] -> [1, 5, 8, 1] -> [1, 5, 8, 1, 8] -> [1, 5, 8, 1, 8, 1] -> [1, 5, 8, 1, 8, 1, 4] -> [1, 5, 8, 1, 8, 1, 4, 4]
MultithreadBFS: 49.21 ms, [] -> [4] -> [4, 2] -> [4, 2, 4] -> [4, 2, 4, 8] -> [4, 2, 4, 8, 5] -> [4, 2, 4, 8, 5, 3] -> [4, 2, 4, 8, 5, 3, 2] -> [4, 2, 4, 8, 5, 3, 2, 4]
AsyncStartBFS: 32.61 ms, [] -> [4] -> [4, 2] -> [4, 2, 4] -> [4, 2, 4, 8] -> [4, 2, 4, 8, 5] -> [4, 2, 4, 8, 5, 3] -> [4, 2, 4, 8, 5, 3, 2] -> [4, 2, 4, 8, 5, 3, 2, 4]

problem_02.yaml
TasksBFS: 87.72 ms, [] -> [0] -> [0, 0] -> [0, 0, 5] -> [0, 0, 5, 8] -> [0, 0, 5, 8, 1] -> [0, 0, 5, 8, 1, 3] -> [0, 0, 5, 8, 1, 3, 8] -> [0, 0, 5, 8, 1, 3, 8, 8]
AsyncStartBFS: 39.6 ms, [] -> [0] -> [0, 0] -> [0, 0, 5] -> [0, 0, 5, 8] -> [0, 0, 5, 8, 1] -> [0, 0, 5, 8, 1, 3] -> [0, 0, 5, 8, 1, 3, 8] -> [0, 0, 5, 8, 1, 3, 8, 8]
SyncBFS: 445.79 ms, [] -> [0] -> [0, 0] -> [0, 0, 5] -> [0, 0, 5, 8] -> [0, 0, 5, 8, 1] -> [0, 0, 5, 8, 1, 3] -> [0, 0, 5, 8, 1, 3, 8] -> [0, 0, 5, 8, 1, 3, 8, 8]
MultithreadBFS: 52.72 ms, [] -> [2] -> [2, 5] -> [2, 5, 3] -> [2, 5, 3, 5] -> [2, 5, 3, 5, 1] -> [2, 5, 3, 5, 1, 2] -> [2, 5, 3, 5, 1, 2, 2] -> [2, 5, 3, 5, 1, 2, 2, 1]

problem_29.yaml
MultithreadBFS: 50.17 ms, [] -> [5] -> [5, 2] -> [5, 2, 8] -> [5, 2, 8, 7] -> [5, 2, 8, 7, 3] -> [5, 2, 8, 7, 3, 8] -> [5, 2, 8, 7, 3, 8, 3] -> [5, 2, 8, 7, 3, 8, 3, 2]
TasksBFS: 54.62 ms, [] -> [1] -> [1, 3] -> [1, 3, 4] -> [1, 3, 4, 5] -> [1, 3, 4, 5, 6] -> [1, 3, 4, 5, 6, 8] -> [1, 3, 4, 5, 6, 8, 5] -> [1, 3, 4, 5, 6, 8, 5, 6]
AsyncStartBFS: 43.71 ms, [] -> [1] -> [1, 3] -> [1, 3, 4] -> [1, 3, 4, 5] -> [1, 3, 4, 5, 6] -> [1, 3, 4, 5, 6, 8] -> [1, 3, 4, 5, 6, 8, 5] -> [1, 3, 4, 5, 6, 8, 5, 6]
SyncBFS: 363.42 ms, [] -> [1] -> [1, 3] -> [1, 3, 4] -> [1, 3, 4, 5] -> [1, 3, 4, 5, 6] -> [1, 3, 4, 5, 6, 8] -> [1, 3, 4, 5, 6, 8, 5] -> [1, 3, 4, 5, 6, 8, 5, 6]

problem_00.yaml
SyncBFS: 223.05 ms, [] -> [5] -> [5, 2] -> [5, 2, 8] -> [5, 2, 8, 3] -> [5, 2, 8, 3, 8] -> [5, 2, 8, 3, 8, 5] -> [5, 2, 8, 3, 8, 5, 3] -> [5, 2, 8, 3, 8, 5, 3, 3]
TasksBFS: 51.58 ms, [] -> [5] -> [5, 2] -> [5, 2, 8] -> [5, 2, 8, 3] -> [5, 2, 8, 3, 8] -> [5, 2, 8, 3, 8, 5] -> [5, 2, 8, 3, 8, 5, 3] -> [5, 2, 8, 3, 8, 5, 3, 3]
MultithreadBFS: 136.6 ms, [] -> [5] -> [5, 2] -> [5, 2, 8] -> [5, 2, 8, 3] -> [5, 2, 8, 3, 8] -> [5, 2, 8, 3, 8, 5] -> [5, 2, 8, 3, 8, 5, 3] -> [5, 2, 8, 3, 8, 5, 3, 3]
AsyncStartBFS: 13.5 ms, [] -> [5] -> [5, 2] -> [5, 2, 8] -> [5, 2, 8, 3] -> [5, 2, 8, 3, 8] -> [5, 2, 8, 3, 8, 5] -> [5, 2, 8, 3, 8, 5, 3] -> [5, 2, 8, 3, 8, 5, 3, 3]

problem_13.yaml
TasksBFS: 138.69 ms, [] -> [1] -> [1, 0] -> [1, 0, 0] -> [1, 0, 0, 5] -> [1, 0, 0, 5, 7] -> [1, 0, 0, 5, 7, 2] -> [1, 0, 0, 5, 7, 2, 2] -> [1, 0, 0, 5, 7, 2, 2, 0]
MultithreadBFS: 40.51 ms, [] -> [1] -> [1, 0] -> [1, 0, 0] -> [1, 0, 0, 5] -> [1, 0, 0, 5, 7] -> [1, 0, 0, 5, 7, 2] -> [1, 0, 0, 5, 7, 2, 2] -> [1, 0, 0, 5, 7, 2, 2, 0]
AsyncStartBFS: 29.11 ms, [] -> [1] -> [1, 0] -> [1, 0, 0] -> [1, 0, 0, 5] -> [1, 0, 0, 5, 7] -> [1, 0, 0, 5, 7, 2] -> [1, 0, 0, 5, 7, 2, 2] -> [1, 0, 0, 5, 7, 2, 2, 0]
SyncBFS: 654.64 ms, [] -> [1] -> [1, 0] -> [1, 0, 0] -> [1, 0, 0, 5] -> [1, 0, 0, 5, 7] -> [1, 0, 0, 5, 7, 2] -> [1, 0, 0, 5, 7, 2, 2] -> [1, 0, 0, 5, 7, 2, 2, 0]

problem_16.yaml
AsyncStartBFS: 55.54 ms, [] -> [1] -> [1, 4] -> [1, 4, 1] -> [1, 4, 1, 0] -> [1, 4, 1, 0, 4] -> [1, 4, 1, 0, 4, 5] -> [1, 4, 1, 0, 4, 5, 7] -> [1, 4, 1, 0, 4, 5, 7, 5]
MultithreadBFS: 54.15 ms, [] -> [1] -> [1, 4] -> [1, 4, 1] -> [1, 4, 1, 0] -> [1, 4, 1, 0, 4] -> [1, 4, 1, 0, 4, 5] -> [1, 4, 1, 0, 4, 5, 7] -> [1, 4, 1, 0, 4, 5, 7, 5]
TasksBFS: 114.25 ms, [] -> [1] -> [1, 4] -> [1, 4, 1] -> [1, 4, 1, 0] -> [1, 4, 1, 0, 4] -> [1, 4, 1, 0, 4, 5] -> [1, 4, 1, 0, 4, 5, 7] -> [1, 4, 1, 0, 4, 5, 7, 5]
SyncBFS: 598.58 ms, [] -> [1] -> [1, 4] -> [1, 4, 1] -> [1, 4, 1, 0] -> [1, 4, 1, 0, 4] -> [1, 4, 1, 0, 4, 5] -> [1, 4, 1, 0, 4, 5, 7] -> [1, 4, 1, 0, 4, 5, 7, 5]

problem_20.yaml
SyncBFS: 654.03 ms, [] -> [1] -> [1, 5] -> [1, 5, 0] -> [1, 5, 0, 3] -> [1, 5, 0, 3, 8] -> [1, 5, 0, 3, 8, 6] -> [1, 5, 0, 3, 8, 6, 2] -> [1, 5, 0, 3, 8, 6, 2, 4]
TasksBFS: 81.67 ms, [] -> [1] -> [1, 5] -> [1, 5, 0] -> [1, 5, 0, 3] -> [1, 5, 0, 3, 8] -> [1, 5, 0, 3, 8, 6] -> [1, 5, 0, 3, 8, 6, 2] -> [1, 5, 0, 3, 8, 6, 2, 4]
AsyncStartBFS: 83.07 ms, [] -> [1] -> [1, 5] -> [1, 5, 0] -> [1, 5, 0, 3] -> [1, 5, 0, 3, 8] -> [1, 5, 0, 3, 8, 6] -> [1, 5, 0, 3, 8, 6, 2] -> [1, 5, 0, 3, 8, 6, 2, 4]
MultithreadBFS: 59.8 ms, [] -> [1] -> [1, 5] -> [1, 5, 0] -> [1, 5, 0, 3] -> [1, 5, 0, 3, 8] -> [1, 5, 0, 3, 8, 6] -> [1, 5, 0, 3, 8, 6, 2] -> [1, 5, 0, 3, 8, 6, 2, 4]

problem_18.yaml
TasksBFS: 87.94 ms, [] -> [0] -> [0, 3] -> [0, 3, 3] -> [0, 3, 3, 6] -> [0, 3, 3, 6, 8] -> [0, 3, 3, 6, 8, 3] -> [0, 3, 3, 6, 8, 3, 2] -> [0, 3, 3, 6, 8, 3, 2, 1]
AsyncStartBFS: 59.63 ms, [] -> [0] -> [0, 3] -> [0, 3, 3] -> [0, 3, 3, 6] -> [0, 3, 3, 6, 8] -> [0, 3, 3, 6, 8, 3] -> [0, 3, 3, 6, 8, 3, 2] -> [0, 3, 3, 6, 8, 3, 2, 1]
MultithreadBFS: 37.31 ms, [] -> [2] -> [2, 1] -> [2, 1, 1] -> [2, 1, 1, 0] -> [2, 1, 1, 0, 3] -> [2, 1, 1, 0, 3, 7] -> [2, 1, 1, 0, 3, 7, 1] -> [2, 1, 1, 0, 3, 7, 1, 5]
SyncBFS: 488.27 ms, [] -> [0] -> [0, 2] -> [0, 2, 0] -> [0, 2, 0, 1] -> [0, 2, 0, 1, 8] -> [0, 2, 0, 1, 8, 7] -> [0, 2, 0, 1, 8, 7, 7] -> [0, 2, 0, 1, 8, 7, 7, 5]

problem_05.yaml
SyncBFS: 462.59 ms, [] -> [1] -> [1, 5] -> [1, 5, 3] -> [1, 5, 3, 4] -> [1, 5, 3, 4, 8] -> [1, 5, 3, 4, 8, 1] -> [1, 5, 3, 4, 8, 1, 5] -> [1, 5, 3, 4, 8, 1, 5, 7]
AsyncStartBFS: 23.27 ms, [] -> [1] -> [1, 5] -> [1, 5, 3] -> [1, 5, 3, 4] -> [1, 5, 3, 4, 8] -> [1, 5, 3, 4, 8, 1] -> [1, 5, 3, 4, 8, 1, 5] -> [1, 5, 3, 4, 8, 1, 5, 7]
MultithreadBFS: 57.74 ms, [] -> [8] -> [8, 1] -> [8, 1, 7] -> [8, 1, 7, 8] -> [8, 1, 7, 8, 2] -> [8, 1, 7, 8, 2, 1] -> [8, 1, 7, 8, 2, 1, 6] -> [8, 1, 7, 8, 2, 1, 6, 4]
TasksBFS: 84.81 ms, [] -> [1] -> [1, 5] -> [1, 5, 3] -> [1, 5, 3, 4] -> [1, 5, 3, 4, 8] -> [1, 5, 3, 4, 8, 1] -> [1, 5, 3, 4, 8, 1, 5] -> [1, 5, 3, 4, 8, 1, 5, 7]

problem_15.yaml
SyncBFS: 619.25 ms, [] -> [1] -> [1, 3] -> [1, 3, 3] -> [1, 3, 3, 2] -> [1, 3, 3, 2, 6] -> [1, 3, 3, 2, 6, 7] -> [1, 3, 3, 2, 6, 7, 8] -> [1, 3, 3, 2, 6, 7, 8, 2]
TasksBFS: 125.63 ms, [] -> [1] -> [1, 5] -> [1, 5, 7] -> [1, 5, 7, 6] -> [1, 5, 7, 6, 4] -> [1, 5, 7, 6, 4, 0] -> [1, 5, 7, 6, 4, 0, 6] -> [1, 5, 7, 6, 4, 0, 6, 7]
MultithreadBFS: 66.95 ms, [] -> [1] -> [1, 3] -> [1, 3, 3] -> [1, 3, 3, 2] -> [1, 3, 3, 2, 6] -> [1, 3, 3, 2, 6, 7] -> [1, 3, 3, 2, 6, 7, 8] -> [1, 3, 3, 2, 6, 7, 8, 2]
AsyncStartBFS: 77.65 ms, [] -> [1] -> [1, 3] -> [1, 3, 3] -> [1, 3, 3, 2] -> [1, 3, 3, 2, 6] -> [1, 3, 3, 2, 6, 7] -> [1, 3, 3, 2, 6, 7, 8] -> [1, 3, 3, 2, 6, 7, 8, 2]

problem_17.yaml
MultithreadBFS: 53.31 ms, [] -> [2] -> [2, 3] -> [2, 3, 8] -> [2, 3, 8, 2] -> [2, 3, 8, 2, 7] -> [2, 3, 8, 2, 7, 6] -> [2, 3, 8, 2, 7, 6, 7] -> [2, 3, 8, 2, 7, 6, 7, 2]
TasksBFS: 200.08 ms, [] -> [2] -> [2, 3] -> [2, 3, 8] -> [2, 3, 8, 2] -> [2, 3, 8, 2, 7] -> [2, 3, 8, 2, 7, 6] -> [2, 3, 8, 2, 7, 6, 7] -> [2, 3, 8, 2, 7, 6, 7, 2]
AsyncStartBFS: 70.15 ms, [] -> [1] -> [1, 2] -> [1, 2, 2] -> [1, 2, 2, 4] -> [1, 2, 2, 4, 2] -> [1, 2, 2, 4, 2, 6] -> [1, 2, 2, 4, 2, 6, 6] -> [1, 2, 2, 4, 2, 6, 6, 0]
SyncBFS: 779.73 ms, [] -> [1] -> [1, 2] -> [1, 2, 2] -> [1, 2, 2, 4] -> [1, 2, 2, 4, 2] -> [1, 2, 2, 4, 2, 6] -> [1, 2, 2, 4, 2, 6, 6] -> [1, 2, 2, 4, 2, 6, 6, 0]

problem_37.yaml
SyncBFS: 595.58 ms, [] -> [3] -> [3, 0] -> [3, 0, 7] -> [3, 0, 7, 4] -> [3, 0, 7, 4, 7] -> [3, 0, 7, 4, 7, 8] -> [3, 0, 7, 4, 7, 8, 4] -> [3, 0, 7, 4, 7, 8, 4, 6]
MultithreadBFS: 72.93 ms, [] -> [5] -> [5, 0] -> [5, 0, 6] -> [5, 0, 6, 3] -> [5, 0, 6, 3, 8] -> [5, 0, 6, 3, 8, 5] -> [5, 0, 6, 3, 8, 5, 7] -> [5, 0, 6, 3, 8, 5, 7, 7]
AsyncStartBFS: 27.09 ms, [] -> [3] -> [3, 7] -> [3, 7, 5] -> [3, 7, 5, 2] -> [3, 7, 5, 2, 5] -> [3, 7, 5, 2, 5, 2] -> [3, 7, 5, 2, 5, 2, 3] -> [3, 7, 5, 2, 5, 2, 3, 5]
TasksBFS: 141.72 ms, [] -> [5] -> [5, 0] -> [5, 0, 6] -> [5, 0, 6, 3] -> [5, 0, 6, 3, 8] -> [5, 0, 6, 3, 8, 5] -> [5, 0, 6, 3, 8, 5, 7] -> [5, 0, 6, 3, 8, 5, 7, 7]

problem_22.yaml
TasksBFS: 78.75 ms, [] -> [7] -> [7, 8] -> [7, 8, 5] -> [7, 8, 5, 1] -> [7, 8, 5, 1, 4] -> [7, 8, 5, 1, 4, 0] -> [7, 8, 5, 1, 4, 0, 1] -> [7, 8, 5, 1, 4, 0, 1, 4]
AsyncStartBFS: 35.29 ms, [] -> [7] -> [7, 8] -> [7, 8, 5] -> [7, 8, 5, 1] -> [7, 8, 5, 1, 4] -> [7, 8, 5, 1, 4, 0] -> [7, 8, 5, 1, 4, 0, 1] -> [7, 8, 5, 1, 4, 0, 1, 4]
MultithreadBFS: 49.33 ms, [] -> [2] -> [2, 8] -> [2, 8, 8] -> [2, 8, 8, 6] -> [2, 8, 8, 6, 0] -> [2, 8, 8, 6, 0, 8] -> [2, 8, 8, 6, 0, 8, 3] -> [2, 8, 8, 6, 0, 8, 3, 4]
SyncBFS: 454.51 ms, [] -> [2] -> [2, 8] -> [2, 8, 8] -> [2, 8, 8, 6] -> [2, 8, 8, 6, 0] -> [2, 8, 8, 6, 0, 8] -> [2, 8, 8, 6, 0, 8, 3] -> [2, 8, 8, 6, 0, 8, 3, 4]

problem_23.yaml
MultithreadBFS: 62.61 ms, [] -> [1] -> [1, 5] -> [1, 5, 1] -> [1, 5, 1, 6] -> [1, 5, 1, 6, 5] -> [1, 5, 1, 6, 5, 7] -> [1, 5, 1, 6, 5, 7, 5] -> [1, 5, 1, 6, 5, 7, 5, 8]
SyncBFS: 741.28 ms, [] -> [1] -> [1, 5] -> [1, 5, 1] -> [1, 5, 1, 6] -> [1, 5, 1, 6, 5] -> [1, 5, 1, 6, 5, 7] -> [1, 5, 1, 6, 5, 7, 5] -> [1, 5, 1, 6, 5, 7, 5, 8]
TasksBFS: 171.36 ms, [] -> [1] -> [1, 5] -> [1, 5, 1] -> [1, 5, 1, 6] -> [1, 5, 1, 6, 5] -> [1, 5, 1, 6, 5, 7] -> [1, 5, 1, 6, 5, 7, 5] -> [1, 5, 1, 6, 5, 7, 5, 8]
AsyncStartBFS: 80.17 ms, [] -> [1] -> [1, 5] -> [1, 5, 1] -> [1, 5, 1, 6] -> [1, 5, 1, 6, 5] -> [1, 5, 1, 6, 5, 7] -> [1, 5, 1, 6, 5, 7, 5] -> [1, 5, 1, 6, 5, 7, 5, 8]

problem_25.yaml
TasksBFS: 75.64 ms, [] -> [0] -> [0, 6] -> [0, 6, 5] -> [0, 6, 5, 2] -> [0, 6, 5, 2, 7] -> [0, 6, 5, 2, 7, 6] -> [0, 6, 5, 2, 7, 6, 1] -> [0, 6, 5, 2, 7, 6, 1, 0]
AsyncStartBFS: 41.01 ms, [] -> [0] -> [0, 6] -> [0, 6, 5] -> [0, 6, 5, 2] -> [0, 6, 5, 2, 7] -> [0, 6, 5, 2, 7, 6] -> [0, 6, 5, 2, 7, 6, 1] -> [0, 6, 5, 2, 7, 6, 1, 0]
MultithreadBFS: 48.35 ms, [] -> [8] -> [8, 2] -> [8, 2, 2] -> [8, 2, 2, 6] -> [8, 2, 2, 6, 5] -> [8, 2, 2, 6, 5, 1] -> [8, 2, 2, 6, 5, 1, 1] -> [8, 2, 2, 6, 5, 1, 1, 8]
SyncBFS: 372.81 ms, [] -> [0] -> [0, 6] -> [0, 6, 5] -> [0, 6, 5, 2] -> [0, 6, 5, 2, 7] -> [0, 6, 5, 2, 7, 6] -> [0, 6, 5, 2, 7, 6, 1] -> [0, 6, 5, 2, 7, 6, 1, 0]

problem_27.yaml
TasksBFS: 72.59 ms, [] -> [0] -> [0, 0] -> [0, 0, 1] -> [0, 0, 1, 7] -> [0, 0, 1, 7, 7] -> [0, 0, 1, 7, 7, 7] -> [0, 0, 1, 7, 7, 7, 7] -> [0, 0, 1, 7, 7, 7, 7, 6]
MultithreadBFS: 61.97 ms, [] -> [3] -> [3, 7] -> [3, 7, 4] -> [3, 7, 4, 0] -> [3, 7, 4, 0, 1] -> [3, 7, 4, 0, 1, 3] -> [3, 7, 4, 0, 1, 3, 2] -> [3, 7, 4, 0, 1, 3, 2, 5]
SyncBFS: 340.02 ms, [] -> [0] -> [0, 0] -> [0, 0, 1] -> [0, 0, 1, 7] -> [0, 0, 1, 7, 7] -> [0, 0, 1, 7, 7, 7] -> [0, 0, 1, 7, 7, 7, 7] -> [0, 0, 1, 7, 7, 7, 7, 6]
AsyncStartBFS: 16.31 ms, [] -> [0] -> [0, 0] -> [0, 0, 1] -> [0, 0, 1, 7] -> [0, 0, 1, 7, 7] -> [0, 0, 1, 7, 7, 7] -> [0, 0, 1, 7, 7, 7, 7] -> [0, 0, 1, 7, 7, 7, 7, 6]

problem_26.yaml
AsyncStartBFS: 48.77 ms, [] -> [3] -> [3, 1] -> [3, 1, 2] -> [3, 1, 2, 8] -> [3, 1, 2, 8, 6] -> [3, 1, 2, 8, 6, 1] -> [3, 1, 2, 8, 6, 1, 8] -> [3, 1, 2, 8, 6, 1, 8, 3]
TasksBFS: 71.67 ms, [] -> [3] -> [3, 1] -> [3, 1, 2] -> [3, 1, 2, 8] -> [3, 1, 2, 8, 6] -> [3, 1, 2, 8, 6, 1] -> [3, 1, 2, 8, 6, 1, 8] -> [3, 1, 2, 8, 6, 1, 8, 3]
MultithreadBFS: 71.64 ms, [] -> [4] -> [4, 0] -> [4, 0, 2] -> [4, 0, 2, 6] -> [4, 0, 2, 6, 0] -> [4, 0, 2, 6, 0, 0] -> [4, 0, 2, 6, 0, 0, 2] -> [4, 0, 2, 6, 0, 0, 2, 3]
SyncBFS: 411.22 ms, [] -> [3] -> [3, 1] -> [3, 1, 2] -> [3, 1, 2, 8] -> [3, 1, 2, 8, 6] -> [3, 1, 2, 8, 6, 1] -> [3, 1, 2, 8, 6, 1, 8] -> [3, 1, 2, 8, 6, 1, 8, 3]

problem_14.yaml
AsyncStartBFS: 11.58 ms, [] -> [2] -> [2, 3] -> [2, 3, 2] -> [2, 3, 2, 0] -> [2, 3, 2, 0, 1] -> [2, 3, 2, 0, 1, 7] -> [2, 3, 2, 0, 1, 7, 0] -> [2, 3, 2, 0, 1, 7, 0, 6]
SyncBFS: 218.29 ms, [] -> [2] -> [2, 3] -> [2, 3, 2] -> [2, 3, 2, 0] -> [2, 3, 2, 0, 1] -> [2, 3, 2, 0, 1, 7] -> [2, 3, 2, 0, 1, 7, 0] -> [2, 3, 2, 0, 1, 7, 0, 6]
TasksBFS: 29.95 ms, [] -> [3] -> [3, 2] -> [3, 2, 7] -> [3, 2, 7, 1] -> [3, 2, 7, 1, 3] -> [3, 2, 7, 1, 3, 4] -> [3, 2, 7, 1, 3, 4, 8] -> [3, 2, 7, 1, 3, 4, 8, 5]
MultithreadBFS: 30.11 ms, [] -> [5] -> [5, 4] -> [5, 4, 0] -> [5, 4, 0, 7] -> [5, 4, 0, 7, 7] -> [5, 4, 0, 7, 7, 8] -> [5, 4, 0, 7, 7, 8, 6] -> [5, 4, 0, 7, 7, 8, 6, 7]

problem_28.yaml
MultithreadBFS: 62.71 ms, [] -> [4] -> [4, 0] -> [4, 0, 2] -> [4, 0, 2, 4] -> [4, 0, 2, 4, 2] -> [4, 0, 2, 4, 2, 7] -> [4, 0, 2, 4, 2, 7, 8] -> [4, 0, 2, 4, 2, 7, 8, 4]
AsyncStartBFS: 34.17 ms, [] -> [2] -> [2, 1] -> [2, 1, 2] -> [2, 1, 2, 2] -> [2, 1, 2, 2, 5] -> [2, 1, 2, 2, 5, 4] -> [2, 1, 2, 2, 5, 4, 3] -> [2, 1, 2, 2, 5, 4, 3, 0]
TasksBFS: 114.41 ms, [] -> [2] -> [2, 1] -> [2, 1, 2] -> [2, 1, 2, 2] -> [2, 1, 2, 2, 5] -> [2, 1, 2, 2, 5, 4] -> [2, 1, 2, 2, 5, 4, 3] -> [2, 1, 2, 2, 5, 4, 3, 0]
SyncBFS: 568.1 ms, [] -> [2] -> [2, 1] -> [2, 1, 2] -> [2, 1, 2, 2] -> [2, 1, 2, 2, 5] -> [2, 1, 2, 2, 5, 4] -> [2, 1, 2, 2, 5, 4, 3] -> [2, 1, 2, 2, 5, 4, 3, 0]


[INFO] Results summary:
AsyncStartBFS
	Average: 42.9678 ms
	Median: 38.57 ms
	Standard Deviation: 18.7279 ms
MultithreadBFS
	Average: 55.6362 ms
	Median: 54.045 ms
	Standard Deviation: 22.5169 ms
TasksBFS
	Average: 98.111 ms
	Median: 85.315 ms
	Standard Deviation: 48.5038 ms
SyncBFS
	Average: 514.673 ms
	Median: 510.21 ms
	Standard Deviation: 187.809 ms
