problem_49.yaml
TasksBFS: 91.68 ms, No solution found!
MultithreadBFS: 393.01 ms, No solution found!
AsyncStartBFS: 63.38 ms, No solution found!
SyncBFS: 649.62 ms, No solution found!

problem_48.yaml
AsyncStartBFS: 63.1 ms, No solution found!
MultithreadBFS: 326.97 ms, No solution found!
SyncBFS: 529.7 ms, No solution found!
TasksBFS: 64.09 ms, No solution found!

problem_45.yaml
SyncBFS: 403.98 ms, No solution found!
TasksBFS: 48.59 ms, No solution found!
AsyncStartBFS: 51.29 ms, No solution found!
MultithreadBFS: 135 ms, No solution found!

problem_43.yaml
MultithreadBFS: 168.79 ms, No solution found!
AsyncStartBFS: 30.14 ms, No solution found!
TasksBFS: 32.01 ms, No solution found!
SyncBFS: 287.98 ms, No solution found!

problem_41.yaml
SyncBFS: 1047.81 ms, No solution found!
AsyncStartBFS: 99.28 ms, No solution found!
TasksBFS: 115.14 ms, No solution found!
MultithreadBFS: 486.56 ms, No solution found!

problem_39.yaml
AsyncStartBFS: 10.89 ms, No solution found!
SyncBFS: 119.8 ms, No solution found!
MultithreadBFS: 67.11 ms, No solution found!
TasksBFS: 16.21 ms, No solution found!

problem_38.yaml
SyncBFS: 926.82 ms, No solution found!
TasksBFS: 116.06 ms, No solution found!
AsyncStartBFS: 115.87 ms, No solution found!
MultithreadBFS: 713.2 ms, No solution found!

problem_36.yaml
SyncBFS: 513.28 ms, No solution found!
MultithreadBFS: 303.01 ms, No solution found!
AsyncStartBFS: 63.54 ms, No solution found!
TasksBFS: 57.22 ms, No solution found!

problem_44.yaml
MultithreadBFS: 227.32 ms, No solution found!
TasksBFS: 71.81 ms, No solution found!
SyncBFS: 580.66 ms, No solution found!
AsyncStartBFS: 71.88 ms, No solution found!

problem_35.yaml
SyncBFS: 935.44 ms, No solution found!
AsyncStartBFS: 100.3 ms, No solution found!
TasksBFS: 116.71 ms, No solution found!
MultithreadBFS: 603.18 ms, No solution found!

problem_46.yaml
MultithreadBFS: 342.36 ms, No solution found!
AsyncStartBFS: 66.43 ms, No solution found!
SyncBFS: 654.05 ms, No solution found!
TasksBFS: 83.14 ms, No solution found!

problem_34.yaml
AsyncStartBFS: 57.24 ms, No solution found!
MultithreadBFS: 315.37 ms, No solution found!
TasksBFS: 64.71 ms, No solution found!
SyncBFS: 493.07 ms, No solution found!

problem_32.yaml
AsyncStartBFS: 47.99 ms, No solution found!
SyncBFS: 477.31 ms, No solution found!
TasksBFS: 52.5 ms, No solution found!
MultithreadBFS: 244.28 ms, No solution found!

problem_31.yaml
SyncBFS: 665.66 ms, No solution found!
TasksBFS: 93.49 ms, No solution found!
MultithreadBFS: 387.53 ms, No solution found!
AsyncStartBFS: 70.05 ms, No solution found!

problem_30.yaml
AsyncStartBFS: 68.13 ms, No solution found!
MultithreadBFS: 217.98 ms, No solution found!
SyncBFS: 608.47 ms, No solution found!
TasksBFS: 68.56 ms, No solution found!

problem_10.yaml
TasksBFS: 69.36 ms, No solution found!
SyncBFS: 491.68 ms, No solution found!
AsyncStartBFS: 73.11 ms, No solution found!
MultithreadBFS: 261.77 ms, No solution found!

problem_09.yaml
MultithreadBFS: 152.05 ms, No solution found!
AsyncStartBFS: 30.85 ms, No solution found!
TasksBFS: 36.78 ms, No solution found!
SyncBFS: 282.66 ms, No solution found!

problem_12.yaml
MultithreadBFS: 319.92 ms, No solution found!
SyncBFS: 594.97 ms, No solution found!
AsyncStartBFS: 64.48 ms, No solution found!
TasksBFS: 78.15 ms, No solution found!

problem_47.yaml
MultithreadBFS: 325.6 ms, No solution found!
SyncBFS: 632.54 ms, No solution found!
TasksBFS: 77.3 ms, No solution found!
AsyncStartBFS: 76.29 ms, No solution found!

problem_11.yaml
MultithreadBFS: 542.35 ms, No solution found!
AsyncStartBFS: 99 ms, No solution found!
SyncBFS: 853.84 ms, No solution found!
TasksBFS: 110.57 ms, No solution found!

problem_01.yaml
MultithreadBFS: 138.95 ms, No solution found!
TasksBFS: 31.07 ms, No solution found!
AsyncStartBFS: 38.37 ms, No solution found!
SyncBFS: 290.93 ms, No solution found!

problem_08.yaml
TasksBFS: 18.42 ms, No solution found!
SyncBFS: 179.39 ms, No solution found!
MultithreadBFS: 86.44 ms, No solution found!
AsyncStartBFS: 22.25 ms, No solution found!

problem_06.yaml
SyncBFS: 1330.06 ms, No solution found!
MultithreadBFS: 818.37 ms, No solution found!
AsyncStartBFS: 158.58 ms, No solution found!
TasksBFS: 183.95 ms, No solution found!

problem_19.yaml
AsyncStartBFS: 60.43 ms, No solution found!
MultithreadBFS: 232.32 ms, No solution found!
TasksBFS: 68.98 ms, No solution found!
SyncBFS: 518.85 ms, No solution found!

problem_40.yaml
TasksBFS: 66.64 ms, No solution found!
SyncBFS: 494.99 ms, No solution found!
AsyncStartBFS: 58.98 ms, No solution found!
MultithreadBFS: 283.95 ms, No solution found!

problem_04.yaml
TasksBFS: 24.61 ms, No solution found!
AsyncStartBFS: 29.09 ms, No solution found!
MultithreadBFS: 121.56 ms, No solution found!
SyncBFS: 223.76 ms, No solution found!

problem_33.yaml
MultithreadBFS: 346.81 ms, No solution found!
SyncBFS: 627.38 ms, No solution found!
TasksBFS: 81.5 ms, No solution found!
AsyncStartBFS: 70.35 ms, No solution found!

problem_21.yaml
MultithreadBFS: 398.96 ms, No solution found!
SyncBFS: 665.18 ms, No solution found!
AsyncStartBFS: 66.65 ms, No solution found!
TasksBFS: 75.12 ms, No solution found!

problem_24.yaml
TasksBFS: 70.89 ms, No solution found!
AsyncStartBFS: 74.54 ms, No solution found!
SyncBFS: 537.84 ms, No solution found!
MultithreadBFS: 278.74 ms, No solution found!

problem_03.yaml
AsyncStartBFS: 86.99 ms, No solution found!
MultithreadBFS: 517.1 ms, No solution found!
TasksBFS: 95.55 ms, No solution found!
SyncBFS: 878.35 ms, No solution found!

problem_07.yaml
SyncBFS: 887.52 ms, No solution found!
AsyncStartBFS: 118.15 ms, No solution found!
MultithreadBFS: 493.56 ms, No solution found!
TasksBFS: 99.14 ms, No solution found!

problem_42.yaml
TasksBFS: 56.51 ms, No solution found!
MultithreadBFS: 273.82 ms, No solution found!
SyncBFS: 462.22 ms, No solution found!
AsyncStartBFS: 56.1 ms, No solution found!

problem_02.yaml
AsyncStartBFS: 90.15 ms, No solution found!
MultithreadBFS: 560.29 ms, No solution found!
SyncBFS: 815.16 ms, No solution found!
TasksBFS: 107.49 ms, No solution found!

problem_29.yaml
SyncBFS: 680.13 ms, No solution found!
TasksBFS: 72.01 ms, No solution found!
AsyncStartBFS: 80.91 ms, No solution found!
MultithreadBFS: 409.95 ms, No solution found!

problem_00.yaml
AsyncStartBFS: 20.85 ms, No solution found!
TasksBFS: 25.61 ms, No solution found!
SyncBFS: 187.4 ms, No solution found!
MultithreadBFS: 90.52 ms, No solution found!

problem_13.yaml
SyncBFS: 495.5 ms, No solution found!
AsyncStartBFS: 62.96 ms, No solution found!
TasksBFS: 59.55 ms, No solution found!
MultithreadBFS: 245.93 ms, No solution found!

problem_16.yaml
TasksBFS: 31.53 ms, No solution found!
AsyncStartBFS: 28.13 ms, No solution found!
MultithreadBFS: 129.9 ms, No solution found!
SyncBFS: 242.03 ms, No solution found!

problem_20.yaml
TasksBFS: 87.88 ms, No solution found!
AsyncStartBFS: 80.1 ms, No solution found!
MultithreadBFS: 419.18 ms, No solution found!
SyncBFS: 682.67 ms, No solution found!

problem_18.yaml
TasksBFS: 90.72 ms, No solution found!
AsyncStartBFS: 80.97 ms, No solution found!
MultithreadBFS: 480.23 ms, No solution found!
SyncBFS: 671.7 ms, No solution found!

problem_05.yaml
MultithreadBFS: 318.43 ms, No solution found!
AsyncStartBFS: 63.77 ms, No solution found!
TasksBFS: 70.96 ms, No solution found!
SyncBFS: 611.15 ms, No solution found!

problem_15.yaml
MultithreadBFS: 200.88 ms, No solution found!
AsyncStartBFS: 27.68 ms, No solution found!
SyncBFS: 289.95 ms, No solution found!
TasksBFS: 32.96 ms, No solution found!

problem_17.yaml
TasksBFS: 121.69 ms, No solution found!
MultithreadBFS: 730.43 ms, No solution found!
AsyncStartBFS: 91.5 ms, No solution found!
SyncBFS: 981.37 ms, No solution found!

problem_37.yaml
MultithreadBFS: 776.23 ms, No solution found!
AsyncStartBFS: 149.78 ms, No solution found!
SyncBFS: 1192.81 ms, No solution found!
TasksBFS: 203.56 ms, No solution found!

problem_22.yaml
AsyncStartBFS: 64.88 ms, No solution found!
TasksBFS: 69 ms, No solution found!
SyncBFS: 584 ms, No solution found!
MultithreadBFS: 335.02 ms, No solution found!

problem_23.yaml
AsyncStartBFS: 86.96 ms, No solution found!
SyncBFS: 871.18 ms, No solution found!
MultithreadBFS: 576.47 ms, No solution found!
TasksBFS: 97.36 ms, No solution found!

problem_25.yaml
TasksBFS: 84.72 ms, No solution found!
AsyncStartBFS: 81.86 ms, No solution found!
SyncBFS: 643.98 ms, No solution found!
MultithreadBFS: 301.27 ms, No solution found!

problem_27.yaml
AsyncStartBFS: 39.94 ms, No solution found!
MultithreadBFS: 190.55 ms, No solution found!
SyncBFS: 374.37 ms, No solution found!
TasksBFS: 49.93 ms, No solution found!

problem_26.yaml
TasksBFS: 17.17 ms, No solution found!
MultithreadBFS: 77.17 ms, No solution found!
AsyncStartBFS: 20.39 ms, No solution found!
SyncBFS: 149.49 ms, No solution found!

problem_14.yaml
AsyncStartBFS: 25.52 ms, No solution found!
SyncBFS: 234.17 ms, No solution found!
MultithreadBFS: 132.26 ms, No solution found!
TasksBFS: 30.87 ms, No solution found!

problem_28.yaml
TasksBFS: 78.52 ms, No solution found!
AsyncStartBFS: 74.69 ms, No solution found!
MultithreadBFS: 379.76 ms, No solution found!
SyncBFS: 623.7 ms, No solution found!


[INFO] Results summary:
MultithreadBFS
	Average: 337.568 ms
	Median: 316.9 ms
	Standard Deviation: 185.248 ms
SyncBFS
	Average: 583.531 ms
	Median: 589.485 ms
	Standard Deviation: 267.709 ms
TasksBFS
	Average: 73.3598 ms
	Median: 70.925 ms
	Standard Deviation: 37.3135 ms
AsyncStartBFS
	Average: 66.6952 ms
	Median: 65.655 ms
	Standard Deviation: 30.7598 ms
