problem_49.yaml
TasksBFS: 3.8 ms, [] -> [2] -> [2, 0] -> [2, 0, 2] -> [2, 0, 2, 0] -> [2, 0, 2, 0, 3] -> [2, 0, 2, 0, 3, 3] -> [2, 0, 2, 0, 3, 3, 3] -> [2, 0, 2, 0, 3, 3, 3, 1] -> [2, 0, 2, 0, 3, 3, 3, 1, 1] -> [2, 0, 2, 0, 3, 3, 3, 1, 1, 3] -> [2, 0, 2, 0, 3, 3, 3, 1, 1, 3, 1] -> [2, 0, 2, 0, 3, 3, 3, 1, 1, 3, 1, 0]
AsyncStartBFS: 6.01 ms, [] -> [2] -> [2, 0] -> [2, 0, 2] -> [2, 0, 2, 0] -> [2, 0, 2, 0, 3] -> [2, 0, 2, 0, 3, 3] -> [2, 0, 2, 0, 3, 3, 3] -> [2, 0, 2, 0, 3, 3, 3, 1] -> [2, 0, 2, 0, 3, 3, 3, 1, 1] -> [2, 0, 2, 0, 3, 3, 3, 1, 1, 3] -> [2, 0, 2, 0, 3, 3, 3, 1, 1, 3, 1] -> [2, 0, 2, 0, 3, 3, 3, 1, 1, 3, 1, 0]
SyncBFS: 21.58 ms, [] -> [2] -> [2, 0] -> [2, 0, 2] -> [2, 0, 2, 0] -> [2, 0, 2, 0, 3] -> [2, 0, 2, 0, 3, 3] -> [2, 0, 2, 0, 3, 3, 3] -> [2, 0, 2, 0, 3, 3, 3, 1] -> [2, 0, 2, 0, 3, 3, 3, 1, 1] -> [2, 0, 2, 0, 3, 3, 3, 1, 1, 3] -> [2, 0, 2, 0, 3, 3, 3, 1, 1, 3, 1] -> [2, 0, 2, 0, 3, 3, 3, 1, 1, 3, 1, 0]
MultithreadBFS: 11.52 ms, [] -> [2] -> [2, 0] -> [2, 0, 2] -> [2, 0, 2, 1] -> [2, 0, 2, 1, 3] -> [2, 0, 2, 1, 3, 2] -> [2, 0, 2, 1, 3, 2, 3] -> [2, 0, 2, 1, 3, 2, 3, 2] -> [2, 0, 2, 1, 3, 2, 3, 2, 0] -> [2, 0, 2, 1, 3, 2, 3, 2, 0, 0] -> [2, 0, 2, 1, 3, 2, 3, 2, 0, 0, 2] -> [2, 0, 2, 1, 3, 2, 3, 2, 0, 0, 2, 0]

problem_48.yaml
AsyncStartBFS: 3.83 ms, [] -> [3] -> [3, 0] -> [3, 0, 3] -> [3, 0, 3, 3] -> [3, 0, 3, 3, 1] -> [3, 0, 3, 3, 1, 0] -> [3, 0, 3, 3, 1, 0, 2] -> [3, 0, 3, 3, 1, 0, 2, 3] -> [3, 0, 3, 3, 1, 0, 2, 3, 0] -> [3, 0, 3, 3, 1, 0, 2, 3, 0, 0] -> [3, 0, 3, 3, 1, 0, 2, 3, 0, 0, 3] -> [3, 0, 3, 3, 1, 0, 2, 3, 0, 0, 3, 0]
MultithreadBFS: 6.05 ms, [] -> [3] -> [3, 0] -> [3, 0, 3] -> [3, 0, 3, 3] -> [3, 0, 3, 3, 1] -> [3, 0, 3, 3, 1, 0] -> [3, 0, 3, 3, 1, 0, 2] -> [3, 0, 3, 3, 1, 0, 2, 3] -> [3, 0, 3, 3, 1, 0, 2, 3, 0] -> [3, 0, 3, 3, 1, 0, 2, 3, 0, 0] -> [3, 0, 3, 3, 1, 0, 2, 3, 0, 0, 3] -> [3, 0, 3, 3, 1, 0, 2, 3, 0, 0, 3, 0]
SyncBFS: 59.67 ms, [] -> [1] -> [1, 2] -> [1, 2, 0] -> [1, 2, 0, 2] -> [1, 2, 0, 2, 1] -> [1, 2, 0, 2, 1, 2] -> [1, 2, 0, 2, 1, 2, 0] -> [1, 2, 0, 2, 1, 2, 0, 2] -> [1, 2, 0, 2, 1, 2, 0, 2, 2] -> [1, 2, 0, 2, 1, 2, 0, 2, 2, 0] -> [1, 2, 0, 2, 1, 2, 0, 2, 2, 0, 0] -> [1, 2, 0, 2, 1, 2, 0, 2, 2, 0, 0, 0]
TasksBFS: 5.67 ms, [] -> [1] -> [1, 3] -> [1, 3, 3] -> [1, 3, 3, 3] -> [1, 3, 3, 3, 2] -> [1, 3, 3, 3, 2, 1] -> [1, 3, 3, 3, 2, 1, 1] -> [1, 3, 3, 3, 2, 1, 1, 0] -> [1, 3, 3, 3, 2, 1, 1, 0, 0] -> [1, 3, 3, 3, 2, 1, 1, 0, 0, 1] -> [1, 3, 3, 3, 2, 1, 1, 0, 0, 1, 1] -> [1, 3, 3, 3, 2, 1, 1, 0, 0, 1, 1, 2]

problem_45.yaml
MultithreadBFS: 3.85 ms, [] -> [1] -> [1, 2] -> [1, 2, 2] -> [1, 2, 2, 0] -> [1, 2, 2, 0, 2] -> [1, 2, 2, 0, 2, 3] -> [1, 2, 2, 0, 2, 3, 1] -> [1, 2, 2, 0, 2, 3, 1, 0] -> [1, 2, 2, 0, 2, 3, 1, 0, 0] -> [1, 2, 2, 0, 2, 3, 1, 0, 0, 2] -> [1, 2, 2, 0, 2, 3, 1, 0, 0, 2, 3] -> [1, 2, 2, 0, 2, 3, 1, 0, 0, 2, 3, 3]
TasksBFS: 11.55 ms, [] -> [0] -> [0, 1] -> [0, 1, 1] -> [0, 1, 1, 2] -> [0, 1, 1, 2, 2] -> [0, 1, 1, 2, 2, 3] -> [0, 1, 1, 2, 2, 3, 3] -> [0, 1, 1, 2, 2, 3, 3, 1] -> [0, 1, 1, 2, 2, 3, 3, 1, 3] -> [0, 1, 1, 2, 2, 3, 3, 1, 3, 3] -> [0, 1, 1, 2, 2, 3, 3, 1, 3, 3, 3] -> [0, 1, 1, 2, 2, 3, 3, 1, 3, 3, 3, 2]
AsyncStartBFS: 3.48 ms, [] -> [1] -> [1, 2] -> [1, 2, 2] -> [1, 2, 2, 0] -> [1, 2, 2, 0, 2] -> [1, 2, 2, 0, 2, 3] -> [1, 2, 2, 0, 2, 3, 1] -> [1, 2, 2, 0, 2, 3, 1, 0] -> [1, 2, 2, 0, 2, 3, 1, 0, 0] -> [1, 2, 2, 0, 2, 3, 1, 0, 0, 2] -> [1, 2, 2, 0, 2, 3, 1, 0, 0, 2, 3] -> [1, 2, 2, 0, 2, 3, 1, 0, 0, 2, 3, 3]
SyncBFS: 70.88 ms, [] -> [0] -> [0, 1] -> [0, 1, 1] -> [0, 1, 1, 2] -> [0, 1, 1, 2, 2] -> [0, 1, 1, 2, 2, 3] -> [0, 1, 1, 2, 2, 3, 3] -> [0, 1, 1, 2, 2, 3, 3, 1] -> [0, 1, 1, 2, 2, 3, 3, 1, 3] -> [0, 1, 1, 2, 2, 3, 3, 1, 3, 3] -> [0, 1, 1, 2, 2, 3, 3, 1, 3, 3, 3] -> [0, 1, 1, 2, 2, 3, 3, 1, 3, 3, 3, 2]

problem_43.yaml
TasksBFS: 9.1 ms, [] -> [2] -> [2, 3] -> [2, 3, 1] -> [2, 3, 1, 1] -> [2, 3, 1, 1, 1] -> [2, 3, 1, 1, 1, 1] -> [2, 3, 1, 1, 1, 1, 3] -> [2, 3, 1, 1, 1, 1, 3, 0] -> [2, 3, 1, 1, 1, 1, 3, 0, 0] -> [2, 3, 1, 1, 1, 1, 3, 0, 0, 3] -> [2, 3, 1, 1, 1, 1, 3, 0, 0, 3, 0] -> [2, 3, 1, 1, 1, 1, 3, 0, 0, 3, 0, 1]
AsyncStartBFS: 3.02 ms, [] -> [3] -> [3, 3] -> [3, 3, 3] -> [3, 3, 3, 2] -> [3, 3, 3, 2, 1] -> [3, 3, 3, 2, 1, 0] -> [3, 3, 3, 2, 1, 0, 1] -> [3, 3, 3, 2, 1, 0, 1, 0] -> [3, 3, 3, 2, 1, 0, 1, 0, 0] -> [3, 3, 3, 2, 1, 0, 1, 0, 0, 1] -> [3, 3, 3, 2, 1, 0, 1, 0, 0, 1, 3] -> [3, 3, 3, 2, 1, 0, 1, 0, 0, 1, 3, 3]
SyncBFS: 62.45 ms, [] -> [2] -> [2, 3] -> [2, 3, 0] -> [2, 3, 0, 3] -> [2, 3, 0, 3, 1] -> [2, 3, 0, 3, 1, 1] -> [2, 3, 0, 3, 1, 1, 3] -> [2, 3, 0, 3, 1, 1, 3, 3] -> [2, 3, 0, 3, 1, 1, 3, 3, 0] -> [2, 3, 0, 3, 1, 1, 3, 3, 0, 1] -> [2, 3, 0, 3, 1, 1, 3, 3, 0, 1, 3] -> [2, 3, 0, 3, 1, 1, 3, 3, 0, 1, 3, 0]
MultithreadBFS: 3.86 ms, [] -> [3] -> [3, 3] -> [3, 3, 1] -> [3, 3, 1, 1] -> [3, 3, 1, 1, 3] -> [3, 3, 1, 1, 3, 3] -> [3, 3, 1, 1, 3, 3, 3] -> [3, 3, 1, 1, 3, 3, 3, 0] -> [3, 3, 1, 1, 3, 3, 3, 0, 2] -> [3, 3, 1, 1, 3, 3, 3, 0, 2, 0] -> [3, 3, 1, 1, 3, 3, 3, 0, 2, 0, 0] -> [3, 3, 1, 1, 3, 3, 3, 0, 2, 0, 0, 2]

problem_41.yaml
MultithreadBFS: 2.34 ms, [] -> [1] -> [1, 1] -> [1, 1, 3] -> [1, 1, 3, 0] -> [1, 1, 3, 0, 1] -> [1, 1, 3, 0, 1, 3] -> [1, 1, 3, 0, 1, 3, 1] -> [1, 1, 3, 0, 1, 3, 1, 1] -> [1, 1, 3, 0, 1, 3, 1, 1, 0] -> [1, 1, 3, 0, 1, 3, 1, 1, 0, 1] -> [1, 1, 3, 0, 1, 3, 1, 1, 0, 1, 0] -> [1, 1, 3, 0, 1, 3, 1, 1, 0, 1, 0, 0]
TasksBFS: 8.38 ms, [] -> [1] -> [1, 1] -> [1, 1, 3] -> [1, 1, 3, 0] -> [1, 1, 3, 0, 1] -> [1, 1, 3, 0, 1, 3] -> [1, 1, 3, 0, 1, 3, 1] -> [1, 1, 3, 0, 1, 3, 1, 1] -> [1, 1, 3, 0, 1, 3, 1, 1, 0] -> [1, 1, 3, 0, 1, 3, 1, 1, 0, 1] -> [1, 1, 3, 0, 1, 3, 1, 1, 0, 1, 0] -> [1, 1, 3, 0, 1, 3, 1, 1, 0, 1, 0, 0]
SyncBFS: 98.35 ms, [] -> [1] -> [1, 0] -> [1, 0, 1] -> [1, 0, 1, 0] -> [1, 0, 1, 0, 3] -> [1, 0, 1, 0, 3, 2] -> [1, 0, 1, 0, 3, 2, 3] -> [1, 0, 1, 0, 3, 2, 3, 3] -> [1, 0, 1, 0, 3, 2, 3, 3, 0] -> [1, 0, 1, 0, 3, 2, 3, 3, 0, 2] -> [1, 0, 1, 0, 3, 2, 3, 3, 0, 2, 0] -> [1, 0, 1, 0, 3, 2, 3, 3, 0, 2, 0, 0]
AsyncStartBFS: 2.34 ms, [] -> [1] -> [1, 1] -> [1, 1, 3] -> [1, 1, 3, 0] -> [1, 1, 3, 0, 1] -> [1, 1, 3, 0, 1, 3] -> [1, 1, 3, 0, 1, 3, 1] -> [1, 1, 3, 0, 1, 3, 1, 1] -> [1, 1, 3, 0, 1, 3, 1, 1, 0] -> [1, 1, 3, 0, 1, 3, 1, 1, 0, 1] -> [1, 1, 3, 0, 1, 3, 1, 1, 0, 1, 0] -> [1, 1, 3, 0, 1, 3, 1, 1, 0, 1, 0, 0]

problem_39.yaml
AsyncStartBFS: 2.7 ms, [] -> [2] -> [2, 0] -> [2, 0, 0] -> [2, 0, 0, 0] -> [2, 0, 0, 0, 3] -> [2, 0, 0, 0, 3, 1] -> [2, 0, 0, 0, 3, 1, 1] -> [2, 0, 0, 0, 3, 1, 1, 3] -> [2, 0, 0, 0, 3, 1, 1, 3, 3] -> [2, 0, 0, 0, 3, 1, 1, 3, 3, 2] -> [2, 0, 0, 0, 3, 1, 1, 3, 3, 2, 3] -> [2, 0, 0, 0, 3, 1, 1, 3, 3, 2, 3, 1]
TasksBFS: 2.73 ms, [] -> [2] -> [2, 1] -> [2, 1, 3] -> [2, 1, 3, 0] -> [2, 1, 3, 0, 2] -> [2, 1, 3, 0, 2, 0] -> [2, 1, 3, 0, 2, 0, 0] -> [2, 1, 3, 0, 2, 0, 0, 0] -> [2, 1, 3, 0, 2, 0, 0, 0, 2] -> [2, 1, 3, 0, 2, 0, 0, 0, 2, 2] -> [2, 1, 3, 0, 2, 0, 0, 0, 2, 2, 0] -> [2, 1, 3, 0, 2, 0, 0, 0, 2, 2, 0, 3]
MultithreadBFS: 4.38 ms, [] -> [2] -> [2, 3] -> [2, 3, 0] -> [2, 3, 0, 2] -> [2, 3, 0, 2, 2] -> [2, 3, 0, 2, 2, 3] -> [2, 3, 0, 2, 2, 3, 2] -> [2, 3, 0, 2, 2, 3, 2, 3] -> [2, 3, 0, 2, 2, 3, 2, 3, 0] -> [2, 3, 0, 2, 2, 3, 2, 3, 0, 1] -> [2, 3, 0, 2, 2, 3, 2, 3, 0, 1, 3] -> [2, 3, 0, 2, 2, 3, 2, 3, 0, 1, 3, 0]
SyncBFS: 15.57 ms, [] -> [2] -> [2, 0] -> [2, 0, 0] -> [2, 0, 0, 0] -> [2, 0, 0, 0, 3] -> [2, 0, 0, 0, 3, 1] -> [2, 0, 0, 0, 3, 1, 1] -> [2, 0, 0, 0, 3, 1, 1, 3] -> [2, 0, 0, 0, 3, 1, 1, 3, 3] -> [2, 0, 0, 0, 3, 1, 1, 3, 3, 2] -> [2, 0, 0, 0, 3, 1, 1, 3, 3, 2, 3] -> [2, 0, 0, 0, 3, 1, 1, 3, 3, 2, 3, 1]

problem_38.yaml
SyncBFS: 25.78 ms, [] -> [0] -> [0, 3] -> [0, 3, 1] -> [0, 3, 1, 2] -> [0, 3, 1, 2, 2] -> [0, 3, 1, 2, 2, 0] -> [0, 3, 1, 2, 2, 0, 3] -> [0, 3, 1, 2, 2, 0, 3, 1] -> [0, 3, 1, 2, 2, 0, 3, 1, 2] -> [0, 3, 1, 2, 2, 0, 3, 1, 2, 1] -> [0, 3, 1, 2, 2, 0, 3, 1, 2, 1, 0] -> [0, 3, 1, 2, 2, 0, 3, 1, 2, 1, 0, 0]
TasksBFS: 4.68 ms, [] -> [0] -> [0, 3] -> [0, 3, 1] -> [0, 3, 1, 2] -> [0, 3, 1, 2, 2] -> [0, 3, 1, 2, 2, 0] -> [0, 3, 1, 2, 2, 0, 3] -> [0, 3, 1, 2, 2, 0, 3, 1] -> [0, 3, 1, 2, 2, 0, 3, 1, 2] -> [0, 3, 1, 2, 2, 0, 3, 1, 2, 1] -> [0, 3, 1, 2, 2, 0, 3, 1, 2, 1, 0] -> [0, 3, 1, 2, 2, 0, 3, 1, 2, 1, 0, 0]
MultithreadBFS: 21.08 ms, [] -> [0] -> [0, 3] -> [0, 3, 1] -> [0, 3, 1, 2] -> [0, 3, 1, 2, 2] -> [0, 3, 1, 2, 2, 0] -> [0, 3, 1, 2, 2, 0, 3] -> [0, 3, 1, 2, 2, 0, 3, 1] -> [0, 3, 1, 2, 2, 0, 3, 1, 2] -> [0, 3, 1, 2, 2, 0, 3, 1, 2, 1] -> [0, 3, 1, 2, 2, 0, 3, 1, 2, 1, 0] -> [0, 3, 1, 2, 2, 0, 3, 1, 2, 1, 0, 0]
AsyncStartBFS: 8.45 ms, [] -> [0] -> [0, 3] -> [0, 3, 1] -> [0, 3, 1, 2] -> [0, 3, 1, 2, 2] -> [0, 3, 1, 2, 2, 0] -> [0, 3, 1, 2, 2, 0, 3] -> [0, 3, 1, 2, 2, 0, 3, 1] -> [0, 3, 1, 2, 2, 0, 3, 1, 2] -> [0, 3, 1, 2, 2, 0, 3, 1, 2, 1] -> [0, 3, 1, 2, 2, 0, 3, 1, 2, 1, 0] -> [0, 3, 1, 2, 2, 0, 3, 1, 2, 1, 0, 0]

problem_36.yaml
TasksBFS: 11.84 ms, [] -> [0] -> [0, 0] -> [0, 0, 3] -> [0, 0, 3, 1] -> [0, 0, 3, 1, 2] -> [0, 0, 3, 1, 2, 1] -> [0, 0, 3, 1, 2, 1, 3] -> [0, 0, 3, 1, 2, 1, 3, 1] -> [0, 0, 3, 1, 2, 1, 3, 1, 1] -> [0, 0, 3, 1, 2, 1, 3, 1, 1, 0] -> [0, 0, 3, 1, 2, 1, 3, 1, 1, 0, 3] -> [0, 0, 3, 1, 2, 1, 3, 1, 1, 0, 3, 3]
AsyncStartBFS: 14.43 ms, [] -> [1] -> [1, 1] -> [1, 1, 2] -> [1, 1, 2, 3] -> [1, 1, 2, 3, 0] -> [1, 1, 2, 3, 0, 1] -> [1, 1, 2, 3, 0, 1, 0] -> [1, 1, 2, 3, 0, 1, 0, 3] -> [1, 1, 2, 3, 0, 1, 0, 3, 2] -> [1, 1, 2, 3, 0, 1, 0, 3, 2, 2] -> [1, 1, 2, 3, 0, 1, 0, 3, 2, 2, 2] -> [1, 1, 2, 3, 0, 1, 0, 3, 2, 2, 2, 2]
SyncBFS: 65.69 ms, [] -> [0] -> [0, 0] -> [0, 0, 3] -> [0, 0, 3, 1] -> [0, 0, 3, 1, 2] -> [0, 0, 3, 1, 2, 1] -> [0, 0, 3, 1, 2, 1, 3] -> [0, 0, 3, 1, 2, 1, 3, 1] -> [0, 0, 3, 1, 2, 1, 3, 1, 1] -> [0, 0, 3, 1, 2, 1, 3, 1, 1, 0] -> [0, 0, 3, 1, 2, 1, 3, 1, 1, 0, 3] -> [0, 0, 3, 1, 2, 1, 3, 1, 1, 0, 3, 3]
MultithreadBFS: 7.34 ms, [] -> [1] -> [1, 1] -> [1, 1, 2] -> [1, 1, 2, 3] -> [1, 1, 2, 3, 0] -> [1, 1, 2, 3, 0, 1] -> [1, 1, 2, 3, 0, 1, 0] -> [1, 1, 2, 3, 0, 1, 0, 3] -> [1, 1, 2, 3, 0, 1, 0, 3, 2] -> [1, 1, 2, 3, 0, 1, 0, 3, 2, 2] -> [1, 1, 2, 3, 0, 1, 0, 3, 2, 2, 2] -> [1, 1, 2, 3, 0, 1, 0, 3, 2, 2, 2, 2]

problem_44.yaml
TasksBFS: 18.98 ms, [] -> [2] -> [2, 0] -> [2, 0, 1] -> [2, 0, 1, 0] -> [2, 0, 1, 0, 2] -> [2, 0, 1, 0, 2, 2] -> [2, 0, 1, 0, 2, 2, 2] -> [2, 0, 1, 0, 2, 2, 2, 3] -> [2, 0, 1, 0, 2, 2, 2, 3, 1] -> [2, 0, 1, 0, 2, 2, 2, 3, 1, 0] -> [2, 0, 1, 0, 2, 2, 2, 3, 1, 0, 0] -> [2, 0, 1, 0, 2, 2, 2, 3, 1, 0, 0, 1]
AsyncStartBFS: 8.61 ms, [] -> [2] -> [2, 0] -> [2, 0, 1] -> [2, 0, 1, 0] -> [2, 0, 1, 0, 2] -> [2, 0, 1, 0, 2, 2] -> [2, 0, 1, 0, 2, 2, 2] -> [2, 0, 1, 0, 2, 2, 2, 3] -> [2, 0, 1, 0, 2, 2, 2, 3, 1] -> [2, 0, 1, 0, 2, 2, 2, 3, 1, 0] -> [2, 0, 1, 0, 2, 2, 2, 3, 1, 0, 0] -> [2, 0, 1, 0, 2, 2, 2, 3, 1, 0, 0, 1]
MultithreadBFS: 19.9 ms, [] -> [2] -> [2, 0] -> [2, 0, 1] -> [2, 0, 1, 0] -> [2, 0, 1, 0, 2] -> [2, 0, 1, 0, 2, 2] -> [2, 0, 1, 0, 2, 2, 2] -> [2, 0, 1, 0, 2, 2, 2, 3] -> [2, 0, 1, 0, 2, 2, 2, 3, 1] -> [2, 0, 1, 0, 2, 2, 2, 3, 1, 0] -> [2, 0, 1, 0, 2, 2, 2, 3, 1, 0, 0] -> [2, 0, 1, 0, 2, 2, 2, 3, 1, 0, 0, 1]
SyncBFS: 90.93 ms, [] -> [0] -> [0, 2] -> [0, 2, 2] -> [0, 2, 2, 1] -> [0, 2, 2, 1, 1] -> [0, 2, 2, 1, 1, 3] -> [0, 2, 2, 1, 1, 3, 1] -> [0, 2, 2, 1, 1, 3, 1, 2] -> [0, 2, 2, 1, 1, 3, 1, 2, 3] -> [0, 2, 2, 1, 1, 3, 1, 2, 3, 2] -> [0, 2, 2, 1, 1, 3, 1, 2, 3, 2, 3] -> [0, 2, 2, 1, 1, 3, 1, 2, 3, 2, 3, 2]

problem_35.yaml
TasksBFS: 7.81 ms, [] -> [3] -> [3, 3] -> [3, 3, 1] -> [3, 3, 1, 0] -> [3, 3, 1, 0, 0] -> [3, 3, 1, 0, 0, 0] -> [3, 3, 1, 0, 0, 0, 1] -> [3, 3, 1, 0, 0, 0, 1, 3] -> [3, 3, 1, 0, 0, 0, 1, 3, 1] -> [3, 3, 1, 0, 0, 0, 1, 3, 1, 1] -> [3, 3, 1, 0, 0, 0, 1, 3, 1, 1, 3] -> [3, 3, 1, 0, 0, 0, 1, 3, 1, 1, 3, 3]
SyncBFS: 49.67 ms, [] -> [3] -> [3, 1] -> [3, 1, 0] -> [3, 1, 0, 1] -> [3, 1, 0, 1, 2] -> [3, 1, 0, 1, 2, 1] -> [3, 1, 0, 1, 2, 1, 0] -> [3, 1, 0, 1, 2, 1, 0, 0] -> [3, 1, 0, 1, 2, 1, 0, 0, 1] -> [3, 1, 0, 1, 2, 1, 0, 0, 1, 3] -> [3, 1, 0, 1, 2, 1, 0, 0, 1, 3, 2] -> [3, 1, 0, 1, 2, 1, 0, 0, 1, 3, 2, 2]
AsyncStartBFS: 8.94 ms, [] -> [3] -> [3, 3] -> [3, 3, 1] -> [3, 3, 1, 0] -> [3, 3, 1, 0, 0] -> [3, 3, 1, 0, 0, 0] -> [3, 3, 1, 0, 0, 0, 1] -> [3, 3, 1, 0, 0, 0, 1, 3] -> [3, 3, 1, 0, 0, 0, 1, 3, 1] -> [3, 3, 1, 0, 0, 0, 1, 3, 1, 1] -> [3, 3, 1, 0, 0, 0, 1, 3, 1, 1, 3] -> [3, 3, 1, 0, 0, 0, 1, 3, 1, 1, 3, 3]
MultithreadBFS: 9.38 ms, [] -> [3] -> [3, 1] -> [3, 1, 0] -> [3, 1, 0, 1] -> [3, 1, 0, 1, 2] -> [3, 1, 0, 1, 2, 1] -> [3, 1, 0, 1, 2, 1, 0] -> [3, 1, 0, 1, 2, 1, 0, 0] -> [3, 1, 0, 1, 2, 1, 0, 0, 1] -> [3, 1, 0, 1, 2, 1, 0, 0, 1, 3] -> [3, 1, 0, 1, 2, 1, 0, 0, 1, 3, 2] -> [3, 1, 0, 1, 2, 1, 0, 0, 1, 3, 2, 2]

problem_46.yaml
AsyncStartBFS: 2.93 ms, [] -> [3] -> [3, 3] -> [3, 3, 3] -> [3, 3, 3, 0] -> [3, 3, 3, 0, 0] -> [3, 3, 3, 0, 0, 0] -> [3, 3, 3, 0, 0, 0, 3] -> [3, 3, 3, 0, 0, 0, 3, 3] -> [3, 3, 3, 0, 0, 0, 3, 3, 0] -> [3, 3, 3, 0, 0, 0, 3, 3, 0, 3] -> [3, 3, 3, 0, 0, 0, 3, 3, 0, 3, 2] -> [3, 3, 3, 0, 0, 0, 3, 3, 0, 3, 2, 0]
MultithreadBFS: 4.65 ms, [] -> [3] -> [3, 3] -> [3, 3, 3] -> [3, 3, 3, 0] -> [3, 3, 3, 0, 0] -> [3, 3, 3, 0, 0, 0] -> [3, 3, 3, 0, 0, 0, 3] -> [3, 3, 3, 0, 0, 0, 3, 3] -> [3, 3, 3, 0, 0, 0, 3, 3, 0] -> [3, 3, 3, 0, 0, 0, 3, 3, 0, 3] -> [3, 3, 3, 0, 0, 0, 3, 3, 0, 3, 2] -> [3, 3, 3, 0, 0, 0, 3, 3, 0, 3, 2, 0]
SyncBFS: 51.79 ms, [] -> [2] -> [2, 0] -> [2, 0, 0] -> [2, 0, 0, 2] -> [2, 0, 0, 2, 2] -> [2, 0, 0, 2, 2, 2] -> [2, 0, 0, 2, 2, 2, 3] -> [2, 0, 0, 2, 2, 2, 3, 2] -> [2, 0, 0, 2, 2, 2, 3, 2, 2] -> [2, 0, 0, 2, 2, 2, 3, 2, 2, 1] -> [2, 0, 0, 2, 2, 2, 3, 2, 2, 1, 3] -> [2, 0, 0, 2, 2, 2, 3, 2, 2, 1, 3, 3]
TasksBFS: 7.32 ms, [] -> [2] -> [2, 0] -> [2, 0, 1] -> [2, 0, 1, 3] -> [2, 0, 1, 3, 2] -> [2, 0, 1, 3, 2, 3] -> [2, 0, 1, 3, 2, 3, 2] -> [2, 0, 1, 3, 2, 3, 2, 3] -> [2, 0, 1, 3, 2, 3, 2, 3, 3] -> [2, 0, 1, 3, 2, 3, 2, 3, 3, 3] -> [2, 0, 1, 3, 2, 3, 2, 3, 3, 3, 2] -> [2, 0, 1, 3, 2, 3, 2, 3, 3, 3, 2, 1]

problem_34.yaml
SyncBFS: 58.59 ms, [] -> [1] -> [1, 3] -> [1, 3, 0] -> [1, 3, 0, 1] -> [1, 3, 0, 1, 2] -> [1, 3, 0, 1, 2, 3] -> [1, 3, 0, 1, 2, 3, 0] -> [1, 3, 0, 1, 2, 3, 0, 2] -> [1, 3, 0, 1, 2, 3, 0, 2, 3] -> [1, 3, 0, 1, 2, 3, 0, 2, 3, 2] -> [1, 3, 0, 1, 2, 3, 0, 2, 3, 2, 1] -> [1, 3, 0, 1, 2, 3, 0, 2, 3, 2, 1, 2]
MultithreadBFS: 43.84 ms, [] -> [1] -> [1, 3] -> [1, 3, 0] -> [1, 3, 0, 3] -> [1, 3, 0, 3, 1] -> [1, 3, 0, 3, 1, 2] -> [1, 3, 0, 3, 1, 2, 0] -> [1, 3, 0, 3, 1, 2, 0, 3] -> [1, 3, 0, 3, 1, 2, 0, 3, 3] -> [1, 3, 0, 3, 1, 2, 0, 3, 3, 0] -> [1, 3, 0, 3, 1, 2, 0, 3, 3, 0, 0] -> [1, 3, 0, 3, 1, 2, 0, 3, 3, 0, 0, 3]
AsyncStartBFS: 8.6 ms, [] -> [1] -> [1, 3] -> [1, 3, 0] -> [1, 3, 0, 1] -> [1, 3, 0, 1, 2] -> [1, 3, 0, 1, 2, 3] -> [1, 3, 0, 1, 2, 3, 0] -> [1, 3, 0, 1, 2, 3, 0, 2] -> [1, 3, 0, 1, 2, 3, 0, 2, 3] -> [1, 3, 0, 1, 2, 3, 0, 2, 3, 2] -> [1, 3, 0, 1, 2, 3, 0, 2, 3, 2, 1] -> [1, 3, 0, 1, 2, 3, 0, 2, 3, 2, 1, 2]
TasksBFS: 6.58 ms, [] -> [1] -> [1, 3] -> [1, 3, 0] -> [1, 3, 0, 3] -> [1, 3, 0, 3, 1] -> [1, 3, 0, 3, 1, 2] -> [1, 3, 0, 3, 1, 2, 0] -> [1, 3, 0, 3, 1, 2, 0, 3] -> [1, 3, 0, 3, 1, 2, 0, 3, 3] -> [1, 3, 0, 3, 1, 2, 0, 3, 3, 0] -> [1, 3, 0, 3, 1, 2, 0, 3, 3, 0, 0] -> [1, 3, 0, 3, 1, 2, 0, 3, 3, 0, 0, 3]

problem_32.yaml
MultithreadBFS: 2.4 ms, [] -> [3] -> [3, 1] -> [3, 1, 0] -> [3, 1, 0, 1] -> [3, 1, 0, 1, 2] -> [3, 1, 0, 1, 2, 2] -> [3, 1, 0, 1, 2, 2, 0] -> [3, 1, 0, 1, 2, 2, 0, 2] -> [3, 1, 0, 1, 2, 2, 0, 2, 2] -> [3, 1, 0, 1, 2, 2, 0, 2, 2, 0] -> [3, 1, 0, 1, 2, 2, 0, 2, 2, 0, 1] -> [3, 1, 0, 1, 2, 2, 0, 2, 2, 0, 1, 0]
SyncBFS: 16.04 ms, [] -> [3] -> [3, 1] -> [3, 1, 0] -> [3, 1, 0, 1] -> [3, 1, 0, 1, 2] -> [3, 1, 0, 1, 2, 2] -> [3, 1, 0, 1, 2, 2, 0] -> [3, 1, 0, 1, 2, 2, 0, 2] -> [3, 1, 0, 1, 2, 2, 0, 2, 2] -> [3, 1, 0, 1, 2, 2, 0, 2, 2, 0] -> [3, 1, 0, 1, 2, 2, 0, 2, 2, 0, 1] -> [3, 1, 0, 1, 2, 2, 0, 2, 2, 0, 1, 0]
TasksBFS: 4.34 ms, [] -> [3] -> [3, 1] -> [3, 1, 0] -> [3, 1, 0, 1] -> [3, 1, 0, 1, 2] -> [3, 1, 0, 1, 2, 2] -> [3, 1, 0, 1, 2, 2, 0] -> [3, 1, 0, 1, 2, 2, 0, 2] -> [3, 1, 0, 1, 2, 2, 0, 2, 2] -> [3, 1, 0, 1, 2, 2, 0, 2, 2, 0] -> [3, 1, 0, 1, 2, 2, 0, 2, 2, 0, 1] -> [3, 1, 0, 1, 2, 2, 0, 2, 2, 0, 1, 0]
AsyncStartBFS: 2.48 ms, [] -> [3] -> [3, 2] -> [3, 2, 1] -> [3, 2, 1, 2] -> [3, 2, 1, 2, 2] -> [3, 2, 1, 2, 2, 3] -> [3, 2, 1, 2, 2, 3, 2] -> [3, 2, 1, 2, 2, 3, 2, 1] -> [3, 2, 1, 2, 2, 3, 2, 1, 0] -> [3, 2, 1, 2, 2, 3, 2, 1, 0, 0] -> [3, 2, 1, 2, 2, 3, 2, 1, 0, 0, 2] -> [3, 2, 1, 2, 2, 3, 2, 1, 0, 0, 2, 3]

problem_31.yaml
SyncBFS: 28.53 ms, [] -> [3] -> [3, 0] -> [3, 0, 1] -> [3, 0, 1, 0] -> [3, 0, 1, 0, 1] -> [3, 0, 1, 0, 1, 2] -> [3, 0, 1, 0, 1, 2, 3] -> [3, 0, 1, 0, 1, 2, 3, 2] -> [3, 0, 1, 0, 1, 2, 3, 2, 2] -> [3, 0, 1, 0, 1, 2, 3, 2, 2, 3] -> [3, 0, 1, 0, 1, 2, 3, 2, 2, 3, 3] -> [3, 0, 1, 0, 1, 2, 3, 2, 2, 3, 3, 0]
TasksBFS: 6.48 ms, [] -> [3] -> [3, 0] -> [3, 0, 1] -> [3, 0, 1, 0] -> [3, 0, 1, 0, 1] -> [3, 0, 1, 0, 1, 2] -> [3, 0, 1, 0, 1, 2, 3] -> [3, 0, 1, 0, 1, 2, 3, 2] -> [3, 0, 1, 0, 1, 2, 3, 2, 2] -> [3, 0, 1, 0, 1, 2, 3, 2, 2, 3] -> [3, 0, 1, 0, 1, 2, 3, 2, 2, 3, 3] -> [3, 0, 1, 0, 1, 2, 3, 2, 2, 3, 3, 0]
AsyncStartBFS: 6.51 ms, [] -> [3] -> [3, 1] -> [3, 1, 3] -> [3, 1, 3, 3] -> [3, 1, 3, 3, 2] -> [3, 1, 3, 3, 2, 1] -> [3, 1, 3, 3, 2, 1, 3] -> [3, 1, 3, 3, 2, 1, 3, 1] -> [3, 1, 3, 3, 2, 1, 3, 1, 2] -> [3, 1, 3, 3, 2, 1, 3, 1, 2, 0] -> [3, 1, 3, 3, 2, 1, 3, 1, 2, 0, 0] -> [3, 1, 3, 3, 2, 1, 3, 1, 2, 0, 0, 0]
MultithreadBFS: 3.86 ms, [] -> [3] -> [3, 0] -> [3, 0, 1] -> [3, 0, 1, 0] -> [3, 0, 1, 0, 1] -> [3, 0, 1, 0, 1, 2] -> [3, 0, 1, 0, 1, 2, 3] -> [3, 0, 1, 0, 1, 2, 3, 2] -> [3, 0, 1, 0, 1, 2, 3, 2, 2] -> [3, 0, 1, 0, 1, 2, 3, 2, 2, 3] -> [3, 0, 1, 0, 1, 2, 3, 2, 2, 3, 3] -> [3, 0, 1, 0, 1, 2, 3, 2, 2, 3, 3, 0]

problem_30.yaml
SyncBFS: 76.93 ms, [] -> [3] -> [3, 0] -> [3, 0, 1] -> [3, 0, 1, 2] -> [3, 0, 1, 2, 2] -> [3, 0, 1, 2, 2, 2] -> [3, 0, 1, 2, 2, 2, 2] -> [3, 0, 1, 2, 2, 2, 2, 2] -> [3, 0, 1, 2, 2, 2, 2, 2, 2] -> [3, 0, 1, 2, 2, 2, 2, 2, 2, 2] -> [3, 0, 1, 2, 2, 2, 2, 2, 2, 2, 1] -> [3, 0, 1, 2, 2, 2, 2, 2, 2, 2, 1, 0]
MultithreadBFS: 7.02 ms, [] -> [3] -> [3, 2] -> [3, 2, 3] -> [3, 2, 3, 0] -> [3, 2, 3, 0, 2] -> [3, 2, 3, 0, 2, 0] -> [3, 2, 3, 0, 2, 0, 2] -> [3, 2, 3, 0, 2, 0, 2, 1] -> [3, 2, 3, 0, 2, 0, 2, 1, 0] -> [3, 2, 3, 0, 2, 0, 2, 1, 0, 0] -> [3, 2, 3, 0, 2, 0, 2, 1, 0, 0, 3] -> [3, 2, 3, 0, 2, 0, 2, 1, 0, 0, 3, 1]
TasksBFS: 17.75 ms, [] -> [3] -> [3, 2] -> [3, 2, 3] -> [3, 2, 3, 0] -> [3, 2, 3, 0, 2] -> [3, 2, 3, 0, 2, 0] -> [3, 2, 3, 0, 2, 0, 2] -> [3, 2, 3, 0, 2, 0, 2, 1] -> [3, 2, 3, 0, 2, 0, 2, 1, 0] -> [3, 2, 3, 0, 2, 0, 2, 1, 0, 0] -> [3, 2, 3, 0, 2, 0, 2, 1, 0, 0, 3] -> [3, 2, 3, 0, 2, 0, 2, 1, 0, 0, 3, 1]
AsyncStartBFS: 14.64 ms, [] -> [3] -> [3, 2] -> [3, 2, 3] -> [3, 2, 3, 0] -> [3, 2, 3, 0, 2] -> [3, 2, 3, 0, 2, 0] -> [3, 2, 3, 0, 2, 0, 2] -> [3, 2, 3, 0, 2, 0, 2, 1] -> [3, 2, 3, 0, 2, 0, 2, 1, 0] -> [3, 2, 3, 0, 2, 0, 2, 1, 0, 0] -> [3, 2, 3, 0, 2, 0, 2, 1, 0, 0, 3] -> [3, 2, 3, 0, 2, 0, 2, 1, 0, 0, 3, 1]

problem_10.yaml
AsyncStartBFS: 1.73 ms, [] -> [0] -> [0, 1] -> [0, 1, 3] -> [0, 1, 3, 0] -> [0, 1, 3, 0, 3] -> [0, 1, 3, 0, 3, 0] -> [0, 1, 3, 0, 3, 0, 1] -> [0, 1, 3, 0, 3, 0, 1, 0] -> [0, 1, 3, 0, 3, 0, 1, 0, 3] -> [0, 1, 3, 0, 3, 0, 1, 0, 3, 3] -> [0, 1, 3, 0, 3, 0, 1, 0, 3, 3, 1] -> [0, 1, 3, 0, 3, 0, 1, 0, 3, 3, 1, 2]
MultithreadBFS: 8.71 ms, [] -> [0] -> [0, 1] -> [0, 1, 3] -> [0, 1, 3, 0] -> [0, 1, 3, 0, 3] -> [0, 1, 3, 0, 3, 0] -> [0, 1, 3, 0, 3, 0, 1] -> [0, 1, 3, 0, 3, 0, 1, 0] -> [0, 1, 3, 0, 3, 0, 1, 0, 3] -> [0, 1, 3, 0, 3, 0, 1, 0, 3, 3] -> [0, 1, 3, 0, 3, 0, 1, 0, 3, 3, 1] -> [0, 1, 3, 0, 3, 0, 1, 0, 3, 3, 1, 2]
TasksBFS: 7.45 ms, [] -> [0] -> [0, 1] -> [0, 1, 3] -> [0, 1, 3, 0] -> [0, 1, 3, 0, 3] -> [0, 1, 3, 0, 3, 0] -> [0, 1, 3, 0, 3, 0, 1] -> [0, 1, 3, 0, 3, 0, 1, 0] -> [0, 1, 3, 0, 3, 0, 1, 0, 3] -> [0, 1, 3, 0, 3, 0, 1, 0, 3, 3] -> [0, 1, 3, 0, 3, 0, 1, 0, 3, 3, 1] -> [0, 1, 3, 0, 3, 0, 1, 0, 3, 3, 1, 2]
SyncBFS: 34.04 ms, [] -> [0] -> [0, 1] -> [0, 1, 3] -> [0, 1, 3, 0] -> [0, 1, 3, 0, 3] -> [0, 1, 3, 0, 3, 0] -> [0, 1, 3, 0, 3, 0, 1] -> [0, 1, 3, 0, 3, 0, 1, 0] -> [0, 1, 3, 0, 3, 0, 1, 0, 3] -> [0, 1, 3, 0, 3, 0, 1, 0, 3, 3] -> [0, 1, 3, 0, 3, 0, 1, 0, 3, 3, 1] -> [0, 1, 3, 0, 3, 0, 1, 0, 3, 3, 1, 2]

problem_09.yaml
TasksBFS: 9.18 ms, [] -> [0] -> [0, 1] -> [0, 1, 2] -> [0, 1, 2, 2] -> [0, 1, 2, 2, 2] -> [0, 1, 2, 2, 2, 1] -> [0, 1, 2, 2, 2, 1, 2] -> [0, 1, 2, 2, 2, 1, 2, 2] -> [0, 1, 2, 2, 2, 1, 2, 2, 2] -> [0, 1, 2, 2, 2, 1, 2, 2, 2, 1] -> [0, 1, 2, 2, 2, 1, 2, 2, 2, 1, 0] -> [0, 1, 2, 2, 2, 1, 2, 2, 2, 1, 0, 2]
AsyncStartBFS: 2.22 ms, [] -> [0] -> [0, 3] -> [0, 3, 2] -> [0, 3, 2, 2] -> [0, 3, 2, 2, 0] -> [0, 3, 2, 2, 0, 3] -> [0, 3, 2, 2, 0, 3, 0] -> [0, 3, 2, 2, 0, 3, 0, 2] -> [0, 3, 2, 2, 0, 3, 0, 2, 0] -> [0, 3, 2, 2, 0, 3, 0, 2, 0, 2] -> [0, 3, 2, 2, 0, 3, 0, 2, 0, 2, 2] -> [0, 3, 2, 2, 0, 3, 0, 2, 0, 2, 2, 0]
MultithreadBFS: 2.29 ms, [] -> [0] -> [0, 3] -> [0, 3, 2] -> [0, 3, 2, 2] -> [0, 3, 2, 2, 0] -> [0, 3, 2, 2, 0, 3] -> [0, 3, 2, 2, 0, 3, 0] -> [0, 3, 2, 2, 0, 3, 0, 2] -> [0, 3, 2, 2, 0, 3, 0, 2, 0] -> [0, 3, 2, 2, 0, 3, 0, 2, 0, 2] -> [0, 3, 2, 2, 0, 3, 0, 2, 0, 2, 2] -> [0, 3, 2, 2, 0, 3, 0, 2, 0, 2, 2, 0]
SyncBFS: 111.25 ms, [] -> [0] -> [0, 1] -> [0, 1, 2] -> [0, 1, 2, 2] -> [0, 1, 2, 2, 2] -> [0, 1, 2, 2, 2, 1] -> [0, 1, 2, 2, 2, 1, 2] -> [0, 1, 2, 2, 2, 1, 2, 2] -> [0, 1, 2, 2, 2, 1, 2, 2, 2] -> [0, 1, 2, 2, 2, 1, 2, 2, 2, 1] -> [0, 1, 2, 2, 2, 1, 2, 2, 2, 1, 0] -> [0, 1, 2, 2, 2, 1, 2, 2, 2, 1, 0, 2]

problem_12.yaml
AsyncStartBFS: 1.58 ms, [] -> [1] -> [1, 1] -> [1, 1, 2] -> [1, 1, 2, 1] -> [1, 1, 2, 1, 2] -> [1, 1, 2, 1, 2, 1] -> [1, 1, 2, 1, 2, 1, 3] -> [1, 1, 2, 1, 2, 1, 3, 2] -> [1, 1, 2, 1, 2, 1, 3, 2, 1] -> [1, 1, 2, 1, 2, 1, 3, 2, 1, 3] -> [1, 1, 2, 1, 2, 1, 3, 2, 1, 3, 3] -> [1, 1, 2, 1, 2, 1, 3, 2, 1, 3, 3, 0]
MultithreadBFS: 2.24 ms, [] -> [1] -> [1, 1] -> [1, 1, 2] -> [1, 1, 2, 1] -> [1, 1, 2, 1, 2] -> [1, 1, 2, 1, 2, 1] -> [1, 1, 2, 1, 2, 1, 3] -> [1, 1, 2, 1, 2, 1, 3, 2] -> [1, 1, 2, 1, 2, 1, 3, 2, 1] -> [1, 1, 2, 1, 2, 1, 3, 2, 1, 3] -> [1, 1, 2, 1, 2, 1, 3, 2, 1, 3, 3] -> [1, 1, 2, 1, 2, 1, 3, 2, 1, 3, 3, 0]
SyncBFS: 40.21 ms, [] -> [1] -> [1, 1] -> [1, 1, 2] -> [1, 1, 2, 1] -> [1, 1, 2, 1, 2] -> [1, 1, 2, 1, 2, 1] -> [1, 1, 2, 1, 2, 1, 3] -> [1, 1, 2, 1, 2, 1, 3, 2] -> [1, 1, 2, 1, 2, 1, 3, 2, 1] -> [1, 1, 2, 1, 2, 1, 3, 2, 1, 3] -> [1, 1, 2, 1, 2, 1, 3, 2, 1, 3, 3] -> [1, 1, 2, 1, 2, 1, 3, 2, 1, 3, 3, 0]
TasksBFS: 12.13 ms, [] -> [1] -> [1, 1] -> [1, 1, 2] -> [1, 1, 2, 1] -> [1, 1, 2, 1, 2] -> [1, 1, 2, 1, 2, 1] -> [1, 1, 2, 1, 2, 1, 3] -> [1, 1, 2, 1, 2, 1, 3, 2] -> [1, 1, 2, 1, 2, 1, 3, 2, 1] -> [1, 1, 2, 1, 2, 1, 3, 2, 1, 3] -> [1, 1, 2, 1, 2, 1, 3, 2, 1, 3, 3] -> [1, 1, 2, 1, 2, 1, 3, 2, 1, 3, 3, 0]

problem_47.yaml
AsyncStartBFS: 1.93 ms, [] -> [1] -> [1, 0] -> [1, 0, 2] -> [1, 0, 2, 1] -> [1, 0, 2, 1, 2] -> [1, 0, 2, 1, 2, 3] -> [1, 0, 2, 1, 2, 3, 2] -> [1, 0, 2, 1, 2, 3, 2, 1] -> [1, 0, 2, 1, 2, 3, 2, 1, 1] -> [1, 0, 2, 1, 2, 3, 2, 1, 1, 2] -> [1, 0, 2, 1, 2, 3, 2, 1, 1, 2, 0] -> [1, 0, 2, 1, 2, 3, 2, 1, 1, 2, 0, 1]
SyncBFS: 49.99 ms, [] -> [1] -> [1, 0] -> [1, 0, 2] -> [1, 0, 2, 1] -> [1, 0, 2, 1, 2] -> [1, 0, 2, 1, 2, 3] -> [1, 0, 2, 1, 2, 3, 2] -> [1, 0, 2, 1, 2, 3, 2, 1] -> [1, 0, 2, 1, 2, 3, 2, 1, 1] -> [1, 0, 2, 1, 2, 3, 2, 1, 1, 2] -> [1, 0, 2, 1, 2, 3, 2, 1, 1, 2, 0] -> [1, 0, 2, 1, 2, 3, 2, 1, 1, 2, 0, 1]
TasksBFS: 6.24 ms, [] -> [1] -> [1, 0] -> [1, 0, 2] -> [1, 0, 2, 1] -> [1, 0, 2, 1, 2] -> [1, 0, 2, 1, 2, 3] -> [1, 0, 2, 1, 2, 3, 2] -> [1, 0, 2, 1, 2, 3, 2, 1] -> [1, 0, 2, 1, 2, 3, 2, 1, 1] -> [1, 0, 2, 1, 2, 3, 2, 1, 1, 2] -> [1, 0, 2, 1, 2, 3, 2, 1, 1, 2, 0] -> [1, 0, 2, 1, 2, 3, 2, 1, 1, 2, 0, 1]
MultithreadBFS: 3.2 ms, [] -> [1] -> [1, 0] -> [1, 0, 2] -> [1, 0, 2, 1] -> [1, 0, 2, 1, 2] -> [1, 0, 2, 1, 2, 3] -> [1, 0, 2, 1, 2, 3, 2] -> [1, 0, 2, 1, 2, 3, 2, 1] -> [1, 0, 2, 1, 2, 3, 2, 1, 1] -> [1, 0, 2, 1, 2, 3, 2, 1, 1, 2] -> [1, 0, 2, 1, 2, 3, 2, 1, 1, 2, 0] -> [1, 0, 2, 1, 2, 3, 2, 1, 1, 2, 0, 1]

problem_11.yaml
MultithreadBFS: 11.04 ms, [] -> [0] -> [0, 3] -> [0, 3, 3] -> [0, 3, 3, 2] -> [0, 3, 3, 2, 1] -> [0, 3, 3, 2, 1, 1] -> [0, 3, 3, 2, 1, 1, 2] -> [0, 3, 3, 2, 1, 1, 2, 0] -> [0, 3, 3, 2, 1, 1, 2, 0, 3] -> [0, 3, 3, 2, 1, 1, 2, 0, 3, 2] -> [0, 3, 3, 2, 1, 1, 2, 0, 3, 2, 3] -> [0, 3, 3, 2, 1, 1, 2, 0, 3, 2, 3, 1]
AsyncStartBFS: 6.91 ms, [] -> [1] -> [1, 3] -> [1, 3, 1] -> [1, 3, 1, 0] -> [1, 3, 1, 0, 0] -> [1, 3, 1, 0, 0, 2] -> [1, 3, 1, 0, 0, 2, 0] -> [1, 3, 1, 0, 0, 2, 0, 0] -> [1, 3, 1, 0, 0, 2, 0, 0, 2] -> [1, 3, 1, 0, 0, 2, 0, 0, 2, 0] -> [1, 3, 1, 0, 0, 2, 0, 0, 2, 0, 1] -> [1, 3, 1, 0, 0, 2, 0, 0, 2, 0, 1, 1]
SyncBFS: 102.16 ms, [] -> [0] -> [0, 3] -> [0, 3, 3] -> [0, 3, 3, 2] -> [0, 3, 3, 2, 1] -> [0, 3, 3, 2, 1, 1] -> [0, 3, 3, 2, 1, 1, 2] -> [0, 3, 3, 2, 1, 1, 2, 0] -> [0, 3, 3, 2, 1, 1, 2, 0, 3] -> [0, 3, 3, 2, 1, 1, 2, 0, 3, 2] -> [0, 3, 3, 2, 1, 1, 2, 0, 3, 2, 3] -> [0, 3, 3, 2, 1, 1, 2, 0, 3, 2, 3, 1]
TasksBFS: 14.84 ms, [] -> [1] -> [1, 3] -> [1, 3, 3] -> [1, 3, 3, 3] -> [1, 3, 3, 3, 0] -> [1, 3, 3, 3, 0, 2] -> [1, 3, 3, 3, 0, 2, 2] -> [1, 3, 3, 3, 0, 2, 2, 2] -> [1, 3, 3, 3, 0, 2, 2, 2, 0] -> [1, 3, 3, 3, 0, 2, 2, 2, 0, 3] -> [1, 3, 3, 3, 0, 2, 2, 2, 0, 3, 0] -> [1, 3, 3, 3, 0, 2, 2, 2, 0, 3, 0, 3]

problem_01.yaml
AsyncStartBFS: 6.07 ms, [] -> [2] -> [2, 0] -> [2, 0, 3] -> [2, 0, 3, 3] -> [2, 0, 3, 3, 1] -> [2, 0, 3, 3, 1, 3] -> [2, 0, 3, 3, 1, 3, 1] -> [2, 0, 3, 3, 1, 3, 1, 1] -> [2, 0, 3, 3, 1, 3, 1, 1, 2] -> [2, 0, 3, 3, 1, 3, 1, 1, 2, 1] -> [2, 0, 3, 3, 1, 3, 1, 1, 2, 1, 0] -> [2, 0, 3, 3, 1, 3, 1, 1, 2, 1, 0, 3]
TasksBFS: 9.39 ms, [] -> [1] -> [1, 1] -> [1, 1, 0] -> [1, 1, 0, 2] -> [1, 1, 0, 2, 1] -> [1, 1, 0, 2, 1, 3] -> [1, 1, 0, 2, 1, 3, 2] -> [1, 1, 0, 2, 1, 3, 2, 2] -> [1, 1, 0, 2, 1, 3, 2, 2, 2] -> [1, 1, 0, 2, 1, 3, 2, 2, 2, 0] -> [1, 1, 0, 2, 1, 3, 2, 2, 2, 0, 0] -> [1, 1, 0, 2, 1, 3, 2, 2, 2, 0, 0, 0]
MultithreadBFS: 7.19 ms, [] -> [2] -> [2, 3] -> [2, 3, 2] -> [2, 3, 2, 3] -> [2, 3, 2, 3, 1] -> [2, 3, 2, 3, 1, 1] -> [2, 3, 2, 3, 1, 1, 2] -> [2, 3, 2, 3, 1, 1, 2, 0] -> [2, 3, 2, 3, 1, 1, 2, 0, 1] -> [2, 3, 2, 3, 1, 1, 2, 0, 1, 3] -> [2, 3, 2, 3, 1, 1, 2, 0, 1, 3, 1] -> [2, 3, 2, 3, 1, 1, 2, 0, 1, 3, 1, 2]
SyncBFS: 53.87 ms, [] -> [1] -> [1, 0] -> [1, 0, 1] -> [1, 0, 1, 3] -> [1, 0, 1, 3, 2] -> [1, 0, 1, 3, 2, 0] -> [1, 0, 1, 3, 2, 0, 0] -> [1, 0, 1, 3, 2, 0, 0, 3] -> [1, 0, 1, 3, 2, 0, 0, 3, 1] -> [1, 0, 1, 3, 2, 0, 0, 3, 1, 2] -> [1, 0, 1, 3, 2, 0, 0, 3, 1, 2, 3] -> [1, 0, 1, 3, 2, 0, 0, 3, 1, 2, 3, 1]

problem_08.yaml
SyncBFS: 68.79 ms, [] -> [0] -> [0, 3] -> [0, 3, 0] -> [0, 3, 0, 0] -> [0, 3, 0, 0, 0] -> [0, 3, 0, 0, 0, 3] -> [0, 3, 0, 0, 0, 3, 0] -> [0, 3, 0, 0, 0, 3, 0, 0] -> [0, 3, 0, 0, 0, 3, 0, 0, 1] -> [0, 3, 0, 0, 0, 3, 0, 0, 1, 3] -> [0, 3, 0, 0, 0, 3, 0, 0, 1, 3, 1] -> [0, 3, 0, 0, 0, 3, 0, 0, 1, 3, 1, 2]
TasksBFS: 8.47 ms, [] -> [0] -> [0, 3] -> [0, 3, 0] -> [0, 3, 0, 0] -> [0, 3, 0, 0, 0] -> [0, 3, 0, 0, 0, 3] -> [0, 3, 0, 0, 0, 3, 0] -> [0, 3, 0, 0, 0, 3, 0, 0] -> [0, 3, 0, 0, 0, 3, 0, 0, 1] -> [0, 3, 0, 0, 0, 3, 0, 0, 1, 3] -> [0, 3, 0, 0, 0, 3, 0, 0, 1, 3, 1] -> [0, 3, 0, 0, 0, 3, 0, 0, 1, 3, 1, 2]
MultithreadBFS: 85.64 ms, [] -> [0] -> [0, 3] -> [0, 3, 0] -> [0, 3, 0, 0] -> [0, 3, 0, 0, 0] -> [0, 3, 0, 0, 0, 3] -> [0, 3, 0, 0, 0, 3, 0] -> [0, 3, 0, 0, 0, 3, 0, 0] -> [0, 3, 0, 0, 0, 3, 0, 0, 1] -> [0, 3, 0, 0, 0, 3, 0, 0, 1, 3] -> [0, 3, 0, 0, 0, 3, 0, 0, 1, 3, 1] -> [0, 3, 0, 0, 0, 3, 0, 0, 1, 3, 1, 2]
AsyncStartBFS: 9.57 ms, [] -> [0] -> [0, 3] -> [0, 3, 0] -> [0, 3, 0, 0] -> [0, 3, 0, 0, 0] -> [0, 3, 0, 0, 0, 3] -> [0, 3, 0, 0, 0, 3, 0] -> [0, 3, 0, 0, 0, 3, 0, 0] -> [0, 3, 0, 0, 0, 3, 0, 0, 1] -> [0, 3, 0, 0, 0, 3, 0, 0, 1, 3] -> [0, 3, 0, 0, 0, 3, 0, 0, 1, 3, 1] -> [0, 3, 0, 0, 0, 3, 0, 0, 1, 3, 1, 2]

problem_06.yaml
AsyncStartBFS: 4.05 ms, [] -> [1] -> [1, 0] -> [1, 0, 0] -> [1, 0, 0, 0] -> [1, 0, 0, 0, 0] -> [1, 0, 0, 0, 0, 2] -> [1, 0, 0, 0, 0, 2, 3] -> [1, 0, 0, 0, 0, 2, 3, 0] -> [1, 0, 0, 0, 0, 2, 3, 0, 3] -> [1, 0, 0, 0, 0, 2, 3, 0, 3, 3] -> [1, 0, 0, 0, 0, 2, 3, 0, 3, 3, 0] -> [1, 0, 0, 0, 0, 2, 3, 0, 3, 3, 0, 0]
TasksBFS: 13.2 ms, [] -> [1] -> [1, 0] -> [1, 0, 0] -> [1, 0, 0, 0] -> [1, 0, 0, 0, 0] -> [1, 0, 0, 0, 0, 2] -> [1, 0, 0, 0, 0, 2, 3] -> [1, 0, 0, 0, 0, 2, 3, 0] -> [1, 0, 0, 0, 0, 2, 3, 0, 3] -> [1, 0, 0, 0, 0, 2, 3, 0, 3, 3] -> [1, 0, 0, 0, 0, 2, 3, 0, 3, 3, 0] -> [1, 0, 0, 0, 0, 2, 3, 0, 3, 3, 0, 0]
MultithreadBFS: 9.89 ms, [] -> [1] -> [1, 0] -> [1, 0, 2] -> [1, 0, 2, 3] -> [1, 0, 2, 3, 0] -> [1, 0, 2, 3, 0, 0] -> [1, 0, 2, 3, 0, 0, 1] -> [1, 0, 2, 3, 0, 0, 1, 2] -> [1, 0, 2, 3, 0, 0, 1, 2, 3] -> [1, 0, 2, 3, 0, 0, 1, 2, 3, 2] -> [1, 0, 2, 3, 0, 0, 1, 2, 3, 2, 3] -> [1, 0, 2, 3, 0, 0, 1, 2, 3, 2, 3, 0]
SyncBFS: 91.77 ms, [] -> [1] -> [1, 0] -> [1, 0, 0] -> [1, 0, 0, 0] -> [1, 0, 0, 0, 0] -> [1, 0, 0, 0, 0, 2] -> [1, 0, 0, 0, 0, 2, 3] -> [1, 0, 0, 0, 0, 2, 3, 0] -> [1, 0, 0, 0, 0, 2, 3, 0, 3] -> [1, 0, 0, 0, 0, 2, 3, 0, 3, 3] -> [1, 0, 0, 0, 0, 2, 3, 0, 3, 3, 0] -> [1, 0, 0, 0, 0, 2, 3, 0, 3, 3, 0, 0]

problem_19.yaml
MultithreadBFS: 7.34 ms, [] -> [0] -> [0, 1] -> [0, 1, 0] -> [0, 1, 0, 1] -> [0, 1, 0, 1, 1] -> [0, 1, 0, 1, 1, 2] -> [0, 1, 0, 1, 1, 2, 0] -> [0, 1, 0, 1, 1, 2, 0, 3] -> [0, 1, 0, 1, 1, 2, 0, 3, 3] -> [0, 1, 0, 1, 1, 2, 0, 3, 3, 2] -> [0, 1, 0, 1, 1, 2, 0, 3, 3, 2, 1] -> [0, 1, 0, 1, 1, 2, 0, 3, 3, 2, 1, 1]
AsyncStartBFS: 4.34 ms, [] -> [0] -> [0, 1] -> [0, 1, 2] -> [0, 1, 2, 0] -> [0, 1, 2, 0, 3] -> [0, 1, 2, 0, 3, 2] -> [0, 1, 2, 0, 3, 2, 1] -> [0, 1, 2, 0, 3, 2, 1, 3] -> [0, 1, 2, 0, 3, 2, 1, 3, 0] -> [0, 1, 2, 0, 3, 2, 1, 3, 0, 0] -> [0, 1, 2, 0, 3, 2, 1, 3, 0, 0, 1] -> [0, 1, 2, 0, 3, 2, 1, 3, 0, 0, 1, 2]
TasksBFS: 13.6 ms, [] -> [1] -> [1, 2] -> [1, 2, 1] -> [1, 2, 1, 3] -> [1, 2, 1, 3, 0] -> [1, 2, 1, 3, 0, 2] -> [1, 2, 1, 3, 0, 2, 3] -> [1, 2, 1, 3, 0, 2, 3, 3] -> [1, 2, 1, 3, 0, 2, 3, 3, 3] -> [1, 2, 1, 3, 0, 2, 3, 3, 3, 0] -> [1, 2, 1, 3, 0, 2, 3, 3, 3, 0, 2] -> [1, 2, 1, 3, 0, 2, 3, 3, 3, 0, 2, 3]
SyncBFS: 111.37 ms, [] -> [0] -> [0, 1] -> [0, 1, 0] -> [0, 1, 0, 1] -> [0, 1, 0, 1, 1] -> [0, 1, 0, 1, 1, 2] -> [0, 1, 0, 1, 1, 2, 0] -> [0, 1, 0, 1, 1, 2, 0, 3] -> [0, 1, 0, 1, 1, 2, 0, 3, 3] -> [0, 1, 0, 1, 1, 2, 0, 3, 3, 2] -> [0, 1, 0, 1, 1, 2, 0, 3, 3, 2, 1] -> [0, 1, 0, 1, 1, 2, 0, 3, 3, 2, 1, 1]

problem_40.yaml
TasksBFS: 13.41 ms, [] -> [2] -> [2, 3] -> [2, 3, 0] -> [2, 3, 0, 2] -> [2, 3, 0, 2, 0] -> [2, 3, 0, 2, 0, 0] -> [2, 3, 0, 2, 0, 0, 2] -> [2, 3, 0, 2, 0, 0, 2, 2] -> [2, 3, 0, 2, 0, 0, 2, 2, 2] -> [2, 3, 0, 2, 0, 0, 2, 2, 2, 2] -> [2, 3, 0, 2, 0, 0, 2, 2, 2, 2, 1] -> [2, 3, 0, 2, 0, 0, 2, 2, 2, 2, 1, 0]
MultithreadBFS: 7.55 ms, [] -> [2] -> [2, 3] -> [2, 3, 0] -> [2, 3, 0, 2] -> [2, 3, 0, 2, 0] -> [2, 3, 0, 2, 0, 0] -> [2, 3, 0, 2, 0, 0, 2] -> [2, 3, 0, 2, 0, 0, 2, 2] -> [2, 3, 0, 2, 0, 0, 2, 2, 2] -> [2, 3, 0, 2, 0, 0, 2, 2, 2, 2] -> [2, 3, 0, 2, 0, 0, 2, 2, 2, 2, 1] -> [2, 3, 0, 2, 0, 0, 2, 2, 2, 2, 1, 0]
SyncBFS: 72.58 ms, [] -> [2] -> [2, 0] -> [2, 0, 3] -> [2, 0, 3, 1] -> [2, 0, 3, 1, 2] -> [2, 0, 3, 1, 2, 3] -> [2, 0, 3, 1, 2, 3, 1] -> [2, 0, 3, 1, 2, 3, 1, 0] -> [2, 0, 3, 1, 2, 3, 1, 0, 1] -> [2, 0, 3, 1, 2, 3, 1, 0, 1, 0] -> [2, 0, 3, 1, 2, 3, 1, 0, 1, 0, 0] -> [2, 0, 3, 1, 2, 3, 1, 0, 1, 0, 0, 1]
AsyncStartBFS: 3.68 ms, [] -> [2] -> [2, 3] -> [2, 3, 0] -> [2, 3, 0, 2] -> [2, 3, 0, 2, 0] -> [2, 3, 0, 2, 0, 0] -> [2, 3, 0, 2, 0, 0, 2] -> [2, 3, 0, 2, 0, 0, 2, 2] -> [2, 3, 0, 2, 0, 0, 2, 2, 2] -> [2, 3, 0, 2, 0, 0, 2, 2, 2, 2] -> [2, 3, 0, 2, 0, 0, 2, 2, 2, 2, 1] -> [2, 3, 0, 2, 0, 0, 2, 2, 2, 2, 1, 0]

problem_04.yaml
TasksBFS: 12.66 ms, [] -> [2] -> [2, 2] -> [2, 2, 2] -> [2, 2, 2, 2] -> [2, 2, 2, 2, 0] -> [2, 2, 2, 2, 0, 2] -> [2, 2, 2, 2, 0, 2, 2] -> [2, 2, 2, 2, 0, 2, 2, 0] -> [2, 2, 2, 2, 0, 2, 2, 0, 0] -> [2, 2, 2, 2, 0, 2, 2, 0, 0, 1] -> [2, 2, 2, 2, 0, 2, 2, 0, 0, 1, 3] -> [2, 2, 2, 2, 0, 2, 2, 0, 0, 1, 3, 1]
AsyncStartBFS: 6.3 ms, [] -> [2] -> [2, 2] -> [2, 2, 2] -> [2, 2, 2, 2] -> [2, 2, 2, 2, 0] -> [2, 2, 2, 2, 0, 2] -> [2, 2, 2, 2, 0, 2, 2] -> [2, 2, 2, 2, 0, 2, 2, 0] -> [2, 2, 2, 2, 0, 2, 2, 0, 0] -> [2, 2, 2, 2, 0, 2, 2, 0, 0, 1] -> [2, 2, 2, 2, 0, 2, 2, 0, 0, 1, 3] -> [2, 2, 2, 2, 0, 2, 2, 0, 0, 1, 3, 1]
SyncBFS: 59.09 ms, [] -> [2] -> [2, 2] -> [2, 2, 2] -> [2, 2, 2, 2] -> [2, 2, 2, 2, 0] -> [2, 2, 2, 2, 0, 2] -> [2, 2, 2, 2, 0, 2, 2] -> [2, 2, 2, 2, 0, 2, 2, 0] -> [2, 2, 2, 2, 0, 2, 2, 0, 0] -> [2, 2, 2, 2, 0, 2, 2, 0, 0, 1] -> [2, 2, 2, 2, 0, 2, 2, 0, 0, 1, 3] -> [2, 2, 2, 2, 0, 2, 2, 0, 0, 1, 3, 1]
MultithreadBFS: 51.14 ms, [] -> [2] -> [2, 2] -> [2, 2, 2] -> [2, 2, 2, 2] -> [2, 2, 2, 2, 0] -> [2, 2, 2, 2, 0, 2] -> [2, 2, 2, 2, 0, 2, 2] -> [2, 2, 2, 2, 0, 2, 2, 0] -> [2, 2, 2, 2, 0, 2, 2, 0, 0] -> [2, 2, 2, 2, 0, 2, 2, 0, 0, 1] -> [2, 2, 2, 2, 0, 2, 2, 0, 0, 1, 3] -> [2, 2, 2, 2, 0, 2, 2, 0, 0, 1, 3, 1]

problem_33.yaml
TasksBFS: 13.79 ms, [] -> [3] -> [3, 0] -> [3, 0, 1] -> [3, 0, 1, 3] -> [3, 0, 1, 3, 2] -> [3, 0, 1, 3, 2, 1] -> [3, 0, 1, 3, 2, 1, 0] -> [3, 0, 1, 3, 2, 1, 0, 0] -> [3, 0, 1, 3, 2, 1, 0, 0, 1] -> [3, 0, 1, 3, 2, 1, 0, 0, 1, 0] -> [3, 0, 1, 3, 2, 1, 0, 0, 1, 0, 1] -> [3, 0, 1, 3, 2, 1, 0, 0, 1, 0, 1, 3]
AsyncStartBFS: 4.57 ms, [] -> [3] -> [3, 2] -> [3, 2, 0] -> [3, 2, 0, 3] -> [3, 2, 0, 3, 0] -> [3, 2, 0, 3, 0, 0] -> [3, 2, 0, 3, 0, 0, 1] -> [3, 2, 0, 3, 0, 0, 1, 1] -> [3, 2, 0, 3, 0, 0, 1, 1, 3] -> [3, 2, 0, 3, 0, 0, 1, 1, 3, 3] -> [3, 2, 0, 3, 0, 0, 1, 1, 3, 3, 1] -> [3, 2, 0, 3, 0, 0, 1, 1, 3, 3, 1, 3]
SyncBFS: 82.85 ms, [] -> [3] -> [3, 0] -> [3, 0, 0] -> [3, 0, 0, 0] -> [3, 0, 0, 0, 3] -> [3, 0, 0, 0, 3, 3] -> [3, 0, 0, 0, 3, 3, 2] -> [3, 0, 0, 0, 3, 3, 2, 1] -> [3, 0, 0, 0, 3, 3, 2, 1, 1] -> [3, 0, 0, 0, 3, 3, 2, 1, 1, 0] -> [3, 0, 0, 0, 3, 3, 2, 1, 1, 0, 2] -> [3, 0, 0, 0, 3, 3, 2, 1, 1, 0, 2, 0]
MultithreadBFS: 4.91 ms, [] -> [3] -> [3, 2] -> [3, 2, 0] -> [3, 2, 0, 3] -> [3, 2, 0, 3, 0] -> [3, 2, 0, 3, 0, 0] -> [3, 2, 0, 3, 0, 0, 1] -> [3, 2, 0, 3, 0, 0, 1, 1] -> [3, 2, 0, 3, 0, 0, 1, 1, 3] -> [3, 2, 0, 3, 0, 0, 1, 1, 3, 3] -> [3, 2, 0, 3, 0, 0, 1, 1, 3, 3, 1] -> [3, 2, 0, 3, 0, 0, 1, 1, 3, 3, 1, 3]

problem_21.yaml
AsyncStartBFS: 0 ms, No solution found!
SyncBFS: 0 ms, No solution found!
MultithreadBFS: 0.35 ms, No solution found!
TasksBFS: 0.39 ms, No solution found!

problem_24.yaml
TasksBFS: 6.91 ms, [] -> [0] -> [0, 0] -> [0, 0, 1] -> [0, 0, 1, 0] -> [0, 0, 1, 0, 3] -> [0, 0, 1, 0, 3, 3] -> [0, 0, 1, 0, 3, 3, 1] -> [0, 0, 1, 0, 3, 3, 1, 1] -> [0, 0, 1, 0, 3, 3, 1, 1, 1] -> [0, 0, 1, 0, 3, 3, 1, 1, 1, 3] -> [0, 0, 1, 0, 3, 3, 1, 1, 1, 3, 3] -> [0, 0, 1, 0, 3, 3, 1, 1, 1, 3, 3, 2]
SyncBFS: 62.45 ms, [] -> [0] -> [0, 0] -> [0, 0, 1] -> [0, 0, 1, 0] -> [0, 0, 1, 0, 3] -> [0, 0, 1, 0, 3, 3] -> [0, 0, 1, 0, 3, 3, 1] -> [0, 0, 1, 0, 3, 3, 1, 1] -> [0, 0, 1, 0, 3, 3, 1, 1, 1] -> [0, 0, 1, 0, 3, 3, 1, 1, 1, 3] -> [0, 0, 1, 0, 3, 3, 1, 1, 1, 3, 3] -> [0, 0, 1, 0, 3, 3, 1, 1, 1, 3, 3, 2]
AsyncStartBFS: 6.14 ms, [] -> [2] -> [2, 0] -> [2, 0, 0] -> [2, 0, 0, 1] -> [2, 0, 0, 1, 1] -> [2, 0, 0, 1, 1, 2] -> [2, 0, 0, 1, 1, 2, 1] -> [2, 0, 0, 1, 1, 2, 1, 2] -> [2, 0, 0, 1, 1, 2, 1, 2, 2] -> [2, 0, 0, 1, 1, 2, 1, 2, 2, 3] -> [2, 0, 0, 1, 1, 2, 1, 2, 2, 3, 3] -> [2, 0, 0, 1, 1, 2, 1, 2, 2, 3, 3, 1]
MultithreadBFS: 7.25 ms, [] -> [2] -> [2, 0] -> [2, 0, 0] -> [2, 0, 0, 0] -> [2, 0, 0, 0, 0] -> [2, 0, 0, 0, 0, 2] -> [2, 0, 0, 0, 0, 2, 2] -> [2, 0, 0, 0, 0, 2, 2, 1] -> [2, 0, 0, 0, 0, 2, 2, 1, 3] -> [2, 0, 0, 0, 0, 2, 2, 1, 3, 2] -> [2, 0, 0, 0, 0, 2, 2, 1, 3, 2, 3] -> [2, 0, 0, 0, 0, 2, 2, 1, 3, 2, 3, 2]

problem_03.yaml
MultithreadBFS: 29.65 ms, [] -> [1] -> [1, 3] -> [1, 3, 3] -> [1, 3, 3, 3] -> [1, 3, 3, 3, 1] -> [1, 3, 3, 3, 1, 1] -> [1, 3, 3, 3, 1, 1, 1] -> [1, 3, 3, 3, 1, 1, 1, 0] -> [1, 3, 3, 3, 1, 1, 1, 0, 3] -> [1, 3, 3, 3, 1, 1, 1, 0, 3, 0] -> [1, 3, 3, 3, 1, 1, 1, 0, 3, 0, 0] -> [1, 3, 3, 3, 1, 1, 1, 0, 3, 0, 0, 1]
SyncBFS: 59.63 ms, [] -> [0] -> [0, 0] -> [0, 0, 3] -> [0, 0, 3, 0] -> [0, 0, 3, 0, 1] -> [0, 0, 3, 0, 1, 3] -> [0, 0, 3, 0, 1, 3, 1] -> [0, 0, 3, 0, 1, 3, 1, 2] -> [0, 0, 3, 0, 1, 3, 1, 2, 1] -> [0, 0, 3, 0, 1, 3, 1, 2, 1, 0] -> [0, 0, 3, 0, 1, 3, 1, 2, 1, 0, 2] -> [0, 0, 3, 0, 1, 3, 1, 2, 1, 0, 2, 0]
TasksBFS: 14.32 ms, [] -> [0] -> [0, 0] -> [0, 0, 3] -> [0, 0, 3, 0] -> [0, 0, 3, 0, 1] -> [0, 0, 3, 0, 1, 3] -> [0, 0, 3, 0, 1, 3, 1] -> [0, 0, 3, 0, 1, 3, 1, 2] -> [0, 0, 3, 0, 1, 3, 1, 2, 1] -> [0, 0, 3, 0, 1, 3, 1, 2, 1, 0] -> [0, 0, 3, 0, 1, 3, 1, 2, 1, 0, 2] -> [0, 0, 3, 0, 1, 3, 1, 2, 1, 0, 2, 0]
AsyncStartBFS: 7.05 ms, [] -> [1] -> [1, 3] -> [1, 3, 3] -> [1, 3, 3, 3] -> [1, 3, 3, 3, 1] -> [1, 3, 3, 3, 1, 1] -> [1, 3, 3, 3, 1, 1, 1] -> [1, 3, 3, 3, 1, 1, 1, 0] -> [1, 3, 3, 3, 1, 1, 1, 0, 3] -> [1, 3, 3, 3, 1, 1, 1, 0, 3, 0] -> [1, 3, 3, 3, 1, 1, 1, 0, 3, 0, 0] -> [1, 3, 3, 3, 1, 1, 1, 0, 3, 0, 0, 1]

problem_07.yaml
TasksBFS: 14.81 ms, [] -> [1] -> [1, 1] -> [1, 1, 1] -> [1, 1, 1, 3] -> [1, 1, 1, 3, 2] -> [1, 1, 1, 3, 2, 3] -> [1, 1, 1, 3, 2, 3, 3] -> [1, 1, 1, 3, 2, 3, 3, 3] -> [1, 1, 1, 3, 2, 3, 3, 3, 0] -> [1, 1, 1, 3, 2, 3, 3, 3, 0, 2] -> [1, 1, 1, 3, 2, 3, 3, 3, 0, 2, 0] -> [1, 1, 1, 3, 2, 3, 3, 3, 0, 2, 0, 0]
MultithreadBFS: 8.2 ms, [] -> [2] -> [2, 3] -> [2, 3, 2] -> [2, 3, 2, 3] -> [2, 3, 2, 3, 0] -> [2, 3, 2, 3, 0, 2] -> [2, 3, 2, 3, 0, 2, 3] -> [2, 3, 2, 3, 0, 2, 3, 0] -> [2, 3, 2, 3, 0, 2, 3, 0, 1] -> [2, 3, 2, 3, 0, 2, 3, 0, 1, 0] -> [2, 3, 2, 3, 0, 2, 3, 0, 1, 0, 2] -> [2, 3, 2, 3, 0, 2, 3, 0, 1, 0, 2, 0]
SyncBFS: 77.22 ms, [] -> [1] -> [1, 1] -> [1, 1, 1] -> [1, 1, 1, 3] -> [1, 1, 1, 3, 2] -> [1, 1, 1, 3, 2, 3] -> [1, 1, 1, 3, 2, 3, 3] -> [1, 1, 1, 3, 2, 3, 3, 3] -> [1, 1, 1, 3, 2, 3, 3, 3, 0] -> [1, 1, 1, 3, 2, 3, 3, 3, 0, 2] -> [1, 1, 1, 3, 2, 3, 3, 3, 0, 2, 0] -> [1, 1, 1, 3, 2, 3, 3, 3, 0, 2, 0, 0]
AsyncStartBFS: 3.3 ms, [] -> [2] -> [2, 3] -> [2, 3, 2] -> [2, 3, 2, 3] -> [2, 3, 2, 3, 0] -> [2, 3, 2, 3, 0, 2] -> [2, 3, 2, 3, 0, 2, 3] -> [2, 3, 2, 3, 0, 2, 3, 0] -> [2, 3, 2, 3, 0, 2, 3, 0, 1] -> [2, 3, 2, 3, 0, 2, 3, 0, 1, 0] -> [2, 3, 2, 3, 0, 2, 3, 0, 1, 0, 2] -> [2, 3, 2, 3, 0, 2, 3, 0, 1, 0, 2, 0]

problem_42.yaml
AsyncStartBFS: 3.56 ms, [] -> [1] -> [1, 2] -> [1, 2, 3] -> [1, 2, 3, 0] -> [1, 2, 3, 0, 1] -> [1, 2, 3, 0, 1, 0] -> [1, 2, 3, 0, 1, 0, 0] -> [1, 2, 3, 0, 1, 0, 0, 2] -> [1, 2, 3, 0, 1, 0, 0, 2, 1] -> [1, 2, 3, 0, 1, 0, 0, 2, 1, 0] -> [1, 2, 3, 0, 1, 0, 0, 2, 1, 0, 1] -> [1, 2, 3, 0, 1, 0, 0, 2, 1, 0, 1, 2]
MultithreadBFS: 5.92 ms, [] -> [1] -> [1, 2] -> [1, 2, 3] -> [1, 2, 3, 0] -> [1, 2, 3, 0, 1] -> [1, 2, 3, 0, 1, 0] -> [1, 2, 3, 0, 1, 0, 0] -> [1, 2, 3, 0, 1, 0, 0, 2] -> [1, 2, 3, 0, 1, 0, 0, 2, 1] -> [1, 2, 3, 0, 1, 0, 0, 2, 1, 0] -> [1, 2, 3, 0, 1, 0, 0, 2, 1, 0, 1] -> [1, 2, 3, 0, 1, 0, 0, 2, 1, 0, 1, 2]
TasksBFS: 6.78 ms, [] -> [0] -> [0, 0] -> [0, 0, 0] -> [0, 0, 0, 2] -> [0, 0, 0, 2, 2] -> [0, 0, 0, 2, 2, 1] -> [0, 0, 0, 2, 2, 1, 3] -> [0, 0, 0, 2, 2, 1, 3, 2] -> [0, 0, 0, 2, 2, 1, 3, 2, 2] -> [0, 0, 0, 2, 2, 1, 3, 2, 2, 2] -> [0, 0, 0, 2, 2, 1, 3, 2, 2, 2, 2] -> [0, 0, 0, 2, 2, 1, 3, 2, 2, 2, 2, 3]
SyncBFS: 65.02 ms, [] -> [0] -> [0, 0] -> [0, 0, 0] -> [0, 0, 0, 2] -> [0, 0, 0, 2, 2] -> [0, 0, 0, 2, 2, 1] -> [0, 0, 0, 2, 2, 1, 3] -> [0, 0, 0, 2, 2, 1, 3, 2] -> [0, 0, 0, 2, 2, 1, 3, 2, 2] -> [0, 0, 0, 2, 2, 1, 3, 2, 2, 2] -> [0, 0, 0, 2, 2, 1, 3, 2, 2, 2, 2] -> [0, 0, 0, 2, 2, 1, 3, 2, 2, 2, 2, 3]

problem_02.yaml
SyncBFS: 90.52 ms, [] -> [0] -> [0, 0] -> [0, 0, 2] -> [0, 0, 2, 3] -> [0, 0, 2, 3, 0] -> [0, 0, 2, 3, 0, 0] -> [0, 0, 2, 3, 0, 0, 1] -> [0, 0, 2, 3, 0, 0, 1, 1] -> [0, 0, 2, 3, 0, 0, 1, 1, 2] -> [0, 0, 2, 3, 0, 0, 1, 1, 2, 3] -> [0, 0, 2, 3, 0, 0, 1, 1, 2, 3, 1] -> [0, 0, 2, 3, 0, 0, 1, 1, 2, 3, 1, 3]
MultithreadBFS: 4.95 ms, [] -> [0] -> [0, 0] -> [0, 0, 2] -> [0, 0, 2, 3] -> [0, 0, 2, 3, 0] -> [0, 0, 2, 3, 0, 0] -> [0, 0, 2, 3, 0, 0, 1] -> [0, 0, 2, 3, 0, 0, 1, 1] -> [0, 0, 2, 3, 0, 0, 1, 1, 2] -> [0, 0, 2, 3, 0, 0, 1, 1, 2, 3] -> [0, 0, 2, 3, 0, 0, 1, 1, 2, 3, 1] -> [0, 0, 2, 3, 0, 0, 1, 1, 2, 3, 1, 3]
TasksBFS: 12.96 ms, [] -> [0] -> [0, 0] -> [0, 0, 2] -> [0, 0, 2, 3] -> [0, 0, 2, 3, 0] -> [0, 0, 2, 3, 0, 0] -> [0, 0, 2, 3, 0, 0, 1] -> [0, 0, 2, 3, 0, 0, 1, 1] -> [0, 0, 2, 3, 0, 0, 1, 1, 2] -> [0, 0, 2, 3, 0, 0, 1, 1, 2, 3] -> [0, 0, 2, 3, 0, 0, 1, 1, 2, 3, 1] -> [0, 0, 2, 3, 0, 0, 1, 1, 2, 3, 1, 3]
AsyncStartBFS: 4.19 ms, [] -> [0] -> [0, 0] -> [0, 0, 2] -> [0, 0, 2, 3] -> [0, 0, 2, 3, 0] -> [0, 0, 2, 3, 0, 0] -> [0, 0, 2, 3, 0, 0, 1] -> [0, 0, 2, 3, 0, 0, 1, 1] -> [0, 0, 2, 3, 0, 0, 1, 1, 2] -> [0, 0, 2, 3, 0, 0, 1, 1, 2, 3] -> [0, 0, 2, 3, 0, 0, 1, 1, 2, 3, 1] -> [0, 0, 2, 3, 0, 0, 1, 1, 2, 3, 1, 3]

problem_29.yaml
TasksBFS: 24.07 ms, [] -> [2] -> [2, 2] -> [2, 2, 1] -> [2, 2, 1, 3] -> [2, 2, 1, 3, 3] -> [2, 2, 1, 3, 3, 3] -> [2, 2, 1, 3, 3, 3, 2] -> [2, 2, 1, 3, 3, 3, 2, 1] -> [2, 2, 1, 3, 3, 3, 2, 1, 0] -> [2, 2, 1, 3, 3, 3, 2, 1, 0, 1] -> [2, 2, 1, 3, 3, 3, 2, 1, 0, 1, 2] -> [2, 2, 1, 3, 3, 3, 2, 1, 0, 1, 2, 2]
MultithreadBFS: 17.01 ms, [] -> [2] -> [2, 2] -> [2, 2, 1] -> [2, 2, 1, 3] -> [2, 2, 1, 3, 3] -> [2, 2, 1, 3, 3, 3] -> [2, 2, 1, 3, 3, 3, 2] -> [2, 2, 1, 3, 3, 3, 2, 1] -> [2, 2, 1, 3, 3, 3, 2, 1, 0] -> [2, 2, 1, 3, 3, 3, 2, 1, 0, 1] -> [2, 2, 1, 3, 3, 3, 2, 1, 0, 1, 2] -> [2, 2, 1, 3, 3, 3, 2, 1, 0, 1, 2, 2]
SyncBFS: 109.7 ms, [] -> [2] -> [2, 2] -> [2, 2, 1] -> [2, 2, 1, 3] -> [2, 2, 1, 3, 3] -> [2, 2, 1, 3, 3, 3] -> [2, 2, 1, 3, 3, 3, 2] -> [2, 2, 1, 3, 3, 3, 2, 1] -> [2, 2, 1, 3, 3, 3, 2, 1, 0] -> [2, 2, 1, 3, 3, 3, 2, 1, 0, 1] -> [2, 2, 1, 3, 3, 3, 2, 1, 0, 1, 2] -> [2, 2, 1, 3, 3, 3, 2, 1, 0, 1, 2, 2]
AsyncStartBFS: 8.53 ms, [] -> [2] -> [2, 3] -> [2, 3, 1] -> [2, 3, 1, 2] -> [2, 3, 1, 2, 0] -> [2, 3, 1, 2, 0, 1] -> [2, 3, 1, 2, 0, 1, 3] -> [2, 3, 1, 2, 0, 1, 3, 1] -> [2, 3, 1, 2, 0, 1, 3, 1, 0] -> [2, 3, 1, 2, 0, 1, 3, 1, 0, 2] -> [2, 3, 1, 2, 0, 1, 3, 1, 0, 2, 1] -> [2, 3, 1, 2, 0, 1, 3, 1, 0, 2, 1, 0]

problem_00.yaml
MultithreadBFS: 91.38 ms, No solution found!
TasksBFS: 26.45 ms, No solution found!
SyncBFS: 179.09 ms, No solution found!
AsyncStartBFS: 23.64 ms, No solution found!

problem_13.yaml
MultithreadBFS: 6.21 ms, [] -> [0] -> [0, 0] -> [0, 0, 2] -> [0, 0, 2, 3] -> [0, 0, 2, 3, 0] -> [0, 0, 2, 3, 0, 2] -> [0, 0, 2, 3, 0, 2, 0] -> [0, 0, 2, 3, 0, 2, 0, 3] -> [0, 0, 2, 3, 0, 2, 0, 3, 1] -> [0, 0, 2, 3, 0, 2, 0, 3, 1, 3] -> [0, 0, 2, 3, 0, 2, 0, 3, 1, 3, 2] -> [0, 0, 2, 3, 0, 2, 0, 3, 1, 3, 2, 2]
AsyncStartBFS: 3.7 ms, [] -> [0] -> [0, 0] -> [0, 0, 2] -> [0, 0, 2, 3] -> [0, 0, 2, 3, 0] -> [0, 0, 2, 3, 0, 2] -> [0, 0, 2, 3, 0, 2, 0] -> [0, 0, 2, 3, 0, 2, 0, 3] -> [0, 0, 2, 3, 0, 2, 0, 3, 1] -> [0, 0, 2, 3, 0, 2, 0, 3, 1, 3] -> [0, 0, 2, 3, 0, 2, 0, 3, 1, 3, 2] -> [0, 0, 2, 3, 0, 2, 0, 3, 1, 3, 2, 2]
SyncBFS: 118.71 ms, [] -> [0] -> [0, 0] -> [0, 0, 1] -> [0, 0, 1, 2] -> [0, 0, 1, 2, 0] -> [0, 0, 1, 2, 0, 1] -> [0, 0, 1, 2, 0, 1, 2] -> [0, 0, 1, 2, 0, 1, 2, 3] -> [0, 0, 1, 2, 0, 1, 2, 3, 0] -> [0, 0, 1, 2, 0, 1, 2, 3, 0, 0] -> [0, 0, 1, 2, 0, 1, 2, 3, 0, 0, 2] -> [0, 0, 1, 2, 0, 1, 2, 3, 0, 0, 2, 1]
TasksBFS: 15.9 ms, [] -> [0] -> [0, 0] -> [0, 0, 2] -> [0, 0, 2, 3] -> [0, 0, 2, 3, 0] -> [0, 0, 2, 3, 0, 2] -> [0, 0, 2, 3, 0, 2, 0] -> [0, 0, 2, 3, 0, 2, 0, 3] -> [0, 0, 2, 3, 0, 2, 0, 3, 1] -> [0, 0, 2, 3, 0, 2, 0, 3, 1, 3] -> [0, 0, 2, 3, 0, 2, 0, 3, 1, 3, 2] -> [0, 0, 2, 3, 0, 2, 0, 3, 1, 3, 2, 2]

problem_16.yaml
SyncBFS: 74 ms, [] -> [0] -> [0, 1] -> [0, 1, 2] -> [0, 1, 2, 1] -> [0, 1, 2, 1, 2] -> [0, 1, 2, 1, 2, 1] -> [0, 1, 2, 1, 2, 1, 3] -> [0, 1, 2, 1, 2, 1, 3, 0] -> [0, 1, 2, 1, 2, 1, 3, 0, 2] -> [0, 1, 2, 1, 2, 1, 3, 0, 2, 1] -> [0, 1, 2, 1, 2, 1, 3, 0, 2, 1, 3] -> [0, 1, 2, 1, 2, 1, 3, 0, 2, 1, 3, 2]
TasksBFS: 10.37 ms, [] -> [0] -> [0, 1] -> [0, 1, 2] -> [0, 1, 2, 1] -> [0, 1, 2, 1, 2] -> [0, 1, 2, 1, 2, 1] -> [0, 1, 2, 1, 2, 1, 3] -> [0, 1, 2, 1, 2, 1, 3, 0] -> [0, 1, 2, 1, 2, 1, 3, 0, 2] -> [0, 1, 2, 1, 2, 1, 3, 0, 2, 1] -> [0, 1, 2, 1, 2, 1, 3, 0, 2, 1, 3] -> [0, 1, 2, 1, 2, 1, 3, 0, 2, 1, 3, 2]
AsyncStartBFS: 3.3 ms, [] -> [0] -> [0, 3] -> [0, 3, 1] -> [0, 3, 1, 0] -> [0, 3, 1, 0, 0] -> [0, 3, 1, 0, 0, 0] -> [0, 3, 1, 0, 0, 0, 0] -> [0, 3, 1, 0, 0, 0, 0, 2] -> [0, 3, 1, 0, 0, 0, 0, 2, 0] -> [0, 3, 1, 0, 0, 0, 0, 2, 0, 3] -> [0, 3, 1, 0, 0, 0, 0, 2, 0, 3, 1] -> [0, 3, 1, 0, 0, 0, 0, 2, 0, 3, 1, 3]
MultithreadBFS: 3.91 ms, [] -> [0] -> [0, 3] -> [0, 3, 1] -> [0, 3, 1, 0] -> [0, 3, 1, 0, 0] -> [0, 3, 1, 0, 0, 0] -> [0, 3, 1, 0, 0, 0, 0] -> [0, 3, 1, 0, 0, 0, 0, 2] -> [0, 3, 1, 0, 0, 0, 0, 2, 0] -> [0, 3, 1, 0, 0, 0, 0, 2, 0, 3] -> [0, 3, 1, 0, 0, 0, 0, 2, 0, 3, 1] -> [0, 3, 1, 0, 0, 0, 0, 2, 0, 3, 1, 3]

problem_20.yaml
TasksBFS: 6 ms, [] -> [0] -> [0, 2] -> [0, 2, 3] -> [0, 2, 3, 2] -> [0, 2, 3, 2, 1] -> [0, 2, 3, 2, 1, 0] -> [0, 2, 3, 2, 1, 0, 3] -> [0, 2, 3, 2, 1, 0, 3, 1] -> [0, 2, 3, 2, 1, 0, 3, 1, 3] -> [0, 2, 3, 2, 1, 0, 3, 1, 3, 3] -> [0, 2, 3, 2, 1, 0, 3, 1, 3, 3, 1] -> [0, 2, 3, 2, 1, 0, 3, 1, 3, 3, 1, 0]
AsyncStartBFS: 2.32 ms, [] -> [3] -> [3, 0] -> [3, 0, 3] -> [3, 0, 3, 0] -> [3, 0, 3, 0, 0] -> [3, 0, 3, 0, 0, 2] -> [3, 0, 3, 0, 0, 2, 2] -> [3, 0, 3, 0, 0, 2, 2, 0] -> [3, 0, 3, 0, 0, 2, 2, 0, 0] -> [3, 0, 3, 0, 0, 2, 2, 0, 0, 3] -> [3, 0, 3, 0, 0, 2, 2, 0, 0, 3, 2] -> [3, 0, 3, 0, 0, 2, 2, 0, 0, 3, 2, 2]
SyncBFS: 39.26 ms, [] -> [0] -> [0, 2] -> [0, 2, 2] -> [0, 2, 2, 2] -> [0, 2, 2, 2, 2] -> [0, 2, 2, 2, 2, 1] -> [0, 2, 2, 2, 2, 1, 0] -> [0, 2, 2, 2, 2, 1, 0, 2] -> [0, 2, 2, 2, 2, 1, 0, 2, 2] -> [0, 2, 2, 2, 2, 1, 0, 2, 2, 0] -> [0, 2, 2, 2, 2, 1, 0, 2, 2, 0, 0] -> [0, 2, 2, 2, 2, 1, 0, 2, 2, 0, 0, 2]
MultithreadBFS: 6.99 ms, [] -> [3] -> [3, 0] -> [3, 0, 3] -> [3, 0, 3, 0] -> [3, 0, 3, 0, 0] -> [3, 0, 3, 0, 0, 2] -> [3, 0, 3, 0, 0, 2, 2] -> [3, 0, 3, 0, 0, 2, 2, 0] -> [3, 0, 3, 0, 0, 2, 2, 0, 0] -> [3, 0, 3, 0, 0, 2, 2, 0, 0, 3] -> [3, 0, 3, 0, 0, 2, 2, 0, 0, 3, 2] -> [3, 0, 3, 0, 0, 2, 2, 0, 0, 3, 2, 2]

problem_18.yaml
AsyncStartBFS: 1.58 ms, [] -> [2] -> [2, 0] -> [2, 0, 2] -> [2, 0, 2, 3] -> [2, 0, 2, 3, 0] -> [2, 0, 2, 3, 0, 0] -> [2, 0, 2, 3, 0, 0, 0] -> [2, 0, 2, 3, 0, 0, 0, 3] -> [2, 0, 2, 3, 0, 0, 0, 3, 0] -> [2, 0, 2, 3, 0, 0, 0, 3, 0, 2] -> [2, 0, 2, 3, 0, 0, 0, 3, 0, 2, 3] -> [2, 0, 2, 3, 0, 0, 0, 3, 0, 2, 3, 1]
SyncBFS: 64.23 ms, [] -> [0] -> [0, 1] -> [0, 1, 2] -> [0, 1, 2, 1] -> [0, 1, 2, 1, 2] -> [0, 1, 2, 1, 2, 3] -> [0, 1, 2, 1, 2, 3, 2] -> [0, 1, 2, 1, 2, 3, 2, 1] -> [0, 1, 2, 1, 2, 3, 2, 1, 0] -> [0, 1, 2, 1, 2, 3, 2, 1, 0, 3] -> [0, 1, 2, 1, 2, 3, 2, 1, 0, 3, 3] -> [0, 1, 2, 1, 2, 3, 2, 1, 0, 3, 3, 3]
TasksBFS: 9.24 ms, [] -> [0] -> [0, 1] -> [0, 1, 2] -> [0, 1, 2, 1] -> [0, 1, 2, 1, 2] -> [0, 1, 2, 1, 2, 3] -> [0, 1, 2, 1, 2, 3, 2] -> [0, 1, 2, 1, 2, 3, 2, 1] -> [0, 1, 2, 1, 2, 3, 2, 1, 0] -> [0, 1, 2, 1, 2, 3, 2, 1, 0, 3] -> [0, 1, 2, 1, 2, 3, 2, 1, 0, 3, 3] -> [0, 1, 2, 1, 2, 3, 2, 1, 0, 3, 3, 3]
MultithreadBFS: 2.11 ms, [] -> [2] -> [2, 0] -> [2, 0, 2] -> [2, 0, 2, 3] -> [2, 0, 2, 3, 0] -> [2, 0, 2, 3, 0, 0] -> [2, 0, 2, 3, 0, 0, 0] -> [2, 0, 2, 3, 0, 0, 0, 3] -> [2, 0, 2, 3, 0, 0, 0, 3, 0] -> [2, 0, 2, 3, 0, 0, 0, 3, 0, 2] -> [2, 0, 2, 3, 0, 0, 0, 3, 0, 2, 3] -> [2, 0, 2, 3, 0, 0, 0, 3, 0, 2, 3, 1]

problem_05.yaml
SyncBFS: 12.84 ms, [] -> [3] -> [3, 0] -> [3, 0, 0] -> [3, 0, 0, 0] -> [3, 0, 0, 0, 1] -> [3, 0, 0, 0, 1, 1] -> [3, 0, 0, 0, 1, 1, 3] -> [3, 0, 0, 0, 1, 1, 3, 3] -> [3, 0, 0, 0, 1, 1, 3, 3, 0] -> [3, 0, 0, 0, 1, 1, 3, 3, 0, 0] -> [3, 0, 0, 0, 1, 1, 3, 3, 0, 0, 3] -> [3, 0, 0, 0, 1, 1, 3, 3, 0, 0, 3, 1]
TasksBFS: 11.06 ms, [] -> [3] -> [3, 0] -> [3, 0, 0] -> [3, 0, 0, 0] -> [3, 0, 0, 0, 1] -> [3, 0, 0, 0, 1, 1] -> [3, 0, 0, 0, 1, 1, 3] -> [3, 0, 0, 0, 1, 1, 3, 3] -> [3, 0, 0, 0, 1, 1, 3, 3, 0] -> [3, 0, 0, 0, 1, 1, 3, 3, 0, 0] -> [3, 0, 0, 0, 1, 1, 3, 3, 0, 0, 3] -> [3, 0, 0, 0, 1, 1, 3, 3, 0, 0, 3, 1]
MultithreadBFS: 4.14 ms, [] -> [3] -> [3, 2] -> [3, 2, 2] -> [3, 2, 2, 0] -> [3, 2, 2, 0, 3] -> [3, 2, 2, 0, 3, 0] -> [3, 2, 2, 0, 3, 0, 2] -> [3, 2, 2, 0, 3, 0, 2, 2] -> [3, 2, 2, 0, 3, 0, 2, 2, 2] -> [3, 2, 2, 0, 3, 0, 2, 2, 2, 1] -> [3, 2, 2, 0, 3, 0, 2, 2, 2, 1, 1] -> [3, 2, 2, 0, 3, 0, 2, 2, 2, 1, 1, 1]
AsyncStartBFS: 1.96 ms, [] -> [3] -> [3, 2] -> [3, 2, 2] -> [3, 2, 2, 0] -> [3, 2, 2, 0, 3] -> [3, 2, 2, 0, 3, 0] -> [3, 2, 2, 0, 3, 0, 2] -> [3, 2, 2, 0, 3, 0, 2, 2] -> [3, 2, 2, 0, 3, 0, 2, 2, 2] -> [3, 2, 2, 0, 3, 0, 2, 2, 2, 1] -> [3, 2, 2, 0, 3, 0, 2, 2, 2, 1, 1] -> [3, 2, 2, 0, 3, 0, 2, 2, 2, 1, 1, 1]

problem_15.yaml
AsyncStartBFS: 2.47 ms, [] -> [1] -> [1, 3] -> [1, 3, 0] -> [1, 3, 0, 1] -> [1, 3, 0, 1, 3] -> [1, 3, 0, 1, 3, 0] -> [1, 3, 0, 1, 3, 0, 3] -> [1, 3, 0, 1, 3, 0, 3, 1] -> [1, 3, 0, 1, 3, 0, 3, 1, 2] -> [1, 3, 0, 1, 3, 0, 3, 1, 2, 3] -> [1, 3, 0, 1, 3, 0, 3, 1, 2, 3, 2] -> [1, 3, 0, 1, 3, 0, 3, 1, 2, 3, 2, 0]
MultithreadBFS: 3.87 ms, [] -> [1] -> [1, 3] -> [1, 3, 0] -> [1, 3, 0, 1] -> [1, 3, 0, 1, 3] -> [1, 3, 0, 1, 3, 0] -> [1, 3, 0, 1, 3, 0, 3] -> [1, 3, 0, 1, 3, 0, 3, 1] -> [1, 3, 0, 1, 3, 0, 3, 1, 2] -> [1, 3, 0, 1, 3, 0, 3, 1, 2, 3] -> [1, 3, 0, 1, 3, 0, 3, 1, 2, 3, 2] -> [1, 3, 0, 1, 3, 0, 3, 1, 2, 3, 2, 0]
SyncBFS: 50.9 ms, [] -> [0] -> [0, 0] -> [0, 0, 2] -> [0, 0, 2, 0] -> [0, 0, 2, 0, 1] -> [0, 0, 2, 0, 1, 3] -> [0, 0, 2, 0, 1, 3, 0] -> [0, 0, 2, 0, 1, 3, 0, 2] -> [0, 0, 2, 0, 1, 3, 0, 2, 0] -> [0, 0, 2, 0, 1, 3, 0, 2, 0, 0] -> [0, 0, 2, 0, 1, 3, 0, 2, 0, 0, 3] -> [0, 0, 2, 0, 1, 3, 0, 2, 0, 0, 3, 1]
TasksBFS: 14.1 ms, [] -> [0] -> [0, 2] -> [0, 2, 1] -> [0, 2, 1, 3] -> [0, 2, 1, 3, 0] -> [0, 2, 1, 3, 0, 1] -> [0, 2, 1, 3, 0, 1, 2] -> [0, 2, 1, 3, 0, 1, 2, 0] -> [0, 2, 1, 3, 0, 1, 2, 0, 0] -> [0, 2, 1, 3, 0, 1, 2, 0, 0, 3] -> [0, 2, 1, 3, 0, 1, 2, 0, 0, 3, 2] -> [0, 2, 1, 3, 0, 1, 2, 0, 0, 3, 2, 3]

problem_17.yaml
TasksBFS: 13.55 ms, [] -> [0] -> [0, 3] -> [0, 3, 0] -> [0, 3, 0, 3] -> [0, 3, 0, 3, 3] -> [0, 3, 0, 3, 3, 0] -> [0, 3, 0, 3, 3, 0, 1] -> [0, 3, 0, 3, 3, 0, 1, 0] -> [0, 3, 0, 3, 3, 0, 1, 0, 3] -> [0, 3, 0, 3, 3, 0, 1, 0, 3, 2] -> [0, 3, 0, 3, 3, 0, 1, 0, 3, 2, 3] -> [0, 3, 0, 3, 3, 0, 1, 0, 3, 2, 3, 3]
SyncBFS: 83.11 ms, [] -> [0] -> [0, 0] -> [0, 0, 0] -> [0, 0, 0, 3] -> [0, 0, 0, 3, 0] -> [0, 0, 0, 3, 0, 1] -> [0, 0, 0, 3, 0, 1, 2] -> [0, 0, 0, 3, 0, 1, 2, 2] -> [0, 0, 0, 3, 0, 1, 2, 2, 2] -> [0, 0, 0, 3, 0, 1, 2, 2, 2, 0] -> [0, 0, 0, 3, 0, 1, 2, 2, 2, 0, 2] -> [0, 0, 0, 3, 0, 1, 2, 2, 2, 0, 2, 0]
AsyncStartBFS: 4.58 ms, [] -> [0] -> [0, 3] -> [0, 3, 0] -> [0, 3, 0, 3] -> [0, 3, 0, 3, 3] -> [0, 3, 0, 3, 3, 0] -> [0, 3, 0, 3, 3, 0, 1] -> [0, 3, 0, 3, 3, 0, 1, 0] -> [0, 3, 0, 3, 3, 0, 1, 0, 3] -> [0, 3, 0, 3, 3, 0, 1, 0, 3, 2] -> [0, 3, 0, 3, 3, 0, 1, 0, 3, 2, 3] -> [0, 3, 0, 3, 3, 0, 1, 0, 3, 2, 3, 3]
MultithreadBFS: 5.74 ms, [] -> [0] -> [0, 3] -> [0, 3, 0] -> [0, 3, 0, 3] -> [0, 3, 0, 3, 3] -> [0, 3, 0, 3, 3, 0] -> [0, 3, 0, 3, 3, 0, 1] -> [0, 3, 0, 3, 3, 0, 1, 0] -> [0, 3, 0, 3, 3, 0, 1, 0, 3] -> [0, 3, 0, 3, 3, 0, 1, 0, 3, 2] -> [0, 3, 0, 3, 3, 0, 1, 0, 3, 2, 3] -> [0, 3, 0, 3, 3, 0, 1, 0, 3, 2, 3, 3]

problem_37.yaml
AsyncStartBFS: 8.64 ms, [] -> [1] -> [1, 0] -> [1, 0, 1] -> [1, 0, 1, 0] -> [1, 0, 1, 0, 0] -> [1, 0, 1, 0, 0, 1] -> [1, 0, 1, 0, 0, 1, 0] -> [1, 0, 1, 0, 0, 1, 0, 2] -> [1, 0, 1, 0, 0, 1, 0, 2, 3] -> [1, 0, 1, 0, 0, 1, 0, 2, 3, 0] -> [1, 0, 1, 0, 0, 1, 0, 2, 3, 0, 2] -> [1, 0, 1, 0, 0, 1, 0, 2, 3, 0, 2, 3]
TasksBFS: 11.72 ms, [] -> [0] -> [0, 1] -> [0, 1, 2] -> [0, 1, 2, 2] -> [0, 1, 2, 2, 0] -> [0, 1, 2, 2, 0, 0] -> [0, 1, 2, 2, 0, 0, 2] -> [0, 1, 2, 2, 0, 0, 2, 0] -> [0, 1, 2, 2, 0, 0, 2, 0, 0] -> [0, 1, 2, 2, 0, 0, 2, 0, 0, 0] -> [0, 1, 2, 2, 0, 0, 2, 0, 0, 0, 3] -> [0, 1, 2, 2, 0, 0, 2, 0, 0, 0, 3, 3]
SyncBFS: 108.55 ms, [] -> [0] -> [0, 0] -> [0, 0, 3] -> [0, 0, 3, 1] -> [0, 0, 3, 1, 2] -> [0, 0, 3, 1, 2, 1] -> [0, 0, 3, 1, 2, 1, 3] -> [0, 0, 3, 1, 2, 1, 3, 2] -> [0, 0, 3, 1, 2, 1, 3, 2, 3] -> [0, 0, 3, 1, 2, 1, 3, 2, 3, 2] -> [0, 0, 3, 1, 2, 1, 3, 2, 3, 2, 2] -> [0, 0, 3, 1, 2, 1, 3, 2, 3, 2, 2, 2]
MultithreadBFS: 9.32 ms, [] -> [0] -> [0, 1] -> [0, 1, 1] -> [0, 1, 1, 3] -> [0, 1, 1, 3, 1] -> [0, 1, 1, 3, 1, 1] -> [0, 1, 1, 3, 1, 1, 1] -> [0, 1, 1, 3, 1, 1, 1, 2] -> [0, 1, 1, 3, 1, 1, 1, 2, 2] -> [0, 1, 1, 3, 1, 1, 1, 2, 2, 0] -> [0, 1, 1, 3, 1, 1, 1, 2, 2, 0, 2] -> [0, 1, 1, 3, 1, 1, 1, 2, 2, 0, 2, 1]

problem_22.yaml
AsyncStartBFS: 2.53 ms, [] -> [1] -> [1, 1] -> [1, 1, 0] -> [1, 1, 0, 0] -> [1, 1, 0, 0, 1] -> [1, 1, 0, 0, 1, 2] -> [1, 1, 0, 0, 1, 2, 2] -> [1, 1, 0, 0, 1, 2, 2, 3] -> [1, 1, 0, 0, 1, 2, 2, 3, 2] -> [1, 1, 0, 0, 1, 2, 2, 3, 2, 1] -> [1, 1, 0, 0, 1, 2, 2, 3, 2, 1, 3] -> [1, 1, 0, 0, 1, 2, 2, 3, 2, 1, 3, 3]
SyncBFS: 45.13 ms, [] -> [1] -> [1, 1] -> [1, 1, 0] -> [1, 1, 0, 0] -> [1, 1, 0, 0, 1] -> [1, 1, 0, 0, 1, 2] -> [1, 1, 0, 0, 1, 2, 2] -> [1, 1, 0, 0, 1, 2, 2, 3] -> [1, 1, 0, 0, 1, 2, 2, 3, 2] -> [1, 1, 0, 0, 1, 2, 2, 3, 2, 1] -> [1, 1, 0, 0, 1, 2, 2, 3, 2, 1, 3] -> [1, 1, 0, 0, 1, 2, 2, 3, 2, 1, 3, 3]
MultithreadBFS: 8.01 ms, [] -> [1] -> [1, 1] -> [1, 1, 0] -> [1, 1, 0, 0] -> [1, 1, 0, 0, 1] -> [1, 1, 0, 0, 1, 2] -> [1, 1, 0, 0, 1, 2, 2] -> [1, 1, 0, 0, 1, 2, 2, 3] -> [1, 1, 0, 0, 1, 2, 2, 3, 2] -> [1, 1, 0, 0, 1, 2, 2, 3, 2, 1] -> [1, 1, 0, 0, 1, 2, 2, 3, 2, 1, 3] -> [1, 1, 0, 0, 1, 2, 2, 3, 2, 1, 3, 3]
TasksBFS: 6.04 ms, [] -> [1] -> [1, 2] -> [1, 2, 0] -> [1, 2, 0, 2] -> [1, 2, 0, 2, 0] -> [1, 2, 0, 2, 0, 1] -> [1, 2, 0, 2, 0, 1, 1] -> [1, 2, 0, 2, 0, 1, 1, 1] -> [1, 2, 0, 2, 0, 1, 1, 1, 1] -> [1, 2, 0, 2, 0, 1, 1, 1, 1, 2] -> [1, 2, 0, 2, 0, 1, 1, 1, 1, 2, 3] -> [1, 2, 0, 2, 0, 1, 1, 1, 1, 2, 3, 0]

problem_23.yaml
TasksBFS: 9.69 ms, [] -> [3] -> [3, 3] -> [3, 3, 0] -> [3, 3, 0, 1] -> [3, 3, 0, 1, 1] -> [3, 3, 0, 1, 1, 2] -> [3, 3, 0, 1, 1, 2, 2] -> [3, 3, 0, 1, 1, 2, 2, 1] -> [3, 3, 0, 1, 1, 2, 2, 1, 3] -> [3, 3, 0, 1, 1, 2, 2, 1, 3, 2] -> [3, 3, 0, 1, 1, 2, 2, 1, 3, 2, 3] -> [3, 3, 0, 1, 1, 2, 2, 1, 3, 2, 3, 3]
SyncBFS: 68.5 ms, [] -> [1] -> [1, 3] -> [1, 3, 0] -> [1, 3, 0, 2] -> [1, 3, 0, 2, 2] -> [1, 3, 0, 2, 2, 2] -> [1, 3, 0, 2, 2, 2, 2] -> [1, 3, 0, 2, 2, 2, 2, 1] -> [1, 3, 0, 2, 2, 2, 2, 1, 2] -> [1, 3, 0, 2, 2, 2, 2, 1, 2, 1] -> [1, 3, 0, 2, 2, 2, 2, 1, 2, 1, 2] -> [1, 3, 0, 2, 2, 2, 2, 1, 2, 1, 2, 3]
AsyncStartBFS: 2.44 ms, [] -> [3] -> [3, 3] -> [3, 3, 0] -> [3, 3, 0, 1] -> [3, 3, 0, 1, 1] -> [3, 3, 0, 1, 1, 2] -> [3, 3, 0, 1, 1, 2, 2] -> [3, 3, 0, 1, 1, 2, 2, 1] -> [3, 3, 0, 1, 1, 2, 2, 1, 3] -> [3, 3, 0, 1, 1, 2, 2, 1, 3, 2] -> [3, 3, 0, 1, 1, 2, 2, 1, 3, 2, 3] -> [3, 3, 0, 1, 1, 2, 2, 1, 3, 2, 3, 3]
MultithreadBFS: 2.69 ms, [] -> [3] -> [3, 3] -> [3, 3, 0] -> [3, 3, 0, 1] -> [3, 3, 0, 1, 1] -> [3, 3, 0, 1, 1, 2] -> [3, 3, 0, 1, 1, 2, 2] -> [3, 3, 0, 1, 1, 2, 2, 1] -> [3, 3, 0, 1, 1, 2, 2, 1, 3] -> [3, 3, 0, 1, 1, 2, 2, 1, 3, 2] -> [3, 3, 0, 1, 1, 2, 2, 1, 3, 2, 3] -> [3, 3, 0, 1, 1, 2, 2, 1, 3, 2, 3, 3]

problem_25.yaml
AsyncStartBFS: 1.92 ms, [] -> [0] -> [0, 0] -> [0, 0, 2] -> [0, 0, 2, 3] -> [0, 0, 2, 3, 0] -> [0, 0, 2, 3, 0, 2] -> [0, 0, 2, 3, 0, 2, 3] -> [0, 0, 2, 3, 0, 2, 3, 2] -> [0, 0, 2, 3, 0, 2, 3, 2, 0] -> [0, 0, 2, 3, 0, 2, 3, 2, 0, 2] -> [0, 0, 2, 3, 0, 2, 3, 2, 0, 2, 2] -> [0, 0, 2, 3, 0, 2, 3, 2, 0, 2, 2, 0]
SyncBFS: 21.91 ms, [] -> [0] -> [0, 0] -> [0, 0, 1] -> [0, 0, 1, 1] -> [0, 0, 1, 1, 3] -> [0, 0, 1, 1, 3, 1] -> [0, 0, 1, 1, 3, 1, 1] -> [0, 0, 1, 1, 3, 1, 1, 1] -> [0, 0, 1, 1, 3, 1, 1, 1, 3] -> [0, 0, 1, 1, 3, 1, 1, 1, 3, 1] -> [0, 0, 1, 1, 3, 1, 1, 1, 3, 1, 2] -> [0, 0, 1, 1, 3, 1, 1, 1, 3, 1, 2, 1]
MultithreadBFS: 5.48 ms, [] -> [0] -> [0, 0] -> [0, 0, 2] -> [0, 0, 2, 3] -> [0, 0, 2, 3, 0] -> [0, 0, 2, 3, 0, 2] -> [0, 0, 2, 3, 0, 2, 3] -> [0, 0, 2, 3, 0, 2, 3, 2] -> [0, 0, 2, 3, 0, 2, 3, 2, 0] -> [0, 0, 2, 3, 0, 2, 3, 2, 0, 2] -> [0, 0, 2, 3, 0, 2, 3, 2, 0, 2, 2] -> [0, 0, 2, 3, 0, 2, 3, 2, 0, 2, 2, 0]
TasksBFS: 2.37 ms, [] -> [0] -> [0, 0] -> [0, 0, 1] -> [0, 0, 1, 1] -> [0, 0, 1, 1, 3] -> [0, 0, 1, 1, 3, 1] -> [0, 0, 1, 1, 3, 1, 1] -> [0, 0, 1, 1, 3, 1, 1, 1] -> [0, 0, 1, 1, 3, 1, 1, 1, 3] -> [0, 0, 1, 1, 3, 1, 1, 1, 3, 1] -> [0, 0, 1, 1, 3, 1, 1, 1, 3, 1, 2] -> [0, 0, 1, 1, 3, 1, 1, 1, 3, 1, 2, 1]

problem_27.yaml
AsyncStartBFS: 3.33 ms, [] -> [0] -> [0, 3] -> [0, 3, 3] -> [0, 3, 3, 0] -> [0, 3, 3, 0, 3] -> [0, 3, 3, 0, 3, 0] -> [0, 3, 3, 0, 3, 0, 2] -> [0, 3, 3, 0, 3, 0, 2, 2] -> [0, 3, 3, 0, 3, 0, 2, 2, 0] -> [0, 3, 3, 0, 3, 0, 2, 2, 0, 2] -> [0, 3, 3, 0, 3, 0, 2, 2, 0, 2, 1] -> [0, 3, 3, 0, 3, 0, 2, 2, 0, 2, 1, 1]
SyncBFS: 16.9 ms, [] -> [0] -> [0, 3] -> [0, 3, 2] -> [0, 3, 2, 3] -> [0, 3, 2, 3, 3] -> [0, 3, 2, 3, 3, 0] -> [0, 3, 2, 3, 3, 0, 2] -> [0, 3, 2, 3, 3, 0, 2, 1] -> [0, 3, 2, 3, 3, 0, 2, 1, 0] -> [0, 3, 2, 3, 3, 0, 2, 1, 0, 1] -> [0, 3, 2, 3, 3, 0, 2, 1, 0, 1, 0] -> [0, 3, 2, 3, 3, 0, 2, 1, 0, 1, 0, 3]
TasksBFS: 5.03 ms, [] -> [0] -> [0, 3] -> [0, 3, 3] -> [0, 3, 3, 0] -> [0, 3, 3, 0, 3] -> [0, 3, 3, 0, 3, 0] -> [0, 3, 3, 0, 3, 0, 2] -> [0, 3, 3, 0, 3, 0, 2, 2] -> [0, 3, 3, 0, 3, 0, 2, 2, 0] -> [0, 3, 3, 0, 3, 0, 2, 2, 0, 2] -> [0, 3, 3, 0, 3, 0, 2, 2, 0, 2, 1] -> [0, 3, 3, 0, 3, 0, 2, 2, 0, 2, 1, 1]
MultithreadBFS: 11.38 ms, [] -> [0] -> [0, 3] -> [0, 3, 2] -> [0, 3, 2, 3] -> [0, 3, 2, 3, 3] -> [0, 3, 2, 3, 3, 0] -> [0, 3, 2, 3, 3, 0, 2] -> [0, 3, 2, 3, 3, 0, 2, 1] -> [0, 3, 2, 3, 3, 0, 2, 1, 0] -> [0, 3, 2, 3, 3, 0, 2, 1, 0, 1] -> [0, 3, 2, 3, 3, 0, 2, 1, 0, 1, 0] -> [0, 3, 2, 3, 3, 0, 2, 1, 0, 1, 0, 3]

problem_26.yaml
TasksBFS: 2 ms, [] -> [3] -> [3, 0] -> [3, 0, 0] -> [3, 0, 0, 1] -> [3, 0, 0, 1, 3] -> [3, 0, 0, 1, 3, 3] -> [3, 0, 0, 1, 3, 3, 1] -> [3, 0, 0, 1, 3, 3, 1, 0] -> [3, 0, 0, 1, 3, 3, 1, 0, 1] -> [3, 0, 0, 1, 3, 3, 1, 0, 1, 0] -> [3, 0, 0, 1, 3, 3, 1, 0, 1, 0, 3] -> [3, 0, 0, 1, 3, 3, 1, 0, 1, 0, 3, 2]
AsyncStartBFS: 1.62 ms, [] -> [3] -> [3, 1] -> [3, 1, 1] -> [3, 1, 1, 3] -> [3, 1, 1, 3, 0] -> [3, 1, 1, 3, 0, 0] -> [3, 1, 1, 3, 0, 0, 1] -> [3, 1, 1, 3, 0, 0, 1, 1] -> [3, 1, 1, 3, 0, 0, 1, 1, 3] -> [3, 1, 1, 3, 0, 0, 1, 1, 3, 1] -> [3, 1, 1, 3, 0, 0, 1, 1, 3, 1, 1] -> [3, 1, 1, 3, 0, 0, 1, 1, 3, 1, 1, 3]
MultithreadBFS: 2.38 ms, [] -> [3] -> [3, 1] -> [3, 1, 1] -> [3, 1, 1, 3] -> [3, 1, 1, 3, 0] -> [3, 1, 1, 3, 0, 0] -> [3, 1, 1, 3, 0, 0, 1] -> [3, 1, 1, 3, 0, 0, 1, 1] -> [3, 1, 1, 3, 0, 0, 1, 1, 3] -> [3, 1, 1, 3, 0, 0, 1, 1, 3, 1] -> [3, 1, 1, 3, 0, 0, 1, 1, 3, 1, 1] -> [3, 1, 1, 3, 0, 0, 1, 1, 3, 1, 1, 3]
SyncBFS: 19.87 ms, [] -> [3] -> [3, 0] -> [3, 0, 0] -> [3, 0, 0, 1] -> [3, 0, 0, 1, 3] -> [3, 0, 0, 1, 3, 3] -> [3, 0, 0, 1, 3, 3, 1] -> [3, 0, 0, 1, 3, 3, 1, 0] -> [3, 0, 0, 1, 3, 3, 1, 0, 1] -> [3, 0, 0, 1, 3, 3, 1, 0, 1, 0] -> [3, 0, 0, 1, 3, 3, 1, 0, 1, 0, 3] -> [3, 0, 0, 1, 3, 3, 1, 0, 1, 0, 3, 2]

problem_14.yaml
AsyncStartBFS: 4.08 ms, [] -> [1] -> [1, 2] -> [1, 2, 1] -> [1, 2, 1, 2] -> [1, 2, 1, 2, 3] -> [1, 2, 1, 2, 3, 3] -> [1, 2, 1, 2, 3, 3, 1] -> [1, 2, 1, 2, 3, 3, 1, 1] -> [1, 2, 1, 2, 3, 3, 1, 1, 0] -> [1, 2, 1, 2, 3, 3, 1, 1, 0, 2] -> [1, 2, 1, 2, 3, 3, 1, 1, 0, 2, 3] -> [1, 2, 1, 2, 3, 3, 1, 1, 0, 2, 3, 3]
MultithreadBFS: 14.03 ms, [] -> [0] -> [0, 2] -> [0, 2, 3] -> [0, 2, 3, 0] -> [0, 2, 3, 0, 3] -> [0, 2, 3, 0, 3, 1] -> [0, 2, 3, 0, 3, 1, 3] -> [0, 2, 3, 0, 3, 1, 3, 3] -> [0, 2, 3, 0, 3, 1, 3, 3, 2] -> [0, 2, 3, 0, 3, 1, 3, 3, 2, 1] -> [0, 2, 3, 0, 3, 1, 3, 3, 2, 1, 0] -> [0, 2, 3, 0, 3, 1, 3, 3, 2, 1, 0, 3]
SyncBFS: 86.94 ms, [] -> [0] -> [0, 2] -> [0, 2, 3] -> [0, 2, 3, 0] -> [0, 2, 3, 0, 3] -> [0, 2, 3, 0, 3, 1] -> [0, 2, 3, 0, 3, 1, 3] -> [0, 2, 3, 0, 3, 1, 3, 3] -> [0, 2, 3, 0, 3, 1, 3, 3, 2] -> [0, 2, 3, 0, 3, 1, 3, 3, 2, 1] -> [0, 2, 3, 0, 3, 1, 3, 3, 2, 1, 0] -> [0, 2, 3, 0, 3, 1, 3, 3, 2, 1, 0, 3]
TasksBFS: 16.57 ms, [] -> [0] -> [0, 2] -> [0, 2, 3] -> [0, 2, 3, 0] -> [0, 2, 3, 0, 3] -> [0, 2, 3, 0, 3, 1] -> [0, 2, 3, 0, 3, 1, 3] -> [0, 2, 3, 0, 3, 1, 3, 3] -> [0, 2, 3, 0, 3, 1, 3, 3, 2] -> [0, 2, 3, 0, 3, 1, 3, 3, 2, 1] -> [0, 2, 3, 0, 3, 1, 3, 3, 2, 1, 0] -> [0, 2, 3, 0, 3, 1, 3, 3, 2, 1, 0, 3]

problem_28.yaml
SyncBFS: 61.92 ms, [] -> [0] -> [0, 1] -> [0, 1, 2] -> [0, 1, 2, 0] -> [0, 1, 2, 0, 1] -> [0, 1, 2, 0, 1, 0] -> [0, 1, 2, 0, 1, 0, 3] -> [0, 1, 2, 0, 1, 0, 3, 1] -> [0, 1, 2, 0, 1, 0, 3, 1, 2] -> [0, 1, 2, 0, 1, 0, 3, 1, 2, 2] -> [0, 1, 2, 0, 1, 0, 3, 1, 2, 2, 1] -> [0, 1, 2, 0, 1, 0, 3, 1, 2, 2, 1, 1]
TasksBFS: 6.19 ms, [] -> [0] -> [0, 1] -> [0, 1, 2] -> [0, 1, 2, 0] -> [0, 1, 2, 0, 1] -> [0, 1, 2, 0, 1, 0] -> [0, 1, 2, 0, 1, 0, 3] -> [0, 1, 2, 0, 1, 0, 3, 1] -> [0, 1, 2, 0, 1, 0, 3, 1, 2] -> [0, 1, 2, 0, 1, 0, 3, 1, 2, 2] -> [0, 1, 2, 0, 1, 0, 3, 1, 2, 2, 1] -> [0, 1, 2, 0, 1, 0, 3, 1, 2, 2, 1, 1]
AsyncStartBFS: 3.74 ms, [] -> [1] -> [1, 3] -> [1, 3, 1] -> [1, 3, 1, 3] -> [1, 3, 1, 3, 0] -> [1, 3, 1, 3, 0, 3] -> [1, 3, 1, 3, 0, 3, 0] -> [1, 3, 1, 3, 0, 3, 0, 2] -> [1, 3, 1, 3, 0, 3, 0, 2, 0] -> [1, 3, 1, 3, 0, 3, 0, 2, 0, 1] -> [1, 3, 1, 3, 0, 3, 0, 2, 0, 1, 1] -> [1, 3, 1, 3, 0, 3, 0, 2, 0, 1, 1, 0]
MultithreadBFS: 5.72 ms, [] -> [1] -> [1, 3] -> [1, 3, 1] -> [1, 3, 1, 3] -> [1, 3, 1, 3, 0] -> [1, 3, 1, 3, 0, 3] -> [1, 3, 1, 3, 0, 3, 0] -> [1, 3, 1, 3, 0, 3, 0, 2] -> [1, 3, 1, 3, 0, 3, 0, 2, 0] -> [1, 3, 1, 3, 0, 3, 0, 2, 0, 1] -> [1, 3, 1, 3, 0, 3, 0, 2, 0, 1, 1] -> [1, 3, 1, 3, 0, 3, 0, 2, 0, 1, 1, 0]


[INFO] Results summary:
AsyncStartBFS
	Average: 5.0908 ms
	Median: 3.72 ms
	Standard Deviation: 4.06518 ms
SyncBFS
	Average: 63.7364 ms
	Median: 62.45 ms
	Standard Deviation: 33.6599 ms
TasksBFS
	Average: 10.1578 ms
	Median: 9.315 ms
	Standard Deviation: 5.29183 ms
MultithreadBFS
	Average: 12.186 ms
	Median: 6.6 ms
	Standard Deviation: 18.2594 ms
