problem_49.yaml
SyncBFS: 188.04 ms, [] -> [0] -> [0, 3] -> [0, 3, 0] -> [0, 3, 0, 0] -> [0, 3, 0, 0, 1] -> [0, 3, 0, 0, 1, 4] -> [0, 3, 0, 0, 1, 4, 2] -> [0, 3, 0, 0, 1, 4, 2, 4] -> [0, 3, 0, 0, 1, 4, 2, 4, 2] -> [0, 3, 0, 0, 1, 4, 2, 4, 2, 1]
TasksBFS: 24.4 ms, [] -> [0] -> [0, 3] -> [0, 3, 1] -> [0, 3, 1, 2] -> [0, 3, 1, 2, 3] -> [0, 3, 1, 2, 3, 1] -> [0, 3, 1, 2, 3, 1, 4] -> [0, 3, 1, 2, 3, 1, 4, 4] -> [0, 3, 1, 2, 3, 1, 4, 4, 3] -> [0, 3, 1, 2, 3, 1, 4, 4, 3, 2]
AsyncStartBFS: 8.62 ms, [] -> [0] -> [0, 4] -> [0, 4, 0] -> [0, 4, 0, 2] -> [0, 4, 0, 2, 0] -> [0, 4, 0, 2, 0, 1] -> [0, 4, 0, 2, 0, 1, 0] -> [0, 4, 0, 2, 0, 1, 0, 2] -> [0, 4, 0, 2, 0, 1, 0, 2, 2] -> [0, 4, 0, 2, 0, 1, 0, 2, 2, 2]
MultithreadBFS: 13.03 ms, [] -> [3] -> [3, 0] -> [3, 0, 0] -> [3, 0, 0, 0] -> [3, 0, 0, 0, 2] -> [3, 0, 0, 0, 2, 0] -> [3, 0, 0, 0, 2, 0, 3] -> [3, 0, 0, 0, 2, 0, 3, 1] -> [3, 0, 0, 0, 2, 0, 3, 1, 1] -> [3, 0, 0, 0, 2, 0, 3, 1, 1, 1]

problem_48.yaml
AsyncStartBFS: 19.99 ms, [] -> [0] -> [0, 3] -> [0, 3, 0] -> [0, 3, 0, 0] -> [0, 3, 0, 0, 1] -> [0, 3, 0, 0, 1, 2] -> [0, 3, 0, 0, 1, 2, 0] -> [0, 3, 0, 0, 1, 2, 0, 1] -> [0, 3, 0, 0, 1, 2, 0, 1, 3] -> [0, 3, 0, 0, 1, 2, 0, 1, 3, 0]
TasksBFS: 58.93 ms, [] -> [2] -> [2, 0] -> [2, 0, 4] -> [2, 0, 4, 0] -> [2, 0, 4, 0, 1] -> [2, 0, 4, 0, 1, 4] -> [2, 0, 4, 0, 1, 4, 0] -> [2, 0, 4, 0, 1, 4, 0, 2] -> [2, 0, 4, 0, 1, 4, 0, 2, 0] -> [2, 0, 4, 0, 1, 4, 0, 2, 0, 3]
MultithreadBFS: 32.24 ms, [] -> [0] -> [0, 3] -> [0, 3, 0] -> [0, 3, 0, 0] -> [0, 3, 0, 0, 1] -> [0, 3, 0, 0, 1, 2] -> [0, 3, 0, 0, 1, 2, 0] -> [0, 3, 0, 0, 1, 2, 0, 1] -> [0, 3, 0, 0, 1, 2, 0, 1, 3] -> [0, 3, 0, 0, 1, 2, 0, 1, 3, 0]
SyncBFS: 426.57 ms, [] -> [0] -> [0, 0] -> [0, 0, 0] -> [0, 0, 0, 4] -> [0, 0, 0, 4, 0] -> [0, 0, 0, 4, 0, 0] -> [0, 0, 0, 4, 0, 0, 4] -> [0, 0, 0, 4, 0, 0, 4, 4] -> [0, 0, 0, 4, 0, 0, 4, 4, 4] -> [0, 0, 0, 4, 0, 0, 4, 4, 4, 1]

problem_45.yaml
AsyncStartBFS: 13.36 ms, [] -> [0] -> [0, 4] -> [0, 4, 3] -> [0, 4, 3, 0] -> [0, 4, 3, 0, 0] -> [0, 4, 3, 0, 0, 2] -> [0, 4, 3, 0, 0, 2, 3] -> [0, 4, 3, 0, 0, 2, 3, 4] -> [0, 4, 3, 0, 0, 2, 3, 4, 2] -> [0, 4, 3, 0, 0, 2, 3, 4, 2, 1]
MultithreadBFS: 10.01 ms, [] -> [3] -> [3, 0] -> [3, 0, 2] -> [3, 0, 2, 3] -> [3, 0, 2, 3, 3] -> [3, 0, 2, 3, 3, 3] -> [3, 0, 2, 3, 3, 3, 2] -> [3, 0, 2, 3, 3, 3, 2, 0] -> [3, 0, 2, 3, 3, 3, 2, 0, 2] -> [3, 0, 2, 3, 3, 3, 2, 0, 2, 2]
TasksBFS: 48.03 ms, [] -> [0] -> [0, 0] -> [0, 0, 2] -> [0, 0, 2, 4] -> [0, 0, 2, 4, 3] -> [0, 0, 2, 4, 3, 2] -> [0, 0, 2, 4, 3, 2, 3] -> [0, 0, 2, 4, 3, 2, 3, 0] -> [0, 0, 2, 4, 3, 2, 3, 0, 0] -> [0, 0, 2, 4, 3, 2, 3, 0, 0, 4]
SyncBFS: 394.45 ms, [] -> [0] -> [0, 0] -> [0, 0, 0] -> [0, 0, 0, 1] -> [0, 0, 0, 1, 1] -> [0, 0, 0, 1, 1, 2] -> [0, 0, 0, 1, 1, 2, 4] -> [0, 0, 0, 1, 1, 2, 4, 2] -> [0, 0, 0, 1, 1, 2, 4, 2, 3] -> [0, 0, 0, 1, 1, 2, 4, 2, 3, 4]

problem_43.yaml
SyncBFS: 334.73 ms, [] -> [0] -> [0, 0] -> [0, 0, 0] -> [0, 0, 0, 2] -> [0, 0, 0, 2, 1] -> [0, 0, 0, 2, 1, 1] -> [0, 0, 0, 2, 1, 1, 4] -> [0, 0, 0, 2, 1, 1, 4, 0] -> [0, 0, 0, 2, 1, 1, 4, 0, 0] -> [0, 0, 0, 2, 1, 1, 4, 0, 0, 3]
TasksBFS: 42.78 ms, [] -> [0] -> [0, 1] -> [0, 1, 0] -> [0, 1, 0, 2] -> [0, 1, 0, 2, 1] -> [0, 1, 0, 2, 1, 0] -> [0, 1, 0, 2, 1, 0, 1] -> [0, 1, 0, 2, 1, 0, 1, 4] -> [0, 1, 0, 2, 1, 0, 1, 4, 3] -> [0, 1, 0, 2, 1, 0, 1, 4, 3, 1]
MultithreadBFS: 28.05 ms, [] -> [0] -> [0, 4] -> [0, 4, 4] -> [0, 4, 4, 0] -> [0, 4, 4, 0, 0] -> [0, 4, 4, 0, 0, 0] -> [0, 4, 4, 0, 0, 0, 2] -> [0, 4, 4, 0, 0, 0, 2, 4] -> [0, 4, 4, 0, 0, 0, 2, 4, 0] -> [0, 4, 4, 0, 0, 0, 2, 4, 0, 1]
AsyncStartBFS: 11.88 ms, [] -> [1] -> [1, 3] -> [1, 3, 2] -> [1, 3, 2, 0] -> [1, 3, 2, 0, 0] -> [1, 3, 2, 0, 0, 2] -> [1, 3, 2, 0, 0, 2, 1] -> [1, 3, 2, 0, 0, 2, 1, 3] -> [1, 3, 2, 0, 0, 2, 1, 3, 2] -> [1, 3, 2, 0, 0, 2, 1, 3, 2, 0]

problem_41.yaml
MultithreadBFS: 19.14 ms, [] -> [0] -> [0, 2] -> [0, 2, 1] -> [0, 2, 1, 0] -> [0, 2, 1, 0, 3] -> [0, 2, 1, 0, 3, 4] -> [0, 2, 1, 0, 3, 4, 4] -> [0, 2, 1, 0, 3, 4, 4, 3] -> [0, 2, 1, 0, 3, 4, 4, 3, 3] -> [0, 2, 1, 0, 3, 4, 4, 3, 3, 4]
SyncBFS: 408.5 ms, [] -> [0] -> [0, 0] -> [0, 0, 0] -> [0, 0, 0, 1] -> [0, 0, 0, 1, 4] -> [0, 0, 0, 1, 4, 2] -> [0, 0, 0, 1, 4, 2, 2] -> [0, 0, 0, 1, 4, 2, 2, 2] -> [0, 0, 0, 1, 4, 2, 2, 2, 0] -> [0, 0, 0, 1, 4, 2, 2, 2, 0, 1]
AsyncStartBFS: 16.41 ms, [] -> [0] -> [0, 4] -> [0, 4, 4] -> [0, 4, 4, 3] -> [0, 4, 4, 3, 3] -> [0, 4, 4, 3, 3, 0] -> [0, 4, 4, 3, 3, 0, 4] -> [0, 4, 4, 3, 3, 0, 4, 0] -> [0, 4, 4, 3, 3, 0, 4, 0, 4] -> [0, 4, 4, 3, 3, 0, 4, 0, 4, 3]
TasksBFS: 52.28 ms, [] -> [0] -> [0, 0] -> [0, 0, 0] -> [0, 0, 0, 1] -> [0, 0, 0, 1, 4] -> [0, 0, 0, 1, 4, 2] -> [0, 0, 0, 1, 4, 2, 2] -> [0, 0, 0, 1, 4, 2, 2, 2] -> [0, 0, 0, 1, 4, 2, 2, 2, 0] -> [0, 0, 0, 1, 4, 2, 2, 2, 0, 1]

problem_39.yaml
TasksBFS: 81.2 ms, [] -> [0] -> [0, 4] -> [0, 4, 1] -> [0, 4, 1, 0] -> [0, 4, 1, 0, 1] -> [0, 4, 1, 0, 1, 1] -> [0, 4, 1, 0, 1, 1, 3] -> [0, 4, 1, 0, 1, 1, 3, 0] -> [0, 4, 1, 0, 1, 1, 3, 0, 3] -> [0, 4, 1, 0, 1, 1, 3, 0, 3, 3]
MultithreadBFS: 19.36 ms, [] -> [0] -> [0, 1] -> [0, 1, 2] -> [0, 1, 2, 0] -> [0, 1, 2, 0, 0] -> [0, 1, 2, 0, 0, 0] -> [0, 1, 2, 0, 0, 0, 1] -> [0, 1, 2, 0, 0, 0, 1, 4] -> [0, 1, 2, 0, 0, 0, 1, 4, 0] -> [0, 1, 2, 0, 0, 0, 1, 4, 0, 0]
SyncBFS: 442.86 ms, [] -> [0] -> [0, 0] -> [0, 0, 0] -> [0, 0, 0, 3] -> [0, 0, 0, 3, 1] -> [0, 0, 0, 3, 1, 4] -> [0, 0, 0, 3, 1, 4, 0] -> [0, 0, 0, 3, 1, 4, 0, 0] -> [0, 0, 0, 3, 1, 4, 0, 0, 2] -> [0, 0, 0, 3, 1, 4, 0, 0, 2, 1]
AsyncStartBFS: 14.37 ms, [] -> [0] -> [0, 4] -> [0, 4, 2] -> [0, 4, 2, 0] -> [0, 4, 2, 0, 0] -> [0, 4, 2, 0, 0, 2] -> [0, 4, 2, 0, 0, 2, 2] -> [0, 4, 2, 0, 0, 2, 2, 0] -> [0, 4, 2, 0, 0, 2, 2, 0, 2] -> [0, 4, 2, 0, 0, 2, 2, 0, 2, 2]

problem_38.yaml
SyncBFS: 375.98 ms, [] -> [0] -> [0, 0] -> [0, 0, 0] -> [0, 0, 0, 0] -> [0, 0, 0, 0, 2] -> [0, 0, 0, 0, 2, 2] -> [0, 0, 0, 0, 2, 2, 3] -> [0, 0, 0, 0, 2, 2, 3, 2] -> [0, 0, 0, 0, 2, 2, 3, 2, 1] -> [0, 0, 0, 0, 2, 2, 3, 2, 1, 3]
TasksBFS: 54.25 ms, [] -> [0] -> [0, 0] -> [0, 0, 0] -> [0, 0, 0, 0] -> [0, 0, 0, 0, 2] -> [0, 0, 0, 0, 2, 2] -> [0, 0, 0, 0, 2, 2, 3] -> [0, 0, 0, 0, 2, 2, 3, 2] -> [0, 0, 0, 0, 2, 2, 3, 2, 1] -> [0, 0, 0, 0, 2, 2, 3, 2, 1, 3]
AsyncStartBFS: 21.99 ms, [] -> [1] -> [1, 1] -> [1, 1, 0] -> [1, 1, 0, 0] -> [1, 1, 0, 0, 1] -> [1, 1, 0, 0, 1, 3] -> [1, 1, 0, 0, 1, 3, 4] -> [1, 1, 0, 0, 1, 3, 4, 1] -> [1, 1, 0, 0, 1, 3, 4, 1, 0] -> [1, 1, 0, 0, 1, 3, 4, 1, 0, 3]
MultithreadBFS: 16.12 ms, [] -> [0] -> [0, 2] -> [0, 2, 4] -> [0, 2, 4, 2] -> [0, 2, 4, 2, 0] -> [0, 2, 4, 2, 0, 2] -> [0, 2, 4, 2, 0, 2, 3] -> [0, 2, 4, 2, 0, 2, 3, 0] -> [0, 2, 4, 2, 0, 2, 3, 0, 0] -> [0, 2, 4, 2, 0, 2, 3, 0, 0, 1]

problem_36.yaml
MultithreadBFS: 15.88 ms, [] -> [3] -> [3, 4] -> [3, 4, 0] -> [3, 4, 0, 1] -> [3, 4, 0, 1, 0] -> [3, 4, 0, 1, 0, 0] -> [3, 4, 0, 1, 0, 0, 1] -> [3, 4, 0, 1, 0, 0, 1, 3] -> [3, 4, 0, 1, 0, 0, 1, 3, 1] -> [3, 4, 0, 1, 0, 0, 1, 3, 1, 1]
SyncBFS: 188.06 ms, [] -> [1] -> [1, 1] -> [1, 1, 0] -> [1, 1, 0, 0] -> [1, 1, 0, 0, 1] -> [1, 1, 0, 0, 1, 0] -> [1, 1, 0, 0, 1, 0, 0] -> [1, 1, 0, 0, 1, 0, 0, 3] -> [1, 1, 0, 0, 1, 0, 0, 3, 2] -> [1, 1, 0, 0, 1, 0, 0, 3, 2, 4]
TasksBFS: 22.87 ms, [] -> [1] -> [1, 4] -> [1, 4, 1] -> [1, 4, 1, 1] -> [1, 4, 1, 1, 0] -> [1, 4, 1, 1, 0, 2] -> [1, 4, 1, 1, 0, 2, 3] -> [1, 4, 1, 1, 0, 2, 3, 3] -> [1, 4, 1, 1, 0, 2, 3, 3, 2] -> [1, 4, 1, 1, 0, 2, 3, 3, 2, 0]
AsyncStartBFS: 7.39 ms, [] -> [1] -> [1, 1] -> [1, 1, 2] -> [1, 1, 2, 2] -> [1, 1, 2, 2, 1] -> [1, 1, 2, 2, 1, 1] -> [1, 1, 2, 2, 1, 1, 4] -> [1, 1, 2, 2, 1, 1, 4, 3] -> [1, 1, 2, 2, 1, 1, 4, 3, 3] -> [1, 1, 2, 2, 1, 1, 4, 3, 3, 4]

problem_44.yaml
MultithreadBFS: 14.5 ms, [] -> [1] -> [1, 1] -> [1, 1, 1] -> [1, 1, 1, 0] -> [1, 1, 1, 0, 0] -> [1, 1, 1, 0, 0, 4] -> [1, 1, 1, 0, 0, 4, 4] -> [1, 1, 1, 0, 0, 4, 4, 3] -> [1, 1, 1, 0, 0, 4, 4, 3, 2] -> [1, 1, 1, 0, 0, 4, 4, 3, 2, 0]
SyncBFS: 402.34 ms, [] -> [1] -> [1, 0] -> [1, 0, 1] -> [1, 0, 1, 0] -> [1, 0, 1, 0, 2] -> [1, 0, 1, 0, 2, 2] -> [1, 0, 1, 0, 2, 2, 3] -> [1, 0, 1, 0, 2, 2, 3, 1] -> [1, 0, 1, 0, 2, 2, 3, 1, 4] -> [1, 0, 1, 0, 2, 2, 3, 1, 4, 0]
AsyncStartBFS: 5.78 ms, [] -> [1] -> [1, 0] -> [1, 0, 2] -> [1, 0, 2, 1] -> [1, 0, 2, 1, 2] -> [1, 0, 2, 1, 2, 4] -> [1, 0, 2, 1, 2, 4, 1] -> [1, 0, 2, 1, 2, 4, 1, 4] -> [1, 0, 2, 1, 2, 4, 1, 4, 1] -> [1, 0, 2, 1, 2, 4, 1, 4, 1, 2]
TasksBFS: 53.02 ms, [] -> [1] -> [1, 0] -> [1, 0, 2] -> [1, 0, 2, 1] -> [1, 0, 2, 1, 2] -> [1, 0, 2, 1, 2, 4] -> [1, 0, 2, 1, 2, 4, 1] -> [1, 0, 2, 1, 2, 4, 1, 4] -> [1, 0, 2, 1, 2, 4, 1, 4, 1] -> [1, 0, 2, 1, 2, 4, 1, 4, 1, 2]

problem_35.yaml
MultithreadBFS: 12.35 ms, [] -> [0] -> [0, 4] -> [0, 4, 1] -> [0, 4, 1, 0] -> [0, 4, 1, 0, 2] -> [0, 4, 1, 0, 2, 2] -> [0, 4, 1, 0, 2, 2, 1] -> [0, 4, 1, 0, 2, 2, 1, 2] -> [0, 4, 1, 0, 2, 2, 1, 2, 0] -> [0, 4, 1, 0, 2, 2, 1, 2, 0, 1]
TasksBFS: 51.9 ms, [] -> [0] -> [0, 1] -> [0, 1, 0] -> [0, 1, 0, 2] -> [0, 1, 0, 2, 0] -> [0, 1, 0, 2, 0, 0] -> [0, 1, 0, 2, 0, 0, 4] -> [0, 1, 0, 2, 0, 0, 4, 3] -> [0, 1, 0, 2, 0, 0, 4, 3, 0] -> [0, 1, 0, 2, 0, 0, 4, 3, 0, 0]
AsyncStartBFS: 14.58 ms, [] -> [0] -> [0, 1] -> [0, 1, 0] -> [0, 1, 0, 2] -> [0, 1, 0, 2, 0] -> [0, 1, 0, 2, 0, 0] -> [0, 1, 0, 2, 0, 0, 4] -> [0, 1, 0, 2, 0, 0, 4, 3] -> [0, 1, 0, 2, 0, 0, 4, 3, 0] -> [0, 1, 0, 2, 0, 0, 4, 3, 0, 0]
SyncBFS: 350.78 ms, [] -> [0] -> [0, 1] -> [0, 1, 0] -> [0, 1, 0, 2] -> [0, 1, 0, 2, 0] -> [0, 1, 0, 2, 0, 0] -> [0, 1, 0, 2, 0, 0, 4] -> [0, 1, 0, 2, 0, 0, 4, 3] -> [0, 1, 0, 2, 0, 0, 4, 3, 0] -> [0, 1, 0, 2, 0, 0, 4, 3, 0, 0]

problem_46.yaml
AsyncStartBFS: 18.68 ms, [] -> [2] -> [2, 0] -> [2, 0, 2] -> [2, 0, 2, 0] -> [2, 0, 2, 0, 0] -> [2, 0, 2, 0, 0, 4] -> [2, 0, 2, 0, 0, 4, 3] -> [2, 0, 2, 0, 0, 4, 3, 0] -> [2, 0, 2, 0, 0, 4, 3, 0, 4] -> [2, 0, 2, 0, 0, 4, 3, 0, 4, 2]
SyncBFS: 425.87 ms, [] -> [0] -> [0, 0] -> [0, 0, 3] -> [0, 0, 3, 1] -> [0, 0, 3, 1, 2] -> [0, 0, 3, 1, 2, 1] -> [0, 0, 3, 1, 2, 1, 0] -> [0, 0, 3, 1, 2, 1, 0, 1] -> [0, 0, 3, 1, 2, 1, 0, 1, 1] -> [0, 0, 3, 1, 2, 1, 0, 1, 1, 3]
MultithreadBFS: 17.4 ms, [] -> [0] -> [0, 4] -> [0, 4, 0] -> [0, 4, 0, 0] -> [0, 4, 0, 0, 1] -> [0, 4, 0, 0, 1, 1] -> [0, 4, 0, 0, 1, 1, 1] -> [0, 4, 0, 0, 1, 1, 1, 0] -> [0, 4, 0, 0, 1, 1, 1, 0, 2] -> [0, 4, 0, 0, 1, 1, 1, 0, 2, 1]
TasksBFS: 56.22 ms, [] -> [0] -> [0, 4] -> [0, 4, 3] -> [0, 4, 3, 4] -> [0, 4, 3, 4, 4] -> [0, 4, 3, 4, 4, 4] -> [0, 4, 3, 4, 4, 4, 4] -> [0, 4, 3, 4, 4, 4, 4, 3] -> [0, 4, 3, 4, 4, 4, 4, 3, 4] -> [0, 4, 3, 4, 4, 4, 4, 3, 4, 3]

problem_34.yaml
SyncBFS: 250.91 ms, [] -> [0] -> [0, 0] -> [0, 0, 0] -> [0, 0, 0, 3] -> [0, 0, 0, 3, 3] -> [0, 0, 0, 3, 3, 2] -> [0, 0, 0, 3, 3, 2, 2] -> [0, 0, 0, 3, 3, 2, 2, 2] -> [0, 0, 0, 3, 3, 2, 2, 2, 0] -> [0, 0, 0, 3, 3, 2, 2, 2, 0, 2]
TasksBFS: 30.37 ms, [] -> [0] -> [0, 0] -> [0, 0, 1] -> [0, 0, 1, 4] -> [0, 0, 1, 4, 3] -> [0, 0, 1, 4, 3, 2] -> [0, 0, 1, 4, 3, 2, 0] -> [0, 0, 1, 4, 3, 2, 0, 4] -> [0, 0, 1, 4, 3, 2, 0, 4, 1] -> [0, 0, 1, 4, 3, 2, 0, 4, 1, 1]
MultithreadBFS: 17.16 ms, [] -> [0] -> [0, 0] -> [0, 0, 4] -> [0, 0, 4, 3] -> [0, 0, 4, 3, 1] -> [0, 0, 4, 3, 1, 3] -> [0, 0, 4, 3, 1, 3, 0] -> [0, 0, 4, 3, 1, 3, 0, 2] -> [0, 0, 4, 3, 1, 3, 0, 2, 3] -> [0, 0, 4, 3, 1, 3, 0, 2, 3, 1]
AsyncStartBFS: 5.01 ms, [] -> [0] -> [0, 2] -> [0, 2, 0] -> [0, 2, 0, 4] -> [0, 2, 0, 4, 1] -> [0, 2, 0, 4, 1, 4] -> [0, 2, 0, 4, 1, 4, 4] -> [0, 2, 0, 4, 1, 4, 4, 2] -> [0, 2, 0, 4, 1, 4, 4, 2, 1] -> [0, 2, 0, 4, 1, 4, 4, 2, 1, 4]

problem_32.yaml
SyncBFS: 142.51 ms, [] -> [1] -> [1, 0] -> [1, 0, 1] -> [1, 0, 1, 1] -> [1, 0, 1, 1, 0] -> [1, 0, 1, 1, 0, 3] -> [1, 0, 1, 1, 0, 3, 2] -> [1, 0, 1, 1, 0, 3, 2, 0] -> [1, 0, 1, 1, 0, 3, 2, 0, 1] -> [1, 0, 1, 1, 0, 3, 2, 0, 1, 1]
TasksBFS: 17.83 ms, [] -> [1] -> [1, 0] -> [1, 0, 1] -> [1, 0, 1, 1] -> [1, 0, 1, 1, 0] -> [1, 0, 1, 1, 0, 3] -> [1, 0, 1, 1, 0, 3, 2] -> [1, 0, 1, 1, 0, 3, 2, 0] -> [1, 0, 1, 1, 0, 3, 2, 0, 1] -> [1, 0, 1, 1, 0, 3, 2, 0, 1, 1]
AsyncStartBFS: 7.67 ms, [] -> [1] -> [1, 2] -> [1, 2, 3] -> [1, 2, 3, 4] -> [1, 2, 3, 4, 0] -> [1, 2, 3, 4, 0, 1] -> [1, 2, 3, 4, 0, 1, 2] -> [1, 2, 3, 4, 0, 1, 2, 1] -> [1, 2, 3, 4, 0, 1, 2, 1, 1] -> [1, 2, 3, 4, 0, 1, 2, 1, 1, 1]
MultithreadBFS: 4.67 ms, [] -> [1] -> [1, 0] -> [1, 0, 2] -> [1, 0, 2, 4] -> [1, 0, 2, 4, 1] -> [1, 0, 2, 4, 1, 2] -> [1, 0, 2, 4, 1, 2, 0] -> [1, 0, 2, 4, 1, 2, 0, 2] -> [1, 0, 2, 4, 1, 2, 0, 2, 4] -> [1, 0, 2, 4, 1, 2, 0, 2, 4, 1]

problem_31.yaml
SyncBFS: 375.87 ms, [] -> [0] -> [0, 0] -> [0, 0, 0] -> [0, 0, 0, 2] -> [0, 0, 0, 2, 1] -> [0, 0, 0, 2, 1, 2] -> [0, 0, 0, 2, 1, 2, 3] -> [0, 0, 0, 2, 1, 2, 3, 4] -> [0, 0, 0, 2, 1, 2, 3, 4, 1] -> [0, 0, 0, 2, 1, 2, 3, 4, 1, 4]
MultithreadBFS: 16.26 ms, [] -> [0] -> [0, 1] -> [0, 1, 1] -> [0, 1, 1, 0] -> [0, 1, 1, 0, 1] -> [0, 1, 1, 0, 1, 2] -> [0, 1, 1, 0, 1, 2, 4] -> [0, 1, 1, 0, 1, 2, 4, 3] -> [0, 1, 1, 0, 1, 2, 4, 3, 1] -> [0, 1, 1, 0, 1, 2, 4, 3, 1, 1]
TasksBFS: 55.95 ms, [] -> [0] -> [0, 4] -> [0, 4, 0] -> [0, 4, 0, 0] -> [0, 4, 0, 0, 2] -> [0, 4, 0, 0, 2, 0] -> [0, 4, 0, 0, 2, 0, 1] -> [0, 4, 0, 0, 2, 0, 1, 4] -> [0, 4, 0, 0, 2, 0, 1, 4, 4] -> [0, 4, 0, 0, 2, 0, 1, 4, 4, 0]
AsyncStartBFS: 26.54 ms, [] -> [0] -> [0, 0] -> [0, 0, 4] -> [0, 0, 4, 1] -> [0, 0, 4, 1, 1] -> [0, 0, 4, 1, 1, 3] -> [0, 0, 4, 1, 1, 3, 3] -> [0, 0, 4, 1, 1, 3, 3, 0] -> [0, 0, 4, 1, 1, 3, 3, 0, 1] -> [0, 0, 4, 1, 1, 3, 3, 0, 1, 4]

problem_30.yaml
SyncBFS: 358.44 ms, [] -> [1] -> [1, 0] -> [1, 0, 0] -> [1, 0, 0, 0] -> [1, 0, 0, 0, 1] -> [1, 0, 0, 0, 1, 0] -> [1, 0, 0, 0, 1, 0, 2] -> [1, 0, 0, 0, 1, 0, 2, 3] -> [1, 0, 0, 0, 1, 0, 2, 3, 4] -> [1, 0, 0, 0, 1, 0, 2, 3, 4, 1]
AsyncStartBFS: 10.67 ms, [] -> [1] -> [1, 2] -> [1, 2, 3] -> [1, 2, 3, 1] -> [1, 2, 3, 1, 3] -> [1, 2, 3, 1, 3, 0] -> [1, 2, 3, 1, 3, 0, 4] -> [1, 2, 3, 1, 3, 0, 4, 4] -> [1, 2, 3, 1, 3, 0, 4, 4, 2] -> [1, 2, 3, 1, 3, 0, 4, 4, 2, 4]
MultithreadBFS: 18.39 ms, [] -> [1] -> [1, 4] -> [1, 4, 0] -> [1, 4, 0, 0] -> [1, 4, 0, 0, 0] -> [1, 4, 0, 0, 0, 1] -> [1, 4, 0, 0, 0, 1, 0] -> [1, 4, 0, 0, 0, 1, 0, 2] -> [1, 4, 0, 0, 0, 1, 0, 2, 2] -> [1, 4, 0, 0, 0, 1, 0, 2, 2, 3]
TasksBFS: 52.83 ms, [] -> [1] -> [1, 0] -> [1, 0, 0] -> [1, 0, 0, 2] -> [1, 0, 0, 2, 1] -> [1, 0, 0, 2, 1, 4] -> [1, 0, 0, 2, 1, 4, 3] -> [1, 0, 0, 2, 1, 4, 3, 3] -> [1, 0, 0, 2, 1, 4, 3, 3, 0] -> [1, 0, 0, 2, 1, 4, 3, 3, 0, 2]

problem_10.yaml
MultithreadBFS: 19.06 ms, [] -> [1] -> [1, 1] -> [1, 1, 0] -> [1, 1, 0, 0] -> [1, 1, 0, 0, 0] -> [1, 1, 0, 0, 0, 2] -> [1, 1, 0, 0, 0, 2, 0] -> [1, 1, 0, 0, 0, 2, 0, 4] -> [1, 1, 0, 0, 0, 2, 0, 4, 1] -> [1, 1, 0, 0, 0, 2, 0, 4, 1, 2]
TasksBFS: 39.43 ms, [] -> [0] -> [0, 1] -> [0, 1, 0] -> [0, 1, 0, 1] -> [0, 1, 0, 1, 2] -> [0, 1, 0, 1, 2, 4] -> [0, 1, 0, 1, 2, 4, 3] -> [0, 1, 0, 1, 2, 4, 3, 1] -> [0, 1, 0, 1, 2, 4, 3, 1, 0] -> [0, 1, 0, 1, 2, 4, 3, 1, 0, 2]
AsyncStartBFS: 11.79 ms, [] -> [0] -> [0, 0] -> [0, 0, 0] -> [0, 0, 0, 1] -> [0, 0, 0, 1, 3] -> [0, 0, 0, 1, 3, 0] -> [0, 0, 0, 1, 3, 0, 4] -> [0, 0, 0, 1, 3, 0, 4, 1] -> [0, 0, 0, 1, 3, 0, 4, 1, 0] -> [0, 0, 0, 1, 3, 0, 4, 1, 0, 0]
SyncBFS: 247.96 ms, [] -> [0] -> [0, 0] -> [0, 0, 0] -> [0, 0, 0, 1] -> [0, 0, 0, 1, 3] -> [0, 0, 0, 1, 3, 0] -> [0, 0, 0, 1, 3, 0, 4] -> [0, 0, 0, 1, 3, 0, 4, 1] -> [0, 0, 0, 1, 3, 0, 4, 1, 0] -> [0, 0, 0, 1, 3, 0, 4, 1, 0, 0]

problem_09.yaml
SyncBFS: 386.31 ms, [] -> [0] -> [0, 0] -> [0, 0, 0] -> [0, 0, 0, 3] -> [0, 0, 0, 3, 0] -> [0, 0, 0, 3, 0, 4] -> [0, 0, 0, 3, 0, 4, 2] -> [0, 0, 0, 3, 0, 4, 2, 1] -> [0, 0, 0, 3, 0, 4, 2, 1, 1] -> [0, 0, 0, 3, 0, 4, 2, 1, 1, 1]
MultithreadBFS: 17.23 ms, [] -> [0] -> [0, 4] -> [0, 4, 3] -> [0, 4, 3, 1] -> [0, 4, 3, 1, 1] -> [0, 4, 3, 1, 1, 4] -> [0, 4, 3, 1, 1, 4, 4] -> [0, 4, 3, 1, 1, 4, 4, 4] -> [0, 4, 3, 1, 1, 4, 4, 4, 3] -> [0, 4, 3, 1, 1, 4, 4, 4, 3, 3]
AsyncStartBFS: 13.89 ms, [] -> [0] -> [0, 2] -> [0, 2, 4] -> [0, 2, 4, 1] -> [0, 2, 4, 1, 0] -> [0, 2, 4, 1, 0, 4] -> [0, 2, 4, 1, 0, 4, 2] -> [0, 2, 4, 1, 0, 4, 2, 4] -> [0, 2, 4, 1, 0, 4, 2, 4, 1] -> [0, 2, 4, 1, 0, 4, 2, 4, 1, 4]
TasksBFS: 57.14 ms, [] -> [0] -> [0, 0] -> [0, 0, 1] -> [0, 0, 1, 0] -> [0, 0, 1, 0, 4] -> [0, 0, 1, 0, 4, 0] -> [0, 0, 1, 0, 4, 0, 4] -> [0, 0, 1, 0, 4, 0, 4, 2] -> [0, 0, 1, 0, 4, 0, 4, 2, 4] -> [0, 0, 1, 0, 4, 0, 4, 2, 4, 4]

problem_12.yaml
TasksBFS: 65.31 ms, [] -> [0] -> [0, 3] -> [0, 3, 2] -> [0, 3, 2, 1] -> [0, 3, 2, 1, 1] -> [0, 3, 2, 1, 1, 4] -> [0, 3, 2, 1, 1, 4, 1] -> [0, 3, 2, 1, 1, 4, 1, 3] -> [0, 3, 2, 1, 1, 4, 1, 3, 0] -> [0, 3, 2, 1, 1, 4, 1, 3, 0, 0]
SyncBFS: 432.63 ms, [] -> [0] -> [0, 1] -> [0, 1, 0] -> [0, 1, 0, 4] -> [0, 1, 0, 4, 2] -> [0, 1, 0, 4, 2, 1] -> [0, 1, 0, 4, 2, 1, 2] -> [0, 1, 0, 4, 2, 1, 2, 3] -> [0, 1, 0, 4, 2, 1, 2, 3, 4] -> [0, 1, 0, 4, 2, 1, 2, 3, 4, 1]
MultithreadBFS: 33.6 ms, [] -> [0] -> [0, 3] -> [0, 3, 0] -> [0, 3, 0, 2] -> [0, 3, 0, 2, 4] -> [0, 3, 0, 2, 4, 4] -> [0, 3, 0, 2, 4, 4, 4] -> [0, 3, 0, 2, 4, 4, 4, 2] -> [0, 3, 0, 2, 4, 4, 4, 2, 3] -> [0, 3, 0, 2, 4, 4, 4, 2, 3, 4]
AsyncStartBFS: 14.89 ms, [] -> [3] -> [3, 4] -> [3, 4, 2] -> [3, 4, 2, 1] -> [3, 4, 2, 1, 0] -> [3, 4, 2, 1, 0, 0] -> [3, 4, 2, 1, 0, 0, 3] -> [3, 4, 2, 1, 0, 0, 3, 1] -> [3, 4, 2, 1, 0, 0, 3, 1, 2] -> [3, 4, 2, 1, 0, 0, 3, 1, 2, 4]

problem_47.yaml
TasksBFS: 69.42 ms, [] -> [0] -> [0, 4] -> [0, 4, 4] -> [0, 4, 4, 3] -> [0, 4, 4, 3, 0] -> [0, 4, 4, 3, 0, 2] -> [0, 4, 4, 3, 0, 2, 3] -> [0, 4, 4, 3, 0, 2, 3, 1] -> [0, 4, 4, 3, 0, 2, 3, 1, 0] -> [0, 4, 4, 3, 0, 2, 3, 1, 0, 0]
SyncBFS: 470.25 ms, [] -> [0] -> [0, 0] -> [0, 0, 0] -> [0, 0, 0, 0] -> [0, 0, 0, 0, 4] -> [0, 0, 0, 0, 4, 0] -> [0, 0, 0, 0, 4, 0, 2] -> [0, 0, 0, 0, 4, 0, 2, 0] -> [0, 0, 0, 0, 4, 0, 2, 0, 3] -> [0, 0, 0, 0, 4, 0, 2, 0, 3, 2]
MultithreadBFS: 18.89 ms, [] -> [0] -> [0, 4] -> [0, 4, 3] -> [0, 4, 3, 3] -> [0, 4, 3, 3, 3] -> [0, 4, 3, 3, 3, 2] -> [0, 4, 3, 3, 3, 2, 0] -> [0, 4, 3, 3, 3, 2, 0, 0] -> [0, 4, 3, 3, 3, 2, 0, 0, 4] -> [0, 4, 3, 3, 3, 2, 0, 0, 4, 3]
AsyncStartBFS: 23.67 ms, [] -> [0] -> [0, 1] -> [0, 1, 1] -> [0, 1, 1, 1] -> [0, 1, 1, 1, 2] -> [0, 1, 1, 1, 2, 1] -> [0, 1, 1, 1, 2, 1, 3] -> [0, 1, 1, 1, 2, 1, 3, 2] -> [0, 1, 1, 1, 2, 1, 3, 2, 2] -> [0, 1, 1, 1, 2, 1, 3, 2, 2, 3]

problem_11.yaml
AsyncStartBFS: 6.85 ms, [] -> [0] -> [0, 0] -> [0, 0, 1] -> [0, 0, 1, 2] -> [0, 0, 1, 2, 1] -> [0, 0, 1, 2, 1, 0] -> [0, 0, 1, 2, 1, 0, 0] -> [0, 0, 1, 2, 1, 0, 0, 0] -> [0, 0, 1, 2, 1, 0, 0, 0, 3] -> [0, 0, 1, 2, 1, 0, 0, 0, 3, 3]
SyncBFS: 323.95 ms, [] -> [0] -> [0, 0] -> [0, 0, 0] -> [0, 0, 0, 3] -> [0, 0, 0, 3, 1] -> [0, 0, 0, 3, 1, 3] -> [0, 0, 0, 3, 1, 3, 2] -> [0, 0, 0, 3, 1, 3, 2, 2] -> [0, 0, 0, 3, 1, 3, 2, 2, 1] -> [0, 0, 0, 3, 1, 3, 2, 2, 1, 2]
MultithreadBFS: 15.4 ms, [] -> [1] -> [1, 2] -> [1, 2, 4] -> [1, 2, 4, 2] -> [1, 2, 4, 2, 1] -> [1, 2, 4, 2, 1, 0] -> [1, 2, 4, 2, 1, 0, 4] -> [1, 2, 4, 2, 1, 0, 4, 2] -> [1, 2, 4, 2, 1, 0, 4, 2, 0] -> [1, 2, 4, 2, 1, 0, 4, 2, 0, 0]
TasksBFS: 49.36 ms, [] -> [0] -> [0, 1] -> [0, 1, 0] -> [0, 1, 0, 0] -> [0, 1, 0, 0, 0] -> [0, 1, 0, 0, 0, 0] -> [0, 1, 0, 0, 0, 0, 2] -> [0, 1, 0, 0, 0, 0, 2, 0] -> [0, 1, 0, 0, 0, 0, 2, 0, 0] -> [0, 1, 0, 0, 0, 0, 2, 0, 0, 2]

problem_01.yaml
TasksBFS: 38.96 ms, [] -> [0] -> [0, 0] -> [0, 0, 4] -> [0, 0, 4, 4] -> [0, 0, 4, 4, 3] -> [0, 0, 4, 4, 3, 4] -> [0, 0, 4, 4, 3, 4, 2] -> [0, 0, 4, 4, 3, 4, 2, 3] -> [0, 0, 4, 4, 3, 4, 2, 3, 1] -> [0, 0, 4, 4, 3, 4, 2, 3, 1, 0]
MultithreadBFS: 15.62 ms, [] -> [1] -> [1, 0] -> [1, 0, 0] -> [1, 0, 0, 0] -> [1, 0, 0, 0, 0] -> [1, 0, 0, 0, 0, 1] -> [1, 0, 0, 0, 0, 1, 4] -> [1, 0, 0, 0, 0, 1, 4, 2] -> [1, 0, 0, 0, 0, 1, 4, 2, 3] -> [1, 0, 0, 0, 0, 1, 4, 2, 3, 3]
AsyncStartBFS: 7.79 ms, [] -> [1] -> [1, 1] -> [1, 1, 4] -> [1, 1, 4, 0] -> [1, 1, 4, 0, 1] -> [1, 1, 4, 0, 1, 0] -> [1, 1, 4, 0, 1, 0, 2] -> [1, 1, 4, 0, 1, 0, 2, 2] -> [1, 1, 4, 0, 1, 0, 2, 2, 3] -> [1, 1, 4, 0, 1, 0, 2, 2, 3, 1]
SyncBFS: 229.67 ms, [] -> [0] -> [0, 0] -> [0, 0, 0] -> [0, 0, 0, 1] -> [0, 0, 0, 1, 2] -> [0, 0, 0, 1, 2, 0] -> [0, 0, 0, 1, 2, 0, 1] -> [0, 0, 0, 1, 2, 0, 1, 0] -> [0, 0, 0, 1, 2, 0, 1, 0, 2] -> [0, 0, 0, 1, 2, 0, 1, 0, 2, 3]

problem_08.yaml
TasksBFS: 60.9 ms, [] -> [3] -> [3, 0] -> [3, 0, 0] -> [3, 0, 0, 0] -> [3, 0, 0, 0, 1] -> [3, 0, 0, 0, 1, 3] -> [3, 0, 0, 0, 1, 3, 2] -> [3, 0, 0, 0, 1, 3, 2, 0] -> [3, 0, 0, 0, 1, 3, 2, 0, 0] -> [3, 0, 0, 0, 1, 3, 2, 0, 0, 0]
MultithreadBFS: 24.19 ms, [] -> [1] -> [1, 1] -> [1, 1, 3] -> [1, 1, 3, 3] -> [1, 1, 3, 3, 2] -> [1, 1, 3, 3, 2, 2] -> [1, 1, 3, 3, 2, 2, 3] -> [1, 1, 3, 3, 2, 2, 3, 2] -> [1, 1, 3, 3, 2, 2, 3, 2, 1] -> [1, 1, 3, 3, 2, 2, 3, 2, 1, 4]
SyncBFS: 319.21 ms, [] -> [0] -> [0, 0] -> [0, 0, 0] -> [0, 0, 0, 1] -> [0, 0, 0, 1, 2] -> [0, 0, 0, 1, 2, 2] -> [0, 0, 0, 1, 2, 2, 1] -> [0, 0, 0, 1, 2, 2, 1, 1] -> [0, 0, 0, 1, 2, 2, 1, 1, 4] -> [0, 0, 0, 1, 2, 2, 1, 1, 4, 4]
AsyncStartBFS: 11.7 ms, [] -> [0] -> [0, 0] -> [0, 0, 2] -> [0, 0, 2, 4] -> [0, 0, 2, 4, 0] -> [0, 0, 2, 4, 0, 4] -> [0, 0, 2, 4, 0, 4, 2] -> [0, 0, 2, 4, 0, 4, 2, 2] -> [0, 0, 2, 4, 0, 4, 2, 2, 3] -> [0, 0, 2, 4, 0, 4, 2, 2, 3, 2]

problem_06.yaml
SyncBFS: 500.83 ms, [] -> [0] -> [0, 0] -> [0, 0, 0] -> [0, 0, 0, 0] -> [0, 0, 0, 0, 0] -> [0, 0, 0, 0, 0, 0] -> [0, 0, 0, 0, 0, 0, 0] -> [0, 0, 0, 0, 0, 0, 0, 2] -> [0, 0, 0, 0, 0, 0, 0, 2, 4] -> [0, 0, 0, 0, 0, 0, 0, 2, 4, 1]
TasksBFS: 61.48 ms, [] -> [0] -> [0, 3] -> [0, 3, 2] -> [0, 3, 2, 1] -> [0, 3, 2, 1, 0] -> [0, 3, 2, 1, 0, 0] -> [0, 3, 2, 1, 0, 0, 1] -> [0, 3, 2, 1, 0, 0, 1, 0] -> [0, 3, 2, 1, 0, 0, 1, 0, 4] -> [0, 3, 2, 1, 0, 0, 1, 0, 4, 3]
MultithreadBFS: 33.98 ms, [] -> [0] -> [0, 0] -> [0, 0, 2] -> [0, 0, 2, 0] -> [0, 0, 2, 0, 0] -> [0, 0, 2, 0, 0, 2] -> [0, 0, 2, 0, 0, 2, 3] -> [0, 0, 2, 0, 0, 2, 3, 4] -> [0, 0, 2, 0, 0, 2, 3, 4, 1] -> [0, 0, 2, 0, 0, 2, 3, 4, 1, 1]
AsyncStartBFS: 16.92 ms, [] -> [0] -> [0, 1] -> [0, 1, 2] -> [0, 1, 2, 2] -> [0, 1, 2, 2, 1] -> [0, 1, 2, 2, 1, 3] -> [0, 1, 2, 2, 1, 3, 3] -> [0, 1, 2, 2, 1, 3, 3, 2] -> [0, 1, 2, 2, 1, 3, 3, 2, 3] -> [0, 1, 2, 2, 1, 3, 3, 2, 3, 3]

problem_19.yaml
TasksBFS: 32.8 ms, [] -> [1] -> [1, 0] -> [1, 0, 3] -> [1, 0, 3, 4] -> [1, 0, 3, 4, 0] -> [1, 0, 3, 4, 0, 3] -> [1, 0, 3, 4, 0, 3, 4] -> [1, 0, 3, 4, 0, 3, 4, 3] -> [1, 0, 3, 4, 0, 3, 4, 3, 0] -> [1, 0, 3, 4, 0, 3, 4, 3, 0, 0]
AsyncStartBFS: 8.02 ms, [] -> [1] -> [1, 3] -> [1, 3, 3] -> [1, 3, 3, 0] -> [1, 3, 3, 0, 1] -> [1, 3, 3, 0, 1, 1] -> [1, 3, 3, 0, 1, 1, 0] -> [1, 3, 3, 0, 1, 1, 0, 3] -> [1, 3, 3, 0, 1, 1, 0, 3, 3] -> [1, 3, 3, 0, 1, 1, 0, 3, 3, 2]
SyncBFS: 180 ms, [] -> [1] -> [1, 0] -> [1, 0, 1] -> [1, 0, 1, 3] -> [1, 0, 1, 3, 1] -> [1, 0, 1, 3, 1, 3] -> [1, 0, 1, 3, 1, 3, 2] -> [1, 0, 1, 3, 1, 3, 2, 2] -> [1, 0, 1, 3, 1, 3, 2, 2, 1] -> [1, 0, 1, 3, 1, 3, 2, 2, 1, 1]
MultithreadBFS: 10.36 ms, [] -> [1] -> [1, 0] -> [1, 0, 1] -> [1, 0, 1, 3] -> [1, 0, 1, 3, 1] -> [1, 0, 1, 3, 1, 3] -> [1, 0, 1, 3, 1, 3, 2] -> [1, 0, 1, 3, 1, 3, 2, 2] -> [1, 0, 1, 3, 1, 3, 2, 2, 1] -> [1, 0, 1, 3, 1, 3, 2, 2, 1, 1]

problem_40.yaml
AsyncStartBFS: 6.6 ms, [] -> [0] -> [0, 0] -> [0, 0, 3] -> [0, 0, 3, 0] -> [0, 0, 3, 0, 0] -> [0, 0, 3, 0, 0, 0] -> [0, 0, 3, 0, 0, 0, 0] -> [0, 0, 3, 0, 0, 0, 0, 2] -> [0, 0, 3, 0, 0, 0, 0, 2, 2] -> [0, 0, 3, 0, 0, 0, 0, 2, 2, 0]
MultithreadBFS: 18.37 ms, [] -> [1] -> [1, 1] -> [1, 1, 0] -> [1, 1, 0, 2] -> [1, 1, 0, 2, 2] -> [1, 1, 0, 2, 2, 0] -> [1, 1, 0, 2, 2, 0, 2] -> [1, 1, 0, 2, 2, 0, 2, 0] -> [1, 1, 0, 2, 2, 0, 2, 0, 1] -> [1, 1, 0, 2, 2, 0, 2, 0, 1, 0]
SyncBFS: 310.01 ms, [] -> [0] -> [0, 0] -> [0, 0, 0] -> [0, 0, 0, 0] -> [0, 0, 0, 0, 0] -> [0, 0, 0, 0, 0, 2] -> [0, 0, 0, 0, 0, 2, 2] -> [0, 0, 0, 0, 0, 2, 2, 4] -> [0, 0, 0, 0, 0, 2, 2, 4, 1] -> [0, 0, 0, 0, 0, 2, 2, 4, 1, 2]
TasksBFS: 46.16 ms, [] -> [0] -> [0, 0] -> [0, 0, 3] -> [0, 0, 3, 0] -> [0, 0, 3, 0, 0] -> [0, 0, 3, 0, 0, 0] -> [0, 0, 3, 0, 0, 0, 0] -> [0, 0, 3, 0, 0, 0, 0, 2] -> [0, 0, 3, 0, 0, 0, 0, 2, 2] -> [0, 0, 3, 0, 0, 0, 0, 2, 2, 0]

problem_04.yaml
TasksBFS: 52.08 ms, [] -> [0] -> [0, 3] -> [0, 3, 1] -> [0, 3, 1, 3] -> [0, 3, 1, 3, 3] -> [0, 3, 1, 3, 3, 4] -> [0, 3, 1, 3, 3, 4, 2] -> [0, 3, 1, 3, 3, 4, 2, 3] -> [0, 3, 1, 3, 3, 4, 2, 3, 3] -> [0, 3, 1, 3, 3, 4, 2, 3, 3, 3]
AsyncStartBFS: 20.06 ms, [] -> [0] -> [0, 0] -> [0, 0, 1] -> [0, 0, 1, 1] -> [0, 0, 1, 1, 4] -> [0, 0, 1, 1, 4, 0] -> [0, 0, 1, 1, 4, 0, 0] -> [0, 0, 1, 1, 4, 0, 0, 1] -> [0, 0, 1, 1, 4, 0, 0, 1, 4] -> [0, 0, 1, 1, 4, 0, 0, 1, 4, 1]
SyncBFS: 387.98 ms, [] -> [0] -> [0, 0] -> [0, 0, 0] -> [0, 0, 0, 1] -> [0, 0, 0, 1, 3] -> [0, 0, 0, 1, 3, 1] -> [0, 0, 0, 1, 3, 1, 1] -> [0, 0, 0, 1, 3, 1, 1, 1] -> [0, 0, 0, 1, 3, 1, 1, 1, 3] -> [0, 0, 0, 1, 3, 1, 1, 1, 3, 0]
MultithreadBFS: 12.41 ms, [] -> [0] -> [0, 0] -> [0, 0, 1] -> [0, 0, 1, 4] -> [0, 0, 1, 4, 1] -> [0, 0, 1, 4, 1, 3] -> [0, 0, 1, 4, 1, 3, 2] -> [0, 0, 1, 4, 1, 3, 2, 3] -> [0, 0, 1, 4, 1, 3, 2, 3, 1] -> [0, 0, 1, 4, 1, 3, 2, 3, 1, 0]

problem_33.yaml
SyncBFS: 307.99 ms, [] -> [0] -> [0, 1] -> [0, 1, 3] -> [0, 1, 3, 0] -> [0, 1, 3, 0, 4] -> [0, 1, 3, 0, 4, 3] -> [0, 1, 3, 0, 4, 3, 0] -> [0, 1, 3, 0, 4, 3, 0, 1] -> [0, 1, 3, 0, 4, 3, 0, 1, 2] -> [0, 1, 3, 0, 4, 3, 0, 1, 2, 3]
MultithreadBFS: 11.16 ms, [] -> [2] -> [2, 1] -> [2, 1, 3] -> [2, 1, 3, 1] -> [2, 1, 3, 1, 0] -> [2, 1, 3, 1, 0, 3] -> [2, 1, 3, 1, 0, 3, 4] -> [2, 1, 3, 1, 0, 3, 4, 0] -> [2, 1, 3, 1, 0, 3, 4, 0, 0] -> [2, 1, 3, 1, 0, 3, 4, 0, 0, 3]
TasksBFS: 40.36 ms, [] -> [0] -> [0, 1] -> [0, 1, 4] -> [0, 1, 4, 0] -> [0, 1, 4, 0, 0] -> [0, 1, 4, 0, 0, 2] -> [0, 1, 4, 0, 0, 2, 0] -> [0, 1, 4, 0, 0, 2, 0, 3] -> [0, 1, 4, 0, 0, 2, 0, 3, 0] -> [0, 1, 4, 0, 0, 2, 0, 3, 0, 1]
AsyncStartBFS: 16.52 ms, [] -> [4] -> [4, 0] -> [4, 0, 2] -> [4, 0, 2, 1] -> [4, 0, 2, 1, 1] -> [4, 0, 2, 1, 1, 2] -> [4, 0, 2, 1, 1, 2, 4] -> [4, 0, 2, 1, 1, 2, 4, 0] -> [4, 0, 2, 1, 1, 2, 4, 0, 1] -> [4, 0, 2, 1, 1, 2, 4, 0, 1, 0]

problem_21.yaml
TasksBFS: 62.62 ms, [] -> [0] -> [0, 3] -> [0, 3, 4] -> [0, 3, 4, 0] -> [0, 3, 4, 0, 0] -> [0, 3, 4, 0, 0, 3] -> [0, 3, 4, 0, 0, 3, 3] -> [0, 3, 4, 0, 0, 3, 3, 0] -> [0, 3, 4, 0, 0, 3, 3, 0, 1] -> [0, 3, 4, 0, 0, 3, 3, 0, 1, 3]
MultithreadBFS: 30.36 ms, [] -> [0] -> [0, 3] -> [0, 3, 4] -> [0, 3, 4, 0] -> [0, 3, 4, 0, 0] -> [0, 3, 4, 0, 0, 3] -> [0, 3, 4, 0, 0, 3, 3] -> [0, 3, 4, 0, 0, 3, 3, 0] -> [0, 3, 4, 0, 0, 3, 3, 0, 1] -> [0, 3, 4, 0, 0, 3, 3, 0, 1, 3]
SyncBFS: 351.48 ms, [] -> [0] -> [0, 1] -> [0, 1, 1] -> [0, 1, 1, 1] -> [0, 1, 1, 1, 3] -> [0, 1, 1, 1, 3, 2] -> [0, 1, 1, 1, 3, 2, 4] -> [0, 1, 1, 1, 3, 2, 4, 1] -> [0, 1, 1, 1, 3, 2, 4, 1, 0] -> [0, 1, 1, 1, 3, 2, 4, 1, 0, 2]
AsyncStartBFS: 12.1 ms, [] -> [2] -> [2, 3] -> [2, 3, 0] -> [2, 3, 0, 1] -> [2, 3, 0, 1, 4] -> [2, 3, 0, 1, 4, 3] -> [2, 3, 0, 1, 4, 3, 3] -> [2, 3, 0, 1, 4, 3, 3, 1] -> [2, 3, 0, 1, 4, 3, 3, 1, 0] -> [2, 3, 0, 1, 4, 3, 3, 1, 0, 4]

problem_24.yaml
SyncBFS: 496.9 ms, [] -> [0] -> [0, 1] -> [0, 1, 0] -> [0, 1, 0, 3] -> [0, 1, 0, 3, 0] -> [0, 1, 0, 3, 0, 3] -> [0, 1, 0, 3, 0, 3, 1] -> [0, 1, 0, 3, 0, 3, 1, 3] -> [0, 1, 0, 3, 0, 3, 1, 3, 0] -> [0, 1, 0, 3, 0, 3, 1, 3, 0, 0]
MultithreadBFS: 14.25 ms, [] -> [0] -> [0, 2] -> [0, 2, 3] -> [0, 2, 3, 0] -> [0, 2, 3, 0, 1] -> [0, 2, 3, 0, 1, 1] -> [0, 2, 3, 0, 1, 1, 2] -> [0, 2, 3, 0, 1, 1, 2, 3] -> [0, 2, 3, 0, 1, 1, 2, 3, 1] -> [0, 2, 3, 0, 1, 1, 2, 3, 1, 1]
TasksBFS: 63.05 ms, [] -> [1] -> [1, 0] -> [1, 0, 0] -> [1, 0, 0, 0] -> [1, 0, 0, 0, 1] -> [1, 0, 0, 0, 1, 2] -> [1, 0, 0, 0, 1, 2, 1] -> [1, 0, 0, 0, 1, 2, 1, 0] -> [1, 0, 0, 0, 1, 2, 1, 0, 4] -> [1, 0, 0, 0, 1, 2, 1, 0, 4, 3]
AsyncStartBFS: 27.76 ms, [] -> [1] -> [1, 0] -> [1, 0, 4] -> [1, 0, 4, 1] -> [1, 0, 4, 1, 2] -> [1, 0, 4, 1, 2, 4] -> [1, 0, 4, 1, 2, 4, 0] -> [1, 0, 4, 1, 2, 4, 0, 0] -> [1, 0, 4, 1, 2, 4, 0, 0, 4] -> [1, 0, 4, 1, 2, 4, 0, 0, 4, 0]

problem_03.yaml
MultithreadBFS: 13.98 ms, [] -> [3] -> [3, 2] -> [3, 2, 3] -> [3, 2, 3, 1] -> [3, 2, 3, 1, 2] -> [3, 2, 3, 1, 2, 0] -> [3, 2, 3, 1, 2, 0, 3] -> [3, 2, 3, 1, 2, 0, 3, 3] -> [3, 2, 3, 1, 2, 0, 3, 3, 1] -> [3, 2, 3, 1, 2, 0, 3, 3, 1, 4]
AsyncStartBFS: 4.35 ms, [] -> [2] -> [2, 0] -> [2, 0, 0] -> [2, 0, 0, 3] -> [2, 0, 0, 3, 1] -> [2, 0, 0, 3, 1, 0] -> [2, 0, 0, 3, 1, 0, 1] -> [2, 0, 0, 3, 1, 0, 1, 1] -> [2, 0, 0, 3, 1, 0, 1, 1, 4] -> [2, 0, 0, 3, 1, 0, 1, 1, 4, 1]
SyncBFS: 248.38 ms, [] -> [2] -> [2, 0] -> [2, 0, 0] -> [2, 0, 0, 0] -> [2, 0, 0, 0, 4] -> [2, 0, 0, 0, 4, 0] -> [2, 0, 0, 0, 4, 0, 1] -> [2, 0, 0, 0, 4, 0, 1, 4] -> [2, 0, 0, 0, 4, 0, 1, 4, 2] -> [2, 0, 0, 0, 4, 0, 1, 4, 2, 4]
TasksBFS: 34.61 ms, [] -> [2] -> [2, 1] -> [2, 1, 1] -> [2, 1, 1, 1] -> [2, 1, 1, 1, 1] -> [2, 1, 1, 1, 1, 0] -> [2, 1, 1, 1, 1, 0, 2] -> [2, 1, 1, 1, 1, 0, 2, 3] -> [2, 1, 1, 1, 1, 0, 2, 3, 1] -> [2, 1, 1, 1, 1, 0, 2, 3, 1, 3]

problem_07.yaml
TasksBFS: 41.18 ms, [] -> [0] -> [0, 4] -> [0, 4, 3] -> [0, 4, 3, 0] -> [0, 4, 3, 0, 2] -> [0, 4, 3, 0, 2, 2] -> [0, 4, 3, 0, 2, 2, 1] -> [0, 4, 3, 0, 2, 2, 1, 2] -> [0, 4, 3, 0, 2, 2, 1, 2, 2] -> [0, 4, 3, 0, 2, 2, 1, 2, 2, 3]
SyncBFS: 247.53 ms, [] -> [0] -> [0, 2] -> [0, 2, 0] -> [0, 2, 0, 0] -> [0, 2, 0, 0, 3] -> [0, 2, 0, 0, 3, 0] -> [0, 2, 0, 0, 3, 0, 3] -> [0, 2, 0, 0, 3, 0, 3, 2] -> [0, 2, 0, 0, 3, 0, 3, 2, 4] -> [0, 2, 0, 0, 3, 0, 3, 2, 4, 0]
AsyncStartBFS: 11.63 ms, [] -> [0] -> [0, 2] -> [0, 2, 0] -> [0, 2, 0, 0] -> [0, 2, 0, 0, 3] -> [0, 2, 0, 0, 3, 0] -> [0, 2, 0, 0, 3, 0, 3] -> [0, 2, 0, 0, 3, 0, 3, 2] -> [0, 2, 0, 0, 3, 0, 3, 2, 4] -> [0, 2, 0, 0, 3, 0, 3, 2, 4, 0]
MultithreadBFS: 13.43 ms, [] -> [1] -> [1, 4] -> [1, 4, 0] -> [1, 4, 0, 0] -> [1, 4, 0, 0, 0] -> [1, 4, 0, 0, 0, 2] -> [1, 4, 0, 0, 0, 2, 1] -> [1, 4, 0, 0, 0, 2, 1, 4] -> [1, 4, 0, 0, 0, 2, 1, 4, 4] -> [1, 4, 0, 0, 0, 2, 1, 4, 4, 0]

problem_42.yaml
MultithreadBFS: 18.2 ms, [] -> [0] -> [0, 2] -> [0, 2, 4] -> [0, 2, 4, 1] -> [0, 2, 4, 1, 4] -> [0, 2, 4, 1, 4, 2] -> [0, 2, 4, 1, 4, 2, 1] -> [0, 2, 4, 1, 4, 2, 1, 3] -> [0, 2, 4, 1, 4, 2, 1, 3, 4] -> [0, 2, 4, 1, 4, 2, 1, 3, 4, 0]
SyncBFS: 462.49 ms, [] -> [0] -> [0, 0] -> [0, 0, 1] -> [0, 0, 1, 0] -> [0, 0, 1, 0, 2] -> [0, 0, 1, 0, 2, 1] -> [0, 0, 1, 0, 2, 1, 2] -> [0, 0, 1, 0, 2, 1, 2, 1] -> [0, 0, 1, 0, 2, 1, 2, 1, 2] -> [0, 0, 1, 0, 2, 1, 2, 1, 2, 2]
TasksBFS: 62.62 ms, [] -> [0] -> [0, 1] -> [0, 1, 3] -> [0, 1, 3, 0] -> [0, 1, 3, 0, 4] -> [0, 1, 3, 0, 4, 2] -> [0, 1, 3, 0, 4, 2, 2] -> [0, 1, 3, 0, 4, 2, 2, 4] -> [0, 1, 3, 0, 4, 2, 2, 4, 3] -> [0, 1, 3, 0, 4, 2, 2, 4, 3, 4]
AsyncStartBFS: 26.77 ms, [] -> [1] -> [1, 0] -> [1, 0, 0] -> [1, 0, 0, 0] -> [1, 0, 0, 0, 1] -> [1, 0, 0, 0, 1, 1] -> [1, 0, 0, 0, 1, 1, 4] -> [1, 0, 0, 0, 1, 1, 4, 1] -> [1, 0, 0, 0, 1, 1, 4, 1, 3] -> [1, 0, 0, 0, 1, 1, 4, 1, 3, 2]

problem_02.yaml
SyncBFS: 419.89 ms, [] -> [0] -> [0, 0] -> [0, 0, 0] -> [0, 0, 0, 3] -> [0, 0, 0, 3, 4] -> [0, 0, 0, 3, 4, 2] -> [0, 0, 0, 3, 4, 2, 1] -> [0, 0, 0, 3, 4, 2, 1, 2] -> [0, 0, 0, 3, 4, 2, 1, 2, 1] -> [0, 0, 0, 3, 4, 2, 1, 2, 1, 0]
TasksBFS: 61.23 ms, [] -> [0] -> [0, 1] -> [0, 1, 3] -> [0, 1, 3, 0] -> [0, 1, 3, 0, 4] -> [0, 1, 3, 0, 4, 3] -> [0, 1, 3, 0, 4, 3, 3] -> [0, 1, 3, 0, 4, 3, 3, 2] -> [0, 1, 3, 0, 4, 3, 3, 2, 2] -> [0, 1, 3, 0, 4, 3, 3, 2, 2, 3]
MultithreadBFS: 27.61 ms, [] -> [0] -> [0, 1] -> [0, 1, 4] -> [0, 1, 4, 3] -> [0, 1, 4, 3, 0] -> [0, 1, 4, 3, 0, 4] -> [0, 1, 4, 3, 0, 4, 2] -> [0, 1, 4, 3, 0, 4, 2, 3] -> [0, 1, 4, 3, 0, 4, 2, 3, 4] -> [0, 1, 4, 3, 0, 4, 2, 3, 4, 2]
AsyncStartBFS: 9.9 ms, [] -> [2] -> [2, 1] -> [2, 1, 4] -> [2, 1, 4, 1] -> [2, 1, 4, 1, 1] -> [2, 1, 4, 1, 1, 0] -> [2, 1, 4, 1, 1, 0, 1] -> [2, 1, 4, 1, 1, 0, 1, 1] -> [2, 1, 4, 1, 1, 0, 1, 1, 3] -> [2, 1, 4, 1, 1, 0, 1, 1, 3, 0]

problem_29.yaml
MultithreadBFS: 14.03 ms, [] -> [2] -> [2, 0] -> [2, 0, 4] -> [2, 0, 4, 2] -> [2, 0, 4, 2, 2] -> [2, 0, 4, 2, 2, 2] -> [2, 0, 4, 2, 2, 2, 4] -> [2, 0, 4, 2, 2, 2, 4, 0] -> [2, 0, 4, 2, 2, 2, 4, 0, 4] -> [2, 0, 4, 2, 2, 2, 4, 0, 4, 2]
SyncBFS: 245.19 ms, [] -> [1] -> [1, 0] -> [1, 0, 0] -> [1, 0, 0, 0] -> [1, 0, 0, 0, 2] -> [1, 0, 0, 0, 2, 0] -> [1, 0, 0, 0, 2, 0, 1] -> [1, 0, 0, 0, 2, 0, 1, 4] -> [1, 0, 0, 0, 2, 0, 1, 4, 3] -> [1, 0, 0, 0, 2, 0, 1, 4, 3, 4]
TasksBFS: 40.3 ms, [] -> [1] -> [1, 0] -> [1, 0, 1] -> [1, 0, 1, 4] -> [1, 0, 1, 4, 2] -> [1, 0, 1, 4, 2, 2] -> [1, 0, 1, 4, 2, 2, 3] -> [1, 0, 1, 4, 2, 2, 3, 3] -> [1, 0, 1, 4, 2, 2, 3, 3, 1] -> [1, 0, 1, 4, 2, 2, 3, 3, 1, 4]
AsyncStartBFS: 12.1 ms, [] -> [1] -> [1, 0] -> [1, 0, 1] -> [1, 0, 1, 4] -> [1, 0, 1, 4, 2] -> [1, 0, 1, 4, 2, 2] -> [1, 0, 1, 4, 2, 2, 3] -> [1, 0, 1, 4, 2, 2, 3, 3] -> [1, 0, 1, 4, 2, 2, 3, 3, 1] -> [1, 0, 1, 4, 2, 2, 3, 3, 1, 4]

problem_00.yaml
AsyncStartBFS: 9.59 ms, [] -> [0] -> [0, 0] -> [0, 0, 4] -> [0, 0, 4, 1] -> [0, 0, 4, 1, 2] -> [0, 0, 4, 1, 2, 0] -> [0, 0, 4, 1, 2, 0, 2] -> [0, 0, 4, 1, 2, 0, 2, 1] -> [0, 0, 4, 1, 2, 0, 2, 1, 4] -> [0, 0, 4, 1, 2, 0, 2, 1, 4, 2]
SyncBFS: 498.84 ms, [] -> [0] -> [0, 0] -> [0, 0, 0] -> [0, 0, 0, 3] -> [0, 0, 0, 3, 4] -> [0, 0, 0, 3, 4, 3] -> [0, 0, 0, 3, 4, 3, 1] -> [0, 0, 0, 3, 4, 3, 1, 4] -> [0, 0, 0, 3, 4, 3, 1, 4, 3] -> [0, 0, 0, 3, 4, 3, 1, 4, 3, 0]
TasksBFS: 66.2 ms, [] -> [0] -> [0, 0] -> [0, 0, 1] -> [0, 0, 1, 1] -> [0, 0, 1, 1, 1] -> [0, 0, 1, 1, 1, 2] -> [0, 0, 1, 1, 1, 2, 1] -> [0, 0, 1, 1, 1, 2, 1, 4] -> [0, 0, 1, 1, 1, 2, 1, 4, 4] -> [0, 0, 1, 1, 1, 2, 1, 4, 4, 1]
MultithreadBFS: 28.94 ms, [] -> [0] -> [0, 1] -> [0, 1, 3] -> [0, 1, 3, 2] -> [0, 1, 3, 2, 0] -> [0, 1, 3, 2, 0, 3] -> [0, 1, 3, 2, 0, 3, 0] -> [0, 1, 3, 2, 0, 3, 0, 2] -> [0, 1, 3, 2, 0, 3, 0, 2, 4] -> [0, 1, 3, 2, 0, 3, 0, 2, 4, 3]

problem_13.yaml
TasksBFS: 45.61 ms, [] -> [0] -> [0, 0] -> [0, 0, 4] -> [0, 0, 4, 4] -> [0, 0, 4, 4, 3] -> [0, 0, 4, 4, 3, 1] -> [0, 0, 4, 4, 3, 1, 4] -> [0, 0, 4, 4, 3, 1, 4, 1] -> [0, 0, 4, 4, 3, 1, 4, 1, 2] -> [0, 0, 4, 4, 3, 1, 4, 1, 2, 0]
SyncBFS: 321.48 ms, [] -> [0] -> [0, 0] -> [0, 0, 1] -> [0, 0, 1, 0] -> [0, 0, 1, 0, 3] -> [0, 0, 1, 0, 3, 1] -> [0, 0, 1, 0, 3, 1, 3] -> [0, 0, 1, 0, 3, 1, 3, 1] -> [0, 0, 1, 0, 3, 1, 3, 1, 1] -> [0, 0, 1, 0, 3, 1, 3, 1, 1, 3]
AsyncStartBFS: 18.86 ms, [] -> [0] -> [0, 0] -> [0, 0, 3] -> [0, 0, 3, 3] -> [0, 0, 3, 3, 0] -> [0, 0, 3, 3, 0, 4] -> [0, 0, 3, 3, 0, 4, 1] -> [0, 0, 3, 3, 0, 4, 1, 3] -> [0, 0, 3, 3, 0, 4, 1, 3, 1] -> [0, 0, 3, 3, 0, 4, 1, 3, 1, 1]
MultithreadBFS: 15.3 ms, [] -> [0] -> [0, 2] -> [0, 2, 4] -> [0, 2, 4, 0] -> [0, 2, 4, 0, 3] -> [0, 2, 4, 0, 3, 1] -> [0, 2, 4, 0, 3, 1, 0] -> [0, 2, 4, 0, 3, 1, 0, 1] -> [0, 2, 4, 0, 3, 1, 0, 1, 2] -> [0, 2, 4, 0, 3, 1, 0, 1, 2, 2]

problem_16.yaml
AsyncStartBFS: 19.8 ms, [] -> [0] -> [0, 3] -> [0, 3, 0] -> [0, 3, 0, 0] -> [0, 3, 0, 0, 2] -> [0, 3, 0, 0, 2, 2] -> [0, 3, 0, 0, 2, 2, 3] -> [0, 3, 0, 0, 2, 2, 3, 0] -> [0, 3, 0, 0, 2, 2, 3, 0, 0] -> [0, 3, 0, 0, 2, 2, 3, 0, 0, 4]
SyncBFS: 455.45 ms, [] -> [0] -> [0, 0] -> [0, 0, 2] -> [0, 0, 2, 0] -> [0, 0, 2, 0, 2] -> [0, 0, 2, 0, 2, 1] -> [0, 0, 2, 0, 2, 1, 4] -> [0, 0, 2, 0, 2, 1, 4, 3] -> [0, 0, 2, 0, 2, 1, 4, 3, 3] -> [0, 0, 2, 0, 2, 1, 4, 3, 3, 1]
TasksBFS: 57.12 ms, [] -> [0] -> [0, 0] -> [0, 0, 2] -> [0, 0, 2, 1] -> [0, 0, 2, 1, 0] -> [0, 0, 2, 1, 0, 3] -> [0, 0, 2, 1, 0, 3, 2] -> [0, 0, 2, 1, 0, 3, 2, 2] -> [0, 0, 2, 1, 0, 3, 2, 2, 0] -> [0, 0, 2, 1, 0, 3, 2, 2, 0, 2]
MultithreadBFS: 33.74 ms, [] -> [0] -> [0, 1] -> [0, 1, 4] -> [0, 1, 4, 0] -> [0, 1, 4, 0, 2] -> [0, 1, 4, 0, 2, 3] -> [0, 1, 4, 0, 2, 3, 3] -> [0, 1, 4, 0, 2, 3, 3, 0] -> [0, 1, 4, 0, 2, 3, 3, 0, 2] -> [0, 1, 4, 0, 2, 3, 3, 0, 2, 0]

problem_20.yaml
AsyncStartBFS: 16.83 ms, [] -> [1] -> [1, 0] -> [1, 0, 1] -> [1, 0, 1, 0] -> [1, 0, 1, 0, 4] -> [1, 0, 1, 0, 4, 0] -> [1, 0, 1, 0, 4, 0, 0] -> [1, 0, 1, 0, 4, 0, 0, 1] -> [1, 0, 1, 0, 4, 0, 0, 1, 4] -> [1, 0, 1, 0, 4, 0, 0, 1, 4, 4]
SyncBFS: 460.3 ms, [] -> [0] -> [0, 0] -> [0, 0, 0] -> [0, 0, 0, 0] -> [0, 0, 0, 0, 0] -> [0, 0, 0, 0, 0, 4] -> [0, 0, 0, 0, 0, 4, 4] -> [0, 0, 0, 0, 0, 4, 4, 4] -> [0, 0, 0, 0, 0, 4, 4, 4, 4] -> [0, 0, 0, 0, 0, 4, 4, 4, 4, 3]
TasksBFS: 56.37 ms, [] -> [0] -> [0, 2] -> [0, 2, 1] -> [0, 2, 1, 0] -> [0, 2, 1, 0, 0] -> [0, 2, 1, 0, 0, 1] -> [0, 2, 1, 0, 0, 1, 4] -> [0, 2, 1, 0, 0, 1, 4, 2] -> [0, 2, 1, 0, 0, 1, 4, 2, 1] -> [0, 2, 1, 0, 0, 1, 4, 2, 1, 1]
MultithreadBFS: 30.84 ms, [] -> [0] -> [0, 3] -> [0, 3, 0] -> [0, 3, 0, 0] -> [0, 3, 0, 0, 2] -> [0, 3, 0, 0, 2, 0] -> [0, 3, 0, 0, 2, 0, 4] -> [0, 3, 0, 0, 2, 0, 4, 3] -> [0, 3, 0, 0, 2, 0, 4, 3, 1] -> [0, 3, 0, 0, 2, 0, 4, 3, 1, 2]

problem_18.yaml
SyncBFS: 308.5 ms, [] -> [0] -> [0, 0] -> [0, 0, 1] -> [0, 0, 1, 0] -> [0, 0, 1, 0, 4] -> [0, 0, 1, 0, 4, 3] -> [0, 0, 1, 0, 4, 3, 3] -> [0, 0, 1, 0, 4, 3, 3, 4] -> [0, 0, 1, 0, 4, 3, 3, 4, 3] -> [0, 0, 1, 0, 4, 3, 3, 4, 3, 2]
MultithreadBFS: 27.43 ms, [] -> [2] -> [2, 1] -> [2, 1, 3] -> [2, 1, 3, 0] -> [2, 1, 3, 0, 0] -> [2, 1, 3, 0, 0, 1] -> [2, 1, 3, 0, 0, 1, 1] -> [2, 1, 3, 0, 0, 1, 1, 2] -> [2, 1, 3, 0, 0, 1, 1, 2, 4] -> [2, 1, 3, 0, 0, 1, 1, 2, 4, 1]
AsyncStartBFS: 8.28 ms, [] -> [0] -> [0, 0] -> [0, 0, 1] -> [0, 0, 1, 0] -> [0, 0, 1, 0, 4] -> [0, 0, 1, 0, 4, 3] -> [0, 0, 1, 0, 4, 3, 3] -> [0, 0, 1, 0, 4, 3, 3, 4] -> [0, 0, 1, 0, 4, 3, 3, 4, 3] -> [0, 0, 1, 0, 4, 3, 3, 4, 3, 2]
TasksBFS: 39.35 ms, [] -> [0] -> [0, 0] -> [0, 0, 1] -> [0, 0, 1, 1] -> [0, 0, 1, 1, 1] -> [0, 0, 1, 1, 1, 0] -> [0, 0, 1, 1, 1, 0, 2] -> [0, 0, 1, 1, 1, 0, 2, 1] -> [0, 0, 1, 1, 1, 0, 2, 1, 1] -> [0, 0, 1, 1, 1, 0, 2, 1, 1, 3]

problem_05.yaml
TasksBFS: 21.88 ms, [] -> [2] -> [2, 0] -> [2, 0, 1] -> [2, 0, 1, 0] -> [2, 0, 1, 0, 2] -> [2, 0, 1, 0, 2, 1] -> [2, 0, 1, 0, 2, 1, 0] -> [2, 0, 1, 0, 2, 1, 0, 3] -> [2, 0, 1, 0, 2, 1, 0, 3, 3] -> [2, 0, 1, 0, 2, 1, 0, 3, 3, 4]
MultithreadBFS: 13.1 ms, [] -> [2] -> [2, 0] -> [2, 0, 1] -> [2, 0, 1, 0] -> [2, 0, 1, 0, 2] -> [2, 0, 1, 0, 2, 1] -> [2, 0, 1, 0, 2, 1, 0] -> [2, 0, 1, 0, 2, 1, 0, 3] -> [2, 0, 1, 0, 2, 1, 0, 3, 3] -> [2, 0, 1, 0, 2, 1, 0, 3, 3, 4]
AsyncStartBFS: 3.4 ms, [] -> [2] -> [2, 0] -> [2, 0, 1] -> [2, 0, 1, 0] -> [2, 0, 1, 0, 2] -> [2, 0, 1, 0, 2, 1] -> [2, 0, 1, 0, 2, 1, 0] -> [2, 0, 1, 0, 2, 1, 0, 3] -> [2, 0, 1, 0, 2, 1, 0, 3, 3] -> [2, 0, 1, 0, 2, 1, 0, 3, 3, 4]
SyncBFS: 143.36 ms, [] -> [2] -> [2, 0] -> [2, 0, 1] -> [2, 0, 1, 0] -> [2, 0, 1, 0, 2] -> [2, 0, 1, 0, 2, 1] -> [2, 0, 1, 0, 2, 1, 0] -> [2, 0, 1, 0, 2, 1, 0, 3] -> [2, 0, 1, 0, 2, 1, 0, 3, 3] -> [2, 0, 1, 0, 2, 1, 0, 3, 3, 4]

problem_15.yaml
MultithreadBFS: 15.54 ms, [] -> [0] -> [0, 2] -> [0, 2, 1] -> [0, 2, 1, 1] -> [0, 2, 1, 1, 2] -> [0, 2, 1, 1, 2, 3] -> [0, 2, 1, 1, 2, 3, 1] -> [0, 2, 1, 1, 2, 3, 1, 2] -> [0, 2, 1, 1, 2, 3, 1, 2, 2] -> [0, 2, 1, 1, 2, 3, 1, 2, 2, 1]
AsyncStartBFS: 15.28 ms, [] -> [2] -> [2, 3] -> [2, 3, 4] -> [2, 3, 4, 3] -> [2, 3, 4, 3, 0] -> [2, 3, 4, 3, 0, 0] -> [2, 3, 4, 3, 0, 0, 0] -> [2, 3, 4, 3, 0, 0, 0, 0] -> [2, 3, 4, 3, 0, 0, 0, 0, 4] -> [2, 3, 4, 3, 0, 0, 0, 0, 4, 2]
SyncBFS: 374.68 ms, [] -> [0] -> [0, 0] -> [0, 0, 1] -> [0, 0, 1, 0] -> [0, 0, 1, 0, 4] -> [0, 0, 1, 0, 4, 2] -> [0, 0, 1, 0, 4, 2, 3] -> [0, 0, 1, 0, 4, 2, 3, 3] -> [0, 0, 1, 0, 4, 2, 3, 3, 1] -> [0, 0, 1, 0, 4, 2, 3, 3, 1, 2]
TasksBFS: 54.76 ms, [] -> [0] -> [0, 2] -> [0, 2, 1] -> [0, 2, 1, 1] -> [0, 2, 1, 1, 2] -> [0, 2, 1, 1, 2, 3] -> [0, 2, 1, 1, 2, 3, 1] -> [0, 2, 1, 1, 2, 3, 1, 2] -> [0, 2, 1, 1, 2, 3, 1, 2, 2] -> [0, 2, 1, 1, 2, 3, 1, 2, 2, 1]

problem_17.yaml
MultithreadBFS: 20.92 ms, [] -> [0] -> [0, 2] -> [0, 2, 3] -> [0, 2, 3, 0] -> [0, 2, 3, 0, 0] -> [0, 2, 3, 0, 0, 3] -> [0, 2, 3, 0, 0, 3, 2] -> [0, 2, 3, 0, 0, 3, 2, 2] -> [0, 2, 3, 0, 0, 3, 2, 2, 3] -> [0, 2, 3, 0, 0, 3, 2, 2, 3, 0]
AsyncStartBFS: 24.58 ms, [] -> [3] -> [3, 0] -> [3, 0, 4] -> [3, 0, 4, 1] -> [3, 0, 4, 1, 0] -> [3, 0, 4, 1, 0, 2] -> [3, 0, 4, 1, 0, 2, 3] -> [3, 0, 4, 1, 0, 2, 3, 2] -> [3, 0, 4, 1, 0, 2, 3, 2, 1] -> [3, 0, 4, 1, 0, 2, 3, 2, 1, 3]
TasksBFS: 58.3 ms, [] -> [0] -> [0, 2] -> [0, 2, 3] -> [0, 2, 3, 0] -> [0, 2, 3, 0, 0] -> [0, 2, 3, 0, 0, 3] -> [0, 2, 3, 0, 0, 3, 2] -> [0, 2, 3, 0, 0, 3, 2, 2] -> [0, 2, 3, 0, 0, 3, 2, 2, 3] -> [0, 2, 3, 0, 0, 3, 2, 2, 3, 0]
SyncBFS: 519.99 ms, [] -> [0] -> [0, 0] -> [0, 0, 0] -> [0, 0, 0, 3] -> [0, 0, 0, 3, 1] -> [0, 0, 0, 3, 1, 3] -> [0, 0, 0, 3, 1, 3, 3] -> [0, 0, 0, 3, 1, 3, 3, 1] -> [0, 0, 0, 3, 1, 3, 3, 1, 1] -> [0, 0, 0, 3, 1, 3, 3, 1, 1, 3]

problem_37.yaml
TasksBFS: 70.22 ms, [] -> [0] -> [0, 2] -> [0, 2, 4] -> [0, 2, 4, 0] -> [0, 2, 4, 0, 2] -> [0, 2, 4, 0, 2, 4] -> [0, 2, 4, 0, 2, 4, 3] -> [0, 2, 4, 0, 2, 4, 3, 3] -> [0, 2, 4, 0, 2, 4, 3, 3, 4] -> [0, 2, 4, 0, 2, 4, 3, 3, 4, 1]
SyncBFS: 438.56 ms, [] -> [0] -> [0, 0] -> [0, 0, 1] -> [0, 0, 1, 3] -> [0, 0, 1, 3, 4] -> [0, 0, 1, 3, 4, 1] -> [0, 0, 1, 3, 4, 1, 1] -> [0, 0, 1, 3, 4, 1, 1, 2] -> [0, 0, 1, 3, 4, 1, 1, 2, 1] -> [0, 0, 1, 3, 4, 1, 1, 2, 1, 0]
AsyncStartBFS: 21.25 ms, [] -> [3] -> [3, 1] -> [3, 1, 3] -> [3, 1, 3, 0] -> [3, 1, 3, 0, 0] -> [3, 1, 3, 0, 0, 1] -> [3, 1, 3, 0, 0, 1, 1] -> [3, 1, 3, 0, 0, 1, 1, 3] -> [3, 1, 3, 0, 0, 1, 1, 3, 4] -> [3, 1, 3, 0, 0, 1, 1, 3, 4, 3]
MultithreadBFS: 18.12 ms, [] -> [0] -> [0, 0] -> [0, 0, 4] -> [0, 0, 4, 0] -> [0, 0, 4, 0, 1] -> [0, 0, 4, 0, 1, 4] -> [0, 0, 4, 0, 1, 4, 4] -> [0, 0, 4, 0, 1, 4, 4, 2] -> [0, 0, 4, 0, 1, 4, 4, 2, 3] -> [0, 0, 4, 0, 1, 4, 4, 2, 3, 2]

problem_22.yaml
SyncBFS: 378.32 ms, [] -> [0] -> [0, 1] -> [0, 1, 1] -> [0, 1, 1, 0] -> [0, 1, 1, 0, 0] -> [0, 1, 1, 0, 0, 3] -> [0, 1, 1, 0, 0, 3, 0] -> [0, 1, 1, 0, 0, 3, 0, 1] -> [0, 1, 1, 0, 0, 3, 0, 1, 0] -> [0, 1, 1, 0, 0, 3, 0, 1, 0, 1]
MultithreadBFS: 16.74 ms, [] -> [1] -> [1, 3] -> [1, 3, 0] -> [1, 3, 0, 0] -> [1, 3, 0, 0, 3] -> [1, 3, 0, 0, 3, 3] -> [1, 3, 0, 0, 3, 3, 2] -> [1, 3, 0, 0, 3, 3, 2, 0] -> [1, 3, 0, 0, 3, 3, 2, 0, 2] -> [1, 3, 0, 0, 3, 3, 2, 0, 2, 4]
TasksBFS: 58.52 ms, [] -> [1] -> [1, 4] -> [1, 4, 1] -> [1, 4, 1, 2] -> [1, 4, 1, 2, 3] -> [1, 4, 1, 2, 3, 3] -> [1, 4, 1, 2, 3, 3, 1] -> [1, 4, 1, 2, 3, 3, 1, 1] -> [1, 4, 1, 2, 3, 3, 1, 1, 2] -> [1, 4, 1, 2, 3, 3, 1, 1, 2, 1]
AsyncStartBFS: 26.34 ms, [] -> [1] -> [1, 4] -> [1, 4, 4] -> [1, 4, 4, 1] -> [1, 4, 4, 1, 1] -> [1, 4, 4, 1, 1, 4] -> [1, 4, 4, 1, 1, 4, 4] -> [1, 4, 4, 1, 1, 4, 4, 1] -> [1, 4, 4, 1, 1, 4, 4, 1, 0] -> [1, 4, 4, 1, 1, 4, 4, 1, 0, 3]

problem_23.yaml
MultithreadBFS: 16.6 ms, [] -> [1] -> [1, 0] -> [1, 0, 2] -> [1, 0, 2, 3] -> [1, 0, 2, 3, 2] -> [1, 0, 2, 3, 2, 2] -> [1, 0, 2, 3, 2, 2, 1] -> [1, 0, 2, 3, 2, 2, 1, 1] -> [1, 0, 2, 3, 2, 2, 1, 1, 2] -> [1, 0, 2, 3, 2, 2, 1, 1, 2, 1]
SyncBFS: 202.74 ms, [] -> [0] -> [0, 0] -> [0, 0, 0] -> [0, 0, 0, 4] -> [0, 0, 0, 4, 0] -> [0, 0, 0, 4, 0, 1] -> [0, 0, 0, 4, 0, 1, 4] -> [0, 0, 0, 4, 0, 1, 4, 0] -> [0, 0, 0, 4, 0, 1, 4, 0, 0] -> [0, 0, 0, 4, 0, 1, 4, 0, 0, 1]
TasksBFS: 36.92 ms, [] -> [0] -> [0, 2] -> [0, 2, 0] -> [0, 2, 0, 0] -> [0, 2, 0, 0, 2] -> [0, 2, 0, 0, 2, 0] -> [0, 2, 0, 0, 2, 0, 2] -> [0, 2, 0, 0, 2, 0, 2, 4] -> [0, 2, 0, 0, 2, 0, 2, 4, 0] -> [0, 2, 0, 0, 2, 0, 2, 4, 0, 2]
AsyncStartBFS: 11.14 ms, [] -> [0] -> [0, 1] -> [0, 1, 4] -> [0, 1, 4, 3] -> [0, 1, 4, 3, 4] -> [0, 1, 4, 3, 4, 4] -> [0, 1, 4, 3, 4, 4, 0] -> [0, 1, 4, 3, 4, 4, 0, 1] -> [0, 1, 4, 3, 4, 4, 0, 1, 2] -> [0, 1, 4, 3, 4, 4, 0, 1, 2, 0]

problem_25.yaml
SyncBFS: 335.4 ms, [] -> [0] -> [0, 0] -> [0, 0, 1] -> [0, 0, 1, 0] -> [0, 0, 1, 0, 4] -> [0, 0, 1, 0, 4, 1] -> [0, 0, 1, 0, 4, 1, 0] -> [0, 0, 1, 0, 4, 1, 0, 1] -> [0, 0, 1, 0, 4, 1, 0, 1, 3] -> [0, 0, 1, 0, 4, 1, 0, 1, 3, 3]
AsyncStartBFS: 5.2 ms, [] -> [0] -> [0, 2] -> [0, 2, 0] -> [0, 2, 0, 1] -> [0, 2, 0, 1, 2] -> [0, 2, 0, 1, 2, 2] -> [0, 2, 0, 1, 2, 2, 3] -> [0, 2, 0, 1, 2, 2, 3, 1] -> [0, 2, 0, 1, 2, 2, 3, 1, 2] -> [0, 2, 0, 1, 2, 2, 3, 1, 2, 0]
MultithreadBFS: 16.85 ms, [] -> [0] -> [0, 2] -> [0, 2, 0] -> [0, 2, 0, 1] -> [0, 2, 0, 1, 2] -> [0, 2, 0, 1, 2, 2] -> [0, 2, 0, 1, 2, 2, 3] -> [0, 2, 0, 1, 2, 2, 3, 1] -> [0, 2, 0, 1, 2, 2, 3, 1, 2] -> [0, 2, 0, 1, 2, 2, 3, 1, 2, 0]
TasksBFS: 46.83 ms, [] -> [0] -> [0, 0] -> [0, 0, 1] -> [0, 0, 1, 0] -> [0, 0, 1, 0, 4] -> [0, 0, 1, 0, 4, 1] -> [0, 0, 1, 0, 4, 1, 0] -> [0, 0, 1, 0, 4, 1, 0, 1] -> [0, 0, 1, 0, 4, 1, 0, 1, 3] -> [0, 0, 1, 0, 4, 1, 0, 1, 3, 3]

problem_27.yaml
TasksBFS: 41.06 ms, [] -> [0] -> [0, 2] -> [0, 2, 2] -> [0, 2, 2, 1] -> [0, 2, 2, 1, 0] -> [0, 2, 2, 1, 0, 3] -> [0, 2, 2, 1, 0, 3, 2] -> [0, 2, 2, 1, 0, 3, 2, 1] -> [0, 2, 2, 1, 0, 3, 2, 1, 3] -> [0, 2, 2, 1, 0, 3, 2, 1, 3, 1]
MultithreadBFS: 19.17 ms, [] -> [0] -> [0, 3] -> [0, 3, 0] -> [0, 3, 0, 1] -> [0, 3, 0, 1, 0] -> [0, 3, 0, 1, 0, 1] -> [0, 3, 0, 1, 0, 1, 3] -> [0, 3, 0, 1, 0, 1, 3, 1] -> [0, 3, 0, 1, 0, 1, 3, 1, 2] -> [0, 3, 0, 1, 0, 1, 3, 1, 2, 0]
AsyncStartBFS: 7.44 ms, [] -> [0] -> [0, 0] -> [0, 0, 4] -> [0, 0, 4, 3] -> [0, 0, 4, 3, 1] -> [0, 0, 4, 3, 1, 0] -> [0, 0, 4, 3, 1, 0, 2] -> [0, 0, 4, 3, 1, 0, 2, 1] -> [0, 0, 4, 3, 1, 0, 2, 1, 2] -> [0, 0, 4, 3, 1, 0, 2, 1, 2, 0]
SyncBFS: 254.79 ms, [] -> [0] -> [0, 0] -> [0, 0, 2] -> [0, 0, 2, 1] -> [0, 0, 2, 1, 4] -> [0, 0, 2, 1, 4, 4] -> [0, 0, 2, 1, 4, 4, 2] -> [0, 0, 2, 1, 4, 4, 2, 2] -> [0, 0, 2, 1, 4, 4, 2, 2, 1] -> [0, 0, 2, 1, 4, 4, 2, 2, 1, 3]

problem_26.yaml
MultithreadBFS: 10.58 ms, [] -> [1] -> [1, 0] -> [1, 0, 1] -> [1, 0, 1, 1] -> [1, 0, 1, 1, 3] -> [1, 0, 1, 1, 3, 0] -> [1, 0, 1, 1, 3, 0, 4] -> [1, 0, 1, 1, 3, 0, 4, 2] -> [1, 0, 1, 1, 3, 0, 4, 2, 2] -> [1, 0, 1, 1, 3, 0, 4, 2, 2, 4]
AsyncStartBFS: 11.12 ms, [] -> [1] -> [1, 3] -> [1, 3, 4] -> [1, 3, 4, 1] -> [1, 3, 4, 1, 0] -> [1, 3, 4, 1, 0, 1] -> [1, 3, 4, 1, 0, 1, 1] -> [1, 3, 4, 1, 0, 1, 1, 3] -> [1, 3, 4, 1, 0, 1, 1, 3, 3] -> [1, 3, 4, 1, 0, 1, 1, 3, 3, 1]
SyncBFS: 256.89 ms, [] -> [0] -> [0, 0] -> [0, 0, 1] -> [0, 0, 1, 1] -> [0, 0, 1, 1, 3] -> [0, 0, 1, 1, 3, 0] -> [0, 0, 1, 1, 3, 0, 2] -> [0, 0, 1, 1, 3, 0, 2, 2] -> [0, 0, 1, 1, 3, 0, 2, 2, 3] -> [0, 0, 1, 1, 3, 0, 2, 2, 3, 4]
TasksBFS: 44.39 ms, [] -> [1] -> [1, 0] -> [1, 0, 1] -> [1, 0, 1, 1] -> [1, 0, 1, 1, 3] -> [1, 0, 1, 1, 3, 0] -> [1, 0, 1, 1, 3, 0, 4] -> [1, 0, 1, 1, 3, 0, 4, 2] -> [1, 0, 1, 1, 3, 0, 4, 2, 2] -> [1, 0, 1, 1, 3, 0, 4, 2, 2, 4]

problem_14.yaml
TasksBFS: 77.2 ms, [] -> [0] -> [0, 0] -> [0, 0, 2] -> [0, 0, 2, 1] -> [0, 0, 2, 1, 4] -> [0, 0, 2, 1, 4, 0] -> [0, 0, 2, 1, 4, 0, 3] -> [0, 0, 2, 1, 4, 0, 3, 2] -> [0, 0, 2, 1, 4, 0, 3, 2, 4] -> [0, 0, 2, 1, 4, 0, 3, 2, 4, 2]
SyncBFS: 464.05 ms, [] -> [0] -> [0, 0] -> [0, 0, 1] -> [0, 0, 1, 0] -> [0, 0, 1, 0, 2] -> [0, 0, 1, 0, 2, 4] -> [0, 0, 1, 0, 2, 4, 0] -> [0, 0, 1, 0, 2, 4, 0, 1] -> [0, 0, 1, 0, 2, 4, 0, 1, 1] -> [0, 0, 1, 0, 2, 4, 0, 1, 1, 4]
MultithreadBFS: 28.59 ms, [] -> [0] -> [0, 2] -> [0, 2, 4] -> [0, 2, 4, 1] -> [0, 2, 4, 1, 3] -> [0, 2, 4, 1, 3, 4] -> [0, 2, 4, 1, 3, 4, 2] -> [0, 2, 4, 1, 3, 4, 2, 3] -> [0, 2, 4, 1, 3, 4, 2, 3, 3] -> [0, 2, 4, 1, 3, 4, 2, 3, 3, 4]
AsyncStartBFS: 12.53 ms, [] -> [0] -> [0, 1] -> [0, 1, 2] -> [0, 1, 2, 1] -> [0, 1, 2, 1, 1] -> [0, 1, 2, 1, 1, 0] -> [0, 1, 2, 1, 1, 0, 4] -> [0, 1, 2, 1, 1, 0, 4, 4] -> [0, 1, 2, 1, 1, 0, 4, 4, 1] -> [0, 1, 2, 1, 1, 0, 4, 4, 1, 3]

problem_28.yaml
SyncBFS: 189.27 ms, [] -> [0] -> [0, 0] -> [0, 0, 0] -> [0, 0, 0, 4] -> [0, 0, 0, 4, 1] -> [0, 0, 0, 4, 1, 4] -> [0, 0, 0, 4, 1, 4, 4] -> [0, 0, 0, 4, 1, 4, 4, 4] -> [0, 0, 0, 4, 1, 4, 4, 4, 0] -> [0, 0, 0, 4, 1, 4, 4, 4, 0, 1]
AsyncStartBFS: 6.31 ms, [] -> [0] -> [0, 0] -> [0, 0, 4] -> [0, 0, 4, 3] -> [0, 0, 4, 3, 1] -> [0, 0, 4, 3, 1, 3] -> [0, 0, 4, 3, 1, 3, 4] -> [0, 0, 4, 3, 1, 3, 4, 1] -> [0, 0, 4, 3, 1, 3, 4, 1, 2] -> [0, 0, 4, 3, 1, 3, 4, 1, 2, 0]
MultithreadBFS: 17.8 ms, [] -> [4] -> [4, 2] -> [4, 2, 1] -> [4, 2, 1, 4] -> [4, 2, 1, 4, 1] -> [4, 2, 1, 4, 1, 1] -> [4, 2, 1, 4, 1, 1, 1] -> [4, 2, 1, 4, 1, 1, 1, 4] -> [4, 2, 1, 4, 1, 1, 1, 4, 1] -> [4, 2, 1, 4, 1, 1, 1, 4, 1, 0]
TasksBFS: 25.56 ms, [] -> [0] -> [0, 0] -> [0, 0, 0] -> [0, 0, 0, 4] -> [0, 0, 0, 4, 1] -> [0, 0, 0, 4, 1, 4] -> [0, 0, 0, 4, 1, 4, 4] -> [0, 0, 0, 4, 1, 4, 4, 4] -> [0, 0, 0, 4, 1, 4, 4, 4, 0] -> [0, 0, 0, 4, 1, 4, 4, 4, 0, 1]


[INFO] Results summary:
MultithreadBFS
	Average: 18.939 ms
	Median: 17.195 ms
	Standard Deviation: 6.96657 ms
TasksBFS
	Average: 49.6432 ms
	Median: 52.18 ms
	Standard Deviation: 14.2064 ms
SyncBFS
	Average: 344.744 ms
	Median: 354.96 ms
	Standard Deviation: 101.763 ms
AsyncStartBFS
	Average: 13.684 ms
	Median: 12.1 ms
	Standard Deviation: 6.50412 ms
