problem_49.yaml
TasksBFS: 50.67 ms, [] -> [0] -> [0, 0] -> [0, 0, 3] -> [0, 0, 3, 1] -> [0, 0, 3, 1, 0] -> [0, 0, 3, 1, 0, 0] -> [0, 0, 3, 1, 0, 0, 2] -> [0, 0, 3, 1, 0, 0, 2, 2] -> [0, 0, 3, 1, 0, 0, 2, 2, 2] -> [0, 0, 3, 1, 0, 0, 2, 2, 2, 2]
MultithreadBFS: 21.65 ms, [] -> [0] -> [0, 3] -> [0, 3, 0] -> [0, 3, 0, 0] -> [0, 3, 0, 0, 0] -> [0, 3, 0, 0, 0, 3] -> [0, 3, 0, 0, 0, 3, 1] -> [0, 3, 0, 0, 0, 3, 1, 0] -> [0, 3, 0, 0, 0, 3, 1, 0, 1] -> [0, 3, 0, 0, 0, 3, 1, 0, 1, 3]
SyncBFS: 391.8 ms, [] -> [0] -> [0, 0] -> [0, 0, 1] -> [0, 0, 1, 3] -> [0, 0, 1, 3, 1] -> [0, 0, 1, 3, 1, 3] -> [0, 0, 1, 3, 1, 3, 1] -> [0, 0, 1, 3, 1, 3, 1, 3] -> [0, 0, 1, 3, 1, 3, 1, 3, 3] -> [0, 0, 1, 3, 1, 3, 1, 3, 3, 4]
AsyncStartBFS: 9.58 ms, [] -> [0] -> [0, 2] -> [0, 2, 1] -> [0, 2, 1, 4] -> [0, 2, 1, 4, 0] -> [0, 2, 1, 4, 0, 0] -> [0, 2, 1, 4, 0, 0, 1] -> [0, 2, 1, 4, 0, 0, 1, 2] -> [0, 2, 1, 4, 0, 0, 1, 2, 3] -> [0, 2, 1, 4, 0, 0, 1, 2, 3, 3]

problem_48.yaml
TasksBFS: 22.23 ms, [] -> [0] -> [0, 0] -> [0, 0, 4] -> [0, 0, 4, 3] -> [0, 0, 4, 3, 0] -> [0, 0, 4, 3, 0, 0] -> [0, 0, 4, 3, 0, 0, 0] -> [0, 0, 4, 3, 0, 0, 0, 1] -> [0, 0, 4, 3, 0, 0, 0, 1, 0] -> [0, 0, 4, 3, 0, 0, 0, 1, 0, 2]
AsyncStartBFS: 4.41 ms, [] -> [0] -> [0, 1] -> [0, 1, 1] -> [0, 1, 1, 3] -> [0, 1, 1, 3, 0] -> [0, 1, 1, 3, 0, 0] -> [0, 1, 1, 3, 0, 0, 0] -> [0, 1, 1, 3, 0, 0, 0, 0] -> [0, 1, 1, 3, 0, 0, 0, 0, 0] -> [0, 1, 1, 3, 0, 0, 0, 0, 0, 4]
SyncBFS: 202.19 ms, [] -> [0] -> [0, 0] -> [0, 0, 0] -> [0, 0, 0, 0] -> [0, 0, 0, 0, 0] -> [0, 0, 0, 0, 0, 0] -> [0, 0, 0, 0, 0, 0, 0] -> [0, 0, 0, 0, 0, 0, 0, 3] -> [0, 0, 0, 0, 0, 0, 0, 3, 3] -> [0, 0, 0, 0, 0, 0, 0, 3, 3, 1]
MultithreadBFS: 6.72 ms, [] -> [3] -> [3, 3] -> [3, 3, 0] -> [3, 3, 0, 1] -> [3, 3, 0, 1, 0] -> [3, 3, 0, 1, 0, 0] -> [3, 3, 0, 1, 0, 0, 2] -> [3, 3, 0, 1, 0, 0, 2, 1] -> [3, 3, 0, 1, 0, 0, 2, 1, 0] -> [3, 3, 0, 1, 0, 0, 2, 1, 0, 4]

problem_45.yaml
SyncBFS: 497.58 ms, [] -> [0] -> [0, 1] -> [0, 1, 0] -> [0, 1, 0, 1] -> [0, 1, 0, 1, 3] -> [0, 1, 0, 1, 3, 0] -> [0, 1, 0, 1, 3, 0, 0] -> [0, 1, 0, 1, 3, 0, 0, 1] -> [0, 1, 0, 1, 3, 0, 0, 1, 2] -> [0, 1, 0, 1, 3, 0, 0, 1, 2, 1]
TasksBFS: 58.02 ms, [] -> [0] -> [0, 3] -> [0, 3, 4] -> [0, 3, 4, 1] -> [0, 3, 4, 1, 0] -> [0, 3, 4, 1, 0, 0] -> [0, 3, 4, 1, 0, 0, 0] -> [0, 3, 4, 1, 0, 0, 0, 1] -> [0, 3, 4, 1, 0, 0, 0, 1, 1] -> [0, 3, 4, 1, 0, 0, 0, 1, 1, 4]
MultithreadBFS: 16.36 ms, [] -> [0] -> [0, 4] -> [0, 4, 3] -> [0, 4, 3, 0] -> [0, 4, 3, 0, 0] -> [0, 4, 3, 0, 0, 1] -> [0, 4, 3, 0, 0, 1, 0] -> [0, 4, 3, 0, 0, 1, 0, 4] -> [0, 4, 3, 0, 0, 1, 0, 4, 4] -> [0, 4, 3, 0, 0, 1, 0, 4, 4, 4]
AsyncStartBFS: 9.47 ms, [] -> [2] -> [2, 3] -> [2, 3, 3] -> [2, 3, 3, 0] -> [2, 3, 3, 0, 0] -> [2, 3, 3, 0, 0, 1] -> [2, 3, 3, 0, 0, 1, 3] -> [2, 3, 3, 0, 0, 1, 3, 0] -> [2, 3, 3, 0, 0, 1, 3, 0, 2] -> [2, 3, 3, 0, 0, 1, 3, 0, 2, 3]

problem_43.yaml
AsyncStartBFS: 13.45 ms, [] -> [1] -> [1, 0] -> [1, 0, 2] -> [1, 0, 2, 1] -> [1, 0, 2, 1, 0] -> [1, 0, 2, 1, 0, 1] -> [1, 0, 2, 1, 0, 1, 0] -> [1, 0, 2, 1, 0, 1, 0, 2] -> [1, 0, 2, 1, 0, 1, 0, 2, 2] -> [1, 0, 2, 1, 0, 1, 0, 2, 2, 2]
SyncBFS: 472.01 ms, [] -> [0] -> [0, 1] -> [0, 1, 0] -> [0, 1, 0, 0] -> [0, 1, 0, 0, 1] -> [0, 1, 0, 0, 1, 0] -> [0, 1, 0, 0, 1, 0, 1] -> [0, 1, 0, 0, 1, 0, 1, 1] -> [0, 1, 0, 0, 1, 0, 1, 1, 0] -> [0, 1, 0, 0, 1, 0, 1, 1, 0, 4]
MultithreadBFS: 17.48 ms, [] -> [1] -> [1, 0] -> [1, 0, 1] -> [1, 0, 1, 0] -> [1, 0, 1, 0, 0] -> [1, 0, 1, 0, 0, 0] -> [1, 0, 1, 0, 0, 0, 0] -> [1, 0, 1, 0, 0, 0, 0, 1] -> [1, 0, 1, 0, 0, 0, 0, 1, 0] -> [1, 0, 1, 0, 0, 0, 0, 1, 0, 0]
TasksBFS: 54.84 ms, [] -> [0] -> [0, 1] -> [0, 1, 0] -> [0, 1, 0, 3] -> [0, 1, 0, 3, 0] -> [0, 1, 0, 3, 0, 0] -> [0, 1, 0, 3, 0, 0, 1] -> [0, 1, 0, 3, 0, 0, 1, 0] -> [0, 1, 0, 3, 0, 0, 1, 0, 2] -> [0, 1, 0, 3, 0, 0, 1, 0, 2, 2]

problem_41.yaml
TasksBFS: 55.53 ms, [] -> [0] -> [0, 0] -> [0, 0, 0] -> [0, 0, 0, 0] -> [0, 0, 0, 0, 2] -> [0, 0, 0, 0, 2, 0] -> [0, 0, 0, 0, 2, 0, 1] -> [0, 0, 0, 0, 2, 0, 1, 1] -> [0, 0, 0, 0, 2, 0, 1, 1, 1] -> [0, 0, 0, 0, 2, 0, 1, 1, 1, 0]
SyncBFS: 443.55 ms, [] -> [0] -> [0, 0] -> [0, 0, 0] -> [0, 0, 0, 0] -> [0, 0, 0, 0, 2] -> [0, 0, 0, 0, 2, 0] -> [0, 0, 0, 0, 2, 0, 1] -> [0, 0, 0, 0, 2, 0, 1, 1] -> [0, 0, 0, 0, 2, 0, 1, 1, 1] -> [0, 0, 0, 0, 2, 0, 1, 1, 1, 0]
AsyncStartBFS: 18.21 ms, [] -> [0] -> [0, 0] -> [0, 0, 0] -> [0, 0, 0, 3] -> [0, 0, 0, 3, 1] -> [0, 0, 0, 3, 1, 0] -> [0, 0, 0, 3, 1, 0, 2] -> [0, 0, 0, 3, 1, 0, 2, 4] -> [0, 0, 0, 3, 1, 0, 2, 4, 2] -> [0, 0, 0, 3, 1, 0, 2, 4, 2, 2]
MultithreadBFS: 10.44 ms, [] -> [0] -> [0, 3] -> [0, 3, 2] -> [0, 3, 2, 0] -> [0, 3, 2, 0, 0] -> [0, 3, 2, 0, 0, 0] -> [0, 3, 2, 0, 0, 0, 0] -> [0, 3, 2, 0, 0, 0, 0, 0] -> [0, 3, 2, 0, 0, 0, 0, 0, 2] -> [0, 3, 2, 0, 0, 0, 0, 0, 2, 4]

problem_39.yaml
TasksBFS: 47.47 ms, [] -> [0] -> [0, 4] -> [0, 4, 1] -> [0, 4, 1, 1] -> [0, 4, 1, 1, 0] -> [0, 4, 1, 1, 0, 0] -> [0, 4, 1, 1, 0, 0, 3] -> [0, 4, 1, 1, 0, 0, 3, 3] -> [0, 4, 1, 1, 0, 0, 3, 3, 2] -> [0, 4, 1, 1, 0, 0, 3, 3, 2, 2]
SyncBFS: 351.11 ms, [] -> [0] -> [0, 3] -> [0, 3, 1] -> [0, 3, 1, 0] -> [0, 3, 1, 0, 0] -> [0, 3, 1, 0, 0, 1] -> [0, 3, 1, 0, 0, 1, 0] -> [0, 3, 1, 0, 0, 1, 0, 2] -> [0, 3, 1, 0, 0, 1, 0, 2, 0] -> [0, 3, 1, 0, 0, 1, 0, 2, 0, 3]
MultithreadBFS: 26.45 ms, [] -> [1] -> [1, 3] -> [1, 3, 0] -> [1, 3, 0, 0] -> [1, 3, 0, 0, 0] -> [1, 3, 0, 0, 0, 0] -> [1, 3, 0, 0, 0, 0, 4] -> [1, 3, 0, 0, 0, 0, 4, 1] -> [1, 3, 0, 0, 0, 0, 4, 1, 1] -> [1, 3, 0, 0, 0, 0, 4, 1, 1, 1]
AsyncStartBFS: 4.25 ms, [] -> [1] -> [1, 3] -> [1, 3, 3] -> [1, 3, 3, 3] -> [1, 3, 3, 3, 1] -> [1, 3, 3, 3, 1, 0] -> [1, 3, 3, 3, 1, 0, 0] -> [1, 3, 3, 3, 1, 0, 0, 0] -> [1, 3, 3, 3, 1, 0, 0, 0, 3] -> [1, 3, 3, 3, 1, 0, 0, 0, 3, 2]

problem_38.yaml
TasksBFS: 35.59 ms, [] -> [0] -> [0, 3] -> [0, 3, 1] -> [0, 3, 1, 1] -> [0, 3, 1, 1, 0] -> [0, 3, 1, 1, 0, 0] -> [0, 3, 1, 1, 0, 0, 0] -> [0, 3, 1, 1, 0, 0, 0, 0] -> [0, 3, 1, 1, 0, 0, 0, 0, 1] -> [0, 3, 1, 1, 0, 0, 0, 0, 1, 4]
SyncBFS: 243.29 ms, [] -> [0] -> [0, 2] -> [0, 2, 1] -> [0, 2, 1, 0] -> [0, 2, 1, 0, 0] -> [0, 2, 1, 0, 0, 1] -> [0, 2, 1, 0, 0, 1, 0] -> [0, 2, 1, 0, 0, 1, 0, 1] -> [0, 2, 1, 0, 0, 1, 0, 1, 4] -> [0, 2, 1, 0, 0, 1, 0, 1, 4, 4]
AsyncStartBFS: 10.35 ms, [] -> [0] -> [0, 2] -> [0, 2, 2] -> [0, 2, 2, 1] -> [0, 2, 2, 1, 0] -> [0, 2, 2, 1, 0, 1] -> [0, 2, 2, 1, 0, 1, 1] -> [0, 2, 2, 1, 0, 1, 1, 0] -> [0, 2, 2, 1, 0, 1, 1, 0, 4] -> [0, 2, 2, 1, 0, 1, 1, 0, 4, 4]
MultithreadBFS: 4.82 ms, [] -> [3] -> [3, 2] -> [3, 2, 1] -> [3, 2, 1, 3] -> [3, 2, 1, 3, 2] -> [3, 2, 1, 3, 2, 1] -> [3, 2, 1, 3, 2, 1, 1] -> [3, 2, 1, 3, 2, 1, 1, 1] -> [3, 2, 1, 3, 2, 1, 1, 1, 2] -> [3, 2, 1, 3, 2, 1, 1, 1, 2, 0]

problem_36.yaml
MultithreadBFS: 14.79 ms, [] -> [1] -> [1, 0] -> [1, 0, 0] -> [1, 0, 0, 0] -> [1, 0, 0, 0, 0] -> [1, 0, 0, 0, 0, 0] -> [1, 0, 0, 0, 0, 0, 1] -> [1, 0, 0, 0, 0, 0, 1, 3] -> [1, 0, 0, 0, 0, 0, 1, 3, 4] -> [1, 0, 0, 0, 0, 0, 1, 3, 4, 4]
AsyncStartBFS: 5.82 ms, [] -> [0] -> [0, 2] -> [0, 2, 0] -> [0, 2, 0, 2] -> [0, 2, 0, 2, 0] -> [0, 2, 0, 2, 0, 0] -> [0, 2, 0, 2, 0, 0, 2] -> [0, 2, 0, 2, 0, 0, 2, 1] -> [0, 2, 0, 2, 0, 0, 2, 1, 2] -> [0, 2, 0, 2, 0, 0, 2, 1, 2, 2]
SyncBFS: 368.32 ms, [] -> [0] -> [0, 1] -> [0, 1, 1] -> [0, 1, 1, 0] -> [0, 1, 1, 0, 1] -> [0, 1, 1, 0, 1, 1] -> [0, 1, 1, 0, 1, 1, 0] -> [0, 1, 1, 0, 1, 1, 0, 0] -> [0, 1, 1, 0, 1, 1, 0, 0, 3] -> [0, 1, 1, 0, 1, 1, 0, 0, 3, 0]
TasksBFS: 45.74 ms, [] -> [0] -> [0, 1] -> [0, 1, 1] -> [0, 1, 1, 0] -> [0, 1, 1, 0, 1] -> [0, 1, 1, 0, 1, 1] -> [0, 1, 1, 0, 1, 1, 0] -> [0, 1, 1, 0, 1, 1, 0, 0] -> [0, 1, 1, 0, 1, 1, 0, 0, 3] -> [0, 1, 1, 0, 1, 1, 0, 0, 3, 0]

problem_44.yaml
MultithreadBFS: 12.26 ms, [] -> [0] -> [0, 3] -> [0, 3, 1] -> [0, 3, 1, 0] -> [0, 3, 1, 0, 1] -> [0, 3, 1, 0, 1, 0] -> [0, 3, 1, 0, 1, 0, 2] -> [0, 3, 1, 0, 1, 0, 2, 3] -> [0, 3, 1, 0, 1, 0, 2, 3, 3] -> [0, 3, 1, 0, 1, 0, 2, 3, 3, 0]
TasksBFS: 49.39 ms, [] -> [0] -> [0, 2] -> [0, 2, 0] -> [0, 2, 0, 0] -> [0, 2, 0, 0, 0] -> [0, 2, 0, 0, 0, 0] -> [0, 2, 0, 0, 0, 0, 0] -> [0, 2, 0, 0, 0, 0, 0, 1] -> [0, 2, 0, 0, 0, 0, 0, 1, 4] -> [0, 2, 0, 0, 0, 0, 0, 1, 4, 1]
AsyncStartBFS: 16.83 ms, [] -> [0] -> [0, 4] -> [0, 4, 3] -> [0, 4, 3, 4] -> [0, 4, 3, 4, 0] -> [0, 4, 3, 4, 0, 2] -> [0, 4, 3, 4, 0, 2, 0] -> [0, 4, 3, 4, 0, 2, 0, 1] -> [0, 4, 3, 4, 0, 2, 0, 1, 3] -> [0, 4, 3, 4, 0, 2, 0, 1, 3, 2]
SyncBFS: 498.62 ms, [] -> [0] -> [0, 0] -> [0, 0, 0] -> [0, 0, 0, 0] -> [0, 0, 0, 0, 2] -> [0, 0, 0, 0, 2, 1] -> [0, 0, 0, 0, 2, 1, 2] -> [0, 0, 0, 0, 2, 1, 2, 4] -> [0, 0, 0, 0, 2, 1, 2, 4, 4] -> [0, 0, 0, 0, 2, 1, 2, 4, 4, 3]

problem_35.yaml
TasksBFS: 45.11 ms, [] -> [0] -> [0, 0] -> [0, 0, 4] -> [0, 0, 4, 1] -> [0, 0, 4, 1, 0] -> [0, 0, 4, 1, 0, 0] -> [0, 0, 4, 1, 0, 0, 4] -> [0, 0, 4, 1, 0, 0, 4, 4] -> [0, 0, 4, 1, 0, 0, 4, 4, 4] -> [0, 0, 4, 1, 0, 0, 4, 4, 4, 3]
AsyncStartBFS: 10.98 ms, [] -> [0] -> [0, 0] -> [0, 0, 1] -> [0, 0, 1, 4] -> [0, 0, 1, 4, 0] -> [0, 0, 1, 4, 0, 0] -> [0, 0, 1, 4, 0, 0, 0] -> [0, 0, 1, 4, 0, 0, 0, 4] -> [0, 0, 1, 4, 0, 0, 0, 4, 4] -> [0, 0, 1, 4, 0, 0, 0, 4, 4, 2]
SyncBFS: 381.1 ms, [] -> [0] -> [0, 0] -> [0, 0, 0] -> [0, 0, 0, 0] -> [0, 0, 0, 0, 0] -> [0, 0, 0, 0, 0, 2] -> [0, 0, 0, 0, 0, 2, 3] -> [0, 0, 0, 0, 0, 2, 3, 0] -> [0, 0, 0, 0, 0, 2, 3, 0, 0] -> [0, 0, 0, 0, 0, 2, 3, 0, 0, 2]
MultithreadBFS: 11.97 ms, [] -> [0] -> [0, 1] -> [0, 1, 4] -> [0, 1, 4, 3] -> [0, 1, 4, 3, 1] -> [0, 1, 4, 3, 1, 0] -> [0, 1, 4, 3, 1, 0, 1] -> [0, 1, 4, 3, 1, 0, 1, 0] -> [0, 1, 4, 3, 1, 0, 1, 0, 0] -> [0, 1, 4, 3, 1, 0, 1, 0, 0, 2]

problem_46.yaml
AsyncStartBFS: 2.8 ms, [] -> [3] -> [3, 0] -> [3, 0, 0] -> [3, 0, 0, 0] -> [3, 0, 0, 0, 0] -> [3, 0, 0, 0, 0, 0] -> [3, 0, 0, 0, 0, 0, 0] -> [3, 0, 0, 0, 0, 0, 0, 1] -> [3, 0, 0, 0, 0, 0, 0, 1, 1] -> [3, 0, 0, 0, 0, 0, 0, 1, 1, 4]
TasksBFS: 14.7 ms, [] -> [3] -> [3, 0] -> [3, 0, 0] -> [3, 0, 0, 0] -> [3, 0, 0, 0, 0] -> [3, 0, 0, 0, 0, 0] -> [3, 0, 0, 0, 0, 0, 0] -> [3, 0, 0, 0, 0, 0, 0, 1] -> [3, 0, 0, 0, 0, 0, 0, 1, 1] -> [3, 0, 0, 0, 0, 0, 0, 1, 1, 4]
MultithreadBFS: 6.81 ms, [] -> [3] -> [3, 0] -> [3, 0, 0] -> [3, 0, 0, 0] -> [3, 0, 0, 0, 0] -> [3, 0, 0, 0, 0, 0] -> [3, 0, 0, 0, 0, 0, 0] -> [3, 0, 0, 0, 0, 0, 0, 1] -> [3, 0, 0, 0, 0, 0, 0, 1, 1] -> [3, 0, 0, 0, 0, 0, 0, 1, 1, 4]
SyncBFS: 170.54 ms, [] -> [3] -> [3, 0] -> [3, 0, 0] -> [3, 0, 0, 0] -> [3, 0, 0, 0, 0] -> [3, 0, 0, 0, 0, 0] -> [3, 0, 0, 0, 0, 0, 0] -> [3, 0, 0, 0, 0, 0, 0, 1] -> [3, 0, 0, 0, 0, 0, 0, 1, 1] -> [3, 0, 0, 0, 0, 0, 0, 1, 1, 4]

problem_34.yaml
AsyncStartBFS: 2.21 ms, [] -> [3] -> [3, 0] -> [3, 0, 1] -> [3, 0, 1, 1] -> [3, 0, 1, 1, 0] -> [3, 0, 1, 1, 0, 0] -> [3, 0, 1, 1, 0, 0, 0] -> [3, 0, 1, 1, 0, 0, 0, 0] -> [3, 0, 1, 1, 0, 0, 0, 0, 2] -> [3, 0, 1, 1, 0, 0, 0, 0, 2, 3]
TasksBFS: 15.65 ms, [] -> [3] -> [3, 0] -> [3, 0, 1] -> [3, 0, 1, 1] -> [3, 0, 1, 1, 0] -> [3, 0, 1, 1, 0, 0] -> [3, 0, 1, 1, 0, 0, 0] -> [3, 0, 1, 1, 0, 0, 0, 0] -> [3, 0, 1, 1, 0, 0, 0, 0, 2] -> [3, 0, 1, 1, 0, 0, 0, 0, 2, 3]
MultithreadBFS: 7.05 ms, [] -> [3] -> [3, 0] -> [3, 0, 1] -> [3, 0, 1, 1] -> [3, 0, 1, 1, 0] -> [3, 0, 1, 1, 0, 0] -> [3, 0, 1, 1, 0, 0, 0] -> [3, 0, 1, 1, 0, 0, 0, 0] -> [3, 0, 1, 1, 0, 0, 0, 0, 2] -> [3, 0, 1, 1, 0, 0, 0, 0, 2, 3]
SyncBFS: 193.51 ms, [] -> [3] -> [3, 0] -> [3, 0, 1] -> [3, 0, 1, 0] -> [3, 0, 1, 0, 0] -> [3, 0, 1, 0, 0, 0] -> [3, 0, 1, 0, 0, 0, 1] -> [3, 0, 1, 0, 0, 0, 1, 2] -> [3, 0, 1, 0, 0, 0, 1, 2, 1] -> [3, 0, 1, 0, 0, 0, 1, 2, 1, 0]

problem_32.yaml
SyncBFS: 385.58 ms, [] -> [0] -> [0, 0] -> [0, 0, 1] -> [0, 0, 1, 0] -> [0, 0, 1, 0, 0] -> [0, 0, 1, 0, 0, 0] -> [0, 0, 1, 0, 0, 0, 2] -> [0, 0, 1, 0, 0, 0, 2, 1] -> [0, 0, 1, 0, 0, 0, 2, 1, 3] -> [0, 0, 1, 0, 0, 0, 2, 1, 3, 0]
TasksBFS: 45.44 ms, [] -> [0] -> [0, 0] -> [0, 0, 4] -> [0, 0, 4, 3] -> [0, 0, 4, 3, 0] -> [0, 0, 4, 3, 0, 0] -> [0, 0, 4, 3, 0, 0, 1] -> [0, 0, 4, 3, 0, 0, 1, 1] -> [0, 0, 4, 3, 0, 0, 1, 1, 4] -> [0, 0, 4, 3, 0, 0, 1, 1, 4, 3]
AsyncStartBFS: 16.06 ms, [] -> [0] -> [0, 0] -> [0, 0, 4] -> [0, 0, 4, 0] -> [0, 0, 4, 0, 0] -> [0, 0, 4, 0, 0, 0] -> [0, 0, 4, 0, 0, 0, 1] -> [0, 0, 4, 0, 0, 0, 1, 4] -> [0, 0, 4, 0, 0, 0, 1, 4, 0] -> [0, 0, 4, 0, 0, 0, 1, 4, 0, 4]
MultithreadBFS: 9.98 ms, [] -> [0] -> [0, 3] -> [0, 3, 1] -> [0, 3, 1, 1] -> [0, 3, 1, 1, 1] -> [0, 3, 1, 1, 1, 0] -> [0, 3, 1, 1, 1, 0, 0] -> [0, 3, 1, 1, 1, 0, 0, 1] -> [0, 3, 1, 1, 1, 0, 0, 1, 0] -> [0, 3, 1, 1, 1, 0, 0, 1, 0, 4]

problem_31.yaml
AsyncStartBFS: 6.96 ms, [] -> [0] -> [0, 0] -> [0, 0, 3] -> [0, 0, 3, 4] -> [0, 0, 3, 4, 0] -> [0, 0, 3, 4, 0, 0] -> [0, 0, 3, 4, 0, 0, 1] -> [0, 0, 3, 4, 0, 0, 1, 1] -> [0, 0, 3, 4, 0, 0, 1, 1, 1] -> [0, 0, 3, 4, 0, 0, 1, 1, 1, 2]
TasksBFS: 28.16 ms, [] -> [0] -> [0, 0] -> [0, 0, 1] -> [0, 0, 1, 0] -> [0, 0, 1, 0, 0] -> [0, 0, 1, 0, 0, 0] -> [0, 0, 1, 0, 0, 0, 1] -> [0, 0, 1, 0, 0, 0, 1, 2] -> [0, 0, 1, 0, 0, 0, 1, 2, 4] -> [0, 0, 1, 0, 0, 0, 1, 2, 4, 1]
SyncBFS: 288.46 ms, [] -> [0] -> [0, 0] -> [0, 0, 0] -> [0, 0, 0, 0] -> [0, 0, 0, 0, 0] -> [0, 0, 0, 0, 0, 0] -> [0, 0, 0, 0, 0, 0, 1] -> [0, 0, 0, 0, 0, 0, 1, 4] -> [0, 0, 0, 0, 0, 0, 1, 4, 2] -> [0, 0, 0, 0, 0, 0, 1, 4, 2, 4]
MultithreadBFS: 18.28 ms, [] -> [1] -> [1, 3] -> [1, 3, 2] -> [1, 3, 2, 2] -> [1, 3, 2, 2, 0] -> [1, 3, 2, 2, 0, 0] -> [1, 3, 2, 2, 0, 0, 1] -> [1, 3, 2, 2, 0, 0, 1, 1] -> [1, 3, 2, 2, 0, 0, 1, 1, 3] -> [1, 3, 2, 2, 0, 0, 1, 1, 3, 3]

problem_30.yaml
TasksBFS: 32.87 ms, [] -> [0] -> [0, 0] -> [0, 0, 1] -> [0, 0, 1, 1] -> [0, 0, 1, 1, 1] -> [0, 0, 1, 1, 1, 0] -> [0, 0, 1, 1, 1, 0, 1] -> [0, 0, 1, 1, 1, 0, 1, 0] -> [0, 0, 1, 1, 1, 0, 1, 0, 2] -> [0, 0, 1, 1, 1, 0, 1, 0, 2, 2]
MultithreadBFS: 15.74 ms, [] -> [1] -> [1, 2] -> [1, 2, 0] -> [1, 2, 0, 0] -> [1, 2, 0, 0, 1] -> [1, 2, 0, 0, 1, 0] -> [1, 2, 0, 0, 1, 0, 1] -> [1, 2, 0, 0, 1, 0, 1, 0] -> [1, 2, 0, 0, 1, 0, 1, 0, 4] -> [1, 2, 0, 0, 1, 0, 1, 0, 4, 0]
AsyncStartBFS: 5.05 ms, [] -> [0] -> [0, 3] -> [0, 3, 3] -> [0, 3, 3, 2] -> [0, 3, 3, 2, 0] -> [0, 3, 3, 2, 0, 0] -> [0, 3, 3, 2, 0, 0, 1] -> [0, 3, 3, 2, 0, 0, 1, 0] -> [0, 3, 3, 2, 0, 0, 1, 0, 1] -> [0, 3, 3, 2, 0, 0, 1, 0, 1, 3]
SyncBFS: 286.16 ms, [] -> [0] -> [0, 0] -> [0, 0, 0] -> [0, 0, 0, 2] -> [0, 0, 0, 2, 1] -> [0, 0, 0, 2, 1, 1] -> [0, 0, 0, 2, 1, 1, 4] -> [0, 0, 0, 2, 1, 1, 4, 0] -> [0, 0, 0, 2, 1, 1, 4, 0, 4] -> [0, 0, 0, 2, 1, 1, 4, 0, 4, 1]

problem_10.yaml
MultithreadBFS: 10.34 ms, [] -> [2] -> [2, 1] -> [2, 1, 0] -> [2, 1, 0, 2] -> [2, 1, 0, 2, 2] -> [2, 1, 0, 2, 2, 1] -> [2, 1, 0, 2, 2, 1, 0] -> [2, 1, 0, 2, 2, 1, 0, 4] -> [2, 1, 0, 2, 2, 1, 0, 4, 4] -> [2, 1, 0, 2, 2, 1, 0, 4, 4, 0]
TasksBFS: 41.68 ms, [] -> [0] -> [0, 1] -> [0, 1, 0] -> [0, 1, 0, 2] -> [0, 1, 0, 2, 0] -> [0, 1, 0, 2, 0, 0] -> [0, 1, 0, 2, 0, 0, 4] -> [0, 1, 0, 2, 0, 0, 4, 3] -> [0, 1, 0, 2, 0, 0, 4, 3, 0] -> [0, 1, 0, 2, 0, 0, 4, 3, 0, 0]
AsyncStartBFS: 11.67 ms, [] -> [0] -> [0, 0] -> [0, 0, 1] -> [0, 0, 1, 1] -> [0, 0, 1, 1, 0] -> [0, 0, 1, 1, 0, 0] -> [0, 0, 1, 1, 0, 0, 1] -> [0, 0, 1, 1, 0, 0, 1, 3] -> [0, 0, 1, 1, 0, 0, 1, 3, 3] -> [0, 0, 1, 1, 0, 0, 1, 3, 3, 2]
SyncBFS: 374.52 ms, [] -> [0] -> [0, 0] -> [0, 0, 1] -> [0, 0, 1, 1] -> [0, 0, 1, 1, 0] -> [0, 0, 1, 1, 0, 0] -> [0, 0, 1, 1, 0, 0, 1] -> [0, 0, 1, 1, 0, 0, 1, 3] -> [0, 0, 1, 1, 0, 0, 1, 3, 3] -> [0, 0, 1, 1, 0, 0, 1, 3, 3, 2]

problem_09.yaml
MultithreadBFS: 8.7 ms, [] -> [0] -> [0, 3] -> [0, 3, 1] -> [0, 3, 1, 2] -> [0, 3, 1, 2, 0] -> [0, 3, 1, 2, 0, 0] -> [0, 3, 1, 2, 0, 0, 1] -> [0, 3, 1, 2, 0, 0, 1, 3] -> [0, 3, 1, 2, 0, 0, 1, 3, 2] -> [0, 3, 1, 2, 0, 0, 1, 3, 2, 3]
SyncBFS: 448.86 ms, [] -> [0] -> [0, 0] -> [0, 0, 0] -> [0, 0, 0, 0] -> [0, 0, 0, 0, 0] -> [0, 0, 0, 0, 0, 0] -> [0, 0, 0, 0, 0, 0, 1] -> [0, 0, 0, 0, 0, 0, 1, 3] -> [0, 0, 0, 0, 0, 0, 1, 3, 1] -> [0, 0, 0, 0, 0, 0, 1, 3, 1, 4]
TasksBFS: 55.54 ms, [] -> [0] -> [0, 0] -> [0, 0, 1] -> [0, 0, 1, 2] -> [0, 0, 1, 2, 0] -> [0, 0, 1, 2, 0, 0] -> [0, 0, 1, 2, 0, 0, 2] -> [0, 0, 1, 2, 0, 0, 2, 1] -> [0, 0, 1, 2, 0, 0, 2, 1, 0] -> [0, 0, 1, 2, 0, 0, 2, 1, 0, 1]
AsyncStartBFS: 20.47 ms, [] -> [2] -> [2, 0] -> [2, 0, 1] -> [2, 0, 1, 0] -> [2, 0, 1, 0, 0] -> [2, 0, 1, 0, 0, 1] -> [2, 0, 1, 0, 0, 1, 0] -> [2, 0, 1, 0, 0, 1, 0, 4] -> [2, 0, 1, 0, 0, 1, 0, 4, 4] -> [2, 0, 1, 0, 0, 1, 0, 4, 4, 2]

problem_12.yaml
AsyncStartBFS: 12.02 ms, [] -> [0] -> [0, 4] -> [0, 4, 0] -> [0, 4, 0, 0] -> [0, 4, 0, 0, 0] -> [0, 4, 0, 0, 0, 0] -> [0, 4, 0, 0, 0, 0, 0] -> [0, 4, 0, 0, 0, 0, 0, 1] -> [0, 4, 0, 0, 0, 0, 0, 1, 0] -> [0, 4, 0, 0, 0, 0, 0, 1, 0, 2]
MultithreadBFS: 10.42 ms, [] -> [0] -> [0, 3] -> [0, 3, 3] -> [0, 3, 3, 2] -> [0, 3, 3, 2, 0] -> [0, 3, 3, 2, 0, 0] -> [0, 3, 3, 2, 0, 0, 3] -> [0, 3, 3, 2, 0, 0, 3, 2] -> [0, 3, 3, 2, 0, 0, 3, 2, 1] -> [0, 3, 3, 2, 0, 0, 3, 2, 1, 0]
TasksBFS: 56.29 ms, [] -> [0] -> [0, 1] -> [0, 1, 4] -> [0, 1, 4, 0] -> [0, 1, 4, 0, 0] -> [0, 1, 4, 0, 0, 0] -> [0, 1, 4, 0, 0, 0, 0] -> [0, 1, 4, 0, 0, 0, 0, 2] -> [0, 1, 4, 0, 0, 0, 0, 2, 1] -> [0, 1, 4, 0, 0, 0, 0, 2, 1, 4]
SyncBFS: 488.41 ms, [] -> [0] -> [0, 1] -> [0, 1, 1] -> [0, 1, 1, 0] -> [0, 1, 1, 0, 0] -> [0, 1, 1, 0, 0, 0] -> [0, 1, 1, 0, 0, 0, 2] -> [0, 1, 1, 0, 0, 0, 2, 3] -> [0, 1, 1, 0, 0, 0, 2, 3, 4] -> [0, 1, 1, 0, 0, 0, 2, 3, 4, 3]

problem_47.yaml
SyncBFS: 352.01 ms, [] -> [0] -> [0, 0] -> [0, 0, 2] -> [0, 0, 2, 0] -> [0, 0, 2, 0, 0] -> [0, 0, 2, 0, 0, 0] -> [0, 0, 2, 0, 0, 0, 3] -> [0, 0, 2, 0, 0, 0, 3, 1] -> [0, 0, 2, 0, 0, 0, 3, 1, 1] -> [0, 0, 2, 0, 0, 0, 3, 1, 1, 2]
AsyncStartBFS: 6.2 ms, [] -> [0] -> [0, 0] -> [0, 0, 2] -> [0, 0, 2, 4] -> [0, 0, 2, 4, 1] -> [0, 0, 2, 4, 1, 0] -> [0, 0, 2, 4, 1, 0, 2] -> [0, 0, 2, 4, 1, 0, 2, 2] -> [0, 0, 2, 4, 1, 0, 2, 2, 1] -> [0, 0, 2, 4, 1, 0, 2, 2, 1, 3]
TasksBFS: 37.5 ms, [] -> [0] -> [0, 0] -> [0, 0, 3] -> [0, 0, 3, 0] -> [0, 0, 3, 0, 0] -> [0, 0, 3, 0, 0, 0] -> [0, 0, 3, 0, 0, 0, 0] -> [0, 0, 3, 0, 0, 0, 0, 4] -> [0, 0, 3, 0, 0, 0, 0, 4, 0] -> [0, 0, 3, 0, 0, 0, 0, 4, 0, 1]
MultithreadBFS: 17.25 ms, [] -> [1] -> [1, 1] -> [1, 1, 3] -> [1, 1, 3, 0] -> [1, 1, 3, 0, 0] -> [1, 1, 3, 0, 0, 0] -> [1, 1, 3, 0, 0, 0, 1] -> [1, 1, 3, 0, 0, 0, 1, 2] -> [1, 1, 3, 0, 0, 0, 1, 2, 4] -> [1, 1, 3, 0, 0, 0, 1, 2, 4, 2]

problem_11.yaml
AsyncStartBFS: 3.54 ms, [] -> [2] -> [2, 3] -> [2, 3, 2] -> [2, 3, 2, 0] -> [2, 3, 2, 0, 1] -> [2, 3, 2, 0, 1, 0] -> [2, 3, 2, 0, 1, 0, 0] -> [2, 3, 2, 0, 1, 0, 0, 3] -> [2, 3, 2, 0, 1, 0, 0, 3, 0] -> [2, 3, 2, 0, 1, 0, 0, 3, 0, 3]
TasksBFS: 26.54 ms, [] -> [2] -> [2, 0] -> [2, 0, 0] -> [2, 0, 0, 3] -> [2, 0, 0, 3, 2] -> [2, 0, 0, 3, 2, 0] -> [2, 0, 0, 3, 2, 0, 1] -> [2, 0, 0, 3, 2, 0, 1, 0] -> [2, 0, 0, 3, 2, 0, 1, 0, 0] -> [2, 0, 0, 3, 2, 0, 1, 0, 0, 3]
MultithreadBFS: 13.94 ms, [] -> [2] -> [2, 3] -> [2, 3, 2] -> [2, 3, 2, 0] -> [2, 3, 2, 0, 1] -> [2, 3, 2, 0, 1, 0] -> [2, 3, 2, 0, 1, 0, 0] -> [2, 3, 2, 0, 1, 0, 0, 3] -> [2, 3, 2, 0, 1, 0, 0, 3, 0] -> [2, 3, 2, 0, 1, 0, 0, 3, 0, 3]
SyncBFS: 248.94 ms, [] -> [2] -> [2, 0] -> [2, 0, 0] -> [2, 0, 0, 0] -> [2, 0, 0, 0, 0] -> [2, 0, 0, 0, 0, 1] -> [2, 0, 0, 0, 0, 1, 1] -> [2, 0, 0, 0, 0, 1, 1, 1] -> [2, 0, 0, 0, 0, 1, 1, 1, 2] -> [2, 0, 0, 0, 0, 1, 1, 1, 2, 4]

problem_01.yaml
AsyncStartBFS: 10.03 ms, [] -> [0] -> [0, 3] -> [0, 3, 1] -> [0, 3, 1, 0] -> [0, 3, 1, 0, 0] -> [0, 3, 1, 0, 0, 0] -> [0, 3, 1, 0, 0, 0, 4] -> [0, 3, 1, 0, 0, 0, 4, 1] -> [0, 3, 1, 0, 0, 0, 4, 1, 0] -> [0, 3, 1, 0, 0, 0, 4, 1, 0, 4]
SyncBFS: 398.88 ms, [] -> [0] -> [0, 0] -> [0, 0, 0] -> [0, 0, 0, 1] -> [0, 0, 0, 1, 0] -> [0, 0, 0, 1, 0, 0] -> [0, 0, 0, 1, 0, 0, 0] -> [0, 0, 0, 1, 0, 0, 0, 2] -> [0, 0, 0, 1, 0, 0, 0, 2, 2] -> [0, 0, 0, 1, 0, 0, 0, 2, 2, 2]
MultithreadBFS: 14.33 ms, [] -> [0] -> [0, 1] -> [0, 1, 2] -> [0, 1, 2, 1] -> [0, 1, 2, 1, 1] -> [0, 1, 2, 1, 1, 0] -> [0, 1, 2, 1, 1, 0, 1] -> [0, 1, 2, 1, 1, 0, 1, 2] -> [0, 1, 2, 1, 1, 0, 1, 2, 0] -> [0, 1, 2, 1, 1, 0, 1, 2, 0, 0]
TasksBFS: 47.78 ms, [] -> [0] -> [0, 0] -> [0, 0, 3] -> [0, 0, 3, 2] -> [0, 0, 3, 2, 0] -> [0, 0, 3, 2, 0, 2] -> [0, 0, 3, 2, 0, 2, 0] -> [0, 0, 3, 2, 0, 2, 0, 3] -> [0, 0, 3, 2, 0, 2, 0, 3, 2] -> [0, 0, 3, 2, 0, 2, 0, 3, 2, 1]

problem_08.yaml
TasksBFS: 21.27 ms, [] -> [1] -> [1, 0] -> [1, 0, 0] -> [1, 0, 0, 3] -> [1, 0, 0, 3, 0] -> [1, 0, 0, 3, 0, 1] -> [1, 0, 0, 3, 0, 1, 0] -> [1, 0, 0, 3, 0, 1, 0, 4] -> [1, 0, 0, 3, 0, 1, 0, 4, 1] -> [1, 0, 0, 3, 0, 1, 0, 4, 1, 4]
MultithreadBFS: 13.05 ms, [] -> [1] -> [1, 0] -> [1, 0, 1] -> [1, 0, 1, 3] -> [1, 0, 1, 3, 3] -> [1, 0, 1, 3, 3, 2] -> [1, 0, 1, 3, 3, 2, 1] -> [1, 0, 1, 3, 3, 2, 1, 0] -> [1, 0, 1, 3, 3, 2, 1, 0, 3] -> [1, 0, 1, 3, 3, 2, 1, 0, 3, 4]
AsyncStartBFS: 3.79 ms, [] -> [1] -> [1, 2] -> [1, 2, 3] -> [1, 2, 3, 1] -> [1, 2, 3, 1, 0] -> [1, 2, 3, 1, 0, 0] -> [1, 2, 3, 1, 0, 0, 0] -> [1, 2, 3, 1, 0, 0, 0, 1] -> [1, 2, 3, 1, 0, 0, 0, 1, 2] -> [1, 2, 3, 1, 0, 0, 0, 1, 2, 3]
SyncBFS: 241.36 ms, [] -> [1] -> [1, 0] -> [1, 0, 0] -> [1, 0, 0, 0] -> [1, 0, 0, 0, 0] -> [1, 0, 0, 0, 0, 0] -> [1, 0, 0, 0, 0, 0, 0] -> [1, 0, 0, 0, 0, 0, 0, 3] -> [1, 0, 0, 0, 0, 0, 0, 3, 3] -> [1, 0, 0, 0, 0, 0, 0, 3, 3, 3]

problem_06.yaml
TasksBFS: 48.45 ms, [] -> [0] -> [0, 0] -> [0, 0, 0] -> [0, 0, 0, 3] -> [0, 0, 0, 3, 0] -> [0, 0, 0, 3, 0, 1] -> [0, 0, 0, 3, 0, 1, 1] -> [0, 0, 0, 3, 0, 1, 1, 1] -> [0, 0, 0, 3, 0, 1, 1, 1, 4] -> [0, 0, 0, 3, 0, 1, 1, 1, 4, 4]
MultithreadBFS: 15.2 ms, [] -> [0] -> [0, 2] -> [0, 2, 3] -> [0, 2, 3, 1] -> [0, 2, 3, 1, 0] -> [0, 2, 3, 1, 0, 0] -> [0, 2, 3, 1, 0, 0, 0] -> [0, 2, 3, 1, 0, 0, 0, 3] -> [0, 2, 3, 1, 0, 0, 0, 3, 0] -> [0, 2, 3, 1, 0, 0, 0, 3, 0, 3]
SyncBFS: 379.35 ms, [] -> [0] -> [0, 0] -> [0, 0, 0] -> [0, 0, 0, 0] -> [0, 0, 0, 0, 0] -> [0, 0, 0, 0, 0, 1] -> [0, 0, 0, 0, 0, 1, 1] -> [0, 0, 0, 0, 0, 1, 1, 0] -> [0, 0, 0, 0, 0, 1, 1, 0, 4] -> [0, 0, 0, 0, 0, 1, 1, 0, 4, 4]
AsyncStartBFS: 5.2 ms, [] -> [0] -> [0, 2] -> [0, 2, 3] -> [0, 2, 3, 1] -> [0, 2, 3, 1, 0] -> [0, 2, 3, 1, 0, 0] -> [0, 2, 3, 1, 0, 0, 0] -> [0, 2, 3, 1, 0, 0, 0, 3] -> [0, 2, 3, 1, 0, 0, 0, 3, 0] -> [0, 2, 3, 1, 0, 0, 0, 3, 0, 3]

problem_19.yaml
TasksBFS: 41.49 ms, [] -> [0] -> [0, 0] -> [0, 0, 0] -> [0, 0, 0, 2] -> [0, 0, 0, 2, 0] -> [0, 0, 0, 2, 0, 0] -> [0, 0, 0, 2, 0, 0, 0] -> [0, 0, 0, 2, 0, 0, 0, 2] -> [0, 0, 0, 2, 0, 0, 0, 2, 4] -> [0, 0, 0, 2, 0, 0, 0, 2, 4, 2]
MultithreadBFS: 23.58 ms, [] -> [0] -> [0, 2] -> [0, 2, 1] -> [0, 2, 1, 2] -> [0, 2, 1, 2, 0] -> [0, 2, 1, 2, 0, 0] -> [0, 2, 1, 2, 0, 0, 0] -> [0, 2, 1, 2, 0, 0, 0, 0] -> [0, 2, 1, 2, 0, 0, 0, 0, 3] -> [0, 2, 1, 2, 0, 0, 0, 0, 3, 0]
SyncBFS: 344.3 ms, [] -> [0] -> [0, 0] -> [0, 0, 0] -> [0, 0, 0, 0] -> [0, 0, 0, 0, 0] -> [0, 0, 0, 0, 0, 0] -> [0, 0, 0, 0, 0, 0, 1] -> [0, 0, 0, 0, 0, 0, 1, 2] -> [0, 0, 0, 0, 0, 0, 1, 2, 2] -> [0, 0, 0, 0, 0, 0, 1, 2, 2, 3]
AsyncStartBFS: 9.19 ms, [] -> [0] -> [0, 0] -> [0, 0, 0] -> [0, 0, 0, 1] -> [0, 0, 0, 1, 0] -> [0, 0, 0, 1, 0, 2] -> [0, 0, 0, 1, 0, 2, 1] -> [0, 0, 0, 1, 0, 2, 1, 4] -> [0, 0, 0, 1, 0, 2, 1, 4, 3] -> [0, 0, 0, 1, 0, 2, 1, 4, 3, 0]

problem_40.yaml
MultithreadBFS: 3.34 ms, [] -> [2] -> [2, 0] -> [2, 0, 2] -> [2, 0, 2, 3] -> [2, 0, 2, 3, 0] -> [2, 0, 2, 3, 0, 0] -> [2, 0, 2, 3, 0, 0, 1] -> [2, 0, 2, 3, 0, 0, 1, 0] -> [2, 0, 2, 3, 0, 0, 1, 0, 1] -> [2, 0, 2, 3, 0, 0, 1, 0, 1, 2]
AsyncStartBFS: 2.03 ms, [] -> [2] -> [2, 0] -> [2, 0, 2] -> [2, 0, 2, 3] -> [2, 0, 2, 3, 0] -> [2, 0, 2, 3, 0, 0] -> [2, 0, 2, 3, 0, 0, 1] -> [2, 0, 2, 3, 0, 0, 1, 0] -> [2, 0, 2, 3, 0, 0, 1, 0, 1] -> [2, 0, 2, 3, 0, 0, 1, 0, 1, 2]
TasksBFS: 16.97 ms, [] -> [2] -> [2, 0] -> [2, 0, 0] -> [2, 0, 0, 3] -> [2, 0, 0, 3, 0] -> [2, 0, 0, 3, 0, 1] -> [2, 0, 0, 3, 0, 1, 2] -> [2, 0, 0, 3, 0, 1, 2, 1] -> [2, 0, 0, 3, 0, 1, 2, 1, 0] -> [2, 0, 0, 3, 0, 1, 2, 1, 0, 2]
SyncBFS: 148.65 ms, [] -> [2] -> [2, 0] -> [2, 0, 0] -> [2, 0, 0, 0] -> [2, 0, 0, 0, 0] -> [2, 0, 0, 0, 0, 0] -> [2, 0, 0, 0, 0, 0, 0] -> [2, 0, 0, 0, 0, 0, 0, 0] -> [2, 0, 0, 0, 0, 0, 0, 0, 4] -> [2, 0, 0, 0, 0, 0, 0, 0, 4, 3]

problem_04.yaml
SyncBFS: 344.39 ms, [] -> [0] -> [0, 1] -> [0, 1, 0] -> [0, 1, 0, 1] -> [0, 1, 0, 1, 1] -> [0, 1, 0, 1, 1, 0] -> [0, 1, 0, 1, 1, 0, 1] -> [0, 1, 0, 1, 1, 0, 1, 1] -> [0, 1, 0, 1, 1, 0, 1, 1, 4] -> [0, 1, 0, 1, 1, 0, 1, 1, 4, 4]
TasksBFS: 51.67 ms, [] -> [0] -> [0, 1] -> [0, 1, 4] -> [0, 1, 4, 0] -> [0, 1, 4, 0, 0] -> [0, 1, 4, 0, 0, 0] -> [0, 1, 4, 0, 0, 0, 3] -> [0, 1, 4, 0, 0, 0, 3, 0] -> [0, 1, 4, 0, 0, 0, 3, 0, 1] -> [0, 1, 4, 0, 0, 0, 3, 0, 1, 1]
AsyncStartBFS: 10.33 ms, [] -> [0] -> [0, 1] -> [0, 1, 1] -> [0, 1, 1, 3] -> [0, 1, 1, 3, 0] -> [0, 1, 1, 3, 0, 2] -> [0, 1, 1, 3, 0, 2, 0] -> [0, 1, 1, 3, 0, 2, 0, 2] -> [0, 1, 1, 3, 0, 2, 0, 2, 0] -> [0, 1, 1, 3, 0, 2, 0, 2, 0, 1]
MultithreadBFS: 15.91 ms, [] -> [1] -> [1, 0] -> [1, 0, 0] -> [1, 0, 0, 1] -> [1, 0, 0, 1, 0] -> [1, 0, 0, 1, 0, 0] -> [1, 0, 0, 1, 0, 0, 3] -> [1, 0, 0, 1, 0, 0, 3, 4] -> [1, 0, 0, 1, 0, 0, 3, 4, 3] -> [1, 0, 0, 1, 0, 0, 3, 4, 3, 4]

problem_33.yaml
AsyncStartBFS: 5.36 ms, [] -> [1] -> [1, 2] -> [1, 2, 0] -> [1, 2, 0, 2] -> [1, 2, 0, 2, 0] -> [1, 2, 0, 2, 0, 2] -> [1, 2, 0, 2, 0, 2, 4] -> [1, 2, 0, 2, 0, 2, 4, 1] -> [1, 2, 0, 2, 0, 2, 4, 1, 4] -> [1, 2, 0, 2, 0, 2, 4, 1, 4, 2]
MultithreadBFS: 10.89 ms, [] -> [1] -> [1, 3] -> [1, 3, 2] -> [1, 3, 2, 2] -> [1, 3, 2, 2, 0] -> [1, 3, 2, 2, 0, 0] -> [1, 3, 2, 2, 0, 0, 3] -> [1, 3, 2, 2, 0, 0, 3, 2] -> [1, 3, 2, 2, 0, 0, 3, 2, 1] -> [1, 3, 2, 2, 0, 0, 3, 2, 1, 4]
TasksBFS: 45.76 ms, [] -> [1] -> [1, 1] -> [1, 1, 1] -> [1, 1, 1, 0] -> [1, 1, 1, 0, 0] -> [1, 1, 1, 0, 0, 0] -> [1, 1, 1, 0, 0, 0, 4] -> [1, 1, 1, 0, 0, 0, 4, 3] -> [1, 1, 1, 0, 0, 0, 4, 3, 0] -> [1, 1, 1, 0, 0, 0, 4, 3, 0, 1]
SyncBFS: 390.32 ms, [] -> [1] -> [1, 1] -> [1, 1, 1] -> [1, 1, 1, 0] -> [1, 1, 1, 0, 0] -> [1, 1, 1, 0, 0, 0] -> [1, 1, 1, 0, 0, 0, 4] -> [1, 1, 1, 0, 0, 0, 4, 3] -> [1, 1, 1, 0, 0, 0, 4, 3, 0] -> [1, 1, 1, 0, 0, 0, 4, 3, 0, 1]

problem_21.yaml
MultithreadBFS: 8.97 ms, [] -> [0] -> [0, 3] -> [0, 3, 1] -> [0, 3, 1, 0] -> [0, 3, 1, 0, 0] -> [0, 3, 1, 0, 0, 0] -> [0, 3, 1, 0, 0, 0, 0] -> [0, 3, 1, 0, 0, 0, 0, 2] -> [0, 3, 1, 0, 0, 0, 0, 2, 4] -> [0, 3, 1, 0, 0, 0, 0, 2, 4, 4]
SyncBFS: 451.82 ms, [] -> [0] -> [0, 0] -> [0, 0, 0] -> [0, 0, 0, 0] -> [0, 0, 0, 0, 0] -> [0, 0, 0, 0, 0, 0] -> [0, 0, 0, 0, 0, 0, 3] -> [0, 0, 0, 0, 0, 0, 3, 3] -> [0, 0, 0, 0, 0, 0, 3, 3, 0] -> [0, 0, 0, 0, 0, 0, 3, 3, 0, 0]
AsyncStartBFS: 11.13 ms, [] -> [0] -> [0, 2] -> [0, 2, 2] -> [0, 2, 2, 0] -> [0, 2, 2, 0, 0] -> [0, 2, 2, 0, 0, 0] -> [0, 2, 2, 0, 0, 0, 4] -> [0, 2, 2, 0, 0, 0, 4, 2] -> [0, 2, 2, 0, 0, 0, 4, 2, 2] -> [0, 2, 2, 0, 0, 0, 4, 2, 2, 2]
TasksBFS: 46.22 ms, [] -> [0] -> [0, 0] -> [0, 0, 0] -> [0, 0, 0, 2] -> [0, 0, 0, 2, 0] -> [0, 0, 0, 2, 0, 1] -> [0, 0, 0, 2, 0, 1, 1] -> [0, 0, 0, 2, 0, 1, 1, 4] -> [0, 0, 0, 2, 0, 1, 1, 4, 0] -> [0, 0, 0, 2, 0, 1, 1, 4, 0, 2]

problem_24.yaml
SyncBFS: 485.78 ms, [] -> [0] -> [0, 0] -> [0, 0, 0] -> [0, 0, 0, 0] -> [0, 0, 0, 0, 1] -> [0, 0, 0, 0, 1, 0] -> [0, 0, 0, 0, 1, 0, 3] -> [0, 0, 0, 0, 1, 0, 3, 3] -> [0, 0, 0, 0, 1, 0, 3, 3, 0] -> [0, 0, 0, 0, 1, 0, 3, 3, 0, 2]
AsyncStartBFS: 14.6 ms, [] -> [0] -> [0, 4] -> [0, 4, 0] -> [0, 4, 0, 0] -> [0, 4, 0, 0, 0] -> [0, 4, 0, 0, 0, 0] -> [0, 4, 0, 0, 0, 0, 0] -> [0, 4, 0, 0, 0, 0, 0, 4] -> [0, 4, 0, 0, 0, 0, 0, 4, 2] -> [0, 4, 0, 0, 0, 0, 0, 4, 2, 2]
MultithreadBFS: 10.6 ms, [] -> [0] -> [0, 3] -> [0, 3, 1] -> [0, 3, 1, 2] -> [0, 3, 1, 2, 0] -> [0, 3, 1, 2, 0, 0] -> [0, 3, 1, 2, 0, 0, 0] -> [0, 3, 1, 2, 0, 0, 0, 4] -> [0, 3, 1, 2, 0, 0, 0, 4, 1] -> [0, 3, 1, 2, 0, 0, 0, 4, 1, 1]
TasksBFS: 64.72 ms, [] -> [0] -> [0, 0] -> [0, 0, 2] -> [0, 0, 2, 0] -> [0, 0, 2, 0, 0] -> [0, 0, 2, 0, 0, 0] -> [0, 0, 2, 0, 0, 0, 2] -> [0, 0, 2, 0, 0, 0, 2, 1] -> [0, 0, 2, 0, 0, 0, 2, 1, 3] -> [0, 0, 2, 0, 0, 0, 2, 1, 3, 2]

problem_03.yaml
MultithreadBFS: 14.4 ms, [] -> [1] -> [1, 2] -> [1, 2, 0] -> [1, 2, 0, 0] -> [1, 2, 0, 0, 0] -> [1, 2, 0, 0, 0, 0] -> [1, 2, 0, 0, 0, 0, 0] -> [1, 2, 0, 0, 0, 0, 0, 1] -> [1, 2, 0, 0, 0, 0, 0, 1, 3] -> [1, 2, 0, 0, 0, 0, 0, 1, 3, 1]
AsyncStartBFS: 11.5 ms, [] -> [3] -> [3, 2] -> [3, 2, 0] -> [3, 2, 0, 0] -> [3, 2, 0, 0, 1] -> [3, 2, 0, 0, 1, 1] -> [3, 2, 0, 0, 1, 1, 2] -> [3, 2, 0, 0, 1, 1, 2, 0] -> [3, 2, 0, 0, 1, 1, 2, 0, 0] -> [3, 2, 0, 0, 1, 1, 2, 0, 0, 1]
SyncBFS: 470.87 ms, [] -> [0] -> [0, 0] -> [0, 0, 0] -> [0, 0, 0, 0] -> [0, 0, 0, 0, 1] -> [0, 0, 0, 0, 1, 0] -> [0, 0, 0, 0, 1, 0, 2] -> [0, 0, 0, 0, 1, 0, 2, 1] -> [0, 0, 0, 0, 1, 0, 2, 1, 1] -> [0, 0, 0, 0, 1, 0, 2, 1, 1, 4]
TasksBFS: 62.68 ms, [] -> [1] -> [1, 1] -> [1, 1, 3] -> [1, 1, 3, 1] -> [1, 1, 3, 1, 1] -> [1, 1, 3, 1, 1, 0] -> [1, 1, 3, 1, 1, 0, 1] -> [1, 1, 3, 1, 1, 0, 1, 1] -> [1, 1, 3, 1, 1, 0, 1, 1, 1] -> [1, 1, 3, 1, 1, 0, 1, 1, 1, 2]

problem_07.yaml
TasksBFS: 63.9 ms, [] -> [0] -> [0, 1] -> [0, 1, 1] -> [0, 1, 1, 2] -> [0, 1, 1, 2, 0] -> [0, 1, 1, 2, 0, 0] -> [0, 1, 1, 2, 0, 0, 1] -> [0, 1, 1, 2, 0, 0, 1, 1] -> [0, 1, 1, 2, 0, 0, 1, 1, 1] -> [0, 1, 1, 2, 0, 0, 1, 1, 1, 4]
SyncBFS: 422.06 ms, [] -> [0] -> [0, 1] -> [0, 1, 0] -> [0, 1, 0, 1] -> [0, 1, 0, 1, 0] -> [0, 1, 0, 1, 0, 0] -> [0, 1, 0, 1, 0, 0, 0] -> [0, 1, 0, 1, 0, 0, 0, 2] -> [0, 1, 0, 1, 0, 0, 0, 2, 0] -> [0, 1, 0, 1, 0, 0, 0, 2, 0, 2]
AsyncStartBFS: 20.9 ms, [] -> [0] -> [0, 1] -> [0, 1, 0] -> [0, 1, 0, 1] -> [0, 1, 0, 1, 0] -> [0, 1, 0, 1, 0, 0] -> [0, 1, 0, 1, 0, 0, 0] -> [0, 1, 0, 1, 0, 0, 0, 2] -> [0, 1, 0, 1, 0, 0, 0, 2, 0] -> [0, 1, 0, 1, 0, 0, 0, 2, 0, 2]
MultithreadBFS: 13.92 ms, [] -> [0] -> [0, 2] -> [0, 2, 0] -> [0, 2, 0, 0] -> [0, 2, 0, 0, 0] -> [0, 2, 0, 0, 0, 0] -> [0, 2, 0, 0, 0, 0, 0] -> [0, 2, 0, 0, 0, 0, 0, 2] -> [0, 2, 0, 0, 0, 0, 0, 2, 0] -> [0, 2, 0, 0, 0, 0, 0, 2, 0, 3]

problem_42.yaml
MultithreadBFS: 15.33 ms, [] -> [0] -> [0, 3] -> [0, 3, 4] -> [0, 3, 4, 1] -> [0, 3, 4, 1, 0] -> [0, 3, 4, 1, 0, 0] -> [0, 3, 4, 1, 0, 0, 0] -> [0, 3, 4, 1, 0, 0, 0, 1] -> [0, 3, 4, 1, 0, 0, 0, 1, 3] -> [0, 3, 4, 1, 0, 0, 0, 1, 3, 4]
TasksBFS: 57.89 ms, [] -> [0] -> [0, 0] -> [0, 0, 3] -> [0, 0, 3, 0] -> [0, 0, 3, 0, 0] -> [0, 0, 3, 0, 0, 0] -> [0, 0, 3, 0, 0, 0, 0] -> [0, 0, 3, 0, 0, 0, 0, 4] -> [0, 0, 3, 0, 0, 0, 0, 4, 0] -> [0, 0, 3, 0, 0, 0, 0, 4, 0, 3]
SyncBFS: 536.16 ms, [] -> [0] -> [0, 0] -> [0, 0, 0] -> [0, 0, 0, 0] -> [0, 0, 0, 0, 0] -> [0, 0, 0, 0, 0, 0] -> [0, 0, 0, 0, 0, 0, 1] -> [0, 0, 0, 0, 0, 0, 1, 3] -> [0, 0, 0, 0, 0, 0, 1, 3, 2] -> [0, 0, 0, 0, 0, 0, 1, 3, 2, 1]
AsyncStartBFS: 18.68 ms, [] -> [2] -> [2, 3] -> [2, 3, 4] -> [2, 3, 4, 0] -> [2, 3, 4, 0, 2] -> [2, 3, 4, 0, 2, 1] -> [2, 3, 4, 0, 2, 1, 4] -> [2, 3, 4, 0, 2, 1, 4, 2] -> [2, 3, 4, 0, 2, 1, 4, 2, 2] -> [2, 3, 4, 0, 2, 1, 4, 2, 2, 1]

problem_02.yaml
SyncBFS: 352.48 ms, [] -> [0] -> [0, 0] -> [0, 0, 1] -> [0, 0, 1, 0] -> [0, 0, 1, 0, 1] -> [0, 0, 1, 0, 1, 0] -> [0, 0, 1, 0, 1, 0, 0] -> [0, 0, 1, 0, 1, 0, 0, 1] -> [0, 0, 1, 0, 1, 0, 0, 1, 0] -> [0, 0, 1, 0, 1, 0, 0, 1, 0, 0]
TasksBFS: 52.79 ms, [] -> [0] -> [0, 0] -> [0, 0, 1] -> [0, 0, 1, 3] -> [0, 0, 1, 3, 0] -> [0, 0, 1, 3, 0, 0] -> [0, 0, 1, 3, 0, 0, 1] -> [0, 0, 1, 3, 0, 0, 1, 4] -> [0, 0, 1, 3, 0, 0, 1, 4, 2] -> [0, 0, 1, 3, 0, 0, 1, 4, 2, 0]
MultithreadBFS: 18.19 ms, [] -> [2] -> [2, 2] -> [2, 2, 4] -> [2, 2, 4, 0] -> [2, 2, 4, 0, 1] -> [2, 2, 4, 0, 1, 1] -> [2, 2, 4, 0, 1, 1, 0] -> [2, 2, 4, 0, 1, 1, 0, 3] -> [2, 2, 4, 0, 1, 1, 0, 3, 0] -> [2, 2, 4, 0, 1, 1, 0, 3, 0, 2]
AsyncStartBFS: 4.32 ms, [] -> [0] -> [0, 2] -> [0, 2, 1] -> [0, 2, 1, 0] -> [0, 2, 1, 0, 3] -> [0, 2, 1, 0, 3, 1] -> [0, 2, 1, 0, 3, 1, 1] -> [0, 2, 1, 0, 3, 1, 1, 2] -> [0, 2, 1, 0, 3, 1, 1, 2, 3] -> [0, 2, 1, 0, 3, 1, 1, 2, 3, 3]

problem_29.yaml
AsyncStartBFS: 12.72 ms, [] -> [0] -> [0, 2] -> [0, 2, 1] -> [0, 2, 1, 4] -> [0, 2, 1, 4, 0] -> [0, 2, 1, 4, 0, 1] -> [0, 2, 1, 4, 0, 1, 1] -> [0, 2, 1, 4, 0, 1, 1, 1] -> [0, 2, 1, 4, 0, 1, 1, 1, 4] -> [0, 2, 1, 4, 0, 1, 1, 1, 4, 3]
TasksBFS: 47.93 ms, [] -> [0] -> [0, 2] -> [0, 2, 1] -> [0, 2, 1, 1] -> [0, 2, 1, 1, 0] -> [0, 2, 1, 1, 0, 0] -> [0, 2, 1, 1, 0, 0, 2] -> [0, 2, 1, 1, 0, 0, 2, 0] -> [0, 2, 1, 1, 0, 0, 2, 0, 3] -> [0, 2, 1, 1, 0, 0, 2, 0, 3, 3]
SyncBFS: 414.47 ms, [] -> [0] -> [0, 2] -> [0, 2, 0] -> [0, 2, 0, 0] -> [0, 2, 0, 0, 0] -> [0, 2, 0, 0, 0, 1] -> [0, 2, 0, 0, 0, 1, 4] -> [0, 2, 0, 0, 0, 1, 4, 2] -> [0, 2, 0, 0, 0, 1, 4, 2, 1] -> [0, 2, 0, 0, 0, 1, 4, 2, 1, 4]
MultithreadBFS: 14.65 ms, [] -> [0] -> [0, 3] -> [0, 3, 0] -> [0, 3, 0, 1] -> [0, 3, 0, 1, 3] -> [0, 3, 0, 1, 3, 0] -> [0, 3, 0, 1, 3, 0, 4] -> [0, 3, 0, 1, 3, 0, 4, 4] -> [0, 3, 0, 1, 3, 0, 4, 4, 2] -> [0, 3, 0, 1, 3, 0, 4, 4, 2, 4]

problem_00.yaml
TasksBFS: 61.69 ms, [] -> [0] -> [0, 0] -> [0, 0, 1] -> [0, 0, 1, 0] -> [0, 0, 1, 0, 1] -> [0, 0, 1, 0, 1, 0] -> [0, 0, 1, 0, 1, 0, 1] -> [0, 0, 1, 0, 1, 0, 1, 4] -> [0, 0, 1, 0, 1, 0, 1, 4, 1] -> [0, 0, 1, 0, 1, 0, 1, 4, 1, 2]
MultithreadBFS: 21.64 ms, [] -> [0] -> [0, 0] -> [0, 0, 1] -> [0, 0, 1, 0] -> [0, 0, 1, 0, 1] -> [0, 0, 1, 0, 1, 0] -> [0, 0, 1, 0, 1, 0, 1] -> [0, 0, 1, 0, 1, 0, 1, 4] -> [0, 0, 1, 0, 1, 0, 1, 4, 1] -> [0, 0, 1, 0, 1, 0, 1, 4, 1, 2]
SyncBFS: 471.39 ms, [] -> [0] -> [0, 0] -> [0, 0, 0] -> [0, 0, 0, 0] -> [0, 0, 0, 0, 0] -> [0, 0, 0, 0, 0, 0] -> [0, 0, 0, 0, 0, 0, 0] -> [0, 0, 0, 0, 0, 0, 0, 1] -> [0, 0, 0, 0, 0, 0, 0, 1, 0] -> [0, 0, 0, 0, 0, 0, 0, 1, 0, 4]
AsyncStartBFS: 5.92 ms, [] -> [0] -> [0, 0] -> [0, 0, 1] -> [0, 0, 1, 0] -> [0, 0, 1, 0, 1] -> [0, 0, 1, 0, 1, 0] -> [0, 0, 1, 0, 1, 0, 1] -> [0, 0, 1, 0, 1, 0, 1, 4] -> [0, 0, 1, 0, 1, 0, 1, 4, 1] -> [0, 0, 1, 0, 1, 0, 1, 4, 1, 2]

problem_13.yaml
TasksBFS: 27.35 ms, [] -> [1] -> [1, 1] -> [1, 1, 1] -> [1, 1, 1, 0] -> [1, 1, 1, 0, 0] -> [1, 1, 1, 0, 0, 1] -> [1, 1, 1, 0, 0, 1, 0] -> [1, 1, 1, 0, 0, 1, 0, 2] -> [1, 1, 1, 0, 0, 1, 0, 2, 0] -> [1, 1, 1, 0, 0, 1, 0, 2, 0, 1]
AsyncStartBFS: 4.23 ms, [] -> [1] -> [1, 1] -> [1, 1, 3] -> [1, 1, 3, 3] -> [1, 1, 3, 3, 3] -> [1, 1, 3, 3, 3, 2] -> [1, 1, 3, 3, 3, 2, 1] -> [1, 1, 3, 3, 3, 2, 1, 0] -> [1, 1, 3, 3, 3, 2, 1, 0, 3] -> [1, 1, 3, 3, 3, 2, 1, 0, 3, 0]
MultithreadBFS: 10.38 ms, [] -> [4] -> [4, 1] -> [4, 1, 0] -> [4, 1, 0, 1] -> [4, 1, 0, 1, 1] -> [4, 1, 0, 1, 1, 0] -> [4, 1, 0, 1, 1, 0, 1] -> [4, 1, 0, 1, 1, 0, 1, 2] -> [4, 1, 0, 1, 1, 0, 1, 2, 1] -> [4, 1, 0, 1, 1, 0, 1, 2, 1, 0]
SyncBFS: 189.53 ms, [] -> [1] -> [1, 0] -> [1, 0, 0] -> [1, 0, 0, 0] -> [1, 0, 0, 0, 0] -> [1, 0, 0, 0, 0, 0] -> [1, 0, 0, 0, 0, 0, 1] -> [1, 0, 0, 0, 0, 0, 1, 3] -> [1, 0, 0, 0, 0, 0, 1, 3, 4] -> [1, 0, 0, 0, 0, 0, 1, 3, 4, 4]

problem_16.yaml
SyncBFS: 415.62 ms, [] -> [0] -> [0, 0] -> [0, 0, 0] -> [0, 0, 0, 0] -> [0, 0, 0, 0, 0] -> [0, 0, 0, 0, 0, 0] -> [0, 0, 0, 0, 0, 0, 1] -> [0, 0, 0, 0, 0, 0, 1, 3] -> [0, 0, 0, 0, 0, 0, 1, 3, 4] -> [0, 0, 0, 0, 0, 0, 1, 3, 4, 2]
MultithreadBFS: 17.52 ms, [] -> [0] -> [0, 3] -> [0, 3, 2] -> [0, 3, 2, 2] -> [0, 3, 2, 2, 0] -> [0, 3, 2, 2, 0, 0] -> [0, 3, 2, 2, 0, 0, 0] -> [0, 3, 2, 2, 0, 0, 0, 1] -> [0, 3, 2, 2, 0, 0, 0, 1, 4] -> [0, 3, 2, 2, 0, 0, 0, 1, 4, 2]
TasksBFS: 43.6 ms, [] -> [0] -> [0, 0] -> [0, 0, 2] -> [0, 0, 2, 1] -> [0, 0, 2, 1, 2] -> [0, 0, 2, 1, 2, 0] -> [0, 0, 2, 1, 2, 0, 1] -> [0, 0, 2, 1, 2, 0, 1, 1] -> [0, 0, 2, 1, 2, 0, 1, 1, 4] -> [0, 0, 2, 1, 2, 0, 1, 1, 4, 3]
AsyncStartBFS: 12.75 ms, [] -> [0] -> [0, 0] -> [0, 0, 0] -> [0, 0, 0, 0] -> [0, 0, 0, 0, 0] -> [0, 0, 0, 0, 0, 0] -> [0, 0, 0, 0, 0, 0, 1] -> [0, 0, 0, 0, 0, 0, 1, 3] -> [0, 0, 0, 0, 0, 0, 1, 3, 4] -> [0, 0, 0, 0, 0, 0, 1, 3, 4, 2]

problem_20.yaml
AsyncStartBFS: 3.37 ms, [] -> [0] -> [0, 2] -> [0, 2, 3] -> [0, 2, 3, 1] -> [0, 2, 3, 1, 1] -> [0, 2, 3, 1, 1, 0] -> [0, 2, 3, 1, 1, 0, 1] -> [0, 2, 3, 1, 1, 0, 1, 0] -> [0, 2, 3, 1, 1, 0, 1, 0, 1] -> [0, 2, 3, 1, 1, 0, 1, 0, 1, 3]
SyncBFS: 253.68 ms, [] -> [0] -> [0, 0] -> [0, 0, 1] -> [0, 0, 1, 1] -> [0, 0, 1, 1, 0] -> [0, 0, 1, 1, 0, 0] -> [0, 0, 1, 1, 0, 0, 1] -> [0, 0, 1, 1, 0, 0, 1, 2] -> [0, 0, 1, 1, 0, 0, 1, 2, 1] -> [0, 0, 1, 1, 0, 0, 1, 2, 1, 1]
MultithreadBFS: 10.92 ms, [] -> [1] -> [1, 2] -> [1, 2, 2] -> [1, 2, 2, 0] -> [1, 2, 2, 0, 0] -> [1, 2, 2, 0, 0, 1] -> [1, 2, 2, 0, 0, 1, 0] -> [1, 2, 2, 0, 0, 1, 0, 4] -> [1, 2, 2, 0, 0, 1, 0, 4, 2] -> [1, 2, 2, 0, 0, 1, 0, 4, 2, 3]
TasksBFS: 23.91 ms, [] -> [0] -> [0, 0] -> [0, 0, 2] -> [0, 0, 2, 2] -> [0, 0, 2, 2, 0] -> [0, 0, 2, 2, 0, 0] -> [0, 0, 2, 2, 0, 0, 0] -> [0, 0, 2, 2, 0, 0, 0, 0] -> [0, 0, 2, 2, 0, 0, 0, 0, 4] -> [0, 0, 2, 2, 0, 0, 0, 0, 4, 3]

problem_18.yaml
SyncBFS: 237.8 ms, [] -> [0] -> [0, 0] -> [0, 0, 0] -> [0, 0, 0, 0] -> [0, 0, 0, 0, 0] -> [0, 0, 0, 0, 0, 0] -> [0, 0, 0, 0, 0, 0, 1] -> [0, 0, 0, 0, 0, 0, 1, 3] -> [0, 0, 0, 0, 0, 0, 1, 3, 0] -> [0, 0, 0, 0, 0, 0, 1, 3, 0, 3]
TasksBFS: 24.66 ms, [] -> [0] -> [0, 0] -> [0, 0, 0] -> [0, 0, 0, 3] -> [0, 0, 0, 3, 2] -> [0, 0, 0, 3, 2, 1] -> [0, 0, 0, 3, 2, 1, 0] -> [0, 0, 0, 3, 2, 1, 0, 4] -> [0, 0, 0, 3, 2, 1, 0, 4, 0] -> [0, 0, 0, 3, 2, 1, 0, 4, 0, 2]
MultithreadBFS: 9.99 ms, [] -> [3] -> [3, 2] -> [3, 2, 2] -> [3, 2, 2, 0] -> [3, 2, 2, 0, 1] -> [3, 2, 2, 0, 1, 0] -> [3, 2, 2, 0, 1, 0, 1] -> [3, 2, 2, 0, 1, 0, 1, 3] -> [3, 2, 2, 0, 1, 0, 1, 3, 2] -> [3, 2, 2, 0, 1, 0, 1, 3, 2, 0]
AsyncStartBFS: 2.4 ms, [] -> [3] -> [3, 2] -> [3, 2, 2] -> [3, 2, 2, 0] -> [3, 2, 2, 0, 1] -> [3, 2, 2, 0, 1, 0] -> [3, 2, 2, 0, 1, 0, 1] -> [3, 2, 2, 0, 1, 0, 1, 3] -> [3, 2, 2, 0, 1, 0, 1, 3, 2] -> [3, 2, 2, 0, 1, 0, 1, 3, 2, 0]

problem_05.yaml
MultithreadBFS: 15.15 ms, [] -> [0] -> [0, 2] -> [0, 2, 0] -> [0, 2, 0, 0] -> [0, 2, 0, 0, 0] -> [0, 2, 0, 0, 0, 0] -> [0, 2, 0, 0, 0, 0, 0] -> [0, 2, 0, 0, 0, 0, 0, 4] -> [0, 2, 0, 0, 0, 0, 0, 4, 3] -> [0, 2, 0, 0, 0, 0, 0, 4, 3, 4]
TasksBFS: 62.58 ms, [] -> [0] -> [0, 1] -> [0, 1, 3] -> [0, 1, 3, 0] -> [0, 1, 3, 0, 1] -> [0, 1, 3, 0, 1, 1] -> [0, 1, 3, 0, 1, 1, 1] -> [0, 1, 3, 0, 1, 1, 1, 1] -> [0, 1, 3, 0, 1, 1, 1, 1, 0] -> [0, 1, 3, 0, 1, 1, 1, 1, 0, 4]
SyncBFS: 534.69 ms, [] -> [0] -> [0, 0] -> [0, 0, 0] -> [0, 0, 0, 1] -> [0, 0, 0, 1, 0] -> [0, 0, 0, 1, 0, 0] -> [0, 0, 0, 1, 0, 0, 0] -> [0, 0, 0, 1, 0, 0, 0, 0] -> [0, 0, 0, 1, 0, 0, 0, 0, 4] -> [0, 0, 0, 1, 0, 0, 0, 0, 4, 0]
AsyncStartBFS: 22.84 ms, [] -> [0] -> [0, 3] -> [0, 3, 3] -> [0, 3, 3, 1] -> [0, 3, 3, 1, 0] -> [0, 3, 3, 1, 0, 0] -> [0, 3, 3, 1, 0, 0, 0] -> [0, 3, 3, 1, 0, 0, 0, 0] -> [0, 3, 3, 1, 0, 0, 0, 0, 4] -> [0, 3, 3, 1, 0, 0, 0, 0, 4, 4]

problem_15.yaml
MultithreadBFS: 11.65 ms, [] -> [2] -> [2, 3] -> [2, 3, 0] -> [2, 3, 0, 2] -> [2, 3, 0, 2, 0] -> [2, 3, 0, 2, 0, 0] -> [2, 3, 0, 2, 0, 0, 1] -> [2, 3, 0, 2, 0, 0, 1, 1] -> [2, 3, 0, 2, 0, 0, 1, 1, 3] -> [2, 3, 0, 2, 0, 0, 1, 1, 3, 2]
SyncBFS: 238.56 ms, [] -> [1] -> [1, 0] -> [1, 0, 0] -> [1, 0, 0, 0] -> [1, 0, 0, 0, 0] -> [1, 0, 0, 0, 0, 0] -> [1, 0, 0, 0, 0, 0, 4] -> [1, 0, 0, 0, 0, 0, 4, 4] -> [1, 0, 0, 0, 0, 0, 4, 4, 2] -> [1, 0, 0, 0, 0, 0, 4, 4, 2, 0]
AsyncStartBFS: 6.98 ms, [] -> [1] -> [1, 2] -> [1, 2, 1] -> [1, 2, 1, 0] -> [1, 2, 1, 0, 2] -> [1, 2, 1, 0, 2, 1] -> [1, 2, 1, 0, 2, 1, 0] -> [1, 2, 1, 0, 2, 1, 0, 0] -> [1, 2, 1, 0, 2, 1, 0, 0, 3] -> [1, 2, 1, 0, 2, 1, 0, 0, 3, 3]
TasksBFS: 27.86 ms, [] -> [1] -> [1, 0] -> [1, 0, 0] -> [1, 0, 0, 4] -> [1, 0, 0, 4, 2] -> [1, 0, 0, 4, 2, 1] -> [1, 0, 0, 4, 2, 1, 0] -> [1, 0, 0, 4, 2, 1, 0, 2] -> [1, 0, 0, 4, 2, 1, 0, 2, 3] -> [1, 0, 0, 4, 2, 1, 0, 2, 3, 2]

problem_17.yaml
TasksBFS: 70.93 ms, [] -> [1] -> [1, 0] -> [1, 0, 3] -> [1, 0, 3, 0] -> [1, 0, 3, 0, 0] -> [1, 0, 3, 0, 0, 0] -> [1, 0, 3, 0, 0, 0, 0] -> [1, 0, 3, 0, 0, 0, 0, 1] -> [1, 0, 3, 0, 0, 0, 0, 1, 1] -> [1, 0, 3, 0, 0, 0, 0, 1, 1, 1]
MultithreadBFS: 24.35 ms, [] -> [0] -> [0, 4] -> [0, 4, 4] -> [0, 4, 4, 0] -> [0, 4, 4, 0, 0] -> [0, 4, 4, 0, 0, 0] -> [0, 4, 4, 0, 0, 0, 1] -> [0, 4, 4, 0, 0, 0, 1, 3] -> [0, 4, 4, 0, 0, 0, 1, 3, 1] -> [0, 4, 4, 0, 0, 0, 1, 3, 1, 3]
SyncBFS: 477.53 ms, [] -> [0] -> [0, 0] -> [0, 0, 2] -> [0, 0, 2, 0] -> [0, 0, 2, 0, 0] -> [0, 0, 2, 0, 0, 0] -> [0, 0, 2, 0, 0, 0, 4] -> [0, 0, 2, 0, 0, 0, 4, 3] -> [0, 0, 2, 0, 0, 0, 4, 3, 1] -> [0, 0, 2, 0, 0, 0, 4, 3, 1, 3]
AsyncStartBFS: 7.55 ms, [] -> [0] -> [0, 4] -> [0, 4, 3] -> [0, 4, 3, 0] -> [0, 4, 3, 0, 0] -> [0, 4, 3, 0, 0, 0] -> [0, 4, 3, 0, 0, 0, 3] -> [0, 4, 3, 0, 0, 0, 3, 4] -> [0, 4, 3, 0, 0, 0, 3, 4, 0] -> [0, 4, 3, 0, 0, 0, 3, 4, 0, 4]

problem_37.yaml
MultithreadBFS: 15.42 ms, [] -> [0] -> [0, 0] -> [0, 0, 2] -> [0, 0, 2, 0] -> [0, 0, 2, 0, 0] -> [0, 0, 2, 0, 0, 0] -> [0, 0, 2, 0, 0, 0, 0] -> [0, 0, 2, 0, 0, 0, 0, 1] -> [0, 0, 2, 0, 0, 0, 0, 1, 4] -> [0, 0, 2, 0, 0, 0, 0, 1, 4, 2]
SyncBFS: 581.64 ms, [] -> [0] -> [0, 0] -> [0, 0, 0] -> [0, 0, 0, 0] -> [0, 0, 0, 0, 0] -> [0, 0, 0, 0, 0, 0] -> [0, 0, 0, 0, 0, 0, 0] -> [0, 0, 0, 0, 0, 0, 0, 1] -> [0, 0, 0, 0, 0, 0, 0, 1, 2] -> [0, 0, 0, 0, 0, 0, 0, 1, 2, 3]
AsyncStartBFS: 11.48 ms, [] -> [0] -> [0, 1] -> [0, 1, 2] -> [0, 1, 2, 1] -> [0, 1, 2, 1, 0] -> [0, 1, 2, 1, 0, 0] -> [0, 1, 2, 1, 0, 0, 1] -> [0, 1, 2, 1, 0, 0, 1, 1] -> [0, 1, 2, 1, 0, 0, 1, 1, 0] -> [0, 1, 2, 1, 0, 0, 1, 1, 0, 1]
TasksBFS: 67.93 ms, [] -> [0] -> [0, 1] -> [0, 1, 2] -> [0, 1, 2, 1] -> [0, 1, 2, 1, 0] -> [0, 1, 2, 1, 0, 0] -> [0, 1, 2, 1, 0, 0, 1] -> [0, 1, 2, 1, 0, 0, 1, 1] -> [0, 1, 2, 1, 0, 0, 1, 1, 0] -> [0, 1, 2, 1, 0, 0, 1, 1, 0, 1]

problem_22.yaml
AsyncStartBFS: 8.53 ms, [] -> [0] -> [0, 0] -> [0, 0, 1] -> [0, 0, 1, 3] -> [0, 0, 1, 3, 0] -> [0, 0, 1, 3, 0, 0] -> [0, 0, 1, 3, 0, 0, 0] -> [0, 0, 1, 3, 0, 0, 0, 2] -> [0, 0, 1, 3, 0, 0, 0, 2, 0] -> [0, 0, 1, 3, 0, 0, 0, 2, 0, 2]
MultithreadBFS: 10.8 ms, [] -> [0] -> [0, 2] -> [0, 2, 2] -> [0, 2, 2, 0] -> [0, 2, 2, 0, 0] -> [0, 2, 2, 0, 0, 1] -> [0, 2, 2, 0, 0, 1, 0] -> [0, 2, 2, 0, 0, 1, 0, 2] -> [0, 2, 2, 0, 0, 1, 0, 2, 2] -> [0, 2, 2, 0, 0, 1, 0, 2, 2, 0]
SyncBFS: 377.25 ms, [] -> [0] -> [0, 0] -> [0, 0, 0] -> [0, 0, 0, 0] -> [0, 0, 0, 0, 1] -> [0, 0, 0, 0, 1, 1] -> [0, 0, 0, 0, 1, 1, 0] -> [0, 0, 0, 0, 1, 1, 0, 2] -> [0, 0, 0, 0, 1, 1, 0, 2, 4] -> [0, 0, 0, 0, 1, 1, 0, 2, 4, 2]
TasksBFS: 44.03 ms, [] -> [0] -> [0, 0] -> [0, 0, 1] -> [0, 0, 1, 0] -> [0, 0, 1, 0, 0] -> [0, 0, 1, 0, 0, 0] -> [0, 0, 1, 0, 0, 0, 2] -> [0, 0, 1, 0, 0, 0, 2, 0] -> [0, 0, 1, 0, 0, 0, 2, 0, 0] -> [0, 0, 1, 0, 0, 0, 2, 0, 0, 1]

problem_23.yaml
MultithreadBFS: 12.77 ms, [] -> [0] -> [0, 4] -> [0, 4, 1] -> [0, 4, 1, 1] -> [0, 4, 1, 1, 1] -> [0, 4, 1, 1, 1, 0] -> [0, 4, 1, 1, 1, 0, 1] -> [0, 4, 1, 1, 1, 0, 1, 0] -> [0, 4, 1, 1, 1, 0, 1, 0, 4] -> [0, 4, 1, 1, 1, 0, 1, 0, 4, 4]
TasksBFS: 55.94 ms, [] -> [0] -> [0, 1] -> [0, 1, 3] -> [0, 1, 3, 0] -> [0, 1, 3, 0, 0] -> [0, 1, 3, 0, 0, 0] -> [0, 1, 3, 0, 0, 0, 0] -> [0, 1, 3, 0, 0, 0, 0, 4] -> [0, 1, 3, 0, 0, 0, 0, 4, 0] -> [0, 1, 3, 0, 0, 0, 0, 4, 0, 3]
SyncBFS: 536.33 ms, [] -> [0] -> [0, 1] -> [0, 1, 0] -> [0, 1, 0, 0] -> [0, 1, 0, 0, 2] -> [0, 1, 0, 0, 2, 0] -> [0, 1, 0, 0, 2, 0, 2] -> [0, 1, 0, 0, 2, 0, 2, 3] -> [0, 1, 0, 0, 2, 0, 2, 3, 2] -> [0, 1, 0, 0, 2, 0, 2, 3, 2, 3]
AsyncStartBFS: 18.68 ms, [] -> [2] -> [2, 2] -> [2, 2, 1] -> [2, 2, 1, 0] -> [2, 2, 1, 0, 0] -> [2, 2, 1, 0, 0, 1] -> [2, 2, 1, 0, 0, 1, 0] -> [2, 2, 1, 0, 0, 1, 0, 1] -> [2, 2, 1, 0, 0, 1, 0, 1, 3] -> [2, 2, 1, 0, 0, 1, 0, 1, 3, 2]

problem_25.yaml
TasksBFS: 69.42 ms, [] -> [0] -> [0, 3] -> [0, 3, 2] -> [0, 3, 2, 2] -> [0, 3, 2, 2, 0] -> [0, 3, 2, 2, 0, 2] -> [0, 3, 2, 2, 0, 2, 2] -> [0, 3, 2, 2, 0, 2, 2, 2] -> [0, 3, 2, 2, 0, 2, 2, 2, 4] -> [0, 3, 2, 2, 0, 2, 2, 2, 4, 2]
SyncBFS: 533.3 ms, [] -> [0] -> [0, 0] -> [0, 0, 0] -> [0, 0, 0, 1] -> [0, 0, 0, 1, 1] -> [0, 0, 0, 1, 1, 0] -> [0, 0, 0, 1, 1, 0, 2] -> [0, 0, 0, 1, 1, 0, 2, 4] -> [0, 0, 0, 1, 1, 0, 2, 4, 1] -> [0, 0, 0, 1, 1, 0, 2, 4, 1, 0]
MultithreadBFS: 19.07 ms, [] -> [0] -> [0, 0] -> [0, 0, 4] -> [0, 0, 4, 3] -> [0, 0, 4, 3, 0] -> [0, 0, 4, 3, 0, 1] -> [0, 0, 4, 3, 0, 1, 0] -> [0, 0, 4, 3, 0, 1, 0, 2] -> [0, 0, 4, 3, 0, 1, 0, 2, 0] -> [0, 0, 4, 3, 0, 1, 0, 2, 0, 0]
AsyncStartBFS: 16.91 ms, [] -> [0] -> [0, 4] -> [0, 4, 2] -> [0, 4, 2, 0] -> [0, 4, 2, 0, 1] -> [0, 4, 2, 0, 1, 2] -> [0, 4, 2, 0, 1, 2, 2] -> [0, 4, 2, 0, 1, 2, 2, 2] -> [0, 4, 2, 0, 1, 2, 2, 2, 4] -> [0, 4, 2, 0, 1, 2, 2, 2, 4, 1]

problem_27.yaml
SyncBFS: 455.51 ms, [] -> [0] -> [0, 0] -> [0, 0, 1] -> [0, 0, 1, 0] -> [0, 0, 1, 0, 1] -> [0, 0, 1, 0, 1, 0] -> [0, 0, 1, 0, 1, 0, 2] -> [0, 0, 1, 0, 1, 0, 2, 3] -> [0, 0, 1, 0, 1, 0, 2, 3, 0] -> [0, 0, 1, 0, 1, 0, 2, 3, 0, 1]
MultithreadBFS: 23.8 ms, [] -> [0] -> [0, 4] -> [0, 4, 1] -> [0, 4, 1, 0] -> [0, 4, 1, 0, 0] -> [0, 4, 1, 0, 0, 0] -> [0, 4, 1, 0, 0, 0, 0] -> [0, 4, 1, 0, 0, 0, 0, 2] -> [0, 4, 1, 0, 0, 0, 0, 2, 4] -> [0, 4, 1, 0, 0, 0, 0, 2, 4, 4]
AsyncStartBFS: 8.9 ms, [] -> [1] -> [1, 3] -> [1, 3, 2] -> [1, 3, 2, 1] -> [1, 3, 2, 1, 0] -> [1, 3, 2, 1, 0, 2] -> [1, 3, 2, 1, 0, 2, 4] -> [1, 3, 2, 1, 0, 2, 4, 3] -> [1, 3, 2, 1, 0, 2, 4, 3, 0] -> [1, 3, 2, 1, 0, 2, 4, 3, 0, 2]
TasksBFS: 46.37 ms, [] -> [0] -> [0, 0] -> [0, 0, 2] -> [0, 0, 2, 2] -> [0, 0, 2, 2, 1] -> [0, 0, 2, 2, 1, 1] -> [0, 0, 2, 2, 1, 1, 1] -> [0, 0, 2, 2, 1, 1, 1, 2] -> [0, 0, 2, 2, 1, 1, 1, 2, 1] -> [0, 0, 2, 2, 1, 1, 1, 2, 1, 2]

problem_26.yaml
AsyncStartBFS: 6.57 ms, [] -> [0] -> [0, 0] -> [0, 0, 0] -> [0, 0, 0, 2] -> [0, 0, 0, 2, 2] -> [0, 0, 0, 2, 2, 0] -> [0, 0, 0, 2, 2, 0, 4] -> [0, 0, 0, 2, 2, 0, 4, 4] -> [0, 0, 0, 2, 2, 0, 4, 4, 3] -> [0, 0, 0, 2, 2, 0, 4, 4, 3, 4]
MultithreadBFS: 11.72 ms, [] -> [0] -> [0, 3] -> [0, 3, 3] -> [0, 3, 3, 1] -> [0, 3, 3, 1, 1] -> [0, 3, 3, 1, 1, 2] -> [0, 3, 3, 1, 1, 2, 0] -> [0, 3, 3, 1, 1, 2, 0, 4] -> [0, 3, 3, 1, 1, 2, 0, 4, 3] -> [0, 3, 3, 1, 1, 2, 0, 4, 3, 2]
SyncBFS: 390.02 ms, [] -> [0] -> [0, 0] -> [0, 0, 0] -> [0, 0, 0, 1] -> [0, 0, 0, 1, 0] -> [0, 0, 0, 1, 0, 0] -> [0, 0, 0, 1, 0, 0, 0] -> [0, 0, 0, 1, 0, 0, 0, 4] -> [0, 0, 0, 1, 0, 0, 0, 4, 0] -> [0, 0, 0, 1, 0, 0, 0, 4, 0, 3]
TasksBFS: 52.27 ms, [] -> [0] -> [0, 1] -> [0, 1, 0] -> [0, 1, 0, 4] -> [0, 1, 0, 4, 0] -> [0, 1, 0, 4, 0, 1] -> [0, 1, 0, 4, 0, 1, 0] -> [0, 1, 0, 4, 0, 1, 0, 2] -> [0, 1, 0, 4, 0, 1, 0, 2, 2] -> [0, 1, 0, 4, 0, 1, 0, 2, 2, 3]

problem_14.yaml
MultithreadBFS: 4.68 ms, [] -> [0] -> [0, 3] -> [0, 3, 1] -> [0, 3, 1, 3] -> [0, 3, 1, 3, 1] -> [0, 3, 1, 3, 1, 0] -> [0, 3, 1, 3, 1, 0, 0] -> [0, 3, 1, 3, 1, 0, 0, 4] -> [0, 3, 1, 3, 1, 0, 0, 4, 3] -> [0, 3, 1, 3, 1, 0, 0, 4, 3, 3]
AsyncStartBFS: 6.1 ms, [] -> [4] -> [4, 2] -> [4, 2, 2] -> [4, 2, 2, 2] -> [4, 2, 2, 2, 0] -> [4, 2, 2, 2, 0, 0] -> [4, 2, 2, 2, 0, 0, 0] -> [4, 2, 2, 2, 0, 0, 0, 3] -> [4, 2, 2, 2, 0, 0, 0, 3, 2] -> [4, 2, 2, 2, 0, 0, 0, 3, 2, 1]
SyncBFS: 346.35 ms, [] -> [0] -> [0, 0] -> [0, 0, 0] -> [0, 0, 0, 0] -> [0, 0, 0, 0, 2] -> [0, 0, 0, 0, 2, 0] -> [0, 0, 0, 0, 2, 0, 4] -> [0, 0, 0, 0, 2, 0, 4, 4] -> [0, 0, 0, 0, 2, 0, 4, 4, 2] -> [0, 0, 0, 0, 2, 0, 4, 4, 2, 2]
TasksBFS: 36.12 ms, [] -> [0] -> [0, 1] -> [0, 1, 0] -> [0, 1, 0, 0] -> [0, 1, 0, 0, 0] -> [0, 1, 0, 0, 0, 1] -> [0, 1, 0, 0, 0, 1, 1] -> [0, 1, 0, 0, 0, 1, 1, 1] -> [0, 1, 0, 0, 0, 1, 1, 1, 3] -> [0, 1, 0, 0, 0, 1, 1, 1, 3, 1]

problem_28.yaml
SyncBFS: 231.14 ms, [] -> [2] -> [2, 0] -> [2, 0, 0] -> [2, 0, 0, 0] -> [2, 0, 0, 0, 0] -> [2, 0, 0, 0, 0, 1] -> [2, 0, 0, 0, 0, 1, 1] -> [2, 0, 0, 0, 0, 1, 1, 0] -> [2, 0, 0, 0, 0, 1, 1, 0, 1] -> [2, 0, 0, 0, 0, 1, 1, 0, 1, 2]
AsyncStartBFS: 16.33 ms, [] -> [2] -> [2, 1] -> [2, 1, 3] -> [2, 1, 3, 2] -> [2, 1, 3, 2, 1] -> [2, 1, 3, 2, 1, 0] -> [2, 1, 3, 2, 1, 0, 2] -> [2, 1, 3, 2, 1, 0, 2, 0] -> [2, 1, 3, 2, 1, 0, 2, 0, 1] -> [2, 1, 3, 2, 1, 0, 2, 0, 1, 1]
MultithreadBFS: 10.36 ms, [] -> [3] -> [3, 2] -> [3, 2, 2] -> [3, 2, 2, 2] -> [3, 2, 2, 2, 0] -> [3, 2, 2, 2, 0, 0] -> [3, 2, 2, 2, 0, 0, 2] -> [3, 2, 2, 2, 0, 0, 2, 4] -> [3, 2, 2, 2, 0, 0, 2, 4, 1] -> [3, 2, 2, 2, 0, 0, 2, 4, 1, 0]
TasksBFS: 26.11 ms, [] -> [2] -> [2, 0] -> [2, 0, 3] -> [2, 0, 3, 1] -> [2, 0, 3, 1, 0] -> [2, 0, 3, 1, 0, 1] -> [2, 0, 3, 1, 0, 1, 3] -> [2, 0, 3, 1, 0, 1, 3, 2] -> [2, 0, 3, 1, 0, 1, 3, 2, 0] -> [2, 0, 3, 1, 0, 1, 3, 2, 0, 2]


[INFO] Results summary:
AsyncStartBFS
	Average: 9.793 ms
	Median: 9.33 ms
	Standard Deviation: 5.48382 ms
SyncBFS
	Average: 374.756 ms
	Median: 383.34 ms
	Standard Deviation: 109.77 ms
MultithreadBFS
	Average: 13.6806 ms
	Median: 13.485 ms
	Standard Deviation: 5.15437 ms
TasksBFS
	Average: 44.585 ms
	Median: 46.295 ms
	Standard Deviation: 14.8802 ms
