problem_49.yaml
MultithreadBFS: 0.39 ms, [] -> [1] -> [1, 0] -> [1, 0, 0] -> [1, 0, 0, 2] -> [1, 0, 0, 2, 0] -> [1, 0, 0, 2, 0, 0] -> [1, 0, 0, 2, 0, 0, 2] -> [1, 0, 0, 2, 0, 0, 2, 0]
SyncBFS: 1.64 ms, [] -> [0] -> [0, 0] -> [0, 0, 1] -> [0, 0, 1, 0] -> [0, 0, 1, 0, 3] -> [0, 0, 1, 0, 3, 2] -> [0, 0, 1, 0, 3, 2, 0] -> [0, 0, 1, 0, 3, 2, 0, 3]
TasksBFS: 0.48 ms, [] -> [0] -> [0, 1] -> [0, 1, 3] -> [0, 1, 3, 2] -> [0, 1, 3, 2, 0] -> [0, 1, 3, 2, 0, 0] -> [0, 1, 3, 2, 0, 0, 3] -> [0, 1, 3, 2, 0, 0, 3, 2]
AsyncStartBFS: 1.17 ms, [] -> [1] -> [1, 0] -> [1, 0, 0] -> [1, 0, 0, 2] -> [1, 0, 0, 2, 0] -> [1, 0, 0, 2, 0, 0] -> [1, 0, 0, 2, 0, 0, 2] -> [1, 0, 0, 2, 0, 0, 2, 0]

problem_48.yaml
TasksBFS: 0.61 ms, [] -> [0] -> [0, 1] -> [0, 1, 2] -> [0, 1, 2, 3] -> [0, 1, 2, 3, 2] -> [0, 1, 2, 3, 2, 1] -> [0, 1, 2, 3, 2, 1, 0] -> [0, 1, 2, 3, 2, 1, 0, 3]
SyncBFS: 2.09 ms, [] -> [0] -> [0, 1] -> [0, 1, 2] -> [0, 1, 2, 1] -> [0, 1, 2, 1, 1] -> [0, 1, 2, 1, 1, 3] -> [0, 1, 2, 1, 1, 3, 3] -> [0, 1, 2, 1, 1, 3, 3, 3]
AsyncStartBFS: 1.38 ms, [] -> [0] -> [0, 1] -> [0, 1, 2] -> [0, 1, 2, 3] -> [0, 1, 2, 3, 2] -> [0, 1, 2, 3, 2, 1] -> [0, 1, 2, 3, 2, 1, 0] -> [0, 1, 2, 3, 2, 1, 0, 3]
MultithreadBFS: 0.39 ms, [] -> [0] -> [0, 1] -> [0, 1, 2] -> [0, 1, 2, 3] -> [0, 1, 2, 3, 2] -> [0, 1, 2, 3, 2, 1] -> [0, 1, 2, 3, 2, 1, 0] -> [0, 1, 2, 3, 2, 1, 0, 3]

problem_45.yaml
SyncBFS: 6.17 ms, [] -> [0] -> [0, 0] -> [0, 0, 1] -> [0, 0, 1, 0] -> [0, 0, 1, 0, 0] -> [0, 0, 1, 0, 0, 1] -> [0, 0, 1, 0, 0, 1, 1] -> [0, 0, 1, 0, 0, 1, 1, 3]
MultithreadBFS: 50.46 ms, [] -> [0] -> [0, 0] -> [0, 0, 1] -> [0, 0, 1, 0] -> [0, 0, 1, 0, 0] -> [0, 0, 1, 0, 0, 1] -> [0, 0, 1, 0, 0, 1, 1] -> [0, 0, 1, 0, 0, 1, 1, 3]
AsyncStartBFS: 1.24 ms, [] -> [0] -> [0, 0] -> [0, 0, 1] -> [0, 0, 1, 0] -> [0, 0, 1, 0, 0] -> [0, 0, 1, 0, 0, 1] -> [0, 0, 1, 0, 0, 1, 1] -> [0, 0, 1, 0, 0, 1, 1, 3]
TasksBFS: 0.41 ms, [] -> [0] -> [0, 0] -> [0, 0, 1] -> [0, 0, 1, 0] -> [0, 0, 1, 0, 0] -> [0, 0, 1, 0, 0, 1] -> [0, 0, 1, 0, 0, 1, 1] -> [0, 0, 1, 0, 0, 1, 1, 3]

problem_43.yaml
SyncBFS: 0.6 ms, [] -> [0] -> [0, 0] -> [0, 0, 3] -> [0, 0, 3, 2] -> [0, 0, 3, 2, 1] -> [0, 0, 3, 2, 1, 1] -> [0, 0, 3, 2, 1, 1, 0] -> [0, 0, 3, 2, 1, 1, 0, 3]
TasksBFS: 0.68 ms, [] -> [0] -> [0, 2] -> [0, 2, 1] -> [0, 2, 1, 0] -> [0, 2, 1, 0, 1] -> [0, 2, 1, 0, 1, 1] -> [0, 2, 1, 0, 1, 1, 0] -> [0, 2, 1, 0, 1, 1, 0, 1]
AsyncStartBFS: 1.29 ms, [] -> [0] -> [0, 1] -> [0, 1, 1] -> [0, 1, 1, 3] -> [0, 1, 1, 3, 1] -> [0, 1, 1, 3, 1, 1] -> [0, 1, 1, 3, 1, 1, 3] -> [0, 1, 1, 3, 1, 1, 3, 1]
MultithreadBFS: 0.42 ms, [] -> [0] -> [0, 1] -> [0, 1, 1] -> [0, 1, 1, 3] -> [0, 1, 1, 3, 1] -> [0, 1, 1, 3, 1, 1] -> [0, 1, 1, 3, 1, 1, 3] -> [0, 1, 1, 3, 1, 1, 3, 1]

problem_41.yaml
MultithreadBFS: 0.41 ms, [] -> [2] -> [2, 1] -> [2, 1, 0] -> [2, 1, 0, 2] -> [2, 1, 0, 2, 1] -> [2, 1, 0, 2, 1, 0] -> [2, 1, 0, 2, 1, 0, 1] -> [2, 1, 0, 2, 1, 0, 1, 3]
AsyncStartBFS: 1.15 ms, [] -> [2] -> [2, 1] -> [2, 1, 0] -> [2, 1, 0, 2] -> [2, 1, 0, 2, 1] -> [2, 1, 0, 2, 1, 0] -> [2, 1, 0, 2, 1, 0, 1] -> [2, 1, 0, 2, 1, 0, 1, 3]
SyncBFS: 1.37 ms, [] -> [0] -> [0, 0] -> [0, 0, 0] -> [0, 0, 0, 3] -> [0, 0, 0, 3, 2] -> [0, 0, 0, 3, 2, 0] -> [0, 0, 0, 3, 2, 0, 1] -> [0, 0, 0, 3, 2, 0, 1, 1]
TasksBFS: 0.45 ms, [] -> [2] -> [2, 1] -> [2, 1, 0] -> [2, 1, 0, 0] -> [2, 1, 0, 0, 0] -> [2, 1, 0, 0, 0, 1] -> [2, 1, 0, 0, 0, 1, 1] -> [2, 1, 0, 0, 0, 1, 1, 0]

problem_39.yaml
MultithreadBFS: 0.41 ms, [] -> [2] -> [2, 0] -> [2, 0, 3] -> [2, 0, 3, 1] -> [2, 0, 3, 1, 1] -> [2, 0, 3, 1, 1, 2] -> [2, 0, 3, 1, 1, 2, 2] -> [2, 0, 3, 1, 1, 2, 2, 1]
AsyncStartBFS: 1.28 ms, [] -> [2] -> [2, 2] -> [2, 2, 1] -> [2, 2, 1, 3] -> [2, 2, 1, 3, 1] -> [2, 2, 1, 3, 1, 3] -> [2, 2, 1, 3, 1, 3, 3] -> [2, 2, 1, 3, 1, 3, 3, 0]
SyncBFS: 1.45 ms, [] -> [0] -> [0, 0] -> [0, 0, 1] -> [0, 0, 1, 0] -> [0, 0, 1, 0, 1] -> [0, 0, 1, 0, 1, 0] -> [0, 0, 1, 0, 1, 0, 2] -> [0, 0, 1, 0, 1, 0, 2, 3]
TasksBFS: 0.6 ms, [] -> [3] -> [3, 0] -> [3, 0, 0] -> [3, 0, 0, 1] -> [3, 0, 0, 1, 0] -> [3, 0, 0, 1, 0, 2] -> [3, 0, 0, 1, 0, 2, 3] -> [3, 0, 0, 1, 0, 2, 3, 3]

problem_38.yaml
MultithreadBFS: 0.45 ms, [] -> [1] -> [1, 1] -> [1, 1, 2] -> [1, 1, 2, 2] -> [1, 1, 2, 2, 3] -> [1, 1, 2, 2, 3, 1] -> [1, 1, 2, 2, 3, 1, 3] -> [1, 1, 2, 2, 3, 1, 3, 3]
AsyncStartBFS: 1.19 ms, [] -> [1] -> [1, 1] -> [1, 1, 2] -> [1, 1, 2, 2] -> [1, 1, 2, 2, 3] -> [1, 1, 2, 2, 3, 1] -> [1, 1, 2, 2, 3, 1, 3] -> [1, 1, 2, 2, 3, 1, 3, 3]
SyncBFS: 0.58 ms, [] -> [1] -> [1, 1] -> [1, 1, 0] -> [1, 1, 0, 0] -> [1, 1, 0, 0, 1] -> [1, 1, 0, 0, 1, 0] -> [1, 1, 0, 0, 1, 0, 0] -> [1, 1, 0, 0, 1, 0, 0, 0]
TasksBFS: 0.39 ms, [] -> [1] -> [1, 1] -> [1, 1, 0] -> [1, 1, 0, 1] -> [1, 1, 0, 1, 0] -> [1, 1, 0, 1, 0, 0] -> [1, 1, 0, 1, 0, 0, 1] -> [1, 1, 0, 1, 0, 0, 1, 2]

problem_36.yaml
SyncBFS: 0.95 ms, [] -> [0] -> [0, 1] -> [0, 1, 1] -> [0, 1, 1, 0] -> [0, 1, 1, 0, 2] -> [0, 1, 1, 0, 2, 0] -> [0, 1, 1, 0, 2, 0, 2] -> [0, 1, 1, 0, 2, 0, 2, 2]
TasksBFS: 0.6 ms, [] -> [0] -> [0, 1] -> [0, 1, 1] -> [0, 1, 1, 0] -> [0, 1, 1, 0, 2] -> [0, 1, 1, 0, 2, 0] -> [0, 1, 1, 0, 2, 0, 2] -> [0, 1, 1, 0, 2, 0, 2, 2]
AsyncStartBFS: 1.29 ms, [] -> [1] -> [1, 2] -> [1, 2, 3] -> [1, 2, 3, 2] -> [1, 2, 3, 2, 0] -> [1, 2, 3, 2, 0, 3] -> [1, 2, 3, 2, 0, 3, 2] -> [1, 2, 3, 2, 0, 3, 2, 3]
MultithreadBFS: 0.37 ms, [] -> [1] -> [1, 2] -> [1, 2, 3] -> [1, 2, 3, 2] -> [1, 2, 3, 2, 0] -> [1, 2, 3, 2, 0, 3] -> [1, 2, 3, 2, 0, 3, 2] -> [1, 2, 3, 2, 0, 3, 2, 3]

problem_44.yaml
SyncBFS: 1.33 ms, [] -> [0] -> [0, 0] -> [0, 0, 0] -> [0, 0, 0, 0] -> [0, 0, 0, 0, 2] -> [0, 0, 0, 0, 2, 0] -> [0, 0, 0, 0, 2, 0, 3] -> [0, 0, 0, 0, 2, 0, 3, 0]
AsyncStartBFS: 1.43 ms, [] -> [0] -> [0, 2] -> [0, 2, 2] -> [0, 2, 2, 2] -> [0, 2, 2, 2, 1] -> [0, 2, 2, 2, 1, 1] -> [0, 2, 2, 2, 1, 1, 2] -> [0, 2, 2, 2, 1, 1, 2, 1]
MultithreadBFS: 0.37 ms, [] -> [0] -> [0, 2] -> [0, 2, 2] -> [0, 2, 2, 2] -> [0, 2, 2, 2, 1] -> [0, 2, 2, 2, 1, 1] -> [0, 2, 2, 2, 1, 1, 2] -> [0, 2, 2, 2, 1, 1, 2, 1]
TasksBFS: 0.36 ms, [] -> [0] -> [0, 0] -> [0, 0, 0] -> [0, 0, 0, 3] -> [0, 0, 0, 3, 3] -> [0, 0, 0, 3, 3, 0] -> [0, 0, 0, 3, 3, 0, 1] -> [0, 0, 0, 3, 3, 0, 1, 3]

problem_35.yaml
MultithreadBFS: 0.38 ms, [] -> [1] -> [1, 1] -> [1, 1, 0] -> [1, 1, 0, 2] -> [1, 1, 0, 2, 0] -> [1, 1, 0, 2, 0, 0] -> [1, 1, 0, 2, 0, 0, 3] -> [1, 1, 0, 2, 0, 0, 3, 2]
AsyncStartBFS: 1.25 ms, [] -> [1] -> [1, 1] -> [1, 1, 0] -> [1, 1, 0, 2] -> [1, 1, 0, 2, 0] -> [1, 1, 0, 2, 0, 0] -> [1, 1, 0, 2, 0, 0, 3] -> [1, 1, 0, 2, 0, 0, 3, 2]
TasksBFS: 0.32 ms, [] -> [1] -> [1, 1] -> [1, 1, 0] -> [1, 1, 0, 2] -> [1, 1, 0, 2, 0] -> [1, 1, 0, 2, 0, 0] -> [1, 1, 0, 2, 0, 0, 3] -> [1, 1, 0, 2, 0, 0, 3, 2]
SyncBFS: 0.73 ms, [] -> [1] -> [1, 1] -> [1, 1, 0] -> [1, 1, 0, 2] -> [1, 1, 0, 2, 0] -> [1, 1, 0, 2, 0, 0] -> [1, 1, 0, 2, 0, 0, 3] -> [1, 1, 0, 2, 0, 0, 3, 2]

problem_46.yaml
SyncBFS: 1.22 ms, [] -> [1] -> [1, 0] -> [1, 0, 3] -> [1, 0, 3, 1] -> [1, 0, 3, 1, 0] -> [1, 0, 3, 1, 0, 2] -> [1, 0, 3, 1, 0, 2, 0] -> [1, 0, 3, 1, 0, 2, 0, 1]
TasksBFS: 0.64 ms, [] -> [1] -> [1, 0] -> [1, 0, 3] -> [1, 0, 3, 1] -> [1, 0, 3, 1, 0] -> [1, 0, 3, 1, 0, 2] -> [1, 0, 3, 1, 0, 2, 0] -> [1, 0, 3, 1, 0, 2, 0, 1]
MultithreadBFS: 0.5 ms, [] -> [1] -> [1, 2] -> [1, 2, 3] -> [1, 2, 3, 2] -> [1, 2, 3, 2, 0] -> [1, 2, 3, 2, 0, 2] -> [1, 2, 3, 2, 0, 2, 3] -> [1, 2, 3, 2, 0, 2, 3, 1]
AsyncStartBFS: 1.27 ms, [] -> [1] -> [1, 2] -> [1, 2, 3] -> [1, 2, 3, 0] -> [1, 2, 3, 0, 2] -> [1, 2, 3, 0, 2, 2] -> [1, 2, 3, 0, 2, 2, 3] -> [1, 2, 3, 0, 2, 2, 3, 0]

problem_34.yaml
TasksBFS: 0.43 ms, [] -> [0] -> [0, 1] -> [0, 1, 2] -> [0, 1, 2, 3] -> [0, 1, 2, 3, 3] -> [0, 1, 2, 3, 3, 1] -> [0, 1, 2, 3, 3, 1, 1] -> [0, 1, 2, 3, 3, 1, 1, 0]
AsyncStartBFS: 1.15 ms, [] -> [1] -> [1, 0] -> [1, 0, 1] -> [1, 0, 1, 3] -> [1, 0, 1, 3, 0] -> [1, 0, 1, 3, 0, 3] -> [1, 0, 1, 3, 0, 3, 2] -> [1, 0, 1, 3, 0, 3, 2, 0]
SyncBFS: 1.29 ms, [] -> [0] -> [0, 1] -> [0, 1, 0] -> [0, 1, 0, 2] -> [0, 1, 0, 2, 2] -> [0, 1, 0, 2, 2, 1] -> [0, 1, 0, 2, 2, 1, 1] -> [0, 1, 0, 2, 2, 1, 1, 2]
MultithreadBFS: 0.47 ms, [] -> [1] -> [1, 0] -> [1, 0, 1] -> [1, 0, 1, 3] -> [1, 0, 1, 3, 0] -> [1, 0, 1, 3, 0, 3] -> [1, 0, 1, 3, 0, 3, 2] -> [1, 0, 1, 3, 0, 3, 2, 0]

problem_32.yaml
SyncBFS: 2.28 ms, [] -> [0] -> [0, 0] -> [0, 0, 2] -> [0, 0, 2, 1] -> [0, 0, 2, 1, 0] -> [0, 0, 2, 1, 0, 0] -> [0, 0, 2, 1, 0, 0, 2] -> [0, 0, 2, 1, 0, 0, 2, 1]
MultithreadBFS: 0.58 ms, [] -> [3] -> [3, 0] -> [3, 0, 2] -> [3, 0, 2, 0] -> [3, 0, 2, 0, 1] -> [3, 0, 2, 0, 1, 0] -> [3, 0, 2, 0, 1, 0, 0] -> [3, 0, 2, 0, 1, 0, 0, 2]
TasksBFS: 0.45 ms, [] -> [0] -> [0, 3] -> [0, 3, 0] -> [0, 3, 0, 3] -> [0, 3, 0, 3, 2] -> [0, 3, 0, 3, 2, 3] -> [0, 3, 0, 3, 2, 3, 0] -> [0, 3, 0, 3, 2, 3, 0, 0]
AsyncStartBFS: 1.16 ms, [] -> [3] -> [3, 0] -> [3, 0, 0] -> [3, 0, 0, 1] -> [3, 0, 0, 1, 1] -> [3, 0, 0, 1, 1, 1] -> [3, 0, 0, 1, 1, 1, 3] -> [3, 0, 0, 1, 1, 1, 3, 1]

problem_31.yaml
SyncBFS: 1.42 ms, [] -> [1] -> [1, 0] -> [1, 0, 0] -> [1, 0, 0, 0] -> [1, 0, 0, 0, 1] -> [1, 0, 0, 0, 1, 1] -> [1, 0, 0, 0, 1, 1, 0] -> [1, 0, 0, 0, 1, 1, 0, 2]
MultithreadBFS: 0.68 ms, [] -> [1] -> [1, 3] -> [1, 3, 2] -> [1, 3, 2, 1] -> [1, 3, 2, 1, 0] -> [1, 3, 2, 1, 0, 1] -> [1, 3, 2, 1, 0, 1, 1] -> [1, 3, 2, 1, 0, 1, 1, 2]
TasksBFS: 0.38 ms, [] -> [1] -> [1, 0] -> [1, 0, 3] -> [1, 0, 3, 2] -> [1, 0, 3, 2, 0] -> [1, 0, 3, 2, 0, 2] -> [1, 0, 3, 2, 0, 2, 2] -> [1, 0, 3, 2, 0, 2, 2, 2]
AsyncStartBFS: 1.15 ms, [] -> [1] -> [1, 3] -> [1, 3, 0] -> [1, 3, 0, 0] -> [1, 3, 0, 0, 0] -> [1, 3, 0, 0, 0, 1] -> [1, 3, 0, 0, 0, 1, 1] -> [1, 3, 0, 0, 0, 1, 1, 0]

problem_30.yaml
SyncBFS: 0.48 ms, [] -> [0] -> [0, 1] -> [0, 1, 0] -> [0, 1, 0, 1] -> [0, 1, 0, 1, 1] -> [0, 1, 0, 1, 1, 0] -> [0, 1, 0, 1, 1, 0, 1] -> [0, 1, 0, 1, 1, 0, 1, 2]
AsyncStartBFS: 3.71 ms, [] -> [0] -> [0, 3] -> [0, 3, 1] -> [0, 3, 1, 1] -> [0, 3, 1, 1, 3] -> [0, 3, 1, 1, 3, 3] -> [0, 3, 1, 1, 3, 3, 0] -> [0, 3, 1, 1, 3, 3, 0, 3]
TasksBFS: 0.4 ms, [] -> [0] -> [0, 3] -> [0, 3, 0] -> [0, 3, 0, 1] -> [0, 3, 0, 1, 0] -> [0, 3, 0, 1, 0, 2] -> [0, 3, 0, 1, 0, 2, 3] -> [0, 3, 0, 1, 0, 2, 3, 0]
MultithreadBFS: 0.35 ms, [] -> [0] -> [0, 3] -> [0, 3, 1] -> [0, 3, 1, 1] -> [0, 3, 1, 1, 3] -> [0, 3, 1, 1, 3, 3] -> [0, 3, 1, 1, 3, 3, 0] -> [0, 3, 1, 1, 3, 3, 0, 3]

problem_10.yaml
AsyncStartBFS: 1.21 ms, [] -> [2] -> [2, 1] -> [2, 1, 2] -> [2, 1, 2, 2] -> [2, 1, 2, 2, 0] -> [2, 1, 2, 2, 0, 3] -> [2, 1, 2, 2, 0, 3, 1] -> [2, 1, 2, 2, 0, 3, 1, 0]
MultithreadBFS: 0.4 ms, [] -> [1] -> [1, 1] -> [1, 1, 0] -> [1, 1, 0, 1] -> [1, 1, 0, 1, 0] -> [1, 1, 0, 1, 0, 2] -> [1, 1, 0, 1, 0, 2, 2] -> [1, 1, 0, 1, 0, 2, 2, 1]
TasksBFS: 0.4 ms, [] -> [1] -> [1, 3] -> [1, 3, 0] -> [1, 3, 0, 1] -> [1, 3, 0, 1, 1] -> [1, 3, 0, 1, 1, 1] -> [1, 3, 0, 1, 1, 1, 1] -> [1, 3, 0, 1, 1, 1, 1, 3]
SyncBFS: 0.89 ms, [] -> [1] -> [1, 1] -> [1, 1, 0] -> [1, 1, 0, 0] -> [1, 1, 0, 0, 2] -> [1, 1, 0, 0, 2, 2] -> [1, 1, 0, 0, 2, 2, 0] -> [1, 1, 0, 0, 2, 2, 0, 3]

problem_09.yaml
AsyncStartBFS: 1.18 ms, [] -> [2] -> [2, 2] -> [2, 2, 1] -> [2, 2, 1, 1] -> [2, 2, 1, 1, 2] -> [2, 2, 1, 1, 2, 3] -> [2, 2, 1, 1, 2, 3, 3] -> [2, 2, 1, 1, 2, 3, 3, 3]
SyncBFS: 0.55 ms, [] -> [2] -> [2, 0] -> [2, 0, 0] -> [2, 0, 0, 2] -> [2, 0, 0, 2, 2] -> [2, 0, 0, 2, 2, 0] -> [2, 0, 0, 2, 2, 0, 2] -> [2, 0, 0, 2, 2, 0, 2, 1]
MultithreadBFS: 0.47 ms, [] -> [2] -> [2, 2] -> [2, 2, 3] -> [2, 2, 3, 1] -> [2, 2, 3, 1, 3] -> [2, 2, 3, 1, 3, 1] -> [2, 2, 3, 1, 3, 1, 1] -> [2, 2, 3, 1, 3, 1, 1, 0]
TasksBFS: 0.33 ms, [] -> [2] -> [2, 2] -> [2, 2, 1] -> [2, 2, 1, 1] -> [2, 2, 1, 1, 2] -> [2, 2, 1, 1, 2, 3] -> [2, 2, 1, 1, 2, 3, 3] -> [2, 2, 1, 1, 2, 3, 3, 3]

problem_12.yaml
SyncBFS: 1.31 ms, [] -> [2] -> [2, 0] -> [2, 0, 0] -> [2, 0, 0, 3] -> [2, 0, 0, 3, 1] -> [2, 0, 0, 3, 1, 1] -> [2, 0, 0, 3, 1, 1, 0] -> [2, 0, 0, 3, 1, 1, 0, 2]
AsyncStartBFS: 1.45 ms, [] -> [2] -> [2, 2] -> [2, 2, 1] -> [2, 2, 1, 0] -> [2, 2, 1, 0, 0] -> [2, 2, 1, 0, 0, 1] -> [2, 2, 1, 0, 0, 1, 3] -> [2, 2, 1, 0, 0, 1, 3, 1]
MultithreadBFS: 0.38 ms, [] -> [2] -> [2, 1] -> [2, 1, 1] -> [2, 1, 1, 1] -> [2, 1, 1, 1, 2] -> [2, 1, 1, 1, 2, 1] -> [2, 1, 1, 1, 2, 1, 0] -> [2, 1, 1, 1, 2, 1, 0, 2]
TasksBFS: 0.39 ms, [] -> [2] -> [2, 1] -> [2, 1, 2] -> [2, 1, 2, 0] -> [2, 1, 2, 0, 0] -> [2, 1, 2, 0, 0, 3] -> [2, 1, 2, 0, 0, 3, 1] -> [2, 1, 2, 0, 0, 3, 1, 1]

problem_47.yaml
SyncBFS: 1.29 ms, [] -> [0] -> [0, 0] -> [0, 0, 1] -> [0, 0, 1, 0] -> [0, 0, 1, 0, 2] -> [0, 0, 1, 0, 2, 1] -> [0, 0, 1, 0, 2, 1, 1] -> [0, 0, 1, 0, 2, 1, 1, 1]
MultithreadBFS: 0.56 ms, [] -> [0] -> [0, 3] -> [0, 3, 1] -> [0, 3, 1, 0] -> [0, 3, 1, 0, 2] -> [0, 3, 1, 0, 2, 3] -> [0, 3, 1, 0, 2, 3, 1] -> [0, 3, 1, 0, 2, 3, 1, 0]
AsyncStartBFS: 1.19 ms, [] -> [1] -> [1, 0] -> [1, 0, 0] -> [1, 0, 0, 0] -> [1, 0, 0, 0, 0] -> [1, 0, 0, 0, 0, 0] -> [1, 0, 0, 0, 0, 0, 0] -> [1, 0, 0, 0, 0, 0, 0, 1]
TasksBFS: 0.43 ms, [] -> [0] -> [0, 3] -> [0, 3, 1] -> [0, 3, 1, 0] -> [0, 3, 1, 0, 2] -> [0, 3, 1, 0, 2, 3] -> [0, 3, 1, 0, 2, 3, 1] -> [0, 3, 1, 0, 2, 3, 1, 0]

problem_11.yaml
SyncBFS: 0.57 ms, [] -> [0] -> [0, 2] -> [0, 2, 2] -> [0, 2, 2, 1] -> [0, 2, 2, 1, 2] -> [0, 2, 2, 1, 2, 3] -> [0, 2, 2, 1, 2, 3, 1] -> [0, 2, 2, 1, 2, 3, 1, 0]
AsyncStartBFS: 1.87 ms, [] -> [0] -> [0, 2] -> [0, 2, 2] -> [0, 2, 2, 3] -> [0, 2, 2, 3, 2] -> [0, 2, 2, 3, 2, 3] -> [0, 2, 2, 3, 2, 3, 1] -> [0, 2, 2, 3, 2, 3, 1, 0]
TasksBFS: 0.37 ms, [] -> [0] -> [0, 2] -> [0, 2, 2] -> [0, 2, 2, 3] -> [0, 2, 2, 3, 2] -> [0, 2, 2, 3, 2, 3] -> [0, 2, 2, 3, 2, 3, 1] -> [0, 2, 2, 3, 2, 3, 1, 0]
MultithreadBFS: 0.33 ms, [] -> [0] -> [0, 2] -> [0, 2, 2] -> [0, 2, 2, 3] -> [0, 2, 2, 3, 2] -> [0, 2, 2, 3, 2, 3] -> [0, 2, 2, 3, 2, 3, 1] -> [0, 2, 2, 3, 2, 3, 1, 0]

problem_01.yaml
SyncBFS: 1.17 ms, [] -> [0] -> [0, 0] -> [0, 0, 2] -> [0, 0, 2, 0] -> [0, 0, 2, 0, 2] -> [0, 0, 2, 0, 2, 0] -> [0, 0, 2, 0, 2, 0, 3] -> [0, 0, 2, 0, 2, 0, 3, 2]
TasksBFS: 0.69 ms, [] -> [0] -> [0, 0] -> [0, 0, 2] -> [0, 0, 2, 0] -> [0, 0, 2, 0, 2] -> [0, 0, 2, 0, 2, 0] -> [0, 0, 2, 0, 2, 0, 3] -> [0, 0, 2, 0, 2, 0, 3, 2]
MultithreadBFS: 0.39 ms, [] -> [2] -> [2, 1] -> [2, 1, 0] -> [2, 1, 0, 1] -> [2, 1, 0, 1, 2] -> [2, 1, 0, 1, 2, 3] -> [2, 1, 0, 1, 2, 3, 0] -> [2, 1, 0, 1, 2, 3, 0, 2]
AsyncStartBFS: 1.17 ms, [] -> [2] -> [2, 1] -> [2, 1, 0] -> [2, 1, 0, 1] -> [2, 1, 0, 1, 2] -> [2, 1, 0, 1, 2, 3] -> [2, 1, 0, 1, 2, 3, 0] -> [2, 1, 0, 1, 2, 3, 0, 2]

problem_08.yaml
AsyncStartBFS: 1.21 ms, [] -> [1] -> [1, 2] -> [1, 2, 0] -> [1, 2, 0, 0] -> [1, 2, 0, 0, 3] -> [1, 2, 0, 0, 3, 0] -> [1, 2, 0, 0, 3, 0, 1] -> [1, 2, 0, 0, 3, 0, 1, 0]
TasksBFS: 0.34 ms, [] -> [1] -> [1, 2] -> [1, 2, 2] -> [1, 2, 2, 2] -> [1, 2, 2, 2, 1] -> [1, 2, 2, 2, 1, 0] -> [1, 2, 2, 2, 1, 0, 0] -> [1, 2, 2, 2, 1, 0, 0, 1]
SyncBFS: 0.71 ms, [] -> [1] -> [1, 1] -> [1, 1, 2] -> [1, 1, 2, 3] -> [1, 1, 2, 3, 3] -> [1, 1, 2, 3, 3, 1] -> [1, 1, 2, 3, 3, 1, 1] -> [1, 1, 2, 3, 3, 1, 1, 1]
MultithreadBFS: 0.42 ms, [] -> [1] -> [1, 1] -> [1, 1, 2] -> [1, 1, 2, 3] -> [1, 1, 2, 3, 3] -> [1, 1, 2, 3, 3, 1] -> [1, 1, 2, 3, 3, 1, 1] -> [1, 1, 2, 3, 3, 1, 1, 1]

problem_06.yaml
MultithreadBFS: 0.39 ms, [] -> [2] -> [2, 1] -> [2, 1, 3] -> [2, 1, 3, 3] -> [2, 1, 3, 3, 3] -> [2, 1, 3, 3, 3, 0] -> [2, 1, 3, 3, 3, 0, 2] -> [2, 1, 3, 3, 3, 0, 2, 2]
AsyncStartBFS: 1.18 ms, [] -> [2] -> [2, 1] -> [2, 1, 3] -> [2, 1, 3, 3] -> [2, 1, 3, 3, 3] -> [2, 1, 3, 3, 3, 0] -> [2, 1, 3, 3, 3, 0, 2] -> [2, 1, 3, 3, 3, 0, 2, 2]
SyncBFS: 1.12 ms, [] -> [1] -> [1, 1] -> [1, 1, 1] -> [1, 1, 1, 0] -> [1, 1, 1, 0, 0] -> [1, 1, 1, 0, 0, 0] -> [1, 1, 1, 0, 0, 0, 2] -> [1, 1, 1, 0, 0, 0, 2, 0]
TasksBFS: 0.45 ms, [] -> [1] -> [1, 1] -> [1, 1, 1] -> [1, 1, 1, 0] -> [1, 1, 1, 0, 0] -> [1, 1, 1, 0, 0, 0] -> [1, 1, 1, 0, 0, 0, 2] -> [1, 1, 1, 0, 0, 0, 2, 0]

problem_19.yaml
SyncBFS: 1.67 ms, [] -> [1] -> [1, 0] -> [1, 0, 0] -> [1, 0, 0, 2] -> [1, 0, 0, 2, 0] -> [1, 0, 0, 2, 0, 3] -> [1, 0, 0, 2, 0, 3, 1] -> [1, 0, 0, 2, 0, 3, 1, 0]
MultithreadBFS: 0.88 ms, [] -> [1] -> [1, 0] -> [1, 0, 3] -> [1, 0, 3, 3] -> [1, 0, 3, 3, 0] -> [1, 0, 3, 3, 0, 1] -> [1, 0, 3, 3, 0, 1, 0] -> [1, 0, 3, 3, 0, 1, 0, 1]
TasksBFS: 0.41 ms, [] -> [1] -> [1, 0] -> [1, 0, 3] -> [1, 0, 3, 2] -> [1, 0, 3, 2, 0] -> [1, 0, 3, 2, 0, 0] -> [1, 0, 3, 2, 0, 0, 2] -> [1, 0, 3, 2, 0, 0, 2, 2]
AsyncStartBFS: 1.15 ms, [] -> [1] -> [1, 0] -> [1, 0, 3] -> [1, 0, 3, 2] -> [1, 0, 3, 2, 0] -> [1, 0, 3, 2, 0, 0] -> [1, 0, 3, 2, 0, 0, 2] -> [1, 0, 3, 2, 0, 0, 2, 2]

problem_40.yaml
MultithreadBFS: 0.47 ms, [] -> [1] -> [1, 3] -> [1, 3, 2] -> [1, 3, 2, 3] -> [1, 3, 2, 3, 0] -> [1, 3, 2, 3, 0, 0] -> [1, 3, 2, 3, 0, 0, 2] -> [1, 3, 2, 3, 0, 0, 2, 3]
TasksBFS: 0.38 ms, [] -> [0] -> [0, 0] -> [0, 0, 3] -> [0, 0, 3, 0] -> [0, 0, 3, 0, 2] -> [0, 0, 3, 0, 2, 2] -> [0, 0, 3, 0, 2, 2, 3] -> [0, 0, 3, 0, 2, 2, 3, 2]
AsyncStartBFS: 1.15 ms, [] -> [1] -> [1, 3] -> [1, 3, 2] -> [1, 3, 2, 0] -> [1, 3, 2, 0, 0] -> [1, 3, 2, 0, 0, 2] -> [1, 3, 2, 0, 0, 2, 0] -> [1, 3, 2, 0, 0, 2, 0, 0]
SyncBFS: 1.19 ms, [] -> [0] -> [0, 0] -> [0, 0, 0] -> [0, 0, 0, 1] -> [0, 0, 0, 1, 0] -> [0, 0, 0, 1, 0, 1] -> [0, 0, 0, 1, 0, 1, 1] -> [0, 0, 0, 1, 0, 1, 1, 2]

problem_04.yaml
TasksBFS: 0.51 ms, [] -> [1] -> [1, 1] -> [1, 1, 0] -> [1, 1, 0, 2] -> [1, 1, 0, 2, 1] -> [1, 1, 0, 2, 1, 0] -> [1, 1, 0, 2, 1, 0, 3] -> [1, 1, 0, 2, 1, 0, 3, 1]
AsyncStartBFS: 1.21 ms, [] -> [0] -> [0, 2] -> [0, 2, 1] -> [0, 2, 1, 3] -> [0, 2, 1, 3, 0] -> [0, 2, 1, 3, 0, 3] -> [0, 2, 1, 3, 0, 3, 3] -> [0, 2, 1, 3, 0, 3, 3, 3]
MultithreadBFS: 0.37 ms, [] -> [0] -> [0, 2] -> [0, 2, 0] -> [0, 2, 0, 3] -> [0, 2, 0, 3, 3] -> [0, 2, 0, 3, 3, 2] -> [0, 2, 0, 3, 3, 2, 2] -> [0, 2, 0, 3, 3, 2, 2, 3]
SyncBFS: 1.9 ms, [] -> [0] -> [0, 2] -> [0, 2, 0] -> [0, 2, 0, 3] -> [0, 2, 0, 3, 3] -> [0, 2, 0, 3, 3, 2] -> [0, 2, 0, 3, 3, 2, 2] -> [0, 2, 0, 3, 3, 2, 2, 3]

problem_33.yaml
SyncBFS: 1.4 ms, [] -> [0] -> [0, 0] -> [0, 0, 1] -> [0, 0, 1, 2] -> [0, 0, 1, 2, 1] -> [0, 0, 1, 2, 1, 2] -> [0, 0, 1, 2, 1, 2, 0] -> [0, 0, 1, 2, 1, 2, 0, 3]
TasksBFS: 0.64 ms, [] -> [0] -> [0, 1] -> [0, 1, 3] -> [0, 1, 3, 3] -> [0, 1, 3, 3, 1] -> [0, 1, 3, 3, 1, 1] -> [0, 1, 3, 3, 1, 1, 0] -> [0, 1, 3, 3, 1, 1, 0, 2]
MultithreadBFS: 0.36 ms, [] -> [2] -> [2, 0] -> [2, 0, 1] -> [2, 0, 1, 2] -> [2, 0, 1, 2, 0] -> [2, 0, 1, 2, 0, 0] -> [2, 0, 1, 2, 0, 0, 1] -> [2, 0, 1, 2, 0, 0, 1, 0]
AsyncStartBFS: 1.2 ms, [] -> [1] -> [1, 2] -> [1, 2, 3] -> [1, 2, 3, 2] -> [1, 2, 3, 2, 2] -> [1, 2, 3, 2, 2, 1] -> [1, 2, 3, 2, 2, 1, 0] -> [1, 2, 3, 2, 2, 1, 0, 1]

problem_21.yaml
AsyncStartBFS: 1.26 ms, [] -> [1] -> [1, 0] -> [1, 0, 3] -> [1, 0, 3, 2] -> [1, 0, 3, 2, 2] -> [1, 0, 3, 2, 2, 2] -> [1, 0, 3, 2, 2, 2, 0] -> [1, 0, 3, 2, 2, 2, 0, 2]
SyncBFS: 1.15 ms, [] -> [0] -> [0, 0] -> [0, 0, 0] -> [0, 0, 0, 0] -> [0, 0, 0, 0, 2] -> [0, 0, 0, 0, 2, 3] -> [0, 0, 0, 0, 2, 3, 3] -> [0, 0, 0, 0, 2, 3, 3, 2]
TasksBFS: 0.47 ms, [] -> [0] -> [0, 1] -> [0, 1, 2] -> [0, 1, 2, 3] -> [0, 1, 2, 3, 3] -> [0, 1, 2, 3, 3, 2] -> [0, 1, 2, 3, 3, 2, 1] -> [0, 1, 2, 3, 3, 2, 1, 3]
MultithreadBFS: 0.36 ms, [] -> [1] -> [1, 0] -> [1, 0, 3] -> [1, 0, 3, 2] -> [1, 0, 3, 2, 2] -> [1, 0, 3, 2, 2, 2] -> [1, 0, 3, 2, 2, 2, 0] -> [1, 0, 3, 2, 2, 2, 0, 2]

problem_24.yaml
TasksBFS: 0.43 ms, [] -> [1] -> [1, 0] -> [1, 0, 3] -> [1, 0, 3, 1] -> [1, 0, 3, 1, 3] -> [1, 0, 3, 1, 3, 0] -> [1, 0, 3, 1, 3, 0, 2] -> [1, 0, 3, 1, 3, 0, 2, 1]
MultithreadBFS: 0.35 ms, [] -> [1] -> [1, 3] -> [1, 3, 2] -> [1, 3, 2, 2] -> [1, 3, 2, 2, 0] -> [1, 3, 2, 2, 0, 2] -> [1, 3, 2, 2, 0, 2, 0] -> [1, 3, 2, 2, 0, 2, 0, 1]
SyncBFS: 1.57 ms, [] -> [1] -> [1, 0] -> [1, 0, 3] -> [1, 0, 3, 1] -> [1, 0, 3, 1, 3] -> [1, 0, 3, 1, 3, 0] -> [1, 0, 3, 1, 3, 0, 2] -> [1, 0, 3, 1, 3, 0, 2, 1]
AsyncStartBFS: 1.32 ms, [] -> [1] -> [1, 3] -> [1, 3, 2] -> [1, 3, 2, 2] -> [1, 3, 2, 2, 0] -> [1, 3, 2, 2, 0, 2] -> [1, 3, 2, 2, 0, 2, 0] -> [1, 3, 2, 2, 0, 2, 0, 1]

problem_03.yaml
AsyncStartBFS: 1.28 ms, [] -> [1] -> [1, 3] -> [1, 3, 3] -> [1, 3, 3, 1] -> [1, 3, 3, 1, 2] -> [1, 3, 3, 1, 2, 0] -> [1, 3, 3, 1, 2, 0, 1] -> [1, 3, 3, 1, 2, 0, 1, 0]
SyncBFS: 1.22 ms, [] -> [0] -> [0, 0] -> [0, 0, 0] -> [0, 0, 0, 1] -> [0, 0, 0, 1, 0] -> [0, 0, 0, 1, 0, 0] -> [0, 0, 0, 1, 0, 0, 1] -> [0, 0, 0, 1, 0, 0, 1, 0]
TasksBFS: 0.45 ms, [] -> [0] -> [0, 1] -> [0, 1, 1] -> [0, 1, 1, 3] -> [0, 1, 1, 3, 0] -> [0, 1, 1, 3, 0, 0] -> [0, 1, 1, 3, 0, 0, 1] -> [0, 1, 1, 3, 0, 0, 1, 1]
MultithreadBFS: 0.33 ms, [] -> [1] -> [1, 3] -> [1, 3, 3] -> [1, 3, 3, 1] -> [1, 3, 3, 1, 2] -> [1, 3, 3, 1, 2, 0] -> [1, 3, 3, 1, 2, 0, 1] -> [1, 3, 3, 1, 2, 0, 1, 0]

problem_07.yaml
TasksBFS: 0.55 ms, [] -> [0] -> [0, 2] -> [0, 2, 3] -> [0, 2, 3, 3] -> [0, 2, 3, 3, 1] -> [0, 2, 3, 3, 1, 3] -> [0, 2, 3, 3, 1, 3, 0] -> [0, 2, 3, 3, 1, 3, 0, 0]
AsyncStartBFS: 1.23 ms, [] -> [0] -> [0, 2] -> [0, 2, 0] -> [0, 2, 0, 3] -> [0, 2, 0, 3, 0] -> [0, 2, 0, 3, 0, 3] -> [0, 2, 0, 3, 0, 3, 1] -> [0, 2, 0, 3, 0, 3, 1, 1]
SyncBFS: 1.33 ms, [] -> [0] -> [0, 1] -> [0, 1, 0] -> [0, 1, 0, 2] -> [0, 1, 0, 2, 1] -> [0, 1, 0, 2, 1, 2] -> [0, 1, 0, 2, 1, 2, 1] -> [0, 1, 0, 2, 1, 2, 1, 1]
MultithreadBFS: 0.46 ms, [] -> [0] -> [0, 2] -> [0, 2, 0] -> [0, 2, 0, 3] -> [0, 2, 0, 3, 0] -> [0, 2, 0, 3, 0, 3] -> [0, 2, 0, 3, 0, 3, 1] -> [0, 2, 0, 3, 0, 3, 1, 1]

problem_42.yaml
AsyncStartBFS: 1.19 ms, [] -> [0] -> [0, 0] -> [0, 0, 3] -> [0, 0, 3, 1] -> [0, 0, 3, 1, 2] -> [0, 0, 3, 1, 2, 1] -> [0, 0, 3, 1, 2, 1, 1] -> [0, 0, 3, 1, 2, 1, 1, 3]
MultithreadBFS: 0.45 ms, [] -> [0] -> [0, 0] -> [0, 0, 3] -> [0, 0, 3, 1] -> [0, 0, 3, 1, 2] -> [0, 0, 3, 1, 2, 1] -> [0, 0, 3, 1, 2, 1, 1] -> [0, 0, 3, 1, 2, 1, 1, 3]
SyncBFS: 1.77 ms, [] -> [0] -> [0, 0] -> [0, 0, 0] -> [0, 0, 0, 0] -> [0, 0, 0, 0, 1] -> [0, 0, 0, 0, 1, 2] -> [0, 0, 0, 0, 1, 2, 1] -> [0, 0, 0, 0, 1, 2, 1, 2]
TasksBFS: 0.56 ms, [] -> [0] -> [0, 0] -> [0, 0, 0] -> [0, 0, 0, 2] -> [0, 0, 0, 2, 3] -> [0, 0, 0, 2, 3, 3] -> [0, 0, 0, 2, 3, 3, 1] -> [0, 0, 0, 2, 3, 3, 1, 2]

problem_02.yaml
TasksBFS: 0.43 ms, [] -> [0] -> [0, 0] -> [0, 0, 0] -> [0, 0, 0, 3] -> [0, 0, 0, 3, 2] -> [0, 0, 0, 3, 2, 2] -> [0, 0, 0, 3, 2, 2, 0] -> [0, 0, 0, 3, 2, 2, 0, 0]
SyncBFS: 1.23 ms, [] -> [0] -> [0, 0] -> [0, 0, 0] -> [0, 0, 0, 0] -> [0, 0, 0, 0, 2] -> [0, 0, 0, 0, 2, 2] -> [0, 0, 0, 0, 2, 2, 3] -> [0, 0, 0, 0, 2, 2, 3, 3]
AsyncStartBFS: 1.33 ms, [] -> [0] -> [0, 2] -> [0, 2, 2] -> [0, 2, 2, 0] -> [0, 2, 2, 0, 1] -> [0, 2, 2, 0, 1, 1] -> [0, 2, 2, 0, 1, 1, 2] -> [0, 2, 2, 0, 1, 1, 2, 3]
MultithreadBFS: 0.35 ms, [] -> [0] -> [0, 2] -> [0, 2, 1] -> [0, 2, 1, 3] -> [0, 2, 1, 3, 0] -> [0, 2, 1, 3, 0, 2] -> [0, 2, 1, 3, 0, 2, 0] -> [0, 2, 1, 3, 0, 2, 0, 0]

problem_29.yaml
TasksBFS: 0.44 ms, [] -> [0] -> [0, 0] -> [0, 0, 0] -> [0, 0, 0, 0] -> [0, 0, 0, 0, 1] -> [0, 0, 0, 0, 1, 0] -> [0, 0, 0, 0, 1, 0, 1] -> [0, 0, 0, 0, 1, 0, 1, 3]
MultithreadBFS: 0.35 ms, [] -> [0] -> [0, 0] -> [0, 0, 0] -> [0, 0, 0, 0] -> [0, 0, 0, 0, 1] -> [0, 0, 0, 0, 1, 0] -> [0, 0, 0, 0, 1, 0, 1] -> [0, 0, 0, 0, 1, 0, 1, 3]
AsyncStartBFS: 1.18 ms, [] -> [3] -> [3, 3] -> [3, 3, 2] -> [3, 3, 2, 1] -> [3, 3, 2, 1, 0] -> [3, 3, 2, 1, 0, 0] -> [3, 3, 2, 1, 0, 0, 2] -> [3, 3, 2, 1, 0, 0, 2, 3]
SyncBFS: 1.99 ms, [] -> [0] -> [0, 0] -> [0, 0, 0] -> [0, 0, 0, 0] -> [0, 0, 0, 0, 1] -> [0, 0, 0, 0, 1, 0] -> [0, 0, 0, 0, 1, 0, 1] -> [0, 0, 0, 0, 1, 0, 1, 3]

problem_00.yaml
SyncBFS: 0.95 ms, [] -> [0] -> [0, 0] -> [0, 0, 0] -> [0, 0, 0, 2] -> [0, 0, 0, 2, 0] -> [0, 0, 0, 2, 0, 3] -> [0, 0, 0, 2, 0, 3, 2] -> [0, 0, 0, 2, 0, 3, 2, 2]
MultithreadBFS: 1.09 ms, [] -> [2] -> [2, 2] -> [2, 2, 2] -> [2, 2, 2, 3] -> [2, 2, 2, 3, 1] -> [2, 2, 2, 3, 1, 1] -> [2, 2, 2, 3, 1, 1, 0] -> [2, 2, 2, 3, 1, 1, 0, 3]
AsyncStartBFS: 1.22 ms, [] -> [2] -> [2, 2] -> [2, 2, 0] -> [2, 2, 0, 2] -> [2, 2, 0, 2, 2] -> [2, 2, 0, 2, 2, 2] -> [2, 2, 0, 2, 2, 2, 2] -> [2, 2, 0, 2, 2, 2, 2, 2]
TasksBFS: 0.36 ms, [] -> [0] -> [0, 0] -> [0, 0, 0] -> [0, 0, 0, 2] -> [0, 0, 0, 2, 0] -> [0, 0, 0, 2, 0, 3] -> [0, 0, 0, 2, 0, 3, 2] -> [0, 0, 0, 2, 0, 3, 2, 2]

problem_13.yaml
MultithreadBFS: 0.51 ms, [] -> [2] -> [2, 1] -> [2, 1, 0] -> [2, 1, 0, 3] -> [2, 1, 0, 3, 0] -> [2, 1, 0, 3, 0, 3] -> [2, 1, 0, 3, 0, 3, 2] -> [2, 1, 0, 3, 0, 3, 2, 0]
AsyncStartBFS: 1.23 ms, [] -> [2] -> [2, 1] -> [2, 1, 0] -> [2, 1, 0, 3] -> [2, 1, 0, 3, 0] -> [2, 1, 0, 3, 0, 3] -> [2, 1, 0, 3, 0, 3, 2] -> [2, 1, 0, 3, 0, 3, 2, 0]
TasksBFS: 0.44 ms, [] -> [1] -> [1, 1] -> [1, 1, 0] -> [1, 1, 0, 1] -> [1, 1, 0, 1, 3] -> [1, 1, 0, 1, 3, 0] -> [1, 1, 0, 1, 3, 0, 0] -> [1, 1, 0, 1, 3, 0, 0, 2]
SyncBFS: 1.34 ms, [] -> [0] -> [0, 2] -> [0, 2, 0] -> [0, 2, 0, 3] -> [0, 2, 0, 3, 1] -> [0, 2, 0, 3, 1, 1] -> [0, 2, 0, 3, 1, 1, 3] -> [0, 2, 0, 3, 1, 1, 3, 2]

problem_16.yaml
SyncBFS: 1.74 ms, [] -> [0] -> [0, 0] -> [0, 0, 0] -> [0, 0, 0, 2] -> [0, 0, 0, 2, 0] -> [0, 0, 0, 2, 0, 1] -> [0, 0, 0, 2, 0, 1, 0] -> [0, 0, 0, 2, 0, 1, 0, 3]
MultithreadBFS: 0.59 ms, [] -> [0] -> [0, 2] -> [0, 2, 1] -> [0, 2, 1, 0] -> [0, 2, 1, 0, 1] -> [0, 2, 1, 0, 1, 0] -> [0, 2, 1, 0, 1, 0, 0] -> [0, 2, 1, 0, 1, 0, 0, 3]
TasksBFS: 0.38 ms, [] -> [0] -> [0, 0] -> [0, 0, 0] -> [0, 0, 0, 2] -> [0, 0, 0, 2, 2] -> [0, 0, 0, 2, 2, 2] -> [0, 0, 0, 2, 2, 2, 2] -> [0, 0, 0, 2, 2, 2, 2, 3]
AsyncStartBFS: 1.17 ms, [] -> [0] -> [0, 2] -> [0, 2, 1] -> [0, 2, 1, 0] -> [0, 2, 1, 0, 1] -> [0, 2, 1, 0, 1, 0] -> [0, 2, 1, 0, 1, 0, 0] -> [0, 2, 1, 0, 1, 0, 0, 3]

problem_20.yaml
SyncBFS: 0.98 ms, [] -> [1] -> [1, 0] -> [1, 0, 0] -> [1, 0, 0, 0] -> [1, 0, 0, 0, 2] -> [1, 0, 0, 0, 2, 3] -> [1, 0, 0, 0, 2, 3, 1] -> [1, 0, 0, 0, 2, 3, 1, 0]
MultithreadBFS: 0.55 ms, [] -> [1] -> [1, 3] -> [1, 3, 3] -> [1, 3, 3, 0] -> [1, 3, 3, 0, 0] -> [1, 3, 3, 0, 0, 1] -> [1, 3, 3, 0, 0, 1, 0] -> [1, 3, 3, 0, 0, 1, 0, 0]
AsyncStartBFS: 1.2 ms, [] -> [1] -> [1, 3] -> [1, 3, 3] -> [1, 3, 3, 0] -> [1, 3, 3, 0, 0] -> [1, 3, 3, 0, 0, 1] -> [1, 3, 3, 0, 0, 1, 0] -> [1, 3, 3, 0, 0, 1, 0, 0]
TasksBFS: 0.53 ms, [] -> [1] -> [1, 2] -> [1, 2, 1] -> [1, 2, 1, 1] -> [1, 2, 1, 1, 2] -> [1, 2, 1, 1, 2, 3] -> [1, 2, 1, 1, 2, 3, 1] -> [1, 2, 1, 1, 2, 3, 1, 1]

problem_18.yaml
TasksBFS: 0.44 ms, [] -> [0] -> [0, 0] -> [0, 0, 1] -> [0, 0, 1, 0] -> [0, 0, 1, 0, 1] -> [0, 0, 1, 0, 1, 3] -> [0, 0, 1, 0, 1, 3, 3] -> [0, 0, 1, 0, 1, 3, 3, 1]
AsyncStartBFS: 1.25 ms, [] -> [0] -> [0, 1] -> [0, 1, 2] -> [0, 1, 2, 2] -> [0, 1, 2, 2, 2] -> [0, 1, 2, 2, 2, 2] -> [0, 1, 2, 2, 2, 2, 1] -> [0, 1, 2, 2, 2, 2, 1, 3]
SyncBFS: 1.45 ms, [] -> [0] -> [0, 0] -> [0, 0, 0] -> [0, 0, 0, 0] -> [0, 0, 0, 0, 0] -> [0, 0, 0, 0, 0, 3] -> [0, 0, 0, 0, 0, 3, 2] -> [0, 0, 0, 0, 0, 3, 2, 0]
MultithreadBFS: 0.49 ms, [] -> [0] -> [0, 2] -> [0, 2, 2] -> [0, 2, 2, 1] -> [0, 2, 2, 1, 2] -> [0, 2, 2, 1, 2, 2] -> [0, 2, 2, 1, 2, 2, 3] -> [0, 2, 2, 1, 2, 2, 3, 0]

problem_05.yaml
TasksBFS: 0.4 ms, [] -> [0] -> [0, 1] -> [0, 1, 1] -> [0, 1, 1, 0] -> [0, 1, 1, 0, 3] -> [0, 1, 1, 0, 3, 0] -> [0, 1, 1, 0, 3, 0, 1] -> [0, 1, 1, 0, 3, 0, 1, 3]
AsyncStartBFS: 1.18 ms, [] -> [0] -> [0, 1] -> [0, 1, 1] -> [0, 1, 1, 3] -> [0, 1, 1, 3, 3] -> [0, 1, 1, 3, 3, 3] -> [0, 1, 1, 3, 3, 3, 0] -> [0, 1, 1, 3, 3, 3, 0, 2]
SyncBFS: 0.6 ms, [] -> [0] -> [0, 1] -> [0, 1, 1] -> [0, 1, 1, 0] -> [0, 1, 1, 0, 3] -> [0, 1, 1, 0, 3, 0] -> [0, 1, 1, 0, 3, 0, 1] -> [0, 1, 1, 0, 3, 0, 1, 3]
MultithreadBFS: 0.58 ms, [] -> [0] -> [0, 1] -> [0, 1, 1] -> [0, 1, 1, 3] -> [0, 1, 1, 3, 3] -> [0, 1, 1, 3, 3, 3] -> [0, 1, 1, 3, 3, 3, 0] -> [0, 1, 1, 3, 3, 3, 0, 2]

problem_15.yaml
AsyncStartBFS: 1.15 ms, [] -> [0] -> [0, 1] -> [0, 1, 2] -> [0, 1, 2, 2] -> [0, 1, 2, 2, 0] -> [0, 1, 2, 2, 0, 0] -> [0, 1, 2, 2, 0, 0, 0] -> [0, 1, 2, 2, 0, 0, 0, 1]
SyncBFS: 1.54 ms, [] -> [0] -> [0, 0] -> [0, 0, 1] -> [0, 0, 1, 1] -> [0, 0, 1, 1, 3] -> [0, 0, 1, 1, 3, 3] -> [0, 0, 1, 1, 3, 3, 3] -> [0, 0, 1, 1, 3, 3, 3, 3]
TasksBFS: 0.54 ms, [] -> [0] -> [0, 1] -> [0, 1, 2] -> [0, 1, 2, 2] -> [0, 1, 2, 2, 0] -> [0, 1, 2, 2, 0, 0] -> [0, 1, 2, 2, 0, 0, 0] -> [0, 1, 2, 2, 0, 0, 0, 1]
MultithreadBFS: 0.32 ms, [] -> [0] -> [0, 1] -> [0, 1, 2] -> [0, 1, 2, 2] -> [0, 1, 2, 2, 0] -> [0, 1, 2, 2, 0, 0] -> [0, 1, 2, 2, 0, 0, 0] -> [0, 1, 2, 2, 0, 0, 0, 1]

problem_17.yaml
TasksBFS: 0.39 ms, [] -> [0] -> [0, 0] -> [0, 0, 0] -> [0, 0, 0, 1] -> [0, 0, 0, 1, 0] -> [0, 0, 0, 1, 0, 0] -> [0, 0, 0, 1, 0, 0, 0] -> [0, 0, 0, 1, 0, 0, 0, 1]
AsyncStartBFS: 1.2 ms, [] -> [3] -> [3, 1] -> [3, 1, 2] -> [3, 1, 2, 2] -> [3, 1, 2, 2, 1] -> [3, 1, 2, 2, 1, 0] -> [3, 1, 2, 2, 1, 0, 3] -> [3, 1, 2, 2, 1, 0, 3, 3]
MultithreadBFS: 0.38 ms, [] -> [3] -> [3, 1] -> [3, 1, 2] -> [3, 1, 2, 1] -> [3, 1, 2, 1, 1] -> [3, 1, 2, 1, 1, 1] -> [3, 1, 2, 1, 1, 1, 2] -> [3, 1, 2, 1, 1, 1, 2, 0]
SyncBFS: 1.26 ms, [] -> [0] -> [0, 0] -> [0, 0, 0] -> [0, 0, 0, 0] -> [0, 0, 0, 0, 3] -> [0, 0, 0, 0, 3, 0] -> [0, 0, 0, 0, 3, 0, 2] -> [0, 0, 0, 0, 3, 0, 2, 2]

problem_37.yaml
SyncBFS: 1.19 ms, [] -> [1] -> [1, 0] -> [1, 0, 0] -> [1, 0, 0, 3] -> [1, 0, 0, 3, 0] -> [1, 0, 0, 3, 0, 2] -> [1, 0, 0, 3, 0, 2, 3] -> [1, 0, 0, 3, 0, 2, 3, 3]
AsyncStartBFS: 1.41 ms, [] -> [2] -> [2, 1] -> [2, 1, 1] -> [2, 1, 1, 0] -> [2, 1, 1, 0, 0] -> [2, 1, 1, 0, 0, 0] -> [2, 1, 1, 0, 0, 0, 3] -> [2, 1, 1, 0, 0, 0, 3, 0]
TasksBFS: 0.39 ms, [] -> [1] -> [1, 0] -> [1, 0, 0] -> [1, 0, 0, 3] -> [1, 0, 0, 3, 2] -> [1, 0, 0, 3, 2, 0] -> [1, 0, 0, 3, 2, 0, 1] -> [1, 0, 0, 3, 2, 0, 1, 1]
MultithreadBFS: 0.34 ms, [] -> [2] -> [2, 1] -> [2, 1, 1] -> [2, 1, 1, 0] -> [2, 1, 1, 0, 0] -> [2, 1, 1, 0, 0, 0] -> [2, 1, 1, 0, 0, 0, 3] -> [2, 1, 1, 0, 0, 0, 3, 0]

problem_22.yaml
TasksBFS: 0.42 ms, [] -> [1] -> [1, 1] -> [1, 1, 2] -> [1, 1, 2, 3] -> [1, 1, 2, 3, 0] -> [1, 1, 2, 3, 0, 1] -> [1, 1, 2, 3, 0, 1, 0] -> [1, 1, 2, 3, 0, 1, 0, 1]
SyncBFS: 1.98 ms, [] -> [0] -> [0, 1] -> [0, 1, 0] -> [0, 1, 0, 1] -> [0, 1, 0, 1, 2] -> [0, 1, 0, 1, 2, 0] -> [0, 1, 0, 1, 2, 0, 3] -> [0, 1, 0, 1, 2, 0, 3, 0]
AsyncStartBFS: 1.38 ms, [] -> [0] -> [0, 1] -> [0, 1, 1] -> [0, 1, 1, 2] -> [0, 1, 1, 2, 0] -> [0, 1, 1, 2, 0, 1] -> [0, 1, 1, 2, 0, 1, 2] -> [0, 1, 1, 2, 0, 1, 2, 2]
MultithreadBFS: 0.38 ms, [] -> [0] -> [0, 1] -> [0, 1, 1] -> [0, 1, 1, 2] -> [0, 1, 1, 2, 0] -> [0, 1, 1, 2, 0, 1] -> [0, 1, 1, 2, 0, 1, 2] -> [0, 1, 1, 2, 0, 1, 2, 2]

problem_23.yaml
TasksBFS: 0.58 ms, [] -> [2] -> [2, 1] -> [2, 1, 2] -> [2, 1, 2, 3] -> [2, 1, 2, 3, 0] -> [2, 1, 2, 3, 0, 2] -> [2, 1, 2, 3, 0, 2, 3] -> [2, 1, 2, 3, 0, 2, 3, 0]
MultithreadBFS: 0.43 ms, [] -> [2] -> [2, 3] -> [2, 3, 3] -> [2, 3, 3, 2] -> [2, 3, 3, 2, 0] -> [2, 3, 3, 2, 0, 1] -> [2, 3, 3, 2, 0, 1, 3] -> [2, 3, 3, 2, 0, 1, 3, 2]
AsyncStartBFS: 1.25 ms, [] -> [2] -> [2, 3] -> [2, 3, 0] -> [2, 3, 0, 2] -> [2, 3, 0, 2, 0] -> [2, 3, 0, 2, 0, 2] -> [2, 3, 0, 2, 0, 2, 0] -> [2, 3, 0, 2, 0, 2, 0, 0]
SyncBFS: 1.11 ms, [] -> [0] -> [0, 1] -> [0, 1, 1] -> [0, 1, 1, 0] -> [0, 1, 1, 0, 0] -> [0, 1, 1, 0, 0, 0] -> [0, 1, 1, 0, 0, 0, 1] -> [0, 1, 1, 0, 0, 0, 1, 1]

problem_25.yaml
AsyncStartBFS: 1.16 ms, [] -> [3] -> [3, 1] -> [3, 1, 2] -> [3, 1, 2, 0] -> [3, 1, 2, 0, 0] -> [3, 1, 2, 0, 0, 3] -> [3, 1, 2, 0, 0, 3, 2] -> [3, 1, 2, 0, 0, 3, 2, 2]
MultithreadBFS: 0.33 ms, [] -> [3] -> [3, 1] -> [3, 1, 0] -> [3, 1, 0, 3] -> [3, 1, 0, 3, 1] -> [3, 1, 0, 3, 1, 3] -> [3, 1, 0, 3, 1, 3, 1] -> [3, 1, 0, 3, 1, 3, 1, 0]
SyncBFS: 0.21 ms, [] -> [3] -> [3, 1] -> [3, 1, 0] -> [3, 1, 0, 0] -> [3, 1, 0, 0, 1] -> [3, 1, 0, 0, 1, 1] -> [3, 1, 0, 0, 1, 1, 1] -> [3, 1, 0, 0, 1, 1, 1, 3]
TasksBFS: 0.36 ms, [] -> [3] -> [3, 1] -> [3, 1, 0] -> [3, 1, 0, 3] -> [3, 1, 0, 3, 1] -> [3, 1, 0, 3, 1, 3] -> [3, 1, 0, 3, 1, 3, 1] -> [3, 1, 0, 3, 1, 3, 1, 0]

problem_27.yaml
TasksBFS: 0.39 ms, [] -> [1] -> [1, 0] -> [1, 0, 1] -> [1, 0, 1, 1] -> [1, 0, 1, 1, 2] -> [1, 0, 1, 1, 2, 1] -> [1, 0, 1, 1, 2, 1, 3] -> [1, 0, 1, 1, 2, 1, 3, 3]
SyncBFS: 0.59 ms, [] -> [1] -> [1, 0] -> [1, 0, 0] -> [1, 0, 0, 0] -> [1, 0, 0, 0, 0] -> [1, 0, 0, 0, 0, 0] -> [1, 0, 0, 0, 0, 0, 1] -> [1, 0, 0, 0, 0, 0, 1, 2]
MultithreadBFS: 0.46 ms, [] -> [1] -> [1, 0] -> [1, 0, 2] -> [1, 0, 2, 2] -> [1, 0, 2, 2, 1] -> [1, 0, 2, 2, 1, 2] -> [1, 0, 2, 2, 1, 2, 0] -> [1, 0, 2, 2, 1, 2, 0, 2]
AsyncStartBFS: 1.23 ms, [] -> [1] -> [1, 0] -> [1, 0, 1] -> [1, 0, 1, 1] -> [1, 0, 1, 1, 2] -> [1, 0, 1, 1, 2, 1] -> [1, 0, 1, 1, 2, 1, 3] -> [1, 0, 1, 1, 2, 1, 3, 3]

problem_26.yaml
TasksBFS: 0.67 ms, [] -> [0] -> [0, 1] -> [0, 1, 1] -> [0, 1, 1, 2] -> [0, 1, 1, 2, 0] -> [0, 1, 1, 2, 0, 1] -> [0, 1, 1, 2, 0, 1, 0] -> [0, 1, 1, 2, 0, 1, 0, 3]
MultithreadBFS: 0.38 ms, [] -> [0] -> [0, 0] -> [0, 0, 0] -> [0, 0, 0, 3] -> [0, 0, 0, 3, 0] -> [0, 0, 0, 3, 0, 0] -> [0, 0, 0, 3, 0, 0, 0] -> [0, 0, 0, 3, 0, 0, 0, 0]
SyncBFS: 1.8 ms, [] -> [0] -> [0, 0] -> [0, 0, 0] -> [0, 0, 0, 3] -> [0, 0, 0, 3, 0] -> [0, 0, 0, 3, 0, 0] -> [0, 0, 0, 3, 0, 0, 0] -> [0, 0, 0, 3, 0, 0, 0, 0]
AsyncStartBFS: 1.31 ms, [] -> [2] -> [2, 3] -> [2, 3, 0] -> [2, 3, 0, 2] -> [2, 3, 0, 2, 0] -> [2, 3, 0, 2, 0, 3] -> [2, 3, 0, 2, 0, 3, 3] -> [2, 3, 0, 2, 0, 3, 3, 2]

problem_14.yaml
MultithreadBFS: 0.38 ms, [] -> [2] -> [2, 0] -> [2, 0, 2] -> [2, 0, 2, 3] -> [2, 0, 2, 3, 0] -> [2, 0, 2, 3, 0, 2] -> [2, 0, 2, 3, 0, 2, 0] -> [2, 0, 2, 3, 0, 2, 0, 1]
TasksBFS: 0.41 ms, [] -> [0] -> [0, 0] -> [0, 0, 1] -> [0, 0, 1, 0] -> [0, 0, 1, 0, 3] -> [0, 0, 1, 0, 3, 3] -> [0, 0, 1, 0, 3, 3, 0] -> [0, 0, 1, 0, 3, 3, 0, 2]
SyncBFS: 1.08 ms, [] -> [0] -> [0, 0] -> [0, 0, 1] -> [0, 0, 1, 0] -> [0, 0, 1, 0, 3] -> [0, 0, 1, 0, 3, 3] -> [0, 0, 1, 0, 3, 3, 0] -> [0, 0, 1, 0, 3, 3, 0, 2]
AsyncStartBFS: 1.3 ms, [] -> [2] -> [2, 0] -> [2, 0, 2] -> [2, 0, 2, 3] -> [2, 0, 2, 3, 0] -> [2, 0, 2, 3, 0, 2] -> [2, 0, 2, 3, 0, 2, 0] -> [2, 0, 2, 3, 0, 2, 0, 1]

problem_28.yaml
AsyncStartBFS: 1.34 ms, [] -> [2] -> [2, 0] -> [2, 0, 1] -> [2, 0, 1, 3] -> [2, 0, 1, 3, 1] -> [2, 0, 1, 3, 1, 0] -> [2, 0, 1, 3, 1, 0, 3] -> [2, 0, 1, 3, 1, 0, 3, 1]
TasksBFS: 0.39 ms, [] -> [0] -> [0, 1] -> [0, 1, 3] -> [0, 1, 3, 3] -> [0, 1, 3, 3, 3] -> [0, 1, 3, 3, 3, 2] -> [0, 1, 3, 3, 3, 2, 1] -> [0, 1, 3, 3, 3, 2, 1, 2]
MultithreadBFS: 0.33 ms, [] -> [2] -> [2, 0] -> [2, 0, 2] -> [2, 0, 2, 1] -> [2, 0, 2, 1, 1] -> [2, 0, 2, 1, 1, 0] -> [2, 0, 2, 1, 1, 0, 0] -> [2, 0, 2, 1, 1, 0, 0, 2]
SyncBFS: 1.31 ms, [] -> [0] -> [0, 1] -> [0, 1, 3] -> [0, 1, 3, 0] -> [0, 1, 3, 0, 2] -> [0, 1, 3, 0, 2, 0] -> [0, 1, 3, 0, 2, 0, 2] -> [0, 1, 3, 0, 2, 0, 2, 1]


[INFO] Results summary:
TasksBFS
	Average: 0.4592 ms
	Median: 0.43 ms
	Standard Deviation: 0.0981191 ms
AsyncStartBFS
	Average: 1.301 ms
	Median: 1.225 ms
	Standard Deviation: 0.363567 ms
MultithreadBFS
	Average: 1.4448 ms
	Median: 0.395 ms
	Standard Deviation: 7.00352 ms
SyncBFS
	Average: 1.3352 ms
	Median: 1.275 ms
	Standard Deviation: 0.824745 ms
