problem_49.yaml
SyncBFS: 436.54 ms, [] -> [0] -> [0, 0] -> [0, 0, 5] -> [0, 0, 5, 0] -> [0, 0, 5, 0, 6] -> [0, 0, 5, 0, 6, 1] -> [0, 0, 5, 0, 6, 1, 5] -> [0, 0, 5, 0, 6, 1, 5, 0]
AsyncStartBFS: 9.01 ms, [] -> [2] -> [2, 1] -> [2, 1, 0] -> [2, 1, 0, 5] -> [2, 1, 0, 5, 1] -> [2, 1, 0, 5, 1, 4] -> [2, 1, 0, 5, 1, 4, 1] -> [2, 1, 0, 5, 1, 4, 1, 3]
TasksBFS: 66.58 ms, [] -> [0] -> [0, 1] -> [0, 1, 0] -> [0, 1, 0, 0] -> [0, 1, 0, 0, 3] -> [0, 1, 0, 0, 3, 6] -> [0, 1, 0, 0, 3, 6, 1] -> [0, 1, 0, 0, 3, 6, 1, 0]
MultithreadBFS: 72.97 ms, [] -> [2] -> [2, 5] -> [2, 5, 0] -> [2, 5, 0, 0] -> [2, 5, 0, 0, 0] -> [2, 5, 0, 0, 0, 4] -> [2, 5, 0, 0, 0, 4, 2] -> [2, 5, 0, 0, 0, 4, 2, 2]

problem_48.yaml
MultithreadBFS: 50.19 ms, [] -> [4] -> [4, 5] -> [4, 5, 1] -> [4, 5, 1, 4] -> [4, 5, 1, 4, 1] -> [4, 5, 1, 4, 1, 6] -> [4, 5, 1, 4, 1, 6, 1] -> [4, 5, 1, 4, 1, 6, 1, 1]
TasksBFS: 56.86 ms, [] -> [0] -> [0, 0] -> [0, 0, 1] -> [0, 0, 1, 6] -> [0, 0, 1, 6, 4] -> [0, 0, 1, 6, 4, 4] -> [0, 0, 1, 6, 4, 4, 2] -> [0, 0, 1, 6, 4, 4, 2, 0]
AsyncStartBFS: 19.68 ms, [] -> [0] -> [0, 4] -> [0, 4, 1] -> [0, 4, 1, 0] -> [0, 4, 1, 0, 3] -> [0, 4, 1, 0, 3, 0] -> [0, 4, 1, 0, 3, 0, 1] -> [0, 4, 1, 0, 3, 0, 1, 0]
SyncBFS: 308.81 ms, [] -> [0] -> [0, 0] -> [0, 0, 1] -> [0, 0, 1, 6] -> [0, 0, 1, 6, 4] -> [0, 0, 1, 6, 4, 4] -> [0, 0, 1, 6, 4, 4, 2] -> [0, 0, 1, 6, 4, 4, 2, 0]

problem_45.yaml
TasksBFS: 87.77 ms, [] -> [1] -> [1, 2] -> [1, 2, 0] -> [1, 2, 0, 4] -> [1, 2, 0, 4, 2] -> [1, 2, 0, 4, 2, 2] -> [1, 2, 0, 4, 2, 2, 4] -> [1, 2, 0, 4, 2, 2, 4, 0]
AsyncStartBFS: 46.16 ms, [] -> [0] -> [0, 2] -> [0, 2, 6] -> [0, 2, 6, 4] -> [0, 2, 6, 4, 6] -> [0, 2, 6, 4, 6, 4] -> [0, 2, 6, 4, 6, 4, 2] -> [0, 2, 6, 4, 6, 4, 2, 3]
MultithreadBFS: 40.67 ms, [] -> [4] -> [4, 0] -> [4, 0, 0] -> [4, 0, 0, 3] -> [4, 0, 0, 3, 2] -> [4, 0, 0, 3, 2, 6] -> [4, 0, 0, 3, 2, 6, 4] -> [4, 0, 0, 3, 2, 6, 4, 2]
SyncBFS: 405.28 ms, [] -> [0] -> [0, 2] -> [0, 2, 6] -> [0, 2, 6, 4] -> [0, 2, 6, 4, 6] -> [0, 2, 6, 4, 6, 4] -> [0, 2, 6, 4, 6, 4, 2] -> [0, 2, 6, 4, 6, 4, 2, 3]

problem_43.yaml
MultithreadBFS: 36.82 ms, [] -> [5] -> [5, 0] -> [5, 0, 0] -> [5, 0, 0, 0] -> [5, 0, 0, 0, 0] -> [5, 0, 0, 0, 0, 2] -> [5, 0, 0, 0, 0, 2, 6] -> [5, 0, 0, 0, 0, 2, 6, 3]
TasksBFS: 74.58 ms, [] -> [0] -> [0, 2] -> [0, 2, 0] -> [0, 2, 0, 3] -> [0, 2, 0, 3, 1] -> [0, 2, 0, 3, 1, 6] -> [0, 2, 0, 3, 1, 6, 5] -> [0, 2, 0, 3, 1, 6, 5, 1]
SyncBFS: 379.92 ms, [] -> [0] -> [0, 1] -> [0, 1, 0] -> [0, 1, 0, 3] -> [0, 1, 0, 3, 1] -> [0, 1, 0, 3, 1, 6] -> [0, 1, 0, 3, 1, 6, 1] -> [0, 1, 0, 3, 1, 6, 1, 6]
AsyncStartBFS: 23.56 ms, [] -> [0] -> [0, 2] -> [0, 2, 0] -> [0, 2, 0, 3] -> [0, 2, 0, 3, 1] -> [0, 2, 0, 3, 1, 6] -> [0, 2, 0, 3, 1, 6, 5] -> [0, 2, 0, 3, 1, 6, 5, 1]

problem_41.yaml
SyncBFS: 479.79 ms, [] -> [0] -> [0, 4] -> [0, 4, 1] -> [0, 4, 1, 0] -> [0, 4, 1, 0, 6] -> [0, 4, 1, 0, 6, 2] -> [0, 4, 1, 0, 6, 2, 0] -> [0, 4, 1, 0, 6, 2, 0, 5]
TasksBFS: 60.25 ms, [] -> [0] -> [0, 5] -> [0, 5, 2] -> [0, 5, 2, 4] -> [0, 5, 2, 4, 2] -> [0, 5, 2, 4, 2, 6] -> [0, 5, 2, 4, 2, 6, 2] -> [0, 5, 2, 4, 2, 6, 2, 1]
MultithreadBFS: 45.36 ms, [] -> [2] -> [2, 6] -> [2, 6, 1] -> [2, 6, 1, 0] -> [2, 6, 1, 0, 6] -> [2, 6, 1, 0, 6, 1] -> [2, 6, 1, 0, 6, 1, 3] -> [2, 6, 1, 0, 6, 1, 3, 1]
AsyncStartBFS: 19.47 ms, [] -> [0] -> [0, 5] -> [0, 5, 2] -> [0, 5, 2, 4] -> [0, 5, 2, 4, 2] -> [0, 5, 2, 4, 2, 6] -> [0, 5, 2, 4, 2, 6, 2] -> [0, 5, 2, 4, 2, 6, 2, 1]

problem_39.yaml
TasksBFS: 27.05 ms, [] -> [0] -> [0, 0] -> [0, 0, 0] -> [0, 0, 0, 1] -> [0, 0, 0, 1, 4] -> [0, 0, 0, 1, 4, 3] -> [0, 0, 0, 1, 4, 3, 1] -> [0, 0, 0, 1, 4, 3, 1, 3]
SyncBFS: 311.97 ms, [] -> [0] -> [0, 0] -> [0, 0, 0] -> [0, 0, 0, 1] -> [0, 0, 0, 1, 4] -> [0, 0, 0, 1, 4, 3] -> [0, 0, 0, 1, 4, 3, 1] -> [0, 0, 0, 1, 4, 3, 1, 3]
AsyncStartBFS: 7.51 ms, [] -> [0] -> [0, 0] -> [0, 0, 0] -> [0, 0, 0, 1] -> [0, 0, 0, 1, 4] -> [0, 0, 0, 1, 4, 3] -> [0, 0, 0, 1, 4, 3, 1] -> [0, 0, 0, 1, 4, 3, 1, 3]
MultithreadBFS: 40.86 ms, [] -> [6] -> [6, 5] -> [6, 5, 1] -> [6, 5, 1, 0] -> [6, 5, 1, 0, 4] -> [6, 5, 1, 0, 4, 4] -> [6, 5, 1, 0, 4, 4, 2] -> [6, 5, 1, 0, 4, 4, 2, 2]

problem_38.yaml
SyncBFS: 535.05 ms, [] -> [0] -> [0, 0] -> [0, 0, 1] -> [0, 0, 1, 4] -> [0, 0, 1, 4, 0] -> [0, 0, 1, 4, 0, 6] -> [0, 0, 1, 4, 0, 6, 5] -> [0, 0, 1, 4, 0, 6, 5, 5]
AsyncStartBFS: 10.42 ms, [] -> [0] -> [0, 3] -> [0, 3, 4] -> [0, 3, 4, 2] -> [0, 3, 4, 2, 2] -> [0, 3, 4, 2, 2, 4] -> [0, 3, 4, 2, 2, 4, 5] -> [0, 3, 4, 2, 2, 4, 5, 4]
MultithreadBFS: 45.19 ms, [] -> [2] -> [2, 2] -> [2, 2, 1] -> [2, 2, 1, 1] -> [2, 2, 1, 1, 1] -> [2, 2, 1, 1, 1, 6] -> [2, 2, 1, 1, 1, 6, 0] -> [2, 2, 1, 1, 1, 6, 0, 0]
TasksBFS: 84.26 ms, [] -> [0] -> [0, 0] -> [0, 0, 1] -> [0, 0, 1, 4] -> [0, 0, 1, 4, 0] -> [0, 0, 1, 4, 0, 6] -> [0, 0, 1, 4, 0, 6, 5] -> [0, 0, 1, 4, 0, 6, 5, 5]

problem_36.yaml
TasksBFS: 95.22 ms, [] -> [0] -> [0, 2] -> [0, 2, 0] -> [0, 2, 0, 3] -> [0, 2, 0, 3, 0] -> [0, 2, 0, 3, 0, 0] -> [0, 2, 0, 3, 0, 0, 1] -> [0, 2, 0, 3, 0, 0, 1, 3]
SyncBFS: 480.51 ms, [] -> [0] -> [0, 1] -> [0, 1, 6] -> [0, 1, 6, 6] -> [0, 1, 6, 6, 1] -> [0, 1, 6, 6, 1, 0] -> [0, 1, 6, 6, 1, 0, 5] -> [0, 1, 6, 6, 1, 0, 5, 5]
MultithreadBFS: 68.87 ms, [] -> [3] -> [3, 1] -> [3, 1, 3] -> [3, 1, 3, 3] -> [3, 1, 3, 3, 1] -> [3, 1, 3, 3, 1, 6] -> [3, 1, 3, 3, 1, 6, 5] -> [3, 1, 3, 3, 1, 6, 5, 3]
AsyncStartBFS: 31.47 ms, [] -> [0] -> [0, 5] -> [0, 5, 0] -> [0, 5, 0, 3] -> [0, 5, 0, 3, 4] -> [0, 5, 0, 3, 4, 0] -> [0, 5, 0, 3, 4, 0, 4] -> [0, 5, 0, 3, 4, 0, 4, 5]

problem_44.yaml
SyncBFS: 422.22 ms, [] -> [0] -> [0, 0] -> [0, 0, 3] -> [0, 0, 3, 4] -> [0, 0, 3, 4, 6] -> [0, 0, 3, 4, 6, 5] -> [0, 0, 3, 4, 6, 5, 1] -> [0, 0, 3, 4, 6, 5, 1, 4]
AsyncStartBFS: 22.21 ms, [] -> [0] -> [0, 4] -> [0, 4, 4] -> [0, 4, 4, 0] -> [0, 4, 4, 0, 4] -> [0, 4, 4, 0, 4, 5] -> [0, 4, 4, 0, 4, 5, 5] -> [0, 4, 4, 0, 4, 5, 5, 0]
MultithreadBFS: 48.12 ms, [] -> [5] -> [5, 1] -> [5, 1, 0] -> [5, 1, 0, 2] -> [5, 1, 0, 2, 1] -> [5, 1, 0, 2, 1, 4] -> [5, 1, 0, 2, 1, 4, 1] -> [5, 1, 0, 2, 1, 4, 1, 0]
TasksBFS: 84.74 ms, [] -> [0] -> [0, 0] -> [0, 0, 3] -> [0, 0, 3, 4] -> [0, 0, 3, 4, 6] -> [0, 0, 3, 4, 6, 5] -> [0, 0, 3, 4, 6, 5, 1] -> [0, 0, 3, 4, 6, 5, 1, 4]

problem_35.yaml
MultithreadBFS: 41.93 ms, [] -> [5] -> [5, 3] -> [5, 3, 0] -> [5, 3, 0, 1] -> [5, 3, 0, 1, 4] -> [5, 3, 0, 1, 4, 0] -> [5, 3, 0, 1, 4, 0, 4] -> [5, 3, 0, 1, 4, 0, 4, 1]
SyncBFS: 350.93 ms, [] -> [0] -> [0, 0] -> [0, 0, 3] -> [0, 0, 3, 5] -> [0, 0, 3, 5, 6] -> [0, 0, 3, 5, 6, 2] -> [0, 0, 3, 5, 6, 2, 5] -> [0, 0, 3, 5, 6, 2, 5, 1]
TasksBFS: 71.23 ms, [] -> [0] -> [0, 4] -> [0, 4, 2] -> [0, 4, 2, 3] -> [0, 4, 2, 3, 3] -> [0, 4, 2, 3, 3, 5] -> [0, 4, 2, 3, 3, 5, 3] -> [0, 4, 2, 3, 3, 5, 3, 5]
AsyncStartBFS: 23.19 ms, [] -> [0] -> [0, 4] -> [0, 4, 3] -> [0, 4, 3, 0] -> [0, 4, 3, 0, 1] -> [0, 4, 3, 0, 1, 4] -> [0, 4, 3, 0, 1, 4, 4] -> [0, 4, 3, 0, 1, 4, 4, 2]

problem_46.yaml
SyncBFS: 345.23 ms, [] -> [0] -> [0, 1] -> [0, 1, 3] -> [0, 1, 3, 2] -> [0, 1, 3, 2, 5] -> [0, 1, 3, 2, 5, 4] -> [0, 1, 3, 2, 5, 4, 2] -> [0, 1, 3, 2, 5, 4, 2, 2]
TasksBFS: 76.08 ms, [] -> [0] -> [0, 5] -> [0, 5, 2] -> [0, 5, 2, 3] -> [0, 5, 2, 3, 6] -> [0, 5, 2, 3, 6, 2] -> [0, 5, 2, 3, 6, 2, 1] -> [0, 5, 2, 3, 6, 2, 1, 2]
AsyncStartBFS: 30.97 ms, [] -> [0] -> [0, 5] -> [0, 5, 2] -> [0, 5, 2, 3] -> [0, 5, 2, 3, 6] -> [0, 5, 2, 3, 6, 2] -> [0, 5, 2, 3, 6, 2, 1] -> [0, 5, 2, 3, 6, 2, 1, 2]
MultithreadBFS: 50.44 ms, [] -> [3] -> [3, 6] -> [3, 6, 1] -> [3, 6, 1, 0] -> [3, 6, 1, 0, 5] -> [3, 6, 1, 0, 5, 1] -> [3, 6, 1, 0, 5, 1, 1] -> [3, 6, 1, 0, 5, 1, 1, 6]

problem_34.yaml
SyncBFS: 334.47 ms, [] -> [0] -> [0, 2] -> [0, 2, 1] -> [0, 2, 1, 6] -> [0, 2, 1, 6, 0] -> [0, 2, 1, 6, 0, 0] -> [0, 2, 1, 6, 0, 0, 3] -> [0, 2, 1, 6, 0, 0, 3, 1]
TasksBFS: 43.24 ms, [] -> [0] -> [0, 3] -> [0, 3, 2] -> [0, 3, 2, 5] -> [0, 3, 2, 5, 1] -> [0, 3, 2, 5, 1, 6] -> [0, 3, 2, 5, 1, 6, 4] -> [0, 3, 2, 5, 1, 6, 4, 2]
MultithreadBFS: 51.23 ms, [] -> [2] -> [2, 4] -> [2, 4, 2] -> [2, 4, 2, 2] -> [2, 4, 2, 2, 4] -> [2, 4, 2, 2, 4, 2] -> [2, 4, 2, 2, 4, 2, 4] -> [2, 4, 2, 2, 4, 2, 4, 2]
AsyncStartBFS: 20.71 ms, [] -> [1] -> [1, 2] -> [1, 2, 6] -> [1, 2, 6, 0] -> [1, 2, 6, 0, 2] -> [1, 2, 6, 0, 2, 4] -> [1, 2, 6, 0, 2, 4, 5] -> [1, 2, 6, 0, 2, 4, 5, 2]

problem_32.yaml
AsyncStartBFS: 15.41 ms, [] -> [0] -> [0, 1] -> [0, 1, 0] -> [0, 1, 0, 5] -> [0, 1, 0, 5, 0] -> [0, 1, 0, 5, 0, 2] -> [0, 1, 0, 5, 0, 2, 3] -> [0, 1, 0, 5, 0, 2, 3, 4]
SyncBFS: 338.78 ms, [] -> [0] -> [0, 0] -> [0, 0, 4] -> [0, 0, 4, 1] -> [0, 0, 4, 1, 2] -> [0, 0, 4, 1, 2, 5] -> [0, 0, 4, 1, 2, 5, 1] -> [0, 0, 4, 1, 2, 5, 1, 4]
TasksBFS: 55.82 ms, [] -> [0] -> [0, 1] -> [0, 1, 3] -> [0, 1, 3, 2] -> [0, 1, 3, 2, 4] -> [0, 1, 3, 2, 4, 2] -> [0, 1, 3, 2, 4, 2, 4] -> [0, 1, 3, 2, 4, 2, 4, 0]
MultithreadBFS: 44.66 ms, [] -> [0] -> [0, 5] -> [0, 5, 2] -> [0, 5, 2, 6] -> [0, 5, 2, 6, 4] -> [0, 5, 2, 6, 4, 6] -> [0, 5, 2, 6, 4, 6, 4] -> [0, 5, 2, 6, 4, 6, 4, 5]

problem_31.yaml
TasksBFS: 63.58 ms, [] -> [1] -> [1, 4] -> [1, 4, 5] -> [1, 4, 5, 3] -> [1, 4, 5, 3, 4] -> [1, 4, 5, 3, 4, 5] -> [1, 4, 5, 3, 4, 5, 2] -> [1, 4, 5, 3, 4, 5, 2, 3]
AsyncStartBFS: 16.16 ms, [] -> [3] -> [3, 0] -> [3, 0, 0] -> [3, 0, 0, 1] -> [3, 0, 0, 1, 4] -> [3, 0, 0, 1, 4, 0] -> [3, 0, 0, 1, 4, 0, 6] -> [3, 0, 0, 1, 4, 0, 6, 5]
SyncBFS: 334.62 ms, [] -> [1] -> [1, 4] -> [1, 4, 5] -> [1, 4, 5, 3] -> [1, 4, 5, 3, 4] -> [1, 4, 5, 3, 4, 5] -> [1, 4, 5, 3, 4, 5, 2] -> [1, 4, 5, 3, 4, 5, 2, 3]
MultithreadBFS: 41.56 ms, [] -> [4] -> [4, 4] -> [4, 4, 0] -> [4, 4, 0, 5] -> [4, 4, 0, 5, 1] -> [4, 4, 0, 5, 1, 6] -> [4, 4, 0, 5, 1, 6, 6] -> [4, 4, 0, 5, 1, 6, 6, 1]

problem_30.yaml
TasksBFS: 81.75 ms, [] -> [0] -> [0, 1] -> [0, 1, 2] -> [0, 1, 2, 1] -> [0, 1, 2, 1, 3] -> [0, 1, 2, 1, 3, 4] -> [0, 1, 2, 1, 3, 4, 1] -> [0, 1, 2, 1, 3, 4, 1, 1]
SyncBFS: 520.11 ms, [] -> [0] -> [0, 1] -> [0, 1, 2] -> [0, 1, 2, 1] -> [0, 1, 2, 1, 3] -> [0, 1, 2, 1, 3, 4] -> [0, 1, 2, 1, 3, 4, 1] -> [0, 1, 2, 1, 3, 4, 1, 1]
MultithreadBFS: 62.59 ms, [] -> [3] -> [3, 0] -> [3, 0, 1] -> [3, 0, 1, 5] -> [3, 0, 1, 5, 2] -> [3, 0, 1, 5, 2, 2] -> [3, 0, 1, 5, 2, 2, 0] -> [3, 0, 1, 5, 2, 2, 0, 3]
AsyncStartBFS: 24.72 ms, [] -> [0] -> [0, 1] -> [0, 1, 4] -> [0, 1, 4, 4] -> [0, 1, 4, 4, 2] -> [0, 1, 4, 4, 2, 4] -> [0, 1, 4, 4, 2, 4, 1] -> [0, 1, 4, 4, 2, 4, 1, 6]

problem_10.yaml
TasksBFS: 82.99 ms, [] -> [0] -> [0, 0] -> [0, 0, 4] -> [0, 0, 4, 0] -> [0, 0, 4, 0, 1] -> [0, 0, 4, 0, 1, 3] -> [0, 0, 4, 0, 1, 3, 2] -> [0, 0, 4, 0, 1, 3, 2, 6]
MultithreadBFS: 57.97 ms, [] -> [0] -> [0, 2] -> [0, 2, 3] -> [0, 2, 3, 3] -> [0, 2, 3, 3, 2] -> [0, 2, 3, 3, 2, 6] -> [0, 2, 3, 3, 2, 6, 5] -> [0, 2, 3, 3, 2, 6, 5, 4]
SyncBFS: 478.81 ms, [] -> [0] -> [0, 0] -> [0, 0, 4] -> [0, 0, 4, 0] -> [0, 0, 4, 0, 1] -> [0, 0, 4, 0, 1, 3] -> [0, 0, 4, 0, 1, 3, 2] -> [0, 0, 4, 0, 1, 3, 2, 6]
AsyncStartBFS: 23.67 ms, [] -> [0] -> [0, 0] -> [0, 0, 4] -> [0, 0, 4, 0] -> [0, 0, 4, 0, 1] -> [0, 0, 4, 0, 1, 3] -> [0, 0, 4, 0, 1, 3, 2] -> [0, 0, 4, 0, 1, 3, 2, 6]

problem_09.yaml
MultithreadBFS: 40.28 ms, [] -> [2] -> [2, 5] -> [2, 5, 0] -> [2, 5, 0, 0] -> [2, 5, 0, 0, 2] -> [2, 5, 0, 0, 2, 4] -> [2, 5, 0, 0, 2, 4, 5] -> [2, 5, 0, 0, 2, 4, 5, 5]
SyncBFS: 349.56 ms, [] -> [0] -> [0, 1] -> [0, 1, 0] -> [0, 1, 0, 0] -> [0, 1, 0, 0, 1] -> [0, 1, 0, 0, 1, 3] -> [0, 1, 0, 0, 1, 3, 2] -> [0, 1, 0, 0, 1, 3, 2, 1]
AsyncStartBFS: 11.15 ms, [] -> [0] -> [0, 1] -> [0, 1, 0] -> [0, 1, 0, 0] -> [0, 1, 0, 0, 1] -> [0, 1, 0, 0, 1, 3] -> [0, 1, 0, 0, 1, 3, 2] -> [0, 1, 0, 0, 1, 3, 2, 1]
TasksBFS: 62.39 ms, [] -> [0] -> [0, 1] -> [0, 1, 0] -> [0, 1, 0, 0] -> [0, 1, 0, 0, 1] -> [0, 1, 0, 0, 1, 3] -> [0, 1, 0, 0, 1, 3, 2] -> [0, 1, 0, 0, 1, 3, 2, 1]

problem_12.yaml
SyncBFS: 438.19 ms, [] -> [0] -> [0, 1] -> [0, 1, 2] -> [0, 1, 2, 1] -> [0, 1, 2, 1, 0] -> [0, 1, 2, 1, 0, 4] -> [0, 1, 2, 1, 0, 4, 4] -> [0, 1, 2, 1, 0, 4, 4, 6]
MultithreadBFS: 51.08 ms, [] -> [1] -> [1, 4] -> [1, 4, 0] -> [1, 4, 0, 4] -> [1, 4, 0, 4, 5] -> [1, 4, 0, 4, 5, 4] -> [1, 4, 0, 4, 5, 4, 5] -> [1, 4, 0, 4, 5, 4, 5, 5]
AsyncStartBFS: 13.87 ms, [] -> [0] -> [0, 1] -> [0, 1, 2] -> [0, 1, 2, 1] -> [0, 1, 2, 1, 0] -> [0, 1, 2, 1, 0, 4] -> [0, 1, 2, 1, 0, 4, 4] -> [0, 1, 2, 1, 0, 4, 4, 6]
TasksBFS: 63.52 ms, [] -> [0] -> [0, 1] -> [0, 1, 2] -> [0, 1, 2, 1] -> [0, 1, 2, 1, 0] -> [0, 1, 2, 1, 0, 4] -> [0, 1, 2, 1, 0, 4, 4] -> [0, 1, 2, 1, 0, 4, 4, 6]

problem_47.yaml
MultithreadBFS: 69.49 ms, [] -> [2] -> [2, 4] -> [2, 4, 0] -> [2, 4, 0, 5] -> [2, 4, 0, 5, 1] -> [2, 4, 0, 5, 1, 4] -> [2, 4, 0, 5, 1, 4, 1] -> [2, 4, 0, 5, 1, 4, 1, 0]
TasksBFS: 79.12 ms, [] -> [0] -> [0, 1] -> [0, 1, 1] -> [0, 1, 1, 6] -> [0, 1, 1, 6, 3] -> [0, 1, 1, 6, 3, 1] -> [0, 1, 1, 6, 3, 1, 1] -> [0, 1, 1, 6, 3, 1, 1, 4]
SyncBFS: 446.64 ms, [] -> [0] -> [0, 0] -> [0, 0, 4] -> [0, 0, 4, 4] -> [0, 0, 4, 4, 6] -> [0, 0, 4, 4, 6, 2] -> [0, 0, 4, 4, 6, 2, 0] -> [0, 0, 4, 4, 6, 2, 0, 2]
AsyncStartBFS: 31.37 ms, [] -> [5] -> [5, 1] -> [5, 1, 0] -> [5, 1, 0, 3] -> [5, 1, 0, 3, 1] -> [5, 1, 0, 3, 1, 6] -> [5, 1, 0, 3, 1, 6, 5] -> [5, 1, 0, 3, 1, 6, 5, 1]

problem_11.yaml
TasksBFS: 91.82 ms, [] -> [0] -> [0, 4] -> [0, 4, 1] -> [0, 4, 1, 6] -> [0, 4, 1, 6, 0] -> [0, 4, 1, 6, 0, 3] -> [0, 4, 1, 6, 0, 3, 2] -> [0, 4, 1, 6, 0, 3, 2, 2]
MultithreadBFS: 58.17 ms, [] -> [5] -> [5, 2] -> [5, 2, 0] -> [5, 2, 0, 3] -> [5, 2, 0, 3, 4] -> [5, 2, 0, 3, 4, 6] -> [5, 2, 0, 3, 4, 6, 2] -> [5, 2, 0, 3, 4, 6, 2, 0]
SyncBFS: 471.25 ms, [] -> [0] -> [0, 4] -> [0, 4, 1] -> [0, 4, 1, 6] -> [0, 4, 1, 6, 0] -> [0, 4, 1, 6, 0, 3] -> [0, 4, 1, 6, 0, 3, 2] -> [0, 4, 1, 6, 0, 3, 2, 2]
AsyncStartBFS: 27.34 ms, [] -> [2] -> [2, 6] -> [2, 6, 2] -> [2, 6, 2, 1] -> [2, 6, 2, 1, 4] -> [2, 6, 2, 1, 4, 2] -> [2, 6, 2, 1, 4, 2, 1] -> [2, 6, 2, 1, 4, 2, 1, 2]

problem_01.yaml
SyncBFS: 384.81 ms, [] -> [0] -> [0, 4] -> [0, 4, 0] -> [0, 4, 0, 2] -> [0, 4, 0, 2, 0] -> [0, 4, 0, 2, 0, 1] -> [0, 4, 0, 2, 0, 1, 6] -> [0, 4, 0, 2, 0, 1, 6, 4]
TasksBFS: 54.3 ms, [] -> [0] -> [0, 5] -> [0, 5, 0] -> [0, 5, 0, 1] -> [0, 5, 0, 1, 0] -> [0, 5, 0, 1, 0, 0] -> [0, 5, 0, 1, 0, 0, 1] -> [0, 5, 0, 1, 0, 0, 1, 3]
MultithreadBFS: 48.07 ms, [] -> [5] -> [5, 0] -> [5, 0, 0] -> [5, 0, 0, 1] -> [5, 0, 0, 1, 3] -> [5, 0, 0, 1, 3, 3] -> [5, 0, 0, 1, 3, 3, 4] -> [5, 0, 0, 1, 3, 3, 4, 5]
AsyncStartBFS: 17.43 ms, [] -> [0] -> [0, 4] -> [0, 4, 0] -> [0, 4, 0, 2] -> [0, 4, 0, 2, 0] -> [0, 4, 0, 2, 0, 1] -> [0, 4, 0, 2, 0, 1, 6] -> [0, 4, 0, 2, 0, 1, 6, 4]

problem_08.yaml
MultithreadBFS: 50.43 ms, [] -> [2] -> [2, 2] -> [2, 2, 0] -> [2, 2, 0, 0] -> [2, 2, 0, 0, 2] -> [2, 2, 0, 0, 2, 2] -> [2, 2, 0, 0, 2, 2, 5] -> [2, 2, 0, 0, 2, 2, 5, 1]
TasksBFS: 84 ms, [] -> [0] -> [0, 3] -> [0, 3, 4] -> [0, 3, 4, 1] -> [0, 3, 4, 1, 2] -> [0, 3, 4, 1, 2, 4] -> [0, 3, 4, 1, 2, 4, 1] -> [0, 3, 4, 1, 2, 4, 1, 1]
AsyncStartBFS: 37.17 ms, [] -> [0] -> [0, 6] -> [0, 6, 5] -> [0, 6, 5, 2] -> [0, 6, 5, 2, 1] -> [0, 6, 5, 2, 1, 1] -> [0, 6, 5, 2, 1, 1, 3] -> [0, 6, 5, 2, 1, 1, 3, 1]
SyncBFS: 461.16 ms, [] -> [0] -> [0, 1] -> [0, 1, 0] -> [0, 1, 0, 6] -> [0, 1, 0, 6, 3] -> [0, 1, 0, 6, 3, 6] -> [0, 1, 0, 6, 3, 6, 5] -> [0, 1, 0, 6, 3, 6, 5, 1]

problem_06.yaml
SyncBFS: 365.27 ms, [] -> [0] -> [0, 2] -> [0, 2, 0] -> [0, 2, 0, 1] -> [0, 2, 0, 1, 3] -> [0, 2, 0, 1, 3, 1] -> [0, 2, 0, 1, 3, 1, 6] -> [0, 2, 0, 1, 3, 1, 6, 5]
AsyncStartBFS: 12.35 ms, [] -> [0] -> [0, 5] -> [0, 5, 1] -> [0, 5, 1, 1] -> [0, 5, 1, 1, 0] -> [0, 5, 1, 1, 0, 6] -> [0, 5, 1, 1, 0, 6, 4] -> [0, 5, 1, 1, 0, 6, 4, 2]
TasksBFS: 65.22 ms, [] -> [0] -> [0, 6] -> [0, 6, 6] -> [0, 6, 6, 3] -> [0, 6, 6, 3, 3] -> [0, 6, 6, 3, 3, 4] -> [0, 6, 6, 3, 3, 4, 6] -> [0, 6, 6, 3, 3, 4, 6, 0]
MultithreadBFS: 59.28 ms, [] -> [3] -> [3, 6] -> [3, 6, 2] -> [3, 6, 2, 6] -> [3, 6, 2, 6, 2] -> [3, 6, 2, 6, 2, 4] -> [3, 6, 2, 6, 2, 4, 4] -> [3, 6, 2, 6, 2, 4, 4, 5]

problem_19.yaml
AsyncStartBFS: 12.77 ms, [] -> [0] -> [0, 5] -> [0, 5, 2] -> [0, 5, 2, 0] -> [0, 5, 2, 0, 4] -> [0, 5, 2, 0, 4, 0] -> [0, 5, 2, 0, 4, 0, 3] -> [0, 5, 2, 0, 4, 0, 3, 0]
TasksBFS: 87.14 ms, [] -> [0] -> [0, 4] -> [0, 4, 4] -> [0, 4, 4, 0] -> [0, 4, 4, 0, 1] -> [0, 4, 4, 0, 1, 5] -> [0, 4, 4, 0, 1, 5, 5] -> [0, 4, 4, 0, 1, 5, 5, 2]
MultithreadBFS: 63.79 ms, [] -> [1] -> [1, 6] -> [1, 6, 0] -> [1, 6, 0, 0] -> [1, 6, 0, 0, 4] -> [1, 6, 0, 0, 4, 4] -> [1, 6, 0, 0, 4, 4, 6] -> [1, 6, 0, 0, 4, 4, 6, 6]
SyncBFS: 527.95 ms, [] -> [0] -> [0, 2] -> [0, 2, 5] -> [0, 2, 5, 6] -> [0, 2, 5, 6, 2] -> [0, 2, 5, 6, 2, 3] -> [0, 2, 5, 6, 2, 3, 4] -> [0, 2, 5, 6, 2, 3, 4, 0]

problem_40.yaml
AsyncStartBFS: 10.93 ms, [] -> [0] -> [0, 0] -> [0, 0, 3] -> [0, 0, 3, 4] -> [0, 0, 3, 4, 3] -> [0, 0, 3, 4, 3, 4] -> [0, 0, 3, 4, 3, 4, 1] -> [0, 0, 3, 4, 3, 4, 1, 5]
TasksBFS: 58.62 ms, [] -> [0] -> [0, 0] -> [0, 0, 3] -> [0, 0, 3, 4] -> [0, 0, 3, 4, 3] -> [0, 0, 3, 4, 3, 4] -> [0, 0, 3, 4, 3, 4, 1] -> [0, 0, 3, 4, 3, 4, 1, 5]
SyncBFS: 354 ms, [] -> [0] -> [0, 0] -> [0, 0, 3] -> [0, 0, 3, 4] -> [0, 0, 3, 4, 3] -> [0, 0, 3, 4, 3, 4] -> [0, 0, 3, 4, 3, 4, 1] -> [0, 0, 3, 4, 3, 4, 1, 5]
MultithreadBFS: 23.7 ms, [] -> [3] -> [3, 6] -> [3, 6, 0] -> [3, 6, 0, 2] -> [3, 6, 0, 2, 3] -> [3, 6, 0, 2, 3, 4] -> [3, 6, 0, 2, 3, 4, 5] -> [3, 6, 0, 2, 3, 4, 5, 6]

problem_04.yaml
TasksBFS: 74.83 ms, [] -> [0] -> [0, 6] -> [0, 6, 1] -> [0, 6, 1, 6] -> [0, 6, 1, 6, 1] -> [0, 6, 1, 6, 1, 6] -> [0, 6, 1, 6, 1, 6, 6] -> [0, 6, 1, 6, 1, 6, 6, 4]
AsyncStartBFS: 31.38 ms, [] -> [0] -> [0, 6] -> [0, 6, 1] -> [0, 6, 1, 6] -> [0, 6, 1, 6, 1] -> [0, 6, 1, 6, 1, 6] -> [0, 6, 1, 6, 1, 6, 6] -> [0, 6, 1, 6, 1, 6, 6, 4]
MultithreadBFS: 44.64 ms, [] -> [1] -> [1, 6] -> [1, 6, 0] -> [1, 6, 0, 1] -> [1, 6, 0, 1, 2] -> [1, 6, 0, 1, 2, 3] -> [1, 6, 0, 1, 2, 3, 3] -> [1, 6, 0, 1, 2, 3, 3, 3]
SyncBFS: 539.55 ms, [] -> [0] -> [0, 1] -> [0, 1, 3] -> [0, 1, 3, 3] -> [0, 1, 3, 3, 6] -> [0, 1, 3, 3, 6, 3] -> [0, 1, 3, 3, 6, 3, 1] -> [0, 1, 3, 3, 6, 3, 1, 3]

problem_33.yaml
TasksBFS: 56.76 ms, [] -> [1] -> [1, 0] -> [1, 0, 1] -> [1, 0, 1, 5] -> [1, 0, 1, 5, 5] -> [1, 0, 1, 5, 5, 6] -> [1, 0, 1, 5, 5, 6, 2] -> [1, 0, 1, 5, 5, 6, 2, 4]
SyncBFS: 276.68 ms, [] -> [1] -> [1, 0] -> [1, 0, 1] -> [1, 0, 1, 5] -> [1, 0, 1, 5, 5] -> [1, 0, 1, 5, 5, 6] -> [1, 0, 1, 5, 5, 6, 2] -> [1, 0, 1, 5, 5, 6, 2, 4]
AsyncStartBFS: 26.36 ms, [] -> [1] -> [1, 0] -> [1, 0, 1] -> [1, 0, 1, 5] -> [1, 0, 1, 5, 5] -> [1, 0, 1, 5, 5, 6] -> [1, 0, 1, 5, 5, 6, 2] -> [1, 0, 1, 5, 5, 6, 2, 4]
MultithreadBFS: 18.37 ms, [] -> [1] -> [1, 0] -> [1, 0, 1] -> [1, 0, 1, 5] -> [1, 0, 1, 5, 5] -> [1, 0, 1, 5, 5, 6] -> [1, 0, 1, 5, 5, 6, 2] -> [1, 0, 1, 5, 5, 6, 2, 4]

problem_21.yaml
TasksBFS: 74.45 ms, [] -> [0] -> [0, 3] -> [0, 3, 6] -> [0, 3, 6, 4] -> [0, 3, 6, 4, 0] -> [0, 3, 6, 4, 0, 2] -> [0, 3, 6, 4, 0, 2, 4] -> [0, 3, 6, 4, 0, 2, 4, 4]
MultithreadBFS: 46.28 ms, [] -> [1] -> [1, 2] -> [1, 2, 1] -> [1, 2, 1, 2] -> [1, 2, 1, 2, 6] -> [1, 2, 1, 2, 6, 2] -> [1, 2, 1, 2, 6, 2, 5] -> [1, 2, 1, 2, 6, 2, 5, 1]
SyncBFS: 523.54 ms, [] -> [0] -> [0, 1] -> [0, 1, 3] -> [0, 1, 3, 1] -> [0, 1, 3, 1, 2] -> [0, 1, 3, 1, 2, 4] -> [0, 1, 3, 1, 2, 4, 4] -> [0, 1, 3, 1, 2, 4, 4, 0]
AsyncStartBFS: 12.79 ms, [] -> [0] -> [0, 1] -> [0, 1, 3] -> [0, 1, 3, 1] -> [0, 1, 3, 1, 2] -> [0, 1, 3, 1, 2, 4] -> [0, 1, 3, 1, 2, 4, 4] -> [0, 1, 3, 1, 2, 4, 4, 0]

problem_24.yaml
AsyncStartBFS: 9.09 ms, [] -> [2] -> [2, 0] -> [2, 0, 6] -> [2, 0, 6, 0] -> [2, 0, 6, 0, 3] -> [2, 0, 6, 0, 3, 0] -> [2, 0, 6, 0, 3, 0, 6] -> [2, 0, 6, 0, 3, 0, 6, 2]
MultithreadBFS: 41.53 ms, [] -> [4] -> [4, 3] -> [4, 3, 0] -> [4, 3, 0, 1] -> [4, 3, 0, 1, 3] -> [4, 3, 0, 1, 3, 5] -> [4, 3, 0, 1, 3, 5, 5] -> [4, 3, 0, 1, 3, 5, 5, 4]
TasksBFS: 71.02 ms, [] -> [1] -> [1, 3] -> [1, 3, 6] -> [1, 3, 6, 2] -> [1, 3, 6, 2, 2] -> [1, 3, 6, 2, 2, 4] -> [1, 3, 6, 2, 2, 4, 6] -> [1, 3, 6, 2, 2, 4, 6, 0]
SyncBFS: 350.29 ms, [] -> [1] -> [1, 1] -> [1, 1, 5] -> [1, 1, 5, 6] -> [1, 1, 5, 6, 1] -> [1, 1, 5, 6, 1, 6] -> [1, 1, 5, 6, 1, 6, 5] -> [1, 1, 5, 6, 1, 6, 5, 5]

problem_03.yaml
TasksBFS: 54.44 ms, [] -> [0] -> [0, 3] -> [0, 3, 5] -> [0, 3, 5, 4] -> [0, 3, 5, 4, 5] -> [0, 3, 5, 4, 5, 1] -> [0, 3, 5, 4, 5, 1, 3] -> [0, 3, 5, 4, 5, 1, 3, 3]
SyncBFS: 332.48 ms, [] -> [0] -> [0, 3] -> [0, 3, 5] -> [0, 3, 5, 4] -> [0, 3, 5, 4, 5] -> [0, 3, 5, 4, 5, 1] -> [0, 3, 5, 4, 5, 1, 3] -> [0, 3, 5, 4, 5, 1, 3, 3]
MultithreadBFS: 56.06 ms, [] -> [5] -> [5, 3] -> [5, 3, 0] -> [5, 3, 0, 2] -> [5, 3, 0, 2, 6] -> [5, 3, 0, 2, 6, 1] -> [5, 3, 0, 2, 6, 1, 2] -> [5, 3, 0, 2, 6, 1, 2, 1]
AsyncStartBFS: 17.68 ms, [] -> [0] -> [0, 5] -> [0, 5, 3] -> [0, 5, 3, 1] -> [0, 5, 3, 1, 4] -> [0, 5, 3, 1, 4, 1] -> [0, 5, 3, 1, 4, 1, 4] -> [0, 5, 3, 1, 4, 1, 4, 5]

problem_07.yaml
TasksBFS: 118.91 ms, [] -> [0] -> [0, 2] -> [0, 2, 4] -> [0, 2, 4, 2] -> [0, 2, 4, 2, 4] -> [0, 2, 4, 2, 4, 0] -> [0, 2, 4, 2, 4, 0, 2] -> [0, 2, 4, 2, 4, 0, 2, 5]
SyncBFS: 564.3 ms, [] -> [0] -> [0, 2] -> [0, 2, 4] -> [0, 2, 4, 2] -> [0, 2, 4, 2, 4] -> [0, 2, 4, 2, 4, 0] -> [0, 2, 4, 2, 4, 0, 2] -> [0, 2, 4, 2, 4, 0, 2, 5]
AsyncStartBFS: 30.88 ms, [] -> [0] -> [0, 4] -> [0, 4, 4] -> [0, 4, 4, 1] -> [0, 4, 4, 1, 0] -> [0, 4, 4, 1, 0, 5] -> [0, 4, 4, 1, 0, 5, 4] -> [0, 4, 4, 1, 0, 5, 4, 1]
MultithreadBFS: 46.91 ms, [] -> [1] -> [1, 5] -> [1, 5, 1] -> [1, 5, 1, 0] -> [1, 5, 1, 0, 2] -> [1, 5, 1, 0, 2, 3] -> [1, 5, 1, 0, 2, 3, 0] -> [1, 5, 1, 0, 2, 3, 0, 5]

problem_42.yaml
TasksBFS: 73.64 ms, [] -> [0] -> [0, 0] -> [0, 0, 3] -> [0, 0, 3, 1] -> [0, 0, 3, 1, 1] -> [0, 0, 3, 1, 1, 6] -> [0, 0, 3, 1, 1, 6, 5] -> [0, 0, 3, 1, 1, 6, 5, 0]
SyncBFS: 438.3 ms, [] -> [0] -> [0, 0] -> [0, 0, 3] -> [0, 0, 3, 1] -> [0, 0, 3, 1, 1] -> [0, 0, 3, 1, 1, 6] -> [0, 0, 3, 1, 1, 6, 5] -> [0, 0, 3, 1, 1, 6, 5, 0]
MultithreadBFS: 64.67 ms, [] -> [3] -> [3, 0] -> [3, 0, 1] -> [3, 0, 1, 3] -> [3, 0, 1, 3, 5] -> [3, 0, 1, 3, 5, 3] -> [3, 0, 1, 3, 5, 3, 1] -> [3, 0, 1, 3, 5, 3, 1, 2]
AsyncStartBFS: 17.27 ms, [] -> [0] -> [0, 2] -> [0, 2, 4] -> [0, 2, 4, 1] -> [0, 2, 4, 1, 0] -> [0, 2, 4, 1, 0, 2] -> [0, 2, 4, 1, 0, 2, 5] -> [0, 2, 4, 1, 0, 2, 5, 5]

problem_02.yaml
SyncBFS: 350.95 ms, [] -> [0] -> [0, 2] -> [0, 2, 1] -> [0, 2, 1, 3] -> [0, 2, 1, 3, 5] -> [0, 2, 1, 3, 5, 5] -> [0, 2, 1, 3, 5, 5, 2] -> [0, 2, 1, 3, 5, 5, 2, 3]
AsyncStartBFS: 21.27 ms, [] -> [0] -> [0, 3] -> [0, 3, 2] -> [0, 3, 2, 3] -> [0, 3, 2, 3, 1] -> [0, 3, 2, 3, 1, 5] -> [0, 3, 2, 3, 1, 5, 0] -> [0, 3, 2, 3, 1, 5, 0, 2]
MultithreadBFS: 33.38 ms, [] -> [4] -> [4, 5] -> [4, 5, 2] -> [4, 5, 2, 2] -> [4, 5, 2, 2, 3] -> [4, 5, 2, 2, 3, 2] -> [4, 5, 2, 2, 3, 2, 0] -> [4, 5, 2, 2, 3, 2, 0, 6]
TasksBFS: 75.7 ms, [] -> [0] -> [0, 3] -> [0, 3, 2] -> [0, 3, 2, 3] -> [0, 3, 2, 3, 1] -> [0, 3, 2, 3, 1, 5] -> [0, 3, 2, 3, 1, 5, 0] -> [0, 3, 2, 3, 1, 5, 0, 2]

problem_29.yaml
SyncBFS: 310.73 ms, [] -> [0] -> [0, 0] -> [0, 0, 5] -> [0, 0, 5, 0] -> [0, 0, 5, 0, 0] -> [0, 0, 5, 0, 0, 0] -> [0, 0, 5, 0, 0, 0, 2] -> [0, 0, 5, 0, 0, 0, 2, 3]
TasksBFS: 53.7 ms, [] -> [0] -> [0, 0] -> [0, 0, 5] -> [0, 0, 5, 0] -> [0, 0, 5, 0, 0] -> [0, 0, 5, 0, 0, 0] -> [0, 0, 5, 0, 0, 0, 2] -> [0, 0, 5, 0, 0, 0, 2, 3]
AsyncStartBFS: 19.76 ms, [] -> [0] -> [0, 2] -> [0, 2, 5] -> [0, 2, 5, 0] -> [0, 2, 5, 0, 2] -> [0, 2, 5, 0, 2, 0] -> [0, 2, 5, 0, 2, 0, 3] -> [0, 2, 5, 0, 2, 0, 3, 0]
MultithreadBFS: 41.23 ms, [] -> [5] -> [5, 5] -> [5, 5, 0] -> [5, 5, 0, 2] -> [5, 5, 0, 2, 5] -> [5, 5, 0, 2, 5, 2] -> [5, 5, 0, 2, 5, 2, 3] -> [5, 5, 0, 2, 5, 2, 3, 5]

problem_00.yaml
SyncBFS: 319.73 ms, [] -> [0] -> [0, 4] -> [0, 4, 6] -> [0, 4, 6, 0] -> [0, 4, 6, 0, 3] -> [0, 4, 6, 0, 3, 6] -> [0, 4, 6, 0, 3, 6, 2] -> [0, 4, 6, 0, 3, 6, 2, 3]
AsyncStartBFS: 31.47 ms, [] -> [4] -> [4, 1] -> [4, 1, 0] -> [4, 1, 0, 4] -> [4, 1, 0, 4, 3] -> [4, 1, 0, 4, 3, 3] -> [4, 1, 0, 4, 3, 3, 3] -> [4, 1, 0, 4, 3, 3, 3, 6]
MultithreadBFS: 42.86 ms, [] -> [4] -> [4, 1] -> [4, 1, 0] -> [4, 1, 0, 4] -> [4, 1, 0, 4, 3] -> [4, 1, 0, 4, 3, 3] -> [4, 1, 0, 4, 3, 3, 3] -> [4, 1, 0, 4, 3, 3, 3, 6]
TasksBFS: 61.58 ms, [] -> [0] -> [0, 5] -> [0, 5, 1] -> [0, 5, 1, 1] -> [0, 5, 1, 1, 0] -> [0, 5, 1, 1, 0, 0] -> [0, 5, 1, 1, 0, 0, 1] -> [0, 5, 1, 1, 0, 0, 1, 6]

problem_13.yaml
SyncBFS: 515.77 ms, [] -> [0] -> [0, 1] -> [0, 1, 5] -> [0, 1, 5, 1] -> [0, 1, 5, 1, 1] -> [0, 1, 5, 1, 1, 5] -> [0, 1, 5, 1, 1, 5, 3] -> [0, 1, 5, 1, 1, 5, 3, 5]
MultithreadBFS: 54.58 ms, [] -> [2] -> [2, 6] -> [2, 6, 2] -> [2, 6, 2, 0] -> [2, 6, 2, 0, 2] -> [2, 6, 2, 0, 2, 1] -> [2, 6, 2, 0, 2, 1, 3] -> [2, 6, 2, 0, 2, 1, 3, 1]
AsyncStartBFS: 21.32 ms, [] -> [0] -> [0, 3] -> [0, 3, 3] -> [0, 3, 3, 5] -> [0, 3, 3, 5, 1] -> [0, 3, 3, 5, 1, 1] -> [0, 3, 3, 5, 1, 1, 0] -> [0, 3, 3, 5, 1, 1, 0, 6]
TasksBFS: 117.85 ms, [] -> [1] -> [1, 1] -> [1, 1, 6] -> [1, 1, 6, 4] -> [1, 1, 6, 4, 2] -> [1, 1, 6, 4, 2, 5] -> [1, 1, 6, 4, 2, 5, 4] -> [1, 1, 6, 4, 2, 5, 4, 0]

problem_16.yaml
SyncBFS: 297.08 ms, [] -> [0] -> [0, 0] -> [0, 0, 1] -> [0, 0, 1, 5] -> [0, 0, 1, 5, 5] -> [0, 0, 1, 5, 5, 1] -> [0, 0, 1, 5, 5, 1, 4] -> [0, 0, 1, 5, 5, 1, 4, 6]
MultithreadBFS: 40.49 ms, [] -> [0] -> [0, 6] -> [0, 6, 5] -> [0, 6, 5, 2] -> [0, 6, 5, 2, 2] -> [0, 6, 5, 2, 2, 2] -> [0, 6, 5, 2, 2, 2, 5] -> [0, 6, 5, 2, 2, 2, 5, 3]
AsyncStartBFS: 11.18 ms, [] -> [0] -> [0, 0] -> [0, 0, 1] -> [0, 0, 1, 5] -> [0, 0, 1, 5, 5] -> [0, 0, 1, 5, 5, 1] -> [0, 0, 1, 5, 5, 1, 4] -> [0, 0, 1, 5, 5, 1, 4, 6]
TasksBFS: 39.45 ms, [] -> [0] -> [0, 0] -> [0, 0, 1] -> [0, 0, 1, 5] -> [0, 0, 1, 5, 5] -> [0, 0, 1, 5, 5, 1] -> [0, 0, 1, 5, 5, 1, 4] -> [0, 0, 1, 5, 5, 1, 4, 6]

problem_20.yaml
TasksBFS: 116.59 ms, [] -> [1] -> [1, 1] -> [1, 1, 4] -> [1, 1, 4, 3] -> [1, 1, 4, 3, 0] -> [1, 1, 4, 3, 0, 6] -> [1, 1, 4, 3, 0, 6, 1] -> [1, 1, 4, 3, 0, 6, 1, 1]
SyncBFS: 515.73 ms, [] -> [0] -> [0, 2] -> [0, 2, 2] -> [0, 2, 2, 4] -> [0, 2, 2, 4, 3] -> [0, 2, 2, 4, 3, 5] -> [0, 2, 2, 4, 3, 5, 6] -> [0, 2, 2, 4, 3, 5, 6, 4]
AsyncStartBFS: 29.16 ms, [] -> [1] -> [1, 0] -> [1, 0, 5] -> [1, 0, 5, 3] -> [1, 0, 5, 3, 0] -> [1, 0, 5, 3, 0, 0] -> [1, 0, 5, 3, 0, 0, 1] -> [1, 0, 5, 3, 0, 0, 1, 3]
MultithreadBFS: 42.37 ms, [] -> [2] -> [2, 1] -> [2, 1, 2] -> [2, 1, 2, 0] -> [2, 1, 2, 0, 3] -> [2, 1, 2, 0, 3, 3] -> [2, 1, 2, 0, 3, 3, 6] -> [2, 1, 2, 0, 3, 3, 6, 2]

problem_18.yaml
TasksBFS: 67.14 ms, [] -> [0] -> [0, 3] -> [0, 3, 6] -> [0, 3, 6, 2] -> [0, 3, 6, 2, 4] -> [0, 3, 6, 2, 4, 6] -> [0, 3, 6, 2, 4, 6, 4] -> [0, 3, 6, 2, 4, 6, 4, 3]
AsyncStartBFS: 24.25 ms, [] -> [1] -> [1, 6] -> [1, 6, 5] -> [1, 6, 5, 1] -> [1, 6, 5, 1, 0] -> [1, 6, 5, 1, 0, 1] -> [1, 6, 5, 1, 0, 1, 6] -> [1, 6, 5, 1, 0, 1, 6, 1]
MultithreadBFS: 37.78 ms, [] -> [4] -> [4, 1] -> [4, 1, 1] -> [4, 1, 1, 2] -> [4, 1, 1, 2, 4] -> [4, 1, 1, 2, 4, 3] -> [4, 1, 1, 2, 4, 3, 6] -> [4, 1, 1, 2, 4, 3, 6, 2]
SyncBFS: 314.34 ms, [] -> [0] -> [0, 3] -> [0, 3, 3] -> [0, 3, 3, 4] -> [0, 3, 3, 4, 0] -> [0, 3, 3, 4, 0, 3] -> [0, 3, 3, 4, 0, 3, 1] -> [0, 3, 3, 4, 0, 3, 1, 3]

problem_05.yaml
TasksBFS: 86.35 ms, [] -> [0] -> [0, 5] -> [0, 5, 3] -> [0, 5, 3, 1] -> [0, 5, 3, 1, 3] -> [0, 5, 3, 1, 3, 6] -> [0, 5, 3, 1, 3, 6, 1] -> [0, 5, 3, 1, 3, 6, 1, 5]
AsyncStartBFS: 28.57 ms, [] -> [0] -> [0, 5] -> [0, 5, 3] -> [0, 5, 3, 1] -> [0, 5, 3, 1, 3] -> [0, 5, 3, 1, 3, 6] -> [0, 5, 3, 1, 3, 6, 1] -> [0, 5, 3, 1, 3, 6, 1, 5]
MultithreadBFS: 39.39 ms, [] -> [3] -> [3, 3] -> [3, 3, 0] -> [3, 3, 0, 3] -> [3, 3, 0, 3, 1] -> [3, 3, 0, 3, 1, 2] -> [3, 3, 0, 3, 1, 2, 6] -> [3, 3, 0, 3, 1, 2, 6, 4]
SyncBFS: 501.66 ms, [] -> [0] -> [0, 4] -> [0, 4, 4] -> [0, 4, 4, 6] -> [0, 4, 4, 6, 2] -> [0, 4, 4, 6, 2, 1] -> [0, 4, 4, 6, 2, 1, 2] -> [0, 4, 4, 6, 2, 1, 2, 3]

problem_15.yaml
AsyncStartBFS: 6.65 ms, [] -> [0] -> [0, 5] -> [0, 5, 2] -> [0, 5, 2, 1] -> [0, 5, 2, 1, 5] -> [0, 5, 2, 1, 5, 3] -> [0, 5, 2, 1, 5, 3, 3] -> [0, 5, 2, 1, 5, 3, 3, 4]
MultithreadBFS: 49 ms, [] -> [3] -> [3, 6] -> [3, 6, 0] -> [3, 6, 0, 5] -> [3, 6, 0, 5, 2] -> [3, 6, 0, 5, 2, 3] -> [3, 6, 0, 5, 2, 3, 5] -> [3, 6, 0, 5, 2, 3, 5, 5]
SyncBFS: 452.05 ms, [] -> [0] -> [0, 3] -> [0, 3, 2] -> [0, 3, 2, 5] -> [0, 3, 2, 5, 2] -> [0, 3, 2, 5, 2, 2] -> [0, 3, 2, 5, 2, 2, 6] -> [0, 3, 2, 5, 2, 2, 6, 3]
TasksBFS: 73.23 ms, [] -> [0] -> [0, 5] -> [0, 5, 2] -> [0, 5, 2, 1] -> [0, 5, 2, 1, 5] -> [0, 5, 2, 1, 5, 3] -> [0, 5, 2, 1, 5, 3, 3] -> [0, 5, 2, 1, 5, 3, 3, 4]

problem_17.yaml
AsyncStartBFS: 14.15 ms, [] -> [2] -> [2, 0] -> [2, 0, 5] -> [2, 0, 5, 1] -> [2, 0, 5, 1, 3] -> [2, 0, 5, 1, 3, 2] -> [2, 0, 5, 1, 3, 2, 4] -> [2, 0, 5, 1, 3, 2, 4, 1]
MultithreadBFS: 35.53 ms, [] -> [4] -> [4, 5] -> [4, 5, 1] -> [4, 5, 1, 0] -> [4, 5, 1, 0, 6] -> [4, 5, 1, 0, 6, 3] -> [4, 5, 1, 0, 6, 3, 2] -> [4, 5, 1, 0, 6, 3, 2, 2]
TasksBFS: 35.75 ms, [] -> [0] -> [0, 1] -> [0, 1, 2] -> [0, 1, 2, 3] -> [0, 1, 2, 3, 0] -> [0, 1, 2, 3, 0, 0] -> [0, 1, 2, 3, 0, 0, 5] -> [0, 1, 2, 3, 0, 0, 5, 6]
SyncBFS: 297.32 ms, [] -> [0] -> [0, 1] -> [0, 1, 2] -> [0, 1, 2, 3] -> [0, 1, 2, 3, 0] -> [0, 1, 2, 3, 0, 0] -> [0, 1, 2, 3, 0, 0, 5] -> [0, 1, 2, 3, 0, 0, 5, 6]

problem_37.yaml
TasksBFS: 50.3 ms, [] -> [0] -> [0, 0] -> [0, 0, 0] -> [0, 0, 0, 4] -> [0, 0, 0, 4, 2] -> [0, 0, 0, 4, 2, 0] -> [0, 0, 0, 4, 2, 0, 2] -> [0, 0, 0, 4, 2, 0, 2, 4]
SyncBFS: 305.54 ms, [] -> [0] -> [0, 0] -> [0, 0, 0] -> [0, 0, 0, 4] -> [0, 0, 0, 4, 2] -> [0, 0, 0, 4, 2, 0] -> [0, 0, 0, 4, 2, 0, 2] -> [0, 0, 0, 4, 2, 0, 2, 4]
MultithreadBFS: 53.49 ms, [] -> [5] -> [5, 5] -> [5, 5, 1] -> [5, 5, 1, 3] -> [5, 5, 1, 3, 3] -> [5, 5, 1, 3, 3, 0] -> [5, 5, 1, 3, 3, 0, 3] -> [5, 5, 1, 3, 3, 0, 3, 1]
AsyncStartBFS: 22.07 ms, [] -> [0] -> [0, 4] -> [0, 4, 5] -> [0, 4, 5, 2] -> [0, 4, 5, 2, 1] -> [0, 4, 5, 2, 1, 5] -> [0, 4, 5, 2, 1, 5, 0] -> [0, 4, 5, 2, 1, 5, 0, 0]

problem_22.yaml
TasksBFS: 72.57 ms, [] -> [0] -> [0, 1] -> [0, 1, 3] -> [0, 1, 3, 0] -> [0, 1, 3, 0, 0] -> [0, 1, 3, 0, 0, 4] -> [0, 1, 3, 0, 0, 4, 1] -> [0, 1, 3, 0, 0, 4, 1, 5]
MultithreadBFS: 51.25 ms, [] -> [3] -> [3, 5] -> [3, 5, 0] -> [3, 5, 0, 0] -> [3, 5, 0, 0, 0] -> [3, 5, 0, 0, 0, 5] -> [3, 5, 0, 0, 0, 5, 6] -> [3, 5, 0, 0, 0, 5, 6, 0]
AsyncStartBFS: 11.56 ms, [] -> [0] -> [0, 1] -> [0, 1, 3] -> [0, 1, 3, 0] -> [0, 1, 3, 0, 0] -> [0, 1, 3, 0, 0, 4] -> [0, 1, 3, 0, 0, 4, 1] -> [0, 1, 3, 0, 0, 4, 1, 5]
SyncBFS: 435.76 ms, [] -> [0] -> [0, 1] -> [0, 1, 3] -> [0, 1, 3, 0] -> [0, 1, 3, 0, 0] -> [0, 1, 3, 0, 0, 4] -> [0, 1, 3, 0, 0, 4, 1] -> [0, 1, 3, 0, 0, 4, 1, 5]

problem_23.yaml
AsyncStartBFS: 13.67 ms, [] -> [2] -> [2, 2] -> [2, 2, 6] -> [2, 2, 6, 6] -> [2, 2, 6, 6, 1] -> [2, 2, 6, 6, 1, 5] -> [2, 2, 6, 6, 1, 5, 4] -> [2, 2, 6, 6, 1, 5, 4, 3]
SyncBFS: 345.51 ms, [] -> [0] -> [0, 1] -> [0, 1, 2] -> [0, 1, 2, 5] -> [0, 1, 2, 5, 2] -> [0, 1, 2, 5, 2, 6] -> [0, 1, 2, 5, 2, 6, 4] -> [0, 1, 2, 5, 2, 6, 4, 1]
TasksBFS: 69 ms, [] -> [0] -> [0, 1] -> [0, 1, 2] -> [0, 1, 2, 5] -> [0, 1, 2, 5, 2] -> [0, 1, 2, 5, 2, 6] -> [0, 1, 2, 5, 2, 6, 4] -> [0, 1, 2, 5, 2, 6, 4, 1]
MultithreadBFS: 50.71 ms, [] -> [3] -> [3, 0] -> [3, 0, 1] -> [3, 0, 1, 1] -> [3, 0, 1, 1, 3] -> [3, 0, 1, 1, 3, 6] -> [3, 0, 1, 1, 3, 6, 3] -> [3, 0, 1, 1, 3, 6, 3, 1]

problem_25.yaml
MultithreadBFS: 50.76 ms, [] -> [2] -> [2, 3] -> [2, 3, 0] -> [2, 3, 0, 4] -> [2, 3, 0, 4, 5] -> [2, 3, 0, 4, 5, 0] -> [2, 3, 0, 4, 5, 0, 4] -> [2, 3, 0, 4, 5, 0, 4, 2]
AsyncStartBFS: 12.88 ms, [] -> [0] -> [0, 4] -> [0, 4, 5] -> [0, 4, 5, 0] -> [0, 4, 5, 0, 6] -> [0, 4, 5, 0, 6, 6] -> [0, 4, 5, 0, 6, 6, 0] -> [0, 4, 5, 0, 6, 6, 0, 0]
TasksBFS: 126.71 ms, [] -> [0] -> [0, 6] -> [0, 6, 6] -> [0, 6, 6, 0] -> [0, 6, 6, 0, 5] -> [0, 6, 6, 0, 5, 4] -> [0, 6, 6, 0, 5, 4, 6] -> [0, 6, 6, 0, 5, 4, 6, 0]
SyncBFS: 528.33 ms, [] -> [0] -> [0, 0] -> [0, 0, 5] -> [0, 0, 5, 1] -> [0, 0, 5, 1, 1] -> [0, 0, 5, 1, 1, 5] -> [0, 0, 5, 1, 1, 5, 5] -> [0, 0, 5, 1, 1, 5, 5, 3]

problem_27.yaml
SyncBFS: 454.4 ms, [] -> [0] -> [0, 1] -> [0, 1, 0] -> [0, 1, 0, 6] -> [0, 1, 0, 6, 0] -> [0, 1, 0, 6, 0, 4] -> [0, 1, 0, 6, 0, 4, 4] -> [0, 1, 0, 6, 0, 4, 4, 5]
TasksBFS: 65.49 ms, [] -> [0] -> [0, 1] -> [0, 1, 0] -> [0, 1, 0, 6] -> [0, 1, 0, 6, 0] -> [0, 1, 0, 6, 0, 4] -> [0, 1, 0, 6, 0, 4, 4] -> [0, 1, 0, 6, 0, 4, 4, 5]
AsyncStartBFS: 30.14 ms, [] -> [0] -> [0, 2] -> [0, 2, 6] -> [0, 2, 6, 0] -> [0, 2, 6, 0, 2] -> [0, 2, 6, 0, 2, 4] -> [0, 2, 6, 0, 2, 4, 1] -> [0, 2, 6, 0, 2, 4, 1, 2]
MultithreadBFS: 43.3 ms, [] -> [2] -> [2, 2] -> [2, 2, 2] -> [2, 2, 2, 5] -> [2, 2, 2, 5, 6] -> [2, 2, 2, 5, 6, 2] -> [2, 2, 2, 5, 6, 2, 5] -> [2, 2, 2, 5, 6, 2, 5, 6]

problem_26.yaml
MultithreadBFS: 63.83 ms, [] -> [3] -> [3, 6] -> [3, 6, 1] -> [3, 6, 1, 5] -> [3, 6, 1, 5, 6] -> [3, 6, 1, 5, 6, 6] -> [3, 6, 1, 5, 6, 6, 0] -> [3, 6, 1, 5, 6, 6, 0, 6]
TasksBFS: 87.29 ms, [] -> [0] -> [0, 0] -> [0, 0, 6] -> [0, 0, 6, 0] -> [0, 0, 6, 0, 5] -> [0, 0, 6, 0, 5, 3] -> [0, 0, 6, 0, 5, 3, 6] -> [0, 0, 6, 0, 5, 3, 6, 2]
AsyncStartBFS: 30.22 ms, [] -> [0] -> [0, 0] -> [0, 0, 6] -> [0, 0, 6, 0] -> [0, 0, 6, 0, 5] -> [0, 0, 6, 0, 5, 3] -> [0, 0, 6, 0, 5, 3, 6] -> [0, 0, 6, 0, 5, 3, 6, 2]
SyncBFS: 452.82 ms, [] -> [0] -> [0, 0] -> [0, 0, 6] -> [0, 0, 6, 0] -> [0, 0, 6, 0, 5] -> [0, 0, 6, 0, 5, 3] -> [0, 0, 6, 0, 5, 3, 6] -> [0, 0, 6, 0, 5, 3, 6, 2]

problem_14.yaml
SyncBFS: 521.57 ms, [] -> [0] -> [0, 0] -> [0, 0, 0] -> [0, 0, 0, 0] -> [0, 0, 0, 0, 2] -> [0, 0, 0, 0, 2, 4] -> [0, 0, 0, 0, 2, 4, 4] -> [0, 0, 0, 0, 2, 4, 4, 0]
AsyncStartBFS: 13.87 ms, [] -> [0] -> [0, 2] -> [0, 2, 4] -> [0, 2, 4, 0] -> [0, 2, 4, 0, 0] -> [0, 2, 4, 0, 0, 2] -> [0, 2, 4, 0, 0, 2, 6] -> [0, 2, 4, 0, 0, 2, 6, 3]
MultithreadBFS: 42.68 ms, [] -> [1] -> [1, 4] -> [1, 4, 1] -> [1, 4, 1, 0] -> [1, 4, 1, 0, 2] -> [1, 4, 1, 0, 2, 6] -> [1, 4, 1, 0, 2, 6, 6] -> [1, 4, 1, 0, 2, 6, 6, 6]
TasksBFS: 70.79 ms, [] -> [0] -> [0, 0] -> [0, 0, 0] -> [0, 0, 0, 0] -> [0, 0, 0, 0, 2] -> [0, 0, 0, 0, 2, 4] -> [0, 0, 0, 0, 2, 4, 4] -> [0, 0, 0, 0, 2, 4, 4, 0]

problem_28.yaml
SyncBFS: 463.54 ms, [] -> [0] -> [0, 0] -> [0, 0, 1] -> [0, 0, 1, 4] -> [0, 0, 1, 4, 3] -> [0, 0, 1, 4, 3, 5] -> [0, 0, 1, 4, 3, 5, 3] -> [0, 0, 1, 4, 3, 5, 3, 3]
MultithreadBFS: 43.23 ms, [] -> [2] -> [2, 2] -> [2, 2, 0] -> [2, 2, 0, 1] -> [2, 2, 0, 1, 1] -> [2, 2, 0, 1, 1, 1] -> [2, 2, 0, 1, 1, 1, 1] -> [2, 2, 0, 1, 1, 1, 1, 4]
TasksBFS: 82.3 ms, [] -> [0] -> [0, 5] -> [0, 5, 5] -> [0, 5, 5, 5] -> [0, 5, 5, 5, 1] -> [0, 5, 5, 5, 1, 5] -> [0, 5, 5, 5, 1, 5, 4] -> [0, 5, 5, 5, 1, 5, 4, 1]
AsyncStartBFS: 31.76 ms, [] -> [0] -> [0, 0] -> [0, 0, 1] -> [0, 0, 1, 4] -> [0, 0, 1, 4, 3] -> [0, 0, 1, 4, 3, 5] -> [0, 0, 1, 4, 3, 5, 3] -> [0, 0, 1, 4, 3, 5, 3, 3]


[INFO] Results summary:
TasksBFS
	Average: 72.6794 ms
	Median: 71.9 ms
	Standard Deviation: 20.0906 ms
MultithreadBFS
	Average: 47.9608 ms
	Median: 46.595 ms
	Standard Deviation: 10.718 ms
AsyncStartBFS
	Average: 20.762 ms
	Median: 20.235 ms
	Standard Deviation: 8.70828 ms
SyncBFS
	Average: 413.397 ms
	Median: 428.99 ms
	Standard Deviation: 82.2789 ms
