problem_49.yaml
AsyncStartBFS: 1.14 ms, [] -> [0] -> [0, 2] -> [0, 2, 0] -> [0, 2, 0, 3] -> [0, 2, 0, 3, 0] -> [0, 2, 0, 3, 0, 0]
SyncBFS: 0.23 ms, [] -> [0] -> [0, 0] -> [0, 0, 0] -> [0, 0, 0, 0] -> [0, 0, 0, 0, 1] -> [0, 0, 0, 0, 1, 1]
MultithreadBFS: 0.34 ms, [] -> [0] -> [0, 2] -> [0, 2, 1] -> [0, 2, 1, 2] -> [0, 2, 1, 2, 2] -> [0, 2, 1, 2, 2, 2]
TasksBFS: 0.32 ms, [] -> [0] -> [0, 0] -> [0, 0, 0] -> [0, 0, 0, 3] -> [0, 0, 0, 3, 3] -> [0, 0, 0, 3, 3, 0]

problem_48.yaml
MultithreadBFS: 0.55 ms, [] -> [0] -> [0, 1] -> [0, 1, 0] -> [0, 1, 0, 1] -> [0, 1, 0, 1, 3] -> [0, 1, 0, 1, 3, 1]
AsyncStartBFS: 1.16 ms, [] -> [0] -> [0, 0] -> [0, 0, 3] -> [0, 0, 3, 3] -> [0, 0, 3, 3, 2] -> [0, 0, 3, 3, 2, 0]
TasksBFS: 0.35 ms, [] -> [0] -> [0, 0] -> [0, 0, 3] -> [0, 0, 3, 3] -> [0, 0, 3, 3, 2] -> [0, 0, 3, 3, 2, 0]
SyncBFS: 0.29 ms, [] -> [0] -> [0, 0] -> [0, 0, 2] -> [0, 0, 2, 0] -> [0, 0, 2, 0, 0] -> [0, 0, 2, 0, 0, 2]

problem_45.yaml
AsyncStartBFS: 1.19 ms, [] -> [0] -> [0, 0] -> [0, 0, 0] -> [0, 0, 0, 2] -> [0, 0, 0, 2, 0] -> [0, 0, 0, 2, 0, 0]
SyncBFS: 0.33 ms, [] -> [0] -> [0, 0] -> [0, 0, 0] -> [0, 0, 0, 1] -> [0, 0, 0, 1, 0] -> [0, 0, 0, 1, 0, 1]
MultithreadBFS: 0.35 ms, [] -> [0] -> [0, 0] -> [0, 0, 0] -> [0, 0, 0, 1] -> [0, 0, 0, 1, 0] -> [0, 0, 0, 1, 0, 1]
TasksBFS: 0.33 ms, [] -> [0] -> [0, 0] -> [0, 0, 0] -> [0, 0, 0, 2] -> [0, 0, 0, 2, 0] -> [0, 0, 0, 2, 0, 0]

problem_43.yaml
SyncBFS: 0.2 ms, [] -> [0] -> [0, 0] -> [0, 0, 1] -> [0, 0, 1, 1] -> [0, 0, 1, 1, 1] -> [0, 0, 1, 1, 1, 2]
AsyncStartBFS: 1.72 ms, [] -> [0] -> [0, 2] -> [0, 2, 1] -> [0, 2, 1, 3] -> [0, 2, 1, 3, 1] -> [0, 2, 1, 3, 1, 3]
TasksBFS: 0.39 ms, [] -> [0] -> [0, 1] -> [0, 1, 1] -> [0, 1, 1, 0] -> [0, 1, 1, 0, 1] -> [0, 1, 1, 0, 1, 1]
MultithreadBFS: 0.3 ms, [] -> [0] -> [0, 2] -> [0, 2, 2] -> [0, 2, 2, 1] -> [0, 2, 2, 1, 0] -> [0, 2, 2, 1, 0, 3]

problem_41.yaml
MultithreadBFS: 0.35 ms, [] -> [1] -> [1, 2] -> [1, 2, 1] -> [1, 2, 1, 3] -> [1, 2, 1, 3, 2] -> [1, 2, 1, 3, 2, 2]
AsyncStartBFS: 1.16 ms, [] -> [1] -> [1, 2] -> [1, 2, 1] -> [1, 2, 1, 3] -> [1, 2, 1, 3, 2] -> [1, 2, 1, 3, 2, 2]
TasksBFS: 0.36 ms, [] -> [1] -> [1, 1] -> [1, 1, 2] -> [1, 1, 2, 2] -> [1, 1, 2, 2, 0] -> [1, 1, 2, 2, 0, 1]
SyncBFS: 0.25 ms, [] -> [1] -> [1, 1] -> [1, 1, 0] -> [1, 1, 0, 2] -> [1, 1, 0, 2, 2] -> [1, 1, 0, 2, 2, 1]

problem_39.yaml
SyncBFS: 0.02 ms, [] -> [3] -> [3, 0] -> [3, 0, 0] -> [3, 0, 0, 1] -> [3, 0, 0, 1, 1] -> [3, 0, 0, 1, 1, 1]
TasksBFS: 1.31 ms, [] -> [3] -> [3, 0] -> [3, 0, 2] -> [3, 0, 2, 1] -> [3, 0, 2, 1, 3] -> [3, 0, 2, 1, 3, 3]
MultithreadBFS: 0.36 ms, [] -> [3] -> [3, 2] -> [3, 2, 0] -> [3, 2, 0, 3] -> [3, 2, 0, 3, 2] -> [3, 2, 0, 3, 2, 0]
AsyncStartBFS: 1.14 ms, [] -> [3] -> [3, 2] -> [3, 2, 0] -> [3, 2, 0, 3] -> [3, 2, 0, 3, 1] -> [3, 2, 0, 3, 1, 1]

problem_38.yaml
TasksBFS: 0.44 ms, [] -> [0] -> [0, 1] -> [0, 1, 0] -> [0, 1, 0, 0] -> [0, 1, 0, 0, 0] -> [0, 1, 0, 0, 0, 3]
AsyncStartBFS: 1.17 ms, [] -> [0] -> [0, 1] -> [0, 1, 0] -> [0, 1, 0, 0] -> [0, 1, 0, 0, 0] -> [0, 1, 0, 0, 0, 3]
MultithreadBFS: 0.32 ms, [] -> [0] -> [0, 1] -> [0, 1, 0] -> [0, 1, 0, 0] -> [0, 1, 0, 0, 0] -> [0, 1, 0, 0, 0, 3]
SyncBFS: 0.07 ms, [] -> [0] -> [0, 0] -> [0, 0, 0] -> [0, 0, 0, 2] -> [0, 0, 0, 2, 0] -> [0, 0, 0, 2, 0, 0]

problem_36.yaml
AsyncStartBFS: 1.2 ms, [] -> [3] -> [3, 0] -> [3, 0, 2] -> [3, 0, 2, 1] -> [3, 0, 2, 1, 1] -> [3, 0, 2, 1, 1, 0]
TasksBFS: 0.34 ms, [] -> [3] -> [3, 2] -> [3, 2, 0] -> [3, 2, 0, 2] -> [3, 2, 0, 2, 2] -> [3, 2, 0, 2, 2, 2]
MultithreadBFS: 0.36 ms, [] -> [2] -> [2, 2] -> [2, 2, 2] -> [2, 2, 2, 3] -> [2, 2, 2, 3, 3] -> [2, 2, 2, 3, 3, 1]
SyncBFS: 0.07 ms, [] -> [2] -> [2, 1] -> [2, 1, 2] -> [2, 1, 2, 0] -> [2, 1, 2, 0, 0] -> [2, 1, 2, 0, 0, 3]

problem_44.yaml
SyncBFS: 0.16 ms, [] -> [0] -> [0, 0] -> [0, 0, 0] -> [0, 0, 0, 0] -> [0, 0, 0, 0, 1] -> [0, 0, 0, 0, 1, 0]
TasksBFS: 0.51 ms, [] -> [0] -> [0, 0] -> [0, 0, 3] -> [0, 0, 3, 2] -> [0, 0, 3, 2, 0] -> [0, 0, 3, 2, 0, 0]
MultithreadBFS: 0.33 ms, [] -> [2] -> [2, 2] -> [2, 2, 1] -> [2, 2, 1, 2] -> [2, 2, 1, 2, 0] -> [2, 2, 1, 2, 0, 1]
AsyncStartBFS: 1.18 ms, [] -> [2] -> [2, 2] -> [2, 2, 1] -> [2, 2, 1, 2] -> [2, 2, 1, 2, 0] -> [2, 2, 1, 2, 0, 1]

problem_35.yaml
TasksBFS: 0.34 ms, [] -> [0] -> [0, 2] -> [0, 2, 2] -> [0, 2, 2, 3] -> [0, 2, 2, 3, 0] -> [0, 2, 2, 3, 0, 2]
AsyncStartBFS: 1.19 ms, [] -> [0] -> [0, 2] -> [0, 2, 2] -> [0, 2, 2, 3] -> [0, 2, 2, 3, 0] -> [0, 2, 2, 3, 0, 2]
SyncBFS: 0.23 ms, [] -> [0] -> [0, 0] -> [0, 0, 1] -> [0, 0, 1, 1] -> [0, 0, 1, 1, 1] -> [0, 0, 1, 1, 1, 1]
MultithreadBFS: 0.4 ms, [] -> [0] -> [0, 2] -> [0, 2, 2] -> [0, 2, 2, 3] -> [0, 2, 2, 3, 0] -> [0, 2, 2, 3, 0, 2]

problem_46.yaml
TasksBFS: 0.33 ms, [] -> [0] -> [0, 2] -> [0, 2, 3] -> [0, 2, 3, 0] -> [0, 2, 3, 0, 1] -> [0, 2, 3, 0, 1, 0]
AsyncStartBFS: 1.17 ms, [] -> [3] -> [3, 0] -> [3, 0, 1] -> [3, 0, 1, 1] -> [3, 0, 1, 1, 0] -> [3, 0, 1, 1, 0, 1]
MultithreadBFS: 0.31 ms, [] -> [3] -> [3, 0] -> [3, 0, 1] -> [3, 0, 1, 1] -> [3, 0, 1, 1, 0] -> [3, 0, 1, 1, 0, 1]
SyncBFS: 0.13 ms, [] -> [0] -> [0, 1] -> [0, 1, 0] -> [0, 1, 0, 0] -> [0, 1, 0, 0, 0] -> [0, 1, 0, 0, 0, 0]

problem_34.yaml
AsyncStartBFS: 1.17 ms, [] -> [0] -> [0, 2] -> [0, 2, 3] -> [0, 2, 3, 1] -> [0, 2, 3, 1, 2] -> [0, 2, 3, 1, 2, 0]
MultithreadBFS: 0.36 ms, [] -> [0] -> [0, 2] -> [0, 2, 2] -> [0, 2, 2, 3] -> [0, 2, 2, 3, 1] -> [0, 2, 2, 3, 1, 3]
SyncBFS: 0.24 ms, [] -> [0] -> [0, 0] -> [0, 0, 2] -> [0, 0, 2, 0] -> [0, 0, 2, 0, 0] -> [0, 0, 2, 0, 0, 1]
TasksBFS: 0.31 ms, [] -> [0] -> [0, 0] -> [0, 0, 2] -> [0, 0, 2, 1] -> [0, 0, 2, 1, 2] -> [0, 0, 2, 1, 2, 0]

problem_32.yaml
TasksBFS: 0.38 ms, [] -> [0] -> [0, 0] -> [0, 0, 0] -> [0, 0, 0, 2] -> [0, 0, 0, 2, 1] -> [0, 0, 0, 2, 1, 0]
SyncBFS: 0.16 ms, [] -> [0] -> [0, 0] -> [0, 0, 0] -> [0, 0, 0, 0] -> [0, 0, 0, 0, 0] -> [0, 0, 0, 0, 0, 0]
MultithreadBFS: 0.37 ms, [] -> [2] -> [2, 2] -> [2, 2, 0] -> [2, 2, 0, 1] -> [2, 2, 0, 1, 0] -> [2, 2, 0, 1, 0, 1]
AsyncStartBFS: 1.17 ms, [] -> [2] -> [2, 2] -> [2, 2, 0] -> [2, 2, 0, 1] -> [2, 2, 0, 1, 0] -> [2, 2, 0, 1, 0, 1]

problem_31.yaml
TasksBFS: 0.37 ms, [] -> [0] -> [0, 3] -> [0, 3, 0] -> [0, 3, 0, 0] -> [0, 3, 0, 0, 3] -> [0, 3, 0, 0, 3, 1]
AsyncStartBFS: 1.14 ms, [] -> [0] -> [0, 3] -> [0, 3, 2] -> [0, 3, 2, 1] -> [0, 3, 2, 1, 3] -> [0, 3, 2, 1, 3, 3]
SyncBFS: 0.26 ms, [] -> [0] -> [0, 2] -> [0, 2, 0] -> [0, 2, 0, 0] -> [0, 2, 0, 0, 2] -> [0, 2, 0, 0, 2, 1]
MultithreadBFS: 0.32 ms, [] -> [1] -> [1, 1] -> [1, 1, 0] -> [1, 1, 0, 0] -> [1, 1, 0, 0, 0] -> [1, 1, 0, 0, 0, 1]

problem_30.yaml
SyncBFS: 0.16 ms, [] -> [0] -> [0, 0] -> [0, 0, 0] -> [0, 0, 0, 0] -> [0, 0, 0, 0, 3] -> [0, 0, 0, 0, 3, 2]
MultithreadBFS: 0.77 ms, [] -> [2] -> [2, 2] -> [2, 2, 0] -> [2, 2, 0, 1] -> [2, 2, 0, 1, 0] -> [2, 2, 0, 1, 0, 2]
TasksBFS: 0.33 ms, [] -> [2] -> [2, 0] -> [2, 0, 2] -> [2, 0, 2, 2] -> [2, 0, 2, 2, 0] -> [2, 0, 2, 2, 0, 0]
AsyncStartBFS: 1.15 ms, [] -> [2] -> [2, 2] -> [2, 2, 0] -> [2, 2, 0, 1] -> [2, 2, 0, 1, 0] -> [2, 2, 0, 1, 0, 2]

problem_10.yaml
AsyncStartBFS: 1.19 ms, [] -> [1] -> [1, 0] -> [1, 0, 2] -> [1, 0, 2, 0] -> [1, 0, 2, 0, 1] -> [1, 0, 2, 0, 1, 3]
MultithreadBFS: 0.35 ms, [] -> [3] -> [3, 2] -> [3, 2, 0] -> [3, 2, 0, 0] -> [3, 2, 0, 0, 0] -> [3, 2, 0, 0, 0, 2]
SyncBFS: 0.31 ms, [] -> [1] -> [1, 0] -> [1, 0, 2] -> [1, 0, 2, 0] -> [1, 0, 2, 0, 1] -> [1, 0, 2, 0, 1, 3]
TasksBFS: 0.39 ms, [] -> [1] -> [1, 2] -> [1, 2, 3] -> [1, 2, 3, 0] -> [1, 2, 3, 0, 1] -> [1, 2, 3, 0, 1, 2]

problem_09.yaml
MultithreadBFS: 0.36 ms, [] -> [0] -> [0, 3] -> [0, 3, 2] -> [0, 3, 2, 1] -> [0, 3, 2, 1, 1] -> [0, 3, 2, 1, 1, 3]
SyncBFS: 0.27 ms, [] -> [0] -> [0, 0] -> [0, 0, 1] -> [0, 0, 1, 0] -> [0, 0, 1, 0, 3] -> [0, 0, 1, 0, 3, 1]
TasksBFS: 0.35 ms, [] -> [0] -> [0, 1] -> [0, 1, 3] -> [0, 1, 3, 1] -> [0, 1, 3, 1, 1] -> [0, 1, 3, 1, 1, 1]
AsyncStartBFS: 1.15 ms, [] -> [0] -> [0, 0] -> [0, 0, 3] -> [0, 0, 3, 0] -> [0, 0, 3, 0, 0] -> [0, 0, 3, 0, 0, 1]

problem_12.yaml
TasksBFS: 0.35 ms, [] -> [1] -> [1, 1] -> [1, 1, 1] -> [1, 1, 1, 3] -> [1, 1, 1, 3, 0] -> [1, 1, 1, 3, 0, 2]
MultithreadBFS: 0.33 ms, [] -> [1] -> [1, 1] -> [1, 1, 1] -> [1, 1, 1, 2] -> [1, 1, 1, 2, 0] -> [1, 1, 1, 2, 0, 2]
AsyncStartBFS: 1.13 ms, [] -> [1] -> [1, 1] -> [1, 1, 1] -> [1, 1, 1, 2] -> [1, 1, 1, 2, 0] -> [1, 1, 1, 2, 0, 2]
SyncBFS: 0.09 ms, [] -> [1] -> [1, 0] -> [1, 0, 2] -> [1, 0, 2, 0] -> [1, 0, 2, 0, 0] -> [1, 0, 2, 0, 0, 2]

problem_47.yaml
SyncBFS: 0.09 ms, [] -> [0] -> [0, 0] -> [0, 0, 1] -> [0, 0, 1, 0] -> [0, 0, 1, 0, 0] -> [0, 0, 1, 0, 0, 1]
TasksBFS: 0.52 ms, [] -> [0] -> [0, 0] -> [0, 0, 2] -> [0, 0, 2, 2] -> [0, 0, 2, 2, 2] -> [0, 0, 2, 2, 2, 0]
MultithreadBFS: 0.36 ms, [] -> [1] -> [1, 3] -> [1, 3, 2] -> [1, 3, 2, 0] -> [1, 3, 2, 0, 0] -> [1, 3, 2, 0, 0, 3]
AsyncStartBFS: 1.13 ms, [] -> [1] -> [1, 3] -> [1, 3, 1] -> [1, 3, 1, 3] -> [1, 3, 1, 3, 0] -> [1, 3, 1, 3, 0, 2]

problem_11.yaml
MultithreadBFS: 0.38 ms, [] -> [1] -> [1, 3] -> [1, 3, 1] -> [1, 3, 1, 3] -> [1, 3, 1, 3, 0] -> [1, 3, 1, 3, 0, 2]
TasksBFS: 0.35 ms, [] -> [0] -> [0, 0] -> [0, 0, 3] -> [0, 0, 3, 0] -> [0, 0, 3, 0, 2] -> [0, 0, 3, 0, 2, 1]
AsyncStartBFS: 1.18 ms, [] -> [1] -> [1, 3] -> [1, 3, 1] -> [1, 3, 1, 2] -> [1, 3, 1, 2, 0] -> [1, 3, 1, 2, 0, 0]
SyncBFS: 0.14 ms, [] -> [0] -> [0, 0] -> [0, 0, 1] -> [0, 0, 1, 0] -> [0, 0, 1, 0, 3] -> [0, 0, 1, 0, 3, 3]

problem_01.yaml
MultithreadBFS: 0.37 ms, [] -> [2] -> [2, 3] -> [2, 3, 3] -> [2, 3, 3, 2] -> [2, 3, 3, 2, 1] -> [2, 3, 3, 2, 1, 2]
AsyncStartBFS: 1.17 ms, [] -> [2] -> [2, 3] -> [2, 3, 2] -> [2, 3, 2, 3] -> [2, 3, 2, 3, 0] -> [2, 3, 2, 3, 0, 3]
TasksBFS: 0.49 ms, [] -> [2] -> [2, 3] -> [2, 3, 3] -> [2, 3, 3, 0] -> [2, 3, 3, 0, 2] -> [2, 3, 3, 0, 2, 1]
SyncBFS: 0.23 ms, [] -> [2] -> [2, 1] -> [2, 1, 1] -> [2, 1, 1, 0] -> [2, 1, 1, 0, 0] -> [2, 1, 1, 0, 0, 0]

problem_08.yaml
MultithreadBFS: 0.41 ms, [] -> [1] -> [1, 3] -> [1, 3, 0] -> [1, 3, 0, 3] -> [1, 3, 0, 3, 2] -> [1, 3, 0, 3, 2, 2]
TasksBFS: 0.34 ms, [] -> [1] -> [1, 0] -> [1, 0, 0] -> [1, 0, 0, 3] -> [1, 0, 0, 3, 1] -> [1, 0, 0, 3, 1, 1]
SyncBFS: 0.21 ms, [] -> [1] -> [1, 0] -> [1, 0, 0] -> [1, 0, 0, 0] -> [1, 0, 0, 0, 0] -> [1, 0, 0, 0, 0, 3]
AsyncStartBFS: 1.22 ms, [] -> [1] -> [1, 2] -> [1, 2, 3] -> [1, 2, 3, 0] -> [1, 2, 3, 0, 3] -> [1, 2, 3, 0, 3, 2]

problem_06.yaml
TasksBFS: 0.4 ms, [] -> [0] -> [0, 0] -> [0, 0, 0] -> [0, 0, 0, 1] -> [0, 0, 0, 1, 1] -> [0, 0, 0, 1, 1, 0]
SyncBFS: 0.16 ms, [] -> [0] -> [0, 0] -> [0, 0, 0] -> [0, 0, 0, 0] -> [0, 0, 0, 0, 0] -> [0, 0, 0, 0, 0, 1]
AsyncStartBFS: 1.16 ms, [] -> [0] -> [0, 2] -> [0, 2, 2] -> [0, 2, 2, 3] -> [0, 2, 2, 3, 1] -> [0, 2, 2, 3, 1, 3]
MultithreadBFS: 0.4 ms, [] -> [2] -> [2, 1] -> [2, 1, 1] -> [2, 1, 1, 2] -> [2, 1, 1, 2, 1] -> [2, 1, 1, 2, 1, 2]

problem_19.yaml
AsyncStartBFS: 1.19 ms, [] -> [0] -> [0, 0] -> [0, 0, 2] -> [0, 0, 2, 1] -> [0, 0, 2, 1, 1] -> [0, 0, 2, 1, 1, 2]
SyncBFS: 0.32 ms, [] -> [0] -> [0, 0] -> [0, 0, 2] -> [0, 0, 2, 1] -> [0, 0, 2, 1, 1] -> [0, 0, 2, 1, 1, 2]
TasksBFS: 0.33 ms, [] -> [0] -> [0, 2] -> [0, 2, 2] -> [0, 2, 2, 0] -> [0, 2, 2, 0, 0] -> [0, 2, 2, 0, 0, 1]
MultithreadBFS: 0.32 ms, [] -> [0] -> [0, 0] -> [0, 0, 2] -> [0, 0, 2, 1] -> [0, 0, 2, 1, 1] -> [0, 0, 2, 1, 1, 2]

problem_40.yaml
TasksBFS: 0.36 ms, [] -> [1] -> [1, 0] -> [1, 0, 1] -> [1, 0, 1, 1] -> [1, 0, 1, 1, 2] -> [1, 0, 1, 1, 2, 1]
AsyncStartBFS: 1.17 ms, [] -> [1] -> [1, 0] -> [1, 0, 1] -> [1, 0, 1, 0] -> [1, 0, 1, 0, 2] -> [1, 0, 1, 0, 2, 2]
MultithreadBFS: 0.35 ms, [] -> [1] -> [1, 0] -> [1, 0, 1] -> [1, 0, 1, 0] -> [1, 0, 1, 0, 2] -> [1, 0, 1, 0, 2, 2]
SyncBFS: 0.1 ms, [] -> [1] -> [1, 0] -> [1, 0, 1] -> [1, 0, 1, 0] -> [1, 0, 1, 0, 2] -> [1, 0, 1, 0, 2, 2]

problem_04.yaml
TasksBFS: 0.28 ms, No solution found!
SyncBFS: 0 ms, No solution found!
AsyncStartBFS: 0 ms, No solution found!
MultithreadBFS: 0 ms, No solution found!

problem_33.yaml
SyncBFS: 0.02 ms, [] -> [0] -> [0, 0] -> [0, 0, 1] -> [0, 0, 1, 1] -> [0, 0, 1, 1, 2] -> [0, 0, 1, 1, 2, 3]
AsyncStartBFS: 1.48 ms, [] -> [0] -> [0, 2] -> [0, 2, 3] -> [0, 2, 3, 3] -> [0, 2, 3, 3, 3] -> [0, 2, 3, 3, 3, 1]
TasksBFS: 0.35 ms, [] -> [0] -> [0, 2] -> [0, 2, 3] -> [0, 2, 3, 3] -> [0, 2, 3, 3, 3] -> [0, 2, 3, 3, 3, 1]
MultithreadBFS: 0.38 ms, [] -> [0] -> [0, 0] -> [0, 0, 1] -> [0, 0, 1, 1] -> [0, 0, 1, 1, 2] -> [0, 0, 1, 1, 2, 3]

problem_21.yaml
TasksBFS: 0.36 ms, [] -> [0] -> [0, 0] -> [0, 0, 0] -> [0, 0, 0, 2] -> [0, 0, 0, 2, 0] -> [0, 0, 0, 2, 0, 3]
SyncBFS: 0.26 ms, [] -> [0] -> [0, 0] -> [0, 0, 0] -> [0, 0, 0, 1] -> [0, 0, 0, 1, 0] -> [0, 0, 0, 1, 0, 0]
MultithreadBFS: 0.34 ms, [] -> [0] -> [0, 1] -> [0, 1, 1] -> [0, 1, 1, 3] -> [0, 1, 1, 3, 0] -> [0, 1, 1, 3, 0, 3]
AsyncStartBFS: 1.16 ms, [] -> [0] -> [0, 1] -> [0, 1, 1] -> [0, 1, 1, 2] -> [0, 1, 1, 2, 1] -> [0, 1, 1, 2, 1, 1]

problem_24.yaml
SyncBFS: 0.19 ms, [] -> [0] -> [0, 1] -> [0, 1, 0] -> [0, 1, 0, 0] -> [0, 1, 0, 0, 1] -> [0, 1, 0, 0, 1, 2]
AsyncStartBFS: 1.72 ms, [] -> [0] -> [0, 2] -> [0, 2, 2] -> [0, 2, 2, 1] -> [0, 2, 2, 1, 1] -> [0, 2, 2, 1, 1, 0]
MultithreadBFS: 0.38 ms, [] -> [0] -> [0, 2] -> [0, 2, 2] -> [0, 2, 2, 1] -> [0, 2, 2, 1, 1] -> [0, 2, 2, 1, 1, 0]
TasksBFS: 0.29 ms, [] -> [0] -> [0, 1] -> [0, 1, 0] -> [0, 1, 0, 2] -> [0, 1, 0, 2, 1] -> [0, 1, 0, 2, 1, 0]

problem_03.yaml
TasksBFS: 0.34 ms, [] -> [0] -> [0, 0] -> [0, 0, 3] -> [0, 0, 3, 2] -> [0, 0, 3, 2, 2] -> [0, 0, 3, 2, 2, 2]
AsyncStartBFS: 1.18 ms, [] -> [0] -> [0, 3] -> [0, 3, 3] -> [0, 3, 3, 0] -> [0, 3, 3, 0, 0] -> [0, 3, 3, 0, 0, 3]
SyncBFS: 0.05 ms, [] -> [0] -> [0, 0] -> [0, 0, 0] -> [0, 0, 0, 0] -> [0, 0, 0, 0, 0] -> [0, 0, 0, 0, 0, 2]
MultithreadBFS: 0.36 ms, [] -> [0] -> [0, 3] -> [0, 3, 3] -> [0, 3, 3, 3] -> [0, 3, 3, 3, 3] -> [0, 3, 3, 3, 3, 2]

problem_07.yaml
TasksBFS: 0.39 ms, [] -> [2] -> [2, 0] -> [2, 0, 0] -> [2, 0, 0, 0] -> [2, 0, 0, 0, 0] -> [2, 0, 0, 0, 0, 3]
MultithreadBFS: 0.32 ms, [] -> [2] -> [2, 0] -> [2, 0, 2] -> [2, 0, 2, 0] -> [2, 0, 2, 0, 0] -> [2, 0, 2, 0, 0, 1]
SyncBFS: 0.19 ms, [] -> [0] -> [0, 1] -> [0, 1, 1] -> [0, 1, 1, 0] -> [0, 1, 1, 0, 0] -> [0, 1, 1, 0, 0, 3]
AsyncStartBFS: 1.15 ms, [] -> [2] -> [2, 0] -> [2, 0, 0] -> [2, 0, 0, 0] -> [2, 0, 0, 0, 0] -> [2, 0, 0, 0, 0, 3]

problem_42.yaml
AsyncStartBFS: 1.19 ms, [] -> [0] -> [0, 1] -> [0, 1, 1] -> [0, 1, 1, 2] -> [0, 1, 1, 2, 1] -> [0, 1, 1, 2, 1, 0]
SyncBFS: 0.3 ms, [] -> [0] -> [0, 1] -> [0, 1, 0] -> [0, 1, 0, 0] -> [0, 1, 0, 0, 2] -> [0, 1, 0, 0, 2, 3]
MultithreadBFS: 0.42 ms, [] -> [0] -> [0, 1] -> [0, 1, 1] -> [0, 1, 1, 3] -> [0, 1, 1, 3, 2] -> [0, 1, 1, 3, 2, 1]
TasksBFS: 0.33 ms, [] -> [0] -> [0, 1] -> [0, 1, 1] -> [0, 1, 1, 2] -> [0, 1, 1, 2, 1] -> [0, 1, 1, 2, 1, 0]

problem_02.yaml
SyncBFS: 0.12 ms, [] -> [0] -> [0, 2] -> [0, 2, 1] -> [0, 2, 1, 1] -> [0, 2, 1, 1, 0] -> [0, 2, 1, 1, 0, 0]
AsyncStartBFS: 1.34 ms, [] -> [1] -> [1, 2] -> [1, 2, 0] -> [1, 2, 0, 3] -> [1, 2, 0, 3, 3] -> [1, 2, 0, 3, 3, 1]
TasksBFS: 0.39 ms, [] -> [0] -> [0, 2] -> [0, 2, 1] -> [0, 2, 1, 2] -> [0, 2, 1, 2, 3] -> [0, 2, 1, 2, 3, 3]
MultithreadBFS: 0.32 ms, [] -> [1] -> [1, 2] -> [1, 2, 0] -> [1, 2, 0, 3] -> [1, 2, 0, 3, 3] -> [1, 2, 0, 3, 3, 1]

problem_29.yaml
SyncBFS: 0.14 ms, [] -> [1] -> [1, 2] -> [1, 2, 0] -> [1, 2, 0, 0] -> [1, 2, 0, 0, 0] -> [1, 2, 0, 0, 0, 2]
MultithreadBFS: 0.67 ms, [] -> [1] -> [1, 3] -> [1, 3, 1] -> [1, 3, 1, 0] -> [1, 3, 1, 0, 0] -> [1, 3, 1, 0, 0, 1]
AsyncStartBFS: 1.19 ms, [] -> [1] -> [1, 3] -> [1, 3, 1] -> [1, 3, 1, 0] -> [1, 3, 1, 0, 0] -> [1, 3, 1, 0, 0, 1]
TasksBFS: 0.37 ms, [] -> [1] -> [1, 2] -> [1, 2, 0] -> [1, 2, 0, 0] -> [1, 2, 0, 0, 0] -> [1, 2, 0, 0, 0, 2]

problem_00.yaml
MultithreadBFS: 0.36 ms, [] -> [0] -> [0, 1] -> [0, 1, 1] -> [0, 1, 1, 1] -> [0, 1, 1, 1, 0] -> [0, 1, 1, 1, 0, 2]
SyncBFS: 0.25 ms, [] -> [0] -> [0, 0] -> [0, 0, 0] -> [0, 0, 0, 3] -> [0, 0, 0, 3, 1] -> [0, 0, 0, 3, 1, 1]
TasksBFS: 0.38 ms, [] -> [0] -> [0, 1] -> [0, 1, 0] -> [0, 1, 0, 3] -> [0, 1, 0, 3, 0] -> [0, 1, 0, 3, 0, 3]
AsyncStartBFS: 1.13 ms, [] -> [0] -> [0, 1] -> [0, 1, 0] -> [0, 1, 0, 3] -> [0, 1, 0, 3, 0] -> [0, 1, 0, 3, 0, 3]

problem_13.yaml
AsyncStartBFS: 1.37 ms, [] -> [0] -> [0, 0] -> [0, 0, 2] -> [0, 0, 2, 0] -> [0, 0, 2, 0, 1] -> [0, 0, 2, 0, 1, 2]
TasksBFS: 0.32 ms, [] -> [0] -> [0, 0] -> [0, 0, 2] -> [0, 0, 2, 0] -> [0, 0, 2, 0, 1] -> [0, 0, 2, 0, 1, 2]
MultithreadBFS: 0.31 ms, [] -> [0] -> [0, 0] -> [0, 0, 1] -> [0, 0, 1, 2] -> [0, 0, 1, 2, 1] -> [0, 0, 1, 2, 1, 3]
SyncBFS: 0.34 ms, [] -> [0] -> [0, 0] -> [0, 0, 0] -> [0, 0, 0, 1] -> [0, 0, 0, 1, 0] -> [0, 0, 0, 1, 0, 1]

problem_16.yaml
TasksBFS: 0.35 ms, [] -> [0] -> [0, 3] -> [0, 3, 0] -> [0, 3, 0, 0] -> [0, 3, 0, 0, 0] -> [0, 3, 0, 0, 0, 0]
SyncBFS: 0.36 ms, [] -> [0] -> [0, 0] -> [0, 0, 1] -> [0, 0, 1, 0] -> [0, 0, 1, 0, 1] -> [0, 0, 1, 0, 1, 2]
AsyncStartBFS: 1.22 ms, [] -> [3] -> [3, 0] -> [3, 0, 3] -> [3, 0, 3, 1] -> [3, 0, 3, 1, 0] -> [3, 0, 3, 1, 0, 1]
MultithreadBFS: 0.36 ms, [] -> [3] -> [3, 0] -> [3, 0, 2] -> [3, 0, 2, 1] -> [3, 0, 2, 1, 1] -> [3, 0, 2, 1, 1, 1]

problem_20.yaml
SyncBFS: 0.81 ms, [] -> [2] -> [2, 3] -> [2, 3, 0] -> [2, 3, 0, 0] -> [2, 3, 0, 0, 1] -> [2, 3, 0, 0, 1, 0]
MultithreadBFS: 844.61 ms, [] -> [2] -> [2, 3] -> [2, 3, 0] -> [2, 3, 0, 3] -> [2, 3, 0, 3, 3] -> [2, 3, 0, 3, 3, 2]
AsyncStartBFS: 1.22 ms, [] -> [2] -> [2, 3] -> [2, 3, 0] -> [2, 3, 0, 0] -> [2, 3, 0, 0, 2] -> [2, 3, 0, 0, 2, 0]
TasksBFS: 0.34 ms, [] -> [2] -> [2, 3] -> [2, 3, 0] -> [2, 3, 0, 0] -> [2, 3, 0, 0, 2] -> [2, 3, 0, 0, 2, 0]

problem_18.yaml
MultithreadBFS: 0.39 ms, [] -> [2] -> [2, 2] -> [2, 2, 1] -> [2, 2, 1, 3] -> [2, 2, 1, 3, 0] -> [2, 2, 1, 3, 0, 3]
TasksBFS: 0.34 ms, [] -> [1] -> [1, 3] -> [1, 3, 0] -> [1, 3, 0, 3] -> [1, 3, 0, 3, 0] -> [1, 3, 0, 3, 0, 3]
SyncBFS: 0.16 ms, [] -> [1] -> [1, 2] -> [1, 2, 1] -> [1, 2, 1, 0] -> [1, 2, 1, 0, 1] -> [1, 2, 1, 0, 1, 3]
AsyncStartBFS: 1.13 ms, [] -> [2] -> [2, 2] -> [2, 2, 1] -> [2, 2, 1, 2] -> [2, 2, 1, 2, 0] -> [2, 2, 1, 2, 0, 1]

problem_05.yaml
MultithreadBFS: 0.36 ms, [] -> [1] -> [1, 0] -> [1, 0, 2] -> [1, 0, 2, 3] -> [1, 0, 2, 3, 0] -> [1, 0, 2, 3, 0, 1]
TasksBFS: 0.33 ms, [] -> [1] -> [1, 0] -> [1, 0, 1] -> [1, 0, 1, 1] -> [1, 0, 1, 1, 2] -> [1, 0, 1, 1, 2, 0]
SyncBFS: 0.07 ms, [] -> [1] -> [1, 0] -> [1, 0, 1] -> [1, 0, 1, 0] -> [1, 0, 1, 0, 0] -> [1, 0, 1, 0, 0, 1]
AsyncStartBFS: 1.14 ms, [] -> [1] -> [1, 0] -> [1, 0, 2] -> [1, 0, 2, 2] -> [1, 0, 2, 2, 0] -> [1, 0, 2, 2, 0, 0]

problem_15.yaml
TasksBFS: 0.37 ms, [] -> [2] -> [2, 1] -> [2, 1, 0] -> [2, 1, 0, 2] -> [2, 1, 0, 2, 3] -> [2, 1, 0, 2, 3, 0]
MultithreadBFS: 0.33 ms, [] -> [2] -> [2, 1] -> [2, 1, 1] -> [2, 1, 1, 0] -> [2, 1, 1, 0, 1] -> [2, 1, 1, 0, 1, 0]
SyncBFS: 0.09 ms, [] -> [1] -> [1, 1] -> [1, 1, 0] -> [1, 1, 0, 0] -> [1, 1, 0, 0, 0] -> [1, 1, 0, 0, 0, 3]
AsyncStartBFS: 1.19 ms, [] -> [2] -> [2, 1] -> [2, 1, 0] -> [2, 1, 0, 2] -> [2, 1, 0, 2, 2] -> [2, 1, 0, 2, 2, 1]

problem_17.yaml
AsyncStartBFS: 1.33 ms, [] -> [0] -> [0, 2] -> [0, 2, 0] -> [0, 2, 0, 1] -> [0, 2, 0, 1, 3] -> [0, 2, 0, 1, 3, 1]
MultithreadBFS: 0.42 ms, [] -> [0] -> [0, 2] -> [0, 2, 1] -> [0, 2, 1, 1] -> [0, 2, 1, 1, 0] -> [0, 2, 1, 1, 0, 2]
TasksBFS: 0.33 ms, [] -> [3] -> [3, 0] -> [3, 0, 0] -> [3, 0, 0, 1] -> [3, 0, 0, 1, 0] -> [3, 0, 0, 1, 0, 2]
SyncBFS: 0.27 ms, [] -> [0] -> [0, 1] -> [0, 1, 1] -> [0, 1, 1, 0] -> [0, 1, 1, 0, 1] -> [0, 1, 1, 0, 1, 1]

problem_37.yaml
AsyncStartBFS: 1.19 ms, [] -> [3] -> [3, 0] -> [3, 0, 3] -> [3, 0, 3, 2] -> [3, 0, 3, 2, 0] -> [3, 0, 3, 2, 0, 0]
SyncBFS: 0.17 ms, [] -> [1] -> [1, 0] -> [1, 0, 1] -> [1, 0, 1, 1] -> [1, 0, 1, 1, 2] -> [1, 0, 1, 1, 2, 2]
MultithreadBFS: 0.33 ms, [] -> [3] -> [3, 0] -> [3, 0, 3] -> [3, 0, 3, 1] -> [3, 0, 3, 1, 0] -> [3, 0, 3, 1, 0, 1]
TasksBFS: 0.31 ms, [] -> [1] -> [1, 0] -> [1, 0, 1] -> [1, 0, 1, 2] -> [1, 0, 1, 2, 0] -> [1, 0, 1, 2, 0, 1]

problem_22.yaml
AsyncStartBFS: 1.17 ms, [] -> [0] -> [0, 0] -> [0, 0, 1] -> [0, 0, 1, 2] -> [0, 0, 1, 2, 0] -> [0, 0, 1, 2, 0, 0]
SyncBFS: 0.32 ms, [] -> [0] -> [0, 0] -> [0, 0, 0] -> [0, 0, 0, 0] -> [0, 0, 0, 0, 0] -> [0, 0, 0, 0, 0, 2]
TasksBFS: 0.39 ms, [] -> [0] -> [0, 0] -> [0, 0, 1] -> [0, 0, 1, 1] -> [0, 0, 1, 1, 3] -> [0, 0, 1, 1, 3, 2]
MultithreadBFS: 0.32 ms, [] -> [0] -> [0, 0] -> [0, 0, 1] -> [0, 0, 1, 2] -> [0, 0, 1, 2, 0] -> [0, 0, 1, 2, 0, 0]

problem_23.yaml
SyncBFS: 0.01 ms, [] -> [3] -> [3, 0] -> [3, 0, 1] -> [3, 0, 1, 1] -> [3, 0, 1, 1, 1] -> [3, 0, 1, 1, 1, 1]
TasksBFS: 0.04 ms, [] -> [3] -> [3, 0] -> [3, 0, 1] -> [3, 0, 1, 1] -> [3, 0, 1, 1, 1] -> [3, 0, 1, 1, 1, 1]
MultithreadBFS: 0.23 ms, [] -> [3] -> [3, 0] -> [3, 0, 1] -> [3, 0, 1, 1] -> [3, 0, 1, 1, 1] -> [3, 0, 1, 1, 1, 1]
AsyncStartBFS: 0.01 ms, [] -> [3] -> [3, 0] -> [3, 0, 1] -> [3, 0, 1, 1] -> [3, 0, 1, 1, 1] -> [3, 0, 1, 1, 1, 1]

problem_25.yaml
TasksBFS: 0.34 ms, [] -> [0] -> [0, 2] -> [0, 2, 2] -> [0, 2, 2, 2] -> [0, 2, 2, 2, 1] -> [0, 2, 2, 2, 1, 0]
MultithreadBFS: 0.32 ms, [] -> [0] -> [0, 0] -> [0, 0, 0] -> [0, 0, 0, 2] -> [0, 0, 0, 2, 0] -> [0, 0, 0, 2, 0, 3]
SyncBFS: 0.13 ms, [] -> [0] -> [0, 0] -> [0, 0, 0] -> [0, 0, 0, 2] -> [0, 0, 0, 2, 0] -> [0, 0, 0, 2, 0, 3]
AsyncStartBFS: 1.17 ms, [] -> [0] -> [0, 0] -> [0, 0, 0] -> [0, 0, 0, 2] -> [0, 0, 0, 2, 0] -> [0, 0, 0, 2, 0, 3]

problem_27.yaml
MultithreadBFS: 0.43 ms, [] -> [3] -> [3, 1] -> [3, 1, 0] -> [3, 1, 0, 3] -> [3, 1, 0, 3, 0] -> [3, 1, 0, 3, 0, 1]
AsyncStartBFS: 1.16 ms, [] -> [3] -> [3, 1] -> [3, 1, 0] -> [3, 1, 0, 1] -> [3, 1, 0, 1, 2] -> [3, 1, 0, 1, 2, 0]
SyncBFS: 0.18 ms, [] -> [0] -> [0, 2] -> [0, 2, 0] -> [0, 2, 0, 1] -> [0, 2, 0, 1, 1] -> [0, 2, 0, 1, 1, 2]
TasksBFS: 0.34 ms, [] -> [0] -> [0, 2] -> [0, 2, 0] -> [0, 2, 0, 2] -> [0, 2, 0, 2, 3] -> [0, 2, 0, 2, 3, 2]

problem_26.yaml
TasksBFS: 0.4 ms, [] -> [0] -> [0, 0] -> [0, 0, 3] -> [0, 0, 3, 3] -> [0, 0, 3, 3, 3] -> [0, 0, 3, 3, 3, 2]
AsyncStartBFS: 1.15 ms, [] -> [0] -> [0, 0] -> [0, 0, 3] -> [0, 0, 3, 0] -> [0, 0, 3, 0, 3] -> [0, 0, 3, 0, 3, 2]
SyncBFS: 0.33 ms, [] -> [0] -> [0, 0] -> [0, 0, 1] -> [0, 0, 1, 0] -> [0, 0, 1, 0, 0] -> [0, 0, 1, 0, 0, 2]
MultithreadBFS: 0.34 ms, [] -> [0] -> [0, 0] -> [0, 0, 3] -> [0, 0, 3, 0] -> [0, 0, 3, 0, 3] -> [0, 0, 3, 0, 3, 2]

problem_14.yaml
MultithreadBFS: 0.38 ms, [] -> [0] -> [0, 3] -> [0, 3, 2] -> [0, 3, 2, 3] -> [0, 3, 2, 3, 0] -> [0, 3, 2, 3, 0, 2]
AsyncStartBFS: 1.15 ms, [] -> [0] -> [0, 3] -> [0, 3, 0] -> [0, 3, 0, 0] -> [0, 3, 0, 0, 2] -> [0, 3, 0, 0, 2, 0]
TasksBFS: 0.38 ms, [] -> [0] -> [0, 3] -> [0, 3, 0] -> [0, 3, 0, 0] -> [0, 3, 0, 0, 2] -> [0, 3, 0, 0, 2, 0]
SyncBFS: 0.23 ms, [] -> [0] -> [0, 0] -> [0, 0, 3] -> [0, 0, 3, 2] -> [0, 0, 3, 2, 3] -> [0, 0, 3, 2, 3, 3]

problem_28.yaml
AsyncStartBFS: 1.15 ms, [] -> [2] -> [2, 1] -> [2, 1, 0] -> [2, 1, 0, 1] -> [2, 1, 0, 1, 3] -> [2, 1, 0, 1, 3, 2]
SyncBFS: 0.18 ms, [] -> [1] -> [1, 0] -> [1, 0, 1] -> [1, 0, 1, 2] -> [1, 0, 1, 2, 3] -> [1, 0, 1, 2, 3, 0]
TasksBFS: 0.39 ms, [] -> [1] -> [1, 0] -> [1, 0, 3] -> [1, 0, 3, 2] -> [1, 0, 3, 2, 0] -> [1, 0, 3, 2, 0, 2]
MultithreadBFS: 0.29 ms, [] -> [2] -> [2, 1] -> [2, 1, 0] -> [2, 1, 0, 3] -> [2, 1, 0, 3, 1] -> [2, 1, 0, 3, 1, 2]


[INFO] Results summary:
AsyncStartBFS
	Average: 1.1606 ms
	Median: 1.17 ms
	Standard Deviation: 0.265725 ms
TasksBFS
	Average: 0.3748 ms
	Median: 0.35 ms
	Standard Deviation: 0.148664 ms
SyncBFS
	Average: 0.1978 ms
	Median: 0.185 ms
	Standard Deviation: 0.128908 ms
MultithreadBFS
	Average: 17.2478 ms
	Median: 0.36 ms
	Standard Deviation: 118.195 ms
