problem_49.yaml
TasksBFS: 0.41 ms, [] -> [0] -> [0, 2] -> [0, 2, 0] -> [0, 2, 0, 3] -> [0, 2, 0, 3, 0] -> [0, 2, 0, 3, 0, 0]
AsyncStartBFS: 1.18 ms, [] -> [0] -> [0, 2] -> [0, 2, 0] -> [0, 2, 0, 3] -> [0, 2, 0, 3, 0] -> [0, 2, 0, 3, 0, 0]
MultithreadBFS: 0.34 ms, [] -> [0] -> [0, 2] -> [0, 2, 1] -> [0, 2, 1, 2] -> [0, 2, 1, 2, 2] -> [0, 2, 1, 2, 2, 2]
SyncBFS: 0.22 ms, [] -> [0] -> [0, 0] -> [0, 0, 0] -> [0, 0, 0, 0] -> [0, 0, 0, 0, 1] -> [0, 0, 0, 0, 1, 1]

problem_48.yaml
TasksBFS: 0.4 ms, [] -> [0] -> [0, 0] -> [0, 0, 3] -> [0, 0, 3, 3] -> [0, 0, 3, 3, 2] -> [0, 0, 3, 3, 2, 0]
MultithreadBFS: 0.32 ms, [] -> [0] -> [0, 1] -> [0, 1, 0] -> [0, 1, 0, 1] -> [0, 1, 0, 1, 3] -> [0, 1, 0, 1, 3, 1]
SyncBFS: 0.27 ms, [] -> [0] -> [0, 0] -> [0, 0, 2] -> [0, 0, 2, 0] -> [0, 0, 2, 0, 0] -> [0, 0, 2, 0, 0, 2]
AsyncStartBFS: 1.15 ms, [] -> [0] -> [0, 0] -> [0, 0, 3] -> [0, 0, 3, 3] -> [0, 0, 3, 3, 2] -> [0, 0, 3, 3, 2, 0]

problem_45.yaml
SyncBFS: 13.47 ms, [] -> [0] -> [0, 0] -> [0, 0, 0] -> [0, 0, 0, 1] -> [0, 0, 0, 1, 0] -> [0, 0, 0, 1, 0, 1]
TasksBFS: 0.63 ms, [] -> [0] -> [0, 0] -> [0, 0, 0] -> [0, 0, 0, 2] -> [0, 0, 0, 2, 0] -> [0, 0, 0, 2, 0, 0]
MultithreadBFS: 0.33 ms, [] -> [0] -> [0, 0] -> [0, 0, 0] -> [0, 0, 0, 1] -> [0, 0, 0, 1, 0] -> [0, 0, 0, 1, 0, 1]
AsyncStartBFS: 1.19 ms, [] -> [0] -> [0, 0] -> [0, 0, 0] -> [0, 0, 0, 1] -> [0, 0, 0, 1, 0] -> [0, 0, 0, 1, 0, 1]

problem_43.yaml
MultithreadBFS: 0.41 ms, [] -> [0] -> [0, 2] -> [0, 2, 2] -> [0, 2, 2, 1] -> [0, 2, 2, 1, 0] -> [0, 2, 2, 1, 0, 3]
AsyncStartBFS: 1.2 ms, [] -> [0] -> [0, 2] -> [0, 2, 2] -> [0, 2, 2, 1] -> [0, 2, 2, 1, 0] -> [0, 2, 2, 1, 0, 3]
SyncBFS: 0.24 ms, [] -> [0] -> [0, 0] -> [0, 0, 1] -> [0, 0, 1, 1] -> [0, 0, 1, 1, 1] -> [0, 0, 1, 1, 1, 2]
TasksBFS: 0.32 ms, [] -> [0] -> [0, 1] -> [0, 1, 1] -> [0, 1, 1, 0] -> [0, 1, 1, 0, 1] -> [0, 1, 1, 0, 1, 1]

problem_41.yaml
AsyncStartBFS: 1.26 ms, [] -> [1] -> [1, 2] -> [1, 2, 2] -> [1, 2, 2, 2] -> [1, 2, 2, 2, 2] -> [1, 2, 2, 2, 2, 1]
TasksBFS: 0.36 ms, [] -> [1] -> [1, 1] -> [1, 1, 2] -> [1, 1, 2, 2] -> [1, 1, 2, 2, 0] -> [1, 1, 2, 2, 0, 1]
SyncBFS: 0.26 ms, [] -> [1] -> [1, 1] -> [1, 1, 0] -> [1, 1, 0, 2] -> [1, 1, 0, 2, 2] -> [1, 1, 0, 2, 2, 1]
MultithreadBFS: 0.33 ms, [] -> [1] -> [1, 2] -> [1, 2, 1] -> [1, 2, 1, 3] -> [1, 2, 1, 3, 2] -> [1, 2, 1, 3, 2, 2]

problem_39.yaml
TasksBFS: 0.33 ms, [] -> [3] -> [3, 0] -> [3, 0, 2] -> [3, 0, 2, 1] -> [3, 0, 2, 1, 3] -> [3, 0, 2, 1, 3, 3]
SyncBFS: 0.04 ms, [] -> [3] -> [3, 0] -> [3, 0, 0] -> [3, 0, 0, 1] -> [3, 0, 0, 1, 1] -> [3, 0, 0, 1, 1, 1]
MultithreadBFS: 0.32 ms, [] -> [3] -> [3, 2] -> [3, 2, 0] -> [3, 2, 0, 3] -> [3, 2, 0, 3, 2] -> [3, 2, 0, 3, 2, 0]
AsyncStartBFS: 1.11 ms, [] -> [3] -> [3, 2] -> [3, 2, 0] -> [3, 2, 0, 3] -> [3, 2, 0, 3, 1] -> [3, 2, 0, 3, 1, 1]

problem_38.yaml
SyncBFS: 0.07 ms, [] -> [0] -> [0, 0] -> [0, 0, 0] -> [0, 0, 0, 2] -> [0, 0, 0, 2, 0] -> [0, 0, 0, 2, 0, 0]
TasksBFS: 540.5 ms, [] -> [0] -> [0, 1] -> [0, 1, 0] -> [0, 1, 0, 0] -> [0, 1, 0, 0, 0] -> [0, 1, 0, 0, 0, 3]
MultithreadBFS: 0.35 ms, [] -> [0] -> [0, 1] -> [0, 1, 0] -> [0, 1, 0, 0] -> [0, 1, 0, 0, 0] -> [0, 1, 0, 0, 0, 3]
AsyncStartBFS: 1.17 ms, [] -> [0] -> [0, 1] -> [0, 1, 0] -> [0, 1, 0, 0] -> [0, 1, 0, 0, 0] -> [0, 1, 0, 0, 0, 3]

problem_36.yaml
SyncBFS: 0.08 ms, [] -> [2] -> [2, 1] -> [2, 1, 2] -> [2, 1, 2, 0] -> [2, 1, 2, 0, 0] -> [2, 1, 2, 0, 0, 3]
MultithreadBFS: 447.05 ms, [] -> [3] -> [3, 0] -> [3, 0, 2] -> [3, 0, 2, 1] -> [3, 0, 2, 1, 1] -> [3, 0, 2, 1, 1, 0]
TasksBFS: 0.5 ms, [] -> [3] -> [3, 2] -> [3, 2, 0] -> [3, 2, 0, 2] -> [3, 2, 0, 2, 2] -> [3, 2, 0, 2, 2, 2]
AsyncStartBFS: 1.22 ms, [] -> [2] -> [2, 2] -> [2, 2, 2] -> [2, 2, 2, 3] -> [2, 2, 2, 3, 2] -> [2, 2, 2, 3, 2, 0]

problem_44.yaml
TasksBFS: 0.39 ms, [] -> [0] -> [0, 0] -> [0, 0, 0] -> [0, 0, 0, 0] -> [0, 0, 0, 0, 1] -> [0, 0, 0, 0, 1, 0]
MultithreadBFS: 0.36 ms, [] -> [2] -> [2, 2] -> [2, 2, 1] -> [2, 2, 1, 2] -> [2, 2, 1, 2, 0] -> [2, 2, 1, 2, 0, 1]
SyncBFS: 0.2 ms, [] -> [0] -> [0, 0] -> [0, 0, 0] -> [0, 0, 0, 0] -> [0, 0, 0, 0, 1] -> [0, 0, 0, 0, 1, 0]
AsyncStartBFS: 1.2 ms, [] -> [2] -> [2, 2] -> [2, 2, 1] -> [2, 2, 1, 2] -> [2, 2, 1, 2, 0] -> [2, 2, 1, 2, 0, 1]

problem_35.yaml
MultithreadBFS: 0.37 ms, [] -> [0] -> [0, 2] -> [0, 2, 2] -> [0, 2, 2, 3] -> [0, 2, 2, 3, 0] -> [0, 2, 2, 3, 0, 2]
AsyncStartBFS: 1.16 ms, [] -> [0] -> [0, 3] -> [0, 3, 0] -> [0, 3, 0, 0] -> [0, 3, 0, 0, 1] -> [0, 3, 0, 0, 1, 2]
TasksBFS: 0.34 ms, [] -> [1] -> [1, 1] -> [1, 1, 0] -> [1, 1, 0, 2] -> [1, 1, 0, 2, 0] -> [1, 1, 0, 2, 0, 1]
SyncBFS: 0.25 ms, [] -> [0] -> [0, 0] -> [0, 0, 1] -> [0, 0, 1, 1] -> [0, 0, 1, 1, 1] -> [0, 0, 1, 1, 1, 1]

problem_46.yaml
SyncBFS: 0.14 ms, [] -> [0] -> [0, 1] -> [0, 1, 0] -> [0, 1, 0, 0] -> [0, 1, 0, 0, 0] -> [0, 1, 0, 0, 0, 0]
MultithreadBFS: 0.53 ms, [] -> [3] -> [3, 0] -> [3, 0, 2] -> [3, 0, 2, 3] -> [3, 0, 2, 3, 2] -> [3, 0, 2, 3, 2, 3]
AsyncStartBFS: 1.2 ms, [] -> [3] -> [3, 0] -> [3, 0, 1] -> [3, 0, 1, 1] -> [3, 0, 1, 1, 0] -> [3, 0, 1, 1, 0, 1]
TasksBFS: 0.36 ms, [] -> [0] -> [0, 2] -> [0, 2, 3] -> [0, 2, 3, 0] -> [0, 2, 3, 0, 1] -> [0, 2, 3, 0, 1, 0]

problem_34.yaml
AsyncStartBFS: 1.27 ms, [] -> [0] -> [0, 2] -> [0, 2, 3] -> [0, 2, 3, 1] -> [0, 2, 3, 1, 2] -> [0, 2, 3, 1, 2, 0]
TasksBFS: 0.41 ms, [] -> [0] -> [0, 0] -> [0, 0, 2] -> [0, 0, 2, 1] -> [0, 0, 2, 1, 2] -> [0, 0, 2, 1, 2, 0]
SyncBFS: 0.23 ms, [] -> [0] -> [0, 0] -> [0, 0, 2] -> [0, 0, 2, 0] -> [0, 0, 2, 0, 0] -> [0, 0, 2, 0, 0, 1]
MultithreadBFS: 0.35 ms, [] -> [0] -> [0, 2] -> [0, 2, 2] -> [0, 2, 2, 3] -> [0, 2, 2, 3, 1] -> [0, 2, 2, 3, 1, 3]

problem_32.yaml
TasksBFS: 0.39 ms, [] -> [0] -> [0, 0] -> [0, 0, 0] -> [0, 0, 0, 2] -> [0, 0, 0, 2, 1] -> [0, 0, 0, 2, 1, 0]
SyncBFS: 0.17 ms, [] -> [0] -> [0, 0] -> [0, 0, 0] -> [0, 0, 0, 0] -> [0, 0, 0, 0, 0] -> [0, 0, 0, 0, 0, 0]
MultithreadBFS: 0.35 ms, [] -> [2] -> [2, 2] -> [2, 2, 0] -> [2, 2, 0, 2] -> [2, 2, 0, 2, 0] -> [2, 2, 0, 2, 0, 2]
AsyncStartBFS: 1.15 ms, [] -> [2] -> [2, 2] -> [2, 2, 0] -> [2, 2, 0, 2] -> [2, 2, 0, 2, 0] -> [2, 2, 0, 2, 0, 2]

problem_31.yaml
TasksBFS: 0.37 ms, [] -> [0] -> [0, 2] -> [0, 2, 1] -> [0, 2, 1, 2] -> [0, 2, 1, 2, 1] -> [0, 2, 1, 2, 1, 0]
AsyncStartBFS: 1.22 ms, [] -> [0] -> [0, 3] -> [0, 3, 2] -> [0, 3, 2, 1] -> [0, 3, 2, 1, 3] -> [0, 3, 2, 1, 3, 3]
SyncBFS: 0.25 ms, [] -> [0] -> [0, 2] -> [0, 2, 0] -> [0, 2, 0, 0] -> [0, 2, 0, 0, 2] -> [0, 2, 0, 0, 2, 1]
MultithreadBFS: 0.34 ms, [] -> [1] -> [1, 1] -> [1, 1, 0] -> [1, 1, 0, 0] -> [1, 1, 0, 0, 0] -> [1, 1, 0, 0, 0, 1]

problem_30.yaml
TasksBFS: 0.36 ms, [] -> [2] -> [2, 0] -> [2, 0, 2] -> [2, 0, 2, 2] -> [2, 0, 2, 2, 0] -> [2, 0, 2, 2, 0, 0]
MultithreadBFS: 0.34 ms, [] -> [2] -> [2, 2] -> [2, 2, 0] -> [2, 2, 0, 1] -> [2, 2, 0, 1, 0] -> [2, 2, 0, 1, 0, 2]
SyncBFS: 0.22 ms, [] -> [0] -> [0, 0] -> [0, 0, 0] -> [0, 0, 0, 0] -> [0, 0, 0, 0, 3] -> [0, 0, 0, 0, 3, 2]
AsyncStartBFS: 1.18 ms, [] -> [2] -> [2, 2] -> [2, 2, 0] -> [2, 2, 0, 1] -> [2, 2, 0, 1, 0] -> [2, 2, 0, 1, 0, 2]

problem_10.yaml
MultithreadBFS: 0.4 ms, [] -> [1] -> [1, 0] -> [1, 0, 2] -> [1, 0, 2, 1] -> [1, 0, 2, 1, 2] -> [1, 0, 2, 1, 2, 3]
AsyncStartBFS: 1.14 ms, [] -> [3] -> [3, 2] -> [3, 2, 0] -> [3, 2, 0, 0] -> [3, 2, 0, 0, 0] -> [3, 2, 0, 0, 0, 2]
TasksBFS: 0.34 ms, [] -> [1] -> [1, 2] -> [1, 2, 3] -> [1, 2, 3, 0] -> [1, 2, 3, 0, 1] -> [1, 2, 3, 0, 1, 2]
SyncBFS: 0.31 ms, [] -> [1] -> [1, 0] -> [1, 0, 2] -> [1, 0, 2, 0] -> [1, 0, 2, 0, 1] -> [1, 0, 2, 0, 1, 3]

problem_09.yaml
MultithreadBFS: 0.36 ms, [] -> [0] -> [0, 1] -> [0, 1, 3] -> [0, 1, 3, 1] -> [0, 1, 3, 1, 1] -> [0, 1, 3, 1, 1, 1]
AsyncStartBFS: 1.13 ms, [] -> [0] -> [0, 1] -> [0, 1, 3] -> [0, 1, 3, 1] -> [0, 1, 3, 1, 1] -> [0, 1, 3, 1, 1, 1]
SyncBFS: 0.26 ms, [] -> [0] -> [0, 0] -> [0, 0, 1] -> [0, 0, 1, 0] -> [0, 0, 1, 0, 3] -> [0, 0, 1, 0, 3, 1]
TasksBFS: 0.33 ms, [] -> [0] -> [0, 0] -> [0, 0, 3] -> [0, 0, 3, 0] -> [0, 0, 3, 0, 0] -> [0, 0, 3, 0, 0, 1]

problem_12.yaml
SyncBFS: 0.06 ms, [] -> [1] -> [1, 0] -> [1, 0, 2] -> [1, 0, 2, 0] -> [1, 0, 2, 0, 0] -> [1, 0, 2, 0, 0, 2]
TasksBFS: 0.99 ms, [] -> [1] -> [1, 0] -> [1, 0, 2] -> [1, 0, 2, 0] -> [1, 0, 2, 0, 0] -> [1, 0, 2, 0, 0, 2]
AsyncStartBFS: 1.16 ms, [] -> [1] -> [1, 1] -> [1, 1, 1] -> [1, 1, 1, 2] -> [1, 1, 1, 2, 0] -> [1, 1, 1, 2, 0, 2]
MultithreadBFS: 0.31 ms, [] -> [1] -> [1, 1] -> [1, 1, 1] -> [1, 1, 1, 2] -> [1, 1, 1, 2, 0] -> [1, 1, 1, 2, 0, 2]

problem_47.yaml
TasksBFS: 0.36 ms, [] -> [0] -> [0, 0] -> [0, 0, 3] -> [0, 0, 3, 0] -> [0, 0, 3, 0, 0] -> [0, 0, 3, 0, 0, 1]
MultithreadBFS: 0.43 ms, [] -> [1] -> [1, 3] -> [1, 3, 2] -> [1, 3, 2, 0] -> [1, 3, 2, 0, 0] -> [1, 3, 2, 0, 0, 3]
SyncBFS: 0.11 ms, [] -> [0] -> [0, 0] -> [0, 0, 1] -> [0, 0, 1, 0] -> [0, 0, 1, 0, 0] -> [0, 0, 1, 0, 0, 1]
AsyncStartBFS: 1.17 ms, [] -> [1] -> [1, 3] -> [1, 3, 1] -> [1, 3, 1, 3] -> [1, 3, 1, 3, 0] -> [1, 3, 1, 3, 0, 2]

problem_11.yaml
TasksBFS: 0.34 ms, [] -> [0] -> [0, 0] -> [0, 0, 3] -> [0, 0, 3, 0] -> [0, 0, 3, 0, 2] -> [0, 0, 3, 0, 2, 1]
MultithreadBFS: 0.33 ms, [] -> [1] -> [1, 3] -> [1, 3, 1] -> [1, 3, 1, 3] -> [1, 3, 1, 3, 0] -> [1, 3, 1, 3, 0, 2]
AsyncStartBFS: 1.13 ms, [] -> [1] -> [1, 3] -> [1, 3, 1] -> [1, 3, 1, 2] -> [1, 3, 1, 2, 0] -> [1, 3, 1, 2, 0, 0]
SyncBFS: 0.15 ms, [] -> [0] -> [0, 0] -> [0, 0, 1] -> [0, 0, 1, 0] -> [0, 0, 1, 0, 3] -> [0, 0, 1, 0, 3, 3]

problem_01.yaml
MultithreadBFS: 0.38 ms, [] -> [2] -> [2, 3] -> [2, 3, 3] -> [2, 3, 3, 1] -> [2, 3, 3, 1, 0] -> [2, 3, 3, 1, 0, 1]
AsyncStartBFS: 1.21 ms, [] -> [2] -> [2, 3] -> [2, 3, 2] -> [2, 3, 2, 3] -> [2, 3, 2, 3, 0] -> [2, 3, 2, 3, 0, 3]
SyncBFS: 0.25 ms, [] -> [2] -> [2, 1] -> [2, 1, 1] -> [2, 1, 1, 0] -> [2, 1, 1, 0, 0] -> [2, 1, 1, 0, 0, 0]
TasksBFS: 0.4 ms, [] -> [2] -> [2, 3] -> [2, 3, 3] -> [2, 3, 3, 0] -> [2, 3, 3, 0, 2] -> [2, 3, 3, 0, 2, 1]

problem_08.yaml
MultithreadBFS: 0.38 ms, [] -> [1] -> [1, 2] -> [1, 2, 3] -> [1, 2, 3, 0] -> [1, 2, 3, 0, 3] -> [1, 2, 3, 0, 3, 2]
AsyncStartBFS: 1.18 ms, [] -> [1] -> [1, 2] -> [1, 2, 3] -> [1, 2, 3, 0] -> [1, 2, 3, 0, 3] -> [1, 2, 3, 0, 3, 2]
SyncBFS: 0.22 ms, [] -> [1] -> [1, 0] -> [1, 0, 0] -> [1, 0, 0, 0] -> [1, 0, 0, 0, 0] -> [1, 0, 0, 0, 0, 3]
TasksBFS: 0.37 ms, [] -> [1] -> [1, 0] -> [1, 0, 0] -> [1, 0, 0, 3] -> [1, 0, 0, 3, 1] -> [1, 0, 0, 3, 1, 1]

problem_06.yaml
AsyncStartBFS: 1.23 ms, [] -> [0] -> [0, 2] -> [0, 2, 2] -> [0, 2, 2, 3] -> [0, 2, 2, 3, 1] -> [0, 2, 2, 3, 1, 3]
MultithreadBFS: 0.39 ms, [] -> [2] -> [2, 1] -> [2, 1, 1] -> [2, 1, 1, 2] -> [2, 1, 1, 2, 1] -> [2, 1, 1, 2, 1, 2]
SyncBFS: 0.17 ms, [] -> [0] -> [0, 0] -> [0, 0, 0] -> [0, 0, 0, 0] -> [0, 0, 0, 0, 0] -> [0, 0, 0, 0, 0, 1]
TasksBFS: 0.31 ms, [] -> [0] -> [0, 0] -> [0, 0, 0] -> [0, 0, 0, 1] -> [0, 0, 0, 1, 1] -> [0, 0, 0, 1, 1, 0]

problem_19.yaml
AsyncStartBFS: 1.28 ms, [] -> [0] -> [0, 0] -> [0, 0, 2] -> [0, 0, 2, 1] -> [0, 0, 2, 1, 1] -> [0, 0, 2, 1, 1, 2]
SyncBFS: 0.32 ms, [] -> [0] -> [0, 0] -> [0, 0, 2] -> [0, 0, 2, 1] -> [0, 0, 2, 1, 1] -> [0, 0, 2, 1, 1, 2]
TasksBFS: 0.37 ms, [] -> [0] -> [0, 2] -> [0, 2, 2] -> [0, 2, 2, 0] -> [0, 2, 2, 0, 0] -> [0, 2, 2, 0, 0, 1]
MultithreadBFS: 0.31 ms, [] -> [0] -> [0, 0] -> [0, 0, 2] -> [0, 0, 2, 1] -> [0, 0, 2, 1, 1] -> [0, 0, 2, 1, 1, 2]

problem_40.yaml
MultithreadBFS: 0.38 ms, [] -> [1] -> [1, 0] -> [1, 0, 1] -> [1, 0, 1, 0] -> [1, 0, 1, 0, 2] -> [1, 0, 1, 0, 2, 2]
TasksBFS: 0.33 ms, [] -> [1] -> [1, 0] -> [1, 0, 1] -> [1, 0, 1, 0] -> [1, 0, 1, 0, 2] -> [1, 0, 1, 0, 2, 2]
AsyncStartBFS: 1.18 ms, [] -> [1] -> [1, 0] -> [1, 0, 1] -> [1, 0, 1, 0] -> [1, 0, 1, 0, 2] -> [1, 0, 1, 0, 2, 2]
SyncBFS: 0.11 ms, [] -> [1] -> [1, 0] -> [1, 0, 1] -> [1, 0, 1, 0] -> [1, 0, 1, 0, 2] -> [1, 0, 1, 0, 2, 2]

problem_04.yaml
TasksBFS: 0.26 ms, No solution found!
SyncBFS: 0 ms, No solution found!
AsyncStartBFS: 0 ms, No solution found!
MultithreadBFS: 0 ms, No solution found!

problem_33.yaml
TasksBFS: 0.36 ms, [] -> [0] -> [0, 2] -> [0, 2, 3] -> [0, 2, 3, 3] -> [0, 2, 3, 3, 3] -> [0, 2, 3, 3, 3, 1]
SyncBFS: 0.04 ms, [] -> [0] -> [0, 0] -> [0, 0, 1] -> [0, 0, 1, 1] -> [0, 0, 1, 1, 2] -> [0, 0, 1, 1, 2, 3]
MultithreadBFS: 0.52 ms, [] -> [0] -> [0, 0] -> [0, 0, 1] -> [0, 0, 1, 1] -> [0, 0, 1, 1, 2] -> [0, 0, 1, 1, 2, 3]
AsyncStartBFS: 1.14 ms, [] -> [0] -> [0, 2] -> [0, 2, 3] -> [0, 2, 3, 3] -> [0, 2, 3, 3, 3] -> [0, 2, 3, 3, 3, 1]

problem_21.yaml
TasksBFS: 0.35 ms, [] -> [0] -> [0, 0] -> [0, 0, 0] -> [0, 0, 0, 1] -> [0, 0, 0, 1, 3] -> [0, 0, 0, 1, 3, 0]
AsyncStartBFS: 1.12 ms, [] -> [0] -> [0, 1] -> [0, 1, 1] -> [0, 1, 1, 2] -> [0, 1, 1, 2, 1] -> [0, 1, 1, 2, 1, 1]
MultithreadBFS: 0.35 ms, [] -> [0] -> [0, 1] -> [0, 1, 1] -> [0, 1, 1, 3] -> [0, 1, 1, 3, 0] -> [0, 1, 1, 3, 0, 3]
SyncBFS: 0.26 ms, [] -> [0] -> [0, 0] -> [0, 0, 0] -> [0, 0, 0, 1] -> [0, 0, 0, 1, 0] -> [0, 0, 0, 1, 0, 0]

problem_24.yaml
AsyncStartBFS: 1.17 ms, [] -> [0] -> [0, 2] -> [0, 2, 2] -> [0, 2, 2, 0] -> [0, 2, 2, 0, 0] -> [0, 2, 2, 0, 0, 0]
TasksBFS: 0.34 ms, [] -> [0] -> [0, 1] -> [0, 1, 3] -> [0, 1, 3, 2] -> [0, 1, 3, 2, 1] -> [0, 1, 3, 2, 1, 0]
SyncBFS: 0.23 ms, [] -> [0] -> [0, 1] -> [0, 1, 0] -> [0, 1, 0, 0] -> [0, 1, 0, 0, 1] -> [0, 1, 0, 0, 1, 2]
MultithreadBFS: 0.35 ms, [] -> [0] -> [0, 2] -> [0, 2, 2] -> [0, 2, 2, 1] -> [0, 2, 2, 1, 1] -> [0, 2, 2, 1, 1, 0]

problem_03.yaml
AsyncStartBFS: 1.14 ms, [] -> [0] -> [0, 3] -> [0, 3, 3] -> [0, 3, 3, 0] -> [0, 3, 3, 0, 0] -> [0, 3, 3, 0, 0, 3]
TasksBFS: 0.32 ms, [] -> [0] -> [0, 0] -> [0, 0, 3] -> [0, 0, 3, 2] -> [0, 0, 3, 2, 2] -> [0, 0, 3, 2, 2, 2]
SyncBFS: 0.04 ms, [] -> [0] -> [0, 0] -> [0, 0, 0] -> [0, 0, 0, 0] -> [0, 0, 0, 0, 0] -> [0, 0, 0, 0, 0, 2]
MultithreadBFS: 0.34 ms, [] -> [0] -> [0, 3] -> [0, 3, 3] -> [0, 3, 3, 3] -> [0, 3, 3, 3, 2] -> [0, 3, 3, 3, 2, 0]

problem_07.yaml
MultithreadBFS: 0.38 ms, [] -> [2] -> [2, 0] -> [2, 0, 3] -> [2, 0, 3, 1] -> [2, 0, 3, 1, 0] -> [2, 0, 3, 1, 0, 0]
TasksBFS: 0.33 ms, [] -> [0] -> [0, 1] -> [0, 1, 1] -> [0, 1, 1, 3] -> [0, 1, 1, 3, 2] -> [0, 1, 1, 3, 2, 0]
AsyncStartBFS: 1.15 ms, [] -> [2] -> [2, 0] -> [2, 0, 0] -> [2, 0, 0, 0] -> [2, 0, 0, 0, 0] -> [2, 0, 0, 0, 0, 3]
SyncBFS: 0.2 ms, [] -> [0] -> [0, 1] -> [0, 1, 1] -> [0, 1, 1, 0] -> [0, 1, 1, 0, 0] -> [0, 1, 1, 0, 0, 3]

problem_42.yaml
TasksBFS: 0.32 ms, [] -> [0] -> [0, 1] -> [0, 1, 1] -> [0, 1, 1, 2] -> [0, 1, 1, 2, 1] -> [0, 1, 1, 2, 1, 0]
SyncBFS: 0.3 ms, [] -> [0] -> [0, 1] -> [0, 1, 0] -> [0, 1, 0, 0] -> [0, 1, 0, 0, 2] -> [0, 1, 0, 0, 2, 3]
MultithreadBFS: 0.48 ms, [] -> [0] -> [0, 1] -> [0, 1, 1] -> [0, 1, 1, 3] -> [0, 1, 1, 3, 2] -> [0, 1, 1, 3, 2, 1]
AsyncStartBFS: 1.15 ms, [] -> [0] -> [0, 1] -> [0, 1, 1] -> [0, 1, 1, 2] -> [0, 1, 1, 2, 1] -> [0, 1, 1, 2, 1, 0]

problem_02.yaml
SyncBFS: 0.99 ms, [] -> [0] -> [0, 2] -> [0, 2, 1] -> [0, 2, 1, 1] -> [0, 2, 1, 1, 0] -> [0, 2, 1, 1, 0, 0]
TasksBFS: 2.47 ms, [] -> [0] -> [0, 2] -> [0, 2, 1] -> [0, 2, 1, 2] -> [0, 2, 1, 2, 3] -> [0, 2, 1, 2, 3, 3]
MultithreadBFS: 0.33 ms, [] -> [1] -> [1, 2] -> [1, 2, 0] -> [1, 2, 0, 3] -> [1, 2, 0, 3, 3] -> [1, 2, 0, 3, 3, 1]
AsyncStartBFS: 1.17 ms, [] -> [1] -> [1, 2] -> [1, 2, 0] -> [1, 2, 0, 3] -> [1, 2, 0, 3, 3] -> [1, 2, 0, 3, 3, 1]

problem_29.yaml
SyncBFS: 5.21 ms, [] -> [1] -> [1, 2] -> [1, 2, 0] -> [1, 2, 0, 0] -> [1, 2, 0, 0, 0] -> [1, 2, 0, 0, 0, 2]
AsyncStartBFS: 636.98 ms, [] -> [1] -> [1, 3] -> [1, 3, 1] -> [1, 3, 1, 0] -> [1, 3, 1, 0, 0] -> [1, 3, 1, 0, 0, 1]
TasksBFS: 0.42 ms, [] -> [1] -> [1, 2] -> [1, 2, 0] -> [1, 2, 0, 0] -> [1, 2, 0, 0, 0] -> [1, 2, 0, 0, 0, 2]
MultithreadBFS: 0.32 ms, [] -> [1] -> [1, 3] -> [1, 3, 1] -> [1, 3, 1, 0] -> [1, 3, 1, 0, 0] -> [1, 3, 1, 0, 0, 1]

problem_00.yaml
SyncBFS: 0.24 ms, [] -> [0] -> [0, 0] -> [0, 0, 0] -> [0, 0, 0, 3] -> [0, 0, 0, 3, 1] -> [0, 0, 0, 3, 1, 1]
MultithreadBFS: 0.61 ms, [] -> [0] -> [0, 1] -> [0, 1, 1] -> [0, 1, 1, 1] -> [0, 1, 1, 1, 0] -> [0, 1, 1, 1, 0, 2]
TasksBFS: 0.36 ms, [] -> [0] -> [0, 1] -> [0, 1, 0] -> [0, 1, 0, 3] -> [0, 1, 0, 3, 0] -> [0, 1, 0, 3, 0, 3]
AsyncStartBFS: 1.14 ms, [] -> [0] -> [0, 1] -> [0, 1, 0] -> [0, 1, 0, 3] -> [0, 1, 0, 3, 0] -> [0, 1, 0, 3, 0, 3]

problem_13.yaml
AsyncStartBFS: 1.3 ms, [] -> [0] -> [0, 0] -> [0, 0, 1] -> [0, 0, 1, 2] -> [0, 0, 1, 2, 1] -> [0, 0, 1, 2, 1, 3]
TasksBFS: 0.32 ms, [] -> [0] -> [0, 0] -> [0, 0, 1] -> [0, 0, 1, 2] -> [0, 0, 1, 2, 1] -> [0, 0, 1, 2, 1, 3]
SyncBFS: 0.32 ms, [] -> [0] -> [0, 0] -> [0, 0, 0] -> [0, 0, 0, 1] -> [0, 0, 0, 1, 0] -> [0, 0, 0, 1, 0, 1]
MultithreadBFS: 0.32 ms, [] -> [0] -> [0, 0] -> [0, 0, 1] -> [0, 0, 1, 2] -> [0, 0, 1, 2, 1] -> [0, 0, 1, 2, 1, 3]

problem_16.yaml
MultithreadBFS: 0.35 ms, [] -> [3] -> [3, 0] -> [3, 0, 2] -> [3, 0, 2, 1] -> [3, 0, 2, 1, 1] -> [3, 0, 2, 1, 1, 1]
AsyncStartBFS: 1.13 ms, [] -> [3] -> [3, 0] -> [3, 0, 1] -> [3, 0, 1, 0] -> [3, 0, 1, 0, 0] -> [3, 0, 1, 0, 0, 2]
SyncBFS: 0.35 ms, [] -> [0] -> [0, 0] -> [0, 0, 1] -> [0, 0, 1, 0] -> [0, 0, 1, 0, 1] -> [0, 0, 1, 0, 1, 2]
TasksBFS: 0.37 ms, [] -> [0] -> [0, 3] -> [0, 3, 0] -> [0, 3, 0, 0] -> [0, 3, 0, 0, 0] -> [0, 3, 0, 0, 0, 0]

problem_20.yaml
TasksBFS: 0.34 ms, [] -> [2] -> [2, 3] -> [2, 3, 0] -> [2, 3, 0, 0] -> [2, 3, 0, 0, 2] -> [2, 3, 0, 0, 2, 0]
AsyncStartBFS: 1.2 ms, [] -> [2] -> [2, 3] -> [2, 3, 0] -> [2, 3, 0, 0] -> [2, 3, 0, 0, 2] -> [2, 3, 0, 0, 2, 0]
MultithreadBFS: 0.33 ms, [] -> [2] -> [2, 3] -> [2, 3, 0] -> [2, 3, 0, 3] -> [2, 3, 0, 3, 3] -> [2, 3, 0, 3, 3, 2]
SyncBFS: 0.09 ms, [] -> [2] -> [2, 3] -> [2, 3, 0] -> [2, 3, 0, 0] -> [2, 3, 0, 0, 1] -> [2, 3, 0, 0, 1, 0]

problem_18.yaml
MultithreadBFS: 0.4 ms, [] -> [2] -> [2, 2] -> [2, 2, 1] -> [2, 2, 1, 3] -> [2, 2, 1, 3, 0] -> [2, 2, 1, 3, 0, 3]
SyncBFS: 0.18 ms, [] -> [1] -> [1, 2] -> [1, 2, 1] -> [1, 2, 1, 0] -> [1, 2, 1, 0, 1] -> [1, 2, 1, 0, 1, 3]
TasksBFS: 0.33 ms, [] -> [1] -> [1, 3] -> [1, 3, 0] -> [1, 3, 0, 3] -> [1, 3, 0, 3, 0] -> [1, 3, 0, 3, 0, 3]
AsyncStartBFS: 1.14 ms, [] -> [2] -> [2, 2] -> [2, 2, 1] -> [2, 2, 1, 2] -> [2, 2, 1, 2, 0] -> [2, 2, 1, 2, 0, 1]

problem_05.yaml
SyncBFS: 0.06 ms, [] -> [1] -> [1, 0] -> [1, 0, 1] -> [1, 0, 1, 0] -> [1, 0, 1, 0, 0] -> [1, 0, 1, 0, 0, 1]
TasksBFS: 711.35 ms, [] -> [1] -> [1, 0] -> [1, 0, 1] -> [1, 0, 1, 1] -> [1, 0, 1, 1, 2] -> [1, 0, 1, 1, 2, 0]
MultithreadBFS: 0.36 ms, [] -> [1] -> [1, 0] -> [1, 0, 2] -> [1, 0, 2, 3] -> [1, 0, 2, 3, 0] -> [1, 0, 2, 3, 0, 1]
AsyncStartBFS: 1.16 ms, [] -> [1] -> [1, 0] -> [1, 0, 2] -> [1, 0, 2, 2] -> [1, 0, 2, 2, 0] -> [1, 0, 2, 2, 0, 0]

problem_15.yaml
SyncBFS: 0.99 ms, [] -> [1] -> [1, 1] -> [1, 1, 0] -> [1, 1, 0, 0] -> [1, 1, 0, 0, 0] -> [1, 1, 0, 0, 0, 3]
AsyncStartBFS: 410.82 ms, [] -> [2] -> [2, 1] -> [2, 1, 0] -> [2, 1, 0, 2] -> [2, 1, 0, 2, 2] -> [2, 1, 0, 2, 2, 1]
TasksBFS: 0.36 ms, [] -> [2] -> [2, 1] -> [2, 1, 3] -> [2, 1, 3, 0] -> [2, 1, 3, 0, 2] -> [2, 1, 3, 0, 2, 0]
MultithreadBFS: 0.38 ms, [] -> [2] -> [2, 1] -> [2, 1, 1] -> [2, 1, 1, 0] -> [2, 1, 1, 0, 3] -> [2, 1, 1, 0, 3, 1]

problem_17.yaml
SyncBFS: 13.8 ms, [] -> [0] -> [0, 1] -> [0, 1, 1] -> [0, 1, 1, 0] -> [0, 1, 1, 0, 1] -> [0, 1, 1, 0, 1, 1]
AsyncStartBFS: 1.3 ms, [] -> [0] -> [0, 2] -> [0, 2, 0] -> [0, 2, 0, 1] -> [0, 2, 0, 1, 3] -> [0, 2, 0, 1, 3, 1]
TasksBFS: 0.36 ms, [] -> [3] -> [3, 0] -> [3, 0, 0] -> [3, 0, 0, 1] -> [3, 0, 0, 1, 0] -> [3, 0, 0, 1, 0, 2]
MultithreadBFS: 0.33 ms, [] -> [0] -> [0, 2] -> [0, 2, 1] -> [0, 2, 1, 1] -> [0, 2, 1, 1, 0] -> [0, 2, 1, 1, 0, 2]

problem_37.yaml
MultithreadBFS: 0.37 ms, [] -> [3] -> [3, 0] -> [3, 0, 3] -> [3, 0, 3, 2] -> [3, 0, 3, 2, 0] -> [3, 0, 3, 2, 0, 0]
AsyncStartBFS: 1.11 ms, [] -> [3] -> [3, 1] -> [3, 1, 0] -> [3, 1, 0, 3] -> [3, 1, 0, 3, 3] -> [3, 1, 0, 3, 3, 2]
TasksBFS: 0.37 ms, [] -> [1] -> [1, 0] -> [1, 0, 1] -> [1, 0, 1, 2] -> [1, 0, 1, 2, 0] -> [1, 0, 1, 2, 0, 1]
SyncBFS: 0.17 ms, [] -> [1] -> [1, 0] -> [1, 0, 1] -> [1, 0, 1, 1] -> [1, 0, 1, 1, 2] -> [1, 0, 1, 1, 2, 2]

problem_22.yaml
TasksBFS: 0.4 ms, [] -> [0] -> [0, 0] -> [0, 0, 2] -> [0, 0, 2, 2] -> [0, 0, 2, 2, 1] -> [0, 0, 2, 2, 1, 0]
MultithreadBFS: 0.42 ms, [] -> [0] -> [0, 0] -> [0, 0, 1] -> [0, 0, 1, 2] -> [0, 0, 1, 2, 0] -> [0, 0, 1, 2, 0, 0]
AsyncStartBFS: 1.15 ms, [] -> [0] -> [0, 0] -> [0, 0, 1] -> [0, 0, 1, 2] -> [0, 0, 1, 2, 0] -> [0, 0, 1, 2, 0, 0]
SyncBFS: 0.29 ms, [] -> [0] -> [0, 0] -> [0, 0, 0] -> [0, 0, 0, 0] -> [0, 0, 0, 0, 0] -> [0, 0, 0, 0, 0, 2]

problem_23.yaml
AsyncStartBFS: 0.04 ms, [] -> [3] -> [3, 0] -> [3, 0, 1] -> [3, 0, 1, 1] -> [3, 0, 1, 1, 1] -> [3, 0, 1, 1, 1, 1]
MultithreadBFS: 1.5 ms, [] -> [3] -> [3, 0] -> [3, 0, 1] -> [3, 0, 1, 1] -> [3, 0, 1, 1, 1] -> [3, 0, 1, 1, 1, 1]
TasksBFS: 0.02 ms, [] -> [3] -> [3, 0] -> [3, 0, 1] -> [3, 0, 1, 1] -> [3, 0, 1, 1, 1] -> [3, 0, 1, 1, 1, 1]
SyncBFS: 0.01 ms, [] -> [3] -> [3, 0] -> [3, 0, 1] -> [3, 0, 1, 1] -> [3, 0, 1, 1, 1] -> [3, 0, 1, 1, 1, 1]

problem_25.yaml
TasksBFS: 0.36 ms, [] -> [0] -> [0, 0] -> [0, 0, 0] -> [0, 0, 0, 2] -> [0, 0, 0, 2, 0] -> [0, 0, 0, 2, 0, 3]
MultithreadBFS: 0.32 ms, [] -> [0] -> [0, 0] -> [0, 0, 0] -> [0, 0, 0, 2] -> [0, 0, 0, 2, 0] -> [0, 0, 0, 2, 0, 3]
SyncBFS: 0.13 ms, [] -> [0] -> [0, 0] -> [0, 0, 0] -> [0, 0, 0, 2] -> [0, 0, 0, 2, 0] -> [0, 0, 0, 2, 0, 3]
AsyncStartBFS: 1.13 ms, [] -> [0] -> [0, 0] -> [0, 0, 0] -> [0, 0, 0, 2] -> [0, 0, 0, 2, 0] -> [0, 0, 0, 2, 0, 3]

problem_27.yaml
MultithreadBFS: 0.35 ms, [] -> [3] -> [3, 1] -> [3, 1, 0] -> [3, 1, 0, 3] -> [3, 1, 0, 3, 0] -> [3, 1, 0, 3, 0, 1]
TasksBFS: 0.32 ms, [] -> [0] -> [0, 2] -> [0, 2, 0] -> [0, 2, 0, 2] -> [0, 2, 0, 2, 3] -> [0, 2, 0, 2, 3, 2]
SyncBFS: 0.18 ms, [] -> [0] -> [0, 2] -> [0, 2, 0] -> [0, 2, 0, 1] -> [0, 2, 0, 1, 1] -> [0, 2, 0, 1, 1, 2]
AsyncStartBFS: 1.14 ms, [] -> [3] -> [3, 1] -> [3, 1, 0] -> [3, 1, 0, 1] -> [3, 1, 0, 1, 2] -> [3, 1, 0, 1, 2, 0]

problem_26.yaml
TasksBFS: 0.36 ms, [] -> [0] -> [0, 0] -> [0, 0, 1] -> [0, 0, 1, 3] -> [0, 0, 1, 3, 3] -> [0, 0, 1, 3, 3, 0]
MultithreadBFS: 0.38 ms, [] -> [0] -> [0, 0] -> [0, 0, 3] -> [0, 0, 3, 0] -> [0, 0, 3, 0, 3] -> [0, 0, 3, 0, 3, 2]
AsyncStartBFS: 1.13 ms, [] -> [0] -> [0, 0] -> [0, 0, 3] -> [0, 0, 3, 0] -> [0, 0, 3, 0, 3] -> [0, 0, 3, 0, 3, 2]
SyncBFS: 0.32 ms, [] -> [0] -> [0, 0] -> [0, 0, 1] -> [0, 0, 1, 0] -> [0, 0, 1, 0, 0] -> [0, 0, 1, 0, 0, 2]

problem_14.yaml
MultithreadBFS: 0.51 ms, [] -> [0] -> [0, 3] -> [0, 3, 0] -> [0, 3, 0, 3] -> [0, 3, 0, 3, 0] -> [0, 3, 0, 3, 0, 2]
AsyncStartBFS: 1.12 ms, [] -> [0] -> [0, 3] -> [0, 3, 0] -> [0, 3, 0, 0] -> [0, 3, 0, 0, 2] -> [0, 3, 0, 0, 2, 0]
SyncBFS: 0.24 ms, [] -> [0] -> [0, 0] -> [0, 0, 3] -> [0, 0, 3, 2] -> [0, 0, 3, 2, 3] -> [0, 0, 3, 2, 3, 3]
TasksBFS: 0.36 ms, [] -> [0] -> [0, 3] -> [0, 3, 0] -> [0, 3, 0, 0] -> [0, 3, 0, 0, 2] -> [0, 3, 0, 0, 2, 0]

problem_28.yaml
SyncBFS: 0.14 ms, [] -> [1] -> [1, 0] -> [1, 0, 1] -> [1, 0, 1, 2] -> [1, 0, 1, 2, 3] -> [1, 0, 1, 2, 3, 0]
AsyncStartBFS: 1.5 ms, [] -> [2] -> [2, 1] -> [2, 1, 0] -> [2, 1, 0, 3] -> [2, 1, 0, 3, 1] -> [2, 1, 0, 3, 1, 2]
MultithreadBFS: 0.43 ms, [] -> [2] -> [2, 1] -> [2, 1, 0] -> [2, 1, 0, 3] -> [2, 1, 0, 3, 1] -> [2, 1, 0, 3, 1, 2]
TasksBFS: 0.31 ms, [] -> [1] -> [1, 0] -> [1, 0, 3] -> [1, 0, 3, 2] -> [1, 0, 3, 2, 0] -> [1, 0, 3, 2, 0, 2]


[INFO] Results summary:
AsyncStartBFS
	Average: 22.044 ms
	Median: 1.165 ms
	Standard Deviation: 104.908 ms
TasksBFS
	Average: 25.4334 ms
	Median: 0.36 ms
	Standard Deviation: 123.76 ms
MultithreadBFS
	Average: 9.3238 ms
	Median: 0.355 ms
	Standard Deviation: 62.5326 ms
SyncBFS
	Average: 0.857 ms
	Median: 0.22 ms
	Standard Deviation: 2.70635 ms
