problem_49.yaml
TasksBFS: 81.54 ms, No solution found!
SyncBFS: 619.11 ms, No solution found!
MultithreadBFS: 316.42 ms, No solution found!
AsyncStartBFS: 61.91 ms, No solution found!

problem_48.yaml
SyncBFS: 182.28 ms, No solution found!
TasksBFS: 40.08 ms, No solution found!
MultithreadBFS: 90.82 ms, No solution found!
AsyncStartBFS: 27.26 ms, No solution found!

problem_45.yaml
TasksBFS: 4.18 ms, No solution found!
SyncBFS: 25.85 ms, No solution found!
AsyncStartBFS: 5.53 ms, No solution found!
MultithreadBFS: 5.97 ms, No solution found!

problem_43.yaml
AsyncStartBFS: 95.71 ms, No solution found!
MultithreadBFS: 756.93 ms, No solution found!
SyncBFS: 942.38 ms, No solution found!
TasksBFS: 107.39 ms, No solution found!

problem_41.yaml
MultithreadBFS: 660.47 ms, No solution found!
SyncBFS: 1036.61 ms, No solution found!
TasksBFS: 134.28 ms, No solution found!
AsyncStartBFS: 136.22 ms, No solution found!

problem_39.yaml
SyncBFS: 876.69 ms, No solution found!
AsyncStartBFS: 83.38 ms, No solution found!
MultithreadBFS: 604.84 ms, No solution found!
TasksBFS: 92.72 ms, No solution found!

problem_38.yaml
AsyncStartBFS: 58.55 ms, No solution found!
TasksBFS: 62.99 ms, No solution found!
MultithreadBFS: 397.22 ms, No solution found!
SyncBFS: 536.99 ms, No solution found!

problem_36.yaml
AsyncStartBFS: 31.15 ms, No solution found!
SyncBFS: 290.59 ms, No solution found!
MultithreadBFS: 183.93 ms, No solution found!
TasksBFS: 33.73 ms, No solution found!

problem_44.yaml
SyncBFS: 295.13 ms, No solution found!
MultithreadBFS: 210.53 ms, No solution found!
AsyncStartBFS: 32.33 ms, No solution found!
TasksBFS: 34.39 ms, No solution found!

problem_35.yaml
SyncBFS: 1112.21 ms, No solution found!
TasksBFS: 155.49 ms, No solution found!
MultithreadBFS: 893.02 ms, No solution found!
AsyncStartBFS: 136.63 ms, No solution found!

problem_46.yaml
TasksBFS: 0.27 ms, No solution found!
SyncBFS: 0 ms, No solution found!
AsyncStartBFS: 0 ms, No solution found!
MultithreadBFS: 0.01 ms, No solution found!

problem_34.yaml
TasksBFS: 163.69 ms, No solution found!
SyncBFS: 1197.41 ms, No solution found!
AsyncStartBFS: 144.13 ms, No solution found!
MultithreadBFS: 836.8 ms, No solution found!

problem_32.yaml
AsyncStartBFS: 14.02 ms, No solution found!
SyncBFS: 125.93 ms, No solution found!
MultithreadBFS: 64.55 ms, No solution found!
TasksBFS: 17.88 ms, No solution found!

problem_31.yaml
SyncBFS: 57.75 ms, No solution found!
AsyncStartBFS: 10.03 ms, No solution found!
TasksBFS: 7.43 ms, No solution found!
MultithreadBFS: 25.67 ms, No solution found!

problem_30.yaml
SyncBFS: 95.08 ms, No solution found!
TasksBFS: 12.08 ms, No solution found!
AsyncStartBFS: 10.04 ms, No solution found!
MultithreadBFS: 54.18 ms, No solution found!

problem_10.yaml
SyncBFS: 428.57 ms, No solution found!
AsyncStartBFS: 46.86 ms, No solution found!
TasksBFS: 48.78 ms, No solution found!
MultithreadBFS: 302.18 ms, No solution found!

problem_09.yaml
AsyncStartBFS: 28.94 ms, No solution found!
MultithreadBFS: 179.91 ms, No solution found!
TasksBFS: 41.6 ms, No solution found!
SyncBFS: 303.88 ms, No solution found!

problem_12.yaml
TasksBFS: 125.5 ms, No solution found!
AsyncStartBFS: 102.89 ms, No solution found!
SyncBFS: 923.6 ms, No solution found!
MultithreadBFS: 642.36 ms, No solution found!

problem_47.yaml
MultithreadBFS: 527.9 ms, No solution found!
AsyncStartBFS: 99.22 ms, No solution found!
SyncBFS: 936.83 ms, No solution found!
TasksBFS: 129.78 ms, No solution found!

problem_11.yaml
AsyncStartBFS: 61.59 ms, No solution found!
TasksBFS: 65.16 ms, No solution found!
SyncBFS: 539.13 ms, No solution found!
MultithreadBFS: 329.07 ms, No solution found!

problem_01.yaml
TasksBFS: 0.33 ms, No solution found!
SyncBFS: 0 ms, No solution found!
MultithreadBFS: 0.01 ms, No solution found!
AsyncStartBFS: 0 ms, No solution found!

problem_08.yaml
SyncBFS: 654.77 ms, No solution found!
TasksBFS: 72.69 ms, No solution found!
MultithreadBFS: 338.76 ms, No solution found!
AsyncStartBFS: 72.16 ms, No solution found!

problem_06.yaml
TasksBFS: 6.93 ms, No solution found!
MultithreadBFS: 27.48 ms, No solution found!
SyncBFS: 44.58 ms, No solution found!
AsyncStartBFS: 9.81 ms, No solution found!

problem_19.yaml
AsyncStartBFS: 60.76 ms, No solution found!
TasksBFS: 59.46 ms, No solution found!
MultithreadBFS: 265.34 ms, No solution found!
SyncBFS: 519.92 ms, No solution found!

problem_40.yaml
MultithreadBFS: 259.84 ms, No solution found!
AsyncStartBFS: 58.42 ms, No solution found!
TasksBFS: 58.05 ms, No solution found!
SyncBFS: 525.8 ms, No solution found!

problem_04.yaml
AsyncStartBFS: 76.18 ms, No solution found!
MultithreadBFS: 463.27 ms, No solution found!
SyncBFS: 651.89 ms, No solution found!
TasksBFS: 78.55 ms, No solution found!

problem_33.yaml
AsyncStartBFS: 81.43 ms, No solution found!
TasksBFS: 104.88 ms, No solution found!
SyncBFS: 860.32 ms, No solution found!
MultithreadBFS: 580.06 ms, No solution found!

problem_21.yaml
SyncBFS: 587.17 ms, No solution found!
TasksBFS: 66.44 ms, No solution found!
AsyncStartBFS: 67.42 ms, No solution found!
MultithreadBFS: 340.26 ms, No solution found!

problem_24.yaml
AsyncStartBFS: 25.38 ms, No solution found!
TasksBFS: 29.83 ms, No solution found!
SyncBFS: 253.97 ms, No solution found!
MultithreadBFS: 155.96 ms, No solution found!

problem_03.yaml
TasksBFS: 64.37 ms, No solution found!
AsyncStartBFS: 55.55 ms, No solution found!
MultithreadBFS: 247.19 ms, No solution found!
SyncBFS: 457.15 ms, No solution found!

problem_07.yaml
MultithreadBFS: 132.2 ms, No solution found!
TasksBFS: 64.98 ms, No solution found!
SyncBFS: 545.66 ms, No solution found!
AsyncStartBFS: 65.13 ms, No solution found!

problem_42.yaml
MultithreadBFS: 483.65 ms, No solution found!
TasksBFS: 91.03 ms, No solution found!
SyncBFS: 842.67 ms, No solution found!
AsyncStartBFS: 97.64 ms, No solution found!

problem_02.yaml
SyncBFS: 297.52 ms, No solution found!
MultithreadBFS: 161.75 ms, No solution found!
TasksBFS: 39.24 ms, No solution found!
AsyncStartBFS: 37.72 ms, No solution found!

problem_29.yaml
AsyncStartBFS: 33.77 ms, No solution found!
SyncBFS: 304.86 ms, No solution found!
TasksBFS: 37.42 ms, No solution found!
MultithreadBFS: 208.34 ms, No solution found!

problem_00.yaml
SyncBFS: 1071.54 ms, No solution found!
AsyncStartBFS: 122.7 ms, No solution found!
TasksBFS: 162.03 ms, No solution found!
MultithreadBFS: 915.03 ms, No solution found!

problem_13.yaml
AsyncStartBFS: 71.06 ms, No solution found!
SyncBFS: 669.63 ms, No solution found!
MultithreadBFS: 382.8 ms, No solution found!
TasksBFS: 81.01 ms, No solution found!

problem_16.yaml
SyncBFS: 292.18 ms, No solution found!
TasksBFS: 36.09 ms, No solution found!
MultithreadBFS: 209.44 ms, No solution found!
AsyncStartBFS: 30.53 ms, No solution found!

problem_20.yaml
SyncBFS: 685.03 ms, No solution found!
TasksBFS: 70.32 ms, No solution found!
AsyncStartBFS: 75.03 ms, No solution found!
MultithreadBFS: 335.14 ms, No solution found!

problem_18.yaml
SyncBFS: 884.52 ms, No solution found!
TasksBFS: 112.55 ms, No solution found!
MultithreadBFS: 485.67 ms, No solution found!
AsyncStartBFS: 83.96 ms, No solution found!

problem_05.yaml
MultithreadBFS: 212.17 ms, No solution found!
AsyncStartBFS: 54.17 ms, No solution found!
TasksBFS: 59.88 ms, No solution found!
SyncBFS: 493.79 ms, No solution found!

problem_15.yaml
SyncBFS: 241.36 ms, No solution found!
TasksBFS: 30.06 ms, No solution found!
AsyncStartBFS: 28.16 ms, No solution found!
MultithreadBFS: 134.51 ms, No solution found!

problem_17.yaml
MultithreadBFS: 194.42 ms, No solution found!
AsyncStartBFS: 33.96 ms, No solution found!
SyncBFS: 312.48 ms, No solution found!
TasksBFS: 40.89 ms, No solution found!

problem_37.yaml
TasksBFS: 55.81 ms, No solution found!
AsyncStartBFS: 46.68 ms, No solution found!
SyncBFS: 415.21 ms, No solution found!
MultithreadBFS: 234.71 ms, No solution found!

problem_22.yaml
TasksBFS: 88.88 ms, No solution found!
SyncBFS: 570.18 ms, No solution found!
MultithreadBFS: 259.07 ms, No solution found!
AsyncStartBFS: 66.71 ms, No solution found!

problem_23.yaml
TasksBFS: 8.53 ms, No solution found!
AsyncStartBFS: 7.78 ms, No solution found!
MultithreadBFS: 44.51 ms, No solution found!
SyncBFS: 68.34 ms, No solution found!

problem_25.yaml
AsyncStartBFS: 26.73 ms, No solution found!
MultithreadBFS: 218.09 ms, No solution found!
SyncBFS: 289.66 ms, No solution found!
TasksBFS: 35.57 ms, No solution found!

problem_27.yaml
AsyncStartBFS: 28.17 ms, No solution found!
SyncBFS: 269.76 ms, No solution found!
TasksBFS: 31.6 ms, No solution found!
MultithreadBFS: 170.88 ms, No solution found!

problem_26.yaml
TasksBFS: 82.82 ms, No solution found!
AsyncStartBFS: 75.56 ms, No solution found!
SyncBFS: 645.11 ms, No solution found!
MultithreadBFS: 330.46 ms, No solution found!

problem_14.yaml
SyncBFS: 646.82 ms, No solution found!
TasksBFS: 82.79 ms, No solution found!
AsyncStartBFS: 79.89 ms, No solution found!
MultithreadBFS: 335.07 ms, No solution found!

problem_28.yaml
SyncBFS: 457.87 ms, No solution found!
MultithreadBFS: 203.07 ms, No solution found!
TasksBFS: 61.99 ms, No solution found!
AsyncStartBFS: 55.51 ms, No solution found!


[INFO] Results summary:
MultithreadBFS
	Average: 308.239 ms
	Median: 253.13 ms
	Standard Deviation: 230.854 ms
TasksBFS
	Average: 63.4796 ms
	Median: 60.935 ms
	Standard Deviation: 41.6613 ms
AsyncStartBFS
	Average: 56.2872 ms
	Median: 56.985 ms
	Standard Deviation: 36.0074 ms
SyncBFS
	Average: 501.716 ms
	Median: 506.855 ms
	Standard Deviation: 316.396 ms
