problem_49.yaml
AsyncStartBFS: 2.47 ms, [] -> [1] -> [1, 0] -> [1, 0, 1] -> [1, 0, 1, 3] -> [1, 0, 1, 3, 0] -> [1, 0, 1, 3, 0, 0] -> [1, 0, 1, 3, 0, 0, 0] -> [1, 0, 1, 3, 0, 0, 0, 1] -> [1, 0, 1, 3, 0, 0, 0, 1, 2] -> [1, 0, 1, 3, 0, 0, 0, 1, 2, 0] -> [1, 0, 1, 3, 0, 0, 0, 1, 2, 0, 2] -> [1, 0, 1, 3, 0, 0, 0, 1, 2, 0, 2, 2] -> [1, 0, 1, 3, 0, 0, 0, 1, 2, 0, 2, 2, 3]
MultithreadBFS: 3.25 ms, [] -> [1] -> [1, 0] -> [1, 0, 1] -> [1, 0, 1, 3] -> [1, 0, 1, 3, 0] -> [1, 0, 1, 3, 0, 0] -> [1, 0, 1, 3, 0, 0, 0] -> [1, 0, 1, 3, 0, 0, 0, 1] -> [1, 0, 1, 3, 0, 0, 0, 1, 2] -> [1, 0, 1, 3, 0, 0, 0, 1, 2, 0] -> [1, 0, 1, 3, 0, 0, 0, 1, 2, 0, 2] -> [1, 0, 1, 3, 0, 0, 0, 1, 2, 0, 2, 2] -> [1, 0, 1, 3, 0, 0, 0, 1, 2, 0, 2, 2, 3]
TasksBFS: 10.06 ms, [] -> [1] -> [1, 0] -> [1, 0, 1] -> [1, 0, 1, 3] -> [1, 0, 1, 3, 0] -> [1, 0, 1, 3, 0, 0] -> [1, 0, 1, 3, 0, 0, 0] -> [1, 0, 1, 3, 0, 0, 0, 1] -> [1, 0, 1, 3, 0, 0, 0, 1, 2] -> [1, 0, 1, 3, 0, 0, 0, 1, 2, 0] -> [1, 0, 1, 3, 0, 0, 0, 1, 2, 0, 2] -> [1, 0, 1, 3, 0, 0, 0, 1, 2, 0, 2, 2] -> [1, 0, 1, 3, 0, 0, 0, 1, 2, 0, 2, 2, 3]
SyncBFS: 84.15 ms, [] -> [1] -> [1, 0] -> [1, 0, 1] -> [1, 0, 1, 3] -> [1, 0, 1, 3, 0] -> [1, 0, 1, 3, 0, 0] -> [1, 0, 1, 3, 0, 0, 0] -> [1, 0, 1, 3, 0, 0, 0, 1] -> [1, 0, 1, 3, 0, 0, 0, 1, 2] -> [1, 0, 1, 3, 0, 0, 0, 1, 2, 0] -> [1, 0, 1, 3, 0, 0, 0, 1, 2, 0, 2] -> [1, 0, 1, 3, 0, 0, 0, 1, 2, 0, 2, 2] -> [1, 0, 1, 3, 0, 0, 0, 1, 2, 0, 2, 2, 3]

problem_48.yaml
TasksBFS: 39.64 ms, [] -> [3] -> [3, 3] -> [3, 3, 1] -> [3, 3, 1, 2] -> [3, 3, 1, 2, 0] -> [3, 3, 1, 2, 0, 1] -> [3, 3, 1, 2, 0, 1, 1] -> [3, 3, 1, 2, 0, 1, 1, 2] -> [3, 3, 1, 2, 0, 1, 1, 2, 1] -> [3, 3, 1, 2, 0, 1, 1, 2, 1, 0] -> [3, 3, 1, 2, 0, 1, 1, 2, 1, 0, 1] -> [3, 3, 1, 2, 0, 1, 1, 2, 1, 0, 1, 2] -> [3, 3, 1, 2, 0, 1, 1, 2, 1, 0, 1, 2, 0]
AsyncStartBFS: 25.5 ms, [] -> [3] -> [3, 3] -> [3, 3, 1] -> [3, 3, 1, 2] -> [3, 3, 1, 2, 0] -> [3, 3, 1, 2, 0, 1] -> [3, 3, 1, 2, 0, 1, 1] -> [3, 3, 1, 2, 0, 1, 1, 2] -> [3, 3, 1, 2, 0, 1, 1, 2, 1] -> [3, 3, 1, 2, 0, 1, 1, 2, 1, 0] -> [3, 3, 1, 2, 0, 1, 1, 2, 1, 0, 1] -> [3, 3, 1, 2, 0, 1, 1, 2, 1, 0, 1, 2] -> [3, 3, 1, 2, 0, 1, 1, 2, 1, 0, 1, 2, 0]
MultithreadBFS: 18.13 ms, [] -> [3] -> [3, 0] -> [3, 0, 1] -> [3, 0, 1, 3] -> [3, 0, 1, 3, 2] -> [3, 0, 1, 3, 2, 1] -> [3, 0, 1, 3, 2, 1, 1] -> [3, 0, 1, 3, 2, 1, 1, 3] -> [3, 0, 1, 3, 2, 1, 1, 3, 3] -> [3, 0, 1, 3, 2, 1, 1, 3, 3, 3] -> [3, 0, 1, 3, 2, 1, 1, 3, 3, 3, 1] -> [3, 0, 1, 3, 2, 1, 1, 3, 3, 3, 1, 2] -> [3, 0, 1, 3, 2, 1, 1, 3, 3, 3, 1, 2, 0]
SyncBFS: 228.25 ms, [] -> [1] -> [1, 1] -> [1, 1, 3] -> [1, 1, 3, 2] -> [1, 1, 3, 2, 1] -> [1, 1, 3, 2, 1, 0] -> [1, 1, 3, 2, 1, 0, 2] -> [1, 1, 3, 2, 1, 0, 2, 3] -> [1, 1, 3, 2, 1, 0, 2, 3, 1] -> [1, 1, 3, 2, 1, 0, 2, 3, 1, 3] -> [1, 1, 3, 2, 1, 0, 2, 3, 1, 3, 1] -> [1, 1, 3, 2, 1, 0, 2, 3, 1, 3, 1, 3] -> [1, 1, 3, 2, 1, 0, 2, 3, 1, 3, 1, 3, 1]

problem_45.yaml
SyncBFS: 193.41 ms, [] -> [0] -> [0, 0] -> [0, 0, 1] -> [0, 0, 1, 0] -> [0, 0, 1, 0, 2] -> [0, 0, 1, 0, 2, 3] -> [0, 0, 1, 0, 2, 3, 0] -> [0, 0, 1, 0, 2, 3, 0, 2] -> [0, 0, 1, 0, 2, 3, 0, 2, 2] -> [0, 0, 1, 0, 2, 3, 0, 2, 2, 1] -> [0, 0, 1, 0, 2, 3, 0, 2, 2, 1, 3] -> [0, 0, 1, 0, 2, 3, 0, 2, 2, 1, 3, 2] -> [0, 0, 1, 0, 2, 3, 0, 2, 2, 1, 3, 2, 0]
TasksBFS: 23.3 ms, [] -> [0] -> [0, 0] -> [0, 0, 1] -> [0, 0, 1, 0] -> [0, 0, 1, 0, 2] -> [0, 0, 1, 0, 2, 3] -> [0, 0, 1, 0, 2, 3, 0] -> [0, 0, 1, 0, 2, 3, 0, 2] -> [0, 0, 1, 0, 2, 3, 0, 2, 2] -> [0, 0, 1, 0, 2, 3, 0, 2, 2, 1] -> [0, 0, 1, 0, 2, 3, 0, 2, 2, 1, 3] -> [0, 0, 1, 0, 2, 3, 0, 2, 2, 1, 3, 2] -> [0, 0, 1, 0, 2, 3, 0, 2, 2, 1, 3, 2, 0]
MultithreadBFS: 17.38 ms, [] -> [0] -> [0, 3] -> [0, 3, 0] -> [0, 3, 0, 0] -> [0, 3, 0, 0, 2] -> [0, 3, 0, 0, 2, 0] -> [0, 3, 0, 0, 2, 0, 2] -> [0, 3, 0, 0, 2, 0, 2, 3] -> [0, 3, 0, 0, 2, 0, 2, 3, 3] -> [0, 3, 0, 0, 2, 0, 2, 3, 3, 1] -> [0, 3, 0, 0, 2, 0, 2, 3, 3, 1, 2] -> [0, 3, 0, 0, 2, 0, 2, 3, 3, 1, 2, 0] -> [0, 3, 0, 0, 2, 0, 2, 3, 3, 1, 2, 0, 1]
AsyncStartBFS: 13.52 ms, [] -> [1] -> [1, 2] -> [1, 2, 0] -> [1, 2, 0, 1] -> [1, 2, 0, 1, 1] -> [1, 2, 0, 1, 1, 1] -> [1, 2, 0, 1, 1, 1, 2] -> [1, 2, 0, 1, 1, 1, 2, 0] -> [1, 2, 0, 1, 1, 1, 2, 0, 1] -> [1, 2, 0, 1, 1, 1, 2, 0, 1, 1] -> [1, 2, 0, 1, 1, 1, 2, 0, 1, 1, 0] -> [1, 2, 0, 1, 1, 1, 2, 0, 1, 1, 0, 0] -> [1, 2, 0, 1, 1, 1, 2, 0, 1, 1, 0, 0, 3]

problem_43.yaml
MultithreadBFS: 7.9 ms, [] -> [2] -> [2, 0] -> [2, 0, 3] -> [2, 0, 3, 1] -> [2, 0, 3, 1, 1] -> [2, 0, 3, 1, 1, 2] -> [2, 0, 3, 1, 1, 2, 1] -> [2, 0, 3, 1, 1, 2, 1, 2] -> [2, 0, 3, 1, 1, 2, 1, 2, 2] -> [2, 0, 3, 1, 1, 2, 1, 2, 2, 3] -> [2, 0, 3, 1, 1, 2, 1, 2, 2, 3, 2] -> [2, 0, 3, 1, 1, 2, 1, 2, 2, 3, 2, 2] -> [2, 0, 3, 1, 1, 2, 1, 2, 2, 3, 2, 2, 1]
TasksBFS: 28.7 ms, [] -> [2] -> [2, 0] -> [2, 0, 3] -> [2, 0, 3, 1] -> [2, 0, 3, 1, 1] -> [2, 0, 3, 1, 1, 2] -> [2, 0, 3, 1, 1, 2, 1] -> [2, 0, 3, 1, 1, 2, 1, 2] -> [2, 0, 3, 1, 1, 2, 1, 2, 2] -> [2, 0, 3, 1, 1, 2, 1, 2, 2, 3] -> [2, 0, 3, 1, 1, 2, 1, 2, 2, 3, 2] -> [2, 0, 3, 1, 1, 2, 1, 2, 2, 3, 2, 2] -> [2, 0, 3, 1, 1, 2, 1, 2, 2, 3, 2, 2, 1]
AsyncStartBFS: 21.81 ms, [] -> [2] -> [2, 0] -> [2, 0, 3] -> [2, 0, 3, 1] -> [2, 0, 3, 1, 1] -> [2, 0, 3, 1, 1, 2] -> [2, 0, 3, 1, 1, 2, 1] -> [2, 0, 3, 1, 1, 2, 1, 2] -> [2, 0, 3, 1, 1, 2, 1, 2, 2] -> [2, 0, 3, 1, 1, 2, 1, 2, 2, 3] -> [2, 0, 3, 1, 1, 2, 1, 2, 2, 3, 2] -> [2, 0, 3, 1, 1, 2, 1, 2, 2, 3, 2, 2] -> [2, 0, 3, 1, 1, 2, 1, 2, 2, 3, 2, 2, 1]
SyncBFS: 160.47 ms, [] -> [1] -> [1, 1] -> [1, 1, 2] -> [1, 1, 2, 3] -> [1, 1, 2, 3, 2] -> [1, 1, 2, 3, 2, 2] -> [1, 1, 2, 3, 2, 2, 3] -> [1, 1, 2, 3, 2, 2, 3, 3] -> [1, 1, 2, 3, 2, 2, 3, 3, 0] -> [1, 1, 2, 3, 2, 2, 3, 3, 0, 1] -> [1, 1, 2, 3, 2, 2, 3, 3, 0, 1, 2] -> [1, 1, 2, 3, 2, 2, 3, 3, 0, 1, 2, 3] -> [1, 1, 2, 3, 2, 2, 3, 3, 0, 1, 2, 3, 2]

problem_41.yaml
MultithreadBFS: 10.71 ms, [] -> [1] -> [1, 2] -> [1, 2, 3] -> [1, 2, 3, 0] -> [1, 2, 3, 0, 1] -> [1, 2, 3, 0, 1, 0] -> [1, 2, 3, 0, 1, 0, 0] -> [1, 2, 3, 0, 1, 0, 0, 3] -> [1, 2, 3, 0, 1, 0, 0, 3, 0] -> [1, 2, 3, 0, 1, 0, 0, 3, 0, 2] -> [1, 2, 3, 0, 1, 0, 0, 3, 0, 2, 0] -> [1, 2, 3, 0, 1, 0, 0, 3, 0, 2, 0, 1] -> [1, 2, 3, 0, 1, 0, 0, 3, 0, 2, 0, 1, 3]
TasksBFS: 35.04 ms, [] -> [1] -> [1, 2] -> [1, 2, 1] -> [1, 2, 1, 2] -> [1, 2, 1, 2, 0] -> [1, 2, 1, 2, 0, 0] -> [1, 2, 1, 2, 0, 0, 1] -> [1, 2, 1, 2, 0, 0, 1, 2] -> [1, 2, 1, 2, 0, 0, 1, 2, 2] -> [1, 2, 1, 2, 0, 0, 1, 2, 2, 0] -> [1, 2, 1, 2, 0, 0, 1, 2, 2, 0, 1] -> [1, 2, 1, 2, 0, 0, 1, 2, 2, 0, 1, 0] -> [1, 2, 1, 2, 0, 0, 1, 2, 2, 0, 1, 0, 2]
AsyncStartBFS: 28.54 ms, [] -> [2] -> [2, 2] -> [2, 2, 0] -> [2, 2, 0, 2] -> [2, 2, 0, 2, 3] -> [2, 2, 0, 2, 3, 3] -> [2, 2, 0, 2, 3, 3, 1] -> [2, 2, 0, 2, 3, 3, 1, 3] -> [2, 2, 0, 2, 3, 3, 1, 3, 0] -> [2, 2, 0, 2, 3, 3, 1, 3, 0, 3] -> [2, 2, 0, 2, 3, 3, 1, 3, 0, 3, 0] -> [2, 2, 0, 2, 3, 3, 1, 3, 0, 3, 0, 3] -> [2, 2, 0, 2, 3, 3, 1, 3, 0, 3, 0, 3, 1]
SyncBFS: 289.06 ms, [] -> [1] -> [1, 2] -> [1, 2, 0] -> [1, 2, 0, 2] -> [1, 2, 0, 2, 1] -> [1, 2, 0, 2, 1, 3] -> [1, 2, 0, 2, 1, 3, 2] -> [1, 2, 0, 2, 1, 3, 2, 1] -> [1, 2, 0, 2, 1, 3, 2, 1, 0] -> [1, 2, 0, 2, 1, 3, 2, 1, 0, 2] -> [1, 2, 0, 2, 1, 3, 2, 1, 0, 2, 3] -> [1, 2, 0, 2, 1, 3, 2, 1, 0, 2, 3, 2] -> [1, 2, 0, 2, 1, 3, 2, 1, 0, 2, 3, 2, 3]

problem_39.yaml
SyncBFS: 313.87 ms, [] -> [1] -> [1, 2] -> [1, 2, 2] -> [1, 2, 2, 0] -> [1, 2, 2, 0, 1] -> [1, 2, 2, 0, 1, 1] -> [1, 2, 2, 0, 1, 1, 0] -> [1, 2, 2, 0, 1, 1, 0, 2] -> [1, 2, 2, 0, 1, 1, 0, 2, 0] -> [1, 2, 2, 0, 1, 1, 0, 2, 0, 2] -> [1, 2, 2, 0, 1, 1, 0, 2, 0, 2, 1] -> [1, 2, 2, 0, 1, 1, 0, 2, 0, 2, 1, 3] -> [1, 2, 2, 0, 1, 1, 0, 2, 0, 2, 1, 3, 0]
AsyncStartBFS: 32.45 ms, [] -> [1] -> [1, 2] -> [1, 2, 2] -> [1, 2, 2, 0] -> [1, 2, 2, 0, 1] -> [1, 2, 2, 0, 1, 1] -> [1, 2, 2, 0, 1, 1, 0] -> [1, 2, 2, 0, 1, 1, 0, 2] -> [1, 2, 2, 0, 1, 1, 0, 2, 0] -> [1, 2, 2, 0, 1, 1, 0, 2, 0, 2] -> [1, 2, 2, 0, 1, 1, 0, 2, 0, 2, 1] -> [1, 2, 2, 0, 1, 1, 0, 2, 0, 2, 1, 3] -> [1, 2, 2, 0, 1, 1, 0, 2, 0, 2, 1, 3, 0]
MultithreadBFS: 24.45 ms, [] -> [1] -> [1, 2] -> [1, 2, 2] -> [1, 2, 2, 0] -> [1, 2, 2, 0, 1] -> [1, 2, 2, 0, 1, 1] -> [1, 2, 2, 0, 1, 1, 0] -> [1, 2, 2, 0, 1, 1, 0, 2] -> [1, 2, 2, 0, 1, 1, 0, 2, 0] -> [1, 2, 2, 0, 1, 1, 0, 2, 0, 2] -> [1, 2, 2, 0, 1, 1, 0, 2, 0, 2, 1] -> [1, 2, 2, 0, 1, 1, 0, 2, 0, 2, 1, 3] -> [1, 2, 2, 0, 1, 1, 0, 2, 0, 2, 1, 3, 0]
TasksBFS: 49.98 ms, [] -> [1] -> [1, 2] -> [1, 2, 2] -> [1, 2, 2, 0] -> [1, 2, 2, 0, 1] -> [1, 2, 2, 0, 1, 1] -> [1, 2, 2, 0, 1, 1, 0] -> [1, 2, 2, 0, 1, 1, 0, 2] -> [1, 2, 2, 0, 1, 1, 0, 2, 0] -> [1, 2, 2, 0, 1, 1, 0, 2, 0, 2] -> [1, 2, 2, 0, 1, 1, 0, 2, 0, 2, 1] -> [1, 2, 2, 0, 1, 1, 0, 2, 0, 2, 1, 3] -> [1, 2, 2, 0, 1, 1, 0, 2, 0, 2, 1, 3, 0]

problem_38.yaml
MultithreadBFS: 3.96 ms, [] -> [2] -> [2, 0] -> [2, 0, 2] -> [2, 0, 2, 0] -> [2, 0, 2, 0, 3] -> [2, 0, 2, 0, 3, 2] -> [2, 0, 2, 0, 3, 2, 3] -> [2, 0, 2, 0, 3, 2, 3, 0] -> [2, 0, 2, 0, 3, 2, 3, 0, 0] -> [2, 0, 2, 0, 3, 2, 3, 0, 0, 2] -> [2, 0, 2, 0, 3, 2, 3, 0, 0, 2, 3] -> [2, 0, 2, 0, 3, 2, 3, 0, 0, 2, 3, 3] -> [2, 0, 2, 0, 3, 2, 3, 0, 0, 2, 3, 3, 2]
SyncBFS: 34.93 ms, [] -> [2] -> [2, 0] -> [2, 0, 2] -> [2, 0, 2, 0] -> [2, 0, 2, 0, 1] -> [2, 0, 2, 0, 1, 2] -> [2, 0, 2, 0, 1, 2, 2] -> [2, 0, 2, 0, 1, 2, 2, 3] -> [2, 0, 2, 0, 1, 2, 2, 3, 0] -> [2, 0, 2, 0, 1, 2, 2, 3, 0, 3] -> [2, 0, 2, 0, 1, 2, 2, 3, 0, 3, 3] -> [2, 0, 2, 0, 1, 2, 2, 3, 0, 3, 3, 3] -> [2, 0, 2, 0, 1, 2, 2, 3, 0, 3, 3, 3, 0]
AsyncStartBFS: 6.29 ms, [] -> [2] -> [2, 0] -> [2, 0, 2] -> [2, 0, 2, 0] -> [2, 0, 2, 0, 3] -> [2, 0, 2, 0, 3, 2] -> [2, 0, 2, 0, 3, 2, 3] -> [2, 0, 2, 0, 3, 2, 3, 0] -> [2, 0, 2, 0, 3, 2, 3, 0, 0] -> [2, 0, 2, 0, 3, 2, 3, 0, 0, 2] -> [2, 0, 2, 0, 3, 2, 3, 0, 0, 2, 3] -> [2, 0, 2, 0, 3, 2, 3, 0, 0, 2, 3, 3] -> [2, 0, 2, 0, 3, 2, 3, 0, 0, 2, 3, 3, 2]
TasksBFS: 6.63 ms, [] -> [2] -> [2, 0] -> [2, 0, 2] -> [2, 0, 2, 0] -> [2, 0, 2, 0, 3] -> [2, 0, 2, 0, 3, 2] -> [2, 0, 2, 0, 3, 2, 3] -> [2, 0, 2, 0, 3, 2, 3, 0] -> [2, 0, 2, 0, 3, 2, 3, 0, 0] -> [2, 0, 2, 0, 3, 2, 3, 0, 0, 2] -> [2, 0, 2, 0, 3, 2, 3, 0, 0, 2, 3] -> [2, 0, 2, 0, 3, 2, 3, 0, 0, 2, 3, 3] -> [2, 0, 2, 0, 3, 2, 3, 0, 0, 2, 3, 3, 2]

problem_36.yaml
TasksBFS: 16.46 ms, [] -> [0] -> [0, 0] -> [0, 0, 2] -> [0, 0, 2, 3] -> [0, 0, 2, 3, 0] -> [0, 0, 2, 3, 0, 1] -> [0, 0, 2, 3, 0, 1, 1] -> [0, 0, 2, 3, 0, 1, 1, 1] -> [0, 0, 2, 3, 0, 1, 1, 1, 1] -> [0, 0, 2, 3, 0, 1, 1, 1, 1, 0] -> [0, 0, 2, 3, 0, 1, 1, 1, 1, 0, 0] -> [0, 0, 2, 3, 0, 1, 1, 1, 1, 0, 0, 2] -> [0, 0, 2, 3, 0, 1, 1, 1, 1, 0, 0, 2, 0]
MultithreadBFS: 14.19 ms, [] -> [2] -> [2, 3] -> [2, 3, 1] -> [2, 3, 1, 1] -> [2, 3, 1, 1, 2] -> [2, 3, 1, 1, 2, 1] -> [2, 3, 1, 1, 2, 1, 1] -> [2, 3, 1, 1, 2, 1, 1, 1] -> [2, 3, 1, 1, 2, 1, 1, 1, 1] -> [2, 3, 1, 1, 2, 1, 1, 1, 1, 3] -> [2, 3, 1, 1, 2, 1, 1, 1, 1, 3, 1] -> [2, 3, 1, 1, 2, 1, 1, 1, 1, 3, 1, 2] -> [2, 3, 1, 1, 2, 1, 1, 1, 1, 3, 1, 2, 0]
SyncBFS: 132.68 ms, [] -> [0] -> [0, 0] -> [0, 0, 2] -> [0, 0, 2, 3] -> [0, 0, 2, 3, 0] -> [0, 0, 2, 3, 0, 1] -> [0, 0, 2, 3, 0, 1, 1] -> [0, 0, 2, 3, 0, 1, 1, 1] -> [0, 0, 2, 3, 0, 1, 1, 1, 1] -> [0, 0, 2, 3, 0, 1, 1, 1, 1, 0] -> [0, 0, 2, 3, 0, 1, 1, 1, 1, 0, 0] -> [0, 0, 2, 3, 0, 1, 1, 1, 1, 0, 0, 2] -> [0, 0, 2, 3, 0, 1, 1, 1, 1, 0, 0, 2, 0]
AsyncStartBFS: 16.15 ms, [] -> [0] -> [0, 0] -> [0, 0, 2] -> [0, 0, 2, 3] -> [0, 0, 2, 3, 0] -> [0, 0, 2, 3, 0, 1] -> [0, 0, 2, 3, 0, 1, 1] -> [0, 0, 2, 3, 0, 1, 1, 1] -> [0, 0, 2, 3, 0, 1, 1, 1, 1] -> [0, 0, 2, 3, 0, 1, 1, 1, 1, 0] -> [0, 0, 2, 3, 0, 1, 1, 1, 1, 0, 0] -> [0, 0, 2, 3, 0, 1, 1, 1, 1, 0, 0, 2] -> [0, 0, 2, 3, 0, 1, 1, 1, 1, 0, 0, 2, 0]

problem_44.yaml
TasksBFS: 11.86 ms, No solution found!
MultithreadBFS: 51.96 ms, No solution found!
AsyncStartBFS: 10.93 ms, No solution found!
SyncBFS: 94.35 ms, No solution found!

problem_35.yaml
AsyncStartBFS: 12.78 ms, No solution found!
MultithreadBFS: 71.3 ms, No solution found!
TasksBFS: 18.65 ms, No solution found!
SyncBFS: 138.12 ms, No solution found!

problem_46.yaml
MultithreadBFS: 67.06 ms, [] -> [3] -> [3, 0] -> [3, 0, 0] -> [3, 0, 0, 3] -> [3, 0, 0, 3, 2] -> [3, 0, 0, 3, 2, 3] -> [3, 0, 0, 3, 2, 3, 3] -> [3, 0, 0, 3, 2, 3, 3, 2] -> [3, 0, 0, 3, 2, 3, 3, 2, 2] -> [3, 0, 0, 3, 2, 3, 3, 2, 2, 3] -> [3, 0, 0, 3, 2, 3, 3, 2, 2, 3, 2] -> [3, 0, 0, 3, 2, 3, 3, 2, 2, 3, 2, 3] -> [3, 0, 0, 3, 2, 3, 3, 2, 2, 3, 2, 3, 3]
SyncBFS: 68.76 ms, [] -> [3] -> [3, 0] -> [3, 0, 0] -> [3, 0, 0, 3] -> [3, 0, 0, 3, 2] -> [3, 0, 0, 3, 2, 3] -> [3, 0, 0, 3, 2, 3, 3] -> [3, 0, 0, 3, 2, 3, 3, 2] -> [3, 0, 0, 3, 2, 3, 3, 2, 2] -> [3, 0, 0, 3, 2, 3, 3, 2, 2, 3] -> [3, 0, 0, 3, 2, 3, 3, 2, 2, 3, 2] -> [3, 0, 0, 3, 2, 3, 3, 2, 2, 3, 2, 3] -> [3, 0, 0, 3, 2, 3, 3, 2, 2, 3, 2, 3, 3]
AsyncStartBFS: 11.27 ms, [] -> [3] -> [3, 0] -> [3, 0, 0] -> [3, 0, 0, 3] -> [3, 0, 0, 3, 2] -> [3, 0, 0, 3, 2, 3] -> [3, 0, 0, 3, 2, 3, 3] -> [3, 0, 0, 3, 2, 3, 3, 2] -> [3, 0, 0, 3, 2, 3, 3, 2, 2] -> [3, 0, 0, 3, 2, 3, 3, 2, 2, 3] -> [3, 0, 0, 3, 2, 3, 3, 2, 2, 3, 2] -> [3, 0, 0, 3, 2, 3, 3, 2, 2, 3, 2, 3] -> [3, 0, 0, 3, 2, 3, 3, 2, 2, 3, 2, 3, 3]
TasksBFS: 14.31 ms, [] -> [3] -> [3, 0] -> [3, 0, 0] -> [3, 0, 0, 3] -> [3, 0, 0, 3, 2] -> [3, 0, 0, 3, 2, 3] -> [3, 0, 0, 3, 2, 3, 3] -> [3, 0, 0, 3, 2, 3, 3, 2] -> [3, 0, 0, 3, 2, 3, 3, 2, 2] -> [3, 0, 0, 3, 2, 3, 3, 2, 2, 3] -> [3, 0, 0, 3, 2, 3, 3, 2, 2, 3, 2] -> [3, 0, 0, 3, 2, 3, 3, 2, 2, 3, 2, 3] -> [3, 0, 0, 3, 2, 3, 3, 2, 2, 3, 2, 3, 3]

problem_34.yaml
TasksBFS: 46.65 ms, [] -> [0] -> [0, 1] -> [0, 1, 0] -> [0, 1, 0, 3] -> [0, 1, 0, 3, 2] -> [0, 1, 0, 3, 2, 0] -> [0, 1, 0, 3, 2, 0, 3] -> [0, 1, 0, 3, 2, 0, 3, 0] -> [0, 1, 0, 3, 2, 0, 3, 0, 1] -> [0, 1, 0, 3, 2, 0, 3, 0, 1, 1] -> [0, 1, 0, 3, 2, 0, 3, 0, 1, 1, 3] -> [0, 1, 0, 3, 2, 0, 3, 0, 1, 1, 3, 3] -> [0, 1, 0, 3, 2, 0, 3, 0, 1, 1, 3, 3, 3]
SyncBFS: 198.07 ms, [] -> [0] -> [0, 1] -> [0, 1, 0] -> [0, 1, 0, 3] -> [0, 1, 0, 3, 2] -> [0, 1, 0, 3, 2, 0] -> [0, 1, 0, 3, 2, 0, 3] -> [0, 1, 0, 3, 2, 0, 3, 0] -> [0, 1, 0, 3, 2, 0, 3, 0, 1] -> [0, 1, 0, 3, 2, 0, 3, 0, 1, 1] -> [0, 1, 0, 3, 2, 0, 3, 0, 1, 1, 3] -> [0, 1, 0, 3, 2, 0, 3, 0, 1, 1, 3, 3] -> [0, 1, 0, 3, 2, 0, 3, 0, 1, 1, 3, 3, 3]
AsyncStartBFS: 14.53 ms, [] -> [0] -> [0, 1] -> [0, 1, 0] -> [0, 1, 0, 3] -> [0, 1, 0, 3, 2] -> [0, 1, 0, 3, 2, 0] -> [0, 1, 0, 3, 2, 0, 3] -> [0, 1, 0, 3, 2, 0, 3, 0] -> [0, 1, 0, 3, 2, 0, 3, 0, 1] -> [0, 1, 0, 3, 2, 0, 3, 0, 1, 1] -> [0, 1, 0, 3, 2, 0, 3, 0, 1, 1, 3] -> [0, 1, 0, 3, 2, 0, 3, 0, 1, 1, 3, 3] -> [0, 1, 0, 3, 2, 0, 3, 0, 1, 1, 3, 3, 3]
MultithreadBFS: 14.38 ms, [] -> [3] -> [3, 0] -> [3, 0, 0] -> [3, 0, 0, 3] -> [3, 0, 0, 3, 0] -> [3, 0, 0, 3, 0, 1] -> [3, 0, 0, 3, 0, 1, 2] -> [3, 0, 0, 3, 0, 1, 2, 1] -> [3, 0, 0, 3, 0, 1, 2, 1, 0] -> [3, 0, 0, 3, 0, 1, 2, 1, 0, 1] -> [3, 0, 0, 3, 0, 1, 2, 1, 0, 1, 0] -> [3, 0, 0, 3, 0, 1, 2, 1, 0, 1, 0, 2] -> [3, 0, 0, 3, 0, 1, 2, 1, 0, 1, 0, 2, 3]

problem_32.yaml
AsyncStartBFS: 3.03 ms, [] -> [0] -> [0, 0] -> [0, 0, 0] -> [0, 0, 0, 3] -> [0, 0, 0, 3, 0] -> [0, 0, 0, 3, 0, 2] -> [0, 0, 0, 3, 0, 2, 0] -> [0, 0, 0, 3, 0, 2, 0, 3] -> [0, 0, 0, 3, 0, 2, 0, 3, 2] -> [0, 0, 0, 3, 0, 2, 0, 3, 2, 2] -> [0, 0, 0, 3, 0, 2, 0, 3, 2, 2, 1] -> [0, 0, 0, 3, 0, 2, 0, 3, 2, 2, 1, 3] -> [0, 0, 0, 3, 0, 2, 0, 3, 2, 2, 1, 3, 1]
MultithreadBFS: 5.32 ms, [] -> [0] -> [0, 0] -> [0, 0, 0] -> [0, 0, 0, 3] -> [0, 0, 0, 3, 0] -> [0, 0, 0, 3, 0, 2] -> [0, 0, 0, 3, 0, 2, 0] -> [0, 0, 0, 3, 0, 2, 0, 3] -> [0, 0, 0, 3, 0, 2, 0, 3, 2] -> [0, 0, 0, 3, 0, 2, 0, 3, 2, 2] -> [0, 0, 0, 3, 0, 2, 0, 3, 2, 2, 1] -> [0, 0, 0, 3, 0, 2, 0, 3, 2, 2, 1, 3] -> [0, 0, 0, 3, 0, 2, 0, 3, 2, 2, 1, 3, 1]
SyncBFS: 81.66 ms, [] -> [0] -> [0, 0] -> [0, 0, 0] -> [0, 0, 0, 3] -> [0, 0, 0, 3, 0] -> [0, 0, 0, 3, 0, 2] -> [0, 0, 0, 3, 0, 2, 0] -> [0, 0, 0, 3, 0, 2, 0, 3] -> [0, 0, 0, 3, 0, 2, 0, 3, 2] -> [0, 0, 0, 3, 0, 2, 0, 3, 2, 2] -> [0, 0, 0, 3, 0, 2, 0, 3, 2, 2, 1] -> [0, 0, 0, 3, 0, 2, 0, 3, 2, 2, 1, 3] -> [0, 0, 0, 3, 0, 2, 0, 3, 2, 2, 1, 3, 1]
TasksBFS: 14.26 ms, [] -> [0] -> [0, 0] -> [0, 0, 0] -> [0, 0, 0, 3] -> [0, 0, 0, 3, 0] -> [0, 0, 0, 3, 0, 2] -> [0, 0, 0, 3, 0, 2, 0] -> [0, 0, 0, 3, 0, 2, 0, 3] -> [0, 0, 0, 3, 0, 2, 0, 3, 2] -> [0, 0, 0, 3, 0, 2, 0, 3, 2, 2] -> [0, 0, 0, 3, 0, 2, 0, 3, 2, 2, 1] -> [0, 0, 0, 3, 0, 2, 0, 3, 2, 2, 1, 3] -> [0, 0, 0, 3, 0, 2, 0, 3, 2, 2, 1, 3, 1]

problem_31.yaml
SyncBFS: 61.42 ms, [] -> [1] -> [1, 0] -> [1, 0, 2] -> [1, 0, 2, 1] -> [1, 0, 2, 1, 2] -> [1, 0, 2, 1, 2, 1] -> [1, 0, 2, 1, 2, 1, 2] -> [1, 0, 2, 1, 2, 1, 2, 3] -> [1, 0, 2, 1, 2, 1, 2, 3, 3] -> [1, 0, 2, 1, 2, 1, 2, 3, 3, 2] -> [1, 0, 2, 1, 2, 1, 2, 3, 3, 2, 2] -> [1, 0, 2, 1, 2, 1, 2, 3, 3, 2, 2, 2] -> [1, 0, 2, 1, 2, 1, 2, 3, 3, 2, 2, 2, 3]
TasksBFS: 10.51 ms, [] -> [1] -> [1, 0] -> [1, 0, 2] -> [1, 0, 2, 1] -> [1, 0, 2, 1, 2] -> [1, 0, 2, 1, 2, 1] -> [1, 0, 2, 1, 2, 1, 2] -> [1, 0, 2, 1, 2, 1, 2, 3] -> [1, 0, 2, 1, 2, 1, 2, 3, 3] -> [1, 0, 2, 1, 2, 1, 2, 3, 3, 2] -> [1, 0, 2, 1, 2, 1, 2, 3, 3, 2, 2] -> [1, 0, 2, 1, 2, 1, 2, 3, 3, 2, 2, 2] -> [1, 0, 2, 1, 2, 1, 2, 3, 3, 2, 2, 2, 3]
MultithreadBFS: 7.29 ms, [] -> [1] -> [1, 2] -> [1, 2, 3] -> [1, 2, 3, 0] -> [1, 2, 3, 0, 1] -> [1, 2, 3, 0, 1, 2] -> [1, 2, 3, 0, 1, 2, 1] -> [1, 2, 3, 0, 1, 2, 1, 0] -> [1, 2, 3, 0, 1, 2, 1, 0, 2] -> [1, 2, 3, 0, 1, 2, 1, 0, 2, 2] -> [1, 2, 3, 0, 1, 2, 1, 0, 2, 2, 1] -> [1, 2, 3, 0, 1, 2, 1, 0, 2, 2, 1, 1] -> [1, 2, 3, 0, 1, 2, 1, 0, 2, 2, 1, 1, 1]
AsyncStartBFS: 8.48 ms, [] -> [1] -> [1, 0] -> [1, 0, 2] -> [1, 0, 2, 1] -> [1, 0, 2, 1, 2] -> [1, 0, 2, 1, 2, 1] -> [1, 0, 2, 1, 2, 1, 2] -> [1, 0, 2, 1, 2, 1, 2, 3] -> [1, 0, 2, 1, 2, 1, 2, 3, 3] -> [1, 0, 2, 1, 2, 1, 2, 3, 3, 2] -> [1, 0, 2, 1, 2, 1, 2, 3, 3, 2, 2] -> [1, 0, 2, 1, 2, 1, 2, 3, 3, 2, 2, 2] -> [1, 0, 2, 1, 2, 1, 2, 3, 3, 2, 2, 2, 3]

problem_30.yaml
AsyncStartBFS: 0 ms, No solution found!
TasksBFS: 0.69 ms, No solution found!
MultithreadBFS: 0.01 ms, No solution found!
SyncBFS: 0 ms, No solution found!

problem_10.yaml
MultithreadBFS: 10.56 ms, [] -> [2] -> [2, 1] -> [2, 1, 1] -> [2, 1, 1, 2] -> [2, 1, 1, 2, 1] -> [2, 1, 1, 2, 1, 1] -> [2, 1, 1, 2, 1, 1, 0] -> [2, 1, 1, 2, 1, 1, 0, 2] -> [2, 1, 1, 2, 1, 1, 0, 2, 0] -> [2, 1, 1, 2, 1, 1, 0, 2, 0, 3] -> [2, 1, 1, 2, 1, 1, 0, 2, 0, 3, 3] -> [2, 1, 1, 2, 1, 1, 0, 2, 0, 3, 3, 0] -> [2, 1, 1, 2, 1, 1, 0, 2, 0, 3, 3, 0, 0]
SyncBFS: 162.79 ms, [] -> [1] -> [1, 1] -> [1, 1, 2] -> [1, 1, 2, 1] -> [1, 1, 2, 1, 0] -> [1, 1, 2, 1, 0, 3] -> [1, 1, 2, 1, 0, 3, 0] -> [1, 1, 2, 1, 0, 3, 0, 0] -> [1, 1, 2, 1, 0, 3, 0, 0, 0] -> [1, 1, 2, 1, 0, 3, 0, 0, 0, 0] -> [1, 1, 2, 1, 0, 3, 0, 0, 0, 0, 0] -> [1, 1, 2, 1, 0, 3, 0, 0, 0, 0, 0, 0] -> [1, 1, 2, 1, 0, 3, 0, 0, 0, 0, 0, 0, 0]
TasksBFS: 33.15 ms, [] -> [1] -> [1, 1] -> [1, 1, 2] -> [1, 1, 2, 1] -> [1, 1, 2, 1, 0] -> [1, 1, 2, 1, 0, 3] -> [1, 1, 2, 1, 0, 3, 0] -> [1, 1, 2, 1, 0, 3, 0, 0] -> [1, 1, 2, 1, 0, 3, 0, 0, 0] -> [1, 1, 2, 1, 0, 3, 0, 0, 0, 0] -> [1, 1, 2, 1, 0, 3, 0, 0, 0, 0, 0] -> [1, 1, 2, 1, 0, 3, 0, 0, 0, 0, 0, 0] -> [1, 1, 2, 1, 0, 3, 0, 0, 0, 0, 0, 0, 0]
AsyncStartBFS: 11.74 ms, [] -> [1] -> [1, 2] -> [1, 2, 3] -> [1, 2, 3, 0] -> [1, 2, 3, 0, 1] -> [1, 2, 3, 0, 1, 0] -> [1, 2, 3, 0, 1, 0, 1] -> [1, 2, 3, 0, 1, 0, 1, 1] -> [1, 2, 3, 0, 1, 0, 1, 1, 0] -> [1, 2, 3, 0, 1, 0, 1, 1, 0, 1] -> [1, 2, 3, 0, 1, 0, 1, 1, 0, 1, 0] -> [1, 2, 3, 0, 1, 0, 1, 1, 0, 1, 0, 3] -> [1, 2, 3, 0, 1, 0, 1, 1, 0, 1, 0, 3, 1]

problem_09.yaml
AsyncStartBFS: 4.71 ms, [] -> [0] -> [0, 3] -> [0, 3, 2] -> [0, 3, 2, 0] -> [0, 3, 2, 0, 1] -> [0, 3, 2, 0, 1, 2] -> [0, 3, 2, 0, 1, 2, 0] -> [0, 3, 2, 0, 1, 2, 0, 2] -> [0, 3, 2, 0, 1, 2, 0, 2, 2] -> [0, 3, 2, 0, 1, 2, 0, 2, 2, 1] -> [0, 3, 2, 0, 1, 2, 0, 2, 2, 1, 2] -> [0, 3, 2, 0, 1, 2, 0, 2, 2, 1, 2, 1] -> [0, 3, 2, 0, 1, 2, 0, 2, 2, 1, 2, 1, 1]
TasksBFS: 26.68 ms, [] -> [0] -> [0, 2] -> [0, 2, 3] -> [0, 2, 3, 1] -> [0, 2, 3, 1, 1] -> [0, 2, 3, 1, 1, 2] -> [0, 2, 3, 1, 1, 2, 2] -> [0, 2, 3, 1, 1, 2, 2, 1] -> [0, 2, 3, 1, 1, 2, 2, 1, 1] -> [0, 2, 3, 1, 1, 2, 2, 1, 1, 1] -> [0, 2, 3, 1, 1, 2, 2, 1, 1, 1, 2] -> [0, 2, 3, 1, 1, 2, 2, 1, 1, 1, 2, 2] -> [0, 2, 3, 1, 1, 2, 2, 1, 1, 1, 2, 2, 0]
MultithreadBFS: 8.04 ms, [] -> [0] -> [0, 3] -> [0, 3, 2] -> [0, 3, 2, 0] -> [0, 3, 2, 0, 1] -> [0, 3, 2, 0, 1, 2] -> [0, 3, 2, 0, 1, 2, 0] -> [0, 3, 2, 0, 1, 2, 0, 2] -> [0, 3, 2, 0, 1, 2, 0, 2, 2] -> [0, 3, 2, 0, 1, 2, 0, 2, 2, 1] -> [0, 3, 2, 0, 1, 2, 0, 2, 2, 1, 2] -> [0, 3, 2, 0, 1, 2, 0, 2, 2, 1, 2, 1] -> [0, 3, 2, 0, 1, 2, 0, 2, 2, 1, 2, 1, 1]
SyncBFS: 191.35 ms, [] -> [0] -> [0, 2] -> [0, 2, 3] -> [0, 2, 3, 1] -> [0, 2, 3, 1, 1] -> [0, 2, 3, 1, 1, 2] -> [0, 2, 3, 1, 1, 2, 2] -> [0, 2, 3, 1, 1, 2, 2, 1] -> [0, 2, 3, 1, 1, 2, 2, 1, 1] -> [0, 2, 3, 1, 1, 2, 2, 1, 1, 1] -> [0, 2, 3, 1, 1, 2, 2, 1, 1, 1, 2] -> [0, 2, 3, 1, 1, 2, 2, 1, 1, 1, 2, 2] -> [0, 2, 3, 1, 1, 2, 2, 1, 1, 1, 2, 2, 0]

problem_12.yaml
SyncBFS: 376.02 ms, [] -> [3] -> [3, 3] -> [3, 3, 2] -> [3, 3, 2, 1] -> [3, 3, 2, 1, 2] -> [3, 3, 2, 1, 2, 1] -> [3, 3, 2, 1, 2, 1, 3] -> [3, 3, 2, 1, 2, 1, 3, 2] -> [3, 3, 2, 1, 2, 1, 3, 2, 2] -> [3, 3, 2, 1, 2, 1, 3, 2, 2, 1] -> [3, 3, 2, 1, 2, 1, 3, 2, 2, 1, 3] -> [3, 3, 2, 1, 2, 1, 3, 2, 2, 1, 3, 3] -> [3, 3, 2, 1, 2, 1, 3, 2, 2, 1, 3, 3, 0]
AsyncStartBFS: 35.39 ms, [] -> [3] -> [3, 3] -> [3, 3, 3] -> [3, 3, 3, 0] -> [3, 3, 3, 0, 3] -> [3, 3, 3, 0, 3, 1] -> [3, 3, 3, 0, 3, 1, 0] -> [3, 3, 3, 0, 3, 1, 0, 1] -> [3, 3, 3, 0, 3, 1, 0, 1, 1] -> [3, 3, 3, 0, 3, 1, 0, 1, 1, 0] -> [3, 3, 3, 0, 3, 1, 0, 1, 1, 0, 1] -> [3, 3, 3, 0, 3, 1, 0, 1, 1, 0, 1, 2] -> [3, 3, 3, 0, 3, 1, 0, 1, 1, 0, 1, 2, 0]
TasksBFS: 57.59 ms, [] -> [3] -> [3, 3] -> [3, 3, 3] -> [3, 3, 3, 0] -> [3, 3, 3, 0, 3] -> [3, 3, 3, 0, 3, 1] -> [3, 3, 3, 0, 3, 1, 0] -> [3, 3, 3, 0, 3, 1, 0, 1] -> [3, 3, 3, 0, 3, 1, 0, 1, 1] -> [3, 3, 3, 0, 3, 1, 0, 1, 1, 0] -> [3, 3, 3, 0, 3, 1, 0, 1, 1, 0, 1] -> [3, 3, 3, 0, 3, 1, 0, 1, 1, 0, 1, 2] -> [3, 3, 3, 0, 3, 1, 0, 1, 1, 0, 1, 2, 0]
MultithreadBFS: 257.77 ms, [] -> [3] -> [3, 3] -> [3, 3, 3] -> [3, 3, 3, 0] -> [3, 3, 3, 0, 3] -> [3, 3, 3, 0, 3, 1] -> [3, 3, 3, 0, 3, 1, 0] -> [3, 3, 3, 0, 3, 1, 0, 1] -> [3, 3, 3, 0, 3, 1, 0, 1, 1] -> [3, 3, 3, 0, 3, 1, 0, 1, 1, 0] -> [3, 3, 3, 0, 3, 1, 0, 1, 1, 0, 1] -> [3, 3, 3, 0, 3, 1, 0, 1, 1, 0, 1, 2] -> [3, 3, 3, 0, 3, 1, 0, 1, 1, 0, 1, 2, 0]

problem_47.yaml
SyncBFS: 210.13 ms, [] -> [2] -> [2, 1] -> [2, 1, 2] -> [2, 1, 2, 0] -> [2, 1, 2, 0, 1] -> [2, 1, 2, 0, 1, 2] -> [2, 1, 2, 0, 1, 2, 2] -> [2, 1, 2, 0, 1, 2, 2, 3] -> [2, 1, 2, 0, 1, 2, 2, 3, 0] -> [2, 1, 2, 0, 1, 2, 2, 3, 0, 2] -> [2, 1, 2, 0, 1, 2, 2, 3, 0, 2, 0] -> [2, 1, 2, 0, 1, 2, 2, 3, 0, 2, 0, 0] -> [2, 1, 2, 0, 1, 2, 2, 3, 0, 2, 0, 0, 1]
AsyncStartBFS: 22.41 ms, [] -> [3] -> [3, 2] -> [3, 2, 0] -> [3, 2, 0, 3] -> [3, 2, 0, 3, 1] -> [3, 2, 0, 3, 1, 2] -> [3, 2, 0, 3, 1, 2, 1] -> [3, 2, 0, 3, 1, 2, 1, 2] -> [3, 2, 0, 3, 1, 2, 1, 2, 0] -> [3, 2, 0, 3, 1, 2, 1, 2, 0, 3] -> [3, 2, 0, 3, 1, 2, 1, 2, 0, 3, 2] -> [3, 2, 0, 3, 1, 2, 1, 2, 0, 3, 2, 0] -> [3, 2, 0, 3, 1, 2, 1, 2, 0, 3, 2, 0, 3]
TasksBFS: 24.93 ms, [] -> [3] -> [3, 2] -> [3, 2, 0] -> [3, 2, 0, 3] -> [3, 2, 0, 3, 1] -> [3, 2, 0, 3, 1, 2] -> [3, 2, 0, 3, 1, 2, 1] -> [3, 2, 0, 3, 1, 2, 1, 2] -> [3, 2, 0, 3, 1, 2, 1, 2, 0] -> [3, 2, 0, 3, 1, 2, 1, 2, 0, 3] -> [3, 2, 0, 3, 1, 2, 1, 2, 0, 3, 2] -> [3, 2, 0, 3, 1, 2, 1, 2, 0, 3, 2, 0] -> [3, 2, 0, 3, 1, 2, 1, 2, 0, 3, 2, 0, 3]
MultithreadBFS: 17.34 ms, [] -> [3] -> [3, 2] -> [3, 2, 0] -> [3, 2, 0, 3] -> [3, 2, 0, 3, 1] -> [3, 2, 0, 3, 1, 2] -> [3, 2, 0, 3, 1, 2, 1] -> [3, 2, 0, 3, 1, 2, 1, 2] -> [3, 2, 0, 3, 1, 2, 1, 2, 0] -> [3, 2, 0, 3, 1, 2, 1, 2, 0, 3] -> [3, 2, 0, 3, 1, 2, 1, 2, 0, 3, 2] -> [3, 2, 0, 3, 1, 2, 1, 2, 0, 3, 2, 0] -> [3, 2, 0, 3, 1, 2, 1, 2, 0, 3, 2, 0, 3]

problem_11.yaml
TasksBFS: 32 ms, [] -> [2] -> [2, 0] -> [2, 0, 1] -> [2, 0, 1, 1] -> [2, 0, 1, 1, 2] -> [2, 0, 1, 1, 2, 2] -> [2, 0, 1, 1, 2, 2, 1] -> [2, 0, 1, 1, 2, 2, 1, 0] -> [2, 0, 1, 1, 2, 2, 1, 0, 1] -> [2, 0, 1, 1, 2, 2, 1, 0, 1, 0] -> [2, 0, 1, 1, 2, 2, 1, 0, 1, 0, 1] -> [2, 0, 1, 1, 2, 2, 1, 0, 1, 0, 1, 3] -> [2, 0, 1, 1, 2, 2, 1, 0, 1, 0, 1, 3, 3]
SyncBFS: 248.72 ms, [] -> [0] -> [0, 3] -> [0, 3, 3] -> [0, 3, 3, 1] -> [0, 3, 3, 1, 3] -> [0, 3, 3, 1, 3, 3] -> [0, 3, 3, 1, 3, 3, 2] -> [0, 3, 3, 1, 3, 3, 2, 1] -> [0, 3, 3, 1, 3, 3, 2, 1, 2] -> [0, 3, 3, 1, 3, 3, 2, 1, 2, 3] -> [0, 3, 3, 1, 3, 3, 2, 1, 2, 3, 0] -> [0, 3, 3, 1, 3, 3, 2, 1, 2, 3, 0, 0] -> [0, 3, 3, 1, 3, 3, 2, 1, 2, 3, 0, 0, 0]
MultithreadBFS: 26.12 ms, [] -> [0] -> [0, 3] -> [0, 3, 3] -> [0, 3, 3, 1] -> [0, 3, 3, 1, 3] -> [0, 3, 3, 1, 3, 3] -> [0, 3, 3, 1, 3, 3, 2] -> [0, 3, 3, 1, 3, 3, 2, 1] -> [0, 3, 3, 1, 3, 3, 2, 1, 2] -> [0, 3, 3, 1, 3, 3, 2, 1, 2, 3] -> [0, 3, 3, 1, 3, 3, 2, 1, 2, 3, 0] -> [0, 3, 3, 1, 3, 3, 2, 1, 2, 3, 0, 0] -> [0, 3, 3, 1, 3, 3, 2, 1, 2, 3, 0, 0, 0]
AsyncStartBFS: 23.6 ms, [] -> [2] -> [2, 3] -> [2, 3, 2] -> [2, 3, 2, 1] -> [2, 3, 2, 1, 1] -> [2, 3, 2, 1, 1, 3] -> [2, 3, 2, 1, 1, 3, 2] -> [2, 3, 2, 1, 1, 3, 2, 2] -> [2, 3, 2, 1, 1, 3, 2, 2, 0] -> [2, 3, 2, 1, 1, 3, 2, 2, 0, 1] -> [2, 3, 2, 1, 1, 3, 2, 2, 0, 1, 2] -> [2, 3, 2, 1, 1, 3, 2, 2, 0, 1, 2, 0] -> [2, 3, 2, 1, 1, 3, 2, 2, 0, 1, 2, 0, 1]

problem_01.yaml
TasksBFS: 33.07 ms, [] -> [1] -> [1, 2] -> [1, 2, 1] -> [1, 2, 1, 0] -> [1, 2, 1, 0, 2] -> [1, 2, 1, 0, 2, 1] -> [1, 2, 1, 0, 2, 1, 3] -> [1, 2, 1, 0, 2, 1, 3, 3] -> [1, 2, 1, 0, 2, 1, 3, 3, 2] -> [1, 2, 1, 0, 2, 1, 3, 3, 2, 1] -> [1, 2, 1, 0, 2, 1, 3, 3, 2, 1, 2] -> [1, 2, 1, 0, 2, 1, 3, 3, 2, 1, 2, 3] -> [1, 2, 1, 0, 2, 1, 3, 3, 2, 1, 2, 3, 1]
SyncBFS: 182.06 ms, [] -> [1] -> [1, 2] -> [1, 2, 1] -> [1, 2, 1, 0] -> [1, 2, 1, 0, 2] -> [1, 2, 1, 0, 2, 1] -> [1, 2, 1, 0, 2, 1, 3] -> [1, 2, 1, 0, 2, 1, 3, 3] -> [1, 2, 1, 0, 2, 1, 3, 3, 2] -> [1, 2, 1, 0, 2, 1, 3, 3, 2, 1] -> [1, 2, 1, 0, 2, 1, 3, 3, 2, 1, 2] -> [1, 2, 1, 0, 2, 1, 3, 3, 2, 1, 2, 3] -> [1, 2, 1, 0, 2, 1, 3, 3, 2, 1, 2, 3, 1]
MultithreadBFS: 11.04 ms, [] -> [2] -> [2, 0] -> [2, 0, 0] -> [2, 0, 0, 3] -> [2, 0, 0, 3, 2] -> [2, 0, 0, 3, 2, 1] -> [2, 0, 0, 3, 2, 1, 0] -> [2, 0, 0, 3, 2, 1, 0, 1] -> [2, 0, 0, 3, 2, 1, 0, 1, 2] -> [2, 0, 0, 3, 2, 1, 0, 1, 2, 2] -> [2, 0, 0, 3, 2, 1, 0, 1, 2, 2, 3] -> [2, 0, 0, 3, 2, 1, 0, 1, 2, 2, 3, 3] -> [2, 0, 0, 3, 2, 1, 0, 1, 2, 2, 3, 3, 3]
AsyncStartBFS: 3.42 ms, [] -> [2] -> [2, 0] -> [2, 0, 0] -> [2, 0, 0, 3] -> [2, 0, 0, 3, 2] -> [2, 0, 0, 3, 2, 1] -> [2, 0, 0, 3, 2, 1, 0] -> [2, 0, 0, 3, 2, 1, 0, 1] -> [2, 0, 0, 3, 2, 1, 0, 1, 2] -> [2, 0, 0, 3, 2, 1, 0, 1, 2, 2] -> [2, 0, 0, 3, 2, 1, 0, 1, 2, 2, 3] -> [2, 0, 0, 3, 2, 1, 0, 1, 2, 2, 3, 3] -> [2, 0, 0, 3, 2, 1, 0, 1, 2, 2, 3, 3, 3]

problem_08.yaml
SyncBFS: 194.04 ms, [] -> [0] -> [0, 0] -> [0, 0, 2] -> [0, 0, 2, 3] -> [0, 0, 2, 3, 3] -> [0, 0, 2, 3, 3, 1] -> [0, 0, 2, 3, 3, 1, 1] -> [0, 0, 2, 3, 3, 1, 1, 3] -> [0, 0, 2, 3, 3, 1, 1, 3, 2] -> [0, 0, 2, 3, 3, 1, 1, 3, 2, 0] -> [0, 0, 2, 3, 3, 1, 1, 3, 2, 0, 1] -> [0, 0, 2, 3, 3, 1, 1, 3, 2, 0, 1, 3] -> [0, 0, 2, 3, 3, 1, 1, 3, 2, 0, 1, 3, 2]
AsyncStartBFS: 27.86 ms, [] -> [0] -> [0, 0] -> [0, 0, 2] -> [0, 0, 2, 3] -> [0, 0, 2, 3, 3] -> [0, 0, 2, 3, 3, 1] -> [0, 0, 2, 3, 3, 1, 1] -> [0, 0, 2, 3, 3, 1, 1, 3] -> [0, 0, 2, 3, 3, 1, 1, 3, 2] -> [0, 0, 2, 3, 3, 1, 1, 3, 2, 0] -> [0, 0, 2, 3, 3, 1, 1, 3, 2, 0, 1] -> [0, 0, 2, 3, 3, 1, 1, 3, 2, 0, 1, 3] -> [0, 0, 2, 3, 3, 1, 1, 3, 2, 0, 1, 3, 2]
TasksBFS: 40.56 ms, [] -> [0] -> [0, 0] -> [0, 0, 2] -> [0, 0, 2, 3] -> [0, 0, 2, 3, 3] -> [0, 0, 2, 3, 3, 1] -> [0, 0, 2, 3, 3, 1, 1] -> [0, 0, 2, 3, 3, 1, 1, 3] -> [0, 0, 2, 3, 3, 1, 1, 3, 2] -> [0, 0, 2, 3, 3, 1, 1, 3, 2, 0] -> [0, 0, 2, 3, 3, 1, 1, 3, 2, 0, 1] -> [0, 0, 2, 3, 3, 1, 1, 3, 2, 0, 1, 3] -> [0, 0, 2, 3, 3, 1, 1, 3, 2, 0, 1, 3, 2]
MultithreadBFS: 28.8 ms, [] -> [3] -> [3, 0] -> [3, 0, 2] -> [3, 0, 2, 0] -> [3, 0, 2, 0, 3] -> [3, 0, 2, 0, 3, 1] -> [3, 0, 2, 0, 3, 1, 1] -> [3, 0, 2, 0, 3, 1, 1, 3] -> [3, 0, 2, 0, 3, 1, 1, 3, 3] -> [3, 0, 2, 0, 3, 1, 1, 3, 3, 1] -> [3, 0, 2, 0, 3, 1, 1, 3, 3, 1, 1] -> [3, 0, 2, 0, 3, 1, 1, 3, 3, 1, 1, 3] -> [3, 0, 2, 0, 3, 1, 1, 3, 3, 1, 1, 3, 0]

problem_06.yaml
SyncBFS: 135.62 ms, [] -> [0] -> [0, 0] -> [0, 0, 2] -> [0, 0, 2, 0] -> [0, 0, 2, 0, 3] -> [0, 0, 2, 0, 3, 1] -> [0, 0, 2, 0, 3, 1, 0] -> [0, 0, 2, 0, 3, 1, 0, 1] -> [0, 0, 2, 0, 3, 1, 0, 1, 1] -> [0, 0, 2, 0, 3, 1, 0, 1, 1, 1] -> [0, 0, 2, 0, 3, 1, 0, 1, 1, 1, 2] -> [0, 0, 2, 0, 3, 1, 0, 1, 1, 1, 2, 1] -> [0, 0, 2, 0, 3, 1, 0, 1, 1, 1, 2, 1, 2]
TasksBFS: 14.58 ms, [] -> [0] -> [0, 0] -> [0, 0, 2] -> [0, 0, 2, 3] -> [0, 0, 2, 3, 3] -> [0, 0, 2, 3, 3, 1] -> [0, 0, 2, 3, 3, 1, 1] -> [0, 0, 2, 3, 3, 1, 1, 1] -> [0, 0, 2, 3, 3, 1, 1, 1, 3] -> [0, 0, 2, 3, 3, 1, 1, 1, 3, 1] -> [0, 0, 2, 3, 3, 1, 1, 1, 3, 1, 2] -> [0, 0, 2, 3, 3, 1, 1, 1, 3, 1, 2, 3] -> [0, 0, 2, 3, 3, 1, 1, 1, 3, 1, 2, 3, 2]
AsyncStartBFS: 8.82 ms, [] -> [0] -> [0, 0] -> [0, 0, 2] -> [0, 0, 2, 3] -> [0, 0, 2, 3, 3] -> [0, 0, 2, 3, 3, 1] -> [0, 0, 2, 3, 3, 1, 1] -> [0, 0, 2, 3, 3, 1, 1, 1] -> [0, 0, 2, 3, 3, 1, 1, 1, 3] -> [0, 0, 2, 3, 3, 1, 1, 1, 3, 1] -> [0, 0, 2, 3, 3, 1, 1, 1, 3, 1, 2] -> [0, 0, 2, 3, 3, 1, 1, 1, 3, 1, 2, 3] -> [0, 0, 2, 3, 3, 1, 1, 1, 3, 1, 2, 3, 2]
MultithreadBFS: 5.57 ms, [] -> [2] -> [2, 2] -> [2, 2, 1] -> [2, 2, 1, 0] -> [2, 2, 1, 0, 3] -> [2, 2, 1, 0, 3, 1] -> [2, 2, 1, 0, 3, 1, 3] -> [2, 2, 1, 0, 3, 1, 3, 1] -> [2, 2, 1, 0, 3, 1, 3, 1, 3] -> [2, 2, 1, 0, 3, 1, 3, 1, 3, 3] -> [2, 2, 1, 0, 3, 1, 3, 1, 3, 3, 0] -> [2, 2, 1, 0, 3, 1, 3, 1, 3, 3, 0, 3] -> [2, 2, 1, 0, 3, 1, 3, 1, 3, 3, 0, 3, 0]

problem_19.yaml
TasksBFS: 61.58 ms, [] -> [3] -> [3, 1] -> [3, 1, 3] -> [3, 1, 3, 0] -> [3, 1, 3, 0, 1] -> [3, 1, 3, 0, 1, 0] -> [3, 1, 3, 0, 1, 0, 2] -> [3, 1, 3, 0, 1, 0, 2, 2] -> [3, 1, 3, 0, 1, 0, 2, 2, 1] -> [3, 1, 3, 0, 1, 0, 2, 2, 1, 2] -> [3, 1, 3, 0, 1, 0, 2, 2, 1, 2, 2] -> [3, 1, 3, 0, 1, 0, 2, 2, 1, 2, 2, 0] -> [3, 1, 3, 0, 1, 0, 2, 2, 1, 2, 2, 0, 3]
SyncBFS: 423.61 ms, [] -> [3] -> [3, 1] -> [3, 1, 3] -> [3, 1, 3, 0] -> [3, 1, 3, 0, 1] -> [3, 1, 3, 0, 1, 0] -> [3, 1, 3, 0, 1, 0, 2] -> [3, 1, 3, 0, 1, 0, 2, 2] -> [3, 1, 3, 0, 1, 0, 2, 2, 1] -> [3, 1, 3, 0, 1, 0, 2, 2, 1, 2] -> [3, 1, 3, 0, 1, 0, 2, 2, 1, 2, 2] -> [3, 1, 3, 0, 1, 0, 2, 2, 1, 2, 2, 0] -> [3, 1, 3, 0, 1, 0, 2, 2, 1, 2, 2, 0, 3]
AsyncStartBFS: 20.72 ms, [] -> [3] -> [3, 1] -> [3, 1, 3] -> [3, 1, 3, 0] -> [3, 1, 3, 0, 1] -> [3, 1, 3, 0, 1, 0] -> [3, 1, 3, 0, 1, 0, 2] -> [3, 1, 3, 0, 1, 0, 2, 2] -> [3, 1, 3, 0, 1, 0, 2, 2, 1] -> [3, 1, 3, 0, 1, 0, 2, 2, 1, 2] -> [3, 1, 3, 0, 1, 0, 2, 2, 1, 2, 2] -> [3, 1, 3, 0, 1, 0, 2, 2, 1, 2, 2, 0] -> [3, 1, 3, 0, 1, 0, 2, 2, 1, 2, 2, 0, 3]
MultithreadBFS: 66.51 ms, [] -> [3] -> [3, 1] -> [3, 1, 3] -> [3, 1, 3, 0] -> [3, 1, 3, 0, 1] -> [3, 1, 3, 0, 1, 0] -> [3, 1, 3, 0, 1, 0, 2] -> [3, 1, 3, 0, 1, 0, 2, 2] -> [3, 1, 3, 0, 1, 0, 2, 2, 1] -> [3, 1, 3, 0, 1, 0, 2, 2, 1, 2] -> [3, 1, 3, 0, 1, 0, 2, 2, 1, 2, 2] -> [3, 1, 3, 0, 1, 0, 2, 2, 1, 2, 2, 0] -> [3, 1, 3, 0, 1, 0, 2, 2, 1, 2, 2, 0, 3]

problem_40.yaml
MultithreadBFS: 17.89 ms, [] -> [3] -> [3, 0] -> [3, 0, 2] -> [3, 0, 2, 0] -> [3, 0, 2, 0, 1] -> [3, 0, 2, 0, 1, 3] -> [3, 0, 2, 0, 1, 3, 3] -> [3, 0, 2, 0, 1, 3, 3, 2] -> [3, 0, 2, 0, 1, 3, 3, 2, 0] -> [3, 0, 2, 0, 1, 3, 3, 2, 0, 2] -> [3, 0, 2, 0, 1, 3, 3, 2, 0, 2, 0] -> [3, 0, 2, 0, 1, 3, 3, 2, 0, 2, 0, 1] -> [3, 0, 2, 0, 1, 3, 3, 2, 0, 2, 0, 1, 1]
SyncBFS: 170.11 ms, [] -> [0] -> [0, 0] -> [0, 0, 0] -> [0, 0, 0, 0] -> [0, 0, 0, 0, 3] -> [0, 0, 0, 0, 3, 3] -> [0, 0, 0, 0, 3, 3, 1] -> [0, 0, 0, 0, 3, 3, 1, 2] -> [0, 0, 0, 0, 3, 3, 1, 2, 2] -> [0, 0, 0, 0, 3, 3, 1, 2, 2, 1] -> [0, 0, 0, 0, 3, 3, 1, 2, 2, 1, 1] -> [0, 0, 0, 0, 3, 3, 1, 2, 2, 1, 1, 2] -> [0, 0, 0, 0, 3, 3, 1, 2, 2, 1, 1, 2, 1]
TasksBFS: 20.96 ms, [] -> [0] -> [0, 0] -> [0, 0, 0] -> [0, 0, 0, 0] -> [0, 0, 0, 0, 3] -> [0, 0, 0, 0, 3, 3] -> [0, 0, 0, 0, 3, 3, 1] -> [0, 0, 0, 0, 3, 3, 1, 2] -> [0, 0, 0, 0, 3, 3, 1, 2, 2] -> [0, 0, 0, 0, 3, 3, 1, 2, 2, 1] -> [0, 0, 0, 0, 3, 3, 1, 2, 2, 1, 1] -> [0, 0, 0, 0, 3, 3, 1, 2, 2, 1, 1, 2] -> [0, 0, 0, 0, 3, 3, 1, 2, 2, 1, 1, 2, 1]
AsyncStartBFS: 17.54 ms, [] -> [0] -> [0, 0] -> [0, 0, 0] -> [0, 0, 0, 0] -> [0, 0, 0, 0, 3] -> [0, 0, 0, 0, 3, 3] -> [0, 0, 0, 0, 3, 3, 1] -> [0, 0, 0, 0, 3, 3, 1, 2] -> [0, 0, 0, 0, 3, 3, 1, 2, 2] -> [0, 0, 0, 0, 3, 3, 1, 2, 2, 1] -> [0, 0, 0, 0, 3, 3, 1, 2, 2, 1, 1] -> [0, 0, 0, 0, 3, 3, 1, 2, 2, 1, 1, 2] -> [0, 0, 0, 0, 3, 3, 1, 2, 2, 1, 1, 2, 1]

problem_04.yaml
AsyncStartBFS: 3.89 ms, [] -> [0] -> [0, 1] -> [0, 1, 2] -> [0, 1, 2, 1] -> [0, 1, 2, 1, 3] -> [0, 1, 2, 1, 3, 1] -> [0, 1, 2, 1, 3, 1, 3] -> [0, 1, 2, 1, 3, 1, 3, 1] -> [0, 1, 2, 1, 3, 1, 3, 1, 3] -> [0, 1, 2, 1, 3, 1, 3, 1, 3, 0] -> [0, 1, 2, 1, 3, 1, 3, 1, 3, 0, 1] -> [0, 1, 2, 1, 3, 1, 3, 1, 3, 0, 1, 1] -> [0, 1, 2, 1, 3, 1, 3, 1, 3, 0, 1, 1, 0]
MultithreadBFS: 6.06 ms, [] -> [0] -> [0, 1] -> [0, 1, 2] -> [0, 1, 2, 1] -> [0, 1, 2, 1, 3] -> [0, 1, 2, 1, 3, 1] -> [0, 1, 2, 1, 3, 1, 3] -> [0, 1, 2, 1, 3, 1, 3, 1] -> [0, 1, 2, 1, 3, 1, 3, 1, 3] -> [0, 1, 2, 1, 3, 1, 3, 1, 3, 0] -> [0, 1, 2, 1, 3, 1, 3, 1, 3, 0, 1] -> [0, 1, 2, 1, 3, 1, 3, 1, 3, 0, 1, 1] -> [0, 1, 2, 1, 3, 1, 3, 1, 3, 0, 1, 1, 0]
TasksBFS: 16.7 ms, [] -> [0] -> [0, 1] -> [0, 1, 2] -> [0, 1, 2, 1] -> [0, 1, 2, 1, 3] -> [0, 1, 2, 1, 3, 1] -> [0, 1, 2, 1, 3, 1, 3] -> [0, 1, 2, 1, 3, 1, 3, 1] -> [0, 1, 2, 1, 3, 1, 3, 1, 3] -> [0, 1, 2, 1, 3, 1, 3, 1, 3, 0] -> [0, 1, 2, 1, 3, 1, 3, 1, 3, 0, 1] -> [0, 1, 2, 1, 3, 1, 3, 1, 3, 0, 1, 1] -> [0, 1, 2, 1, 3, 1, 3, 1, 3, 0, 1, 1, 0]
SyncBFS: 81.24 ms, [] -> [0] -> [0, 1] -> [0, 1, 0] -> [0, 1, 0, 0] -> [0, 1, 0, 0, 3] -> [0, 1, 0, 0, 3, 3] -> [0, 1, 0, 0, 3, 3, 2] -> [0, 1, 0, 0, 3, 3, 2, 3] -> [0, 1, 0, 0, 3, 3, 2, 3, 0] -> [0, 1, 0, 0, 3, 3, 2, 3, 0, 2] -> [0, 1, 0, 0, 3, 3, 2, 3, 0, 2, 3] -> [0, 1, 0, 0, 3, 3, 2, 3, 0, 2, 3, 1] -> [0, 1, 0, 0, 3, 3, 2, 3, 0, 2, 3, 1, 0]

problem_33.yaml
SyncBFS: 196.51 ms, [] -> [1] -> [1, 2] -> [1, 2, 1] -> [1, 2, 1, 0] -> [1, 2, 1, 0, 0] -> [1, 2, 1, 0, 0, 3] -> [1, 2, 1, 0, 0, 3, 1] -> [1, 2, 1, 0, 0, 3, 1, 2] -> [1, 2, 1, 0, 0, 3, 1, 2, 1] -> [1, 2, 1, 0, 0, 3, 1, 2, 1, 2] -> [1, 2, 1, 0, 0, 3, 1, 2, 1, 2, 0] -> [1, 2, 1, 0, 0, 3, 1, 2, 1, 2, 0, 1] -> [1, 2, 1, 0, 0, 3, 1, 2, 1, 2, 0, 1, 0]
TasksBFS: 30.21 ms, [] -> [1] -> [1, 2] -> [1, 2, 1] -> [1, 2, 1, 0] -> [1, 2, 1, 0, 0] -> [1, 2, 1, 0, 0, 3] -> [1, 2, 1, 0, 0, 3, 1] -> [1, 2, 1, 0, 0, 3, 1, 2] -> [1, 2, 1, 0, 0, 3, 1, 2, 1] -> [1, 2, 1, 0, 0, 3, 1, 2, 1, 2] -> [1, 2, 1, 0, 0, 3, 1, 2, 1, 2, 0] -> [1, 2, 1, 0, 0, 3, 1, 2, 1, 2, 0, 1] -> [1, 2, 1, 0, 0, 3, 1, 2, 1, 2, 0, 1, 0]
MultithreadBFS: 98.47 ms, [] -> [1] -> [1, 2] -> [1, 2, 3] -> [1, 2, 3, 1] -> [1, 2, 3, 1, 2] -> [1, 2, 3, 1, 2, 2] -> [1, 2, 3, 1, 2, 2, 0] -> [1, 2, 3, 1, 2, 2, 0, 0] -> [1, 2, 3, 1, 2, 2, 0, 0, 2] -> [1, 2, 3, 1, 2, 2, 0, 0, 2, 0] -> [1, 2, 3, 1, 2, 2, 0, 0, 2, 0, 3] -> [1, 2, 3, 1, 2, 2, 0, 0, 2, 0, 3, 3] -> [1, 2, 3, 1, 2, 2, 0, 0, 2, 0, 3, 3, 3]
AsyncStartBFS: 18.4 ms, [] -> [1] -> [1, 2] -> [1, 2, 3] -> [1, 2, 3, 1] -> [1, 2, 3, 1, 2] -> [1, 2, 3, 1, 2, 2] -> [1, 2, 3, 1, 2, 2, 0] -> [1, 2, 3, 1, 2, 2, 0, 0] -> [1, 2, 3, 1, 2, 2, 0, 0, 2] -> [1, 2, 3, 1, 2, 2, 0, 0, 2, 0] -> [1, 2, 3, 1, 2, 2, 0, 0, 2, 0, 3] -> [1, 2, 3, 1, 2, 2, 0, 0, 2, 0, 3, 3] -> [1, 2, 3, 1, 2, 2, 0, 0, 2, 0, 3, 3, 3]

problem_21.yaml
SyncBFS: 143.25 ms, [] -> [0] -> [0, 1] -> [0, 1, 0] -> [0, 1, 0, 1] -> [0, 1, 0, 1, 0] -> [0, 1, 0, 1, 0, 0] -> [0, 1, 0, 1, 0, 0, 0] -> [0, 1, 0, 1, 0, 0, 0, 3] -> [0, 1, 0, 1, 0, 0, 0, 3, 0] -> [0, 1, 0, 1, 0, 0, 0, 3, 0, 3] -> [0, 1, 0, 1, 0, 0, 0, 3, 0, 3, 3] -> [0, 1, 0, 1, 0, 0, 0, 3, 0, 3, 3, 0] -> [0, 1, 0, 1, 0, 0, 0, 3, 0, 3, 3, 0, 3]
MultithreadBFS: 16.54 ms, [] -> [1] -> [1, 2] -> [1, 2, 3] -> [1, 2, 3, 3] -> [1, 2, 3, 3, 2] -> [1, 2, 3, 3, 2, 1] -> [1, 2, 3, 3, 2, 1, 2] -> [1, 2, 3, 3, 2, 1, 2, 2] -> [1, 2, 3, 3, 2, 1, 2, 2, 3] -> [1, 2, 3, 3, 2, 1, 2, 2, 3, 0] -> [1, 2, 3, 3, 2, 1, 2, 2, 3, 0, 3] -> [1, 2, 3, 3, 2, 1, 2, 2, 3, 0, 3, 0] -> [1, 2, 3, 3, 2, 1, 2, 2, 3, 0, 3, 0, 1]
TasksBFS: 18.13 ms, [] -> [0] -> [0, 1] -> [0, 1, 0] -> [0, 1, 0, 1] -> [0, 1, 0, 1, 0] -> [0, 1, 0, 1, 0, 0] -> [0, 1, 0, 1, 0, 0, 0] -> [0, 1, 0, 1, 0, 0, 0, 3] -> [0, 1, 0, 1, 0, 0, 0, 3, 0] -> [0, 1, 0, 1, 0, 0, 0, 3, 0, 3] -> [0, 1, 0, 1, 0, 0, 0, 3, 0, 3, 3] -> [0, 1, 0, 1, 0, 0, 0, 3, 0, 3, 3, 0] -> [0, 1, 0, 1, 0, 0, 0, 3, 0, 3, 3, 0, 3]
AsyncStartBFS: 12.38 ms, [] -> [0] -> [0, 1] -> [0, 1, 0] -> [0, 1, 0, 1] -> [0, 1, 0, 1, 0] -> [0, 1, 0, 1, 0, 0] -> [0, 1, 0, 1, 0, 0, 0] -> [0, 1, 0, 1, 0, 0, 0, 3] -> [0, 1, 0, 1, 0, 0, 0, 3, 0] -> [0, 1, 0, 1, 0, 0, 0, 3, 0, 3] -> [0, 1, 0, 1, 0, 0, 0, 3, 0, 3, 3] -> [0, 1, 0, 1, 0, 0, 0, 3, 0, 3, 3, 0] -> [0, 1, 0, 1, 0, 0, 0, 3, 0, 3, 3, 0, 3]

problem_24.yaml
SyncBFS: 90.13 ms, No solution found!
MultithreadBFS: 36.94 ms, No solution found!
TasksBFS: 13.73 ms, No solution found!
AsyncStartBFS: 9.79 ms, No solution found!

problem_03.yaml
SyncBFS: 142.29 ms, No solution found!
AsyncStartBFS: 17.95 ms, No solution found!
TasksBFS: 17.62 ms, No solution found!
MultithreadBFS: 65.85 ms, No solution found!

problem_07.yaml
AsyncStartBFS: 14.27 ms, [] -> [0] -> [0, 0] -> [0, 0, 0] -> [0, 0, 0, 2] -> [0, 0, 0, 2, 0] -> [0, 0, 0, 2, 0, 3] -> [0, 0, 0, 2, 0, 3, 2] -> [0, 0, 0, 2, 0, 3, 2, 0] -> [0, 0, 0, 2, 0, 3, 2, 0, 1] -> [0, 0, 0, 2, 0, 3, 2, 0, 1, 2] -> [0, 0, 0, 2, 0, 3, 2, 0, 1, 2, 1] -> [0, 0, 0, 2, 0, 3, 2, 0, 1, 2, 1, 3] -> [0, 0, 0, 2, 0, 3, 2, 0, 1, 2, 1, 3, 2]
MultithreadBFS: 171.4 ms, [] -> [0] -> [0, 0] -> [0, 0, 0] -> [0, 0, 0, 2] -> [0, 0, 0, 2, 0] -> [0, 0, 0, 2, 0, 3] -> [0, 0, 0, 2, 0, 3, 2] -> [0, 0, 0, 2, 0, 3, 2, 0] -> [0, 0, 0, 2, 0, 3, 2, 0, 1] -> [0, 0, 0, 2, 0, 3, 2, 0, 1, 2] -> [0, 0, 0, 2, 0, 3, 2, 0, 1, 2, 1] -> [0, 0, 0, 2, 0, 3, 2, 0, 1, 2, 1, 3] -> [0, 0, 0, 2, 0, 3, 2, 0, 1, 2, 1, 3, 2]
TasksBFS: 26.76 ms, [] -> [0] -> [0, 0] -> [0, 0, 0] -> [0, 0, 0, 2] -> [0, 0, 0, 2, 0] -> [0, 0, 0, 2, 0, 3] -> [0, 0, 0, 2, 0, 3, 2] -> [0, 0, 0, 2, 0, 3, 2, 0] -> [0, 0, 0, 2, 0, 3, 2, 0, 1] -> [0, 0, 0, 2, 0, 3, 2, 0, 1, 2] -> [0, 0, 0, 2, 0, 3, 2, 0, 1, 2, 1] -> [0, 0, 0, 2, 0, 3, 2, 0, 1, 2, 1, 3] -> [0, 0, 0, 2, 0, 3, 2, 0, 1, 2, 1, 3, 2]
SyncBFS: 141.04 ms, [] -> [0] -> [0, 0] -> [0, 0, 0] -> [0, 0, 0, 2] -> [0, 0, 0, 2, 0] -> [0, 0, 0, 2, 0, 3] -> [0, 0, 0, 2, 0, 3, 2] -> [0, 0, 0, 2, 0, 3, 2, 0] -> [0, 0, 0, 2, 0, 3, 2, 0, 1] -> [0, 0, 0, 2, 0, 3, 2, 0, 1, 2] -> [0, 0, 0, 2, 0, 3, 2, 0, 1, 2, 1] -> [0, 0, 0, 2, 0, 3, 2, 0, 1, 2, 1, 3] -> [0, 0, 0, 2, 0, 3, 2, 0, 1, 2, 1, 3, 2]

problem_42.yaml
TasksBFS: 20.81 ms, No solution found!
SyncBFS: 169.95 ms, No solution found!
MultithreadBFS: 93.22 ms, No solution found!
AsyncStartBFS: 17.92 ms, No solution found!

problem_02.yaml
TasksBFS: 27.39 ms, [] -> [0] -> [0, 2] -> [0, 2, 3] -> [0, 2, 3, 3] -> [0, 2, 3, 3, 3] -> [0, 2, 3, 3, 3, 1] -> [0, 2, 3, 3, 3, 1, 1] -> [0, 2, 3, 3, 3, 1, 1, 0] -> [0, 2, 3, 3, 3, 1, 1, 0, 1] -> [0, 2, 3, 3, 3, 1, 1, 0, 1, 2] -> [0, 2, 3, 3, 3, 1, 1, 0, 1, 2, 2] -> [0, 2, 3, 3, 3, 1, 1, 0, 1, 2, 2, 0] -> [0, 2, 3, 3, 3, 1, 1, 0, 1, 2, 2, 0, 2]
SyncBFS: 176.41 ms, [] -> [0] -> [0, 2] -> [0, 2, 3] -> [0, 2, 3, 3] -> [0, 2, 3, 3, 3] -> [0, 2, 3, 3, 3, 1] -> [0, 2, 3, 3, 3, 1, 1] -> [0, 2, 3, 3, 3, 1, 1, 0] -> [0, 2, 3, 3, 3, 1, 1, 0, 1] -> [0, 2, 3, 3, 3, 1, 1, 0, 1, 2] -> [0, 2, 3, 3, 3, 1, 1, 0, 1, 2, 2] -> [0, 2, 3, 3, 3, 1, 1, 0, 1, 2, 2, 0] -> [0, 2, 3, 3, 3, 1, 1, 0, 1, 2, 2, 0, 2]
MultithreadBFS: 16.9 ms, [] -> [2] -> [2, 3] -> [2, 3, 3] -> [2, 3, 3, 2] -> [2, 3, 3, 2, 0] -> [2, 3, 3, 2, 0, 0] -> [2, 3, 3, 2, 0, 0, 2] -> [2, 3, 3, 2, 0, 0, 2, 2] -> [2, 3, 3, 2, 0, 0, 2, 2, 0] -> [2, 3, 3, 2, 0, 0, 2, 2, 0, 3] -> [2, 3, 3, 2, 0, 0, 2, 2, 0, 3, 2] -> [2, 3, 3, 2, 0, 0, 2, 2, 0, 3, 2, 0] -> [2, 3, 3, 2, 0, 0, 2, 2, 0, 3, 2, 0, 0]
AsyncStartBFS: 10.79 ms, [] -> [2] -> [2, 3] -> [2, 3, 3] -> [2, 3, 3, 2] -> [2, 3, 3, 2, 0] -> [2, 3, 3, 2, 0, 0] -> [2, 3, 3, 2, 0, 0, 2] -> [2, 3, 3, 2, 0, 0, 2, 2] -> [2, 3, 3, 2, 0, 0, 2, 2, 0] -> [2, 3, 3, 2, 0, 0, 2, 2, 0, 3] -> [2, 3, 3, 2, 0, 0, 2, 2, 0, 3, 2] -> [2, 3, 3, 2, 0, 0, 2, 2, 0, 3, 2, 0] -> [2, 3, 3, 2, 0, 0, 2, 2, 0, 3, 2, 0, 0]

problem_29.yaml
SyncBFS: 147.64 ms, [] -> [0] -> [0, 0] -> [0, 0, 2] -> [0, 0, 2, 0] -> [0, 0, 2, 0, 1] -> [0, 0, 2, 0, 1, 2] -> [0, 0, 2, 0, 1, 2, 3] -> [0, 0, 2, 0, 1, 2, 3, 1] -> [0, 0, 2, 0, 1, 2, 3, 1, 2] -> [0, 0, 2, 0, 1, 2, 3, 1, 2, 0] -> [0, 0, 2, 0, 1, 2, 3, 1, 2, 0, 0] -> [0, 0, 2, 0, 1, 2, 3, 1, 2, 0, 0, 3] -> [0, 0, 2, 0, 1, 2, 3, 1, 2, 0, 0, 3, 3]
TasksBFS: 26.47 ms, [] -> [0] -> [0, 0] -> [0, 0, 2] -> [0, 0, 2, 0] -> [0, 0, 2, 0, 1] -> [0, 0, 2, 0, 1, 2] -> [0, 0, 2, 0, 1, 2, 3] -> [0, 0, 2, 0, 1, 2, 3, 1] -> [0, 0, 2, 0, 1, 2, 3, 1, 2] -> [0, 0, 2, 0, 1, 2, 3, 1, 2, 0] -> [0, 0, 2, 0, 1, 2, 3, 1, 2, 0, 0] -> [0, 0, 2, 0, 1, 2, 3, 1, 2, 0, 0, 3] -> [0, 0, 2, 0, 1, 2, 3, 1, 2, 0, 0, 3, 3]
AsyncStartBFS: 13.67 ms, [] -> [0] -> [0, 0] -> [0, 0, 3] -> [0, 0, 3, 1] -> [0, 0, 3, 1, 3] -> [0, 0, 3, 1, 3, 1] -> [0, 0, 3, 1, 3, 1, 2] -> [0, 0, 3, 1, 3, 1, 2, 2] -> [0, 0, 3, 1, 3, 1, 2, 2, 2] -> [0, 0, 3, 1, 3, 1, 2, 2, 2, 1] -> [0, 0, 3, 1, 3, 1, 2, 2, 2, 1, 0] -> [0, 0, 3, 1, 3, 1, 2, 2, 2, 1, 0, 3] -> [0, 0, 3, 1, 3, 1, 2, 2, 2, 1, 0, 3, 2]
MultithreadBFS: 10.31 ms, [] -> [1] -> [1, 0] -> [1, 0, 2] -> [1, 0, 2, 3] -> [1, 0, 2, 3, 2] -> [1, 0, 2, 3, 2, 1] -> [1, 0, 2, 3, 2, 1, 2] -> [1, 0, 2, 3, 2, 1, 2, 2] -> [1, 0, 2, 3, 2, 1, 2, 2, 0] -> [1, 0, 2, 3, 2, 1, 2, 2, 0, 1] -> [1, 0, 2, 3, 2, 1, 2, 2, 0, 1, 1] -> [1, 0, 2, 3, 2, 1, 2, 2, 0, 1, 1, 0] -> [1, 0, 2, 3, 2, 1, 2, 2, 0, 1, 1, 0, 3]

problem_00.yaml
MultithreadBFS: 1.38 ms, [] -> [1] -> [1, 2] -> [1, 2, 3] -> [1, 2, 3, 1] -> [1, 2, 3, 1, 3] -> [1, 2, 3, 1, 3, 1] -> [1, 2, 3, 1, 3, 1, 1] -> [1, 2, 3, 1, 3, 1, 1, 1] -> [1, 2, 3, 1, 3, 1, 1, 1, 2] -> [1, 2, 3, 1, 3, 1, 1, 1, 2, 1] -> [1, 2, 3, 1, 3, 1, 1, 1, 2, 1, 2] -> [1, 2, 3, 1, 3, 1, 1, 1, 2, 1, 2, 0] -> [1, 2, 3, 1, 3, 1, 1, 1, 2, 1, 2, 0, 1]
TasksBFS: 20.87 ms, [] -> [1] -> [1, 0] -> [1, 0, 3] -> [1, 0, 3, 3] -> [1, 0, 3, 3, 1] -> [1, 0, 3, 3, 1, 2] -> [1, 0, 3, 3, 1, 2, 1] -> [1, 0, 3, 3, 1, 2, 1, 1] -> [1, 0, 3, 3, 1, 2, 1, 1, 0] -> [1, 0, 3, 3, 1, 2, 1, 1, 0, 3] -> [1, 0, 3, 3, 1, 2, 1, 1, 0, 3, 0] -> [1, 0, 3, 3, 1, 2, 1, 1, 0, 3, 0, 3] -> [1, 0, 3, 3, 1, 2, 1, 1, 0, 3, 0, 3, 3]
SyncBFS: 146.79 ms, [] -> [1] -> [1, 0] -> [1, 0, 3] -> [1, 0, 3, 3] -> [1, 0, 3, 3, 1] -> [1, 0, 3, 3, 1, 2] -> [1, 0, 3, 3, 1, 2, 1] -> [1, 0, 3, 3, 1, 2, 1, 1] -> [1, 0, 3, 3, 1, 2, 1, 1, 0] -> [1, 0, 3, 3, 1, 2, 1, 1, 0, 3] -> [1, 0, 3, 3, 1, 2, 1, 1, 0, 3, 0] -> [1, 0, 3, 3, 1, 2, 1, 1, 0, 3, 0, 3] -> [1, 0, 3, 3, 1, 2, 1, 1, 0, 3, 0, 3, 3]
AsyncStartBFS: 1.76 ms, [] -> [1] -> [1, 2] -> [1, 2, 3] -> [1, 2, 3, 1] -> [1, 2, 3, 1, 3] -> [1, 2, 3, 1, 3, 1] -> [1, 2, 3, 1, 3, 1, 1] -> [1, 2, 3, 1, 3, 1, 1, 1] -> [1, 2, 3, 1, 3, 1, 1, 1, 2] -> [1, 2, 3, 1, 3, 1, 1, 1, 2, 1] -> [1, 2, 3, 1, 3, 1, 1, 1, 2, 1, 2] -> [1, 2, 3, 1, 3, 1, 1, 1, 2, 1, 2, 0] -> [1, 2, 3, 1, 3, 1, 1, 1, 2, 1, 2, 0, 1]

problem_13.yaml
MultithreadBFS: 0 ms, No solution found!
SyncBFS: 0 ms, No solution found!
AsyncStartBFS: 0 ms, No solution found!
TasksBFS: 0.74 ms, No solution found!

problem_16.yaml
AsyncStartBFS: 16.89 ms, [] -> [2] -> [2, 3] -> [2, 3, 1] -> [2, 3, 1, 1] -> [2, 3, 1, 1, 0] -> [2, 3, 1, 1, 0, 3] -> [2, 3, 1, 1, 0, 3, 3] -> [2, 3, 1, 1, 0, 3, 3, 1] -> [2, 3, 1, 1, 0, 3, 3, 1, 1] -> [2, 3, 1, 1, 0, 3, 3, 1, 1, 2] -> [2, 3, 1, 1, 0, 3, 3, 1, 1, 2, 1] -> [2, 3, 1, 1, 0, 3, 3, 1, 1, 2, 1, 0] -> [2, 3, 1, 1, 0, 3, 3, 1, 1, 2, 1, 0, 1]
TasksBFS: 21.76 ms, [] -> [3] -> [3, 0] -> [3, 0, 1] -> [3, 0, 1, 2] -> [3, 0, 1, 2, 2] -> [3, 0, 1, 2, 2, 1] -> [3, 0, 1, 2, 2, 1, 1] -> [3, 0, 1, 2, 2, 1, 1, 2] -> [3, 0, 1, 2, 2, 1, 1, 2, 2] -> [3, 0, 1, 2, 2, 1, 1, 2, 2, 3] -> [3, 0, 1, 2, 2, 1, 1, 2, 2, 3, 2] -> [3, 0, 1, 2, 2, 1, 1, 2, 2, 3, 2, 2] -> [3, 0, 1, 2, 2, 1, 1, 2, 2, 3, 2, 2, 1]
MultithreadBFS: 18.02 ms, [] -> [3] -> [3, 0] -> [3, 0, 1] -> [3, 0, 1, 2] -> [3, 0, 1, 2, 2] -> [3, 0, 1, 2, 2, 1] -> [3, 0, 1, 2, 2, 1, 1] -> [3, 0, 1, 2, 2, 1, 1, 2] -> [3, 0, 1, 2, 2, 1, 1, 2, 2] -> [3, 0, 1, 2, 2, 1, 1, 2, 2, 3] -> [3, 0, 1, 2, 2, 1, 1, 2, 2, 3, 2] -> [3, 0, 1, 2, 2, 1, 1, 2, 2, 3, 2, 2] -> [3, 0, 1, 2, 2, 1, 1, 2, 2, 3, 2, 2, 1]
SyncBFS: 201.98 ms, [] -> [2] -> [2, 3] -> [2, 3, 0] -> [2, 3, 0, 1] -> [2, 3, 0, 1, 2] -> [2, 3, 0, 1, 2, 2] -> [2, 3, 0, 1, 2, 2, 3] -> [2, 3, 0, 1, 2, 2, 3, 2] -> [2, 3, 0, 1, 2, 2, 3, 2, 2] -> [2, 3, 0, 1, 2, 2, 3, 2, 2, 1] -> [2, 3, 0, 1, 2, 2, 3, 2, 2, 1, 0] -> [2, 3, 0, 1, 2, 2, 3, 2, 2, 1, 0, 0] -> [2, 3, 0, 1, 2, 2, 3, 2, 2, 1, 0, 0, 2]

problem_20.yaml
MultithreadBFS: 17.55 ms, [] -> [0] -> [0, 3] -> [0, 3, 3] -> [0, 3, 3, 2] -> [0, 3, 3, 2, 1] -> [0, 3, 3, 2, 1, 2] -> [0, 3, 3, 2, 1, 2, 3] -> [0, 3, 3, 2, 1, 2, 3, 3] -> [0, 3, 3, 2, 1, 2, 3, 3, 2] -> [0, 3, 3, 2, 1, 2, 3, 3, 2, 3] -> [0, 3, 3, 2, 1, 2, 3, 3, 2, 3, 0] -> [0, 3, 3, 2, 1, 2, 3, 3, 2, 3, 0, 3] -> [0, 3, 3, 2, 1, 2, 3, 3, 2, 3, 0, 3, 3]
SyncBFS: 163.65 ms, [] -> [0] -> [0, 0] -> [0, 0, 0] -> [0, 0, 0, 2] -> [0, 0, 0, 2, 3] -> [0, 0, 0, 2, 3, 3] -> [0, 0, 0, 2, 3, 3, 2] -> [0, 0, 0, 2, 3, 3, 2, 1] -> [0, 0, 0, 2, 3, 3, 2, 1, 1] -> [0, 0, 0, 2, 3, 3, 2, 1, 1, 0] -> [0, 0, 0, 2, 3, 3, 2, 1, 1, 0, 0] -> [0, 0, 0, 2, 3, 3, 2, 1, 1, 0, 0, 0] -> [0, 0, 0, 2, 3, 3, 2, 1, 1, 0, 0, 0, 3]
TasksBFS: 32.42 ms, [] -> [0] -> [0, 0] -> [0, 0, 3] -> [0, 0, 3, 2] -> [0, 0, 3, 2, 1] -> [0, 0, 3, 2, 1, 2] -> [0, 0, 3, 2, 1, 2, 2] -> [0, 0, 3, 2, 1, 2, 2, 1] -> [0, 0, 3, 2, 1, 2, 2, 1, 1] -> [0, 0, 3, 2, 1, 2, 2, 1, 1, 3] -> [0, 0, 3, 2, 1, 2, 2, 1, 1, 3, 1] -> [0, 0, 3, 2, 1, 2, 2, 1, 1, 3, 1, 2] -> [0, 0, 3, 2, 1, 2, 2, 1, 1, 3, 1, 2, 2]
AsyncStartBFS: 11 ms, [] -> [0] -> [0, 0] -> [0, 0, 3] -> [0, 0, 3, 2] -> [0, 0, 3, 2, 1] -> [0, 0, 3, 2, 1, 2] -> [0, 0, 3, 2, 1, 2, 2] -> [0, 0, 3, 2, 1, 2, 2, 1] -> [0, 0, 3, 2, 1, 2, 2, 1, 1] -> [0, 0, 3, 2, 1, 2, 2, 1, 1, 3] -> [0, 0, 3, 2, 1, 2, 2, 1, 1, 3, 1] -> [0, 0, 3, 2, 1, 2, 2, 1, 1, 3, 1, 2] -> [0, 0, 3, 2, 1, 2, 2, 1, 1, 3, 1, 2, 2]

problem_18.yaml
SyncBFS: 222.99 ms, [] -> [1] -> [1, 0] -> [1, 0, 3] -> [1, 0, 3, 1] -> [1, 0, 3, 1, 2] -> [1, 0, 3, 1, 2, 1] -> [1, 0, 3, 1, 2, 1, 3] -> [1, 0, 3, 1, 2, 1, 3, 2] -> [1, 0, 3, 1, 2, 1, 3, 2, 1] -> [1, 0, 3, 1, 2, 1, 3, 2, 1, 3] -> [1, 0, 3, 1, 2, 1, 3, 2, 1, 3, 1] -> [1, 0, 3, 1, 2, 1, 3, 2, 1, 3, 1, 3] -> [1, 0, 3, 1, 2, 1, 3, 2, 1, 3, 1, 3, 2]
TasksBFS: 47.33 ms, [] -> [1] -> [1, 0] -> [1, 0, 3] -> [1, 0, 3, 1] -> [1, 0, 3, 1, 2] -> [1, 0, 3, 1, 2, 1] -> [1, 0, 3, 1, 2, 1, 3] -> [1, 0, 3, 1, 2, 1, 3, 2] -> [1, 0, 3, 1, 2, 1, 3, 2, 1] -> [1, 0, 3, 1, 2, 1, 3, 2, 1, 3] -> [1, 0, 3, 1, 2, 1, 3, 2, 1, 3, 1] -> [1, 0, 3, 1, 2, 1, 3, 2, 1, 3, 1, 3] -> [1, 0, 3, 1, 2, 1, 3, 2, 1, 3, 1, 3, 2]
AsyncStartBFS: 23.68 ms, [] -> [3] -> [3, 3] -> [3, 3, 3] -> [3, 3, 3, 1] -> [3, 3, 3, 1, 0] -> [3, 3, 3, 1, 0, 3] -> [3, 3, 3, 1, 0, 3, 0] -> [3, 3, 3, 1, 0, 3, 0, 2] -> [3, 3, 3, 1, 0, 3, 0, 2, 2] -> [3, 3, 3, 1, 0, 3, 0, 2, 2, 2] -> [3, 3, 3, 1, 0, 3, 0, 2, 2, 2, 1] -> [3, 3, 3, 1, 0, 3, 0, 2, 2, 2, 1, 1] -> [3, 3, 3, 1, 0, 3, 0, 2, 2, 2, 1, 1, 0]
MultithreadBFS: 123.08 ms, [] -> [1] -> [1, 0] -> [1, 0, 3] -> [1, 0, 3, 1] -> [1, 0, 3, 1, 2] -> [1, 0, 3, 1, 2, 1] -> [1, 0, 3, 1, 2, 1, 3] -> [1, 0, 3, 1, 2, 1, 3, 2] -> [1, 0, 3, 1, 2, 1, 3, 2, 1] -> [1, 0, 3, 1, 2, 1, 3, 2, 1, 3] -> [1, 0, 3, 1, 2, 1, 3, 2, 1, 3, 1] -> [1, 0, 3, 1, 2, 1, 3, 2, 1, 3, 1, 3] -> [1, 0, 3, 1, 2, 1, 3, 2, 1, 3, 1, 3, 2]

problem_05.yaml
TasksBFS: 21.73 ms, [] -> [0] -> [0, 0] -> [0, 0, 2] -> [0, 0, 2, 2] -> [0, 0, 2, 2, 2] -> [0, 0, 2, 2, 2, 2] -> [0, 0, 2, 2, 2, 2, 1] -> [0, 0, 2, 2, 2, 2, 1, 1] -> [0, 0, 2, 2, 2, 2, 1, 1, 3] -> [0, 0, 2, 2, 2, 2, 1, 1, 3, 3] -> [0, 0, 2, 2, 2, 2, 1, 1, 3, 3, 2] -> [0, 0, 2, 2, 2, 2, 1, 1, 3, 3, 2, 3] -> [0, 0, 2, 2, 2, 2, 1, 1, 3, 3, 2, 3, 0]
MultithreadBFS: 21.32 ms, [] -> [0] -> [0, 3] -> [0, 3, 3] -> [0, 3, 3, 1] -> [0, 3, 3, 1, 1] -> [0, 3, 3, 1, 1, 2] -> [0, 3, 3, 1, 1, 2, 0] -> [0, 3, 3, 1, 1, 2, 0, 3] -> [0, 3, 3, 1, 1, 2, 0, 3, 1] -> [0, 3, 3, 1, 1, 2, 0, 3, 1, 0] -> [0, 3, 3, 1, 1, 2, 0, 3, 1, 0, 1] -> [0, 3, 3, 1, 1, 2, 0, 3, 1, 0, 1, 3] -> [0, 3, 3, 1, 1, 2, 0, 3, 1, 0, 1, 3, 0]
AsyncStartBFS: 20.17 ms, [] -> [0] -> [0, 1] -> [0, 1, 2] -> [0, 1, 2, 2] -> [0, 1, 2, 2, 3] -> [0, 1, 2, 2, 3, 3] -> [0, 1, 2, 2, 3, 3, 3] -> [0, 1, 2, 2, 3, 3, 3, 1] -> [0, 1, 2, 2, 3, 3, 3, 1, 0] -> [0, 1, 2, 2, 3, 3, 3, 1, 0, 3] -> [0, 1, 2, 2, 3, 3, 3, 1, 0, 3, 2] -> [0, 1, 2, 2, 3, 3, 3, 1, 0, 3, 2, 1] -> [0, 1, 2, 2, 3, 3, 3, 1, 0, 3, 2, 1, 1]
SyncBFS: 141.5 ms, [] -> [0] -> [0, 0] -> [0, 0, 2] -> [0, 0, 2, 2] -> [0, 0, 2, 2, 2] -> [0, 0, 2, 2, 2, 2] -> [0, 0, 2, 2, 2, 2, 1] -> [0, 0, 2, 2, 2, 2, 1, 1] -> [0, 0, 2, 2, 2, 2, 1, 1, 3] -> [0, 0, 2, 2, 2, 2, 1, 1, 3, 3] -> [0, 0, 2, 2, 2, 2, 1, 1, 3, 3, 2] -> [0, 0, 2, 2, 2, 2, 1, 1, 3, 3, 2, 3] -> [0, 0, 2, 2, 2, 2, 1, 1, 3, 3, 2, 3, 0]

problem_15.yaml
TasksBFS: 17.18 ms, [] -> [0] -> [0, 1] -> [0, 1, 3] -> [0, 1, 3, 1] -> [0, 1, 3, 1, 3] -> [0, 1, 3, 1, 3, 0] -> [0, 1, 3, 1, 3, 0, 1] -> [0, 1, 3, 1, 3, 0, 1, 2] -> [0, 1, 3, 1, 3, 0, 1, 2, 3] -> [0, 1, 3, 1, 3, 0, 1, 2, 3, 3] -> [0, 1, 3, 1, 3, 0, 1, 2, 3, 3, 3] -> [0, 1, 3, 1, 3, 0, 1, 2, 3, 3, 3, 0] -> [0, 1, 3, 1, 3, 0, 1, 2, 3, 3, 3, 0, 1]
MultithreadBFS: 22.2 ms, [] -> [1] -> [1, 0] -> [1, 0, 3] -> [1, 0, 3, 2] -> [1, 0, 3, 2, 2] -> [1, 0, 3, 2, 2, 2] -> [1, 0, 3, 2, 2, 2, 3] -> [1, 0, 3, 2, 2, 2, 3, 0] -> [1, 0, 3, 2, 2, 2, 3, 0, 2] -> [1, 0, 3, 2, 2, 2, 3, 0, 2, 1] -> [1, 0, 3, 2, 2, 2, 3, 0, 2, 1, 3] -> [1, 0, 3, 2, 2, 2, 3, 0, 2, 1, 3, 3] -> [1, 0, 3, 2, 2, 2, 3, 0, 2, 1, 3, 3, 2]
SyncBFS: 154.57 ms, [] -> [0] -> [0, 1] -> [0, 1, 3] -> [0, 1, 3, 1] -> [0, 1, 3, 1, 3] -> [0, 1, 3, 1, 3, 0] -> [0, 1, 3, 1, 3, 0, 1] -> [0, 1, 3, 1, 3, 0, 1, 2] -> [0, 1, 3, 1, 3, 0, 1, 2, 3] -> [0, 1, 3, 1, 3, 0, 1, 2, 3, 3] -> [0, 1, 3, 1, 3, 0, 1, 2, 3, 3, 3] -> [0, 1, 3, 1, 3, 0, 1, 2, 3, 3, 3, 0] -> [0, 1, 3, 1, 3, 0, 1, 2, 3, 3, 3, 0, 1]
AsyncStartBFS: 9.42 ms, [] -> [0] -> [0, 2] -> [0, 2, 3] -> [0, 2, 3, 3] -> [0, 2, 3, 3, 2] -> [0, 2, 3, 3, 2, 0] -> [0, 2, 3, 3, 2, 0, 0] -> [0, 2, 3, 3, 2, 0, 0, 0] -> [0, 2, 3, 3, 2, 0, 0, 0, 3] -> [0, 2, 3, 3, 2, 0, 0, 0, 3, 0] -> [0, 2, 3, 3, 2, 0, 0, 0, 3, 0, 0] -> [0, 2, 3, 3, 2, 0, 0, 0, 3, 0, 0, 2] -> [0, 2, 3, 3, 2, 0, 0, 0, 3, 0, 0, 2, 3]

problem_17.yaml
SyncBFS: 148.8 ms, [] -> [0] -> [0, 1] -> [0, 1, 0] -> [0, 1, 0, 3] -> [0, 1, 0, 3, 2] -> [0, 1, 0, 3, 2, 3] -> [0, 1, 0, 3, 2, 3, 2] -> [0, 1, 0, 3, 2, 3, 2, 1] -> [0, 1, 0, 3, 2, 3, 2, 1, 2] -> [0, 1, 0, 3, 2, 3, 2, 1, 2, 1] -> [0, 1, 0, 3, 2, 3, 2, 1, 2, 1, 3] -> [0, 1, 0, 3, 2, 3, 2, 1, 2, 1, 3, 1] -> [0, 1, 0, 3, 2, 3, 2, 1, 2, 1, 3, 1, 0]
TasksBFS: 26.14 ms, [] -> [0] -> [0, 1] -> [0, 1, 0] -> [0, 1, 0, 3] -> [0, 1, 0, 3, 2] -> [0, 1, 0, 3, 2, 3] -> [0, 1, 0, 3, 2, 3, 2] -> [0, 1, 0, 3, 2, 3, 2, 1] -> [0, 1, 0, 3, 2, 3, 2, 1, 2] -> [0, 1, 0, 3, 2, 3, 2, 1, 2, 1] -> [0, 1, 0, 3, 2, 3, 2, 1, 2, 1, 3] -> [0, 1, 0, 3, 2, 3, 2, 1, 2, 1, 3, 1] -> [0, 1, 0, 3, 2, 3, 2, 1, 2, 1, 3, 1, 0]
MultithreadBFS: 32.45 ms, [] -> [0] -> [0, 1] -> [0, 1, 0] -> [0, 1, 0, 3] -> [0, 1, 0, 3, 2] -> [0, 1, 0, 3, 2, 3] -> [0, 1, 0, 3, 2, 3, 2] -> [0, 1, 0, 3, 2, 3, 2, 1] -> [0, 1, 0, 3, 2, 3, 2, 1, 2] -> [0, 1, 0, 3, 2, 3, 2, 1, 2, 1] -> [0, 1, 0, 3, 2, 3, 2, 1, 2, 1, 3] -> [0, 1, 0, 3, 2, 3, 2, 1, 2, 1, 3, 1] -> [0, 1, 0, 3, 2, 3, 2, 1, 2, 1, 3, 1, 0]
AsyncStartBFS: 38.45 ms, [] -> [0] -> [0, 1] -> [0, 1, 0] -> [0, 1, 0, 3] -> [0, 1, 0, 3, 2] -> [0, 1, 0, 3, 2, 3] -> [0, 1, 0, 3, 2, 3, 2] -> [0, 1, 0, 3, 2, 3, 2, 1] -> [0, 1, 0, 3, 2, 3, 2, 1, 2] -> [0, 1, 0, 3, 2, 3, 2, 1, 2, 1] -> [0, 1, 0, 3, 2, 3, 2, 1, 2, 1, 3] -> [0, 1, 0, 3, 2, 3, 2, 1, 2, 1, 3, 1] -> [0, 1, 0, 3, 2, 3, 2, 1, 2, 1, 3, 1, 0]

problem_37.yaml
TasksBFS: 18.81 ms, [] -> [0] -> [0, 2] -> [0, 2, 2] -> [0, 2, 2, 3] -> [0, 2, 2, 3, 2] -> [0, 2, 2, 3, 2, 0] -> [0, 2, 2, 3, 2, 0, 3] -> [0, 2, 2, 3, 2, 0, 3, 0] -> [0, 2, 2, 3, 2, 0, 3, 0, 2] -> [0, 2, 2, 3, 2, 0, 3, 0, 2, 3] -> [0, 2, 2, 3, 2, 0, 3, 0, 2, 3, 2] -> [0, 2, 2, 3, 2, 0, 3, 0, 2, 3, 2, 2] -> [0, 2, 2, 3, 2, 0, 3, 0, 2, 3, 2, 2, 1]
SyncBFS: 154.16 ms, [] -> [0] -> [0, 2] -> [0, 2, 2] -> [0, 2, 2, 3] -> [0, 2, 2, 3, 2] -> [0, 2, 2, 3, 2, 0] -> [0, 2, 2, 3, 2, 0, 3] -> [0, 2, 2, 3, 2, 0, 3, 0] -> [0, 2, 2, 3, 2, 0, 3, 0, 2] -> [0, 2, 2, 3, 2, 0, 3, 0, 2, 3] -> [0, 2, 2, 3, 2, 0, 3, 0, 2, 3, 2] -> [0, 2, 2, 3, 2, 0, 3, 0, 2, 3, 2, 2] -> [0, 2, 2, 3, 2, 0, 3, 0, 2, 3, 2, 2, 1]
AsyncStartBFS: 17.38 ms, [] -> [0] -> [0, 2] -> [0, 2, 2] -> [0, 2, 2, 3] -> [0, 2, 2, 3, 2] -> [0, 2, 2, 3, 2, 0] -> [0, 2, 2, 3, 2, 0, 3] -> [0, 2, 2, 3, 2, 0, 3, 0] -> [0, 2, 2, 3, 2, 0, 3, 0, 2] -> [0, 2, 2, 3, 2, 0, 3, 0, 2, 3] -> [0, 2, 2, 3, 2, 0, 3, 0, 2, 3, 2] -> [0, 2, 2, 3, 2, 0, 3, 0, 2, 3, 2, 2] -> [0, 2, 2, 3, 2, 0, 3, 0, 2, 3, 2, 2, 1]
MultithreadBFS: 46.23 ms, [] -> [0] -> [0, 2] -> [0, 2, 2] -> [0, 2, 2, 3] -> [0, 2, 2, 3, 2] -> [0, 2, 2, 3, 2, 0] -> [0, 2, 2, 3, 2, 0, 3] -> [0, 2, 2, 3, 2, 0, 3, 0] -> [0, 2, 2, 3, 2, 0, 3, 0, 2] -> [0, 2, 2, 3, 2, 0, 3, 0, 2, 3] -> [0, 2, 2, 3, 2, 0, 3, 0, 2, 3, 2] -> [0, 2, 2, 3, 2, 0, 3, 0, 2, 3, 2, 2] -> [0, 2, 2, 3, 2, 0, 3, 0, 2, 3, 2, 2, 1]

problem_22.yaml
SyncBFS: 142.3 ms, [] -> [2] -> [2, 1] -> [2, 1, 0] -> [2, 1, 0, 2] -> [2, 1, 0, 2, 0] -> [2, 1, 0, 2, 0, 3] -> [2, 1, 0, 2, 0, 3, 2] -> [2, 1, 0, 2, 0, 3, 2, 3] -> [2, 1, 0, 2, 0, 3, 2, 3, 3] -> [2, 1, 0, 2, 0, 3, 2, 3, 3, 2] -> [2, 1, 0, 2, 0, 3, 2, 3, 3, 2, 1] -> [2, 1, 0, 2, 0, 3, 2, 3, 3, 2, 1, 3] -> [2, 1, 0, 2, 0, 3, 2, 3, 3, 2, 1, 3, 2]
AsyncStartBFS: 18.42 ms, [] -> [3] -> [3, 2] -> [3, 2, 0] -> [3, 2, 0, 3] -> [3, 2, 0, 3, 1] -> [3, 2, 0, 3, 1, 2] -> [3, 2, 0, 3, 1, 2, 1] -> [3, 2, 0, 3, 1, 2, 1, 3] -> [3, 2, 0, 3, 1, 2, 1, 3, 3] -> [3, 2, 0, 3, 1, 2, 1, 3, 3, 3] -> [3, 2, 0, 3, 1, 2, 1, 3, 3, 3, 3] -> [3, 2, 0, 3, 1, 2, 1, 3, 3, 3, 3, 2] -> [3, 2, 0, 3, 1, 2, 1, 3, 3, 3, 3, 2, 0]
MultithreadBFS: 13.03 ms, [] -> [3] -> [3, 2] -> [3, 2, 0] -> [3, 2, 0, 3] -> [3, 2, 0, 3, 1] -> [3, 2, 0, 3, 1, 2] -> [3, 2, 0, 3, 1, 2, 1] -> [3, 2, 0, 3, 1, 2, 1, 3] -> [3, 2, 0, 3, 1, 2, 1, 3, 3] -> [3, 2, 0, 3, 1, 2, 1, 3, 3, 3] -> [3, 2, 0, 3, 1, 2, 1, 3, 3, 3, 3] -> [3, 2, 0, 3, 1, 2, 1, 3, 3, 3, 3, 2] -> [3, 2, 0, 3, 1, 2, 1, 3, 3, 3, 3, 2, 0]
TasksBFS: 30.2 ms, [] -> [2] -> [2, 2] -> [2, 2, 0] -> [2, 2, 0, 2] -> [2, 2, 0, 2, 0] -> [2, 2, 0, 2, 0, 3] -> [2, 2, 0, 2, 0, 3, 3] -> [2, 2, 0, 2, 0, 3, 3, 2] -> [2, 2, 0, 2, 0, 3, 3, 2, 3] -> [2, 2, 0, 2, 0, 3, 3, 2, 3, 1] -> [2, 2, 0, 2, 0, 3, 3, 2, 3, 1, 3] -> [2, 2, 0, 2, 0, 3, 3, 2, 3, 1, 3, 1] -> [2, 2, 0, 2, 0, 3, 3, 2, 3, 1, 3, 1, 1]

problem_23.yaml
AsyncStartBFS: 21.8 ms, [] -> [1] -> [1, 2] -> [1, 2, 0] -> [1, 2, 0, 2] -> [1, 2, 0, 2, 0] -> [1, 2, 0, 2, 0, 2] -> [1, 2, 0, 2, 0, 2, 1] -> [1, 2, 0, 2, 0, 2, 1, 0] -> [1, 2, 0, 2, 0, 2, 1, 0, 3] -> [1, 2, 0, 2, 0, 2, 1, 0, 3, 1] -> [1, 2, 0, 2, 0, 2, 1, 0, 3, 1, 2] -> [1, 2, 0, 2, 0, 2, 1, 0, 3, 1, 2, 0] -> [1, 2, 0, 2, 0, 2, 1, 0, 3, 1, 2, 0, 2]
TasksBFS: 41.72 ms, [] -> [1] -> [1, 2] -> [1, 2, 0] -> [1, 2, 0, 2] -> [1, 2, 0, 2, 0] -> [1, 2, 0, 2, 0, 2] -> [1, 2, 0, 2, 0, 2, 1] -> [1, 2, 0, 2, 0, 2, 1, 0] -> [1, 2, 0, 2, 0, 2, 1, 0, 3] -> [1, 2, 0, 2, 0, 2, 1, 0, 3, 1] -> [1, 2, 0, 2, 0, 2, 1, 0, 3, 1, 2] -> [1, 2, 0, 2, 0, 2, 1, 0, 3, 1, 2, 0] -> [1, 2, 0, 2, 0, 2, 1, 0, 3, 1, 2, 0, 2]
MultithreadBFS: 31.08 ms, [] -> [0] -> [0, 1] -> [0, 1, 0] -> [0, 1, 0, 0] -> [0, 1, 0, 0, 2] -> [0, 1, 0, 0, 2, 3] -> [0, 1, 0, 0, 2, 3, 0] -> [0, 1, 0, 0, 2, 3, 0, 1] -> [0, 1, 0, 0, 2, 3, 0, 1, 3] -> [0, 1, 0, 0, 2, 3, 0, 1, 3, 0] -> [0, 1, 0, 0, 2, 3, 0, 1, 3, 0, 0] -> [0, 1, 0, 0, 2, 3, 0, 1, 3, 0, 0, 1] -> [0, 1, 0, 0, 2, 3, 0, 1, 3, 0, 0, 1, 3]
SyncBFS: 301.81 ms, [] -> [0] -> [0, 1] -> [0, 1, 0] -> [0, 1, 0, 0] -> [0, 1, 0, 0, 2] -> [0, 1, 0, 0, 2, 3] -> [0, 1, 0, 0, 2, 3, 0] -> [0, 1, 0, 0, 2, 3, 0, 1] -> [0, 1, 0, 0, 2, 3, 0, 1, 3] -> [0, 1, 0, 0, 2, 3, 0, 1, 3, 0] -> [0, 1, 0, 0, 2, 3, 0, 1, 3, 0, 0] -> [0, 1, 0, 0, 2, 3, 0, 1, 3, 0, 0, 1] -> [0, 1, 0, 0, 2, 3, 0, 1, 3, 0, 0, 1, 3]

problem_25.yaml
AsyncStartBFS: 5.66 ms, [] -> [3] -> [3, 1] -> [3, 1, 1] -> [3, 1, 1, 0] -> [3, 1, 1, 0, 0] -> [3, 1, 1, 0, 0, 2] -> [3, 1, 1, 0, 0, 2, 1] -> [3, 1, 1, 0, 0, 2, 1, 1] -> [3, 1, 1, 0, 0, 2, 1, 1, 1] -> [3, 1, 1, 0, 0, 2, 1, 1, 1, 2] -> [3, 1, 1, 0, 0, 2, 1, 1, 1, 2, 3] -> [3, 1, 1, 0, 0, 2, 1, 1, 1, 2, 3, 1] -> [3, 1, 1, 0, 0, 2, 1, 1, 1, 2, 3, 1, 1]
TasksBFS: 27.41 ms, [] -> [2] -> [2, 1] -> [2, 1, 1] -> [2, 1, 1, 2] -> [2, 1, 1, 2, 3] -> [2, 1, 1, 2, 3, 3] -> [2, 1, 1, 2, 3, 3, 3] -> [2, 1, 1, 2, 3, 3, 3, 3] -> [2, 1, 1, 2, 3, 3, 3, 3, 2] -> [2, 1, 1, 2, 3, 3, 3, 3, 2, 1] -> [2, 1, 1, 2, 3, 3, 3, 3, 2, 1, 1] -> [2, 1, 1, 2, 3, 3, 3, 3, 2, 1, 1, 0] -> [2, 1, 1, 2, 3, 3, 3, 3, 2, 1, 1, 0, 2]
MultithreadBFS: 16.36 ms, [] -> [3] -> [3, 1] -> [3, 1, 1] -> [3, 1, 1, 2] -> [3, 1, 1, 2, 1] -> [3, 1, 1, 2, 1, 0] -> [3, 1, 1, 2, 1, 0, 3] -> [3, 1, 1, 2, 1, 0, 3, 1] -> [3, 1, 1, 2, 1, 0, 3, 1, 2] -> [3, 1, 1, 2, 1, 0, 3, 1, 2, 2] -> [3, 1, 1, 2, 1, 0, 3, 1, 2, 2, 0] -> [3, 1, 1, 2, 1, 0, 3, 1, 2, 2, 0, 0] -> [3, 1, 1, 2, 1, 0, 3, 1, 2, 2, 0, 0, 0]
SyncBFS: 104.72 ms, [] -> [2] -> [2, 1] -> [2, 1, 1] -> [2, 1, 1, 2] -> [2, 1, 1, 2, 3] -> [2, 1, 1, 2, 3, 3] -> [2, 1, 1, 2, 3, 3, 3] -> [2, 1, 1, 2, 3, 3, 3, 3] -> [2, 1, 1, 2, 3, 3, 3, 3, 2] -> [2, 1, 1, 2, 3, 3, 3, 3, 2, 1] -> [2, 1, 1, 2, 3, 3, 3, 3, 2, 1, 1] -> [2, 1, 1, 2, 3, 3, 3, 3, 2, 1, 1, 0] -> [2, 1, 1, 2, 3, 3, 3, 3, 2, 1, 1, 0, 2]

problem_27.yaml
SyncBFS: 74.24 ms, [] -> [2] -> [2, 0] -> [2, 0, 2] -> [2, 0, 2, 2] -> [2, 0, 2, 2, 1] -> [2, 0, 2, 2, 1, 2] -> [2, 0, 2, 2, 1, 2, 0] -> [2, 0, 2, 2, 1, 2, 0, 2] -> [2, 0, 2, 2, 1, 2, 0, 2, 0] -> [2, 0, 2, 2, 1, 2, 0, 2, 0, 2] -> [2, 0, 2, 2, 1, 2, 0, 2, 0, 2, 2] -> [2, 0, 2, 2, 1, 2, 0, 2, 0, 2, 2, 2] -> [2, 0, 2, 2, 1, 2, 0, 2, 0, 2, 2, 2, 0]
AsyncStartBFS: 15.13 ms, [] -> [2] -> [2, 0] -> [2, 0, 2] -> [2, 0, 2, 2] -> [2, 0, 2, 2, 1] -> [2, 0, 2, 2, 1, 2] -> [2, 0, 2, 2, 1, 2, 0] -> [2, 0, 2, 2, 1, 2, 0, 2] -> [2, 0, 2, 2, 1, 2, 0, 2, 0] -> [2, 0, 2, 2, 1, 2, 0, 2, 0, 2] -> [2, 0, 2, 2, 1, 2, 0, 2, 0, 2, 2] -> [2, 0, 2, 2, 1, 2, 0, 2, 0, 2, 2, 2] -> [2, 0, 2, 2, 1, 2, 0, 2, 0, 2, 2, 2, 0]
TasksBFS: 11.62 ms, [] -> [2] -> [2, 0] -> [2, 0, 2] -> [2, 0, 2, 2] -> [2, 0, 2, 2, 1] -> [2, 0, 2, 2, 1, 2] -> [2, 0, 2, 2, 1, 2, 0] -> [2, 0, 2, 2, 1, 2, 0, 2] -> [2, 0, 2, 2, 1, 2, 0, 2, 0] -> [2, 0, 2, 2, 1, 2, 0, 2, 0, 2] -> [2, 0, 2, 2, 1, 2, 0, 2, 0, 2, 2] -> [2, 0, 2, 2, 1, 2, 0, 2, 0, 2, 2, 2] -> [2, 0, 2, 2, 1, 2, 0, 2, 0, 2, 2, 2, 0]
MultithreadBFS: 21.19 ms, [] -> [2] -> [2, 0] -> [2, 0, 2] -> [2, 0, 2, 2] -> [2, 0, 2, 2, 1] -> [2, 0, 2, 2, 1, 2] -> [2, 0, 2, 2, 1, 2, 0] -> [2, 0, 2, 2, 1, 2, 0, 2] -> [2, 0, 2, 2, 1, 2, 0, 2, 0] -> [2, 0, 2, 2, 1, 2, 0, 2, 0, 2] -> [2, 0, 2, 2, 1, 2, 0, 2, 0, 2, 2] -> [2, 0, 2, 2, 1, 2, 0, 2, 0, 2, 2, 2] -> [2, 0, 2, 2, 1, 2, 0, 2, 0, 2, 2, 2, 0]

problem_26.yaml
SyncBFS: 182.91 ms, [] -> [0] -> [0, 1] -> [0, 1, 0] -> [0, 1, 0, 1] -> [0, 1, 0, 1, 2] -> [0, 1, 0, 1, 2, 2] -> [0, 1, 0, 1, 2, 2, 3] -> [0, 1, 0, 1, 2, 2, 3, 0] -> [0, 1, 0, 1, 2, 2, 3, 0, 2] -> [0, 1, 0, 1, 2, 2, 3, 0, 2, 3] -> [0, 1, 0, 1, 2, 2, 3, 0, 2, 3, 3] -> [0, 1, 0, 1, 2, 2, 3, 0, 2, 3, 3, 1] -> [0, 1, 0, 1, 2, 2, 3, 0, 2, 3, 3, 1, 2]
AsyncStartBFS: 19.41 ms, [] -> [0] -> [0, 1] -> [0, 1, 0] -> [0, 1, 0, 1] -> [0, 1, 0, 1, 2] -> [0, 1, 0, 1, 2, 2] -> [0, 1, 0, 1, 2, 2, 3] -> [0, 1, 0, 1, 2, 2, 3, 0] -> [0, 1, 0, 1, 2, 2, 3, 0, 2] -> [0, 1, 0, 1, 2, 2, 3, 0, 2, 3] -> [0, 1, 0, 1, 2, 2, 3, 0, 2, 3, 3] -> [0, 1, 0, 1, 2, 2, 3, 0, 2, 3, 3, 1] -> [0, 1, 0, 1, 2, 2, 3, 0, 2, 3, 3, 1, 2]
TasksBFS: 17.56 ms, [] -> [0] -> [0, 1] -> [0, 1, 0] -> [0, 1, 0, 1] -> [0, 1, 0, 1, 2] -> [0, 1, 0, 1, 2, 2] -> [0, 1, 0, 1, 2, 2, 3] -> [0, 1, 0, 1, 2, 2, 3, 0] -> [0, 1, 0, 1, 2, 2, 3, 0, 2] -> [0, 1, 0, 1, 2, 2, 3, 0, 2, 3] -> [0, 1, 0, 1, 2, 2, 3, 0, 2, 3, 3] -> [0, 1, 0, 1, 2, 2, 3, 0, 2, 3, 3, 1] -> [0, 1, 0, 1, 2, 2, 3, 0, 2, 3, 3, 1, 2]
MultithreadBFS: 25.9 ms, [] -> [1] -> [1, 0] -> [1, 0, 0] -> [1, 0, 0, 3] -> [1, 0, 0, 3, 3] -> [1, 0, 0, 3, 3, 0] -> [1, 0, 0, 3, 3, 0, 2] -> [1, 0, 0, 3, 3, 0, 2, 0] -> [1, 0, 0, 3, 3, 0, 2, 0, 0] -> [1, 0, 0, 3, 3, 0, 2, 0, 0, 1] -> [1, 0, 0, 3, 3, 0, 2, 0, 0, 1, 1] -> [1, 0, 0, 3, 3, 0, 2, 0, 0, 1, 1, 1] -> [1, 0, 0, 3, 3, 0, 2, 0, 0, 1, 1, 1, 3]

problem_14.yaml
TasksBFS: 23.93 ms, [] -> [0] -> [0, 1] -> [0, 1, 0] -> [0, 1, 0, 3] -> [0, 1, 0, 3, 0] -> [0, 1, 0, 3, 0, 0] -> [0, 1, 0, 3, 0, 0, 2] -> [0, 1, 0, 3, 0, 0, 2, 0] -> [0, 1, 0, 3, 0, 0, 2, 0, 3] -> [0, 1, 0, 3, 0, 0, 2, 0, 3, 0] -> [0, 1, 0, 3, 0, 0, 2, 0, 3, 0, 3] -> [0, 1, 0, 3, 0, 0, 2, 0, 3, 0, 3, 3] -> [0, 1, 0, 3, 0, 0, 2, 0, 3, 0, 3, 3, 3]
SyncBFS: 108.91 ms, [] -> [0] -> [0, 1] -> [0, 1, 0] -> [0, 1, 0, 3] -> [0, 1, 0, 3, 0] -> [0, 1, 0, 3, 0, 0] -> [0, 1, 0, 3, 0, 0, 2] -> [0, 1, 0, 3, 0, 0, 2, 0] -> [0, 1, 0, 3, 0, 0, 2, 0, 3] -> [0, 1, 0, 3, 0, 0, 2, 0, 3, 0] -> [0, 1, 0, 3, 0, 0, 2, 0, 3, 0, 3] -> [0, 1, 0, 3, 0, 0, 2, 0, 3, 0, 3, 3] -> [0, 1, 0, 3, 0, 0, 2, 0, 3, 0, 3, 3, 3]
AsyncStartBFS: 18.29 ms, [] -> [3] -> [3, 0] -> [3, 0, 3] -> [3, 0, 3, 3] -> [3, 0, 3, 3, 3] -> [3, 0, 3, 3, 3, 1] -> [3, 0, 3, 3, 3, 1, 0] -> [3, 0, 3, 3, 3, 1, 0, 3] -> [3, 0, 3, 3, 3, 1, 0, 3, 3] -> [3, 0, 3, 3, 3, 1, 0, 3, 3, 1] -> [3, 0, 3, 3, 3, 1, 0, 3, 3, 1, 2] -> [3, 0, 3, 3, 3, 1, 0, 3, 3, 1, 2, 2] -> [3, 0, 3, 3, 3, 1, 0, 3, 3, 1, 2, 2, 1]
MultithreadBFS: 7.46 ms, [] -> [0] -> [0, 1] -> [0, 1, 0] -> [0, 1, 0, 3] -> [0, 1, 0, 3, 0] -> [0, 1, 0, 3, 0, 0] -> [0, 1, 0, 3, 0, 0, 2] -> [0, 1, 0, 3, 0, 0, 2, 0] -> [0, 1, 0, 3, 0, 0, 2, 0, 3] -> [0, 1, 0, 3, 0, 0, 2, 0, 3, 0] -> [0, 1, 0, 3, 0, 0, 2, 0, 3, 0, 3] -> [0, 1, 0, 3, 0, 0, 2, 0, 3, 0, 3, 3] -> [0, 1, 0, 3, 0, 0, 2, 0, 3, 0, 3, 3, 3]

problem_28.yaml
AsyncStartBFS: 9.44 ms, [] -> [0] -> [0, 0] -> [0, 0, 1] -> [0, 0, 1, 3] -> [0, 0, 1, 3, 2] -> [0, 0, 1, 3, 2, 3] -> [0, 0, 1, 3, 2, 3, 1] -> [0, 0, 1, 3, 2, 3, 1, 2] -> [0, 0, 1, 3, 2, 3, 1, 2, 1] -> [0, 0, 1, 3, 2, 3, 1, 2, 1, 3] -> [0, 0, 1, 3, 2, 3, 1, 2, 1, 3, 0] -> [0, 0, 1, 3, 2, 3, 1, 2, 1, 3, 0, 0] -> [0, 0, 1, 3, 2, 3, 1, 2, 1, 3, 0, 0, 0]
MultithreadBFS: 16.6 ms, [] -> [2] -> [2, 3] -> [2, 3, 0] -> [2, 3, 0, 3] -> [2, 3, 0, 3, 0] -> [2, 3, 0, 3, 0, 0] -> [2, 3, 0, 3, 0, 0, 0] -> [2, 3, 0, 3, 0, 0, 0, 3] -> [2, 3, 0, 3, 0, 0, 0, 3, 0] -> [2, 3, 0, 3, 0, 0, 0, 3, 0, 2] -> [2, 3, 0, 3, 0, 0, 0, 3, 0, 2, 3] -> [2, 3, 0, 3, 0, 0, 0, 3, 0, 2, 3, 2] -> [2, 3, 0, 3, 0, 0, 0, 3, 0, 2, 3, 2, 0]
TasksBFS: 24.25 ms, [] -> [0] -> [0, 0] -> [0, 0, 3] -> [0, 0, 3, 2] -> [0, 0, 3, 2, 1] -> [0, 0, 3, 2, 1, 0] -> [0, 0, 3, 2, 1, 0, 3] -> [0, 0, 3, 2, 1, 0, 3, 2] -> [0, 0, 3, 2, 1, 0, 3, 2, 2] -> [0, 0, 3, 2, 1, 0, 3, 2, 2, 2] -> [0, 0, 3, 2, 1, 0, 3, 2, 2, 2, 1] -> [0, 0, 3, 2, 1, 0, 3, 2, 2, 2, 1, 2] -> [0, 0, 3, 2, 1, 0, 3, 2, 2, 2, 1, 2, 1]
SyncBFS: 137.28 ms, [] -> [0] -> [0, 0] -> [0, 0, 1] -> [0, 0, 1, 3] -> [0, 0, 1, 3, 2] -> [0, 0, 1, 3, 2, 3] -> [0, 0, 1, 3, 2, 3, 1] -> [0, 0, 1, 3, 2, 3, 1, 2] -> [0, 0, 1, 3, 2, 3, 1, 2, 1] -> [0, 0, 1, 3, 2, 3, 1, 2, 1, 3] -> [0, 0, 1, 3, 2, 3, 1, 2, 1, 3, 0] -> [0, 0, 1, 3, 2, 3, 1, 2, 1, 3, 0, 0] -> [0, 0, 1, 3, 2, 3, 1, 2, 1, 3, 0, 0, 0]


[INFO] Results summary:
AsyncStartBFS
	Average: 14.9984 ms
	Median: 14.4 ms
	Standard Deviation: 8.81646 ms
SyncBFS
	Average: 160.974 ms
	Median: 151.48 ms
	Standard Deviation: 81.7947 ms
TasksBFS
	Average: 25.0666 ms
	Median: 23.615 ms
	Standard Deviation: 12.9884 ms
MultithreadBFS
	Average: 33.9294 ms
	Median: 17.465 ms
	Standard Deviation: 46.2417 ms
