problem_49.yaml
MultithreadBFS: 97.21 ms, [] -> [2] -> [2, 7] -> [2, 7, 1] -> [2, 7, 1, 3] -> [2, 7, 1, 3, 4] -> [2, 7, 1, 3, 4, 5] -> [2, 7, 1, 3, 4, 5, 9] -> [2, 7, 1, 3, 4, 5, 9, 2]
TasksBFS: 70.73 ms, [] -> [2] -> [2, 7] -> [2, 7, 1] -> [2, 7, 1, 3] -> [2, 7, 1, 3, 4] -> [2, 7, 1, 3, 4, 5] -> [2, 7, 1, 3, 4, 5, 9] -> [2, 7, 1, 3, 4, 5, 9, 2]
SyncBFS: 349.32 ms, [] -> [2] -> [2, 7] -> [2, 7, 1] -> [2, 7, 1, 3] -> [2, 7, 1, 3, 4] -> [2, 7, 1, 3, 4, 5] -> [2, 7, 1, 3, 4, 5, 9] -> [2, 7, 1, 3, 4, 5, 9, 2]
AsyncStartBFS: 40.87 ms, [] -> [2] -> [2, 7] -> [2, 7, 1] -> [2, 7, 1, 3] -> [2, 7, 1, 3, 4] -> [2, 7, 1, 3, 4, 5] -> [2, 7, 1, 3, 4, 5, 9] -> [2, 7, 1, 3, 4, 5, 9, 2]

problem_48.yaml
AsyncStartBFS: 28.68 ms, [] -> [2] -> [2, 3] -> [2, 3, 5] -> [2, 3, 5, 3] -> [2, 3, 5, 3, 5] -> [2, 3, 5, 3, 5, 7] -> [2, 3, 5, 3, 5, 7, 8] -> [2, 3, 5, 3, 5, 7, 8, 6]
TasksBFS: 96.62 ms, [] -> [6] -> [6, 0] -> [6, 0, 5] -> [6, 0, 5, 2] -> [6, 0, 5, 2, 7] -> [6, 0, 5, 2, 7, 1] -> [6, 0, 5, 2, 7, 1, 9] -> [6, 0, 5, 2, 7, 1, 9, 4]
SyncBFS: 544.01 ms, [] -> [2] -> [2, 3] -> [2, 3, 5] -> [2, 3, 5, 3] -> [2, 3, 5, 3, 5] -> [2, 3, 5, 3, 5, 7] -> [2, 3, 5, 3, 5, 7, 8] -> [2, 3, 5, 3, 5, 7, 8, 6]
MultithreadBFS: 55.67 ms, [] -> [6] -> [6, 0] -> [6, 0, 5] -> [6, 0, 5, 2] -> [6, 0, 5, 2, 7] -> [6, 0, 5, 2, 7, 1] -> [6, 0, 5, 2, 7, 1, 9] -> [6, 0, 5, 2, 7, 1, 9, 4]

problem_45.yaml
TasksBFS: 113.27 ms, No solution found!
MultithreadBFS: 264.1 ms, No solution found!
SyncBFS: 798.22 ms, No solution found!
AsyncStartBFS: 99.07 ms, No solution found!

problem_43.yaml
AsyncStartBFS: 38.31 ms, [] -> [5] -> [5, 8] -> [5, 8, 2] -> [5, 8, 2, 9] -> [5, 8, 2, 9, 8] -> [5, 8, 2, 9, 8, 4] -> [5, 8, 2, 9, 8, 4, 7] -> [5, 8, 2, 9, 8, 4, 7, 9]
TasksBFS: 54.17 ms, [] -> [5] -> [5, 8] -> [5, 8, 2] -> [5, 8, 2, 9] -> [5, 8, 2, 9, 8] -> [5, 8, 2, 9, 8, 4] -> [5, 8, 2, 9, 8, 4, 7] -> [5, 8, 2, 9, 8, 4, 7, 9]
SyncBFS: 615.19 ms, [] -> [5] -> [5, 8] -> [5, 8, 2] -> [5, 8, 2, 9] -> [5, 8, 2, 9, 8] -> [5, 8, 2, 9, 8, 4] -> [5, 8, 2, 9, 8, 4, 7] -> [5, 8, 2, 9, 8, 4, 7, 9]
MultithreadBFS: 34.48 ms, [] -> [5] -> [5, 8] -> [5, 8, 2] -> [5, 8, 2, 9] -> [5, 8, 2, 9, 8] -> [5, 8, 2, 9, 8, 4] -> [5, 8, 2, 9, 8, 4, 7] -> [5, 8, 2, 9, 8, 4, 7, 9]

problem_41.yaml
MultithreadBFS: 120.31 ms, [] -> [9] -> [9, 2] -> [9, 2, 8] -> [9, 2, 8, 8] -> [9, 2, 8, 8, 6] -> [9, 2, 8, 8, 6, 9] -> [9, 2, 8, 8, 6, 9, 5] -> [9, 2, 8, 8, 6, 9, 5, 6]
SyncBFS: 1232.7 ms, [] -> [9] -> [9, 2] -> [9, 2, 8] -> [9, 2, 8, 8] -> [9, 2, 8, 8, 6] -> [9, 2, 8, 8, 6, 9] -> [9, 2, 8, 8, 6, 9, 5] -> [9, 2, 8, 8, 6, 9, 5, 6]
TasksBFS: 170.98 ms, [] -> [9] -> [9, 2] -> [9, 2, 8] -> [9, 2, 8, 8] -> [9, 2, 8, 8, 6] -> [9, 2, 8, 8, 6, 9] -> [9, 2, 8, 8, 6, 9, 5] -> [9, 2, 8, 8, 6, 9, 5, 6]
AsyncStartBFS: 80.32 ms, [] -> [9] -> [9, 2] -> [9, 2, 8] -> [9, 2, 8, 8] -> [9, 2, 8, 8, 6] -> [9, 2, 8, 8, 6, 9] -> [9, 2, 8, 8, 6, 9, 5] -> [9, 2, 8, 8, 6, 9, 5, 6]

problem_39.yaml
SyncBFS: 490.93 ms, [] -> [1] -> [1, 2] -> [1, 2, 0] -> [1, 2, 0, 2] -> [1, 2, 0, 2, 2] -> [1, 2, 0, 2, 2, 1] -> [1, 2, 0, 2, 2, 1, 2] -> [1, 2, 0, 2, 2, 1, 2, 6]
AsyncStartBFS: 40.39 ms, [] -> [1] -> [1, 2] -> [1, 2, 4] -> [1, 2, 4, 3] -> [1, 2, 4, 3, 0] -> [1, 2, 4, 3, 0, 4] -> [1, 2, 4, 3, 0, 4, 6] -> [1, 2, 4, 3, 0, 4, 6, 5]
MultithreadBFS: 43.22 ms, [] -> [1] -> [1, 2] -> [1, 2, 0] -> [1, 2, 0, 2] -> [1, 2, 0, 2, 2] -> [1, 2, 0, 2, 2, 1] -> [1, 2, 0, 2, 2, 1, 2] -> [1, 2, 0, 2, 2, 1, 2, 6]
TasksBFS: 78.92 ms, [] -> [1] -> [1, 2] -> [1, 2, 4] -> [1, 2, 4, 3] -> [1, 2, 4, 3, 0] -> [1, 2, 4, 3, 0, 4] -> [1, 2, 4, 3, 0, 4, 6] -> [1, 2, 4, 3, 0, 4, 6, 5]

problem_38.yaml
TasksBFS: 127.7 ms, [] -> [6] -> [6, 7] -> [6, 7, 2] -> [6, 7, 2, 3] -> [6, 7, 2, 3, 3] -> [6, 7, 2, 3, 3, 4] -> [6, 7, 2, 3, 3, 4, 1] -> [6, 7, 2, 3, 3, 4, 1, 7]
AsyncStartBFS: 41.88 ms, [] -> [6] -> [6, 7] -> [6, 7, 2] -> [6, 7, 2, 3] -> [6, 7, 2, 3, 3] -> [6, 7, 2, 3, 3, 4] -> [6, 7, 2, 3, 3, 4, 1] -> [6, 7, 2, 3, 3, 4, 1, 7]
SyncBFS: 823.6 ms, [] -> [4] -> [4, 2] -> [4, 2, 4] -> [4, 2, 4, 9] -> [4, 2, 4, 9, 2] -> [4, 2, 4, 9, 2, 7] -> [4, 2, 4, 9, 2, 7, 0] -> [4, 2, 4, 9, 2, 7, 0, 7]
MultithreadBFS: 39 ms, [] -> [6] -> [6, 7] -> [6, 7, 2] -> [6, 7, 2, 3] -> [6, 7, 2, 3, 3] -> [6, 7, 2, 3, 3, 4] -> [6, 7, 2, 3, 3, 4, 1] -> [6, 7, 2, 3, 3, 4, 1, 7]

problem_36.yaml
AsyncStartBFS: 32.86 ms, No solution found!
MultithreadBFS: 239.56 ms, No solution found!
SyncBFS: 315.3 ms, No solution found!
TasksBFS: 34.47 ms, No solution found!

problem_44.yaml
MultithreadBFS: 244.59 ms, No solution found!
SyncBFS: 602.63 ms, No solution found!
TasksBFS: 96.31 ms, No solution found!
AsyncStartBFS: 85.36 ms, No solution found!

problem_35.yaml
MultithreadBFS: 60.13 ms, [] -> [6] -> [6, 1] -> [6, 1, 1] -> [6, 1, 1, 4] -> [6, 1, 1, 4, 6] -> [6, 1, 1, 4, 6, 3] -> [6, 1, 1, 4, 6, 3, 9] -> [6, 1, 1, 4, 6, 3, 9, 8]
AsyncStartBFS: 44.21 ms, [] -> [2] -> [2, 2] -> [2, 2, 6] -> [2, 2, 6, 1] -> [2, 2, 6, 1, 6] -> [2, 2, 6, 1, 6, 4] -> [2, 2, 6, 1, 6, 4, 0] -> [2, 2, 6, 1, 6, 4, 0, 6]
TasksBFS: 72.38 ms, [] -> [2] -> [2, 0] -> [2, 0, 5] -> [2, 0, 5, 2] -> [2, 0, 5, 2, 0] -> [2, 0, 5, 2, 0, 3] -> [2, 0, 5, 2, 0, 3, 8] -> [2, 0, 5, 2, 0, 3, 8, 0]
SyncBFS: 616.76 ms, [] -> [2] -> [2, 0] -> [2, 0, 5] -> [2, 0, 5, 2] -> [2, 0, 5, 2, 0] -> [2, 0, 5, 2, 0, 3] -> [2, 0, 5, 2, 0, 3, 8] -> [2, 0, 5, 2, 0, 3, 8, 0]

problem_46.yaml
MultithreadBFS: 73.66 ms, [] -> [1] -> [1, 4] -> [1, 4, 6] -> [1, 4, 6, 7] -> [1, 4, 6, 7, 2] -> [1, 4, 6, 7, 2, 5] -> [1, 4, 6, 7, 2, 5, 7] -> [1, 4, 6, 7, 2, 5, 7, 0]
SyncBFS: 1118.67 ms, [] -> [0] -> [0, 6] -> [0, 6, 7] -> [0, 6, 7, 5] -> [0, 6, 7, 5, 5] -> [0, 6, 7, 5, 5, 3] -> [0, 6, 7, 5, 5, 3, 0] -> [0, 6, 7, 5, 5, 3, 0, 2]
TasksBFS: 289.29 ms, [] -> [4] -> [4, 0] -> [4, 0, 2] -> [4, 0, 2, 1] -> [4, 0, 2, 1, 6] -> [4, 0, 2, 1, 6, 4] -> [4, 0, 2, 1, 6, 4, 7] -> [4, 0, 2, 1, 6, 4, 7, 9]
AsyncStartBFS: 121.96 ms, [] -> [4] -> [4, 6] -> [4, 6, 2] -> [4, 6, 2, 0] -> [4, 6, 2, 0, 4] -> [4, 6, 2, 0, 4, 1] -> [4, 6, 2, 0, 4, 1, 1] -> [4, 6, 2, 0, 4, 1, 1, 7]

problem_34.yaml
SyncBFS: 1594.82 ms, No solution found!
TasksBFS: 234.55 ms, No solution found!
AsyncStartBFS: 135.05 ms, No solution found!
MultithreadBFS: 860.35 ms, No solution found!

problem_32.yaml
MultithreadBFS: 79.82 ms, [] -> [2] -> [2, 7] -> [2, 7, 7] -> [2, 7, 7, 4] -> [2, 7, 7, 4, 6] -> [2, 7, 7, 4, 6, 8] -> [2, 7, 7, 4, 6, 8, 9] -> [2, 7, 7, 4, 6, 8, 9, 9]
SyncBFS: 868.63 ms, [] -> [2] -> [2, 7] -> [2, 7, 7] -> [2, 7, 7, 4] -> [2, 7, 7, 4, 6] -> [2, 7, 7, 4, 6, 8] -> [2, 7, 7, 4, 6, 8, 9] -> [2, 7, 7, 4, 6, 8, 9, 9]
AsyncStartBFS: 65.08 ms, [] -> [4] -> [4, 9] -> [4, 9, 1] -> [4, 9, 1, 0] -> [4, 9, 1, 0, 3] -> [4, 9, 1, 0, 3, 0] -> [4, 9, 1, 0, 3, 0, 6] -> [4, 9, 1, 0, 3, 0, 6, 1]
TasksBFS: 160.86 ms, [] -> [4] -> [4, 9] -> [4, 9, 1] -> [4, 9, 1, 0] -> [4, 9, 1, 0, 3] -> [4, 9, 1, 0, 3, 0] -> [4, 9, 1, 0, 3, 0, 6] -> [4, 9, 1, 0, 3, 0, 6, 1]

problem_31.yaml
SyncBFS: 308.5 ms, [] -> [8] -> [8, 2] -> [8, 2, 7] -> [8, 2, 7, 9] -> [8, 2, 7, 9, 2] -> [8, 2, 7, 9, 2, 1] -> [8, 2, 7, 9, 2, 1, 6] -> [8, 2, 7, 9, 2, 1, 6, 6]
AsyncStartBFS: 30.91 ms, [] -> [8] -> [8, 2] -> [8, 2, 7] -> [8, 2, 7, 9] -> [8, 2, 7, 9, 2] -> [8, 2, 7, 9, 2, 1] -> [8, 2, 7, 9, 2, 1, 6] -> [8, 2, 7, 9, 2, 1, 6, 6]
MultithreadBFS: 27.81 ms, [] -> [8] -> [8, 2] -> [8, 2, 7] -> [8, 2, 7, 9] -> [8, 2, 7, 9, 2] -> [8, 2, 7, 9, 2, 1] -> [8, 2, 7, 9, 2, 1, 6] -> [8, 2, 7, 9, 2, 1, 6, 6]
TasksBFS: 41.21 ms, [] -> [8] -> [8, 2] -> [8, 2, 7] -> [8, 2, 7, 9] -> [8, 2, 7, 9, 2] -> [8, 2, 7, 9, 2, 1] -> [8, 2, 7, 9, 2, 1, 6] -> [8, 2, 7, 9, 2, 1, 6, 6]

problem_30.yaml
AsyncStartBFS: 57.57 ms, No solution found!
SyncBFS: 386.61 ms, No solution found!
TasksBFS: 63.45 ms, No solution found!
MultithreadBFS: 205.17 ms, No solution found!

problem_10.yaml
TasksBFS: 76.97 ms, [] -> [0] -> [0, 3] -> [0, 3, 5] -> [0, 3, 5, 1] -> [0, 3, 5, 1, 1] -> [0, 3, 5, 1, 1, 2] -> [0, 3, 5, 1, 1, 2, 8] -> [0, 3, 5, 1, 1, 2, 8, 4]
MultithreadBFS: 70.16 ms, [] -> [2] -> [2, 7] -> [2, 7, 9] -> [2, 7, 9, 5] -> [2, 7, 9, 5, 4] -> [2, 7, 9, 5, 4, 0] -> [2, 7, 9, 5, 4, 0, 4] -> [2, 7, 9, 5, 4, 0, 4, 6]
AsyncStartBFS: 28.36 ms, [] -> [0] -> [0, 3] -> [0, 3, 5] -> [0, 3, 5, 1] -> [0, 3, 5, 1, 1] -> [0, 3, 5, 1, 1, 2] -> [0, 3, 5, 1, 1, 2, 8] -> [0, 3, 5, 1, 1, 2, 8, 4]
SyncBFS: 349.7 ms, [] -> [0] -> [0, 3] -> [0, 3, 5] -> [0, 3, 5, 1] -> [0, 3, 5, 1, 1] -> [0, 3, 5, 1, 1, 2] -> [0, 3, 5, 1, 1, 2, 8] -> [0, 3, 5, 1, 1, 2, 8, 4]

problem_09.yaml
MultithreadBFS: 467.3 ms, [] -> [7] -> [7, 9] -> [7, 9, 3] -> [7, 9, 3, 7] -> [7, 9, 3, 7, 5] -> [7, 9, 3, 7, 5, 6] -> [7, 9, 3, 7, 5, 6, 0] -> [7, 9, 3, 7, 5, 6, 0, 2]
AsyncStartBFS: 92.32 ms, [] -> [7] -> [7, 9] -> [7, 9, 3] -> [7, 9, 3, 7] -> [7, 9, 3, 7, 5] -> [7, 9, 3, 7, 5, 6] -> [7, 9, 3, 7, 5, 6, 0] -> [7, 9, 3, 7, 5, 6, 0, 2]
TasksBFS: 125.17 ms, [] -> [7] -> [7, 9] -> [7, 9, 3] -> [7, 9, 3, 7] -> [7, 9, 3, 7, 5] -> [7, 9, 3, 7, 5, 6] -> [7, 9, 3, 7, 5, 6, 0] -> [7, 9, 3, 7, 5, 6, 0, 2]
SyncBFS: 907.41 ms, [] -> [7] -> [7, 9] -> [7, 9, 3] -> [7, 9, 3, 7] -> [7, 9, 3, 7, 5] -> [7, 9, 3, 7, 5, 6] -> [7, 9, 3, 7, 5, 6, 0] -> [7, 9, 3, 7, 5, 6, 0, 2]

problem_12.yaml
AsyncStartBFS: 114.75 ms, [] -> [4] -> [4, 8] -> [4, 8, 7] -> [4, 8, 7, 2] -> [4, 8, 7, 2, 2] -> [4, 8, 7, 2, 2, 6] -> [4, 8, 7, 2, 2, 6, 9] -> [4, 8, 7, 2, 2, 6, 9, 3]
SyncBFS: 768.85 ms, [] -> [1] -> [1, 6] -> [1, 6, 5] -> [1, 6, 5, 4] -> [1, 6, 5, 4, 7] -> [1, 6, 5, 4, 7, 1] -> [1, 6, 5, 4, 7, 1, 3] -> [1, 6, 5, 4, 7, 1, 3, 1]
MultithreadBFS: 103.35 ms, [] -> [1] -> [1, 6] -> [1, 6, 5] -> [1, 6, 5, 4] -> [1, 6, 5, 4, 7] -> [1, 6, 5, 4, 7, 1] -> [1, 6, 5, 4, 7, 1, 3] -> [1, 6, 5, 4, 7, 1, 3, 1]
TasksBFS: 174.37 ms, [] -> [1] -> [1, 6] -> [1, 6, 5] -> [1, 6, 5, 4] -> [1, 6, 5, 4, 7] -> [1, 6, 5, 4, 7, 1] -> [1, 6, 5, 4, 7, 1, 3] -> [1, 6, 5, 4, 7, 1, 3, 1]

problem_47.yaml
TasksBFS: 36.8 ms, [] -> [0] -> [0, 0] -> [0, 0, 0] -> [0, 0, 0, 0] -> [0, 0, 0, 0, 9] -> [0, 0, 0, 0, 9, 1] -> [0, 0, 0, 0, 9, 1, 9] -> [0, 0, 0, 0, 9, 1, 9, 7]
SyncBFS: 226.55 ms, [] -> [0] -> [0, 0] -> [0, 0, 0] -> [0, 0, 0, 0] -> [0, 0, 0, 0, 9] -> [0, 0, 0, 0, 9, 1] -> [0, 0, 0, 0, 9, 1, 9] -> [0, 0, 0, 0, 9, 1, 9, 7]
MultithreadBFS: 23.86 ms, [] -> [0] -> [0, 0] -> [0, 0, 0] -> [0, 0, 0, 0] -> [0, 0, 0, 0, 9] -> [0, 0, 0, 0, 9, 1] -> [0, 0, 0, 0, 9, 1, 9] -> [0, 0, 0, 0, 9, 1, 9, 7]
AsyncStartBFS: 7.4 ms, [] -> [0] -> [0, 0] -> [0, 0, 0] -> [0, 0, 0, 0] -> [0, 0, 0, 0, 9] -> [0, 0, 0, 0, 9, 1] -> [0, 0, 0, 0, 9, 1, 9] -> [0, 0, 0, 0, 9, 1, 9, 7]

problem_11.yaml
TasksBFS: 77.19 ms, [] -> [3] -> [3, 6] -> [3, 6, 3] -> [3, 6, 3, 5] -> [3, 6, 3, 5, 7] -> [3, 6, 3, 5, 7, 9] -> [3, 6, 3, 5, 7, 9, 2] -> [3, 6, 3, 5, 7, 9, 2, 6]
MultithreadBFS: 63.75 ms, [] -> [3] -> [3, 6] -> [3, 6, 3] -> [3, 6, 3, 5] -> [3, 6, 3, 5, 7] -> [3, 6, 3, 5, 7, 9] -> [3, 6, 3, 5, 7, 9, 2] -> [3, 6, 3, 5, 7, 9, 2, 6]
AsyncStartBFS: 59.64 ms, [] -> [3] -> [3, 6] -> [3, 6, 3] -> [3, 6, 3, 5] -> [3, 6, 3, 5, 7] -> [3, 6, 3, 5, 7, 9] -> [3, 6, 3, 5, 7, 9, 2] -> [3, 6, 3, 5, 7, 9, 2, 6]
SyncBFS: 558.1 ms, [] -> [3] -> [3, 6] -> [3, 6, 3] -> [3, 6, 3, 5] -> [3, 6, 3, 5, 7] -> [3, 6, 3, 5, 7, 9] -> [3, 6, 3, 5, 7, 9, 2] -> [3, 6, 3, 5, 7, 9, 2, 6]

problem_01.yaml
MultithreadBFS: 275.01 ms, No solution found!
SyncBFS: 509.87 ms, No solution found!
TasksBFS: 78.5 ms, No solution found!
AsyncStartBFS: 75.15 ms, No solution found!

problem_08.yaml
MultithreadBFS: 384.48 ms, [] -> [9] -> [9, 2] -> [9, 2, 0] -> [9, 2, 0, 4] -> [9, 2, 0, 4, 9] -> [9, 2, 0, 4, 9, 4] -> [9, 2, 0, 4, 9, 4, 1] -> [9, 2, 0, 4, 9, 4, 1, 1]
SyncBFS: 953.69 ms, [] -> [9] -> [9, 2] -> [9, 2, 0] -> [9, 2, 0, 4] -> [9, 2, 0, 4, 9] -> [9, 2, 0, 4, 9, 4] -> [9, 2, 0, 4, 9, 4, 1] -> [9, 2, 0, 4, 9, 4, 1, 1]
TasksBFS: 114.52 ms, [] -> [9] -> [9, 2] -> [9, 2, 0] -> [9, 2, 0, 4] -> [9, 2, 0, 4, 9] -> [9, 2, 0, 4, 9, 4] -> [9, 2, 0, 4, 9, 4, 1] -> [9, 2, 0, 4, 9, 4, 1, 1]
AsyncStartBFS: 64.62 ms, [] -> [9] -> [9, 2] -> [9, 2, 0] -> [9, 2, 0, 4] -> [9, 2, 0, 4, 9] -> [9, 2, 0, 4, 9, 4] -> [9, 2, 0, 4, 9, 4, 1] -> [9, 2, 0, 4, 9, 4, 1, 1]

problem_06.yaml
MultithreadBFS: 9.5 ms, [] -> [1] -> [1, 3] -> [1, 3, 5] -> [1, 3, 5, 5] -> [1, 3, 5, 5, 4] -> [1, 3, 5, 5, 4, 9] -> [1, 3, 5, 5, 4, 9, 1] -> [1, 3, 5, 5, 4, 9, 1, 8]
SyncBFS: 184.4 ms, [] -> [1] -> [1, 3] -> [1, 3, 5] -> [1, 3, 5, 5] -> [1, 3, 5, 5, 4] -> [1, 3, 5, 5, 4, 9] -> [1, 3, 5, 5, 4, 9, 1] -> [1, 3, 5, 5, 4, 9, 1, 8]
AsyncStartBFS: 7.38 ms, [] -> [1] -> [1, 3] -> [1, 3, 5] -> [1, 3, 5, 5] -> [1, 3, 5, 5, 4] -> [1, 3, 5, 5, 4, 9] -> [1, 3, 5, 5, 4, 9, 1] -> [1, 3, 5, 5, 4, 9, 1, 8]
TasksBFS: 26.34 ms, [] -> [1] -> [1, 3] -> [1, 3, 5] -> [1, 3, 5, 5] -> [1, 3, 5, 5, 4] -> [1, 3, 5, 5, 4, 9] -> [1, 3, 5, 5, 4, 9, 1] -> [1, 3, 5, 5, 4, 9, 1, 8]

problem_19.yaml
TasksBFS: 31.55 ms, [] -> [6] -> [6, 1] -> [6, 1, 0] -> [6, 1, 0, 8] -> [6, 1, 0, 8, 0] -> [6, 1, 0, 8, 0, 7] -> [6, 1, 0, 8, 0, 7, 3] -> [6, 1, 0, 8, 0, 7, 3, 0]
MultithreadBFS: 11.85 ms, [] -> [6] -> [6, 1] -> [6, 1, 0] -> [6, 1, 0, 8] -> [6, 1, 0, 8, 0] -> [6, 1, 0, 8, 0, 7] -> [6, 1, 0, 8, 0, 7, 3] -> [6, 1, 0, 8, 0, 7, 3, 0]
SyncBFS: 195.03 ms, [] -> [6] -> [6, 1] -> [6, 1, 0] -> [6, 1, 0, 8] -> [6, 1, 0, 8, 0] -> [6, 1, 0, 8, 0, 7] -> [6, 1, 0, 8, 0, 7, 3] -> [6, 1, 0, 8, 0, 7, 3, 0]
AsyncStartBFS: 23.81 ms, [] -> [6] -> [6, 1] -> [6, 1, 0] -> [6, 1, 0, 8] -> [6, 1, 0, 8, 0] -> [6, 1, 0, 8, 0, 7] -> [6, 1, 0, 8, 0, 7, 3] -> [6, 1, 0, 8, 0, 7, 3, 0]

problem_40.yaml
SyncBFS: 251.93 ms, [] -> [0] -> [0, 3] -> [0, 3, 5] -> [0, 3, 5, 0] -> [0, 3, 5, 0, 3] -> [0, 3, 5, 0, 3, 8] -> [0, 3, 5, 0, 3, 8, 8] -> [0, 3, 5, 0, 3, 8, 8, 8]
MultithreadBFS: 49.71 ms, [] -> [0] -> [0, 3] -> [0, 3, 5] -> [0, 3, 5, 0] -> [0, 3, 5, 0, 3] -> [0, 3, 5, 0, 3, 8] -> [0, 3, 5, 0, 3, 8, 8] -> [0, 3, 5, 0, 3, 8, 8, 8]
TasksBFS: 35.76 ms, [] -> [0] -> [0, 3] -> [0, 3, 5] -> [0, 3, 5, 0] -> [0, 3, 5, 0, 3] -> [0, 3, 5, 0, 3, 8] -> [0, 3, 5, 0, 3, 8, 8] -> [0, 3, 5, 0, 3, 8, 8, 8]
AsyncStartBFS: 18.77 ms, [] -> [0] -> [0, 3] -> [0, 3, 5] -> [0, 3, 5, 0] -> [0, 3, 5, 0, 3] -> [0, 3, 5, 0, 3, 8] -> [0, 3, 5, 0, 3, 8, 8] -> [0, 3, 5, 0, 3, 8, 8, 8]

problem_04.yaml
SyncBFS: 1007.79 ms, [] -> [3] -> [3, 5] -> [3, 5, 2] -> [3, 5, 2, 4] -> [3, 5, 2, 4, 7] -> [3, 5, 2, 4, 7, 4] -> [3, 5, 2, 4, 7, 4, 7] -> [3, 5, 2, 4, 7, 4, 7, 0]
AsyncStartBFS: 89.44 ms, [] -> [3] -> [3, 5] -> [3, 5, 2] -> [3, 5, 2, 4] -> [3, 5, 2, 4, 7] -> [3, 5, 2, 4, 7, 4] -> [3, 5, 2, 4, 7, 4, 7] -> [3, 5, 2, 4, 7, 4, 7, 0]
MultithreadBFS: 58.97 ms, [] -> [3] -> [3, 5] -> [3, 5, 2] -> [3, 5, 2, 4] -> [3, 5, 2, 4, 7] -> [3, 5, 2, 4, 7, 4] -> [3, 5, 2, 4, 7, 4, 7] -> [3, 5, 2, 4, 7, 4, 7, 0]
TasksBFS: 187.7 ms, [] -> [3] -> [3, 5] -> [3, 5, 2] -> [3, 5, 2, 4] -> [3, 5, 2, 4, 7] -> [3, 5, 2, 4, 7, 4] -> [3, 5, 2, 4, 7, 4, 7] -> [3, 5, 2, 4, 7, 4, 7, 0]

problem_33.yaml
TasksBFS: 61.12 ms, No solution found!
AsyncStartBFS: 60.82 ms, No solution found!
SyncBFS: 417.35 ms, No solution found!
MultithreadBFS: 165.77 ms, No solution found!

problem_21.yaml
TasksBFS: 79.09 ms, [] -> [3] -> [3, 4] -> [3, 4, 2] -> [3, 4, 2, 0] -> [3, 4, 2, 0, 6] -> [3, 4, 2, 0, 6, 9] -> [3, 4, 2, 0, 6, 9, 6] -> [3, 4, 2, 0, 6, 9, 6, 8]
AsyncStartBFS: 53.29 ms, [] -> [3] -> [3, 4] -> [3, 4, 2] -> [3, 4, 2, 0] -> [3, 4, 2, 0, 6] -> [3, 4, 2, 0, 6, 9] -> [3, 4, 2, 0, 6, 9, 6] -> [3, 4, 2, 0, 6, 9, 6, 8]
MultithreadBFS: 51.57 ms, [] -> [3] -> [3, 4] -> [3, 4, 2] -> [3, 4, 2, 0] -> [3, 4, 2, 0, 6] -> [3, 4, 2, 0, 6, 9] -> [3, 4, 2, 0, 6, 9, 6] -> [3, 4, 2, 0, 6, 9, 6, 8]
SyncBFS: 675.7 ms, [] -> [3] -> [3, 4] -> [3, 4, 2] -> [3, 4, 2, 0] -> [3, 4, 2, 0, 6] -> [3, 4, 2, 0, 6, 9] -> [3, 4, 2, 0, 6, 9, 6] -> [3, 4, 2, 0, 6, 9, 6, 8]

problem_24.yaml
AsyncStartBFS: 39.56 ms, [] -> [7] -> [7, 9] -> [7, 9, 5] -> [7, 9, 5, 4] -> [7, 9, 5, 4, 3] -> [7, 9, 5, 4, 3, 0] -> [7, 9, 5, 4, 3, 0, 1] -> [7, 9, 5, 4, 3, 0, 1, 4]
TasksBFS: 66.82 ms, [] -> [7] -> [7, 9] -> [7, 9, 5] -> [7, 9, 5, 4] -> [7, 9, 5, 4, 3] -> [7, 9, 5, 4, 3, 0] -> [7, 9, 5, 4, 3, 0, 1] -> [7, 9, 5, 4, 3, 0, 1, 4]
MultithreadBFS: 41.23 ms, [] -> [7] -> [7, 9] -> [7, 9, 5] -> [7, 9, 5, 4] -> [7, 9, 5, 4, 3] -> [7, 9, 5, 4, 3, 0] -> [7, 9, 5, 4, 3, 0, 1] -> [7, 9, 5, 4, 3, 0, 1, 4]
SyncBFS: 546.01 ms, [] -> [5] -> [5, 0] -> [5, 0, 9] -> [5, 0, 9, 3] -> [5, 0, 9, 3, 3] -> [5, 0, 9, 3, 3, 5] -> [5, 0, 9, 3, 3, 5, 5] -> [5, 0, 9, 3, 3, 5, 5, 8]

problem_03.yaml
AsyncStartBFS: 81.5 ms, [] -> [1] -> [1, 4] -> [1, 4, 7] -> [1, 4, 7, 0] -> [1, 4, 7, 0, 7] -> [1, 4, 7, 0, 7, 2] -> [1, 4, 7, 0, 7, 2, 6] -> [1, 4, 7, 0, 7, 2, 6, 8]
SyncBFS: 744.82 ms, [] -> [0] -> [0, 9] -> [0, 9, 3] -> [0, 9, 3, 7] -> [0, 9, 3, 7, 9] -> [0, 9, 3, 7, 9, 7] -> [0, 9, 3, 7, 9, 7, 7] -> [0, 9, 3, 7, 9, 7, 7, 5]
MultithreadBFS: 54.28 ms, [] -> [1] -> [1, 4] -> [1, 4, 7] -> [1, 4, 7, 0] -> [1, 4, 7, 0, 7] -> [1, 4, 7, 0, 7, 2] -> [1, 4, 7, 0, 7, 2, 6] -> [1, 4, 7, 0, 7, 2, 6, 8]
TasksBFS: 197.57 ms, [] -> [6] -> [6, 5] -> [6, 5, 3] -> [6, 5, 3, 5] -> [6, 5, 3, 5, 8] -> [6, 5, 3, 5, 8, 0] -> [6, 5, 3, 5, 8, 0, 3] -> [6, 5, 3, 5, 8, 0, 3, 4]

problem_07.yaml
SyncBFS: 413.58 ms, [] -> [3] -> [3, 2] -> [3, 2, 9] -> [3, 2, 9, 7] -> [3, 2, 9, 7, 7] -> [3, 2, 9, 7, 7, 7] -> [3, 2, 9, 7, 7, 7, 3] -> [3, 2, 9, 7, 7, 7, 3, 4]
AsyncStartBFS: 33.7 ms, [] -> [3] -> [3, 2] -> [3, 2, 9] -> [3, 2, 9, 7] -> [3, 2, 9, 7, 7] -> [3, 2, 9, 7, 7, 7] -> [3, 2, 9, 7, 7, 7, 3] -> [3, 2, 9, 7, 7, 7, 3, 4]
MultithreadBFS: 48.19 ms, [] -> [7] -> [7, 0] -> [7, 0, 0] -> [7, 0, 0, 6] -> [7, 0, 0, 6, 1] -> [7, 0, 0, 6, 1, 8] -> [7, 0, 0, 6, 1, 8, 5] -> [7, 0, 0, 6, 1, 8, 5, 2]
TasksBFS: 62.56 ms, [] -> [3] -> [3, 2] -> [3, 2, 9] -> [3, 2, 9, 7] -> [3, 2, 9, 7, 7] -> [3, 2, 9, 7, 7, 7] -> [3, 2, 9, 7, 7, 7, 3] -> [3, 2, 9, 7, 7, 7, 3, 4]

problem_42.yaml
TasksBFS: 21.42 ms, [] -> [9] -> [9, 1] -> [9, 1, 7] -> [9, 1, 7, 1] -> [9, 1, 7, 1, 1] -> [9, 1, 7, 1, 1, 0] -> [9, 1, 7, 1, 1, 0, 9] -> [9, 1, 7, 1, 1, 0, 9, 5]
SyncBFS: 144.15 ms, [] -> [9] -> [9, 1] -> [9, 1, 7] -> [9, 1, 7, 1] -> [9, 1, 7, 1, 1] -> [9, 1, 7, 1, 1, 0] -> [9, 1, 7, 1, 1, 0, 9] -> [9, 1, 7, 1, 1, 0, 9, 5]
MultithreadBFS: 16.13 ms, [] -> [9] -> [9, 1] -> [9, 1, 7] -> [9, 1, 7, 1] -> [9, 1, 7, 1, 1] -> [9, 1, 7, 1, 1, 0] -> [9, 1, 7, 1, 1, 0, 9] -> [9, 1, 7, 1, 1, 0, 9, 5]
AsyncStartBFS: 6.42 ms, [] -> [9] -> [9, 1] -> [9, 1, 7] -> [9, 1, 7, 1] -> [9, 1, 7, 1, 1] -> [9, 1, 7, 1, 1, 0] -> [9, 1, 7, 1, 1, 0, 9] -> [9, 1, 7, 1, 1, 0, 9, 5]

problem_02.yaml
AsyncStartBFS: 57.41 ms, No solution found!
SyncBFS: 359.72 ms, No solution found!
TasksBFS: 61.64 ms, No solution found!
MultithreadBFS: 274.44 ms, No solution found!

problem_29.yaml
SyncBFS: 435.92 ms, No solution found!
MultithreadBFS: 174.92 ms, No solution found!
AsyncStartBFS: 69.04 ms, No solution found!
TasksBFS: 85.35 ms, No solution found!

problem_00.yaml
TasksBFS: 162.74 ms, [] -> [0] -> [0, 6] -> [0, 6, 3] -> [0, 6, 3, 5] -> [0, 6, 3, 5, 8] -> [0, 6, 3, 5, 8, 8] -> [0, 6, 3, 5, 8, 8, 3] -> [0, 6, 3, 5, 8, 8, 3, 0]
MultithreadBFS: 52.76 ms, [] -> [8] -> [8, 9] -> [8, 9, 7] -> [8, 9, 7, 5] -> [8, 9, 7, 5, 1] -> [8, 9, 7, 5, 1, 1] -> [8, 9, 7, 5, 1, 1, 9] -> [8, 9, 7, 5, 1, 1, 9, 5]
AsyncStartBFS: 50.36 ms, [] -> [0] -> [0, 6] -> [0, 6, 3] -> [0, 6, 3, 5] -> [0, 6, 3, 5, 8] -> [0, 6, 3, 5, 8, 8] -> [0, 6, 3, 5, 8, 8, 3] -> [0, 6, 3, 5, 8, 8, 3, 0]
SyncBFS: 704.03 ms, [] -> [0] -> [0, 6] -> [0, 6, 3] -> [0, 6, 3, 5] -> [0, 6, 3, 5, 8] -> [0, 6, 3, 5, 8, 8] -> [0, 6, 3, 5, 8, 8, 3] -> [0, 6, 3, 5, 8, 8, 3, 0]

problem_13.yaml
SyncBFS: 738.07 ms, [] -> [3] -> [3, 7] -> [3, 7, 4] -> [3, 7, 4, 4] -> [3, 7, 4, 4, 3] -> [3, 7, 4, 4, 3, 8] -> [3, 7, 4, 4, 3, 8, 3] -> [3, 7, 4, 4, 3, 8, 3, 3]
AsyncStartBFS: 43.36 ms, [] -> [3] -> [3, 7] -> [3, 7, 4] -> [3, 7, 4, 4] -> [3, 7, 4, 4, 3] -> [3, 7, 4, 4, 3, 8] -> [3, 7, 4, 4, 3, 8, 3] -> [3, 7, 4, 4, 3, 8, 3, 3]
TasksBFS: 102.45 ms, [] -> [3] -> [3, 7] -> [3, 7, 4] -> [3, 7, 4, 4] -> [3, 7, 4, 4, 3] -> [3, 7, 4, 4, 3, 8] -> [3, 7, 4, 4, 3, 8, 3] -> [3, 7, 4, 4, 3, 8, 3, 3]
MultithreadBFS: 67.19 ms, [] -> [3] -> [3, 7] -> [3, 7, 4] -> [3, 7, 4, 4] -> [3, 7, 4, 4, 3] -> [3, 7, 4, 4, 3, 8] -> [3, 7, 4, 4, 3, 8, 3] -> [3, 7, 4, 4, 3, 8, 3, 3]

problem_16.yaml
AsyncStartBFS: 124.52 ms, No solution found!
SyncBFS: 995.96 ms, No solution found!
TasksBFS: 178.98 ms, No solution found!
MultithreadBFS: 321.32 ms, No solution found!

problem_20.yaml
TasksBFS: 21.68 ms, No solution found!
MultithreadBFS: 55.19 ms, No solution found!
AsyncStartBFS: 16.33 ms, No solution found!
SyncBFS: 137.39 ms, No solution found!

problem_18.yaml
AsyncStartBFS: 84.22 ms, [] -> [7] -> [7, 4] -> [7, 4, 0] -> [7, 4, 0, 8] -> [7, 4, 0, 8, 6] -> [7, 4, 0, 8, 6, 3] -> [7, 4, 0, 8, 6, 3, 6] -> [7, 4, 0, 8, 6, 3, 6, 2]
TasksBFS: 203.33 ms, [] -> [7] -> [7, 4] -> [7, 4, 0] -> [7, 4, 0, 8] -> [7, 4, 0, 8, 6] -> [7, 4, 0, 8, 6, 3] -> [7, 4, 0, 8, 6, 3, 6] -> [7, 4, 0, 8, 6, 3, 6, 2]
SyncBFS: 1307.45 ms, [] -> [6] -> [6, 2] -> [6, 2, 8] -> [6, 2, 8, 4] -> [6, 2, 8, 4, 2] -> [6, 2, 8, 4, 2, 9] -> [6, 2, 8, 4, 2, 9, 5] -> [6, 2, 8, 4, 2, 9, 5, 7]
MultithreadBFS: 332.14 ms, [] -> [7] -> [7, 4] -> [7, 4, 0] -> [7, 4, 0, 8] -> [7, 4, 0, 8, 6] -> [7, 4, 0, 8, 6, 3] -> [7, 4, 0, 8, 6, 3, 6] -> [7, 4, 0, 8, 6, 3, 6, 2]

problem_05.yaml
SyncBFS: 447.59 ms, No solution found!
MultithreadBFS: 148.96 ms, No solution found!
TasksBFS: 74.19 ms, No solution found!
AsyncStartBFS: 74.42 ms, No solution found!

problem_15.yaml
TasksBFS: 76.22 ms, [] -> [3] -> [3, 3] -> [3, 3, 8] -> [3, 3, 8, 9] -> [3, 3, 8, 9, 7] -> [3, 3, 8, 9, 7, 4] -> [3, 3, 8, 9, 7, 4, 8] -> [3, 3, 8, 9, 7, 4, 8, 2]
AsyncStartBFS: 52.95 ms, [] -> [7] -> [7, 7] -> [7, 7, 7] -> [7, 7, 7, 3] -> [7, 7, 7, 3, 3] -> [7, 7, 7, 3, 3, 6] -> [7, 7, 7, 3, 3, 6, 7] -> [7, 7, 7, 3, 3, 6, 7, 6]
SyncBFS: 439.5 ms, [] -> [3] -> [3, 3] -> [3, 3, 8] -> [3, 3, 8, 9] -> [3, 3, 8, 9, 7] -> [3, 3, 8, 9, 7, 4] -> [3, 3, 8, 9, 7, 4, 8] -> [3, 3, 8, 9, 7, 4, 8, 2]
MultithreadBFS: 52.58 ms, [] -> [3] -> [3, 3] -> [3, 3, 8] -> [3, 3, 8, 9] -> [3, 3, 8, 9, 7] -> [3, 3, 8, 9, 7, 4] -> [3, 3, 8, 9, 7, 4, 8] -> [3, 3, 8, 9, 7, 4, 8, 2]

problem_17.yaml
AsyncStartBFS: 76.56 ms, No solution found!
TasksBFS: 86.34 ms, No solution found!
SyncBFS: 508.73 ms, No solution found!
MultithreadBFS: 268.68 ms, No solution found!

problem_37.yaml
MultithreadBFS: 51.36 ms, [] -> [1] -> [1, 5] -> [1, 5, 1] -> [1, 5, 1, 1] -> [1, 5, 1, 1, 1] -> [1, 5, 1, 1, 1, 6] -> [1, 5, 1, 1, 1, 6, 0] -> [1, 5, 1, 1, 1, 6, 0, 6]
TasksBFS: 214.06 ms, [] -> [4] -> [4, 9] -> [4, 9, 8] -> [4, 9, 8, 4] -> [4, 9, 8, 4, 0] -> [4, 9, 8, 4, 0, 7] -> [4, 9, 8, 4, 0, 7, 1] -> [4, 9, 8, 4, 0, 7, 1, 2]
AsyncStartBFS: 69.63 ms, [] -> [1] -> [1, 5] -> [1, 5, 1] -> [1, 5, 1, 1] -> [1, 5, 1, 1, 1] -> [1, 5, 1, 1, 1, 6] -> [1, 5, 1, 1, 1, 6, 0] -> [1, 5, 1, 1, 1, 6, 0, 6]
SyncBFS: 898.14 ms, [] -> [1] -> [1, 5] -> [1, 5, 1] -> [1, 5, 1, 1] -> [1, 5, 1, 1, 1] -> [1, 5, 1, 1, 1, 6] -> [1, 5, 1, 1, 1, 6, 0] -> [1, 5, 1, 1, 1, 6, 0, 6]

problem_22.yaml
MultithreadBFS: 39.83 ms, [] -> [1] -> [1, 6] -> [1, 6, 5] -> [1, 6, 5, 1] -> [1, 6, 5, 1, 0] -> [1, 6, 5, 1, 0, 6] -> [1, 6, 5, 1, 0, 6, 6] -> [1, 6, 5, 1, 0, 6, 6, 2]
AsyncStartBFS: 21.84 ms, [] -> [1] -> [1, 6] -> [1, 6, 5] -> [1, 6, 5, 1] -> [1, 6, 5, 1, 0] -> [1, 6, 5, 1, 0, 6] -> [1, 6, 5, 1, 0, 6, 6] -> [1, 6, 5, 1, 0, 6, 6, 2]
TasksBFS: 51.83 ms, [] -> [3] -> [3, 1] -> [3, 1, 1] -> [3, 1, 1, 8] -> [3, 1, 1, 8, 3] -> [3, 1, 1, 8, 3, 6] -> [3, 1, 1, 8, 3, 6, 5] -> [3, 1, 1, 8, 3, 6, 5, 9]
SyncBFS: 296.99 ms, [] -> [1] -> [1, 6] -> [1, 6, 5] -> [1, 6, 5, 1] -> [1, 6, 5, 1, 0] -> [1, 6, 5, 1, 0, 6] -> [1, 6, 5, 1, 0, 6, 6] -> [1, 6, 5, 1, 0, 6, 6, 2]

problem_23.yaml
SyncBFS: 692.46 ms, [] -> [2] -> [2, 6] -> [2, 6, 2] -> [2, 6, 2, 4] -> [2, 6, 2, 4, 0] -> [2, 6, 2, 4, 0, 9] -> [2, 6, 2, 4, 0, 9, 3] -> [2, 6, 2, 4, 0, 9, 3, 9]
MultithreadBFS: 77.14 ms, [] -> [2] -> [2, 6] -> [2, 6, 2] -> [2, 6, 2, 4] -> [2, 6, 2, 4, 0] -> [2, 6, 2, 4, 0, 9] -> [2, 6, 2, 4, 0, 9, 3] -> [2, 6, 2, 4, 0, 9, 3, 9]
TasksBFS: 114.78 ms, [] -> [2] -> [2, 6] -> [2, 6, 2] -> [2, 6, 2, 4] -> [2, 6, 2, 4, 0] -> [2, 6, 2, 4, 0, 9] -> [2, 6, 2, 4, 0, 9, 3] -> [2, 6, 2, 4, 0, 9, 3, 9]
AsyncStartBFS: 71.23 ms, [] -> [2] -> [2, 6] -> [2, 6, 2] -> [2, 6, 2, 4] -> [2, 6, 2, 4, 0] -> [2, 6, 2, 4, 0, 9] -> [2, 6, 2, 4, 0, 9, 3] -> [2, 6, 2, 4, 0, 9, 3, 9]

problem_25.yaml
TasksBFS: 79.31 ms, [] -> [5] -> [5, 8] -> [5, 8, 2] -> [5, 8, 2, 6] -> [5, 8, 2, 6, 6] -> [5, 8, 2, 6, 6, 4] -> [5, 8, 2, 6, 6, 4, 6] -> [5, 8, 2, 6, 6, 4, 6, 1]
SyncBFS: 581.37 ms, [] -> [5] -> [5, 3] -> [5, 3, 7] -> [5, 3, 7, 9] -> [5, 3, 7, 9, 1] -> [5, 3, 7, 9, 1, 2] -> [5, 3, 7, 9, 1, 2, 2] -> [5, 3, 7, 9, 1, 2, 2, 3]
AsyncStartBFS: 56.52 ms, [] -> [5] -> [5, 8] -> [5, 8, 2] -> [5, 8, 2, 6] -> [5, 8, 2, 6, 6] -> [5, 8, 2, 6, 6, 4] -> [5, 8, 2, 6, 6, 4, 6] -> [5, 8, 2, 6, 6, 4, 6, 1]
MultithreadBFS: 56.29 ms, [] -> [5] -> [5, 8] -> [5, 8, 2] -> [5, 8, 2, 6] -> [5, 8, 2, 6, 6] -> [5, 8, 2, 6, 6, 4] -> [5, 8, 2, 6, 6, 4, 6] -> [5, 8, 2, 6, 6, 4, 6, 1]

problem_27.yaml
TasksBFS: 188.49 ms, No solution found!
SyncBFS: 1172.96 ms, No solution found!
MultithreadBFS: 511.47 ms, No solution found!
AsyncStartBFS: 129.35 ms, No solution found!

problem_26.yaml
SyncBFS: 670.41 ms, [] -> [0] -> [0, 2] -> [0, 2, 4] -> [0, 2, 4, 5] -> [0, 2, 4, 5, 7] -> [0, 2, 4, 5, 7, 7] -> [0, 2, 4, 5, 7, 7, 6] -> [0, 2, 4, 5, 7, 7, 6, 0]
TasksBFS: 147.89 ms, [] -> [0] -> [0, 5] -> [0, 5, 8] -> [0, 5, 8, 2] -> [0, 5, 8, 2, 7] -> [0, 5, 8, 2, 7, 4] -> [0, 5, 8, 2, 7, 4, 5] -> [0, 5, 8, 2, 7, 4, 5, 3]
MultithreadBFS: 76.03 ms, [] -> [3] -> [3, 4] -> [3, 4, 3] -> [3, 4, 3, 8] -> [3, 4, 3, 8, 7] -> [3, 4, 3, 8, 7, 9] -> [3, 4, 3, 8, 7, 9, 2] -> [3, 4, 3, 8, 7, 9, 2, 7]
AsyncStartBFS: 23.65 ms, [] -> [0] -> [0, 5] -> [0, 5, 8] -> [0, 5, 8, 2] -> [0, 5, 8, 2, 7] -> [0, 5, 8, 2, 7, 4] -> [0, 5, 8, 2, 7, 4, 5] -> [0, 5, 8, 2, 7, 4, 5, 3]

problem_14.yaml
SyncBFS: 576.17 ms, [] -> [6] -> [6, 4] -> [6, 4, 1] -> [6, 4, 1, 9] -> [6, 4, 1, 9, 7] -> [6, 4, 1, 9, 7, 6] -> [6, 4, 1, 9, 7, 6, 9] -> [6, 4, 1, 9, 7, 6, 9, 3]
AsyncStartBFS: 59.37 ms, [] -> [6] -> [6, 4] -> [6, 4, 1] -> [6, 4, 1, 9] -> [6, 4, 1, 9, 7] -> [6, 4, 1, 9, 7, 6] -> [6, 4, 1, 9, 7, 6, 9] -> [6, 4, 1, 9, 7, 6, 9, 3]
MultithreadBFS: 59.44 ms, [] -> [6] -> [6, 4] -> [6, 4, 1] -> [6, 4, 1, 9] -> [6, 4, 1, 9, 7] -> [6, 4, 1, 9, 7, 6] -> [6, 4, 1, 9, 7, 6, 9] -> [6, 4, 1, 9, 7, 6, 9, 3]
TasksBFS: 88.05 ms, [] -> [6] -> [6, 4] -> [6, 4, 1] -> [6, 4, 1, 9] -> [6, 4, 1, 9, 7] -> [6, 4, 1, 9, 7, 6] -> [6, 4, 1, 9, 7, 6, 9] -> [6, 4, 1, 9, 7, 6, 9, 3]

problem_28.yaml
SyncBFS: 1019.68 ms, [] -> [3] -> [3, 0] -> [3, 0, 4] -> [3, 0, 4, 0] -> [3, 0, 4, 0, 8] -> [3, 0, 4, 0, 8, 8] -> [3, 0, 4, 0, 8, 8, 0] -> [3, 0, 4, 0, 8, 8, 0, 9]
TasksBFS: 232.64 ms, [] -> [3] -> [3, 0] -> [3, 0, 4] -> [3, 0, 4, 0] -> [3, 0, 4, 0, 8] -> [3, 0, 4, 0, 8, 8] -> [3, 0, 4, 0, 8, 8, 0] -> [3, 0, 4, 0, 8, 8, 0, 9]
AsyncStartBFS: 49.19 ms, [] -> [3] -> [3, 0] -> [3, 0, 4] -> [3, 0, 4, 0] -> [3, 0, 4, 0, 8] -> [3, 0, 4, 0, 8, 8] -> [3, 0, 4, 0, 8, 8, 0] -> [3, 0, 4, 0, 8, 8, 0, 9]
MultithreadBFS: 62.27 ms, [] -> [3] -> [3, 0] -> [3, 0, 4] -> [3, 0, 4, 0] -> [3, 0, 4, 0, 8] -> [3, 0, 4, 0, 8, 8] -> [3, 0, 4, 0, 8, 8, 0] -> [3, 0, 4, 0, 8, 8, 0, 9]


[INFO] Results summary:
SyncBFS
	Average: 630.067 ms
	Median: 578.77 ms
	Standard Deviation: 322.418 ms
AsyncStartBFS
	Average: 58.588 ms
	Median: 56.965 ms
	Standard Deviation: 31.9764 ms
MultithreadBFS
	Average: 140.444 ms
	Median: 65.47 ms
	Standard Deviation: 158.211 ms
TasksBFS
	Average: 106.567 ms
	Median: 82.33 ms
	Standard Deviation: 63.66 ms
