problem_49.yaml
SyncBFS: 589.64 ms, No solution found!
MultithreadBFS: 341.08 ms, No solution found!
TasksBFS: 61.88 ms, No solution found!
AsyncStartBFS: 66.31 ms, No solution found!

problem_48.yaml
TasksBFS: 73.24 ms, [] -> [2] -> [2, 4] -> [2, 4, 4] -> [2, 4, 4, 4] -> [2, 4, 4, 4, 0] -> [2, 4, 4, 4, 0, 1] -> [2, 4, 4, 4, 0, 1, 4] -> [2, 4, 4, 4, 0, 1, 4, 2] -> [2, 4, 4, 4, 0, 1, 4, 2, 3] -> [2, 4, 4, 4, 0, 1, 4, 2, 3, 0]
SyncBFS: 598.33 ms, [] -> [2] -> [2, 4] -> [2, 4, 1] -> [2, 4, 1, 2] -> [2, 4, 1, 2, 4] -> [2, 4, 1, 2, 4, 4] -> [2, 4, 1, 2, 4, 4, 1] -> [2, 4, 1, 2, 4, 4, 1, 1] -> [2, 4, 1, 2, 4, 4, 1, 1, 0] -> [2, 4, 1, 2, 4, 4, 1, 1, 0, 1]
MultithreadBFS: 349.2 ms, [] -> [2] -> [2, 4] -> [2, 4, 1] -> [2, 4, 1, 2] -> [2, 4, 1, 2, 4] -> [2, 4, 1, 2, 4, 4] -> [2, 4, 1, 2, 4, 4, 1] -> [2, 4, 1, 2, 4, 4, 1, 1] -> [2, 4, 1, 2, 4, 4, 1, 1, 0] -> [2, 4, 1, 2, 4, 4, 1, 1, 0, 1]
AsyncStartBFS: 35.59 ms, [] -> [2] -> [2, 4] -> [2, 4, 4] -> [2, 4, 4, 4] -> [2, 4, 4, 4, 0] -> [2, 4, 4, 4, 0, 1] -> [2, 4, 4, 4, 0, 1, 4] -> [2, 4, 4, 4, 0, 1, 4, 2] -> [2, 4, 4, 4, 0, 1, 4, 2, 3] -> [2, 4, 4, 4, 0, 1, 4, 2, 3, 0]

problem_45.yaml
MultithreadBFS: 307.75 ms, No solution found!
TasksBFS: 63.23 ms, No solution found!
AsyncStartBFS: 65.85 ms, No solution found!
SyncBFS: 577.55 ms, No solution found!

problem_43.yaml
SyncBFS: 465.98 ms, [] -> [0] -> [0, 0] -> [0, 0, 0] -> [0, 0, 0, 3] -> [0, 0, 0, 3, 3] -> [0, 0, 0, 3, 3, 3] -> [0, 0, 0, 3, 3, 3, 0] -> [0, 0, 0, 3, 3, 3, 0, 3] -> [0, 0, 0, 3, 3, 3, 0, 3, 4] -> [0, 0, 0, 3, 3, 3, 0, 3, 4, 3]
MultithreadBFS: 25.01 ms, [] -> [0] -> [0, 0] -> [0, 0, 0] -> [0, 0, 0, 3] -> [0, 0, 0, 3, 3] -> [0, 0, 0, 3, 3, 3] -> [0, 0, 0, 3, 3, 3, 0] -> [0, 0, 0, 3, 3, 3, 0, 3] -> [0, 0, 0, 3, 3, 3, 0, 3, 4] -> [0, 0, 0, 3, 3, 3, 0, 3, 4, 3]
TasksBFS: 77.72 ms, [] -> [0] -> [0, 0] -> [0, 0, 0] -> [0, 0, 0, 3] -> [0, 0, 0, 3, 3] -> [0, 0, 0, 3, 3, 3] -> [0, 0, 0, 3, 3, 3, 0] -> [0, 0, 0, 3, 3, 3, 0, 3] -> [0, 0, 0, 3, 3, 3, 0, 3, 4] -> [0, 0, 0, 3, 3, 3, 0, 3, 4, 3]
AsyncStartBFS: 52.52 ms, [] -> [3] -> [3, 4] -> [3, 4, 3] -> [3, 4, 3, 2] -> [3, 4, 3, 2, 0] -> [3, 4, 3, 2, 0, 3] -> [3, 4, 3, 2, 0, 3, 1] -> [3, 4, 3, 2, 0, 3, 1, 4] -> [3, 4, 3, 2, 0, 3, 1, 4, 3] -> [3, 4, 3, 2, 0, 3, 1, 4, 3, 2]

problem_41.yaml
TasksBFS: 66.79 ms, [] -> [2] -> [2, 1] -> [2, 1, 3] -> [2, 1, 3, 1] -> [2, 1, 3, 1, 1] -> [2, 1, 3, 1, 1, 2] -> [2, 1, 3, 1, 1, 2, 1] -> [2, 1, 3, 1, 1, 2, 1, 4] -> [2, 1, 3, 1, 1, 2, 1, 4, 1] -> [2, 1, 3, 1, 1, 2, 1, 4, 1, 1]
SyncBFS: 522.14 ms, [] -> [2] -> [2, 1] -> [2, 1, 3] -> [2, 1, 3, 1] -> [2, 1, 3, 1, 1] -> [2, 1, 3, 1, 1, 2] -> [2, 1, 3, 1, 1, 2, 1] -> [2, 1, 3, 1, 1, 2, 1, 4] -> [2, 1, 3, 1, 1, 2, 1, 4, 1] -> [2, 1, 3, 1, 1, 2, 1, 4, 1, 1]
MultithreadBFS: 382.59 ms, [] -> [2] -> [2, 1] -> [2, 1, 3] -> [2, 1, 3, 1] -> [2, 1, 3, 1, 1] -> [2, 1, 3, 1, 1, 2] -> [2, 1, 3, 1, 1, 2, 1] -> [2, 1, 3, 1, 1, 2, 1, 4] -> [2, 1, 3, 1, 1, 2, 1, 4, 1] -> [2, 1, 3, 1, 1, 2, 1, 4, 1, 1]
AsyncStartBFS: 56.04 ms, [] -> [2] -> [2, 1] -> [2, 1, 3] -> [2, 1, 3, 1] -> [2, 1, 3, 1, 1] -> [2, 1, 3, 1, 1, 2] -> [2, 1, 3, 1, 1, 2, 1] -> [2, 1, 3, 1, 1, 2, 1, 4] -> [2, 1, 3, 1, 1, 2, 1, 4, 1] -> [2, 1, 3, 1, 1, 2, 1, 4, 1, 1]

problem_39.yaml
MultithreadBFS: 23.81 ms, [] -> [1] -> [1, 1] -> [1, 1, 1] -> [1, 1, 1, 1] -> [1, 1, 1, 1, 4] -> [1, 1, 1, 1, 4, 4] -> [1, 1, 1, 1, 4, 4, 3] -> [1, 1, 1, 1, 4, 4, 3, 4] -> [1, 1, 1, 1, 4, 4, 3, 4, 0] -> [1, 1, 1, 1, 4, 4, 3, 4, 0, 3]
TasksBFS: 47.33 ms, [] -> [1] -> [1, 1] -> [1, 1, 2] -> [1, 1, 2, 3] -> [1, 1, 2, 3, 3] -> [1, 1, 2, 3, 3, 1] -> [1, 1, 2, 3, 3, 1, 3] -> [1, 1, 2, 3, 3, 1, 3, 0] -> [1, 1, 2, 3, 3, 1, 3, 0, 2] -> [1, 1, 2, 3, 3, 1, 3, 0, 2, 2]
AsyncStartBFS: 43.1 ms, [] -> [1] -> [1, 1] -> [1, 1, 1] -> [1, 1, 1, 1] -> [1, 1, 1, 1, 4] -> [1, 1, 1, 1, 4, 4] -> [1, 1, 1, 1, 4, 4, 3] -> [1, 1, 1, 1, 4, 4, 3, 4] -> [1, 1, 1, 1, 4, 4, 3, 4, 0] -> [1, 1, 1, 1, 4, 4, 3, 4, 0, 3]
SyncBFS: 324.84 ms, [] -> [1] -> [1, 1] -> [1, 1, 1] -> [1, 1, 1, 1] -> [1, 1, 1, 1, 4] -> [1, 1, 1, 1, 4, 4] -> [1, 1, 1, 1, 4, 4, 3] -> [1, 1, 1, 1, 4, 4, 3, 4] -> [1, 1, 1, 1, 4, 4, 3, 4, 0] -> [1, 1, 1, 1, 4, 4, 3, 4, 0, 3]

problem_38.yaml
TasksBFS: 114.07 ms, [] -> [4] -> [4, 0] -> [4, 0, 4] -> [4, 0, 4, 4] -> [4, 0, 4, 4, 2] -> [4, 0, 4, 4, 2, 1] -> [4, 0, 4, 4, 2, 1, 2] -> [4, 0, 4, 4, 2, 1, 2, 2] -> [4, 0, 4, 4, 2, 1, 2, 2, 2] -> [4, 0, 4, 4, 2, 1, 2, 2, 2, 4]
MultithreadBFS: 103.27 ms, [] -> [4] -> [4, 0] -> [4, 0, 4] -> [4, 0, 4, 4] -> [4, 0, 4, 4, 2] -> [4, 0, 4, 4, 2, 1] -> [4, 0, 4, 4, 2, 1, 2] -> [4, 0, 4, 4, 2, 1, 2, 2] -> [4, 0, 4, 4, 2, 1, 2, 2, 2] -> [4, 0, 4, 4, 2, 1, 2, 2, 2, 4]
AsyncStartBFS: 88.25 ms, [] -> [4] -> [4, 0] -> [4, 0, 4] -> [4, 0, 4, 4] -> [4, 0, 4, 4, 2] -> [4, 0, 4, 4, 2, 1] -> [4, 0, 4, 4, 2, 1, 2] -> [4, 0, 4, 4, 2, 1, 2, 2] -> [4, 0, 4, 4, 2, 1, 2, 2, 2] -> [4, 0, 4, 4, 2, 1, 2, 2, 2, 4]
SyncBFS: 876.34 ms, [] -> [4] -> [4, 0] -> [4, 0, 4] -> [4, 0, 4, 4] -> [4, 0, 4, 4, 2] -> [4, 0, 4, 4, 2, 1] -> [4, 0, 4, 4, 2, 1, 2] -> [4, 0, 4, 4, 2, 1, 2, 2] -> [4, 0, 4, 4, 2, 1, 2, 2, 2] -> [4, 0, 4, 4, 2, 1, 2, 2, 2, 4]

problem_36.yaml
AsyncStartBFS: 55.11 ms, [] -> [0] -> [0, 2] -> [0, 2, 4] -> [0, 2, 4, 3] -> [0, 2, 4, 3, 3] -> [0, 2, 4, 3, 3, 1] -> [0, 2, 4, 3, 3, 1, 4] -> [0, 2, 4, 3, 3, 1, 4, 0] -> [0, 2, 4, 3, 3, 1, 4, 0, 3] -> [0, 2, 4, 3, 3, 1, 4, 0, 3, 3]
MultithreadBFS: 21.51 ms, [] -> [0] -> [0, 2] -> [0, 2, 4] -> [0, 2, 4, 3] -> [0, 2, 4, 3, 3] -> [0, 2, 4, 3, 3, 1] -> [0, 2, 4, 3, 3, 1, 4] -> [0, 2, 4, 3, 3, 1, 4, 0] -> [0, 2, 4, 3, 3, 1, 4, 0, 3] -> [0, 2, 4, 3, 3, 1, 4, 0, 3, 3]
SyncBFS: 482.96 ms, [] -> [0] -> [0, 2] -> [0, 2, 4] -> [0, 2, 4, 3] -> [0, 2, 4, 3, 3] -> [0, 2, 4, 3, 3, 1] -> [0, 2, 4, 3, 3, 1, 4] -> [0, 2, 4, 3, 3, 1, 4, 0] -> [0, 2, 4, 3, 3, 1, 4, 0, 3] -> [0, 2, 4, 3, 3, 1, 4, 0, 3, 3]
TasksBFS: 75.82 ms, [] -> [0] -> [0, 2] -> [0, 2, 4] -> [0, 2, 4, 3] -> [0, 2, 4, 3, 3] -> [0, 2, 4, 3, 3, 1] -> [0, 2, 4, 3, 3, 1, 4] -> [0, 2, 4, 3, 3, 1, 4, 0] -> [0, 2, 4, 3, 3, 1, 4, 0, 3] -> [0, 2, 4, 3, 3, 1, 4, 0, 3, 3]

problem_44.yaml
SyncBFS: 637.39 ms, [] -> [3] -> [3, 2] -> [3, 2, 0] -> [3, 2, 0, 1] -> [3, 2, 0, 1, 4] -> [3, 2, 0, 1, 4, 4] -> [3, 2, 0, 1, 4, 4, 2] -> [3, 2, 0, 1, 4, 4, 2, 2] -> [3, 2, 0, 1, 4, 4, 2, 2, 1] -> [3, 2, 0, 1, 4, 4, 2, 2, 1, 0]
MultithreadBFS: 309.56 ms, [] -> [3] -> [3, 2] -> [3, 2, 0] -> [3, 2, 0, 1] -> [3, 2, 0, 1, 4] -> [3, 2, 0, 1, 4, 4] -> [3, 2, 0, 1, 4, 4, 2] -> [3, 2, 0, 1, 4, 4, 2, 2] -> [3, 2, 0, 1, 4, 4, 2, 2, 1] -> [3, 2, 0, 1, 4, 4, 2, 2, 1, 0]
TasksBFS: 66.81 ms, [] -> [3] -> [3, 2] -> [3, 2, 0] -> [3, 2, 0, 1] -> [3, 2, 0, 1, 4] -> [3, 2, 0, 1, 4, 4] -> [3, 2, 0, 1, 4, 4, 2] -> [3, 2, 0, 1, 4, 4, 2, 2] -> [3, 2, 0, 1, 4, 4, 2, 2, 1] -> [3, 2, 0, 1, 4, 4, 2, 2, 1, 0]
AsyncStartBFS: 59.64 ms, [] -> [3] -> [3, 2] -> [3, 2, 0] -> [3, 2, 0, 1] -> [3, 2, 0, 1, 4] -> [3, 2, 0, 1, 4, 4] -> [3, 2, 0, 1, 4, 4, 2] -> [3, 2, 0, 1, 4, 4, 2, 2] -> [3, 2, 0, 1, 4, 4, 2, 2, 1] -> [3, 2, 0, 1, 4, 4, 2, 2, 1, 0]

problem_35.yaml
MultithreadBFS: 439.43 ms, No solution found!
SyncBFS: 653.1 ms, No solution found!
TasksBFS: 62.41 ms, No solution found!
AsyncStartBFS: 69.4 ms, No solution found!

problem_46.yaml
TasksBFS: 69.11 ms, [] -> [3] -> [3, 3] -> [3, 3, 1] -> [3, 3, 1, 0] -> [3, 3, 1, 0, 2] -> [3, 3, 1, 0, 2, 0] -> [3, 3, 1, 0, 2, 0, 1] -> [3, 3, 1, 0, 2, 0, 1, 1] -> [3, 3, 1, 0, 2, 0, 1, 1, 2] -> [3, 3, 1, 0, 2, 0, 1, 1, 2, 1]
SyncBFS: 545.58 ms, [] -> [3] -> [3, 3] -> [3, 3, 1] -> [3, 3, 1, 0] -> [3, 3, 1, 0, 2] -> [3, 3, 1, 0, 2, 0] -> [3, 3, 1, 0, 2, 0, 1] -> [3, 3, 1, 0, 2, 0, 1, 1] -> [3, 3, 1, 0, 2, 0, 1, 1, 2] -> [3, 3, 1, 0, 2, 0, 1, 1, 2, 1]
MultithreadBFS: 385.38 ms, [] -> [3] -> [3, 3] -> [3, 3, 1] -> [3, 3, 1, 0] -> [3, 3, 1, 0, 2] -> [3, 3, 1, 0, 2, 0] -> [3, 3, 1, 0, 2, 0, 1] -> [3, 3, 1, 0, 2, 0, 1, 1] -> [3, 3, 1, 0, 2, 0, 1, 1, 2] -> [3, 3, 1, 0, 2, 0, 1, 1, 2, 1]
AsyncStartBFS: 53.09 ms, [] -> [3] -> [3, 3] -> [3, 3, 1] -> [3, 3, 1, 0] -> [3, 3, 1, 0, 2] -> [3, 3, 1, 0, 2, 0] -> [3, 3, 1, 0, 2, 0, 1] -> [3, 3, 1, 0, 2, 0, 1, 1] -> [3, 3, 1, 0, 2, 0, 1, 1, 2] -> [3, 3, 1, 0, 2, 0, 1, 1, 2, 1]

problem_34.yaml
MultithreadBFS: 65.03 ms, [] -> [4] -> [4, 2] -> [4, 2, 0] -> [4, 2, 0, 3] -> [4, 2, 0, 3, 4] -> [4, 2, 0, 3, 4, 0] -> [4, 2, 0, 3, 4, 0, 0] -> [4, 2, 0, 3, 4, 0, 0, 3] -> [4, 2, 0, 3, 4, 0, 0, 3, 3] -> [4, 2, 0, 3, 4, 0, 0, 3, 3, 0]
SyncBFS: 308.39 ms, [] -> [1] -> [1, 0] -> [1, 0, 3] -> [1, 0, 3, 1] -> [1, 0, 3, 1, 3] -> [1, 0, 3, 1, 3, 4] -> [1, 0, 3, 1, 3, 4, 0] -> [1, 0, 3, 1, 3, 4, 0, 2] -> [1, 0, 3, 1, 3, 4, 0, 2, 2] -> [1, 0, 3, 1, 3, 4, 0, 2, 2, 2]
AsyncStartBFS: 35.22 ms, [] -> [1] -> [1, 0] -> [1, 0, 3] -> [1, 0, 3, 1] -> [1, 0, 3, 1, 3] -> [1, 0, 3, 1, 3, 4] -> [1, 0, 3, 1, 3, 4, 0] -> [1, 0, 3, 1, 3, 4, 0, 2] -> [1, 0, 3, 1, 3, 4, 0, 2, 2] -> [1, 0, 3, 1, 3, 4, 0, 2, 2, 2]
TasksBFS: 50.22 ms, [] -> [1] -> [1, 0] -> [1, 0, 3] -> [1, 0, 3, 1] -> [1, 0, 3, 1, 3] -> [1, 0, 3, 1, 3, 4] -> [1, 0, 3, 1, 3, 4, 0] -> [1, 0, 3, 1, 3, 4, 0, 2] -> [1, 0, 3, 1, 3, 4, 0, 2, 2] -> [1, 0, 3, 1, 3, 4, 0, 2, 2, 2]

problem_32.yaml
AsyncStartBFS: 28.36 ms, [] -> [4] -> [4, 0] -> [4, 0, 4] -> [4, 0, 4, 3] -> [4, 0, 4, 3, 3] -> [4, 0, 4, 3, 3, 2] -> [4, 0, 4, 3, 3, 2, 1] -> [4, 0, 4, 3, 3, 2, 1, 1] -> [4, 0, 4, 3, 3, 2, 1, 1, 4] -> [4, 0, 4, 3, 3, 2, 1, 1, 4, 4]
SyncBFS: 302.21 ms, [] -> [4] -> [4, 0] -> [4, 0, 4] -> [4, 0, 4, 3] -> [4, 0, 4, 3, 3] -> [4, 0, 4, 3, 3, 2] -> [4, 0, 4, 3, 3, 2, 1] -> [4, 0, 4, 3, 3, 2, 1, 1] -> [4, 0, 4, 3, 3, 2, 1, 1, 4] -> [4, 0, 4, 3, 3, 2, 1, 1, 4, 4]
MultithreadBFS: 24.01 ms, [] -> [4] -> [4, 0] -> [4, 0, 4] -> [4, 0, 4, 3] -> [4, 0, 4, 3, 3] -> [4, 0, 4, 3, 3, 2] -> [4, 0, 4, 3, 3, 2, 1] -> [4, 0, 4, 3, 3, 2, 1, 1] -> [4, 0, 4, 3, 3, 2, 1, 1, 4] -> [4, 0, 4, 3, 3, 2, 1, 1, 4, 4]
TasksBFS: 36.63 ms, [] -> [4] -> [4, 0] -> [4, 0, 4] -> [4, 0, 4, 3] -> [4, 0, 4, 3, 3] -> [4, 0, 4, 3, 3, 2] -> [4, 0, 4, 3, 3, 2, 1] -> [4, 0, 4, 3, 3, 2, 1, 1] -> [4, 0, 4, 3, 3, 2, 1, 1, 4] -> [4, 0, 4, 3, 3, 2, 1, 1, 4, 4]

problem_31.yaml
TasksBFS: 33.36 ms, No solution found!
AsyncStartBFS: 32.8 ms, No solution found!
SyncBFS: 196.55 ms, No solution found!
MultithreadBFS: 127.29 ms, No solution found!

problem_30.yaml
SyncBFS: 742.67 ms, No solution found!
TasksBFS: 82.79 ms, No solution found!
MultithreadBFS: 526.12 ms, No solution found!
AsyncStartBFS: 71.9 ms, No solution found!

problem_10.yaml
SyncBFS: 384.11 ms, [] -> [0] -> [0, 3] -> [0, 3, 0] -> [0, 3, 0, 3] -> [0, 3, 0, 3, 2] -> [0, 3, 0, 3, 2, 3] -> [0, 3, 0, 3, 2, 3, 1] -> [0, 3, 0, 3, 2, 3, 1, 0] -> [0, 3, 0, 3, 2, 3, 1, 0, 1] -> [0, 3, 0, 3, 2, 3, 1, 0, 1, 3]
MultithreadBFS: 35.06 ms, [] -> [0] -> [0, 3] -> [0, 3, 0] -> [0, 3, 0, 3] -> [0, 3, 0, 3, 2] -> [0, 3, 0, 3, 2, 3] -> [0, 3, 0, 3, 2, 3, 1] -> [0, 3, 0, 3, 2, 3, 1, 0] -> [0, 3, 0, 3, 2, 3, 1, 0, 1] -> [0, 3, 0, 3, 2, 3, 1, 0, 1, 3]
TasksBFS: 57.13 ms, [] -> [0] -> [0, 3] -> [0, 3, 0] -> [0, 3, 0, 3] -> [0, 3, 0, 3, 2] -> [0, 3, 0, 3, 2, 3] -> [0, 3, 0, 3, 2, 3, 1] -> [0, 3, 0, 3, 2, 3, 1, 0] -> [0, 3, 0, 3, 2, 3, 1, 0, 1] -> [0, 3, 0, 3, 2, 3, 1, 0, 1, 3]
AsyncStartBFS: 63.86 ms, [] -> [0] -> [0, 3] -> [0, 3, 0] -> [0, 3, 0, 3] -> [0, 3, 0, 3, 2] -> [0, 3, 0, 3, 2, 3] -> [0, 3, 0, 3, 2, 3, 1] -> [0, 3, 0, 3, 2, 3, 1, 0] -> [0, 3, 0, 3, 2, 3, 1, 0, 1] -> [0, 3, 0, 3, 2, 3, 1, 0, 1, 3]

problem_09.yaml
AsyncStartBFS: 65.21 ms, No solution found!
SyncBFS: 659.57 ms, No solution found!
MultithreadBFS: 369.54 ms, No solution found!
TasksBFS: 64.13 ms, No solution found!

problem_12.yaml
MultithreadBFS: 406.14 ms, No solution found!
TasksBFS: 82.5 ms, No solution found!
AsyncStartBFS: 76.66 ms, No solution found!
SyncBFS: 692.33 ms, No solution found!

problem_47.yaml
AsyncStartBFS: 37.07 ms, [] -> [2] -> [2, 3] -> [2, 3, 2] -> [2, 3, 2, 2] -> [2, 3, 2, 2, 4] -> [2, 3, 2, 2, 4, 3] -> [2, 3, 2, 2, 4, 3, 0] -> [2, 3, 2, 2, 4, 3, 0, 4] -> [2, 3, 2, 2, 4, 3, 0, 4, 2] -> [2, 3, 2, 2, 4, 3, 0, 4, 2, 0]
SyncBFS: 420.95 ms, [] -> [2] -> [2, 3] -> [2, 3, 2] -> [2, 3, 2, 2] -> [2, 3, 2, 2, 4] -> [2, 3, 2, 2, 4, 3] -> [2, 3, 2, 2, 4, 3, 0] -> [2, 3, 2, 2, 4, 3, 0, 4] -> [2, 3, 2, 2, 4, 3, 0, 4, 2] -> [2, 3, 2, 2, 4, 3, 0, 4, 2, 0]
MultithreadBFS: 21.91 ms, [] -> [2] -> [2, 3] -> [2, 3, 2] -> [2, 3, 2, 2] -> [2, 3, 2, 2, 4] -> [2, 3, 2, 2, 4, 3] -> [2, 3, 2, 2, 4, 3, 0] -> [2, 3, 2, 2, 4, 3, 0, 4] -> [2, 3, 2, 2, 4, 3, 0, 4, 2] -> [2, 3, 2, 2, 4, 3, 0, 4, 2, 0]
TasksBFS: 60.2 ms, [] -> [2] -> [2, 3] -> [2, 3, 2] -> [2, 3, 2, 2] -> [2, 3, 2, 2, 4] -> [2, 3, 2, 2, 4, 3] -> [2, 3, 2, 2, 4, 3, 0] -> [2, 3, 2, 2, 4, 3, 0, 4] -> [2, 3, 2, 2, 4, 3, 0, 4, 2] -> [2, 3, 2, 2, 4, 3, 0, 4, 2, 0]

problem_11.yaml
MultithreadBFS: 120.3 ms, [] -> [0] -> [0, 0] -> [0, 0, 4] -> [0, 0, 4, 1] -> [0, 0, 4, 1, 4] -> [0, 0, 4, 1, 4, 0] -> [0, 0, 4, 1, 4, 0, 3] -> [0, 0, 4, 1, 4, 0, 3, 1] -> [0, 0, 4, 1, 4, 0, 3, 1, 2] -> [0, 0, 4, 1, 4, 0, 3, 1, 2, 2]
AsyncStartBFS: 34.2 ms, [] -> [0] -> [0, 0] -> [0, 0, 4] -> [0, 0, 4, 1] -> [0, 0, 4, 1, 4] -> [0, 0, 4, 1, 4, 0] -> [0, 0, 4, 1, 4, 0, 3] -> [0, 0, 4, 1, 4, 0, 3, 1] -> [0, 0, 4, 1, 4, 0, 3, 1, 2] -> [0, 0, 4, 1, 4, 0, 3, 1, 2, 2]
TasksBFS: 44.24 ms, [] -> [0] -> [0, 0] -> [0, 0, 4] -> [0, 0, 4, 1] -> [0, 0, 4, 1, 4] -> [0, 0, 4, 1, 4, 0] -> [0, 0, 4, 1, 4, 0, 3] -> [0, 0, 4, 1, 4, 0, 3, 1] -> [0, 0, 4, 1, 4, 0, 3, 1, 2] -> [0, 0, 4, 1, 4, 0, 3, 1, 2, 2]
SyncBFS: 248.1 ms, [] -> [0] -> [0, 0] -> [0, 0, 4] -> [0, 0, 4, 1] -> [0, 0, 4, 1, 4] -> [0, 0, 4, 1, 4, 0] -> [0, 0, 4, 1, 4, 0, 3] -> [0, 0, 4, 1, 4, 0, 3, 1] -> [0, 0, 4, 1, 4, 0, 3, 1, 2] -> [0, 0, 4, 1, 4, 0, 3, 1, 2, 2]

problem_01.yaml
MultithreadBFS: 130.77 ms, [] -> [2] -> [2, 2] -> [2, 2, 4] -> [2, 2, 4, 3] -> [2, 2, 4, 3, 4] -> [2, 2, 4, 3, 4, 0] -> [2, 2, 4, 3, 4, 0, 3] -> [2, 2, 4, 3, 4, 0, 3, 3] -> [2, 2, 4, 3, 4, 0, 3, 3, 0] -> [2, 2, 4, 3, 4, 0, 3, 3, 0, 3]
TasksBFS: 68.99 ms, [] -> [2] -> [2, 2] -> [2, 2, 4] -> [2, 2, 4, 3] -> [2, 2, 4, 3, 4] -> [2, 2, 4, 3, 4, 0] -> [2, 2, 4, 3, 4, 0, 3] -> [2, 2, 4, 3, 4, 0, 3, 3] -> [2, 2, 4, 3, 4, 0, 3, 3, 0] -> [2, 2, 4, 3, 4, 0, 3, 3, 0, 3]
AsyncStartBFS: 81.27 ms, [] -> [2] -> [2, 2] -> [2, 2, 4] -> [2, 2, 4, 3] -> [2, 2, 4, 3, 4] -> [2, 2, 4, 3, 4, 0] -> [2, 2, 4, 3, 4, 0, 3] -> [2, 2, 4, 3, 4, 0, 3, 3] -> [2, 2, 4, 3, 4, 0, 3, 3, 0] -> [2, 2, 4, 3, 4, 0, 3, 3, 0, 3]
SyncBFS: 644.97 ms, [] -> [2] -> [2, 2] -> [2, 2, 4] -> [2, 2, 4, 3] -> [2, 2, 4, 3, 4] -> [2, 2, 4, 3, 4, 0] -> [2, 2, 4, 3, 4, 0, 3] -> [2, 2, 4, 3, 4, 0, 3, 3] -> [2, 2, 4, 3, 4, 0, 3, 3, 0] -> [2, 2, 4, 3, 4, 0, 3, 3, 0, 3]

problem_08.yaml
AsyncStartBFS: 30.16 ms, [] -> [3] -> [3, 0] -> [3, 0, 2] -> [3, 0, 2, 0] -> [3, 0, 2, 0, 3] -> [3, 0, 2, 0, 3, 0] -> [3, 0, 2, 0, 3, 0, 3] -> [3, 0, 2, 0, 3, 0, 3, 4] -> [3, 0, 2, 0, 3, 0, 3, 4, 0] -> [3, 0, 2, 0, 3, 0, 3, 4, 0, 2]
TasksBFS: 46.08 ms, [] -> [3] -> [3, 0] -> [3, 0, 2] -> [3, 0, 2, 0] -> [3, 0, 2, 0, 3] -> [3, 0, 2, 0, 3, 0] -> [3, 0, 2, 0, 3, 0, 3] -> [3, 0, 2, 0, 3, 0, 3, 4] -> [3, 0, 2, 0, 3, 0, 3, 4, 0] -> [3, 0, 2, 0, 3, 0, 3, 4, 0, 2]
SyncBFS: 380.99 ms, [] -> [3] -> [3, 0] -> [3, 0, 2] -> [3, 0, 2, 0] -> [3, 0, 2, 0, 3] -> [3, 0, 2, 0, 3, 0] -> [3, 0, 2, 0, 3, 0, 3] -> [3, 0, 2, 0, 3, 0, 3, 4] -> [3, 0, 2, 0, 3, 0, 3, 4, 0] -> [3, 0, 2, 0, 3, 0, 3, 4, 0, 2]
MultithreadBFS: 92.82 ms, [] -> [3] -> [3, 0] -> [3, 0, 2] -> [3, 0, 2, 0] -> [3, 0, 2, 0, 3] -> [3, 0, 2, 0, 3, 0] -> [3, 0, 2, 0, 3, 0, 3] -> [3, 0, 2, 0, 3, 0, 3, 4] -> [3, 0, 2, 0, 3, 0, 3, 4, 0] -> [3, 0, 2, 0, 3, 0, 3, 4, 0, 2]

problem_06.yaml
SyncBFS: 308.5 ms, No solution found!
MultithreadBFS: 112.89 ms, No solution found!
TasksBFS: 34.95 ms, No solution found!
AsyncStartBFS: 42.07 ms, No solution found!

problem_19.yaml
SyncBFS: 902.18 ms, No solution found!
MultithreadBFS: 598.11 ms, No solution found!
AsyncStartBFS: 117.53 ms, No solution found!
TasksBFS: 138.38 ms, No solution found!

problem_40.yaml
MultithreadBFS: 20.27 ms, [] -> [1] -> [1, 0] -> [1, 0, 4] -> [1, 0, 4, 0] -> [1, 0, 4, 0, 1] -> [1, 0, 4, 0, 1, 4] -> [1, 0, 4, 0, 1, 4, 2] -> [1, 0, 4, 0, 1, 4, 2, 3] -> [1, 0, 4, 0, 1, 4, 2, 3, 3] -> [1, 0, 4, 0, 1, 4, 2, 3, 3, 2]
TasksBFS: 52.75 ms, [] -> [1] -> [1, 0] -> [1, 0, 4] -> [1, 0, 4, 0] -> [1, 0, 4, 0, 1] -> [1, 0, 4, 0, 1, 4] -> [1, 0, 4, 0, 1, 4, 2] -> [1, 0, 4, 0, 1, 4, 2, 3] -> [1, 0, 4, 0, 1, 4, 2, 3, 3] -> [1, 0, 4, 0, 1, 4, 2, 3, 3, 2]
AsyncStartBFS: 58.6 ms, [] -> [1] -> [1, 0] -> [1, 0, 4] -> [1, 0, 4, 0] -> [1, 0, 4, 0, 1] -> [1, 0, 4, 0, 1, 4] -> [1, 0, 4, 0, 1, 4, 2] -> [1, 0, 4, 0, 1, 4, 2, 3] -> [1, 0, 4, 0, 1, 4, 2, 3, 3] -> [1, 0, 4, 0, 1, 4, 2, 3, 3, 2]
SyncBFS: 386.29 ms, [] -> [0] -> [0, 1] -> [0, 1, 3] -> [0, 1, 3, 2] -> [0, 1, 3, 2, 4] -> [0, 1, 3, 2, 4, 3] -> [0, 1, 3, 2, 4, 3, 0] -> [0, 1, 3, 2, 4, 3, 0, 4] -> [0, 1, 3, 2, 4, 3, 0, 4, 4] -> [0, 1, 3, 2, 4, 3, 0, 4, 4, 4]

problem_04.yaml
SyncBFS: 425.98 ms, No solution found!
TasksBFS: 57.39 ms, No solution found!
MultithreadBFS: 244.51 ms, No solution found!
AsyncStartBFS: 47.2 ms, No solution found!

problem_33.yaml
TasksBFS: 57.73 ms, [] -> [0] -> [0, 0] -> [0, 0, 1] -> [0, 0, 1, 3] -> [0, 0, 1, 3, 4] -> [0, 0, 1, 3, 4, 2] -> [0, 0, 1, 3, 4, 2, 1] -> [0, 0, 1, 3, 4, 2, 1, 1] -> [0, 0, 1, 3, 4, 2, 1, 1, 4] -> [0, 0, 1, 3, 4, 2, 1, 1, 4, 3]
MultithreadBFS: 219.04 ms, [] -> [0] -> [0, 0] -> [0, 0, 1] -> [0, 0, 1, 3] -> [0, 0, 1, 3, 4] -> [0, 0, 1, 3, 4, 2] -> [0, 0, 1, 3, 4, 2, 1] -> [0, 0, 1, 3, 4, 2, 1, 1] -> [0, 0, 1, 3, 4, 2, 1, 1, 4] -> [0, 0, 1, 3, 4, 2, 1, 1, 4, 3]
SyncBFS: 264.02 ms, [] -> [0] -> [0, 0] -> [0, 0, 1] -> [0, 0, 1, 3] -> [0, 0, 1, 3, 4] -> [0, 0, 1, 3, 4, 2] -> [0, 0, 1, 3, 4, 2, 1] -> [0, 0, 1, 3, 4, 2, 1, 1] -> [0, 0, 1, 3, 4, 2, 1, 1, 4] -> [0, 0, 1, 3, 4, 2, 1, 1, 4, 3]
AsyncStartBFS: 21.27 ms, [] -> [0] -> [0, 0] -> [0, 0, 1] -> [0, 0, 1, 3] -> [0, 0, 1, 3, 4] -> [0, 0, 1, 3, 4, 2] -> [0, 0, 1, 3, 4, 2, 1] -> [0, 0, 1, 3, 4, 2, 1, 1] -> [0, 0, 1, 3, 4, 2, 1, 1, 4] -> [0, 0, 1, 3, 4, 2, 1, 1, 4, 3]

problem_21.yaml
AsyncStartBFS: 81.34 ms, No solution found!
TasksBFS: 79.34 ms, No solution found!
MultithreadBFS: 706.58 ms, No solution found!
SyncBFS: 840.39 ms, No solution found!

problem_24.yaml
MultithreadBFS: 58.82 ms, [] -> [0] -> [0, 0] -> [0, 0, 1] -> [0, 0, 1, 0] -> [0, 0, 1, 0, 0] -> [0, 0, 1, 0, 0, 3] -> [0, 0, 1, 0, 0, 3, 0] -> [0, 0, 1, 0, 0, 3, 0, 2] -> [0, 0, 1, 0, 0, 3, 0, 2, 0] -> [0, 0, 1, 0, 0, 3, 0, 2, 0, 0]
AsyncStartBFS: 19.29 ms, [] -> [0] -> [0, 0] -> [0, 0, 1] -> [0, 0, 1, 0] -> [0, 0, 1, 0, 0] -> [0, 0, 1, 0, 0, 3] -> [0, 0, 1, 0, 0, 3, 0] -> [0, 0, 1, 0, 0, 3, 0, 2] -> [0, 0, 1, 0, 0, 3, 0, 2, 0] -> [0, 0, 1, 0, 0, 3, 0, 2, 0, 0]
TasksBFS: 44.13 ms, [] -> [0] -> [0, 0] -> [0, 0, 1] -> [0, 0, 1, 0] -> [0, 0, 1, 0, 0] -> [0, 0, 1, 0, 0, 3] -> [0, 0, 1, 0, 0, 3, 0] -> [0, 0, 1, 0, 0, 3, 0, 2] -> [0, 0, 1, 0, 0, 3, 0, 2, 0] -> [0, 0, 1, 0, 0, 3, 0, 2, 0, 0]
SyncBFS: 330.74 ms, [] -> [0] -> [0, 0] -> [0, 0, 1] -> [0, 0, 1, 0] -> [0, 0, 1, 0, 0] -> [0, 0, 1, 0, 0, 3] -> [0, 0, 1, 0, 0, 3, 0] -> [0, 0, 1, 0, 0, 3, 0, 2] -> [0, 0, 1, 0, 0, 3, 0, 2, 0] -> [0, 0, 1, 0, 0, 3, 0, 2, 0, 0]

problem_03.yaml
TasksBFS: 69.8 ms, [] -> [1] -> [1, 3] -> [1, 3, 2] -> [1, 3, 2, 4] -> [1, 3, 2, 4, 3] -> [1, 3, 2, 4, 3, 0] -> [1, 3, 2, 4, 3, 0, 4] -> [1, 3, 2, 4, 3, 0, 4, 4] -> [1, 3, 2, 4, 3, 0, 4, 4, 0] -> [1, 3, 2, 4, 3, 0, 4, 4, 0, 0]
AsyncStartBFS: 64.58 ms, [] -> [1] -> [1, 3] -> [1, 3, 2] -> [1, 3, 2, 4] -> [1, 3, 2, 4, 3] -> [1, 3, 2, 4, 3, 0] -> [1, 3, 2, 4, 3, 0, 4] -> [1, 3, 2, 4, 3, 0, 4, 4] -> [1, 3, 2, 4, 3, 0, 4, 4, 0] -> [1, 3, 2, 4, 3, 0, 4, 4, 0, 0]
SyncBFS: 401.98 ms, [] -> [1] -> [1, 3] -> [1, 3, 2] -> [1, 3, 2, 4] -> [1, 3, 2, 4, 3] -> [1, 3, 2, 4, 3, 0] -> [1, 3, 2, 4, 3, 0, 4] -> [1, 3, 2, 4, 3, 0, 4, 4] -> [1, 3, 2, 4, 3, 0, 4, 4, 0] -> [1, 3, 2, 4, 3, 0, 4, 4, 0, 0]
MultithreadBFS: 25.49 ms, [] -> [1] -> [1, 3] -> [1, 3, 2] -> [1, 3, 2, 4] -> [1, 3, 2, 4, 3] -> [1, 3, 2, 4, 3, 0] -> [1, 3, 2, 4, 3, 0, 4] -> [1, 3, 2, 4, 3, 0, 4, 4] -> [1, 3, 2, 4, 3, 0, 4, 4, 0] -> [1, 3, 2, 4, 3, 0, 4, 4, 0, 0]

problem_07.yaml
MultithreadBFS: 530.89 ms, [] -> [2] -> [2, 2] -> [2, 2, 2] -> [2, 2, 2, 0] -> [2, 2, 2, 0, 0] -> [2, 2, 2, 0, 0, 4] -> [2, 2, 2, 0, 0, 4, 1] -> [2, 2, 2, 0, 0, 4, 1, 0] -> [2, 2, 2, 0, 0, 4, 1, 0, 1] -> [2, 2, 2, 0, 0, 4, 1, 0, 1, 3]
SyncBFS: 695.68 ms, [] -> [2] -> [2, 2] -> [2, 2, 2] -> [2, 2, 2, 0] -> [2, 2, 2, 0, 0] -> [2, 2, 2, 0, 0, 4] -> [2, 2, 2, 0, 0, 4, 1] -> [2, 2, 2, 0, 0, 4, 1, 0] -> [2, 2, 2, 0, 0, 4, 1, 0, 1] -> [2, 2, 2, 0, 0, 4, 1, 0, 1, 3]
TasksBFS: 78.57 ms, [] -> [2] -> [2, 2] -> [2, 2, 2] -> [2, 2, 2, 0] -> [2, 2, 2, 0, 0] -> [2, 2, 2, 0, 0, 4] -> [2, 2, 2, 0, 0, 4, 1] -> [2, 2, 2, 0, 0, 4, 1, 0] -> [2, 2, 2, 0, 0, 4, 1, 0, 1] -> [2, 2, 2, 0, 0, 4, 1, 0, 1, 3]
AsyncStartBFS: 48.42 ms, [] -> [2] -> [2, 2] -> [2, 2, 2] -> [2, 2, 2, 0] -> [2, 2, 2, 0, 0] -> [2, 2, 2, 0, 0, 4] -> [2, 2, 2, 0, 0, 4, 1] -> [2, 2, 2, 0, 0, 4, 1, 0] -> [2, 2, 2, 0, 0, 4, 1, 0, 1] -> [2, 2, 2, 0, 0, 4, 1, 0, 1, 3]

problem_42.yaml
SyncBFS: 377.52 ms, [] -> [0] -> [0, 0] -> [0, 0, 1] -> [0, 0, 1, 3] -> [0, 0, 1, 3, 0] -> [0, 0, 1, 3, 0, 4] -> [0, 0, 1, 3, 0, 4, 1] -> [0, 0, 1, 3, 0, 4, 1, 3] -> [0, 0, 1, 3, 0, 4, 1, 3, 2] -> [0, 0, 1, 3, 0, 4, 1, 3, 2, 1]
MultithreadBFS: 112.49 ms, [] -> [0] -> [0, 0] -> [0, 0, 1] -> [0, 0, 1, 3] -> [0, 0, 1, 3, 0] -> [0, 0, 1, 3, 0, 4] -> [0, 0, 1, 3, 0, 4, 1] -> [0, 0, 1, 3, 0, 4, 1, 3] -> [0, 0, 1, 3, 0, 4, 1, 3, 2] -> [0, 0, 1, 3, 0, 4, 1, 3, 2, 1]
TasksBFS: 51.59 ms, [] -> [0] -> [0, 0] -> [0, 0, 1] -> [0, 0, 1, 3] -> [0, 0, 1, 3, 0] -> [0, 0, 1, 3, 0, 4] -> [0, 0, 1, 3, 0, 4, 1] -> [0, 0, 1, 3, 0, 4, 1, 3] -> [0, 0, 1, 3, 0, 4, 1, 3, 2] -> [0, 0, 1, 3, 0, 4, 1, 3, 2, 1]
AsyncStartBFS: 40.94 ms, [] -> [0] -> [0, 0] -> [0, 0, 1] -> [0, 0, 1, 3] -> [0, 0, 1, 3, 0] -> [0, 0, 1, 3, 0, 4] -> [0, 0, 1, 3, 0, 4, 1] -> [0, 0, 1, 3, 0, 4, 1, 3] -> [0, 0, 1, 3, 0, 4, 1, 3, 2] -> [0, 0, 1, 3, 0, 4, 1, 3, 2, 1]

problem_02.yaml
SyncBFS: 478.88 ms, No solution found!
MultithreadBFS: 258.6 ms, No solution found!
TasksBFS: 50.3 ms, No solution found!
AsyncStartBFS: 57.79 ms, No solution found!

problem_29.yaml
MultithreadBFS: 248.9 ms, [] -> [2] -> [2, 4] -> [2, 4, 3] -> [2, 4, 3, 0] -> [2, 4, 3, 0, 4] -> [2, 4, 3, 0, 4, 4] -> [2, 4, 3, 0, 4, 4, 1] -> [2, 4, 3, 0, 4, 4, 1, 2] -> [2, 4, 3, 0, 4, 4, 1, 2, 2] -> [2, 4, 3, 0, 4, 4, 1, 2, 2, 4]
AsyncStartBFS: 50.73 ms, [] -> [2] -> [2, 4] -> [2, 4, 3] -> [2, 4, 3, 0] -> [2, 4, 3, 0, 4] -> [2, 4, 3, 0, 4, 4] -> [2, 4, 3, 0, 4, 4, 1] -> [2, 4, 3, 0, 4, 4, 1, 2] -> [2, 4, 3, 0, 4, 4, 1, 2, 2] -> [2, 4, 3, 0, 4, 4, 1, 2, 2, 4]
SyncBFS: 759.26 ms, [] -> [2] -> [2, 4] -> [2, 4, 3] -> [2, 4, 3, 0] -> [2, 4, 3, 0, 4] -> [2, 4, 3, 0, 4, 4] -> [2, 4, 3, 0, 4, 4, 1] -> [2, 4, 3, 0, 4, 4, 1, 2] -> [2, 4, 3, 0, 4, 4, 1, 2, 2] -> [2, 4, 3, 0, 4, 4, 1, 2, 2, 4]
TasksBFS: 107.88 ms, [] -> [2] -> [2, 4] -> [2, 4, 3] -> [2, 4, 3, 0] -> [2, 4, 3, 0, 4] -> [2, 4, 3, 0, 4, 4] -> [2, 4, 3, 0, 4, 4, 1] -> [2, 4, 3, 0, 4, 4, 1, 2] -> [2, 4, 3, 0, 4, 4, 1, 2, 2] -> [2, 4, 3, 0, 4, 4, 1, 2, 2, 4]

problem_00.yaml
TasksBFS: 66.21 ms, [] -> [1] -> [1, 3] -> [1, 3, 2] -> [1, 3, 2, 3] -> [1, 3, 2, 3, 0] -> [1, 3, 2, 3, 0, 2] -> [1, 3, 2, 3, 0, 2, 2] -> [1, 3, 2, 3, 0, 2, 2, 4] -> [1, 3, 2, 3, 0, 2, 2, 4, 3] -> [1, 3, 2, 3, 0, 2, 2, 4, 3, 1]
AsyncStartBFS: 67.62 ms, [] -> [1] -> [1, 3] -> [1, 3, 2] -> [1, 3, 2, 3] -> [1, 3, 2, 3, 0] -> [1, 3, 2, 3, 0, 2] -> [1, 3, 2, 3, 0, 2, 2] -> [1, 3, 2, 3, 0, 2, 2, 4] -> [1, 3, 2, 3, 0, 2, 2, 4, 3] -> [1, 3, 2, 3, 0, 2, 2, 4, 3, 1]
SyncBFS: 468.48 ms, [] -> [1] -> [1, 3] -> [1, 3, 2] -> [1, 3, 2, 3] -> [1, 3, 2, 3, 0] -> [1, 3, 2, 3, 0, 2] -> [1, 3, 2, 3, 0, 2, 2] -> [1, 3, 2, 3, 0, 2, 2, 4] -> [1, 3, 2, 3, 0, 2, 2, 4, 3] -> [1, 3, 2, 3, 0, 2, 2, 4, 3, 1]
MultithreadBFS: 336.28 ms, [] -> [1] -> [1, 3] -> [1, 3, 2] -> [1, 3, 2, 3] -> [1, 3, 2, 3, 0] -> [1, 3, 2, 3, 0, 2] -> [1, 3, 2, 3, 0, 2, 2] -> [1, 3, 2, 3, 0, 2, 2, 4] -> [1, 3, 2, 3, 0, 2, 2, 4, 3] -> [1, 3, 2, 3, 0, 2, 2, 4, 3, 1]

problem_13.yaml
SyncBFS: 903.53 ms, No solution found!
MultithreadBFS: 623 ms, No solution found!
TasksBFS: 134.77 ms, No solution found!
AsyncStartBFS: 115.65 ms, No solution found!

problem_16.yaml
TasksBFS: 67.94 ms, [] -> [2] -> [2, 3] -> [2, 3, 0] -> [2, 3, 0, 0] -> [2, 3, 0, 0, 4] -> [2, 3, 0, 0, 4, 1] -> [2, 3, 0, 0, 4, 1, 0] -> [2, 3, 0, 0, 4, 1, 0, 0] -> [2, 3, 0, 0, 4, 1, 0, 0, 1] -> [2, 3, 0, 0, 4, 1, 0, 0, 1, 0]
AsyncStartBFS: 52.78 ms, [] -> [2] -> [2, 0] -> [2, 0, 3] -> [2, 0, 3, 3] -> [2, 0, 3, 3, 0] -> [2, 0, 3, 3, 0, 1] -> [2, 0, 3, 3, 0, 1, 0] -> [2, 0, 3, 3, 0, 1, 0, 1] -> [2, 0, 3, 3, 0, 1, 0, 1, 4] -> [2, 0, 3, 3, 0, 1, 0, 1, 4, 1]
MultithreadBFS: 70.4 ms, [] -> [2] -> [2, 0] -> [2, 0, 3] -> [2, 0, 3, 3] -> [2, 0, 3, 3, 0] -> [2, 0, 3, 3, 0, 1] -> [2, 0, 3, 3, 0, 1, 0] -> [2, 0, 3, 3, 0, 1, 0, 1] -> [2, 0, 3, 3, 0, 1, 0, 1, 4] -> [2, 0, 3, 3, 0, 1, 0, 1, 4, 1]
SyncBFS: 488.04 ms, [] -> [2] -> [2, 0] -> [2, 0, 3] -> [2, 0, 3, 3] -> [2, 0, 3, 3, 0] -> [2, 0, 3, 3, 0, 1] -> [2, 0, 3, 3, 0, 1, 0] -> [2, 0, 3, 3, 0, 1, 0, 1] -> [2, 0, 3, 3, 0, 1, 0, 1, 4] -> [2, 0, 3, 3, 0, 1, 0, 1, 4, 1]

problem_20.yaml
AsyncStartBFS: 65.06 ms, [] -> [3] -> [3, 4] -> [3, 4, 3] -> [3, 4, 3, 1] -> [3, 4, 3, 1, 4] -> [3, 4, 3, 1, 4, 2] -> [3, 4, 3, 1, 4, 2, 2] -> [3, 4, 3, 1, 4, 2, 2, 0] -> [3, 4, 3, 1, 4, 2, 2, 0, 0] -> [3, 4, 3, 1, 4, 2, 2, 0, 0, 0]
SyncBFS: 844.51 ms, [] -> [3] -> [3, 1] -> [3, 1, 2] -> [3, 1, 2, 4] -> [3, 1, 2, 4, 0] -> [3, 1, 2, 4, 0, 3] -> [3, 1, 2, 4, 0, 3, 0] -> [3, 1, 2, 4, 0, 3, 0, 1] -> [3, 1, 2, 4, 0, 3, 0, 1, 3] -> [3, 1, 2, 4, 0, 3, 0, 1, 3, 0]
TasksBFS: 100.88 ms, [] -> [3] -> [3, 1] -> [3, 1, 2] -> [3, 1, 2, 4] -> [3, 1, 2, 4, 0] -> [3, 1, 2, 4, 0, 3] -> [3, 1, 2, 4, 0, 3, 0] -> [3, 1, 2, 4, 0, 3, 0, 1] -> [3, 1, 2, 4, 0, 3, 0, 1, 3] -> [3, 1, 2, 4, 0, 3, 0, 1, 3, 0]
MultithreadBFS: 505.16 ms, [] -> [3] -> [3, 1] -> [3, 1, 2] -> [3, 1, 2, 4] -> [3, 1, 2, 4, 0] -> [3, 1, 2, 4, 0, 3] -> [3, 1, 2, 4, 0, 3, 0] -> [3, 1, 2, 4, 0, 3, 0, 1] -> [3, 1, 2, 4, 0, 3, 0, 1, 3] -> [3, 1, 2, 4, 0, 3, 0, 1, 3, 0]

problem_18.yaml
AsyncStartBFS: 82.04 ms, No solution found!
TasksBFS: 85.98 ms, No solution found!
SyncBFS: 840.64 ms, No solution found!
MultithreadBFS: 581.48 ms, No solution found!

problem_05.yaml
SyncBFS: 792.97 ms, No solution found!
TasksBFS: 73.3 ms, No solution found!
AsyncStartBFS: 84.51 ms, No solution found!
MultithreadBFS: 542.38 ms, No solution found!

problem_15.yaml
MultithreadBFS: 258.97 ms, No solution found!
SyncBFS: 499.25 ms, No solution found!
AsyncStartBFS: 46.18 ms, No solution found!
TasksBFS: 60.07 ms, No solution found!

problem_17.yaml
SyncBFS: 472.44 ms, [] -> [0] -> [0, 4] -> [0, 4, 2] -> [0, 4, 2, 0] -> [0, 4, 2, 0, 4] -> [0, 4, 2, 0, 4, 2] -> [0, 4, 2, 0, 4, 2, 2] -> [0, 4, 2, 0, 4, 2, 2, 3] -> [0, 4, 2, 0, 4, 2, 2, 3, 4] -> [0, 4, 2, 0, 4, 2, 2, 3, 4, 0]
MultithreadBFS: 27.16 ms, [] -> [0] -> [0, 4] -> [0, 4, 2] -> [0, 4, 2, 0] -> [0, 4, 2, 0, 4] -> [0, 4, 2, 0, 4, 2] -> [0, 4, 2, 0, 4, 2, 2] -> [0, 4, 2, 0, 4, 2, 2, 3] -> [0, 4, 2, 0, 4, 2, 2, 3, 4] -> [0, 4, 2, 0, 4, 2, 2, 3, 4, 0]
AsyncStartBFS: 56 ms, [] -> [0] -> [0, 4] -> [0, 4, 2] -> [0, 4, 2, 0] -> [0, 4, 2, 0, 4] -> [0, 4, 2, 0, 4, 2] -> [0, 4, 2, 0, 4, 2, 2] -> [0, 4, 2, 0, 4, 2, 2, 3] -> [0, 4, 2, 0, 4, 2, 2, 3, 4] -> [0, 4, 2, 0, 4, 2, 2, 3, 4, 0]
TasksBFS: 65.86 ms, [] -> [0] -> [0, 4] -> [0, 4, 2] -> [0, 4, 2, 0] -> [0, 4, 2, 0, 4] -> [0, 4, 2, 0, 4, 2] -> [0, 4, 2, 0, 4, 2, 2] -> [0, 4, 2, 0, 4, 2, 2, 3] -> [0, 4, 2, 0, 4, 2, 2, 3, 4] -> [0, 4, 2, 0, 4, 2, 2, 3, 4, 0]

problem_37.yaml
MultithreadBFS: 391.18 ms, [] -> [1] -> [1, 3] -> [1, 3, 0] -> [1, 3, 0, 2] -> [1, 3, 0, 2, 3] -> [1, 3, 0, 2, 3, 0] -> [1, 3, 0, 2, 3, 0, 3] -> [1, 3, 0, 2, 3, 0, 3, 1] -> [1, 3, 0, 2, 3, 0, 3, 1, 0] -> [1, 3, 0, 2, 3, 0, 3, 1, 0, 2]
AsyncStartBFS: 50.93 ms, [] -> [1] -> [1, 3] -> [1, 3, 0] -> [1, 3, 0, 2] -> [1, 3, 0, 2, 3] -> [1, 3, 0, 2, 3, 0] -> [1, 3, 0, 2, 3, 0, 3] -> [1, 3, 0, 2, 3, 0, 3, 1] -> [1, 3, 0, 2, 3, 0, 3, 1, 0] -> [1, 3, 0, 2, 3, 0, 3, 1, 0, 2]
TasksBFS: 73.58 ms, [] -> [1] -> [1, 3] -> [1, 3, 0] -> [1, 3, 0, 2] -> [1, 3, 0, 2, 3] -> [1, 3, 0, 2, 3, 0] -> [1, 3, 0, 2, 3, 0, 3] -> [1, 3, 0, 2, 3, 0, 3, 1] -> [1, 3, 0, 2, 3, 0, 3, 1, 0] -> [1, 3, 0, 2, 3, 0, 3, 1, 0, 2]
SyncBFS: 579.7 ms, [] -> [1] -> [1, 3] -> [1, 3, 0] -> [1, 3, 0, 2] -> [1, 3, 0, 2, 3] -> [1, 3, 0, 2, 3, 0] -> [1, 3, 0, 2, 3, 0, 3] -> [1, 3, 0, 2, 3, 0, 3, 1] -> [1, 3, 0, 2, 3, 0, 3, 1, 0] -> [1, 3, 0, 2, 3, 0, 3, 1, 0, 2]

problem_22.yaml
TasksBFS: 52.02 ms, [] -> [3] -> [3, 0] -> [3, 0, 1] -> [3, 0, 1, 0] -> [3, 0, 1, 0, 1] -> [3, 0, 1, 0, 1, 1] -> [3, 0, 1, 0, 1, 1, 1] -> [3, 0, 1, 0, 1, 1, 1, 3] -> [3, 0, 1, 0, 1, 1, 1, 3, 4] -> [3, 0, 1, 0, 1, 1, 1, 3, 4, 2]
MultithreadBFS: 93.9 ms, [] -> [3] -> [3, 0] -> [3, 0, 1] -> [3, 0, 1, 0] -> [3, 0, 1, 0, 1] -> [3, 0, 1, 0, 1, 1] -> [3, 0, 1, 0, 1, 1, 1] -> [3, 0, 1, 0, 1, 1, 1, 3] -> [3, 0, 1, 0, 1, 1, 1, 3, 4] -> [3, 0, 1, 0, 1, 1, 1, 3, 4, 2]
SyncBFS: 494.65 ms, [] -> [3] -> [3, 0] -> [3, 0, 1] -> [3, 0, 1, 0] -> [3, 0, 1, 0, 1] -> [3, 0, 1, 0, 1, 1] -> [3, 0, 1, 0, 1, 1, 1] -> [3, 0, 1, 0, 1, 1, 1, 3] -> [3, 0, 1, 0, 1, 1, 1, 3, 4] -> [3, 0, 1, 0, 1, 1, 1, 3, 4, 2]
AsyncStartBFS: 27.74 ms, [] -> [3] -> [3, 0] -> [3, 0, 1] -> [3, 0, 1, 0] -> [3, 0, 1, 0, 1] -> [3, 0, 1, 0, 1, 1] -> [3, 0, 1, 0, 1, 1, 1] -> [3, 0, 1, 0, 1, 1, 1, 3] -> [3, 0, 1, 0, 1, 1, 1, 3, 4] -> [3, 0, 1, 0, 1, 1, 1, 3, 4, 2]

problem_23.yaml
MultithreadBFS: 378.91 ms, No solution found!
TasksBFS: 71.27 ms, No solution found!
SyncBFS: 618.67 ms, No solution found!
AsyncStartBFS: 63.19 ms, No solution found!

problem_25.yaml
AsyncStartBFS: 30.61 ms, [] -> [0] -> [0, 3] -> [0, 3, 1] -> [0, 3, 1, 0] -> [0, 3, 1, 0, 2] -> [0, 3, 1, 0, 2, 3] -> [0, 3, 1, 0, 2, 3, 1] -> [0, 3, 1, 0, 2, 3, 1, 4] -> [0, 3, 1, 0, 2, 3, 1, 4, 4] -> [0, 3, 1, 0, 2, 3, 1, 4, 4, 1]
SyncBFS: 376.67 ms, [] -> [0] -> [0, 3] -> [0, 3, 1] -> [0, 3, 1, 0] -> [0, 3, 1, 0, 2] -> [0, 3, 1, 0, 2, 3] -> [0, 3, 1, 0, 2, 3, 1] -> [0, 3, 1, 0, 2, 3, 1, 4] -> [0, 3, 1, 0, 2, 3, 1, 4, 4] -> [0, 3, 1, 0, 2, 3, 1, 4, 4, 1]
TasksBFS: 53.04 ms, [] -> [0] -> [0, 3] -> [0, 3, 1] -> [0, 3, 1, 0] -> [0, 3, 1, 0, 2] -> [0, 3, 1, 0, 2, 3] -> [0, 3, 1, 0, 2, 3, 1] -> [0, 3, 1, 0, 2, 3, 1, 4] -> [0, 3, 1, 0, 2, 3, 1, 4, 4] -> [0, 3, 1, 0, 2, 3, 1, 4, 4, 1]
MultithreadBFS: 29.92 ms, [] -> [0] -> [0, 3] -> [0, 3, 1] -> [0, 3, 1, 0] -> [0, 3, 1, 0, 2] -> [0, 3, 1, 0, 2, 3] -> [0, 3, 1, 0, 2, 3, 1] -> [0, 3, 1, 0, 2, 3, 1, 4] -> [0, 3, 1, 0, 2, 3, 1, 4, 4] -> [0, 3, 1, 0, 2, 3, 1, 4, 4, 1]

problem_27.yaml
MultithreadBFS: 588.15 ms, [] -> [4] -> [4, 1] -> [4, 1, 0] -> [4, 1, 0, 1] -> [4, 1, 0, 1, 3] -> [4, 1, 0, 1, 3, 0] -> [4, 1, 0, 1, 3, 0, 3] -> [4, 1, 0, 1, 3, 0, 3, 0] -> [4, 1, 0, 1, 3, 0, 3, 0, 3] -> [4, 1, 0, 1, 3, 0, 3, 0, 3, 1]
SyncBFS: 823.72 ms, [] -> [4] -> [4, 1] -> [4, 1, 0] -> [4, 1, 0, 1] -> [4, 1, 0, 1, 3] -> [4, 1, 0, 1, 3, 0] -> [4, 1, 0, 1, 3, 0, 3] -> [4, 1, 0, 1, 3, 0, 3, 0] -> [4, 1, 0, 1, 3, 0, 3, 0, 3] -> [4, 1, 0, 1, 3, 0, 3, 0, 3, 1]
AsyncStartBFS: 68.15 ms, [] -> [4] -> [4, 1] -> [4, 1, 0] -> [4, 1, 0, 1] -> [4, 1, 0, 1, 3] -> [4, 1, 0, 1, 3, 0] -> [4, 1, 0, 1, 3, 0, 3] -> [4, 1, 0, 1, 3, 0, 3, 0] -> [4, 1, 0, 1, 3, 0, 3, 0, 3] -> [4, 1, 0, 1, 3, 0, 3, 0, 3, 1]
TasksBFS: 72.93 ms, [] -> [4] -> [4, 1] -> [4, 1, 0] -> [4, 1, 0, 1] -> [4, 1, 0, 1, 3] -> [4, 1, 0, 1, 3, 0] -> [4, 1, 0, 1, 3, 0, 3] -> [4, 1, 0, 1, 3, 0, 3, 0] -> [4, 1, 0, 1, 3, 0, 3, 0, 3] -> [4, 1, 0, 1, 3, 0, 3, 0, 3, 1]

problem_26.yaml
MultithreadBFS: 157.54 ms, [] -> [0] -> [0, 2] -> [0, 2, 0] -> [0, 2, 0, 0] -> [0, 2, 0, 0, 2] -> [0, 2, 0, 0, 2, 4] -> [0, 2, 0, 0, 2, 4, 0] -> [0, 2, 0, 0, 2, 4, 0, 1] -> [0, 2, 0, 0, 2, 4, 0, 1, 1] -> [0, 2, 0, 0, 2, 4, 0, 1, 1, 1]
AsyncStartBFS: 28.12 ms, [] -> [0] -> [0, 2] -> [0, 2, 0] -> [0, 2, 0, 0] -> [0, 2, 0, 0, 2] -> [0, 2, 0, 0, 2, 4] -> [0, 2, 0, 0, 2, 4, 0] -> [0, 2, 0, 0, 2, 4, 0, 1] -> [0, 2, 0, 0, 2, 4, 0, 1, 1] -> [0, 2, 0, 0, 2, 4, 0, 1, 1, 1]
TasksBFS: 32.24 ms, [] -> [0] -> [0, 2] -> [0, 2, 0] -> [0, 2, 0, 0] -> [0, 2, 0, 0, 2] -> [0, 2, 0, 0, 2, 4] -> [0, 2, 0, 0, 2, 4, 0] -> [0, 2, 0, 0, 2, 4, 0, 1] -> [0, 2, 0, 0, 2, 4, 0, 1, 1] -> [0, 2, 0, 0, 2, 4, 0, 1, 1, 1]
SyncBFS: 212.17 ms, [] -> [0] -> [0, 2] -> [0, 2, 0] -> [0, 2, 0, 0] -> [0, 2, 0, 0, 2] -> [0, 2, 0, 0, 2, 4] -> [0, 2, 0, 0, 2, 4, 0] -> [0, 2, 0, 0, 2, 4, 0, 1] -> [0, 2, 0, 0, 2, 4, 0, 1, 1] -> [0, 2, 0, 0, 2, 4, 0, 1, 1, 1]

problem_14.yaml
SyncBFS: 306.85 ms, [] -> [2] -> [2, 4] -> [2, 4, 2] -> [2, 4, 2, 0] -> [2, 4, 2, 0, 2] -> [2, 4, 2, 0, 2, 3] -> [2, 4, 2, 0, 2, 3, 0] -> [2, 4, 2, 0, 2, 3, 0, 1] -> [2, 4, 2, 0, 2, 3, 0, 1, 3] -> [2, 4, 2, 0, 2, 3, 0, 1, 3, 2]
AsyncStartBFS: 18.77 ms, [] -> [2] -> [2, 4] -> [2, 4, 2] -> [2, 4, 2, 0] -> [2, 4, 2, 0, 2] -> [2, 4, 2, 0, 2, 3] -> [2, 4, 2, 0, 2, 3, 0] -> [2, 4, 2, 0, 2, 3, 0, 1] -> [2, 4, 2, 0, 2, 3, 0, 1, 3] -> [2, 4, 2, 0, 2, 3, 0, 1, 3, 2]
MultithreadBFS: 19.44 ms, [] -> [2] -> [2, 4] -> [2, 4, 2] -> [2, 4, 2, 0] -> [2, 4, 2, 0, 2] -> [2, 4, 2, 0, 2, 3] -> [2, 4, 2, 0, 2, 3, 0] -> [2, 4, 2, 0, 2, 3, 0, 1] -> [2, 4, 2, 0, 2, 3, 0, 1, 3] -> [2, 4, 2, 0, 2, 3, 0, 1, 3, 2]
TasksBFS: 40.76 ms, [] -> [2] -> [2, 4] -> [2, 4, 2] -> [2, 4, 2, 0] -> [2, 4, 2, 0, 2] -> [2, 4, 2, 0, 2, 3] -> [2, 4, 2, 0, 2, 3, 0] -> [2, 4, 2, 0, 2, 3, 0, 1] -> [2, 4, 2, 0, 2, 3, 0, 1, 3] -> [2, 4, 2, 0, 2, 3, 0, 1, 3, 2]

problem_28.yaml
SyncBFS: 147.02 ms, [] -> [0] -> [0, 1] -> [0, 1, 3] -> [0, 1, 3, 4] -> [0, 1, 3, 4, 2] -> [0, 1, 3, 4, 2, 4] -> [0, 1, 3, 4, 2, 4, 4] -> [0, 1, 3, 4, 2, 4, 4, 1] -> [0, 1, 3, 4, 2, 4, 4, 1, 3] -> [0, 1, 3, 4, 2, 4, 4, 1, 3, 2]
AsyncStartBFS: 31.9 ms, [] -> [0] -> [0, 1] -> [0, 1, 3] -> [0, 1, 3, 4] -> [0, 1, 3, 4, 2] -> [0, 1, 3, 4, 2, 4] -> [0, 1, 3, 4, 2, 4, 4] -> [0, 1, 3, 4, 2, 4, 4, 1] -> [0, 1, 3, 4, 2, 4, 4, 1, 3] -> [0, 1, 3, 4, 2, 4, 4, 1, 3, 2]
MultithreadBFS: 85.66 ms, [] -> [0] -> [0, 1] -> [0, 1, 3] -> [0, 1, 3, 4] -> [0, 1, 3, 4, 2] -> [0, 1, 3, 4, 2, 4] -> [0, 1, 3, 4, 2, 4, 4] -> [0, 1, 3, 4, 2, 4, 4, 1] -> [0, 1, 3, 4, 2, 4, 4, 1, 3] -> [0, 1, 3, 4, 2, 4, 4, 1, 3, 2]
TasksBFS: 22.74 ms, [] -> [0] -> [0, 1] -> [0, 1, 3] -> [0, 1, 3, 4] -> [0, 1, 3, 4, 2] -> [0, 1, 3, 4, 2, 4] -> [0, 1, 3, 4, 2, 4, 4] -> [0, 1, 3, 4, 2, 4, 4, 1] -> [0, 1, 3, 4, 2, 4, 4, 1, 3] -> [0, 1, 3, 4, 2, 4, 4, 1, 3, 2]


[INFO] Results summary:
MultithreadBFS
	Average: 248.674 ms
	Median: 231.775 ms
	Standard Deviation: 201.493 ms
SyncBFS
	Average: 525.908 ms
	Median: 491.345 ms
	Standard Deviation: 201.716 ms
AsyncStartBFS
	Average: 54.8124 ms
	Median: 54.1 ms
	Standard Deviation: 21.9566 ms
TasksBFS
	Average: 66.0216 ms
	Median: 64.995 ms
	Standard Deviation: 23.1777 ms
