problem_49.yaml
AsyncStartBFS: 10.06 ms, [] -> [2] -> [2, 4] -> [2, 4, 2] -> [2, 4, 2, 0] -> [2, 4, 2, 0, 0] -> [2, 4, 2, 0, 0, 4] -> [2, 4, 2, 0, 0, 4, 3] -> [2, 4, 2, 0, 0, 4, 3, 4] -> [2, 4, 2, 0, 0, 4, 3, 4, 4] -> [2, 4, 2, 0, 0, 4, 3, 4, 4, 0]
TasksBFS: 52.77 ms, [] -> [0] -> [0, 0] -> [0, 0, 2] -> [0, 0, 2, 0] -> [0, 0, 2, 0, 0] -> [0, 0, 2, 0, 0, 0] -> [0, 0, 2, 0, 0, 0, 0] -> [0, 0, 2, 0, 0, 0, 0, 4] -> [0, 0, 2, 0, 0, 0, 0, 4, 1] -> [0, 0, 2, 0, 0, 0, 0, 4, 1, 4]
MultithreadBFS: 26.9 ms, [] -> [0] -> [0, 1] -> [0, 1, 0] -> [0, 1, 0, 0] -> [0, 1, 0, 0, 0] -> [0, 1, 0, 0, 0, 2] -> [0, 1, 0, 0, 0, 2, 2] -> [0, 1, 0, 0, 0, 2, 2, 2] -> [0, 1, 0, 0, 0, 2, 2, 2, 2] -> [0, 1, 0, 0, 0, 2, 2, 2, 2, 4]
SyncBFS: 432.31 ms, [] -> [0] -> [0, 0] -> [0, 0, 0] -> [0, 0, 0, 0] -> [0, 0, 0, 0, 0] -> [0, 0, 0, 0, 0, 2] -> [0, 0, 0, 0, 0, 2, 1] -> [0, 0, 0, 0, 0, 2, 1, 0] -> [0, 0, 0, 0, 0, 2, 1, 0, 0] -> [0, 0, 0, 0, 0, 2, 1, 0, 0, 2]

problem_48.yaml
SyncBFS: 221.32 ms, [] -> [1] -> [1, 0] -> [1, 0, 0] -> [1, 0, 0, 0] -> [1, 0, 0, 0, 3] -> [1, 0, 0, 0, 3, 1] -> [1, 0, 0, 0, 3, 1, 3] -> [1, 0, 0, 0, 3, 1, 3, 4] -> [1, 0, 0, 0, 3, 1, 3, 4, 1] -> [1, 0, 0, 0, 3, 1, 3, 4, 1, 4]
AsyncStartBFS: 7.79 ms, [] -> [1] -> [1, 0] -> [1, 0, 2] -> [1, 0, 2, 1] -> [1, 0, 2, 1, 0] -> [1, 0, 2, 1, 0, 3] -> [1, 0, 2, 1, 0, 3, 4] -> [1, 0, 2, 1, 0, 3, 4, 4] -> [1, 0, 2, 1, 0, 3, 4, 4, 0] -> [1, 0, 2, 1, 0, 3, 4, 4, 0, 2]
MultithreadBFS: 12.42 ms, [] -> [1] -> [1, 0] -> [1, 0, 2] -> [1, 0, 2, 3] -> [1, 0, 2, 3, 3] -> [1, 0, 2, 3, 3, 0] -> [1, 0, 2, 3, 3, 0, 2] -> [1, 0, 2, 3, 3, 0, 2, 2] -> [1, 0, 2, 3, 3, 0, 2, 2, 2] -> [1, 0, 2, 3, 3, 0, 2, 2, 2, 3]
TasksBFS: 27.1 ms, [] -> [1] -> [1, 0] -> [1, 0, 1] -> [1, 0, 1, 2] -> [1, 0, 1, 2, 0] -> [1, 0, 1, 2, 0, 1] -> [1, 0, 1, 2, 0, 1, 1] -> [1, 0, 1, 2, 0, 1, 1, 0] -> [1, 0, 1, 2, 0, 1, 1, 0, 4] -> [1, 0, 1, 2, 0, 1, 1, 0, 4, 4]

problem_45.yaml
TasksBFS: 37.11 ms, [] -> [0] -> [0, 0] -> [0, 0, 4] -> [0, 0, 4, 1] -> [0, 0, 4, 1, 3] -> [0, 0, 4, 1, 3, 0] -> [0, 0, 4, 1, 3, 0, 1] -> [0, 0, 4, 1, 3, 0, 1, 1] -> [0, 0, 4, 1, 3, 0, 1, 1, 1] -> [0, 0, 4, 1, 3, 0, 1, 1, 1, 4]
MultithreadBFS: 20.05 ms, [] -> [2] -> [2, 3] -> [2, 3, 0] -> [2, 3, 0, 0] -> [2, 3, 0, 0, 1] -> [2, 3, 0, 0, 1, 1] -> [2, 3, 0, 0, 1, 1, 1] -> [2, 3, 0, 0, 1, 1, 1, 1] -> [2, 3, 0, 0, 1, 1, 1, 1, 0] -> [2, 3, 0, 0, 1, 1, 1, 1, 0, 3]
AsyncStartBFS: 5.05 ms, [] -> [0] -> [0, 1] -> [0, 1, 0] -> [0, 1, 0, 1] -> [0, 1, 0, 1, 2] -> [0, 1, 0, 1, 2, 2] -> [0, 1, 0, 1, 2, 2, 0] -> [0, 1, 0, 1, 2, 2, 0, 1] -> [0, 1, 0, 1, 2, 2, 0, 1, 2] -> [0, 1, 0, 1, 2, 2, 0, 1, 2, 2]
SyncBFS: 249.72 ms, [] -> [0] -> [0, 0] -> [0, 0, 0] -> [0, 0, 0, 0] -> [0, 0, 0, 0, 4] -> [0, 0, 0, 0, 4, 0] -> [0, 0, 0, 0, 4, 0, 1] -> [0, 0, 0, 0, 4, 0, 1, 4] -> [0, 0, 0, 0, 4, 0, 1, 4, 2] -> [0, 0, 0, 0, 4, 0, 1, 4, 2, 2]

problem_43.yaml
SyncBFS: 401.1 ms, [] -> [0] -> [0, 0] -> [0, 0, 0] -> [0, 0, 0, 1] -> [0, 0, 0, 1, 1] -> [0, 0, 0, 1, 1, 1] -> [0, 0, 0, 1, 1, 1, 2] -> [0, 0, 0, 1, 1, 1, 2, 0] -> [0, 0, 0, 1, 1, 1, 2, 0, 1] -> [0, 0, 0, 1, 1, 1, 2, 0, 1, 1]
AsyncStartBFS: 8.92 ms, [] -> [2] -> [2, 1] -> [2, 1, 3] -> [2, 1, 3, 2] -> [2, 1, 3, 2, 1] -> [2, 1, 3, 2, 1, 0] -> [2, 1, 3, 2, 1, 0, 0] -> [2, 1, 3, 2, 1, 0, 0, 2] -> [2, 1, 3, 2, 1, 0, 0, 2, 4] -> [2, 1, 3, 2, 1, 0, 0, 2, 4, 4]
TasksBFS: 50.11 ms, [] -> [0] -> [0, 0] -> [0, 0, 2] -> [0, 0, 2, 0] -> [0, 0, 2, 0, 0] -> [0, 0, 2, 0, 0, 1] -> [0, 0, 2, 0, 0, 1, 1] -> [0, 0, 2, 0, 0, 1, 1, 0] -> [0, 0, 2, 0, 0, 1, 1, 0, 2] -> [0, 0, 2, 0, 0, 1, 1, 0, 2, 1]
MultithreadBFS: 22.58 ms, [] -> [1] -> [1, 0] -> [1, 0, 1] -> [1, 0, 1, 0] -> [1, 0, 1, 0, 0] -> [1, 0, 1, 0, 0, 4] -> [1, 0, 1, 0, 0, 4, 1] -> [1, 0, 1, 0, 0, 4, 1, 3] -> [1, 0, 1, 0, 0, 4, 1, 3, 3] -> [1, 0, 1, 0, 0, 4, 1, 3, 3, 3]

problem_41.yaml
AsyncStartBFS: 4.87 ms, [] -> [1] -> [1, 0] -> [1, 0, 3] -> [1, 0, 3, 0] -> [1, 0, 3, 0, 3] -> [1, 0, 3, 0, 3, 0] -> [1, 0, 3, 0, 3, 0, 0] -> [1, 0, 3, 0, 3, 0, 0, 2] -> [1, 0, 3, 0, 3, 0, 0, 2, 3] -> [1, 0, 3, 0, 3, 0, 0, 2, 3, 4]
TasksBFS: 59.9 ms, [] -> [0] -> [0, 1] -> [0, 1, 4] -> [0, 1, 4, 0] -> [0, 1, 4, 0, 0] -> [0, 1, 4, 0, 0, 3] -> [0, 1, 4, 0, 0, 3, 3] -> [0, 1, 4, 0, 0, 3, 3, 3] -> [0, 1, 4, 0, 0, 3, 3, 3, 2] -> [0, 1, 4, 0, 0, 3, 3, 3, 2, 2]
SyncBFS: 438.18 ms, [] -> [0] -> [0, 0] -> [0, 0, 0] -> [0, 0, 0, 0] -> [0, 0, 0, 0, 2] -> [0, 0, 0, 0, 2, 2] -> [0, 0, 0, 0, 2, 2, 1] -> [0, 0, 0, 0, 2, 2, 1, 2] -> [0, 0, 0, 0, 2, 2, 1, 2, 1] -> [0, 0, 0, 0, 2, 2, 1, 2, 1, 4]
MultithreadBFS: 25.61 ms, [] -> [0] -> [0, 0] -> [0, 0, 3] -> [0, 0, 3, 0] -> [0, 0, 3, 0, 0] -> [0, 0, 3, 0, 0, 4] -> [0, 0, 3, 0, 0, 4, 0] -> [0, 0, 3, 0, 0, 4, 0, 1] -> [0, 0, 3, 0, 0, 4, 0, 1, 0] -> [0, 0, 3, 0, 0, 4, 0, 1, 0, 3]

problem_39.yaml
TasksBFS: 13.86 ms, [] -> [1] -> [1, 0] -> [1, 0, 0] -> [1, 0, 0, 2] -> [1, 0, 0, 2, 0] -> [1, 0, 0, 2, 0, 0] -> [1, 0, 0, 2, 0, 0, 0] -> [1, 0, 0, 2, 0, 0, 0, 3] -> [1, 0, 0, 2, 0, 0, 0, 3, 1] -> [1, 0, 0, 2, 0, 0, 0, 3, 1, 2]
MultithreadBFS: 4.61 ms, [] -> [1] -> [1, 0] -> [1, 0, 1] -> [1, 0, 1, 1] -> [1, 0, 1, 1, 2] -> [1, 0, 1, 1, 2, 0] -> [1, 0, 1, 1, 2, 0, 3] -> [1, 0, 1, 1, 2, 0, 3, 2] -> [1, 0, 1, 1, 2, 0, 3, 2, 2] -> [1, 0, 1, 1, 2, 0, 3, 2, 2, 1]
AsyncStartBFS: 3.25 ms, [] -> [1] -> [1, 0] -> [1, 0, 0] -> [1, 0, 0, 1] -> [1, 0, 0, 1, 0] -> [1, 0, 0, 1, 0, 1] -> [1, 0, 0, 1, 0, 1, 4] -> [1, 0, 0, 1, 0, 1, 4, 1] -> [1, 0, 0, 1, 0, 1, 4, 1, 2] -> [1, 0, 0, 1, 0, 1, 4, 1, 2, 0]
SyncBFS: 144.35 ms, [] -> [1] -> [1, 0] -> [1, 0, 0] -> [1, 0, 0, 0] -> [1, 0, 0, 0, 0] -> [1, 0, 0, 0, 0, 2] -> [1, 0, 0, 0, 0, 2, 1] -> [1, 0, 0, 0, 0, 2, 1, 1] -> [1, 0, 0, 0, 0, 2, 1, 1, 2] -> [1, 0, 0, 0, 0, 2, 1, 1, 2, 2]

problem_38.yaml
AsyncStartBFS: 7.78 ms, [] -> [1] -> [1, 1] -> [1, 1, 2] -> [1, 1, 2, 1] -> [1, 1, 2, 1, 1] -> [1, 1, 2, 1, 1, 2] -> [1, 1, 2, 1, 1, 2, 2] -> [1, 1, 2, 1, 1, 2, 2, 0] -> [1, 1, 2, 1, 1, 2, 2, 0, 3] -> [1, 1, 2, 1, 1, 2, 2, 0, 3, 2]
MultithreadBFS: 12.29 ms, [] -> [0] -> [0, 2] -> [0, 2, 3] -> [0, 2, 3, 1] -> [0, 2, 3, 1, 1] -> [0, 2, 3, 1, 1, 1] -> [0, 2, 3, 1, 1, 1, 1] -> [0, 2, 3, 1, 1, 1, 1, 1] -> [0, 2, 3, 1, 1, 1, 1, 1, 1] -> [0, 2, 3, 1, 1, 1, 1, 1, 1, 0]
SyncBFS: 488.75 ms, [] -> [0] -> [0, 0] -> [0, 0, 0] -> [0, 0, 0, 1] -> [0, 0, 0, 1, 1] -> [0, 0, 0, 1, 1, 4] -> [0, 0, 0, 1, 1, 4, 2] -> [0, 0, 0, 1, 1, 4, 2, 4] -> [0, 0, 0, 1, 1, 4, 2, 4, 2] -> [0, 0, 0, 1, 1, 4, 2, 4, 2, 4]
TasksBFS: 60.75 ms, [] -> [0] -> [0, 3] -> [0, 3, 0] -> [0, 3, 0, 0] -> [0, 3, 0, 0, 2] -> [0, 3, 0, 0, 2, 2] -> [0, 3, 0, 0, 2, 2, 4] -> [0, 3, 0, 0, 2, 2, 4, 4] -> [0, 3, 0, 0, 2, 2, 4, 4, 1] -> [0, 3, 0, 0, 2, 2, 4, 4, 1, 4]

problem_36.yaml
MultithreadBFS: 5.52 ms, [] -> [0] -> [0, 2] -> [0, 2, 0] -> [0, 2, 0, 2] -> [0, 2, 0, 2, 1] -> [0, 2, 0, 2, 1, 1] -> [0, 2, 0, 2, 1, 1, 3] -> [0, 2, 0, 2, 1, 1, 3, 1] -> [0, 2, 0, 2, 1, 1, 3, 1, 4] -> [0, 2, 0, 2, 1, 1, 3, 1, 4, 4]
TasksBFS: 27.32 ms, [] -> [0] -> [0, 0] -> [0, 0, 0] -> [0, 0, 0, 1] -> [0, 0, 0, 1, 0] -> [0, 0, 0, 1, 0, 2] -> [0, 0, 0, 1, 0, 2, 0] -> [0, 0, 0, 1, 0, 2, 0, 4] -> [0, 0, 0, 1, 0, 2, 0, 4, 1] -> [0, 0, 0, 1, 0, 2, 0, 4, 1, 4]
AsyncStartBFS: 8.24 ms, [] -> [0] -> [0, 0] -> [0, 0, 0] -> [0, 0, 0, 3] -> [0, 0, 0, 3, 1] -> [0, 0, 0, 3, 1, 1] -> [0, 0, 0, 3, 1, 1, 1] -> [0, 0, 0, 3, 1, 1, 1, 4] -> [0, 0, 0, 3, 1, 1, 1, 4, 2] -> [0, 0, 0, 3, 1, 1, 1, 4, 2, 0]
SyncBFS: 237.26 ms, [] -> [0] -> [0, 0] -> [0, 0, 0] -> [0, 0, 0, 0] -> [0, 0, 0, 0, 0] -> [0, 0, 0, 0, 0, 0] -> [0, 0, 0, 0, 0, 0, 0] -> [0, 0, 0, 0, 0, 0, 0, 4] -> [0, 0, 0, 0, 0, 0, 0, 4, 0] -> [0, 0, 0, 0, 0, 0, 0, 4, 0, 2]

problem_44.yaml
AsyncStartBFS: 7.19 ms, [] -> [0] -> [0, 1] -> [0, 1, 0] -> [0, 1, 0, 4] -> [0, 1, 0, 4, 0] -> [0, 1, 0, 4, 0, 4] -> [0, 1, 0, 4, 0, 4, 1] -> [0, 1, 0, 4, 0, 4, 1, 2] -> [0, 1, 0, 4, 0, 4, 1, 2, 0] -> [0, 1, 0, 4, 0, 4, 1, 2, 0, 0]
MultithreadBFS: 10.1 ms, [] -> [2] -> [2, 4] -> [2, 4, 2] -> [2, 4, 2, 0] -> [2, 4, 2, 0, 1] -> [2, 4, 2, 0, 1, 4] -> [2, 4, 2, 0, 1, 4, 3] -> [2, 4, 2, 0, 1, 4, 3, 1] -> [2, 4, 2, 0, 1, 4, 3, 1, 3] -> [2, 4, 2, 0, 1, 4, 3, 1, 3, 0]
TasksBFS: 37.75 ms, [] -> [0] -> [0, 1] -> [0, 1, 0] -> [0, 1, 0, 2] -> [0, 1, 0, 2, 0] -> [0, 1, 0, 2, 0, 1] -> [0, 1, 0, 2, 0, 1, 3] -> [0, 1, 0, 2, 0, 1, 3, 1] -> [0, 1, 0, 2, 0, 1, 3, 1, 3] -> [0, 1, 0, 2, 0, 1, 3, 1, 3, 3]
SyncBFS: 255.89 ms, [] -> [0] -> [0, 1] -> [0, 1, 0] -> [0, 1, 0, 0] -> [0, 1, 0, 0, 1] -> [0, 1, 0, 0, 1, 3] -> [0, 1, 0, 0, 1, 3, 3] -> [0, 1, 0, 0, 1, 3, 3, 4] -> [0, 1, 0, 0, 1, 3, 3, 4, 2] -> [0, 1, 0, 0, 1, 3, 3, 4, 2, 1]

problem_35.yaml
SyncBFS: 379.69 ms, [] -> [0] -> [0, 0] -> [0, 0, 0] -> [0, 0, 0, 1] -> [0, 0, 0, 1, 0] -> [0, 0, 0, 1, 0, 3] -> [0, 0, 0, 1, 0, 3, 1] -> [0, 0, 0, 1, 0, 3, 1, 1] -> [0, 0, 0, 1, 0, 3, 1, 1, 1] -> [0, 0, 0, 1, 0, 3, 1, 1, 1, 0]
TasksBFS: 46.98 ms, [] -> [0] -> [0, 0] -> [0, 0, 3] -> [0, 0, 3, 0] -> [0, 0, 3, 0, 0] -> [0, 0, 3, 0, 0, 3] -> [0, 0, 3, 0, 0, 3, 4] -> [0, 0, 3, 0, 0, 3, 4, 1] -> [0, 0, 3, 0, 0, 3, 4, 1, 3] -> [0, 0, 3, 0, 0, 3, 4, 1, 3, 3]
MultithreadBFS: 20.7 ms, [] -> [0] -> [0, 1] -> [0, 1, 2] -> [0, 1, 2, 0] -> [0, 1, 2, 0, 1] -> [0, 1, 2, 0, 1, 1] -> [0, 1, 2, 0, 1, 1, 4] -> [0, 1, 2, 0, 1, 1, 4, 0] -> [0, 1, 2, 0, 1, 1, 4, 0, 4] -> [0, 1, 2, 0, 1, 1, 4, 0, 4, 2]
AsyncStartBFS: 12.55 ms, [] -> [1] -> [1, 0] -> [1, 0, 2] -> [1, 0, 2, 0] -> [1, 0, 2, 0, 0] -> [1, 0, 2, 0, 0, 0] -> [1, 0, 2, 0, 0, 0, 2] -> [1, 0, 2, 0, 0, 0, 2, 3] -> [1, 0, 2, 0, 0, 0, 2, 3, 3] -> [1, 0, 2, 0, 0, 0, 2, 3, 3, 0]

problem_46.yaml
SyncBFS: 227.94 ms, [] -> [2] -> [2, 1] -> [2, 1, 0] -> [2, 1, 0, 0] -> [2, 1, 0, 0, 2] -> [2, 1, 0, 0, 2, 0] -> [2, 1, 0, 0, 2, 0, 3] -> [2, 1, 0, 0, 2, 0, 3, 0] -> [2, 1, 0, 0, 2, 0, 3, 0, 0] -> [2, 1, 0, 0, 2, 0, 3, 0, 0, 4]
MultithreadBFS: 13.2 ms, [] -> [3] -> [3, 2] -> [3, 2, 2] -> [3, 2, 2, 0] -> [3, 2, 2, 0, 0] -> [3, 2, 2, 0, 0, 2] -> [3, 2, 2, 0, 0, 2, 2] -> [3, 2, 2, 0, 0, 2, 2, 2] -> [3, 2, 2, 0, 0, 2, 2, 2, 1] -> [3, 2, 2, 0, 0, 2, 2, 2, 1, 4]
AsyncStartBFS: 5.11 ms, [] -> [2] -> [2, 3] -> [2, 3, 0] -> [2, 3, 0, 2] -> [2, 3, 0, 2, 0] -> [2, 3, 0, 2, 0, 1] -> [2, 3, 0, 2, 0, 1, 0] -> [2, 3, 0, 2, 0, 1, 0, 3] -> [2, 3, 0, 2, 0, 1, 0, 3, 4] -> [2, 3, 0, 2, 0, 1, 0, 3, 4, 0]
TasksBFS: 22.54 ms, [] -> [2] -> [2, 1] -> [2, 1, 0] -> [2, 1, 0, 4] -> [2, 1, 0, 4, 0] -> [2, 1, 0, 4, 0, 1] -> [2, 1, 0, 4, 0, 1, 2] -> [2, 1, 0, 4, 0, 1, 2, 1] -> [2, 1, 0, 4, 0, 1, 2, 1, 3] -> [2, 1, 0, 4, 0, 1, 2, 1, 3, 0]

problem_34.yaml
MultithreadBFS: 16.19 ms, [] -> [0] -> [0, 4] -> [0, 4, 1] -> [0, 4, 1, 0] -> [0, 4, 1, 0, 2] -> [0, 4, 1, 0, 2, 2] -> [0, 4, 1, 0, 2, 2, 1] -> [0, 4, 1, 0, 2, 2, 1, 4] -> [0, 4, 1, 0, 2, 2, 1, 4, 4] -> [0, 4, 1, 0, 2, 2, 1, 4, 4, 1]
SyncBFS: 384.18 ms, [] -> [0] -> [0, 0] -> [0, 0, 0] -> [0, 0, 0, 0] -> [0, 0, 0, 0, 0] -> [0, 0, 0, 0, 0, 1] -> [0, 0, 0, 0, 0, 1, 2] -> [0, 0, 0, 0, 0, 1, 2, 2] -> [0, 0, 0, 0, 0, 1, 2, 2, 4] -> [0, 0, 0, 0, 0, 1, 2, 2, 4, 1]
AsyncStartBFS: 9.56 ms, [] -> [0] -> [0, 0] -> [0, 0, 0] -> [0, 0, 0, 2] -> [0, 0, 0, 2, 2] -> [0, 0, 0, 2, 2, 0] -> [0, 0, 0, 2, 2, 0, 1] -> [0, 0, 0, 2, 2, 0, 1, 3] -> [0, 0, 0, 2, 2, 0, 1, 3, 4] -> [0, 0, 0, 2, 2, 0, 1, 3, 4, 3]
TasksBFS: 52.3 ms, [] -> [0] -> [0, 0] -> [0, 0, 2] -> [0, 0, 2, 4] -> [0, 0, 2, 4, 0] -> [0, 0, 2, 4, 0, 4] -> [0, 0, 2, 4, 0, 4, 0] -> [0, 0, 2, 4, 0, 4, 0, 0] -> [0, 0, 2, 4, 0, 4, 0, 0, 3] -> [0, 0, 2, 4, 0, 4, 0, 0, 3, 1]

problem_32.yaml
SyncBFS: 362.6 ms, [] -> [0] -> [0, 0] -> [0, 0, 0] -> [0, 0, 0, 0] -> [0, 0, 0, 0, 3] -> [0, 0, 0, 0, 3, 4] -> [0, 0, 0, 0, 3, 4, 4] -> [0, 0, 0, 0, 3, 4, 4, 4] -> [0, 0, 0, 0, 3, 4, 4, 4, 1] -> [0, 0, 0, 0, 3, 4, 4, 4, 1, 2]
TasksBFS: 49.29 ms, [] -> [0] -> [0, 0] -> [0, 0, 0] -> [0, 0, 0, 4] -> [0, 0, 0, 4, 2] -> [0, 0, 0, 4, 2, 1] -> [0, 0, 0, 4, 2, 1, 1] -> [0, 0, 0, 4, 2, 1, 1, 3] -> [0, 0, 0, 4, 2, 1, 1, 3, 3] -> [0, 0, 0, 4, 2, 1, 1, 3, 3, 2]
MultithreadBFS: 22.66 ms, [] -> [0] -> [0, 1] -> [0, 1, 2] -> [0, 1, 2, 0] -> [0, 1, 2, 0, 1] -> [0, 1, 2, 0, 1, 3] -> [0, 1, 2, 0, 1, 3, 2] -> [0, 1, 2, 0, 1, 3, 2, 1] -> [0, 1, 2, 0, 1, 3, 2, 1, 4] -> [0, 1, 2, 0, 1, 3, 2, 1, 4, 3]
AsyncStartBFS: 4.86 ms, [] -> [0] -> [0, 0] -> [0, 0, 1] -> [0, 0, 1, 3] -> [0, 0, 1, 3, 1] -> [0, 0, 1, 3, 1, 1] -> [0, 0, 1, 3, 1, 1, 1] -> [0, 0, 1, 3, 1, 1, 1, 0] -> [0, 0, 1, 3, 1, 1, 1, 0, 0] -> [0, 0, 1, 3, 1, 1, 1, 0, 0, 3]

problem_31.yaml
MultithreadBFS: 12.8 ms, [] -> [0] -> [0, 4] -> [0, 4, 3] -> [0, 4, 3, 1] -> [0, 4, 3, 1, 1] -> [0, 4, 3, 1, 1, 3] -> [0, 4, 3, 1, 1, 3, 1] -> [0, 4, 3, 1, 1, 3, 1, 3] -> [0, 4, 3, 1, 1, 3, 1, 3, 3] -> [0, 4, 3, 1, 1, 3, 1, 3, 3, 3]
AsyncStartBFS: 9.06 ms, [] -> [2] -> [2, 2] -> [2, 2, 0] -> [2, 2, 0, 0] -> [2, 2, 0, 0, 1] -> [2, 2, 0, 0, 1, 0] -> [2, 2, 0, 0, 1, 0, 2] -> [2, 2, 0, 0, 1, 0, 2, 3] -> [2, 2, 0, 0, 1, 0, 2, 3, 4] -> [2, 2, 0, 0, 1, 0, 2, 3, 4, 0]
SyncBFS: 460.79 ms, [] -> [0] -> [0, 1] -> [0, 1, 0] -> [0, 1, 0, 0] -> [0, 1, 0, 0, 0] -> [0, 1, 0, 0, 0, 0] -> [0, 1, 0, 0, 0, 0, 3] -> [0, 1, 0, 0, 0, 0, 3, 0] -> [0, 1, 0, 0, 0, 0, 3, 0, 1] -> [0, 1, 0, 0, 0, 0, 3, 0, 1, 0]
TasksBFS: 61.82 ms, [] -> [0] -> [0, 1] -> [0, 1, 2] -> [0, 1, 2, 1] -> [0, 1, 2, 1, 0] -> [0, 1, 2, 1, 0, 0] -> [0, 1, 2, 1, 0, 0, 3] -> [0, 1, 2, 1, 0, 0, 3, 4] -> [0, 1, 2, 1, 0, 0, 3, 4, 2] -> [0, 1, 2, 1, 0, 0, 3, 4, 2, 3]

problem_30.yaml
TasksBFS: 17.88 ms, [] -> [0] -> [0, 1] -> [0, 1, 4] -> [0, 1, 4, 4] -> [0, 1, 4, 4, 3] -> [0, 1, 4, 4, 3, 0] -> [0, 1, 4, 4, 3, 0, 1] -> [0, 1, 4, 4, 3, 0, 1, 2] -> [0, 1, 4, 4, 3, 0, 1, 2, 4] -> [0, 1, 4, 4, 3, 0, 1, 2, 4, 1]
SyncBFS: 114.87 ms, [] -> [0] -> [0, 1] -> [0, 1, 1] -> [0, 1, 1, 0] -> [0, 1, 1, 0, 0] -> [0, 1, 1, 0, 0, 0] -> [0, 1, 1, 0, 0, 0, 4] -> [0, 1, 1, 0, 0, 0, 4, 3] -> [0, 1, 1, 0, 0, 0, 4, 3, 2] -> [0, 1, 1, 0, 0, 0, 4, 3, 2, 3]
AsyncStartBFS: 4.38 ms, [] -> [0] -> [0, 4] -> [0, 4, 1] -> [0, 4, 1, 0] -> [0, 4, 1, 0, 0] -> [0, 4, 1, 0, 0, 3] -> [0, 4, 1, 0, 0, 3, 4] -> [0, 4, 1, 0, 0, 3, 4, 1] -> [0, 4, 1, 0, 0, 3, 4, 1, 2] -> [0, 4, 1, 0, 0, 3, 4, 1, 2, 2]
MultithreadBFS: 4.06 ms, [] -> [0] -> [0, 1] -> [0, 1, 4] -> [0, 1, 4, 4] -> [0, 1, 4, 4, 3] -> [0, 1, 4, 4, 3, 0] -> [0, 1, 4, 4, 3, 0, 1] -> [0, 1, 4, 4, 3, 0, 1, 2] -> [0, 1, 4, 4, 3, 0, 1, 2, 4] -> [0, 1, 4, 4, 3, 0, 1, 2, 4, 1]

problem_10.yaml
TasksBFS: 71.39 ms, [] -> [1] -> [1, 0] -> [1, 0, 1] -> [1, 0, 1, 1] -> [1, 0, 1, 1, 3] -> [1, 0, 1, 1, 3, 4] -> [1, 0, 1, 1, 3, 4, 1] -> [1, 0, 1, 1, 3, 4, 1, 4] -> [1, 0, 1, 1, 3, 4, 1, 4, 1] -> [1, 0, 1, 1, 3, 4, 1, 4, 1, 3]
MultithreadBFS: 23.45 ms, [] -> [0] -> [0, 4] -> [0, 4, 2] -> [0, 4, 2, 1] -> [0, 4, 2, 1, 0] -> [0, 4, 2, 1, 0, 3] -> [0, 4, 2, 1, 0, 3, 2] -> [0, 4, 2, 1, 0, 3, 2, 4] -> [0, 4, 2, 1, 0, 3, 2, 4, 3] -> [0, 4, 2, 1, 0, 3, 2, 4, 3, 4]
AsyncStartBFS: 15.64 ms, [] -> [3] -> [3, 1] -> [3, 1, 0] -> [3, 1, 0, 4] -> [3, 1, 0, 4, 1] -> [3, 1, 0, 4, 1, 3] -> [3, 1, 0, 4, 1, 3, 1] -> [3, 1, 0, 4, 1, 3, 1, 2] -> [3, 1, 0, 4, 1, 3, 1, 2, 0] -> [3, 1, 0, 4, 1, 3, 1, 2, 0, 0]
SyncBFS: 457.17 ms, [] -> [0] -> [0, 0] -> [0, 0, 0] -> [0, 0, 0, 0] -> [0, 0, 0, 0, 0] -> [0, 0, 0, 0, 0, 1] -> [0, 0, 0, 0, 0, 1, 0] -> [0, 0, 0, 0, 0, 1, 0, 1] -> [0, 0, 0, 0, 0, 1, 0, 1, 1] -> [0, 0, 0, 0, 0, 1, 0, 1, 1, 1]

problem_09.yaml
TasksBFS: 60.63 ms, [] -> [0] -> [0, 0] -> [0, 0, 1] -> [0, 0, 1, 3] -> [0, 0, 1, 3, 0] -> [0, 0, 1, 3, 0, 0] -> [0, 0, 1, 3, 0, 0, 1] -> [0, 0, 1, 3, 0, 0, 1, 1] -> [0, 0, 1, 3, 0, 0, 1, 1, 2] -> [0, 0, 1, 3, 0, 0, 1, 1, 2, 0]
MultithreadBFS: 17.95 ms, [] -> [0] -> [0, 1] -> [0, 1, 0] -> [0, 1, 0, 2] -> [0, 1, 0, 2, 3] -> [0, 1, 0, 2, 3, 0] -> [0, 1, 0, 2, 3, 0, 2] -> [0, 1, 0, 2, 3, 0, 2, 2] -> [0, 1, 0, 2, 3, 0, 2, 2, 3] -> [0, 1, 0, 2, 3, 0, 2, 2, 3, 3]
AsyncStartBFS: 12.15 ms, [] -> [0] -> [0, 4] -> [0, 4, 0] -> [0, 4, 0, 0] -> [0, 4, 0, 0, 1] -> [0, 4, 0, 0, 1, 1] -> [0, 4, 0, 0, 1, 1, 4] -> [0, 4, 0, 0, 1, 1, 4, 3] -> [0, 4, 0, 0, 1, 1, 4, 3, 1] -> [0, 4, 0, 0, 1, 1, 4, 3, 1, 3]
SyncBFS: 401.53 ms, [] -> [0] -> [0, 0] -> [0, 0, 1] -> [0, 0, 1, 0] -> [0, 0, 1, 0, 0] -> [0, 0, 1, 0, 0, 4] -> [0, 0, 1, 0, 0, 4, 0] -> [0, 0, 1, 0, 0, 4, 0, 3] -> [0, 0, 1, 0, 0, 4, 0, 3, 4] -> [0, 0, 1, 0, 0, 4, 0, 3, 4, 0]

problem_12.yaml
AsyncStartBFS: 5.45 ms, [] -> [0] -> [0, 0] -> [0, 0, 3] -> [0, 0, 3, 0] -> [0, 0, 3, 0, 4] -> [0, 0, 3, 0, 4, 1] -> [0, 0, 3, 0, 4, 1, 1] -> [0, 0, 3, 0, 4, 1, 1, 2] -> [0, 0, 3, 0, 4, 1, 1, 2, 1] -> [0, 0, 3, 0, 4, 1, 1, 2, 1, 4]
SyncBFS: 240.37 ms, [] -> [0] -> [0, 0] -> [0, 0, 0] -> [0, 0, 0, 0] -> [0, 0, 0, 0, 2] -> [0, 0, 0, 0, 2, 0] -> [0, 0, 0, 0, 2, 0, 2] -> [0, 0, 0, 0, 2, 0, 2, 3] -> [0, 0, 0, 0, 2, 0, 2, 3, 0] -> [0, 0, 0, 0, 2, 0, 2, 3, 0, 2]
TasksBFS: 28.95 ms, [] -> [0] -> [0, 0] -> [0, 0, 3] -> [0, 0, 3, 0] -> [0, 0, 3, 0, 4] -> [0, 0, 3, 0, 4, 1] -> [0, 0, 3, 0, 4, 1, 1] -> [0, 0, 3, 0, 4, 1, 1, 2] -> [0, 0, 3, 0, 4, 1, 1, 2, 1] -> [0, 0, 3, 0, 4, 1, 1, 2, 1, 4]
MultithreadBFS: 14.67 ms, [] -> [0] -> [0, 2] -> [0, 2, 4] -> [0, 2, 4, 4] -> [0, 2, 4, 4, 4] -> [0, 2, 4, 4, 4, 2] -> [0, 2, 4, 4, 4, 2, 4] -> [0, 2, 4, 4, 4, 2, 4, 3] -> [0, 2, 4, 4, 4, 2, 4, 3, 4] -> [0, 2, 4, 4, 4, 2, 4, 3, 4, 0]

problem_47.yaml
MultithreadBFS: 14.82 ms, [] -> [0] -> [0, 1] -> [0, 1, 2] -> [0, 1, 2, 2] -> [0, 1, 2, 2, 1] -> [0, 1, 2, 2, 1, 2] -> [0, 1, 2, 2, 1, 2, 0] -> [0, 1, 2, 2, 1, 2, 0, 1] -> [0, 1, 2, 2, 1, 2, 0, 1, 4] -> [0, 1, 2, 2, 1, 2, 0, 1, 4, 4]
AsyncStartBFS: 3.64 ms, [] -> [0] -> [0, 2] -> [0, 2, 0] -> [0, 2, 0, 0] -> [0, 2, 0, 0, 0] -> [0, 2, 0, 0, 0, 1] -> [0, 2, 0, 0, 0, 1, 2] -> [0, 2, 0, 0, 0, 1, 2, 3] -> [0, 2, 0, 0, 0, 1, 2, 3, 0] -> [0, 2, 0, 0, 0, 1, 2, 3, 0, 4]
TasksBFS: 25.34 ms, [] -> [0] -> [0, 1] -> [0, 1, 1] -> [0, 1, 1, 0] -> [0, 1, 1, 0, 0] -> [0, 1, 1, 0, 0, 0] -> [0, 1, 1, 0, 0, 0, 0] -> [0, 1, 1, 0, 0, 0, 0, 3] -> [0, 1, 1, 0, 0, 0, 0, 3, 1] -> [0, 1, 1, 0, 0, 0, 0, 3, 1, 4]
SyncBFS: 223.9 ms, [] -> [0] -> [0, 1] -> [0, 1, 1] -> [0, 1, 1, 0] -> [0, 1, 1, 0, 0] -> [0, 1, 1, 0, 0, 0] -> [0, 1, 1, 0, 0, 0, 0] -> [0, 1, 1, 0, 0, 0, 0, 3] -> [0, 1, 1, 0, 0, 0, 0, 3, 1] -> [0, 1, 1, 0, 0, 0, 0, 3, 1, 4]

problem_11.yaml
TasksBFS: 30.46 ms, [] -> [0] -> [0, 1] -> [0, 1, 0] -> [0, 1, 0, 4] -> [0, 1, 0, 4, 0] -> [0, 1, 0, 4, 0, 0] -> [0, 1, 0, 4, 0, 0, 4] -> [0, 1, 0, 4, 0, 0, 4, 4] -> [0, 1, 0, 4, 0, 0, 4, 4, 3] -> [0, 1, 0, 4, 0, 0, 4, 4, 3, 1]
SyncBFS: 196.12 ms, [] -> [0] -> [0, 1] -> [0, 1, 0] -> [0, 1, 0, 1] -> [0, 1, 0, 1, 0] -> [0, 1, 0, 1, 0, 3] -> [0, 1, 0, 1, 0, 3, 3] -> [0, 1, 0, 1, 0, 3, 3, 1] -> [0, 1, 0, 1, 0, 3, 3, 1, 0] -> [0, 1, 0, 1, 0, 3, 3, 1, 0, 1]
AsyncStartBFS: 9.27 ms, [] -> [0] -> [0, 1] -> [0, 1, 2] -> [0, 1, 2, 1] -> [0, 1, 2, 1, 3] -> [0, 1, 2, 1, 3, 0] -> [0, 1, 2, 1, 3, 0, 3] -> [0, 1, 2, 1, 3, 0, 3, 3] -> [0, 1, 2, 1, 3, 0, 3, 3, 3] -> [0, 1, 2, 1, 3, 0, 3, 3, 3, 1]
MultithreadBFS: 13.64 ms, [] -> [4] -> [4, 1] -> [4, 1, 3] -> [4, 1, 3, 0] -> [4, 1, 3, 0, 3] -> [4, 1, 3, 0, 3, 0] -> [4, 1, 3, 0, 3, 0, 2] -> [4, 1, 3, 0, 3, 0, 2, 2] -> [4, 1, 3, 0, 3, 0, 2, 2, 4] -> [4, 1, 3, 0, 3, 0, 2, 2, 4, 0]

problem_01.yaml
SyncBFS: 516.72 ms, [] -> [0] -> [0, 0] -> [0, 0, 0] -> [0, 0, 0, 0] -> [0, 0, 0, 0, 3] -> [0, 0, 0, 0, 3, 0] -> [0, 0, 0, 0, 3, 0, 0] -> [0, 0, 0, 0, 3, 0, 0, 4] -> [0, 0, 0, 0, 3, 0, 0, 4, 2] -> [0, 0, 0, 0, 3, 0, 0, 4, 2, 1]
MultithreadBFS: 14.82 ms, [] -> [0] -> [0, 1] -> [0, 1, 3] -> [0, 1, 3, 2] -> [0, 1, 3, 2, 1] -> [0, 1, 3, 2, 1, 3] -> [0, 1, 3, 2, 1, 3, 1] -> [0, 1, 3, 2, 1, 3, 1, 4] -> [0, 1, 3, 2, 1, 3, 1, 4, 3] -> [0, 1, 3, 2, 1, 3, 1, 4, 3, 3]
TasksBFS: 57.84 ms, [] -> [0] -> [0, 1] -> [0, 1, 0] -> [0, 1, 0, 1] -> [0, 1, 0, 1, 0] -> [0, 1, 0, 1, 0, 1] -> [0, 1, 0, 1, 0, 1, 1] -> [0, 1, 0, 1, 0, 1, 1, 1] -> [0, 1, 0, 1, 0, 1, 1, 1, 0] -> [0, 1, 0, 1, 0, 1, 1, 1, 0, 3]
AsyncStartBFS: 18.34 ms, [] -> [1] -> [1, 0] -> [1, 0, 1] -> [1, 0, 1, 0] -> [1, 0, 1, 0, 1] -> [1, 0, 1, 0, 1, 1] -> [1, 0, 1, 0, 1, 1, 3] -> [1, 0, 1, 0, 1, 1, 3, 3] -> [1, 0, 1, 0, 1, 1, 3, 3, 3] -> [1, 0, 1, 0, 1, 1, 3, 3, 3, 4]

problem_08.yaml
SyncBFS: 354.87 ms, [] -> [0] -> [0, 0] -> [0, 0, 0] -> [0, 0, 0, 0] -> [0, 0, 0, 0, 0] -> [0, 0, 0, 0, 0, 1] -> [0, 0, 0, 0, 0, 1, 3] -> [0, 0, 0, 0, 0, 1, 3, 0] -> [0, 0, 0, 0, 0, 1, 3, 0, 0] -> [0, 0, 0, 0, 0, 1, 3, 0, 0, 4]
TasksBFS: 54.88 ms, [] -> [0] -> [0, 0] -> [0, 0, 0] -> [0, 0, 0, 0] -> [0, 0, 0, 0, 0] -> [0, 0, 0, 0, 0, 1] -> [0, 0, 0, 0, 0, 1, 3] -> [0, 0, 0, 0, 0, 1, 3, 0] -> [0, 0, 0, 0, 0, 1, 3, 0, 0] -> [0, 0, 0, 0, 0, 1, 3, 0, 0, 4]
AsyncStartBFS: 14.81 ms, [] -> [0] -> [0, 0] -> [0, 0, 2] -> [0, 0, 2, 1] -> [0, 0, 2, 1, 1] -> [0, 0, 2, 1, 1, 0] -> [0, 0, 2, 1, 1, 0, 0] -> [0, 0, 2, 1, 1, 0, 0, 0] -> [0, 0, 2, 1, 1, 0, 0, 0, 3] -> [0, 0, 2, 1, 1, 0, 0, 0, 3, 4]
MultithreadBFS: 10.17 ms, [] -> [1] -> [1, 0] -> [1, 0, 2] -> [1, 0, 2, 0] -> [1, 0, 2, 0, 1] -> [1, 0, 2, 0, 1, 2] -> [1, 0, 2, 0, 1, 2, 2] -> [1, 0, 2, 0, 1, 2, 2, 4] -> [1, 0, 2, 0, 1, 2, 2, 4, 1] -> [1, 0, 2, 0, 1, 2, 2, 4, 1, 2]

problem_06.yaml
MultithreadBFS: 9.65 ms, [] -> [3] -> [3, 1] -> [3, 1, 1] -> [3, 1, 1, 3] -> [3, 1, 1, 3, 2] -> [3, 1, 1, 3, 2, 3] -> [3, 1, 1, 3, 2, 3, 3] -> [3, 1, 1, 3, 2, 3, 3, 4] -> [3, 1, 1, 3, 2, 3, 3, 4, 2] -> [3, 1, 1, 3, 2, 3, 3, 4, 2, 1]
AsyncStartBFS: 7.56 ms, [] -> [2] -> [2, 3] -> [2, 3, 1] -> [2, 3, 1, 4] -> [2, 3, 1, 4, 0] -> [2, 3, 1, 4, 0, 2] -> [2, 3, 1, 4, 0, 2, 1] -> [2, 3, 1, 4, 0, 2, 1, 4] -> [2, 3, 1, 4, 0, 2, 1, 4, 4] -> [2, 3, 1, 4, 0, 2, 1, 4, 4, 1]
TasksBFS: 30.17 ms, [] -> [0] -> [0, 0] -> [0, 0, 0] -> [0, 0, 0, 1] -> [0, 0, 0, 1, 1] -> [0, 0, 0, 1, 1, 1] -> [0, 0, 0, 1, 1, 1, 0] -> [0, 0, 0, 1, 1, 1, 0, 3] -> [0, 0, 0, 1, 1, 1, 0, 3, 0] -> [0, 0, 0, 1, 1, 1, 0, 3, 0, 2]
SyncBFS: 377.37 ms, [] -> [0] -> [0, 0] -> [0, 0, 0] -> [0, 0, 0, 0] -> [0, 0, 0, 0, 0] -> [0, 0, 0, 0, 0, 1] -> [0, 0, 0, 0, 0, 1, 4] -> [0, 0, 0, 0, 0, 1, 4, 4] -> [0, 0, 0, 0, 0, 1, 4, 4, 0] -> [0, 0, 0, 0, 0, 1, 4, 4, 0, 3]

problem_19.yaml
TasksBFS: 59.78 ms, [] -> [0] -> [0, 1] -> [0, 1, 1] -> [0, 1, 1, 0] -> [0, 1, 1, 0, 0] -> [0, 1, 1, 0, 0, 2] -> [0, 1, 1, 0, 0, 2, 0] -> [0, 1, 1, 0, 0, 2, 0, 1] -> [0, 1, 1, 0, 0, 2, 0, 1, 0] -> [0, 1, 1, 0, 0, 2, 0, 1, 0, 4]
AsyncStartBFS: 19.78 ms, [] -> [2] -> [2, 4] -> [2, 4, 1] -> [2, 4, 1, 0] -> [2, 4, 1, 0, 0] -> [2, 4, 1, 0, 0, 2] -> [2, 4, 1, 0, 0, 2, 1] -> [2, 4, 1, 0, 0, 2, 1, 0] -> [2, 4, 1, 0, 0, 2, 1, 0, 0] -> [2, 4, 1, 0, 0, 2, 1, 0, 0, 3]
SyncBFS: 419.63 ms, [] -> [0] -> [0, 0] -> [0, 0, 0] -> [0, 0, 0, 0] -> [0, 0, 0, 0, 2] -> [0, 0, 0, 0, 2, 0] -> [0, 0, 0, 0, 2, 0, 3] -> [0, 0, 0, 0, 2, 0, 3, 4] -> [0, 0, 0, 0, 2, 0, 3, 4, 0] -> [0, 0, 0, 0, 2, 0, 3, 4, 0, 0]
MultithreadBFS: 13.35 ms, [] -> [1] -> [1, 0] -> [1, 0, 3] -> [1, 0, 3, 0] -> [1, 0, 3, 0, 3] -> [1, 0, 3, 0, 3, 0] -> [1, 0, 3, 0, 3, 0, 4] -> [1, 0, 3, 0, 3, 0, 4, 1] -> [1, 0, 3, 0, 3, 0, 4, 1, 1] -> [1, 0, 3, 0, 3, 0, 4, 1, 1, 4]

problem_40.yaml
AsyncStartBFS: 5.21 ms, [] -> [0] -> [0, 4] -> [0, 4, 1] -> [0, 4, 1, 1] -> [0, 4, 1, 1, 1] -> [0, 4, 1, 1, 1, 0] -> [0, 4, 1, 1, 1, 0, 2] -> [0, 4, 1, 1, 1, 0, 2, 4] -> [0, 4, 1, 1, 1, 0, 2, 4, 2] -> [0, 4, 1, 1, 1, 0, 2, 4, 2, 0]
MultithreadBFS: 9.37 ms, [] -> [0] -> [0, 4] -> [0, 4, 1] -> [0, 4, 1, 1] -> [0, 4, 1, 1, 1] -> [0, 4, 1, 1, 1, 0] -> [0, 4, 1, 1, 1, 0, 2] -> [0, 4, 1, 1, 1, 0, 2, 4] -> [0, 4, 1, 1, 1, 0, 2, 4, 2] -> [0, 4, 1, 1, 1, 0, 2, 4, 2, 0]
TasksBFS: 47.94 ms, [] -> [0] -> [0, 0] -> [0, 0, 1] -> [0, 0, 1, 2] -> [0, 0, 1, 2, 0] -> [0, 0, 1, 2, 0, 3] -> [0, 0, 1, 2, 0, 3, 2] -> [0, 0, 1, 2, 0, 3, 2, 2] -> [0, 0, 1, 2, 0, 3, 2, 2, 4] -> [0, 0, 1, 2, 0, 3, 2, 2, 4, 4]
SyncBFS: 329.71 ms, [] -> [0] -> [0, 0] -> [0, 0, 1] -> [0, 0, 1, 0] -> [0, 0, 1, 0, 0] -> [0, 0, 1, 0, 0, 0] -> [0, 0, 1, 0, 0, 0, 1] -> [0, 0, 1, 0, 0, 0, 1, 1] -> [0, 0, 1, 0, 0, 0, 1, 1, 3] -> [0, 0, 1, 0, 0, 0, 1, 1, 3, 4]

problem_04.yaml
MultithreadBFS: 8.28 ms, [] -> [0] -> [0, 1] -> [0, 1, 3] -> [0, 1, 3, 1] -> [0, 1, 3, 1, 2] -> [0, 1, 3, 1, 2, 3] -> [0, 1, 3, 1, 2, 3, 4] -> [0, 1, 3, 1, 2, 3, 4, 0] -> [0, 1, 3, 1, 2, 3, 4, 0, 0] -> [0, 1, 3, 1, 2, 3, 4, 0, 0, 1]
SyncBFS: 388.26 ms, [] -> [0] -> [0, 0] -> [0, 0, 0] -> [0, 0, 0, 0] -> [0, 0, 0, 0, 0] -> [0, 0, 0, 0, 0, 3] -> [0, 0, 0, 0, 0, 3, 2] -> [0, 0, 0, 0, 0, 3, 2, 4] -> [0, 0, 0, 0, 0, 3, 2, 4, 3] -> [0, 0, 0, 0, 0, 3, 2, 4, 3, 0]
TasksBFS: 52.12 ms, [] -> [0] -> [0, 0] -> [0, 0, 2] -> [0, 0, 2, 1] -> [0, 0, 2, 1, 0] -> [0, 0, 2, 1, 0, 3] -> [0, 0, 2, 1, 0, 3, 0] -> [0, 0, 2, 1, 0, 3, 0, 1] -> [0, 0, 2, 1, 0, 3, 0, 1, 3] -> [0, 0, 2, 1, 0, 3, 0, 1, 3, 3]
AsyncStartBFS: 14.93 ms, [] -> [0] -> [0, 0] -> [0, 0, 0] -> [0, 0, 0, 0] -> [0, 0, 0, 0, 0] -> [0, 0, 0, 0, 0, 3] -> [0, 0, 0, 0, 0, 3, 2] -> [0, 0, 0, 0, 0, 3, 2, 4] -> [0, 0, 0, 0, 0, 3, 2, 4, 3] -> [0, 0, 0, 0, 0, 3, 2, 4, 3, 0]

problem_33.yaml
TasksBFS: 31.31 ms, [] -> [2] -> [2, 0] -> [2, 0, 1] -> [2, 0, 1, 3] -> [2, 0, 1, 3, 0] -> [2, 0, 1, 3, 0, 2] -> [2, 0, 1, 3, 0, 2, 2] -> [2, 0, 1, 3, 0, 2, 2, 2] -> [2, 0, 1, 3, 0, 2, 2, 2, 3] -> [2, 0, 1, 3, 0, 2, 2, 2, 3, 4]
SyncBFS: 187.86 ms, [] -> [2] -> [2, 0] -> [2, 0, 0] -> [2, 0, 0, 1] -> [2, 0, 0, 1, 2] -> [2, 0, 0, 1, 2, 3] -> [2, 0, 0, 1, 2, 3, 0] -> [2, 0, 0, 1, 2, 3, 0, 2] -> [2, 0, 0, 1, 2, 3, 0, 2, 1] -> [2, 0, 0, 1, 2, 3, 0, 2, 1, 0]
MultithreadBFS: 15.46 ms, [] -> [2] -> [2, 1] -> [2, 1, 2] -> [2, 1, 2, 3] -> [2, 1, 2, 3, 4] -> [2, 1, 2, 3, 4, 1] -> [2, 1, 2, 3, 4, 1, 3] -> [2, 1, 2, 3, 4, 1, 3, 2] -> [2, 1, 2, 3, 4, 1, 3, 2, 0] -> [2, 1, 2, 3, 4, 1, 3, 2, 0, 3]
AsyncStartBFS: 6.1 ms, [] -> [2] -> [2, 0] -> [2, 0, 1] -> [2, 0, 1, 2] -> [2, 0, 1, 2, 0] -> [2, 0, 1, 2, 0, 0] -> [2, 0, 1, 2, 0, 0, 1] -> [2, 0, 1, 2, 0, 0, 1, 2] -> [2, 0, 1, 2, 0, 0, 1, 2, 2] -> [2, 0, 1, 2, 0, 0, 1, 2, 2, 3]

problem_21.yaml
SyncBFS: 359.73 ms, [] -> [0] -> [0, 1] -> [0, 1, 1] -> [0, 1, 1, 0] -> [0, 1, 1, 0, 3] -> [0, 1, 1, 0, 3, 3] -> [0, 1, 1, 0, 3, 3, 4] -> [0, 1, 1, 0, 3, 3, 4, 1] -> [0, 1, 1, 0, 3, 3, 4, 1, 1] -> [0, 1, 1, 0, 3, 3, 4, 1, 1, 0]
AsyncStartBFS: 4.83 ms, [] -> [0] -> [0, 1] -> [0, 1, 4] -> [0, 1, 4, 0] -> [0, 1, 4, 0, 0] -> [0, 1, 4, 0, 0, 0] -> [0, 1, 4, 0, 0, 0, 3] -> [0, 1, 4, 0, 0, 0, 3, 3] -> [0, 1, 4, 0, 0, 0, 3, 3, 4] -> [0, 1, 4, 0, 0, 0, 3, 3, 4, 2]
TasksBFS: 42.3 ms, [] -> [0] -> [0, 1] -> [0, 1, 1] -> [0, 1, 1, 0] -> [0, 1, 1, 0, 3] -> [0, 1, 1, 0, 3, 3] -> [0, 1, 1, 0, 3, 3, 4] -> [0, 1, 1, 0, 3, 3, 4, 1] -> [0, 1, 1, 0, 3, 3, 4, 1, 1] -> [0, 1, 1, 0, 3, 3, 4, 1, 1, 0]
MultithreadBFS: 19.69 ms, [] -> [2] -> [2, 4] -> [2, 4, 0] -> [2, 4, 0, 0] -> [2, 4, 0, 0, 0] -> [2, 4, 0, 0, 0, 1] -> [2, 4, 0, 0, 0, 1, 4] -> [2, 4, 0, 0, 0, 1, 4, 2] -> [2, 4, 0, 0, 0, 1, 4, 2, 0] -> [2, 4, 0, 0, 0, 1, 4, 2, 0, 3]

problem_24.yaml
MultithreadBFS: 15.76 ms, [] -> [1] -> [1, 0] -> [1, 0, 3] -> [1, 0, 3, 2] -> [1, 0, 3, 2, 0] -> [1, 0, 3, 2, 0, 1] -> [1, 0, 3, 2, 0, 1, 4] -> [1, 0, 3, 2, 0, 1, 4, 3] -> [1, 0, 3, 2, 0, 1, 4, 3, 2] -> [1, 0, 3, 2, 0, 1, 4, 3, 2, 4]
TasksBFS: 57.6 ms, [] -> [1] -> [1, 1] -> [1, 1, 4] -> [1, 1, 4, 0] -> [1, 1, 4, 0, 0] -> [1, 1, 4, 0, 0, 0] -> [1, 1, 4, 0, 0, 0, 3] -> [1, 1, 4, 0, 0, 0, 3, 3] -> [1, 1, 4, 0, 0, 0, 3, 3, 4] -> [1, 1, 4, 0, 0, 0, 3, 3, 4, 1]
SyncBFS: 452.47 ms, [] -> [0] -> [0, 0] -> [0, 0, 0] -> [0, 0, 0, 0] -> [0, 0, 0, 0, 0] -> [0, 0, 0, 0, 0, 1] -> [0, 0, 0, 0, 0, 1, 2] -> [0, 0, 0, 0, 0, 1, 2, 3] -> [0, 0, 0, 0, 0, 1, 2, 3, 0] -> [0, 0, 0, 0, 0, 1, 2, 3, 0, 3]
AsyncStartBFS: 20.08 ms, [] -> [1] -> [1, 1] -> [1, 1, 4] -> [1, 1, 4, 0] -> [1, 1, 4, 0, 0] -> [1, 1, 4, 0, 0, 0] -> [1, 1, 4, 0, 0, 0, 3] -> [1, 1, 4, 0, 0, 0, 3, 3] -> [1, 1, 4, 0, 0, 0, 3, 3, 4] -> [1, 1, 4, 0, 0, 0, 3, 3, 4, 1]

problem_03.yaml
MultithreadBFS: 15.36 ms, [] -> [0] -> [0, 4] -> [0, 4, 4] -> [0, 4, 4, 0] -> [0, 4, 4, 0, 0] -> [0, 4, 4, 0, 0, 4] -> [0, 4, 4, 0, 0, 4, 3] -> [0, 4, 4, 0, 0, 4, 3, 4] -> [0, 4, 4, 0, 0, 4, 3, 4, 1] -> [0, 4, 4, 0, 0, 4, 3, 4, 1, 1]
AsyncStartBFS: 6.8 ms, [] -> [0] -> [0, 0] -> [0, 0, 1] -> [0, 0, 1, 1] -> [0, 0, 1, 1, 2] -> [0, 0, 1, 1, 2, 1] -> [0, 0, 1, 1, 2, 1, 2] -> [0, 0, 1, 1, 2, 1, 2, 3] -> [0, 0, 1, 1, 2, 1, 2, 3, 3] -> [0, 0, 1, 1, 2, 1, 2, 3, 3, 2]
TasksBFS: 51.16 ms, [] -> [0] -> [0, 0] -> [0, 0, 1] -> [0, 0, 1, 3] -> [0, 0, 1, 3, 0] -> [0, 0, 1, 3, 0, 0] -> [0, 0, 1, 3, 0, 0, 2] -> [0, 0, 1, 3, 0, 0, 2, 4] -> [0, 0, 1, 3, 0, 0, 2, 4, 2] -> [0, 0, 1, 3, 0, 0, 2, 4, 2, 2]
SyncBFS: 419.53 ms, [] -> [0] -> [0, 0] -> [0, 0, 1] -> [0, 0, 1, 0] -> [0, 0, 1, 0, 3] -> [0, 0, 1, 0, 3, 2] -> [0, 0, 1, 0, 3, 2, 4] -> [0, 0, 1, 0, 3, 2, 4, 4] -> [0, 0, 1, 0, 3, 2, 4, 4, 0] -> [0, 0, 1, 0, 3, 2, 4, 4, 0, 3]

problem_07.yaml
SyncBFS: 427.69 ms, [] -> [0] -> [0, 0] -> [0, 0, 1] -> [0, 0, 1, 0] -> [0, 0, 1, 0, 1] -> [0, 0, 1, 0, 1, 3] -> [0, 0, 1, 0, 1, 3, 1] -> [0, 0, 1, 0, 1, 3, 1, 0] -> [0, 0, 1, 0, 1, 3, 1, 0, 3] -> [0, 0, 1, 0, 1, 3, 1, 0, 3, 4]
MultithreadBFS: 17.54 ms, [] -> [1] -> [1, 1] -> [1, 1, 0] -> [1, 1, 0, 0] -> [1, 1, 0, 0, 0] -> [1, 1, 0, 0, 0, 0] -> [1, 1, 0, 0, 0, 0, 1] -> [1, 1, 0, 0, 0, 0, 1, 3] -> [1, 1, 0, 0, 0, 0, 1, 3, 3] -> [1, 1, 0, 0, 0, 0, 1, 3, 3, 3]
AsyncStartBFS: 10.94 ms, [] -> [0] -> [0, 3] -> [0, 3, 4] -> [0, 3, 4, 0] -> [0, 3, 4, 0, 0] -> [0, 3, 4, 0, 0, 3] -> [0, 3, 4, 0, 0, 3, 1] -> [0, 3, 4, 0, 0, 3, 1, 0] -> [0, 3, 4, 0, 0, 3, 1, 0, 1] -> [0, 3, 4, 0, 0, 3, 1, 0, 1, 4]
TasksBFS: 53.53 ms, [] -> [0] -> [0, 0] -> [0, 0, 1] -> [0, 0, 1, 1] -> [0, 0, 1, 1, 1] -> [0, 0, 1, 1, 1, 2] -> [0, 0, 1, 1, 1, 2, 2] -> [0, 0, 1, 1, 1, 2, 2, 4] -> [0, 0, 1, 1, 1, 2, 2, 4, 2] -> [0, 0, 1, 1, 1, 2, 2, 4, 2, 4]

problem_42.yaml
MultithreadBFS: 9.66 ms, [] -> [0] -> [0, 4] -> [0, 4, 0] -> [0, 4, 0, 1] -> [0, 4, 0, 1, 0] -> [0, 4, 0, 1, 0, 0] -> [0, 4, 0, 1, 0, 0, 1] -> [0, 4, 0, 1, 0, 0, 1, 2] -> [0, 4, 0, 1, 0, 0, 1, 2, 3] -> [0, 4, 0, 1, 0, 0, 1, 2, 3, 3]
TasksBFS: 57.62 ms, [] -> [0] -> [0, 1] -> [0, 1, 3] -> [0, 1, 3, 1] -> [0, 1, 3, 1, 1] -> [0, 1, 3, 1, 1, 0] -> [0, 1, 3, 1, 1, 0, 0] -> [0, 1, 3, 1, 1, 0, 0, 0] -> [0, 1, 3, 1, 1, 0, 0, 0, 0] -> [0, 1, 3, 1, 1, 0, 0, 0, 0, 3]
SyncBFS: 449.14 ms, [] -> [0] -> [0, 0] -> [0, 0, 0] -> [0, 0, 0, 0] -> [0, 0, 0, 0, 0] -> [0, 0, 0, 0, 0, 3] -> [0, 0, 0, 0, 0, 3, 1] -> [0, 0, 0, 0, 0, 3, 1, 1] -> [0, 0, 0, 0, 0, 3, 1, 1, 0] -> [0, 0, 0, 0, 0, 3, 1, 1, 0, 1]
AsyncStartBFS: 24.15 ms, [] -> [0] -> [0, 4] -> [0, 4, 3] -> [0, 4, 3, 0] -> [0, 4, 3, 0, 1] -> [0, 4, 3, 0, 1, 4] -> [0, 4, 3, 0, 1, 4, 1] -> [0, 4, 3, 0, 1, 4, 1, 1] -> [0, 4, 3, 0, 1, 4, 1, 1, 1] -> [0, 4, 3, 0, 1, 4, 1, 1, 1, 0]

problem_02.yaml
MultithreadBFS: 11.7 ms, [] -> [2] -> [2, 0] -> [2, 0, 1] -> [2, 0, 1, 1] -> [2, 0, 1, 1, 1] -> [2, 0, 1, 1, 1, 1] -> [2, 0, 1, 1, 1, 1, 0] -> [2, 0, 1, 1, 1, 1, 0, 4] -> [2, 0, 1, 1, 1, 1, 0, 4, 2] -> [2, 0, 1, 1, 1, 1, 0, 4, 2, 1]
SyncBFS: 240.62 ms, [] -> [1] -> [1, 0] -> [1, 0, 0] -> [1, 0, 0, 1] -> [1, 0, 0, 1, 2] -> [1, 0, 0, 1, 2, 1] -> [1, 0, 0, 1, 2, 1, 0] -> [1, 0, 0, 1, 2, 1, 0, 0] -> [1, 0, 0, 1, 2, 1, 0, 0, 4] -> [1, 0, 0, 1, 2, 1, 0, 0, 4, 1]
AsyncStartBFS: 5.68 ms, [] -> [1] -> [1, 0] -> [1, 0, 0] -> [1, 0, 0, 2] -> [1, 0, 0, 2, 0] -> [1, 0, 0, 2, 0, 4] -> [1, 0, 0, 2, 0, 4, 3] -> [1, 0, 0, 2, 0, 4, 3, 1] -> [1, 0, 0, 2, 0, 4, 3, 1, 1] -> [1, 0, 0, 2, 0, 4, 3, 1, 1, 0]
TasksBFS: 27.93 ms, [] -> [1] -> [1, 0] -> [1, 0, 2] -> [1, 0, 2, 2] -> [1, 0, 2, 2, 1] -> [1, 0, 2, 2, 1, 0] -> [1, 0, 2, 2, 1, 0, 2] -> [1, 0, 2, 2, 1, 0, 2, 0] -> [1, 0, 2, 2, 1, 0, 2, 0, 3] -> [1, 0, 2, 2, 1, 0, 2, 0, 3, 3]

problem_29.yaml
AsyncStartBFS: 4.27 ms, [] -> [0] -> [0, 0] -> [0, 0, 4] -> [0, 0, 4, 2] -> [0, 0, 4, 2, 0] -> [0, 0, 4, 2, 0, 1] -> [0, 0, 4, 2, 0, 1, 1] -> [0, 0, 4, 2, 0, 1, 1, 2] -> [0, 0, 4, 2, 0, 1, 1, 2, 0] -> [0, 0, 4, 2, 0, 1, 1, 2, 0, 0]
SyncBFS: 308.77 ms, [] -> [0] -> [0, 0] -> [0, 0, 0] -> [0, 0, 0, 1] -> [0, 0, 0, 1, 0] -> [0, 0, 0, 1, 0, 3] -> [0, 0, 0, 1, 0, 3, 0] -> [0, 0, 0, 1, 0, 3, 0, 1] -> [0, 0, 0, 1, 0, 3, 0, 1, 3] -> [0, 0, 0, 1, 0, 3, 0, 1, 3, 2]
TasksBFS: 36.81 ms, [] -> [0] -> [0, 0] -> [0, 0, 2] -> [0, 0, 2, 1] -> [0, 0, 2, 1, 0] -> [0, 0, 2, 1, 0, 4] -> [0, 0, 2, 1, 0, 4, 3] -> [0, 0, 2, 1, 0, 4, 3, 2] -> [0, 0, 2, 1, 0, 4, 3, 2, 1] -> [0, 0, 2, 1, 0, 4, 3, 2, 1, 0]
MultithreadBFS: 19.33 ms, [] -> [2] -> [2, 0] -> [2, 0, 1] -> [2, 0, 1, 3] -> [2, 0, 1, 3, 2] -> [2, 0, 1, 3, 2, 0] -> [2, 0, 1, 3, 2, 0, 1] -> [2, 0, 1, 3, 2, 0, 1, 0] -> [2, 0, 1, 3, 2, 0, 1, 0, 3] -> [2, 0, 1, 3, 2, 0, 1, 0, 3, 3]

problem_00.yaml
SyncBFS: 381.19 ms, [] -> [0] -> [0, 0] -> [0, 0, 0] -> [0, 0, 0, 0] -> [0, 0, 0, 0, 1] -> [0, 0, 0, 0, 1, 1] -> [0, 0, 0, 0, 1, 1, 0] -> [0, 0, 0, 0, 1, 1, 0, 2] -> [0, 0, 0, 0, 1, 1, 0, 2, 0] -> [0, 0, 0, 0, 1, 1, 0, 2, 0, 2]
AsyncStartBFS: 8.64 ms, [] -> [0] -> [0, 3] -> [0, 3, 1] -> [0, 3, 1, 0] -> [0, 3, 1, 0, 0] -> [0, 3, 1, 0, 0, 1] -> [0, 3, 1, 0, 0, 1, 0] -> [0, 3, 1, 0, 0, 1, 0, 2] -> [0, 3, 1, 0, 0, 1, 0, 2, 1] -> [0, 3, 1, 0, 0, 1, 0, 2, 1, 2]
TasksBFS: 66.83 ms, [] -> [1] -> [1, 1] -> [1, 1, 1] -> [1, 1, 1, 0] -> [1, 1, 1, 0, 0] -> [1, 1, 1, 0, 0, 3] -> [1, 1, 1, 0, 0, 3, 0] -> [1, 1, 1, 0, 0, 3, 0, 2] -> [1, 1, 1, 0, 0, 3, 0, 2, 4] -> [1, 1, 1, 0, 0, 3, 0, 2, 4, 4]
MultithreadBFS: 25.61 ms, [] -> [0] -> [0, 4] -> [0, 4, 2] -> [0, 4, 2, 3] -> [0, 4, 2, 3, 2] -> [0, 4, 2, 3, 2, 2] -> [0, 4, 2, 3, 2, 2, 2] -> [0, 4, 2, 3, 2, 2, 2, 2] -> [0, 4, 2, 3, 2, 2, 2, 2, 2] -> [0, 4, 2, 3, 2, 2, 2, 2, 2, 1]

problem_13.yaml
MultithreadBFS: 10.05 ms, [] -> [2] -> [2, 1] -> [2, 1, 3] -> [2, 1, 3, 0] -> [2, 1, 3, 0, 0] -> [2, 1, 3, 0, 0, 4] -> [2, 1, 3, 0, 0, 4, 4] -> [2, 1, 3, 0, 0, 4, 4, 0] -> [2, 1, 3, 0, 0, 4, 4, 0, 4] -> [2, 1, 3, 0, 0, 4, 4, 0, 4, 1]
SyncBFS: 332.06 ms, [] -> [0] -> [0, 0] -> [0, 0, 0] -> [0, 0, 0, 1] -> [0, 0, 0, 1, 1] -> [0, 0, 0, 1, 1, 0] -> [0, 0, 0, 1, 1, 0, 0] -> [0, 0, 0, 1, 1, 0, 0, 4] -> [0, 0, 0, 1, 1, 0, 0, 4, 4] -> [0, 0, 0, 1, 1, 0, 0, 4, 4, 0]
AsyncStartBFS: 7.49 ms, [] -> [0] -> [0, 0] -> [0, 0, 0] -> [0, 0, 0, 1] -> [0, 0, 0, 1, 1] -> [0, 0, 0, 1, 1, 0] -> [0, 0, 0, 1, 1, 0, 0] -> [0, 0, 0, 1, 1, 0, 0, 4] -> [0, 0, 0, 1, 1, 0, 0, 4, 4] -> [0, 0, 0, 1, 1, 0, 0, 4, 4, 0]
TasksBFS: 39.99 ms, [] -> [0] -> [0, 0] -> [0, 0, 4] -> [0, 0, 4, 2] -> [0, 0, 4, 2, 0] -> [0, 0, 4, 2, 0, 0] -> [0, 0, 4, 2, 0, 0, 4] -> [0, 0, 4, 2, 0, 0, 4, 4] -> [0, 0, 4, 2, 0, 0, 4, 4, 2] -> [0, 0, 4, 2, 0, 0, 4, 4, 2, 0]

problem_16.yaml
SyncBFS: 251.8 ms, [] -> [0] -> [0, 0] -> [0, 0, 0] -> [0, 0, 0, 0] -> [0, 0, 0, 0, 0] -> [0, 0, 0, 0, 0, 4] -> [0, 0, 0, 0, 0, 4, 0] -> [0, 0, 0, 0, 0, 4, 0, 3] -> [0, 0, 0, 0, 0, 4, 0, 3, 3] -> [0, 0, 0, 0, 0, 4, 0, 3, 3, 0]
MultithreadBFS: 5.35 ms, [] -> [0] -> [0, 3] -> [0, 3, 3] -> [0, 3, 3, 3] -> [0, 3, 3, 3, 0] -> [0, 3, 3, 3, 0, 0] -> [0, 3, 3, 3, 0, 0, 1] -> [0, 3, 3, 3, 0, 0, 1, 3] -> [0, 3, 3, 3, 0, 0, 1, 3, 3] -> [0, 3, 3, 3, 0, 0, 1, 3, 3, 3]
TasksBFS: 26.77 ms, [] -> [0] -> [0, 0] -> [0, 0, 0] -> [0, 0, 0, 2] -> [0, 0, 0, 2, 3] -> [0, 0, 0, 2, 3, 2] -> [0, 0, 0, 2, 3, 2, 1] -> [0, 0, 0, 2, 3, 2, 1, 2] -> [0, 0, 0, 2, 3, 2, 1, 2, 1] -> [0, 0, 0, 2, 3, 2, 1, 2, 1, 3]
AsyncStartBFS: 7.94 ms, [] -> [0] -> [0, 0] -> [0, 0, 0] -> [0, 0, 0, 1] -> [0, 0, 0, 1, 0] -> [0, 0, 0, 1, 0, 1] -> [0, 0, 0, 1, 0, 1, 4] -> [0, 0, 0, 1, 0, 1, 4, 2] -> [0, 0, 0, 1, 0, 1, 4, 2, 4] -> [0, 0, 0, 1, 0, 1, 4, 2, 4, 1]

problem_20.yaml
SyncBFS: 211.12 ms, [] -> [0] -> [0, 1] -> [0, 1, 0] -> [0, 1, 0, 0] -> [0, 1, 0, 0, 0] -> [0, 1, 0, 0, 0, 1] -> [0, 1, 0, 0, 0, 1, 2] -> [0, 1, 0, 0, 0, 1, 2, 2] -> [0, 1, 0, 0, 0, 1, 2, 2, 0] -> [0, 1, 0, 0, 0, 1, 2, 2, 0, 0]
MultithreadBFS: 11.96 ms, [] -> [1] -> [1, 2] -> [1, 2, 2] -> [1, 2, 2, 0] -> [1, 2, 2, 0, 4] -> [1, 2, 2, 0, 4, 4] -> [1, 2, 2, 0, 4, 4, 0] -> [1, 2, 2, 0, 4, 4, 0, 1] -> [1, 2, 2, 0, 4, 4, 0, 1, 4] -> [1, 2, 2, 0, 4, 4, 0, 1, 4, 2]
TasksBFS: 26.51 ms, [] -> [0] -> [0, 1] -> [0, 1, 0] -> [0, 1, 0, 4] -> [0, 1, 0, 4, 1] -> [0, 1, 0, 4, 1, 1] -> [0, 1, 0, 4, 1, 1, 0] -> [0, 1, 0, 4, 1, 1, 0, 2] -> [0, 1, 0, 4, 1, 1, 0, 2, 3] -> [0, 1, 0, 4, 1, 1, 0, 2, 3, 0]
AsyncStartBFS: 8.04 ms, [] -> [0] -> [0, 1] -> [0, 1, 2] -> [0, 1, 2, 0] -> [0, 1, 2, 0, 1] -> [0, 1, 2, 0, 1, 0] -> [0, 1, 2, 0, 1, 0, 1] -> [0, 1, 2, 0, 1, 0, 1, 4] -> [0, 1, 2, 0, 1, 0, 1, 4, 2] -> [0, 1, 2, 0, 1, 0, 1, 4, 2, 0]

problem_18.yaml
SyncBFS: 458.65 ms, [] -> [0] -> [0, 0] -> [0, 0, 0] -> [0, 0, 0, 0] -> [0, 0, 0, 0, 2] -> [0, 0, 0, 0, 2, 3] -> [0, 0, 0, 0, 2, 3, 0] -> [0, 0, 0, 0, 2, 3, 0, 1] -> [0, 0, 0, 0, 2, 3, 0, 1, 2] -> [0, 0, 0, 0, 2, 3, 0, 1, 2, 1]
MultithreadBFS: 14.67 ms, [] -> [0] -> [0, 1] -> [0, 1, 4] -> [0, 1, 4, 1] -> [0, 1, 4, 1, 0] -> [0, 1, 4, 1, 0, 0] -> [0, 1, 4, 1, 0, 0, 2] -> [0, 1, 4, 1, 0, 0, 2, 2] -> [0, 1, 4, 1, 0, 0, 2, 2, 3] -> [0, 1, 4, 1, 0, 0, 2, 2, 3, 2]
AsyncStartBFS: 19.36 ms, [] -> [0] -> [0, 1] -> [0, 1, 3] -> [0, 1, 3, 1] -> [0, 1, 3, 1, 2] -> [0, 1, 3, 1, 2, 4] -> [0, 1, 3, 1, 2, 4, 3] -> [0, 1, 3, 1, 2, 4, 3, 2] -> [0, 1, 3, 1, 2, 4, 3, 2, 3] -> [0, 1, 3, 1, 2, 4, 3, 2, 3, 2]
TasksBFS: 57.1 ms, [] -> [0] -> [0, 0] -> [0, 0, 4] -> [0, 0, 4, 0] -> [0, 0, 4, 0, 0] -> [0, 0, 4, 0, 0, 0] -> [0, 0, 4, 0, 0, 0, 0] -> [0, 0, 4, 0, 0, 0, 0, 3] -> [0, 0, 4, 0, 0, 0, 0, 3, 1] -> [0, 0, 4, 0, 0, 0, 0, 3, 1, 2]

problem_05.yaml
AsyncStartBFS: 11.26 ms, [] -> [1] -> [1, 2] -> [1, 2, 2] -> [1, 2, 2, 2] -> [1, 2, 2, 2, 0] -> [1, 2, 2, 2, 0, 3] -> [1, 2, 2, 2, 0, 3, 2] -> [1, 2, 2, 2, 0, 3, 2, 0] -> [1, 2, 2, 2, 0, 3, 2, 0, 3] -> [1, 2, 2, 2, 0, 3, 2, 0, 3, 1]
SyncBFS: 442.53 ms, [] -> [0] -> [0, 0] -> [0, 0, 0] -> [0, 0, 0, 1] -> [0, 0, 0, 1, 2] -> [0, 0, 0, 1, 2, 1] -> [0, 0, 0, 1, 2, 1, 0] -> [0, 0, 0, 1, 2, 1, 0, 2] -> [0, 0, 0, 1, 2, 1, 0, 2, 3] -> [0, 0, 0, 1, 2, 1, 0, 2, 3, 1]
MultithreadBFS: 11.09 ms, [] -> [0] -> [0, 0] -> [0, 0, 4] -> [0, 0, 4, 0] -> [0, 0, 4, 0, 1] -> [0, 0, 4, 0, 1, 0] -> [0, 0, 4, 0, 1, 0, 4] -> [0, 0, 4, 0, 1, 0, 4, 4] -> [0, 0, 4, 0, 1, 0, 4, 4, 3] -> [0, 0, 4, 0, 1, 0, 4, 4, 3, 0]
TasksBFS: 49.39 ms, [] -> [0] -> [0, 1] -> [0, 1, 2] -> [0, 1, 2, 0] -> [0, 1, 2, 0, 2] -> [0, 1, 2, 0, 2, 2] -> [0, 1, 2, 0, 2, 2, 1] -> [0, 1, 2, 0, 2, 2, 1, 2] -> [0, 1, 2, 0, 2, 2, 1, 2, 4] -> [0, 1, 2, 0, 2, 2, 1, 2, 4, 3]

problem_15.yaml
TasksBFS: 51.88 ms, [] -> [0] -> [0, 0] -> [0, 0, 0] -> [0, 0, 0, 4] -> [0, 0, 0, 4, 1] -> [0, 0, 0, 4, 1, 1] -> [0, 0, 0, 4, 1, 1, 4] -> [0, 0, 0, 4, 1, 1, 4, 0] -> [0, 0, 0, 4, 1, 1, 4, 0, 3] -> [0, 0, 0, 4, 1, 1, 4, 0, 3, 4]
SyncBFS: 363.74 ms, [] -> [0] -> [0, 0] -> [0, 0, 0] -> [0, 0, 0, 0] -> [0, 0, 0, 0, 1] -> [0, 0, 0, 0, 1, 4] -> [0, 0, 0, 0, 1, 4, 3] -> [0, 0, 0, 0, 1, 4, 3, 4] -> [0, 0, 0, 0, 1, 4, 3, 4, 0] -> [0, 0, 0, 0, 1, 4, 3, 4, 0, 1]
MultithreadBFS: 22.94 ms, [] -> [0] -> [0, 0] -> [0, 0, 1] -> [0, 0, 1, 2] -> [0, 0, 1, 2, 1] -> [0, 0, 1, 2, 1, 3] -> [0, 0, 1, 2, 1, 3, 0] -> [0, 0, 1, 2, 1, 3, 0, 2] -> [0, 0, 1, 2, 1, 3, 0, 2, 4] -> [0, 0, 1, 2, 1, 3, 0, 2, 4, 3]
AsyncStartBFS: 6.13 ms, [] -> [0] -> [0, 3] -> [0, 3, 0] -> [0, 3, 0, 0] -> [0, 3, 0, 0, 0] -> [0, 3, 0, 0, 0, 1] -> [0, 3, 0, 0, 0, 1, 1] -> [0, 3, 0, 0, 0, 1, 1, 3] -> [0, 3, 0, 0, 0, 1, 1, 3, 0] -> [0, 3, 0, 0, 0, 1, 1, 3, 0, 4]

problem_17.yaml
TasksBFS: 73.1 ms, [] -> [0] -> [0, 2] -> [0, 2, 2] -> [0, 2, 2, 0] -> [0, 2, 2, 0, 0] -> [0, 2, 2, 0, 0, 0] -> [0, 2, 2, 0, 0, 0, 3] -> [0, 2, 2, 0, 0, 0, 3, 1] -> [0, 2, 2, 0, 0, 0, 3, 1, 1] -> [0, 2, 2, 0, 0, 0, 3, 1, 1, 2]
MultithreadBFS: 17.84 ms, [] -> [0] -> [0, 0] -> [0, 0, 1] -> [0, 0, 1, 0] -> [0, 0, 1, 0, 0] -> [0, 0, 1, 0, 0, 0] -> [0, 0, 1, 0, 0, 0, 2] -> [0, 0, 1, 0, 0, 0, 2, 0] -> [0, 0, 1, 0, 0, 0, 2, 0, 3] -> [0, 0, 1, 0, 0, 0, 2, 0, 3, 4]
AsyncStartBFS: 12.11 ms, [] -> [0] -> [0, 2] -> [0, 2, 0] -> [0, 2, 0, 1] -> [0, 2, 0, 1, 0] -> [0, 2, 0, 1, 0, 2] -> [0, 2, 0, 1, 0, 2, 1] -> [0, 2, 0, 1, 0, 2, 1, 1] -> [0, 2, 0, 1, 0, 2, 1, 1, 3] -> [0, 2, 0, 1, 0, 2, 1, 1, 3, 4]
SyncBFS: 442.58 ms, [] -> [0] -> [0, 0] -> [0, 0, 0] -> [0, 0, 0, 2] -> [0, 0, 0, 2, 0] -> [0, 0, 0, 2, 0, 4] -> [0, 0, 0, 2, 0, 4, 2] -> [0, 0, 0, 2, 0, 4, 2, 1] -> [0, 0, 0, 2, 0, 4, 2, 1, 3] -> [0, 0, 0, 2, 0, 4, 2, 1, 3, 0]

problem_37.yaml
TasksBFS: 29.49 ms, [] -> [2] -> [2, 0] -> [2, 0, 0] -> [2, 0, 0, 3] -> [2, 0, 0, 3, 1] -> [2, 0, 0, 3, 1, 3] -> [2, 0, 0, 3, 1, 3, 1] -> [2, 0, 0, 3, 1, 3, 1, 4] -> [2, 0, 0, 3, 1, 3, 1, 4, 0] -> [2, 0, 0, 3, 1, 3, 1, 4, 0, 1]
AsyncStartBFS: 7.16 ms, [] -> [2] -> [2, 1] -> [2, 1, 2] -> [2, 1, 2, 1] -> [2, 1, 2, 1, 0] -> [2, 1, 2, 1, 0, 2] -> [2, 1, 2, 1, 0, 2, 1] -> [2, 1, 2, 1, 0, 2, 1, 2] -> [2, 1, 2, 1, 0, 2, 1, 2, 1] -> [2, 1, 2, 1, 0, 2, 1, 2, 1, 3]
SyncBFS: 184.31 ms, [] -> [2] -> [2, 0] -> [2, 0, 0] -> [2, 0, 0, 1] -> [2, 0, 0, 1, 2] -> [2, 0, 0, 1, 2, 4] -> [2, 0, 0, 1, 2, 4, 1] -> [2, 0, 0, 1, 2, 4, 1, 4] -> [2, 0, 0, 1, 2, 4, 1, 4, 3] -> [2, 0, 0, 1, 2, 4, 1, 4, 3, 3]
MultithreadBFS: 7.15 ms, [] -> [3] -> [3, 0] -> [3, 0, 2] -> [3, 0, 2, 3] -> [3, 0, 2, 3, 0] -> [3, 0, 2, 3, 0, 0] -> [3, 0, 2, 3, 0, 0, 4] -> [3, 0, 2, 3, 0, 0, 4, 2] -> [3, 0, 2, 3, 0, 0, 4, 2, 1] -> [3, 0, 2, 3, 0, 0, 4, 2, 1, 3]

problem_22.yaml
MultithreadBFS: 15.42 ms, [] -> [1] -> [1, 3] -> [1, 3, 4] -> [1, 3, 4, 0] -> [1, 3, 4, 0, 1] -> [1, 3, 4, 0, 1, 3] -> [1, 3, 4, 0, 1, 3, 4] -> [1, 3, 4, 0, 1, 3, 4, 3] -> [1, 3, 4, 0, 1, 3, 4, 3, 4] -> [1, 3, 4, 0, 1, 3, 4, 3, 4, 1]
SyncBFS: 252.6 ms, [] -> [1] -> [1, 0] -> [1, 0, 1] -> [1, 0, 1, 0] -> [1, 0, 1, 0, 2] -> [1, 0, 1, 0, 2, 1] -> [1, 0, 1, 0, 2, 1, 4] -> [1, 0, 1, 0, 2, 1, 4, 0] -> [1, 0, 1, 0, 2, 1, 4, 0, 3] -> [1, 0, 1, 0, 2, 1, 4, 0, 3, 4]
AsyncStartBFS: 6.1 ms, [] -> [1] -> [1, 0] -> [1, 0, 1] -> [1, 0, 1, 1] -> [1, 0, 1, 1, 0] -> [1, 0, 1, 1, 0, 0] -> [1, 0, 1, 1, 0, 0, 3] -> [1, 0, 1, 1, 0, 0, 3, 0] -> [1, 0, 1, 1, 0, 0, 3, 0, 1] -> [1, 0, 1, 1, 0, 0, 3, 0, 1, 0]
TasksBFS: 32.33 ms, [] -> [1] -> [1, 0] -> [1, 0, 2] -> [1, 0, 2, 1] -> [1, 0, 2, 1, 2] -> [1, 0, 2, 1, 2, 0] -> [1, 0, 2, 1, 2, 0, 3] -> [1, 0, 2, 1, 2, 0, 3, 3] -> [1, 0, 2, 1, 2, 0, 3, 3, 1] -> [1, 0, 2, 1, 2, 0, 3, 3, 1, 0]

problem_23.yaml
AsyncStartBFS: 5.15 ms, [] -> [0] -> [0, 1] -> [0, 1, 1] -> [0, 1, 1, 3] -> [0, 1, 1, 3, 1] -> [0, 1, 1, 3, 1, 2] -> [0, 1, 1, 3, 1, 2, 4] -> [0, 1, 1, 3, 1, 2, 4, 1] -> [0, 1, 1, 3, 1, 2, 4, 1, 3] -> [0, 1, 1, 3, 1, 2, 4, 1, 3, 4]
MultithreadBFS: 12.9 ms, [] -> [3] -> [3, 1] -> [3, 1, 0] -> [3, 1, 0, 1] -> [3, 1, 0, 1, 0] -> [3, 1, 0, 1, 0, 0] -> [3, 1, 0, 1, 0, 0, 2] -> [3, 1, 0, 1, 0, 0, 2, 4] -> [3, 1, 0, 1, 0, 0, 2, 4, 4] -> [3, 1, 0, 1, 0, 0, 2, 4, 4, 0]
SyncBFS: 241.36 ms, [] -> [0] -> [0, 0] -> [0, 0, 0] -> [0, 0, 0, 0] -> [0, 0, 0, 0, 1] -> [0, 0, 0, 0, 1, 4] -> [0, 0, 0, 0, 1, 4, 2] -> [0, 0, 0, 0, 1, 4, 2, 3] -> [0, 0, 0, 0, 1, 4, 2, 3, 4] -> [0, 0, 0, 0, 1, 4, 2, 3, 4, 2]
TasksBFS: 35.36 ms, [] -> [0] -> [0, 0] -> [0, 0, 2] -> [0, 0, 2, 1] -> [0, 0, 2, 1, 2] -> [0, 0, 2, 1, 2, 1] -> [0, 0, 2, 1, 2, 1, 3] -> [0, 0, 2, 1, 2, 1, 3, 2] -> [0, 0, 2, 1, 2, 1, 3, 2, 1] -> [0, 0, 2, 1, 2, 1, 3, 2, 1, 0]

problem_25.yaml
TasksBFS: 54.39 ms, [] -> [0] -> [0, 0] -> [0, 0, 0] -> [0, 0, 0, 1] -> [0, 0, 0, 1, 0] -> [0, 0, 0, 1, 0, 3] -> [0, 0, 0, 1, 0, 3, 2] -> [0, 0, 0, 1, 0, 3, 2, 4] -> [0, 0, 0, 1, 0, 3, 2, 4, 3] -> [0, 0, 0, 1, 0, 3, 2, 4, 3, 3]
AsyncStartBFS: 15.99 ms, [] -> [3] -> [3, 4] -> [3, 4, 2] -> [3, 4, 2, 2] -> [3, 4, 2, 2, 1] -> [3, 4, 2, 2, 1, 0] -> [3, 4, 2, 2, 1, 0, 0] -> [3, 4, 2, 2, 1, 0, 0, 1] -> [3, 4, 2, 2, 1, 0, 0, 1, 3] -> [3, 4, 2, 2, 1, 0, 0, 1, 3, 4]
SyncBFS: 405.95 ms, [] -> [0] -> [0, 0] -> [0, 0, 0] -> [0, 0, 0, 0] -> [0, 0, 0, 0, 3] -> [0, 0, 0, 0, 3, 3] -> [0, 0, 0, 0, 3, 3, 2] -> [0, 0, 0, 0, 3, 3, 2, 0] -> [0, 0, 0, 0, 3, 3, 2, 0, 2] -> [0, 0, 0, 0, 3, 3, 2, 0, 2, 0]
MultithreadBFS: 15.55 ms, [] -> [0] -> [0, 3] -> [0, 3, 3] -> [0, 3, 3, 0] -> [0, 3, 3, 0, 0] -> [0, 3, 3, 0, 0, 0] -> [0, 3, 3, 0, 0, 0, 0] -> [0, 3, 3, 0, 0, 0, 0, 4] -> [0, 3, 3, 0, 0, 0, 0, 4, 0] -> [0, 3, 3, 0, 0, 0, 0, 4, 0, 2]

problem_27.yaml
TasksBFS: 64 ms, [] -> [0] -> [0, 2] -> [0, 2, 0] -> [0, 2, 0, 0] -> [0, 2, 0, 0, 0] -> [0, 2, 0, 0, 0, 3] -> [0, 2, 0, 0, 0, 3, 2] -> [0, 2, 0, 0, 0, 3, 2, 3] -> [0, 2, 0, 0, 0, 3, 2, 3, 3] -> [0, 2, 0, 0, 0, 3, 2, 3, 3, 2]
MultithreadBFS: 28.19 ms, [] -> [0] -> [0, 1] -> [0, 1, 1] -> [0, 1, 1, 2] -> [0, 1, 1, 2, 0] -> [0, 1, 1, 2, 0, 2] -> [0, 1, 1, 2, 0, 2, 0] -> [0, 1, 1, 2, 0, 2, 0, 3] -> [0, 1, 1, 2, 0, 2, 0, 3, 3] -> [0, 1, 1, 2, 0, 2, 0, 3, 3, 4]
SyncBFS: 507.26 ms, [] -> [0] -> [0, 0] -> [0, 0, 0] -> [0, 0, 0, 0] -> [0, 0, 0, 0, 1] -> [0, 0, 0, 0, 1, 4] -> [0, 0, 0, 0, 1, 4, 4] -> [0, 0, 0, 0, 1, 4, 4, 0] -> [0, 0, 0, 0, 1, 4, 4, 0, 4] -> [0, 0, 0, 0, 1, 4, 4, 0, 4, 1]
AsyncStartBFS: 8.36 ms, [] -> [0] -> [0, 3] -> [0, 3, 3] -> [0, 3, 3, 1] -> [0, 3, 3, 1, 0] -> [0, 3, 3, 1, 0, 4] -> [0, 3, 3, 1, 0, 4, 2] -> [0, 3, 3, 1, 0, 4, 2, 4] -> [0, 3, 3, 1, 0, 4, 2, 4, 1] -> [0, 3, 3, 1, 0, 4, 2, 4, 1, 3]

problem_26.yaml
AsyncStartBFS: 4.72 ms, [] -> [0] -> [0, 2] -> [0, 2, 1] -> [0, 2, 1, 1] -> [0, 2, 1, 1, 2] -> [0, 2, 1, 1, 2, 0] -> [0, 2, 1, 1, 2, 0, 4] -> [0, 2, 1, 1, 2, 0, 4, 3] -> [0, 2, 1, 1, 2, 0, 4, 3, 0] -> [0, 2, 1, 1, 2, 0, 4, 3, 0, 0]
TasksBFS: 61.25 ms, [] -> [0] -> [0, 2] -> [0, 2, 1] -> [0, 2, 1, 1] -> [0, 2, 1, 1, 2] -> [0, 2, 1, 1, 2, 0] -> [0, 2, 1, 1, 2, 0, 4] -> [0, 2, 1, 1, 2, 0, 4, 3] -> [0, 2, 1, 1, 2, 0, 4, 3, 0] -> [0, 2, 1, 1, 2, 0, 4, 3, 0, 0]
SyncBFS: 428.77 ms, [] -> [0] -> [0, 1] -> [0, 1, 0] -> [0, 1, 0, 0] -> [0, 1, 0, 0, 0] -> [0, 1, 0, 0, 0, 1] -> [0, 1, 0, 0, 0, 1, 3] -> [0, 1, 0, 0, 0, 1, 3, 2] -> [0, 1, 0, 0, 0, 1, 3, 2, 3] -> [0, 1, 0, 0, 0, 1, 3, 2, 3, 0]
MultithreadBFS: 28.32 ms, [] -> [0] -> [0, 2] -> [0, 2, 1] -> [0, 2, 1, 1] -> [0, 2, 1, 1, 2] -> [0, 2, 1, 1, 2, 0] -> [0, 2, 1, 1, 2, 0, 4] -> [0, 2, 1, 1, 2, 0, 4, 3] -> [0, 2, 1, 1, 2, 0, 4, 3, 0] -> [0, 2, 1, 1, 2, 0, 4, 3, 0, 0]

problem_14.yaml
MultithreadBFS: 9 ms, [] -> [1] -> [1, 3] -> [1, 3, 3] -> [1, 3, 3, 2] -> [1, 3, 3, 2, 4] -> [1, 3, 3, 2, 4, 3] -> [1, 3, 3, 2, 4, 3, 3] -> [1, 3, 3, 2, 4, 3, 3, 0] -> [1, 3, 3, 2, 4, 3, 3, 0, 0] -> [1, 3, 3, 2, 4, 3, 3, 0, 0, 0]
SyncBFS: 366.6 ms, [] -> [1] -> [1, 0] -> [1, 0, 0] -> [1, 0, 0, 0] -> [1, 0, 0, 0, 1] -> [1, 0, 0, 0, 1, 0] -> [1, 0, 0, 0, 1, 0, 1] -> [1, 0, 0, 0, 1, 0, 1, 3] -> [1, 0, 0, 0, 1, 0, 1, 3, 0] -> [1, 0, 0, 0, 1, 0, 1, 3, 0, 2]
TasksBFS: 49.78 ms, [] -> [1] -> [1, 0] -> [1, 0, 3] -> [1, 0, 3, 4] -> [1, 0, 3, 4, 1] -> [1, 0, 3, 4, 1, 4] -> [1, 0, 3, 4, 1, 4, 4] -> [1, 0, 3, 4, 1, 4, 4, 4] -> [1, 0, 3, 4, 1, 4, 4, 4, 3] -> [1, 0, 3, 4, 1, 4, 4, 4, 3, 2]
AsyncStartBFS: 17.26 ms, [] -> [1] -> [1, 0] -> [1, 0, 0] -> [1, 0, 0, 0] -> [1, 0, 0, 0, 1] -> [1, 0, 0, 0, 1, 0] -> [1, 0, 0, 0, 1, 0, 1] -> [1, 0, 0, 0, 1, 0, 1, 3] -> [1, 0, 0, 0, 1, 0, 1, 3, 0] -> [1, 0, 0, 0, 1, 0, 1, 3, 0, 2]

problem_28.yaml
TasksBFS: 54.34 ms, [] -> [0] -> [0, 0] -> [0, 0, 0] -> [0, 0, 0, 2] -> [0, 0, 0, 2, 0] -> [0, 0, 0, 2, 0, 1] -> [0, 0, 0, 2, 0, 1, 4] -> [0, 0, 0, 2, 0, 1, 4, 2] -> [0, 0, 0, 2, 0, 1, 4, 2, 0] -> [0, 0, 0, 2, 0, 1, 4, 2, 0, 1]
MultithreadBFS: 18.91 ms, [] -> [0] -> [0, 2] -> [0, 2, 4] -> [0, 2, 4, 1] -> [0, 2, 4, 1, 2] -> [0, 2, 4, 1, 2, 0] -> [0, 2, 4, 1, 2, 0, 2] -> [0, 2, 4, 1, 2, 0, 2, 3] -> [0, 2, 4, 1, 2, 0, 2, 3, 1] -> [0, 2, 4, 1, 2, 0, 2, 3, 1, 4]
AsyncStartBFS: 12.22 ms, [] -> [0] -> [0, 0] -> [0, 0, 0] -> [0, 0, 0, 4] -> [0, 0, 0, 4, 0] -> [0, 0, 0, 4, 0, 0] -> [0, 0, 0, 4, 0, 0, 4] -> [0, 0, 0, 4, 0, 0, 4, 3] -> [0, 0, 0, 4, 0, 0, 4, 3, 0] -> [0, 0, 0, 4, 0, 0, 4, 3, 0, 4]
SyncBFS: 364.48 ms, [] -> [0] -> [0, 0] -> [0, 0, 0] -> [0, 0, 0, 0] -> [0, 0, 0, 0, 0] -> [0, 0, 0, 0, 0, 1] -> [0, 0, 0, 0, 0, 1, 0] -> [0, 0, 0, 0, 0, 1, 0, 0] -> [0, 0, 0, 0, 0, 1, 0, 0, 2] -> [0, 0, 0, 0, 0, 1, 0, 0, 2, 3]


[INFO] Results summary:
MultithreadBFS
	Average: 15.1862 ms
	Median: 14.745 ms
	Standard Deviation: 6.14477 ms
TasksBFS
	Average: 45.355 ms
	Median: 49.585 ms
	Standard Deviation: 14.7651 ms
AsyncStartBFS
	Average: 9.5246 ms
	Median: 7.99 ms
	Standard Deviation: 4.97663 ms
SyncBFS
	Average: 343.708 ms
	Median: 365.54 ms
	Standard Deviation: 102.421 ms
