problem_49.yaml
SyncBFS: 390.83 ms, [] -> [0] -> [0, 2] -> [0, 2, 0] -> [0, 2, 0, 2] -> [0, 2, 0, 2, 1] -> [0, 2, 0, 2, 1, 0] -> [0, 2, 0, 2, 1, 0, 0] -> [0, 2, 0, 2, 1, 0, 0, 1] -> [0, 2, 0, 2, 1, 0, 0, 1, 2] -> [0, 2, 0, 2, 1, 0, 0, 1, 2, 4]
MultithreadBFS: 23.89 ms, [] -> [0] -> [0, 2] -> [0, 2, 0] -> [0, 2, 0, 2] -> [0, 2, 0, 2, 1] -> [0, 2, 0, 2, 1, 0] -> [0, 2, 0, 2, 1, 0, 0] -> [0, 2, 0, 2, 1, 0, 0, 1] -> [0, 2, 0, 2, 1, 0, 0, 1, 2] -> [0, 2, 0, 2, 1, 0, 0, 1, 2, 4]
TasksBFS: 62.74 ms, [] -> [0] -> [0, 3] -> [0, 3, 1] -> [0, 3, 1, 2] -> [0, 3, 1, 2, 3] -> [0, 3, 1, 2, 3, 2] -> [0, 3, 1, 2, 3, 2, 3] -> [0, 3, 1, 2, 3, 2, 3, 3] -> [0, 3, 1, 2, 3, 2, 3, 3, 4] -> [0, 3, 1, 2, 3, 2, 3, 3, 4, 4]
AsyncStartBFS: 40.54 ms, [] -> [4] -> [4, 1] -> [4, 1, 3] -> [4, 1, 3, 2] -> [4, 1, 3, 2, 1] -> [4, 1, 3, 2, 1, 4] -> [4, 1, 3, 2, 1, 4, 0] -> [4, 1, 3, 2, 1, 4, 0, 1] -> [4, 1, 3, 2, 1, 4, 0, 1, 4] -> [4, 1, 3, 2, 1, 4, 0, 1, 4, 1]

problem_48.yaml
AsyncStartBFS: 22.26 ms, [] -> [0] -> [0, 3] -> [0, 3, 4] -> [0, 3, 4, 4] -> [0, 3, 4, 4, 2] -> [0, 3, 4, 4, 2, 0] -> [0, 3, 4, 4, 2, 0, 4] -> [0, 3, 4, 4, 2, 0, 4, 3] -> [0, 3, 4, 4, 2, 0, 4, 3, 1] -> [0, 3, 4, 4, 2, 0, 4, 3, 1, 3]
SyncBFS: 270.27 ms, [] -> [0] -> [0, 1] -> [0, 1, 2] -> [0, 1, 2, 3] -> [0, 1, 2, 3, 0] -> [0, 1, 2, 3, 0, 4] -> [0, 1, 2, 3, 0, 4, 0] -> [0, 1, 2, 3, 0, 4, 0, 0] -> [0, 1, 2, 3, 0, 4, 0, 0, 0] -> [0, 1, 2, 3, 0, 4, 0, 0, 0, 4]
TasksBFS: 44.09 ms, [] -> [0] -> [0, 2] -> [0, 2, 1] -> [0, 2, 1, 3] -> [0, 2, 1, 3, 1] -> [0, 2, 1, 3, 1, 2] -> [0, 2, 1, 3, 1, 2, 0] -> [0, 2, 1, 3, 1, 2, 0, 3] -> [0, 2, 1, 3, 1, 2, 0, 3, 1] -> [0, 2, 1, 3, 1, 2, 0, 3, 1, 3]
MultithreadBFS: 26.94 ms, [] -> [0] -> [0, 3] -> [0, 3, 4] -> [0, 3, 4, 4] -> [0, 3, 4, 4, 2] -> [0, 3, 4, 4, 2, 0] -> [0, 3, 4, 4, 2, 0, 4] -> [0, 3, 4, 4, 2, 0, 4, 3] -> [0, 3, 4, 4, 2, 0, 4, 3, 1] -> [0, 3, 4, 4, 2, 0, 4, 3, 1, 3]

problem_45.yaml
SyncBFS: 245.55 ms, [] -> [0] -> [0, 0] -> [0, 0, 3] -> [0, 0, 3, 4] -> [0, 0, 3, 4, 0] -> [0, 0, 3, 4, 0, 2] -> [0, 0, 3, 4, 0, 2, 1] -> [0, 0, 3, 4, 0, 2, 1, 2] -> [0, 0, 3, 4, 0, 2, 1, 2, 3] -> [0, 0, 3, 4, 0, 2, 1, 2, 3, 0]
TasksBFS: 41.9 ms, [] -> [0] -> [0, 0] -> [0, 0, 3] -> [0, 0, 3, 4] -> [0, 0, 3, 4, 0] -> [0, 0, 3, 4, 0, 2] -> [0, 0, 3, 4, 0, 2, 1] -> [0, 0, 3, 4, 0, 2, 1, 2] -> [0, 0, 3, 4, 0, 2, 1, 2, 3] -> [0, 0, 3, 4, 0, 2, 1, 2, 3, 0]
AsyncStartBFS: 16.2 ms, [] -> [0] -> [0, 0] -> [0, 0, 3] -> [0, 0, 3, 4] -> [0, 0, 3, 4, 0] -> [0, 0, 3, 4, 0, 2] -> [0, 0, 3, 4, 0, 2, 1] -> [0, 0, 3, 4, 0, 2, 1, 2] -> [0, 0, 3, 4, 0, 2, 1, 2, 3] -> [0, 0, 3, 4, 0, 2, 1, 2, 3, 0]
MultithreadBFS: 16.71 ms, [] -> [1] -> [1, 0] -> [1, 0, 1] -> [1, 0, 1, 1] -> [1, 0, 1, 1, 0] -> [1, 0, 1, 1, 0, 0] -> [1, 0, 1, 1, 0, 0, 0] -> [1, 0, 1, 1, 0, 0, 0, 4] -> [1, 0, 1, 1, 0, 0, 0, 4, 1] -> [1, 0, 1, 1, 0, 0, 0, 4, 1, 3]

problem_43.yaml
SyncBFS: 398.79 ms, [] -> [0] -> [0, 0] -> [0, 0, 0] -> [0, 0, 0, 0] -> [0, 0, 0, 0, 0] -> [0, 0, 0, 0, 0, 1] -> [0, 0, 0, 0, 0, 1, 0] -> [0, 0, 0, 0, 0, 1, 0, 4] -> [0, 0, 0, 0, 0, 1, 0, 4, 0] -> [0, 0, 0, 0, 0, 1, 0, 4, 0, 1]
MultithreadBFS: 17.97 ms, [] -> [0] -> [0, 1] -> [0, 1, 1] -> [0, 1, 1, 0] -> [0, 1, 1, 0, 0] -> [0, 1, 1, 0, 0, 1] -> [0, 1, 1, 0, 0, 1, 2] -> [0, 1, 1, 0, 0, 1, 2, 4] -> [0, 1, 1, 0, 0, 1, 2, 4, 3] -> [0, 1, 1, 0, 0, 1, 2, 4, 3, 0]
TasksBFS: 62.59 ms, [] -> [0] -> [0, 0] -> [0, 0, 0] -> [0, 0, 0, 2] -> [0, 0, 0, 2, 1] -> [0, 0, 0, 2, 1, 4] -> [0, 0, 0, 2, 1, 4, 2] -> [0, 0, 0, 2, 1, 4, 2, 0] -> [0, 0, 0, 2, 1, 4, 2, 0, 4] -> [0, 0, 0, 2, 1, 4, 2, 0, 4, 0]
AsyncStartBFS: 28.9 ms, [] -> [0] -> [0, 0] -> [0, 0, 0] -> [0, 0, 0, 0] -> [0, 0, 0, 0, 0] -> [0, 0, 0, 0, 0, 1] -> [0, 0, 0, 0, 0, 1, 0] -> [0, 0, 0, 0, 0, 1, 0, 4] -> [0, 0, 0, 0, 0, 1, 0, 4, 0] -> [0, 0, 0, 0, 0, 1, 0, 4, 0, 1]

problem_41.yaml
AsyncStartBFS: 21.99 ms, [] -> [3] -> [3, 0] -> [3, 0, 4] -> [3, 0, 4, 0] -> [3, 0, 4, 0, 4] -> [3, 0, 4, 0, 4, 4] -> [3, 0, 4, 0, 4, 4, 3] -> [3, 0, 4, 0, 4, 4, 3, 4] -> [3, 0, 4, 0, 4, 4, 3, 4, 0] -> [3, 0, 4, 0, 4, 4, 3, 4, 0, 4]
MultithreadBFS: 18.91 ms, [] -> [3] -> [3, 0] -> [3, 0, 4] -> [3, 0, 4, 0] -> [3, 0, 4, 0, 4] -> [3, 0, 4, 0, 4, 4] -> [3, 0, 4, 0, 4, 4, 3] -> [3, 0, 4, 0, 4, 4, 3, 4] -> [3, 0, 4, 0, 4, 4, 3, 4, 0] -> [3, 0, 4, 0, 4, 4, 3, 4, 0, 4]
TasksBFS: 53.6 ms, [] -> [3] -> [3, 0] -> [3, 0, 4] -> [3, 0, 4, 0] -> [3, 0, 4, 0, 4] -> [3, 0, 4, 0, 4, 4] -> [3, 0, 4, 0, 4, 4, 3] -> [3, 0, 4, 0, 4, 4, 3, 4] -> [3, 0, 4, 0, 4, 4, 3, 4, 0] -> [3, 0, 4, 0, 4, 4, 3, 4, 0, 4]
SyncBFS: 345.45 ms, [] -> [2] -> [2, 2] -> [2, 2, 2] -> [2, 2, 2, 4] -> [2, 2, 2, 4, 0] -> [2, 2, 2, 4, 0, 0] -> [2, 2, 2, 4, 0, 0, 0] -> [2, 2, 2, 4, 0, 0, 0, 2] -> [2, 2, 2, 4, 0, 0, 0, 2, 2] -> [2, 2, 2, 4, 0, 0, 0, 2, 2, 2]

problem_39.yaml
MultithreadBFS: 20.33 ms, [] -> [2] -> [2, 0] -> [2, 0, 3] -> [2, 0, 3, 0] -> [2, 0, 3, 0, 2] -> [2, 0, 3, 0, 2, 4] -> [2, 0, 3, 0, 2, 4, 1] -> [2, 0, 3, 0, 2, 4, 1, 4] -> [2, 0, 3, 0, 2, 4, 1, 4, 1] -> [2, 0, 3, 0, 2, 4, 1, 4, 1, 4]
TasksBFS: 44.06 ms, [] -> [1] -> [1, 0] -> [1, 0, 1] -> [1, 0, 1, 0] -> [1, 0, 1, 0, 2] -> [1, 0, 1, 0, 2, 3] -> [1, 0, 1, 0, 2, 3, 0] -> [1, 0, 1, 0, 2, 3, 0, 1] -> [1, 0, 1, 0, 2, 3, 0, 1, 0] -> [1, 0, 1, 0, 2, 3, 0, 1, 0, 0]
AsyncStartBFS: 25.14 ms, [] -> [1] -> [1, 0] -> [1, 0, 1] -> [1, 0, 1, 0] -> [1, 0, 1, 0, 2] -> [1, 0, 1, 0, 2, 3] -> [1, 0, 1, 0, 2, 3, 0] -> [1, 0, 1, 0, 2, 3, 0, 1] -> [1, 0, 1, 0, 2, 3, 0, 1, 0] -> [1, 0, 1, 0, 2, 3, 0, 1, 0, 0]
SyncBFS: 233.39 ms, [] -> [1] -> [1, 0] -> [1, 0, 1] -> [1, 0, 1, 0] -> [1, 0, 1, 0, 2] -> [1, 0, 1, 0, 2, 3] -> [1, 0, 1, 0, 2, 3, 0] -> [1, 0, 1, 0, 2, 3, 0, 1] -> [1, 0, 1, 0, 2, 3, 0, 1, 0] -> [1, 0, 1, 0, 2, 3, 0, 1, 0, 0]

problem_38.yaml
AsyncStartBFS: 43.12 ms, [] -> [4] -> [4, 4] -> [4, 4, 1] -> [4, 4, 1, 2] -> [4, 4, 1, 2, 2] -> [4, 4, 1, 2, 2, 3] -> [4, 4, 1, 2, 2, 3, 4] -> [4, 4, 1, 2, 2, 3, 4, 0] -> [4, 4, 1, 2, 2, 3, 4, 0, 3] -> [4, 4, 1, 2, 2, 3, 4, 0, 3, 3]
TasksBFS: 61.25 ms, [] -> [0] -> [0, 1] -> [0, 1, 4] -> [0, 1, 4, 4] -> [0, 1, 4, 4, 2] -> [0, 1, 4, 4, 2, 1] -> [0, 1, 4, 4, 2, 1, 0] -> [0, 1, 4, 4, 2, 1, 0, 3] -> [0, 1, 4, 4, 2, 1, 0, 3, 4] -> [0, 1, 4, 4, 2, 1, 0, 3, 4, 3]
SyncBFS: 413.82 ms, [] -> [0] -> [0, 1] -> [0, 1, 4] -> [0, 1, 4, 4] -> [0, 1, 4, 4, 2] -> [0, 1, 4, 4, 2, 1] -> [0, 1, 4, 4, 2, 1, 0] -> [0, 1, 4, 4, 2, 1, 0, 3] -> [0, 1, 4, 4, 2, 1, 0, 3, 4] -> [0, 1, 4, 4, 2, 1, 0, 3, 4, 3]
MultithreadBFS: 38.09 ms, [] -> [0] -> [0, 1] -> [0, 1, 4] -> [0, 1, 4, 4] -> [0, 1, 4, 4, 2] -> [0, 1, 4, 4, 2, 1] -> [0, 1, 4, 4, 2, 1, 0] -> [0, 1, 4, 4, 2, 1, 0, 3] -> [0, 1, 4, 4, 2, 1, 0, 3, 4] -> [0, 1, 4, 4, 2, 1, 0, 3, 4, 3]

problem_36.yaml
SyncBFS: 464.31 ms, [] -> [1] -> [1, 2] -> [1, 2, 3] -> [1, 2, 3, 0] -> [1, 2, 3, 0, 1] -> [1, 2, 3, 0, 1, 0] -> [1, 2, 3, 0, 1, 0, 2] -> [1, 2, 3, 0, 1, 0, 2, 4] -> [1, 2, 3, 0, 1, 0, 2, 4, 4] -> [1, 2, 3, 0, 1, 0, 2, 4, 4, 3]
TasksBFS: 59.62 ms, [] -> [1] -> [1, 3] -> [1, 3, 0] -> [1, 3, 0, 0] -> [1, 3, 0, 0, 2] -> [1, 3, 0, 0, 2, 3] -> [1, 3, 0, 0, 2, 3, 2] -> [1, 3, 0, 0, 2, 3, 2, 3] -> [1, 3, 0, 0, 2, 3, 2, 3, 0] -> [1, 3, 0, 0, 2, 3, 2, 3, 0, 0]
MultithreadBFS: 22.14 ms, [] -> [1] -> [1, 3] -> [1, 3, 0] -> [1, 3, 0, 0] -> [1, 3, 0, 0, 2] -> [1, 3, 0, 0, 2, 3] -> [1, 3, 0, 0, 2, 3, 2] -> [1, 3, 0, 0, 2, 3, 2, 3] -> [1, 3, 0, 0, 2, 3, 2, 3, 0] -> [1, 3, 0, 0, 2, 3, 2, 3, 0, 0]
AsyncStartBFS: 32.01 ms, [] -> [4] -> [4, 4] -> [4, 4, 1] -> [4, 4, 1, 0] -> [4, 4, 1, 0, 2] -> [4, 4, 1, 0, 2, 2] -> [4, 4, 1, 0, 2, 2, 2] -> [4, 4, 1, 0, 2, 2, 2, 4] -> [4, 4, 1, 0, 2, 2, 2, 4, 0] -> [4, 4, 1, 0, 2, 2, 2, 4, 0, 1]

problem_44.yaml
MultithreadBFS: 13.36 ms, [] -> [0] -> [0, 3] -> [0, 3, 3] -> [0, 3, 3, 0] -> [0, 3, 3, 0, 1] -> [0, 3, 3, 0, 1, 0] -> [0, 3, 3, 0, 1, 0, 3] -> [0, 3, 3, 0, 1, 0, 3, 0] -> [0, 3, 3, 0, 1, 0, 3, 0, 1] -> [0, 3, 3, 0, 1, 0, 3, 0, 1, 3]
TasksBFS: 41.43 ms, [] -> [0] -> [0, 3] -> [0, 3, 3] -> [0, 3, 3, 0] -> [0, 3, 3, 0, 1] -> [0, 3, 3, 0, 1, 0] -> [0, 3, 3, 0, 1, 0, 3] -> [0, 3, 3, 0, 1, 0, 3, 0] -> [0, 3, 3, 0, 1, 0, 3, 0, 1] -> [0, 3, 3, 0, 1, 0, 3, 0, 1, 3]
AsyncStartBFS: 22.3 ms, [] -> [0] -> [0, 0] -> [0, 0, 3] -> [0, 0, 3, 2] -> [0, 0, 3, 2, 4] -> [0, 0, 3, 2, 4, 1] -> [0, 0, 3, 2, 4, 1, 2] -> [0, 0, 3, 2, 4, 1, 2, 3] -> [0, 0, 3, 2, 4, 1, 2, 3, 2] -> [0, 0, 3, 2, 4, 1, 2, 3, 2, 4]
SyncBFS: 263.1 ms, [] -> [0] -> [0, 0] -> [0, 0, 3] -> [0, 0, 3, 2] -> [0, 0, 3, 2, 4] -> [0, 0, 3, 2, 4, 1] -> [0, 0, 3, 2, 4, 1, 2] -> [0, 0, 3, 2, 4, 1, 2, 3] -> [0, 0, 3, 2, 4, 1, 2, 3, 2] -> [0, 0, 3, 2, 4, 1, 2, 3, 2, 4]

problem_35.yaml
MultithreadBFS: 24.07 ms, [] -> [0] -> [0, 1] -> [0, 1, 0] -> [0, 1, 0, 3] -> [0, 1, 0, 3, 2] -> [0, 1, 0, 3, 2, 2] -> [0, 1, 0, 3, 2, 2, 0] -> [0, 1, 0, 3, 2, 2, 0, 4] -> [0, 1, 0, 3, 2, 2, 0, 4, 2] -> [0, 1, 0, 3, 2, 2, 0, 4, 2, 2]
TasksBFS: 69.24 ms, [] -> [0] -> [0, 3] -> [0, 3, 1] -> [0, 3, 1, 0] -> [0, 3, 1, 0, 0] -> [0, 3, 1, 0, 0, 4] -> [0, 3, 1, 0, 0, 4, 1] -> [0, 3, 1, 0, 0, 4, 1, 2] -> [0, 3, 1, 0, 0, 4, 1, 2, 3] -> [0, 3, 1, 0, 0, 4, 1, 2, 3, 3]
SyncBFS: 470.49 ms, [] -> [0] -> [0, 1] -> [0, 1, 0] -> [0, 1, 0, 3] -> [0, 1, 0, 3, 2] -> [0, 1, 0, 3, 2, 2] -> [0, 1, 0, 3, 2, 2, 0] -> [0, 1, 0, 3, 2, 2, 0, 4] -> [0, 1, 0, 3, 2, 2, 0, 4, 2] -> [0, 1, 0, 3, 2, 2, 0, 4, 2, 2]
AsyncStartBFS: 47.01 ms, [] -> [0] -> [0, 1] -> [0, 1, 0] -> [0, 1, 0, 3] -> [0, 1, 0, 3, 2] -> [0, 1, 0, 3, 2, 2] -> [0, 1, 0, 3, 2, 2, 0] -> [0, 1, 0, 3, 2, 2, 0, 4] -> [0, 1, 0, 3, 2, 2, 0, 4, 2] -> [0, 1, 0, 3, 2, 2, 0, 4, 2, 2]

problem_46.yaml
TasksBFS: 72.24 ms, [] -> [1] -> [1, 0] -> [1, 0, 0] -> [1, 0, 0, 3] -> [1, 0, 0, 3, 0] -> [1, 0, 0, 3, 0, 4] -> [1, 0, 0, 3, 0, 4, 1] -> [1, 0, 0, 3, 0, 4, 1, 2] -> [1, 0, 0, 3, 0, 4, 1, 2, 2] -> [1, 0, 0, 3, 0, 4, 1, 2, 2, 1]
SyncBFS: 382.14 ms, [] -> [1] -> [1, 0] -> [1, 0, 0] -> [1, 0, 0, 3] -> [1, 0, 0, 3, 0] -> [1, 0, 0, 3, 0, 4] -> [1, 0, 0, 3, 0, 4, 1] -> [1, 0, 0, 3, 0, 4, 1, 2] -> [1, 0, 0, 3, 0, 4, 1, 2, 2] -> [1, 0, 0, 3, 0, 4, 1, 2, 2, 1]
MultithreadBFS: 59.74 ms, [] -> [2] -> [2, 1] -> [2, 1, 2] -> [2, 1, 2, 3] -> [2, 1, 2, 3, 0] -> [2, 1, 2, 3, 0, 4] -> [2, 1, 2, 3, 0, 4, 0] -> [2, 1, 2, 3, 0, 4, 0, 0] -> [2, 1, 2, 3, 0, 4, 0, 0, 3] -> [2, 1, 2, 3, 0, 4, 0, 0, 3, 0]
AsyncStartBFS: 28.85 ms, [] -> [1] -> [1, 0] -> [1, 0, 0] -> [1, 0, 0, 3] -> [1, 0, 0, 3, 0] -> [1, 0, 0, 3, 0, 4] -> [1, 0, 0, 3, 0, 4, 1] -> [1, 0, 0, 3, 0, 4, 1, 2] -> [1, 0, 0, 3, 0, 4, 1, 2, 2] -> [1, 0, 0, 3, 0, 4, 1, 2, 2, 1]

problem_34.yaml
MultithreadBFS: 23.57 ms, [] -> [0] -> [0, 3] -> [0, 3, 1] -> [0, 3, 1, 0] -> [0, 3, 1, 0, 1] -> [0, 3, 1, 0, 1, 4] -> [0, 3, 1, 0, 1, 4, 3] -> [0, 3, 1, 0, 1, 4, 3, 4] -> [0, 3, 1, 0, 1, 4, 3, 4, 3] -> [0, 3, 1, 0, 1, 4, 3, 4, 3, 3]
TasksBFS: 70.32 ms, [] -> [1] -> [1, 1] -> [1, 1, 0] -> [1, 1, 0, 4] -> [1, 1, 0, 4, 1] -> [1, 1, 0, 4, 1, 1] -> [1, 1, 0, 4, 1, 1, 3] -> [1, 1, 0, 4, 1, 1, 3, 4] -> [1, 1, 0, 4, 1, 1, 3, 4, 4] -> [1, 1, 0, 4, 1, 1, 3, 4, 4, 3]
AsyncStartBFS: 47.99 ms, [] -> [0] -> [0, 3] -> [0, 3, 1] -> [0, 3, 1, 0] -> [0, 3, 1, 0, 1] -> [0, 3, 1, 0, 1, 4] -> [0, 3, 1, 0, 1, 4, 3] -> [0, 3, 1, 0, 1, 4, 3, 4] -> [0, 3, 1, 0, 1, 4, 3, 4, 3] -> [0, 3, 1, 0, 1, 4, 3, 4, 3, 3]
SyncBFS: 413.91 ms, [] -> [0] -> [0, 2] -> [0, 2, 0] -> [0, 2, 0, 2] -> [0, 2, 0, 2, 4] -> [0, 2, 0, 2, 4, 4] -> [0, 2, 0, 2, 4, 4, 2] -> [0, 2, 0, 2, 4, 4, 2, 2] -> [0, 2, 0, 2, 4, 4, 2, 2, 4] -> [0, 2, 0, 2, 4, 4, 2, 2, 4, 2]

problem_32.yaml
SyncBFS: 486.73 ms, [] -> [3] -> [3, 0] -> [3, 0, 2] -> [3, 0, 2, 3] -> [3, 0, 2, 3, 2] -> [3, 0, 2, 3, 2, 0] -> [3, 0, 2, 3, 2, 0, 0] -> [3, 0, 2, 3, 2, 0, 0, 1] -> [3, 0, 2, 3, 2, 0, 0, 1, 4] -> [3, 0, 2, 3, 2, 0, 0, 1, 4, 2]
MultithreadBFS: 315.83 ms, [] -> [3] -> [3, 0] -> [3, 0, 2] -> [3, 0, 2, 3] -> [3, 0, 2, 3, 2] -> [3, 0, 2, 3, 2, 0] -> [3, 0, 2, 3, 2, 0, 0] -> [3, 0, 2, 3, 2, 0, 0, 1] -> [3, 0, 2, 3, 2, 0, 0, 1, 4] -> [3, 0, 2, 3, 2, 0, 0, 1, 4, 2]
AsyncStartBFS: 51.27 ms, [] -> [3] -> [3, 2] -> [3, 2, 1] -> [3, 2, 1, 1] -> [3, 2, 1, 1, 2] -> [3, 2, 1, 1, 2, 0] -> [3, 2, 1, 1, 2, 0, 0] -> [3, 2, 1, 1, 2, 0, 0, 3] -> [3, 2, 1, 1, 2, 0, 0, 3, 2] -> [3, 2, 1, 1, 2, 0, 0, 3, 2, 2]
TasksBFS: 57.61 ms, [] -> [3] -> [3, 0] -> [3, 0, 2] -> [3, 0, 2, 3] -> [3, 0, 2, 3, 2] -> [3, 0, 2, 3, 2, 0] -> [3, 0, 2, 3, 2, 0, 0] -> [3, 0, 2, 3, 2, 0, 0, 1] -> [3, 0, 2, 3, 2, 0, 0, 1, 4] -> [3, 0, 2, 3, 2, 0, 0, 1, 4, 2]

problem_31.yaml
MultithreadBFS: 27.43 ms, [] -> [1] -> [1, 0] -> [1, 0, 3] -> [1, 0, 3, 4] -> [1, 0, 3, 4, 0] -> [1, 0, 3, 4, 0, 3] -> [1, 0, 3, 4, 0, 3, 0] -> [1, 0, 3, 4, 0, 3, 0, 3] -> [1, 0, 3, 4, 0, 3, 0, 3, 1] -> [1, 0, 3, 4, 0, 3, 0, 3, 1, 3]
TasksBFS: 70.51 ms, [] -> [1] -> [1, 2] -> [1, 2, 4] -> [1, 2, 4, 2] -> [1, 2, 4, 2, 0] -> [1, 2, 4, 2, 0, 0] -> [1, 2, 4, 2, 0, 0, 3] -> [1, 2, 4, 2, 0, 0, 3, 2] -> [1, 2, 4, 2, 0, 0, 3, 2, 3] -> [1, 2, 4, 2, 0, 0, 3, 2, 3, 1]
AsyncStartBFS: 54.5 ms, [] -> [3] -> [3, 3] -> [3, 3, 1] -> [3, 3, 1, 2] -> [3, 3, 1, 2, 4] -> [3, 3, 1, 2, 4, 3] -> [3, 3, 1, 2, 4, 3, 0] -> [3, 3, 1, 2, 4, 3, 0, 3] -> [3, 3, 1, 2, 4, 3, 0, 3, 3] -> [3, 3, 1, 2, 4, 3, 0, 3, 3, 2]
SyncBFS: 500.03 ms, [] -> [1] -> [1, 0] -> [1, 0, 3] -> [1, 0, 3, 4] -> [1, 0, 3, 4, 0] -> [1, 0, 3, 4, 0, 3] -> [1, 0, 3, 4, 0, 3, 0] -> [1, 0, 3, 4, 0, 3, 0, 3] -> [1, 0, 3, 4, 0, 3, 0, 3, 1] -> [1, 0, 3, 4, 0, 3, 0, 3, 1, 3]

problem_30.yaml
TasksBFS: 54.29 ms, [] -> [4] -> [4, 0] -> [4, 0, 1] -> [4, 0, 1, 1] -> [4, 0, 1, 1, 0] -> [4, 0, 1, 1, 0, 0] -> [4, 0, 1, 1, 0, 0, 1] -> [4, 0, 1, 1, 0, 0, 1, 2] -> [4, 0, 1, 1, 0, 0, 1, 2, 2] -> [4, 0, 1, 1, 0, 0, 1, 2, 2, 3]
AsyncStartBFS: 27.67 ms, [] -> [3] -> [3, 1] -> [3, 1, 4] -> [3, 1, 4, 1] -> [3, 1, 4, 1, 0] -> [3, 1, 4, 1, 0, 2] -> [3, 1, 4, 1, 0, 2, 4] -> [3, 1, 4, 1, 0, 2, 4, 3] -> [3, 1, 4, 1, 0, 2, 4, 3, 1] -> [3, 1, 4, 1, 0, 2, 4, 3, 1, 2]
SyncBFS: 298.59 ms, [] -> [3] -> [3, 0] -> [3, 0, 0] -> [3, 0, 0, 0] -> [3, 0, 0, 0, 4] -> [3, 0, 0, 0, 4, 0] -> [3, 0, 0, 0, 4, 0, 4] -> [3, 0, 0, 0, 4, 0, 4, 0] -> [3, 0, 0, 0, 4, 0, 4, 0, 3] -> [3, 0, 0, 0, 4, 0, 4, 0, 3, 3]
MultithreadBFS: 15.97 ms, [] -> [3] -> [3, 0] -> [3, 0, 0] -> [3, 0, 0, 0] -> [3, 0, 0, 0, 4] -> [3, 0, 0, 0, 4, 0] -> [3, 0, 0, 0, 4, 0, 4] -> [3, 0, 0, 0, 4, 0, 4, 0] -> [3, 0, 0, 0, 4, 0, 4, 0, 3] -> [3, 0, 0, 0, 4, 0, 4, 0, 3, 3]

problem_10.yaml
MultithreadBFS: 22.67 ms, [] -> [0] -> [0, 3] -> [0, 3, 3] -> [0, 3, 3, 1] -> [0, 3, 3, 1, 1] -> [0, 3, 3, 1, 1, 3] -> [0, 3, 3, 1, 1, 3, 1] -> [0, 3, 3, 1, 1, 3, 1, 4] -> [0, 3, 3, 1, 1, 3, 1, 4, 3] -> [0, 3, 3, 1, 1, 3, 1, 4, 3, 3]
TasksBFS: 67.6 ms, [] -> [0] -> [0, 3] -> [0, 3, 3] -> [0, 3, 3, 1] -> [0, 3, 3, 1, 1] -> [0, 3, 3, 1, 1, 3] -> [0, 3, 3, 1, 1, 3, 1] -> [0, 3, 3, 1, 1, 3, 1, 4] -> [0, 3, 3, 1, 1, 3, 1, 4, 3] -> [0, 3, 3, 1, 1, 3, 1, 4, 3, 3]
SyncBFS: 462.09 ms, [] -> [0] -> [0, 2] -> [0, 2, 2] -> [0, 2, 2, 4] -> [0, 2, 2, 4, 3] -> [0, 2, 2, 4, 3, 3] -> [0, 2, 2, 4, 3, 3, 3] -> [0, 2, 2, 4, 3, 3, 3, 2] -> [0, 2, 2, 4, 3, 3, 3, 2, 0] -> [0, 2, 2, 4, 3, 3, 3, 2, 0, 2]
AsyncStartBFS: 37.59 ms, [] -> [2] -> [2, 4] -> [2, 4, 1] -> [2, 4, 1, 1] -> [2, 4, 1, 1, 1] -> [2, 4, 1, 1, 1, 3] -> [2, 4, 1, 1, 1, 3, 0] -> [2, 4, 1, 1, 1, 3, 0, 2] -> [2, 4, 1, 1, 1, 3, 0, 2, 2] -> [2, 4, 1, 1, 1, 3, 0, 2, 2, 0]

problem_09.yaml
MultithreadBFS: 14.58 ms, [] -> [1] -> [1, 4] -> [1, 4, 3] -> [1, 4, 3, 2] -> [1, 4, 3, 2, 1] -> [1, 4, 3, 2, 1, 1] -> [1, 4, 3, 2, 1, 1, 1] -> [1, 4, 3, 2, 1, 1, 1, 1] -> [1, 4, 3, 2, 1, 1, 1, 1, 0] -> [1, 4, 3, 2, 1, 1, 1, 1, 0, 0]
SyncBFS: 229.14 ms, [] -> [1] -> [1, 0] -> [1, 0, 3] -> [1, 0, 3, 4] -> [1, 0, 3, 4, 0] -> [1, 0, 3, 4, 0, 2] -> [1, 0, 3, 4, 0, 2, 3] -> [1, 0, 3, 4, 0, 2, 3, 0] -> [1, 0, 3, 4, 0, 2, 3, 0, 4] -> [1, 0, 3, 4, 0, 2, 3, 0, 4, 0]
TasksBFS: 35.71 ms, [] -> [3] -> [3, 3] -> [3, 3, 2] -> [3, 3, 2, 1] -> [3, 3, 2, 1, 0] -> [3, 3, 2, 1, 0, 3] -> [3, 3, 2, 1, 0, 3, 4] -> [3, 3, 2, 1, 0, 3, 4, 2] -> [3, 3, 2, 1, 0, 3, 4, 2, 1] -> [3, 3, 2, 1, 0, 3, 4, 2, 1, 2]
AsyncStartBFS: 13.69 ms, [] -> [1] -> [1, 0] -> [1, 0, 4] -> [1, 0, 4, 2] -> [1, 0, 4, 2, 1] -> [1, 0, 4, 2, 1, 3] -> [1, 0, 4, 2, 1, 3, 2] -> [1, 0, 4, 2, 1, 3, 2, 0] -> [1, 0, 4, 2, 1, 3, 2, 0, 3] -> [1, 0, 4, 2, 1, 3, 2, 0, 3, 0]

problem_12.yaml
TasksBFS: 79.35 ms, [] -> [1] -> [1, 1] -> [1, 1, 2] -> [1, 1, 2, 3] -> [1, 1, 2, 3, 4] -> [1, 1, 2, 3, 4, 1] -> [1, 1, 2, 3, 4, 1, 1] -> [1, 1, 2, 3, 4, 1, 1, 4] -> [1, 1, 2, 3, 4, 1, 1, 4, 2] -> [1, 1, 2, 3, 4, 1, 1, 4, 2, 3]
SyncBFS: 489.93 ms, [] -> [0] -> [0, 1] -> [0, 1, 4] -> [0, 1, 4, 3] -> [0, 1, 4, 3, 2] -> [0, 1, 4, 3, 2, 1] -> [0, 1, 4, 3, 2, 1, 3] -> [0, 1, 4, 3, 2, 1, 3, 4] -> [0, 1, 4, 3, 2, 1, 3, 4, 0] -> [0, 1, 4, 3, 2, 1, 3, 4, 0, 4]
AsyncStartBFS: 57.27 ms, [] -> [3] -> [3, 0] -> [3, 0, 4] -> [3, 0, 4, 1] -> [3, 0, 4, 1, 2] -> [3, 0, 4, 1, 2, 0] -> [3, 0, 4, 1, 2, 0, 3] -> [3, 0, 4, 1, 2, 0, 3, 4] -> [3, 0, 4, 1, 2, 0, 3, 4, 3] -> [3, 0, 4, 1, 2, 0, 3, 4, 3, 0]
MultithreadBFS: 26.99 ms, [] -> [0] -> [0, 4] -> [0, 4, 2] -> [0, 4, 2, 2] -> [0, 4, 2, 2, 2] -> [0, 4, 2, 2, 2, 2] -> [0, 4, 2, 2, 2, 2, 2] -> [0, 4, 2, 2, 2, 2, 2, 2] -> [0, 4, 2, 2, 2, 2, 2, 2, 0] -> [0, 4, 2, 2, 2, 2, 2, 2, 0, 0]

problem_47.yaml
AsyncStartBFS: 3.83 ms, [] -> [1] -> [1, 1] -> [1, 1, 3] -> [1, 1, 3, 2] -> [1, 1, 3, 2, 4] -> [1, 1, 3, 2, 4, 4] -> [1, 1, 3, 2, 4, 4, 0] -> [1, 1, 3, 2, 4, 4, 0, 4] -> [1, 1, 3, 2, 4, 4, 0, 4, 4] -> [1, 1, 3, 2, 4, 4, 0, 4, 4, 1]
TasksBFS: 17.4 ms, [] -> [1] -> [1, 2] -> [1, 2, 3] -> [1, 2, 3, 1] -> [1, 2, 3, 1, 4] -> [1, 2, 3, 1, 4, 1] -> [1, 2, 3, 1, 4, 1, 0] -> [1, 2, 3, 1, 4, 1, 0, 0] -> [1, 2, 3, 1, 4, 1, 0, 0, 3] -> [1, 2, 3, 1, 4, 1, 0, 0, 3, 3]
SyncBFS: 110.64 ms, [] -> [1] -> [1, 1] -> [1, 1, 3] -> [1, 1, 3, 2] -> [1, 1, 3, 2, 4] -> [1, 1, 3, 2, 4, 4] -> [1, 1, 3, 2, 4, 4, 0] -> [1, 1, 3, 2, 4, 4, 0, 4] -> [1, 1, 3, 2, 4, 4, 0, 4, 4] -> [1, 1, 3, 2, 4, 4, 0, 4, 4, 1]
MultithreadBFS: 10.64 ms, [] -> [1] -> [1, 1] -> [1, 1, 3] -> [1, 1, 3, 2] -> [1, 1, 3, 2, 4] -> [1, 1, 3, 2, 4, 4] -> [1, 1, 3, 2, 4, 4, 0] -> [1, 1, 3, 2, 4, 4, 0, 4] -> [1, 1, 3, 2, 4, 4, 0, 4, 4] -> [1, 1, 3, 2, 4, 4, 0, 4, 4, 1]

problem_11.yaml
TasksBFS: 68.2 ms, [] -> [2] -> [2, 1] -> [2, 1, 4] -> [2, 1, 4, 0] -> [2, 1, 4, 0, 3] -> [2, 1, 4, 0, 3, 3] -> [2, 1, 4, 0, 3, 3, 2] -> [2, 1, 4, 0, 3, 3, 2, 4] -> [2, 1, 4, 0, 3, 3, 2, 4, 4] -> [2, 1, 4, 0, 3, 3, 2, 4, 4, 1]
SyncBFS: 404 ms, [] -> [0] -> [0, 2] -> [0, 2, 4] -> [0, 2, 4, 4] -> [0, 2, 4, 4, 0] -> [0, 2, 4, 4, 0, 4] -> [0, 2, 4, 4, 0, 4, 1] -> [0, 2, 4, 4, 0, 4, 1, 0] -> [0, 2, 4, 4, 0, 4, 1, 0, 2] -> [0, 2, 4, 4, 0, 4, 1, 0, 2, 0]
AsyncStartBFS: 54.01 ms, [] -> [0] -> [0, 2] -> [0, 2, 4] -> [0, 2, 4, 4] -> [0, 2, 4, 4, 0] -> [0, 2, 4, 4, 0, 4] -> [0, 2, 4, 4, 0, 4, 1] -> [0, 2, 4, 4, 0, 4, 1, 0] -> [0, 2, 4, 4, 0, 4, 1, 0, 2] -> [0, 2, 4, 4, 0, 4, 1, 0, 2, 0]
MultithreadBFS: 18.67 ms, [] -> [2] -> [2, 1] -> [2, 1, 4] -> [2, 1, 4, 0] -> [2, 1, 4, 0, 3] -> [2, 1, 4, 0, 3, 3] -> [2, 1, 4, 0, 3, 3, 2] -> [2, 1, 4, 0, 3, 3, 2, 4] -> [2, 1, 4, 0, 3, 3, 2, 4, 4] -> [2, 1, 4, 0, 3, 3, 2, 4, 4, 1]

problem_01.yaml
SyncBFS: 243.51 ms, [] -> [0] -> [0, 0] -> [0, 0, 3] -> [0, 0, 3, 2] -> [0, 0, 3, 2, 3] -> [0, 0, 3, 2, 3, 1] -> [0, 0, 3, 2, 3, 1, 2] -> [0, 0, 3, 2, 3, 1, 2, 0] -> [0, 0, 3, 2, 3, 1, 2, 0, 4] -> [0, 0, 3, 2, 3, 1, 2, 0, 4, 1]
TasksBFS: 42.49 ms, [] -> [0] -> [0, 0] -> [0, 0, 3] -> [0, 0, 3, 2] -> [0, 0, 3, 2, 3] -> [0, 0, 3, 2, 3, 1] -> [0, 0, 3, 2, 3, 1, 2] -> [0, 0, 3, 2, 3, 1, 2, 0] -> [0, 0, 3, 2, 3, 1, 2, 0, 4] -> [0, 0, 3, 2, 3, 1, 2, 0, 4, 1]
AsyncStartBFS: 29.76 ms, [] -> [2] -> [2, 1] -> [2, 1, 2] -> [2, 1, 2, 1] -> [2, 1, 2, 1, 3] -> [2, 1, 2, 1, 3, 2] -> [2, 1, 2, 1, 3, 2, 0] -> [2, 1, 2, 1, 3, 2, 0, 4] -> [2, 1, 2, 1, 3, 2, 0, 4, 3] -> [2, 1, 2, 1, 3, 2, 0, 4, 3, 3]
MultithreadBFS: 14.98 ms, [] -> [2] -> [2, 1] -> [2, 1, 2] -> [2, 1, 2, 1] -> [2, 1, 2, 1, 3] -> [2, 1, 2, 1, 3, 2] -> [2, 1, 2, 1, 3, 2, 0] -> [2, 1, 2, 1, 3, 2, 0, 4] -> [2, 1, 2, 1, 3, 2, 0, 4, 3] -> [2, 1, 2, 1, 3, 2, 0, 4, 3, 3]

problem_08.yaml
MultithreadBFS: 17.46 ms, [] -> [0] -> [0, 4] -> [0, 4, 4] -> [0, 4, 4, 0] -> [0, 4, 4, 0, 0] -> [0, 4, 4, 0, 0, 0] -> [0, 4, 4, 0, 0, 0, 4] -> [0, 4, 4, 0, 0, 0, 4, 3] -> [0, 4, 4, 0, 0, 0, 4, 3, 1] -> [0, 4, 4, 0, 0, 0, 4, 3, 1, 2]
AsyncStartBFS: 8.99 ms, [] -> [0] -> [0, 4] -> [0, 4, 4] -> [0, 4, 4, 0] -> [0, 4, 4, 0, 0] -> [0, 4, 4, 0, 0, 0] -> [0, 4, 4, 0, 0, 0, 4] -> [0, 4, 4, 0, 0, 0, 4, 3] -> [0, 4, 4, 0, 0, 0, 4, 3, 1] -> [0, 4, 4, 0, 0, 0, 4, 3, 1, 2]
TasksBFS: 54.73 ms, [] -> [0] -> [0, 4] -> [0, 4, 4] -> [0, 4, 4, 0] -> [0, 4, 4, 0, 0] -> [0, 4, 4, 0, 0, 0] -> [0, 4, 4, 0, 0, 0, 4] -> [0, 4, 4, 0, 0, 0, 4, 3] -> [0, 4, 4, 0, 0, 0, 4, 3, 1] -> [0, 4, 4, 0, 0, 0, 4, 3, 1, 2]
SyncBFS: 391.19 ms, [] -> [0] -> [0, 0] -> [0, 0, 3] -> [0, 0, 3, 0] -> [0, 0, 3, 0, 3] -> [0, 0, 3, 0, 3, 0] -> [0, 0, 3, 0, 3, 0, 1] -> [0, 0, 3, 0, 3, 0, 1, 2] -> [0, 0, 3, 0, 3, 0, 1, 2, 0] -> [0, 0, 3, 0, 3, 0, 1, 2, 0, 4]

problem_06.yaml
AsyncStartBFS: 14.13 ms, [] -> [2] -> [2, 1] -> [2, 1, 0] -> [2, 1, 0, 0] -> [2, 1, 0, 0, 0] -> [2, 1, 0, 0, 0, 4] -> [2, 1, 0, 0, 0, 4, 0] -> [2, 1, 0, 0, 0, 4, 0, 2] -> [2, 1, 0, 0, 0, 4, 0, 2, 3] -> [2, 1, 0, 0, 0, 4, 0, 2, 3, 4]
TasksBFS: 53.99 ms, [] -> [2] -> [2, 1] -> [2, 1, 0] -> [2, 1, 0, 0] -> [2, 1, 0, 0, 0] -> [2, 1, 0, 0, 0, 4] -> [2, 1, 0, 0, 0, 4, 0] -> [2, 1, 0, 0, 0, 4, 0, 2] -> [2, 1, 0, 0, 0, 4, 0, 2, 3] -> [2, 1, 0, 0, 0, 4, 0, 2, 3, 4]
SyncBFS: 361.49 ms, [] -> [0] -> [0, 1] -> [0, 1, 0] -> [0, 1, 0, 2] -> [0, 1, 0, 2, 1] -> [0, 1, 0, 2, 1, 2] -> [0, 1, 0, 2, 1, 2, 1] -> [0, 1, 0, 2, 1, 2, 1, 4] -> [0, 1, 0, 2, 1, 2, 1, 4, 2] -> [0, 1, 0, 2, 1, 2, 1, 4, 2, 4]
MultithreadBFS: 36.05 ms, [] -> [2] -> [2, 1] -> [2, 1, 0] -> [2, 1, 0, 0] -> [2, 1, 0, 0, 0] -> [2, 1, 0, 0, 0, 4] -> [2, 1, 0, 0, 0, 4, 0] -> [2, 1, 0, 0, 0, 4, 0, 2] -> [2, 1, 0, 0, 0, 4, 0, 2, 3] -> [2, 1, 0, 0, 0, 4, 0, 2, 3, 4]

problem_19.yaml
TasksBFS: 76.58 ms, [] -> [0] -> [0, 1] -> [0, 1, 4] -> [0, 1, 4, 1] -> [0, 1, 4, 1, 0] -> [0, 1, 4, 1, 0, 0] -> [0, 1, 4, 1, 0, 0, 3] -> [0, 1, 4, 1, 0, 0, 3, 1] -> [0, 1, 4, 1, 0, 0, 3, 1, 2] -> [0, 1, 4, 1, 0, 0, 3, 1, 2, 3]
SyncBFS: 438.15 ms, [] -> [0] -> [0, 0] -> [0, 0, 3] -> [0, 0, 3, 1] -> [0, 0, 3, 1, 2] -> [0, 0, 3, 1, 2, 4] -> [0, 0, 3, 1, 2, 4, 2] -> [0, 0, 3, 1, 2, 4, 2, 0] -> [0, 0, 3, 1, 2, 4, 2, 0, 3] -> [0, 0, 3, 1, 2, 4, 2, 0, 3, 0]
AsyncStartBFS: 43.33 ms, [] -> [3] -> [3, 2] -> [3, 2, 4] -> [3, 2, 4, 0] -> [3, 2, 4, 0, 0] -> [3, 2, 4, 0, 0, 0] -> [3, 2, 4, 0, 0, 0, 4] -> [3, 2, 4, 0, 0, 0, 4, 1] -> [3, 2, 4, 0, 0, 0, 4, 1, 3] -> [3, 2, 4, 0, 0, 0, 4, 1, 3, 0]
MultithreadBFS: 21.37 ms, [] -> [0] -> [0, 1] -> [0, 1, 4] -> [0, 1, 4, 1] -> [0, 1, 4, 1, 0] -> [0, 1, 4, 1, 0, 0] -> [0, 1, 4, 1, 0, 0, 3] -> [0, 1, 4, 1, 0, 0, 3, 1] -> [0, 1, 4, 1, 0, 0, 3, 1, 2] -> [0, 1, 4, 1, 0, 0, 3, 1, 2, 3]

problem_40.yaml
AsyncStartBFS: 42.86 ms, [] -> [2] -> [2, 2] -> [2, 2, 3] -> [2, 2, 3, 1] -> [2, 2, 3, 1, 1] -> [2, 2, 3, 1, 1, 1] -> [2, 2, 3, 1, 1, 1, 1] -> [2, 2, 3, 1, 1, 1, 1, 3] -> [2, 2, 3, 1, 1, 1, 1, 3, 0] -> [2, 2, 3, 1, 1, 1, 1, 3, 0, 1]
TasksBFS: 60.67 ms, [] -> [2] -> [2, 2] -> [2, 2, 3] -> [2, 2, 3, 1] -> [2, 2, 3, 1, 1] -> [2, 2, 3, 1, 1, 1] -> [2, 2, 3, 1, 1, 1, 1] -> [2, 2, 3, 1, 1, 1, 1, 3] -> [2, 2, 3, 1, 1, 1, 1, 3, 0] -> [2, 2, 3, 1, 1, 1, 1, 3, 0, 1]
MultithreadBFS: 34.5 ms, [] -> [2] -> [2, 2] -> [2, 2, 0] -> [2, 2, 0, 4] -> [2, 2, 0, 4, 3] -> [2, 2, 0, 4, 3, 0] -> [2, 2, 0, 4, 3, 0, 2] -> [2, 2, 0, 4, 3, 0, 2, 3] -> [2, 2, 0, 4, 3, 0, 2, 3, 4] -> [2, 2, 0, 4, 3, 0, 2, 3, 4, 4]
SyncBFS: 462.16 ms, [] -> [2] -> [2, 2] -> [2, 2, 0] -> [2, 2, 0, 4] -> [2, 2, 0, 4, 3] -> [2, 2, 0, 4, 3, 0] -> [2, 2, 0, 4, 3, 0, 2] -> [2, 2, 0, 4, 3, 0, 2, 3] -> [2, 2, 0, 4, 3, 0, 2, 3, 4] -> [2, 2, 0, 4, 3, 0, 2, 3, 4, 4]

problem_04.yaml
TasksBFS: 49.8 ms, [] -> [1] -> [1, 0] -> [1, 0, 3] -> [1, 0, 3, 4] -> [1, 0, 3, 4, 0] -> [1, 0, 3, 4, 0, 1] -> [1, 0, 3, 4, 0, 1, 4] -> [1, 0, 3, 4, 0, 1, 4, 1] -> [1, 0, 3, 4, 0, 1, 4, 1, 3] -> [1, 0, 3, 4, 0, 1, 4, 1, 3, 1]
MultithreadBFS: 28.37 ms, [] -> [3] -> [3, 1] -> [3, 1, 2] -> [3, 1, 2, 2] -> [3, 1, 2, 2, 2] -> [3, 1, 2, 2, 2, 3] -> [3, 1, 2, 2, 2, 3, 1] -> [3, 1, 2, 2, 2, 3, 1, 1] -> [3, 1, 2, 2, 2, 3, 1, 1, 3] -> [3, 1, 2, 2, 2, 3, 1, 1, 3, 1]
AsyncStartBFS: 9.28 ms, [] -> [1] -> [1, 0] -> [1, 0, 3] -> [1, 0, 3, 4] -> [1, 0, 3, 4, 0] -> [1, 0, 3, 4, 0, 1] -> [1, 0, 3, 4, 0, 1, 4] -> [1, 0, 3, 4, 0, 1, 4, 1] -> [1, 0, 3, 4, 0, 1, 4, 1, 3] -> [1, 0, 3, 4, 0, 1, 4, 1, 3, 1]
SyncBFS: 253.8 ms, [] -> [1] -> [1, 0] -> [1, 0, 3] -> [1, 0, 3, 4] -> [1, 0, 3, 4, 0] -> [1, 0, 3, 4, 0, 1] -> [1, 0, 3, 4, 0, 1, 4] -> [1, 0, 3, 4, 0, 1, 4, 1] -> [1, 0, 3, 4, 0, 1, 4, 1, 3] -> [1, 0, 3, 4, 0, 1, 4, 1, 3, 1]

problem_33.yaml
SyncBFS: 224.51 ms, [] -> [0] -> [0, 0] -> [0, 0, 1] -> [0, 0, 1, 2] -> [0, 0, 1, 2, 4] -> [0, 0, 1, 2, 4, 2] -> [0, 0, 1, 2, 4, 2, 3] -> [0, 0, 1, 2, 4, 2, 3, 4] -> [0, 0, 1, 2, 4, 2, 3, 4, 1] -> [0, 0, 1, 2, 4, 2, 3, 4, 1, 0]
AsyncStartBFS: 19.74 ms, [] -> [0] -> [0, 2] -> [0, 2, 0] -> [0, 2, 0, 4] -> [0, 2, 0, 4, 2] -> [0, 2, 0, 4, 2, 0] -> [0, 2, 0, 4, 2, 0, 2] -> [0, 2, 0, 4, 2, 0, 2, 2] -> [0, 2, 0, 4, 2, 0, 2, 2, 4] -> [0, 2, 0, 4, 2, 0, 2, 2, 4, 3]
MultithreadBFS: 16.52 ms, [] -> [2] -> [2, 4] -> [2, 4, 1] -> [2, 4, 1, 2] -> [2, 4, 1, 2, 3] -> [2, 4, 1, 2, 3, 3] -> [2, 4, 1, 2, 3, 3, 2] -> [2, 4, 1, 2, 3, 3, 2, 1] -> [2, 4, 1, 2, 3, 3, 2, 1, 4] -> [2, 4, 1, 2, 3, 3, 2, 1, 4, 1]
TasksBFS: 40.41 ms, [] -> [2] -> [2, 4] -> [2, 4, 1] -> [2, 4, 1, 2] -> [2, 4, 1, 2, 3] -> [2, 4, 1, 2, 3, 3] -> [2, 4, 1, 2, 3, 3, 2] -> [2, 4, 1, 2, 3, 3, 2, 1] -> [2, 4, 1, 2, 3, 3, 2, 1, 4] -> [2, 4, 1, 2, 3, 3, 2, 1, 4, 1]

problem_21.yaml
MultithreadBFS: 54.36 ms, [] -> [4] -> [4, 1] -> [4, 1, 1] -> [4, 1, 1, 3] -> [4, 1, 1, 3, 4] -> [4, 1, 1, 3, 4, 1] -> [4, 1, 1, 3, 4, 1, 4] -> [4, 1, 1, 3, 4, 1, 4, 4] -> [4, 1, 1, 3, 4, 1, 4, 4, 1] -> [4, 1, 1, 3, 4, 1, 4, 4, 1, 4]
TasksBFS: 47.09 ms, [] -> [4] -> [4, 4] -> [4, 4, 1] -> [4, 4, 1, 1] -> [4, 4, 1, 1, 4] -> [4, 4, 1, 1, 4, 2] -> [4, 4, 1, 1, 4, 2, 4] -> [4, 4, 1, 1, 4, 2, 4, 2] -> [4, 4, 1, 1, 4, 2, 4, 2, 0] -> [4, 4, 1, 1, 4, 2, 4, 2, 0, 1]
SyncBFS: 377.92 ms, [] -> [4] -> [4, 1] -> [4, 1, 1] -> [4, 1, 1, 3] -> [4, 1, 1, 3, 4] -> [4, 1, 1, 3, 4, 1] -> [4, 1, 1, 3, 4, 1, 4] -> [4, 1, 1, 3, 4, 1, 4, 4] -> [4, 1, 1, 3, 4, 1, 4, 4, 1] -> [4, 1, 1, 3, 4, 1, 4, 4, 1, 4]
AsyncStartBFS: 43.87 ms, [] -> [4] -> [4, 4] -> [4, 4, 1] -> [4, 4, 1, 1] -> [4, 4, 1, 1, 4] -> [4, 4, 1, 1, 4, 2] -> [4, 4, 1, 1, 4, 2, 4] -> [4, 4, 1, 1, 4, 2, 4, 2] -> [4, 4, 1, 1, 4, 2, 4, 2, 0] -> [4, 4, 1, 1, 4, 2, 4, 2, 0, 1]

problem_24.yaml
MultithreadBFS: 27.45 ms, [] -> [0] -> [0, 3] -> [0, 3, 1] -> [0, 3, 1, 1] -> [0, 3, 1, 1, 2] -> [0, 3, 1, 1, 2, 3] -> [0, 3, 1, 1, 2, 3, 3] -> [0, 3, 1, 1, 2, 3, 3, 3] -> [0, 3, 1, 1, 2, 3, 3, 3, 0] -> [0, 3, 1, 1, 2, 3, 3, 3, 0, 2]
SyncBFS: 377.32 ms, [] -> [0] -> [0, 0] -> [0, 0, 1] -> [0, 0, 1, 3] -> [0, 0, 1, 3, 1] -> [0, 0, 1, 3, 1, 4] -> [0, 0, 1, 3, 1, 4, 1] -> [0, 0, 1, 3, 1, 4, 1, 4] -> [0, 0, 1, 3, 1, 4, 1, 4, 4] -> [0, 0, 1, 3, 1, 4, 1, 4, 4, 1]
AsyncStartBFS: 30.23 ms, [] -> [0] -> [0, 0] -> [0, 0, 2] -> [0, 0, 2, 4] -> [0, 0, 2, 4, 3] -> [0, 0, 2, 4, 3, 3] -> [0, 0, 2, 4, 3, 3, 1] -> [0, 0, 2, 4, 3, 3, 1, 2] -> [0, 0, 2, 4, 3, 3, 1, 2, 3] -> [0, 0, 2, 4, 3, 3, 1, 2, 3, 1]
TasksBFS: 61.68 ms, [] -> [0] -> [0, 0] -> [0, 0, 2] -> [0, 0, 2, 4] -> [0, 0, 2, 4, 3] -> [0, 0, 2, 4, 3, 3] -> [0, 0, 2, 4, 3, 3, 1] -> [0, 0, 2, 4, 3, 3, 1, 2] -> [0, 0, 2, 4, 3, 3, 1, 2, 3] -> [0, 0, 2, 4, 3, 3, 1, 2, 3, 1]

problem_03.yaml
AsyncStartBFS: 26.13 ms, [] -> [0] -> [0, 4] -> [0, 4, 3] -> [0, 4, 3, 1] -> [0, 4, 3, 1, 1] -> [0, 4, 3, 1, 1, 0] -> [0, 4, 3, 1, 1, 0, 0] -> [0, 4, 3, 1, 1, 0, 0, 1] -> [0, 4, 3, 1, 1, 0, 0, 1, 0] -> [0, 4, 3, 1, 1, 0, 0, 1, 0, 0]
MultithreadBFS: 18.52 ms, [] -> [0] -> [0, 4] -> [0, 4, 3] -> [0, 4, 3, 1] -> [0, 4, 3, 1, 1] -> [0, 4, 3, 1, 1, 0] -> [0, 4, 3, 1, 1, 0, 0] -> [0, 4, 3, 1, 1, 0, 0, 1] -> [0, 4, 3, 1, 1, 0, 0, 1, 0] -> [0, 4, 3, 1, 1, 0, 0, 1, 0, 0]
SyncBFS: 432.87 ms, [] -> [0] -> [0, 0] -> [0, 0, 1] -> [0, 0, 1, 2] -> [0, 0, 1, 2, 2] -> [0, 0, 1, 2, 2, 3] -> [0, 0, 1, 2, 2, 3, 0] -> [0, 0, 1, 2, 2, 3, 0, 4] -> [0, 0, 1, 2, 2, 3, 0, 4, 2] -> [0, 0, 1, 2, 2, 3, 0, 4, 2, 2]
TasksBFS: 74.36 ms, [] -> [1] -> [1, 1] -> [1, 1, 0] -> [1, 1, 0, 0] -> [1, 1, 0, 0, 2] -> [1, 1, 0, 0, 2, 1] -> [1, 1, 0, 0, 2, 1, 3] -> [1, 1, 0, 0, 2, 1, 3, 4] -> [1, 1, 0, 0, 2, 1, 3, 4, 2] -> [1, 1, 0, 0, 2, 1, 3, 4, 2, 4]

problem_07.yaml
SyncBFS: 271.58 ms, [] -> [0] -> [0, 0] -> [0, 0, 4] -> [0, 0, 4, 2] -> [0, 0, 4, 2, 2] -> [0, 0, 4, 2, 2, 0] -> [0, 0, 4, 2, 2, 0, 1] -> [0, 0, 4, 2, 2, 0, 1, 4] -> [0, 0, 4, 2, 2, 0, 1, 4, 2] -> [0, 0, 4, 2, 2, 0, 1, 4, 2, 0]
MultithreadBFS: 20.81 ms, [] -> [0] -> [0, 2] -> [0, 2, 2] -> [0, 2, 2, 0] -> [0, 2, 2, 0, 3] -> [0, 2, 2, 0, 3, 4] -> [0, 2, 2, 0, 3, 4, 0] -> [0, 2, 2, 0, 3, 4, 0, 2] -> [0, 2, 2, 0, 3, 4, 0, 2, 3] -> [0, 2, 2, 0, 3, 4, 0, 2, 3, 0]
AsyncStartBFS: 11.09 ms, [] -> [0] -> [0, 4] -> [0, 4, 4] -> [0, 4, 4, 4] -> [0, 4, 4, 4, 1] -> [0, 4, 4, 4, 1, 0] -> [0, 4, 4, 4, 1, 0, 1] -> [0, 4, 4, 4, 1, 0, 1, 2] -> [0, 4, 4, 4, 1, 0, 1, 2, 0] -> [0, 4, 4, 4, 1, 0, 1, 2, 0, 3]
TasksBFS: 40.32 ms, [] -> [0] -> [0, 0] -> [0, 0, 4] -> [0, 0, 4, 2] -> [0, 0, 4, 2, 2] -> [0, 0, 4, 2, 2, 0] -> [0, 0, 4, 2, 2, 0, 1] -> [0, 0, 4, 2, 2, 0, 1, 4] -> [0, 0, 4, 2, 2, 0, 1, 4, 2] -> [0, 0, 4, 2, 2, 0, 1, 4, 2, 0]

problem_42.yaml
MultithreadBFS: 18.41 ms, [] -> [1] -> [1, 0] -> [1, 0, 2] -> [1, 0, 2, 0] -> [1, 0, 2, 0, 1] -> [1, 0, 2, 0, 1, 4] -> [1, 0, 2, 0, 1, 4, 2] -> [1, 0, 2, 0, 1, 4, 2, 2] -> [1, 0, 2, 0, 1, 4, 2, 2, 4] -> [1, 0, 2, 0, 1, 4, 2, 2, 4, 3]
TasksBFS: 43.97 ms, [] -> [0] -> [0, 1] -> [0, 1, 2] -> [0, 1, 2, 1] -> [0, 1, 2, 1, 4] -> [0, 1, 2, 1, 4, 1] -> [0, 1, 2, 1, 4, 1, 3] -> [0, 1, 2, 1, 4, 1, 3, 2] -> [0, 1, 2, 1, 4, 1, 3, 2, 4] -> [0, 1, 2, 1, 4, 1, 3, 2, 4, 0]
SyncBFS: 245.08 ms, [] -> [0] -> [0, 1] -> [0, 1, 2] -> [0, 1, 2, 1] -> [0, 1, 2, 1, 4] -> [0, 1, 2, 1, 4, 1] -> [0, 1, 2, 1, 4, 1, 3] -> [0, 1, 2, 1, 4, 1, 3, 2] -> [0, 1, 2, 1, 4, 1, 3, 2, 4] -> [0, 1, 2, 1, 4, 1, 3, 2, 4, 0]
AsyncStartBFS: 25.95 ms, [] -> [0] -> [0, 1] -> [0, 1, 2] -> [0, 1, 2, 1] -> [0, 1, 2, 1, 4] -> [0, 1, 2, 1, 4, 1] -> [0, 1, 2, 1, 4, 1, 3] -> [0, 1, 2, 1, 4, 1, 3, 2] -> [0, 1, 2, 1, 4, 1, 3, 2, 4] -> [0, 1, 2, 1, 4, 1, 3, 2, 4, 0]

problem_02.yaml
AsyncStartBFS: 3.87 ms, [] -> [4] -> [4, 0] -> [4, 0, 1] -> [4, 0, 1, 2] -> [4, 0, 1, 2, 3] -> [4, 0, 1, 2, 3, 2] -> [4, 0, 1, 2, 3, 2, 0] -> [4, 0, 1, 2, 3, 2, 0, 2] -> [4, 0, 1, 2, 3, 2, 0, 2, 2] -> [4, 0, 1, 2, 3, 2, 0, 2, 2, 3]
TasksBFS: 17.38 ms, [] -> [2] -> [2, 2] -> [2, 2, 3] -> [2, 2, 3, 0] -> [2, 2, 3, 0, 2] -> [2, 2, 3, 0, 2, 3] -> [2, 2, 3, 0, 2, 3, 3] -> [2, 2, 3, 0, 2, 3, 3, 4] -> [2, 2, 3, 0, 2, 3, 3, 4, 1] -> [2, 2, 3, 0, 2, 3, 3, 4, 1, 1]
SyncBFS: 106.69 ms, [] -> [2] -> [2, 2] -> [2, 2, 3] -> [2, 2, 3, 0] -> [2, 2, 3, 0, 2] -> [2, 2, 3, 0, 2, 3] -> [2, 2, 3, 0, 2, 3, 3] -> [2, 2, 3, 0, 2, 3, 3, 4] -> [2, 2, 3, 0, 2, 3, 3, 4, 1] -> [2, 2, 3, 0, 2, 3, 3, 4, 1, 1]
MultithreadBFS: 9.36 ms, [] -> [2] -> [2, 2] -> [2, 2, 3] -> [2, 2, 3, 0] -> [2, 2, 3, 0, 2] -> [2, 2, 3, 0, 2, 3] -> [2, 2, 3, 0, 2, 3, 3] -> [2, 2, 3, 0, 2, 3, 3, 4] -> [2, 2, 3, 0, 2, 3, 3, 4, 1] -> [2, 2, 3, 0, 2, 3, 3, 4, 1, 1]

problem_29.yaml
MultithreadBFS: 19.3 ms, [] -> [3] -> [3, 0] -> [3, 0, 1] -> [3, 0, 1, 0] -> [3, 0, 1, 0, 0] -> [3, 0, 1, 0, 0, 3] -> [3, 0, 1, 0, 0, 3, 2] -> [3, 0, 1, 0, 0, 3, 2, 4] -> [3, 0, 1, 0, 0, 3, 2, 4, 2] -> [3, 0, 1, 0, 0, 3, 2, 4, 2, 0]
TasksBFS: 42.11 ms, [] -> [0] -> [0, 1] -> [0, 1, 1] -> [0, 1, 1, 4] -> [0, 1, 1, 4, 4] -> [0, 1, 1, 4, 4, 2] -> [0, 1, 1, 4, 4, 2, 3] -> [0, 1, 1, 4, 4, 2, 3, 0] -> [0, 1, 1, 4, 4, 2, 3, 0, 1] -> [0, 1, 1, 4, 4, 2, 3, 0, 1, 3]
SyncBFS: 248.19 ms, [] -> [0] -> [0, 0] -> [0, 0, 3] -> [0, 0, 3, 4] -> [0, 0, 3, 4, 2] -> [0, 0, 3, 4, 2, 4] -> [0, 0, 3, 4, 2, 4, 0] -> [0, 0, 3, 4, 2, 4, 0, 4] -> [0, 0, 3, 4, 2, 4, 0, 4, 1] -> [0, 0, 3, 4, 2, 4, 0, 4, 1, 4]
AsyncStartBFS: 13.3 ms, [] -> [0] -> [0, 1] -> [0, 1, 1] -> [0, 1, 1, 3] -> [0, 1, 1, 3, 3] -> [0, 1, 1, 3, 3, 4] -> [0, 1, 1, 3, 3, 4, 3] -> [0, 1, 1, 3, 3, 4, 3, 4] -> [0, 1, 1, 3, 3, 4, 3, 4, 4] -> [0, 1, 1, 3, 3, 4, 3, 4, 4, 2]

problem_00.yaml
TasksBFS: 79.66 ms, [] -> [2] -> [2, 3] -> [2, 3, 1] -> [2, 3, 1, 0] -> [2, 3, 1, 0, 4] -> [2, 3, 1, 0, 4, 0] -> [2, 3, 1, 0, 4, 0, 0] -> [2, 3, 1, 0, 4, 0, 0, 3] -> [2, 3, 1, 0, 4, 0, 0, 3, 1] -> [2, 3, 1, 0, 4, 0, 0, 3, 1, 2]
MultithreadBFS: 36.64 ms, [] -> [0] -> [0, 1] -> [0, 1, 1] -> [0, 1, 1, 0] -> [0, 1, 1, 0, 2] -> [0, 1, 1, 0, 2, 4] -> [0, 1, 1, 0, 2, 4, 3] -> [0, 1, 1, 0, 2, 4, 3, 3] -> [0, 1, 1, 0, 2, 4, 3, 3, 3] -> [0, 1, 1, 0, 2, 4, 3, 3, 3, 3]
AsyncStartBFS: 20.96 ms, [] -> [0] -> [0, 1] -> [0, 1, 1] -> [0, 1, 1, 0] -> [0, 1, 1, 0, 2] -> [0, 1, 1, 0, 2, 4] -> [0, 1, 1, 0, 2, 4, 3] -> [0, 1, 1, 0, 2, 4, 3, 3] -> [0, 1, 1, 0, 2, 4, 3, 3, 3] -> [0, 1, 1, 0, 2, 4, 3, 3, 3, 3]
SyncBFS: 443.53 ms, [] -> [0] -> [0, 1] -> [0, 1, 1] -> [0, 1, 1, 0] -> [0, 1, 1, 0, 2] -> [0, 1, 1, 0, 2, 4] -> [0, 1, 1, 0, 2, 4, 3] -> [0, 1, 1, 0, 2, 4, 3, 3] -> [0, 1, 1, 0, 2, 4, 3, 3, 3] -> [0, 1, 1, 0, 2, 4, 3, 3, 3, 3]

problem_13.yaml
MultithreadBFS: 12.77 ms, [] -> [0] -> [0, 1] -> [0, 1, 0] -> [0, 1, 0, 1] -> [0, 1, 0, 1, 1] -> [0, 1, 0, 1, 1, 0] -> [0, 1, 0, 1, 1, 0, 2] -> [0, 1, 0, 1, 1, 0, 2, 1] -> [0, 1, 0, 1, 1, 0, 2, 1, 4] -> [0, 1, 0, 1, 1, 0, 2, 1, 4, 3]
TasksBFS: 66.38 ms, [] -> [1] -> [1, 4] -> [1, 4, 1] -> [1, 4, 1, 0] -> [1, 4, 1, 0, 2] -> [1, 4, 1, 0, 2, 1] -> [1, 4, 1, 0, 2, 1, 3] -> [1, 4, 1, 0, 2, 1, 3, 3] -> [1, 4, 1, 0, 2, 1, 3, 3, 0] -> [1, 4, 1, 0, 2, 1, 3, 3, 0, 4]
SyncBFS: 413.42 ms, [] -> [0] -> [0, 0] -> [0, 0, 2] -> [0, 0, 2, 4] -> [0, 0, 2, 4, 2] -> [0, 0, 2, 4, 2, 3] -> [0, 0, 2, 4, 2, 3, 4] -> [0, 0, 2, 4, 2, 3, 4, 1] -> [0, 0, 2, 4, 2, 3, 4, 1, 2] -> [0, 0, 2, 4, 2, 3, 4, 1, 2, 0]
AsyncStartBFS: 39.37 ms, [] -> [0] -> [0, 4] -> [0, 4, 4] -> [0, 4, 4, 1] -> [0, 4, 4, 1, 1] -> [0, 4, 4, 1, 1, 0] -> [0, 4, 4, 1, 1, 0, 3] -> [0, 4, 4, 1, 1, 0, 3, 4] -> [0, 4, 4, 1, 1, 0, 3, 4, 4] -> [0, 4, 4, 1, 1, 0, 3, 4, 4, 3]

problem_16.yaml
MultithreadBFS: 21.72 ms, [] -> [1] -> [1, 0] -> [1, 0, 1] -> [1, 0, 1, 0] -> [1, 0, 1, 0, 3] -> [1, 0, 1, 0, 3, 3] -> [1, 0, 1, 0, 3, 3, 1] -> [1, 0, 1, 0, 3, 3, 1, 2] -> [1, 0, 1, 0, 3, 3, 1, 2, 4] -> [1, 0, 1, 0, 3, 3, 1, 2, 4, 0]
AsyncStartBFS: 28.18 ms, [] -> [0] -> [0, 0] -> [0, 0, 3] -> [0, 0, 3, 2] -> [0, 0, 3, 2, 4] -> [0, 0, 3, 2, 4, 3] -> [0, 0, 3, 2, 4, 3, 1] -> [0, 0, 3, 2, 4, 3, 1, 2] -> [0, 0, 3, 2, 4, 3, 1, 2, 2] -> [0, 0, 3, 2, 4, 3, 1, 2, 2, 0]
SyncBFS: 329.54 ms, [] -> [0] -> [0, 0] -> [0, 0, 3] -> [0, 0, 3, 2] -> [0, 0, 3, 2, 4] -> [0, 0, 3, 2, 4, 3] -> [0, 0, 3, 2, 4, 3, 1] -> [0, 0, 3, 2, 4, 3, 1, 2] -> [0, 0, 3, 2, 4, 3, 1, 2, 2] -> [0, 0, 3, 2, 4, 3, 1, 2, 2, 0]
TasksBFS: 50.13 ms, [] -> [0] -> [0, 0] -> [0, 0, 3] -> [0, 0, 3, 2] -> [0, 0, 3, 2, 4] -> [0, 0, 3, 2, 4, 3] -> [0, 0, 3, 2, 4, 3, 1] -> [0, 0, 3, 2, 4, 3, 1, 2] -> [0, 0, 3, 2, 4, 3, 1, 2, 2] -> [0, 0, 3, 2, 4, 3, 1, 2, 2, 0]

problem_20.yaml
TasksBFS: 68.36 ms, [] -> [2] -> [2, 0] -> [2, 0, 0] -> [2, 0, 0, 3] -> [2, 0, 0, 3, 2] -> [2, 0, 0, 3, 2, 2] -> [2, 0, 0, 3, 2, 2, 4] -> [2, 0, 0, 3, 2, 2, 4, 1] -> [2, 0, 0, 3, 2, 2, 4, 1, 3] -> [2, 0, 0, 3, 2, 2, 4, 1, 3, 1]
SyncBFS: 392.13 ms, [] -> [0] -> [0, 1] -> [0, 1, 2] -> [0, 1, 2, 1] -> [0, 1, 2, 1, 3] -> [0, 1, 2, 1, 3, 0] -> [0, 1, 2, 1, 3, 0, 0] -> [0, 1, 2, 1, 3, 0, 0, 2] -> [0, 1, 2, 1, 3, 0, 0, 2, 1] -> [0, 1, 2, 1, 3, 0, 0, 2, 1, 1]
MultithreadBFS: 32.37 ms, [] -> [0] -> [0, 1] -> [0, 1, 2] -> [0, 1, 2, 1] -> [0, 1, 2, 1, 3] -> [0, 1, 2, 1, 3, 0] -> [0, 1, 2, 1, 3, 0, 0] -> [0, 1, 2, 1, 3, 0, 0, 2] -> [0, 1, 2, 1, 3, 0, 0, 2, 1] -> [0, 1, 2, 1, 3, 0, 0, 2, 1, 1]
AsyncStartBFS: 38.55 ms, [] -> [2] -> [2, 0] -> [2, 0, 0] -> [2, 0, 0, 3] -> [2, 0, 0, 3, 2] -> [2, 0, 0, 3, 2, 2] -> [2, 0, 0, 3, 2, 2, 4] -> [2, 0, 0, 3, 2, 2, 4, 1] -> [2, 0, 0, 3, 2, 2, 4, 1, 3] -> [2, 0, 0, 3, 2, 2, 4, 1, 3, 1]

problem_18.yaml
TasksBFS: 81.54 ms, [] -> [0] -> [0, 0] -> [0, 0, 2] -> [0, 0, 2, 4] -> [0, 0, 2, 4, 1] -> [0, 0, 2, 4, 1, 0] -> [0, 0, 2, 4, 1, 0, 4] -> [0, 0, 2, 4, 1, 0, 4, 1] -> [0, 0, 2, 4, 1, 0, 4, 1, 0] -> [0, 0, 2, 4, 1, 0, 4, 1, 0, 4]
MultithreadBFS: 38.06 ms, [] -> [0] -> [0, 0] -> [0, 0, 2] -> [0, 0, 2, 4] -> [0, 0, 2, 4, 1] -> [0, 0, 2, 4, 1, 0] -> [0, 0, 2, 4, 1, 0, 4] -> [0, 0, 2, 4, 1, 0, 4, 1] -> [0, 0, 2, 4, 1, 0, 4, 1, 0] -> [0, 0, 2, 4, 1, 0, 4, 1, 0, 4]
AsyncStartBFS: 49.76 ms, [] -> [4] -> [4, 0] -> [4, 0, 4] -> [4, 0, 4, 2] -> [4, 0, 4, 2, 0] -> [4, 0, 4, 2, 0, 3] -> [4, 0, 4, 2, 0, 3, 3] -> [4, 0, 4, 2, 0, 3, 3, 4] -> [4, 0, 4, 2, 0, 3, 3, 4, 1] -> [4, 0, 4, 2, 0, 3, 3, 4, 1, 4]
SyncBFS: 460.44 ms, [] -> [0] -> [0, 0] -> [0, 0, 0] -> [0, 0, 0, 3] -> [0, 0, 0, 3, 4] -> [0, 0, 0, 3, 4, 0] -> [0, 0, 0, 3, 4, 0, 0] -> [0, 0, 0, 3, 4, 0, 0, 0] -> [0, 0, 0, 3, 4, 0, 0, 0, 3] -> [0, 0, 0, 3, 4, 0, 0, 0, 3, 0]

problem_05.yaml
TasksBFS: 64.5 ms, [] -> [1] -> [1, 4] -> [1, 4, 0] -> [1, 4, 0, 2] -> [1, 4, 0, 2, 0] -> [1, 4, 0, 2, 0, 1] -> [1, 4, 0, 2, 0, 1, 0] -> [1, 4, 0, 2, 0, 1, 0, 2] -> [1, 4, 0, 2, 0, 1, 0, 2, 1] -> [1, 4, 0, 2, 0, 1, 0, 2, 1, 2]
SyncBFS: 433.07 ms, [] -> [1] -> [1, 2] -> [1, 2, 4] -> [1, 2, 4, 0] -> [1, 2, 4, 0, 4] -> [1, 2, 4, 0, 4, 1] -> [1, 2, 4, 0, 4, 1, 0] -> [1, 2, 4, 0, 4, 1, 0, 0] -> [1, 2, 4, 0, 4, 1, 0, 0, 3] -> [1, 2, 4, 0, 4, 1, 0, 0, 3, 1]
MultithreadBFS: 39.1 ms, [] -> [1] -> [1, 2] -> [1, 2, 4] -> [1, 2, 4, 0] -> [1, 2, 4, 0, 4] -> [1, 2, 4, 0, 4, 1] -> [1, 2, 4, 0, 4, 1, 0] -> [1, 2, 4, 0, 4, 1, 0, 0] -> [1, 2, 4, 0, 4, 1, 0, 0, 3] -> [1, 2, 4, 0, 4, 1, 0, 0, 3, 1]
AsyncStartBFS: 34.49 ms, [] -> [1] -> [1, 2] -> [1, 2, 4] -> [1, 2, 4, 0] -> [1, 2, 4, 0, 4] -> [1, 2, 4, 0, 4, 1] -> [1, 2, 4, 0, 4, 1, 0] -> [1, 2, 4, 0, 4, 1, 0, 0] -> [1, 2, 4, 0, 4, 1, 0, 0, 3] -> [1, 2, 4, 0, 4, 1, 0, 0, 3, 1]

problem_15.yaml
SyncBFS: 332.22 ms, [] -> [2] -> [2, 2] -> [2, 2, 1] -> [2, 2, 1, 1] -> [2, 2, 1, 1, 2] -> [2, 2, 1, 1, 2, 0] -> [2, 2, 1, 1, 2, 0, 0] -> [2, 2, 1, 1, 2, 0, 0, 3] -> [2, 2, 1, 1, 2, 0, 0, 3, 4] -> [2, 2, 1, 1, 2, 0, 0, 3, 4, 0]
AsyncStartBFS: 36.41 ms, [] -> [2] -> [2, 4] -> [2, 4, 2] -> [2, 4, 2, 2] -> [2, 4, 2, 2, 3] -> [2, 4, 2, 2, 3, 0] -> [2, 4, 2, 2, 3, 0, 0] -> [2, 4, 2, 2, 3, 0, 0, 2] -> [2, 4, 2, 2, 3, 0, 0, 2, 0] -> [2, 4, 2, 2, 3, 0, 0, 2, 0, 4]
TasksBFS: 39.78 ms, [] -> [2] -> [2, 2] -> [2, 2, 1] -> [2, 2, 1, 1] -> [2, 2, 1, 1, 2] -> [2, 2, 1, 1, 2, 0] -> [2, 2, 1, 1, 2, 0, 0] -> [2, 2, 1, 1, 2, 0, 0, 3] -> [2, 2, 1, 1, 2, 0, 0, 3, 4] -> [2, 2, 1, 1, 2, 0, 0, 3, 4, 0]
MultithreadBFS: 24.74 ms, [] -> [2] -> [2, 2] -> [2, 2, 1] -> [2, 2, 1, 1] -> [2, 2, 1, 1, 2] -> [2, 2, 1, 1, 2, 0] -> [2, 2, 1, 1, 2, 0, 0] -> [2, 2, 1, 1, 2, 0, 0, 3] -> [2, 2, 1, 1, 2, 0, 0, 3, 4] -> [2, 2, 1, 1, 2, 0, 0, 3, 4, 0]

problem_17.yaml
AsyncStartBFS: 30.94 ms, [] -> [0] -> [0, 2] -> [0, 2, 2] -> [0, 2, 2, 0] -> [0, 2, 2, 0, 0] -> [0, 2, 2, 0, 0, 2] -> [0, 2, 2, 0, 0, 2, 1] -> [0, 2, 2, 0, 0, 2, 1, 3] -> [0, 2, 2, 0, 0, 2, 1, 3, 0] -> [0, 2, 2, 0, 0, 2, 1, 3, 0, 2]
MultithreadBFS: 18.41 ms, [] -> [0] -> [0, 2] -> [0, 2, 2] -> [0, 2, 2, 0] -> [0, 2, 2, 0, 0] -> [0, 2, 2, 0, 0, 2] -> [0, 2, 2, 0, 0, 2, 1] -> [0, 2, 2, 0, 0, 2, 1, 3] -> [0, 2, 2, 0, 0, 2, 1, 3, 0] -> [0, 2, 2, 0, 0, 2, 1, 3, 0, 2]
SyncBFS: 424.93 ms, [] -> [0] -> [0, 1] -> [0, 1, 1] -> [0, 1, 1, 2] -> [0, 1, 1, 2, 1] -> [0, 1, 1, 2, 1, 2] -> [0, 1, 1, 2, 1, 2, 1] -> [0, 1, 1, 2, 1, 2, 1, 3] -> [0, 1, 1, 2, 1, 2, 1, 3, 3] -> [0, 1, 1, 2, 1, 2, 1, 3, 3, 3]
TasksBFS: 57.45 ms, [] -> [0] -> [0, 4] -> [0, 4, 1] -> [0, 4, 1, 2] -> [0, 4, 1, 2, 3] -> [0, 4, 1, 2, 3, 2] -> [0, 4, 1, 2, 3, 2, 0] -> [0, 4, 1, 2, 3, 2, 0, 2] -> [0, 4, 1, 2, 3, 2, 0, 2, 0] -> [0, 4, 1, 2, 3, 2, 0, 2, 0, 0]

problem_37.yaml
AsyncStartBFS: 7.26 ms, [] -> [0] -> [0, 1] -> [0, 1, 4] -> [0, 1, 4, 0] -> [0, 1, 4, 0, 3] -> [0, 1, 4, 0, 3, 2] -> [0, 1, 4, 0, 3, 2, 1] -> [0, 1, 4, 0, 3, 2, 1, 1] -> [0, 1, 4, 0, 3, 2, 1, 1, 0] -> [0, 1, 4, 0, 3, 2, 1, 1, 0, 2]
SyncBFS: 487.22 ms, [] -> [0] -> [0, 0] -> [0, 0, 4] -> [0, 0, 4, 1] -> [0, 0, 4, 1, 3] -> [0, 0, 4, 1, 3, 2] -> [0, 0, 4, 1, 3, 2, 1] -> [0, 0, 4, 1, 3, 2, 1, 4] -> [0, 0, 4, 1, 3, 2, 1, 4, 2] -> [0, 0, 4, 1, 3, 2, 1, 4, 2, 0]
TasksBFS: 65.42 ms, [] -> [0] -> [0, 1] -> [0, 1, 4] -> [0, 1, 4, 0] -> [0, 1, 4, 0, 3] -> [0, 1, 4, 0, 3, 2] -> [0, 1, 4, 0, 3, 2, 1] -> [0, 1, 4, 0, 3, 2, 1, 1] -> [0, 1, 4, 0, 3, 2, 1, 1, 0] -> [0, 1, 4, 0, 3, 2, 1, 1, 0, 2]
MultithreadBFS: 32.76 ms, [] -> [0] -> [0, 3] -> [0, 3, 1] -> [0, 3, 1, 3] -> [0, 3, 1, 3, 4] -> [0, 3, 1, 3, 4, 2] -> [0, 3, 1, 3, 4, 2, 4] -> [0, 3, 1, 3, 4, 2, 4, 1] -> [0, 3, 1, 3, 4, 2, 4, 1, 3] -> [0, 3, 1, 3, 4, 2, 4, 1, 3, 2]

problem_22.yaml
MultithreadBFS: 24.4 ms, [] -> [1] -> [1, 0] -> [1, 0, 0] -> [1, 0, 0, 3] -> [1, 0, 0, 3, 1] -> [1, 0, 0, 3, 1, 3] -> [1, 0, 0, 3, 1, 3, 1] -> [1, 0, 0, 3, 1, 3, 1, 4] -> [1, 0, 0, 3, 1, 3, 1, 4, 3] -> [1, 0, 0, 3, 1, 3, 1, 4, 3, 4]
AsyncStartBFS: 22.16 ms, [] -> [0] -> [0, 3] -> [0, 3, 0] -> [0, 3, 0, 2] -> [0, 3, 0, 2, 2] -> [0, 3, 0, 2, 2, 3] -> [0, 3, 0, 2, 2, 3, 0] -> [0, 3, 0, 2, 2, 3, 0, 4] -> [0, 3, 0, 2, 2, 3, 0, 4, 0] -> [0, 3, 0, 2, 2, 3, 0, 4, 0, 1]
SyncBFS: 482.2 ms, [] -> [0] -> [0, 3] -> [0, 3, 0] -> [0, 3, 0, 2] -> [0, 3, 0, 2, 2] -> [0, 3, 0, 2, 2, 3] -> [0, 3, 0, 2, 2, 3, 0] -> [0, 3, 0, 2, 2, 3, 0, 4] -> [0, 3, 0, 2, 2, 3, 0, 4, 0] -> [0, 3, 0, 2, 2, 3, 0, 4, 0, 1]
TasksBFS: 67.61 ms, [] -> [0] -> [0, 4] -> [0, 4, 1] -> [0, 4, 1, 2] -> [0, 4, 1, 2, 0] -> [0, 4, 1, 2, 0, 0] -> [0, 4, 1, 2, 0, 0, 4] -> [0, 4, 1, 2, 0, 0, 4, 1] -> [0, 4, 1, 2, 0, 0, 4, 1, 0] -> [0, 4, 1, 2, 0, 0, 4, 1, 0, 3]

problem_23.yaml
MultithreadBFS: 21.72 ms, [] -> [2] -> [2, 0] -> [2, 0, 2] -> [2, 0, 2, 0] -> [2, 0, 2, 0, 1] -> [2, 0, 2, 0, 1, 3] -> [2, 0, 2, 0, 1, 3, 2] -> [2, 0, 2, 0, 1, 3, 2, 2] -> [2, 0, 2, 0, 1, 3, 2, 2, 0] -> [2, 0, 2, 0, 1, 3, 2, 2, 0, 1]
SyncBFS: 324 ms, [] -> [0] -> [0, 0] -> [0, 0, 0] -> [0, 0, 0, 4] -> [0, 0, 0, 4, 2] -> [0, 0, 0, 4, 2, 3] -> [0, 0, 0, 4, 2, 3, 1] -> [0, 0, 0, 4, 2, 3, 1, 1] -> [0, 0, 0, 4, 2, 3, 1, 1, 3] -> [0, 0, 0, 4, 2, 3, 1, 1, 3, 3]
AsyncStartBFS: 12.17 ms, [] -> [0] -> [0, 0] -> [0, 0, 2] -> [0, 0, 2, 3] -> [0, 0, 2, 3, 0] -> [0, 0, 2, 3, 0, 2] -> [0, 0, 2, 3, 0, 2, 2] -> [0, 0, 2, 3, 0, 2, 2, 2] -> [0, 0, 2, 3, 0, 2, 2, 2, 2] -> [0, 0, 2, 3, 0, 2, 2, 2, 2, 4]
TasksBFS: 52.88 ms, [] -> [0] -> [0, 0] -> [0, 0, 2] -> [0, 0, 2, 3] -> [0, 0, 2, 3, 0] -> [0, 0, 2, 3, 0, 2] -> [0, 0, 2, 3, 0, 2, 2] -> [0, 0, 2, 3, 0, 2, 2, 2] -> [0, 0, 2, 3, 0, 2, 2, 2, 2] -> [0, 0, 2, 3, 0, 2, 2, 2, 2, 4]

problem_25.yaml
MultithreadBFS: 25.41 ms, [] -> [3] -> [3, 0] -> [3, 0, 0] -> [3, 0, 0, 1] -> [3, 0, 0, 1, 3] -> [3, 0, 0, 1, 3, 4] -> [3, 0, 0, 1, 3, 4, 4] -> [3, 0, 0, 1, 3, 4, 4, 2] -> [3, 0, 0, 1, 3, 4, 4, 2, 0] -> [3, 0, 0, 1, 3, 4, 4, 2, 0, 4]
SyncBFS: 343.87 ms, [] -> [0] -> [0, 1] -> [0, 1, 3] -> [0, 1, 3, 1] -> [0, 1, 3, 1, 0] -> [0, 1, 3, 1, 0, 0] -> [0, 1, 3, 1, 0, 0, 1] -> [0, 1, 3, 1, 0, 0, 1, 0] -> [0, 1, 3, 1, 0, 0, 1, 0, 3] -> [0, 1, 3, 1, 0, 0, 1, 0, 3, 1]
AsyncStartBFS: 10.18 ms, [] -> [0] -> [0, 1] -> [0, 1, 3] -> [0, 1, 3, 1] -> [0, 1, 3, 1, 0] -> [0, 1, 3, 1, 0, 0] -> [0, 1, 3, 1, 0, 0, 1] -> [0, 1, 3, 1, 0, 0, 1, 0] -> [0, 1, 3, 1, 0, 0, 1, 0, 3] -> [0, 1, 3, 1, 0, 0, 1, 0, 3, 1]
TasksBFS: 50.46 ms, [] -> [0] -> [0, 1] -> [0, 1, 3] -> [0, 1, 3, 2] -> [0, 1, 3, 2, 3] -> [0, 1, 3, 2, 3, 2] -> [0, 1, 3, 2, 3, 2, 0] -> [0, 1, 3, 2, 3, 2, 0, 3] -> [0, 1, 3, 2, 3, 2, 0, 3, 2] -> [0, 1, 3, 2, 3, 2, 0, 3, 2, 3]

problem_27.yaml
TasksBFS: 53.04 ms, [] -> [0] -> [0, 0] -> [0, 0, 1] -> [0, 0, 1, 4] -> [0, 0, 1, 4, 4] -> [0, 0, 1, 4, 4, 1] -> [0, 0, 1, 4, 4, 1, 4] -> [0, 0, 1, 4, 4, 1, 4, 0] -> [0, 0, 1, 4, 4, 1, 4, 0, 4] -> [0, 0, 1, 4, 4, 1, 4, 0, 4, 4]
AsyncStartBFS: 13.65 ms, [] -> [0] -> [0, 1] -> [0, 1, 1] -> [0, 1, 1, 3] -> [0, 1, 1, 3, 0] -> [0, 1, 1, 3, 0, 1] -> [0, 1, 1, 3, 0, 1, 1] -> [0, 1, 1, 3, 0, 1, 1, 0] -> [0, 1, 1, 3, 0, 1, 1, 0, 4] -> [0, 1, 1, 3, 0, 1, 1, 0, 4, 4]
MultithreadBFS: 16.09 ms, [] -> [2] -> [2, 0] -> [2, 0, 3] -> [2, 0, 3, 1] -> [2, 0, 3, 1, 0] -> [2, 0, 3, 1, 0, 1] -> [2, 0, 3, 1, 0, 1, 2] -> [2, 0, 3, 1, 0, 1, 2, 3] -> [2, 0, 3, 1, 0, 1, 2, 3, 2] -> [2, 0, 3, 1, 0, 1, 2, 3, 2, 1]
SyncBFS: 251.26 ms, [] -> [0] -> [0, 0] -> [0, 0, 1] -> [0, 0, 1, 4] -> [0, 0, 1, 4, 4] -> [0, 0, 1, 4, 4, 1] -> [0, 0, 1, 4, 4, 1, 4] -> [0, 0, 1, 4, 4, 1, 4, 0] -> [0, 0, 1, 4, 4, 1, 4, 0, 4] -> [0, 0, 1, 4, 4, 1, 4, 0, 4, 4]

problem_26.yaml
SyncBFS: 267.71 ms, [] -> [0] -> [0, 3] -> [0, 3, 2] -> [0, 3, 2, 4] -> [0, 3, 2, 4, 3] -> [0, 3, 2, 4, 3, 2] -> [0, 3, 2, 4, 3, 2, 2] -> [0, 3, 2, 4, 3, 2, 2, 1] -> [0, 3, 2, 4, 3, 2, 2, 1, 2] -> [0, 3, 2, 4, 3, 2, 2, 1, 2, 4]
AsyncStartBFS: 36.94 ms, [] -> [0] -> [0, 3] -> [0, 3, 2] -> [0, 3, 2, 4] -> [0, 3, 2, 4, 3] -> [0, 3, 2, 4, 3, 2] -> [0, 3, 2, 4, 3, 2, 2] -> [0, 3, 2, 4, 3, 2, 2, 1] -> [0, 3, 2, 4, 3, 2, 2, 1, 2] -> [0, 3, 2, 4, 3, 2, 2, 1, 2, 4]
TasksBFS: 38.92 ms, [] -> [3] -> [3, 1] -> [3, 1, 2] -> [3, 1, 2, 0] -> [3, 1, 2, 0, 1] -> [3, 1, 2, 0, 1, 1] -> [3, 1, 2, 0, 1, 1, 3] -> [3, 1, 2, 0, 1, 1, 3, 2] -> [3, 1, 2, 0, 1, 1, 3, 2, 4] -> [3, 1, 2, 0, 1, 1, 3, 2, 4, 2]
MultithreadBFS: 26.04 ms, [] -> [3] -> [3, 1] -> [3, 1, 2] -> [3, 1, 2, 0] -> [3, 1, 2, 0, 1] -> [3, 1, 2, 0, 1, 1] -> [3, 1, 2, 0, 1, 1, 3] -> [3, 1, 2, 0, 1, 1, 3, 2] -> [3, 1, 2, 0, 1, 1, 3, 2, 4] -> [3, 1, 2, 0, 1, 1, 3, 2, 4, 2]

problem_14.yaml
MultithreadBFS: 22.69 ms, [] -> [1] -> [1, 4] -> [1, 4, 4] -> [1, 4, 4, 0] -> [1, 4, 4, 0, 4] -> [1, 4, 4, 0, 4, 3] -> [1, 4, 4, 0, 4, 3, 3] -> [1, 4, 4, 0, 4, 3, 3, 3] -> [1, 4, 4, 0, 4, 3, 3, 3, 3] -> [1, 4, 4, 0, 4, 3, 3, 3, 3, 4]
SyncBFS: 342.8 ms, [] -> [1] -> [1, 0] -> [1, 0, 4] -> [1, 0, 4, 3] -> [1, 0, 4, 3, 1] -> [1, 0, 4, 3, 1, 1] -> [1, 0, 4, 3, 1, 1, 2] -> [1, 0, 4, 3, 1, 1, 2, 1] -> [1, 0, 4, 3, 1, 1, 2, 1, 3] -> [1, 0, 4, 3, 1, 1, 2, 1, 3, 0]
AsyncStartBFS: 13.27 ms, [] -> [1] -> [1, 0] -> [1, 0, 4] -> [1, 0, 4, 3] -> [1, 0, 4, 3, 1] -> [1, 0, 4, 3, 1, 1] -> [1, 0, 4, 3, 1, 1, 2] -> [1, 0, 4, 3, 1, 1, 2, 1] -> [1, 0, 4, 3, 1, 1, 2, 1, 3] -> [1, 0, 4, 3, 1, 1, 2, 1, 3, 0]
TasksBFS: 54.91 ms, [] -> [1] -> [1, 4] -> [1, 4, 4] -> [1, 4, 4, 0] -> [1, 4, 4, 0, 4] -> [1, 4, 4, 0, 4, 3] -> [1, 4, 4, 0, 4, 3, 3] -> [1, 4, 4, 0, 4, 3, 3, 3] -> [1, 4, 4, 0, 4, 3, 3, 3, 3] -> [1, 4, 4, 0, 4, 3, 3, 3, 3, 4]

problem_28.yaml
MultithreadBFS: 25.13 ms, [] -> [2] -> [2, 1] -> [2, 1, 2] -> [2, 1, 2, 2] -> [2, 1, 2, 2, 4] -> [2, 1, 2, 2, 4, 0] -> [2, 1, 2, 2, 4, 0, 1] -> [2, 1, 2, 2, 4, 0, 1, 4] -> [2, 1, 2, 2, 4, 0, 1, 4, 4] -> [2, 1, 2, 2, 4, 0, 1, 4, 4, 4]
AsyncStartBFS: 32.77 ms, [] -> [2] -> [2, 2] -> [2, 2, 0] -> [2, 2, 0, 2] -> [2, 2, 0, 2, 2] -> [2, 2, 0, 2, 2, 4] -> [2, 2, 0, 2, 2, 4, 0] -> [2, 2, 0, 2, 2, 4, 0, 3] -> [2, 2, 0, 2, 2, 4, 0, 3, 1] -> [2, 2, 0, 2, 2, 4, 0, 3, 1, 3]
TasksBFS: 62.15 ms, [] -> [2] -> [2, 1] -> [2, 1, 2] -> [2, 1, 2, 2] -> [2, 1, 2, 2, 4] -> [2, 1, 2, 2, 4, 0] -> [2, 1, 2, 2, 4, 0, 1] -> [2, 1, 2, 2, 4, 0, 1, 4] -> [2, 1, 2, 2, 4, 0, 1, 4, 4] -> [2, 1, 2, 2, 4, 0, 1, 4, 4, 4]
SyncBFS: 381.5 ms, [] -> [0] -> [0, 0] -> [0, 0, 3] -> [0, 0, 3, 0] -> [0, 0, 3, 0, 3] -> [0, 0, 3, 0, 3, 3] -> [0, 0, 3, 0, 3, 3, 2] -> [0, 0, 3, 0, 3, 3, 2, 2] -> [0, 0, 3, 0, 3, 3, 2, 2, 2] -> [0, 0, 3, 0, 3, 3, 2, 2, 2, 4]


[INFO] Results summary:
SyncBFS
	Average: 356.35 ms
	Median: 379.71 ms
	Standard Deviation: 97.5977 ms
AsyncStartBFS
	Average: 28.5146 ms
	Median: 28.515 ms
	Standard Deviation: 14.3398 ms
MultithreadBFS
	Average: 30.2802 ms
	Median: 22.68 ms
	Standard Deviation: 41.9478 ms
TasksBFS
	Average: 55.8504 ms
	Median: 56.18 ms
	Standard Deviation: 14.3574 ms
