problem_49.yaml
TasksBFS: 77.86 ms, [] -> [0] -> [0, 1] -> [0, 1, 9] -> [0, 1, 9, 3] -> [0, 1, 9, 3, 4] -> [0, 1, 9, 3, 4, 8] -> [0, 1, 9, 3, 4, 8, 8]
SyncBFS: 331.6 ms, [] -> [0] -> [0, 1] -> [0, 1, 9] -> [0, 1, 9, 3] -> [0, 1, 9, 3, 4] -> [0, 1, 9, 3, 4, 8] -> [0, 1, 9, 3, 4, 8, 8]
AsyncStartBFS: 22.14 ms, [] -> [0] -> [0, 1] -> [0, 1, 9] -> [0, 1, 9, 3] -> [0, 1, 9, 3, 4] -> [0, 1, 9, 3, 4, 8] -> [0, 1, 9, 3, 4, 8, 8]
MultithreadBFS: 29.39 ms, [] -> [3] -> [3, 5] -> [3, 5, 0] -> [3, 5, 0, 5] -> [3, 5, 0, 5, 6] -> [3, 5, 0, 5, 6, 4] -> [3, 5, 0, 5, 6, 4, 1]

problem_48.yaml
TasksBFS: 90.05 ms, [] -> [0] -> [0, 0] -> [0, 0, 3] -> [0, 0, 3, 5] -> [0, 0, 3, 5, 0] -> [0, 0, 3, 5, 0, 4] -> [0, 0, 3, 5, 0, 4, 4]
MultithreadBFS: 44.91 ms, [] -> [0] -> [0, 5] -> [0, 5, 0] -> [0, 5, 0, 0] -> [0, 5, 0, 0, 7] -> [0, 5, 0, 0, 7, 7] -> [0, 5, 0, 0, 7, 7, 6]
SyncBFS: 504.77 ms, [] -> [0] -> [0, 0] -> [0, 0, 3] -> [0, 0, 3, 5] -> [0, 0, 3, 5, 0] -> [0, 0, 3, 5, 0, 4] -> [0, 0, 3, 5, 0, 4, 4]
AsyncStartBFS: 21.65 ms, [] -> [2] -> [2, 5] -> [2, 5, 0] -> [2, 5, 0, 5] -> [2, 5, 0, 5, 7] -> [2, 5, 0, 5, 7, 4] -> [2, 5, 0, 5, 7, 4, 9]

problem_45.yaml
TasksBFS: 77.94 ms, [] -> [0] -> [0, 2] -> [0, 2, 2] -> [0, 2, 2, 0] -> [0, 2, 2, 0, 9] -> [0, 2, 2, 0, 9, 1] -> [0, 2, 2, 0, 9, 1, 3]
SyncBFS: 464.57 ms, [] -> [0] -> [0, 0] -> [0, 0, 7] -> [0, 0, 7, 1] -> [0, 0, 7, 1, 5] -> [0, 0, 7, 1, 5, 0] -> [0, 0, 7, 1, 5, 0, 5]
AsyncStartBFS: 26.27 ms, [] -> [0] -> [0, 0] -> [0, 0, 7] -> [0, 0, 7, 1] -> [0, 0, 7, 1, 5] -> [0, 0, 7, 1, 5, 0] -> [0, 0, 7, 1, 5, 0, 5]
MultithreadBFS: 32.42 ms, [] -> [0] -> [0, 3] -> [0, 3, 1] -> [0, 3, 1, 4] -> [0, 3, 1, 4, 1] -> [0, 3, 1, 4, 1, 1] -> [0, 3, 1, 4, 1, 1, 8]

problem_43.yaml
AsyncStartBFS: 17.9 ms, [] -> [1] -> [1, 2] -> [1, 2, 0] -> [1, 2, 0, 8] -> [1, 2, 0, 8, 1] -> [1, 2, 0, 8, 1, 4] -> [1, 2, 0, 8, 1, 4, 9]
MultithreadBFS: 27.21 ms, [] -> [1] -> [1, 4] -> [1, 4, 2] -> [1, 4, 2, 7] -> [1, 4, 2, 7, 4] -> [1, 4, 2, 7, 4, 3] -> [1, 4, 2, 7, 4, 3, 1]
SyncBFS: 604.23 ms, [] -> [0] -> [0, 6] -> [0, 6, 3] -> [0, 6, 3, 8] -> [0, 6, 3, 8, 0] -> [0, 6, 3, 8, 0, 7] -> [0, 6, 3, 8, 0, 7, 8]
TasksBFS: 148.76 ms, [] -> [1] -> [1, 8] -> [1, 8, 3] -> [1, 8, 3, 0] -> [1, 8, 3, 0, 4] -> [1, 8, 3, 0, 4, 0] -> [1, 8, 3, 0, 4, 0, 1]

problem_41.yaml
AsyncStartBFS: 10.83 ms, [] -> [0] -> [0, 6] -> [0, 6, 1] -> [0, 6, 1, 5] -> [0, 6, 1, 5, 3] -> [0, 6, 1, 5, 3, 2] -> [0, 6, 1, 5, 3, 2, 1]
SyncBFS: 290.84 ms, [] -> [0] -> [0, 2] -> [0, 2, 1] -> [0, 2, 1, 5] -> [0, 2, 1, 5, 3] -> [0, 2, 1, 5, 3, 7] -> [0, 2, 1, 5, 3, 7, 5]
TasksBFS: 47.09 ms, [] -> [0] -> [0, 2] -> [0, 2, 1] -> [0, 2, 1, 5] -> [0, 2, 1, 5, 3] -> [0, 2, 1, 5, 3, 7] -> [0, 2, 1, 5, 3, 7, 5]
MultithreadBFS: 39.7 ms, [] -> [2] -> [2, 4] -> [2, 4, 1] -> [2, 4, 1, 6] -> [2, 4, 1, 6, 7] -> [2, 4, 1, 6, 7, 2] -> [2, 4, 1, 6, 7, 2, 5]

problem_39.yaml
AsyncStartBFS: 33.86 ms, [] -> [5] -> [5, 5] -> [5, 5, 0] -> [5, 5, 0, 9] -> [5, 5, 0, 9, 4] -> [5, 5, 0, 9, 4, 0] -> [5, 5, 0, 9, 4, 0, 8]
SyncBFS: 553.79 ms, [] -> [0] -> [0, 0] -> [0, 0, 9] -> [0, 0, 9, 6] -> [0, 0, 9, 6, 5] -> [0, 0, 9, 6, 5, 2] -> [0, 0, 9, 6, 5, 2, 7]
MultithreadBFS: 32.22 ms, [] -> [1] -> [1, 0] -> [1, 0, 0] -> [1, 0, 0, 2] -> [1, 0, 0, 2, 7] -> [1, 0, 0, 2, 7, 1] -> [1, 0, 0, 2, 7, 1, 6]
TasksBFS: 143.79 ms, [] -> [2] -> [2, 0] -> [2, 0, 1] -> [2, 0, 1, 7] -> [2, 0, 1, 7, 5] -> [2, 0, 1, 7, 5, 2] -> [2, 0, 1, 7, 5, 2, 5]

problem_38.yaml
TasksBFS: 148.41 ms, [] -> [0] -> [0, 7] -> [0, 7, 0] -> [0, 7, 0, 1] -> [0, 7, 0, 1, 3] -> [0, 7, 0, 1, 3, 6] -> [0, 7, 0, 1, 3, 6, 0]
AsyncStartBFS: 31.77 ms, [] -> [3] -> [3, 0] -> [3, 0, 6] -> [3, 0, 6, 9] -> [3, 0, 6, 9, 9] -> [3, 0, 6, 9, 9, 8] -> [3, 0, 6, 9, 9, 8, 7]
SyncBFS: 603.77 ms, [] -> [0] -> [0, 1] -> [0, 1, 5] -> [0, 1, 5, 6] -> [0, 1, 5, 6, 1] -> [0, 1, 5, 6, 1, 0] -> [0, 1, 5, 6, 1, 0, 7]
MultithreadBFS: 31.82 ms, [] -> [0] -> [0, 7] -> [0, 7, 0] -> [0, 7, 0, 1] -> [0, 7, 0, 1, 3] -> [0, 7, 0, 1, 3, 6] -> [0, 7, 0, 1, 3, 6, 0]

problem_36.yaml
TasksBFS: 83.12 ms, [] -> [3] -> [3, 5] -> [3, 5, 1] -> [3, 5, 1, 3] -> [3, 5, 1, 3, 9] -> [3, 5, 1, 3, 9, 8] -> [3, 5, 1, 3, 9, 8, 2]
SyncBFS: 457.59 ms, [] -> [0] -> [0, 0] -> [0, 0, 8] -> [0, 0, 8, 3] -> [0, 0, 8, 3, 8] -> [0, 0, 8, 3, 8, 0] -> [0, 0, 8, 3, 8, 0, 0]
MultithreadBFS: 49.9 ms, [] -> [3] -> [3, 5] -> [3, 5, 1] -> [3, 5, 1, 3] -> [3, 5, 1, 3, 9] -> [3, 5, 1, 3, 9, 8] -> [3, 5, 1, 3, 9, 8, 2]
AsyncStartBFS: 12.85 ms, [] -> [0] -> [0, 2] -> [0, 2, 8] -> [0, 2, 8, 2] -> [0, 2, 8, 2, 6] -> [0, 2, 8, 2, 6, 4] -> [0, 2, 8, 2, 6, 4, 1]

problem_44.yaml
MultithreadBFS: 31.92 ms, [] -> [2] -> [2, 7] -> [2, 7, 0] -> [2, 7, 0, 0] -> [2, 7, 0, 0, 3] -> [2, 7, 0, 0, 3, 0] -> [2, 7, 0, 0, 3, 0, 3]
SyncBFS: 484.66 ms, [] -> [1] -> [1, 0] -> [1, 0, 5] -> [1, 0, 5, 0] -> [1, 0, 5, 0, 4] -> [1, 0, 5, 0, 4, 9] -> [1, 0, 5, 0, 4, 9, 6]
AsyncStartBFS: 18.33 ms, [] -> [1] -> [1, 0] -> [1, 0, 5] -> [1, 0, 5, 0] -> [1, 0, 5, 0, 4] -> [1, 0, 5, 0, 4, 9] -> [1, 0, 5, 0, 4, 9, 6]
TasksBFS: 104.65 ms, [] -> [1] -> [1, 0] -> [1, 0, 5] -> [1, 0, 5, 0] -> [1, 0, 5, 0, 4] -> [1, 0, 5, 0, 4, 9] -> [1, 0, 5, 0, 4, 9, 6]

problem_35.yaml
SyncBFS: 516.08 ms, [] -> [0] -> [0, 0] -> [0, 0, 1] -> [0, 0, 1, 9] -> [0, 0, 1, 9, 5] -> [0, 0, 1, 9, 5, 9] -> [0, 0, 1, 9, 5, 9, 4]
TasksBFS: 100.64 ms, [] -> [0] -> [0, 0] -> [0, 0, 1] -> [0, 0, 1, 9] -> [0, 0, 1, 9, 5] -> [0, 0, 1, 9, 5, 9] -> [0, 0, 1, 9, 5, 9, 4]
AsyncStartBFS: 23.09 ms, [] -> [0] -> [0, 0] -> [0, 0, 1] -> [0, 0, 1, 9] -> [0, 0, 1, 9, 5] -> [0, 0, 1, 9, 5, 9] -> [0, 0, 1, 9, 5, 9, 4]
MultithreadBFS: 31.1 ms, [] -> [2] -> [2, 9] -> [2, 9, 1] -> [2, 9, 1, 6] -> [2, 9, 1, 6, 6] -> [2, 9, 1, 6, 6, 0] -> [2, 9, 1, 6, 6, 0, 4]

problem_46.yaml
SyncBFS: 366.97 ms, [] -> [0] -> [0, 2] -> [0, 2, 1] -> [0, 2, 1, 0] -> [0, 2, 1, 0, 8] -> [0, 2, 1, 0, 8, 4] -> [0, 2, 1, 0, 8, 4, 5]
AsyncStartBFS: 12.64 ms, [] -> [0] -> [0, 2] -> [0, 2, 1] -> [0, 2, 1, 0] -> [0, 2, 1, 0, 8] -> [0, 2, 1, 0, 8, 4] -> [0, 2, 1, 0, 8, 4, 5]
MultithreadBFS: 27.53 ms, [] -> [0] -> [0, 9] -> [0, 9, 0] -> [0, 9, 0, 5] -> [0, 9, 0, 5, 6] -> [0, 9, 0, 5, 6, 3] -> [0, 9, 0, 5, 6, 3, 7]
TasksBFS: 71.04 ms, [] -> [0] -> [0, 9] -> [0, 9, 0] -> [0, 9, 0, 5] -> [0, 9, 0, 5, 6] -> [0, 9, 0, 5, 6, 3] -> [0, 9, 0, 5, 6, 3, 7]

problem_34.yaml
SyncBFS: 501.41 ms, [] -> [0] -> [0, 1] -> [0, 1, 4] -> [0, 1, 4, 4] -> [0, 1, 4, 4, 3] -> [0, 1, 4, 4, 3, 4] -> [0, 1, 4, 4, 3, 4, 0]
AsyncStartBFS: 15.31 ms, [] -> [0] -> [0, 1] -> [0, 1, 4] -> [0, 1, 4, 4] -> [0, 1, 4, 4, 3] -> [0, 1, 4, 4, 3, 4] -> [0, 1, 4, 4, 3, 4, 0]
MultithreadBFS: 24.05 ms, [] -> [0] -> [0, 6] -> [0, 6, 1] -> [0, 6, 1, 2] -> [0, 6, 1, 2, 0] -> [0, 6, 1, 2, 0, 6] -> [0, 6, 1, 2, 0, 6, 5]
TasksBFS: 114.55 ms, [] -> [0] -> [0, 1] -> [0, 1, 4] -> [0, 1, 4, 4] -> [0, 1, 4, 4, 3] -> [0, 1, 4, 4, 3, 4] -> [0, 1, 4, 4, 3, 4, 0]

problem_32.yaml
SyncBFS: 552.45 ms, [] -> [0] -> [0, 4] -> [0, 4, 0] -> [0, 4, 0, 3] -> [0, 4, 0, 3, 9] -> [0, 4, 0, 3, 9, 0] -> [0, 4, 0, 3, 9, 0, 7]
TasksBFS: 137.39 ms, [] -> [0] -> [0, 4] -> [0, 4, 0] -> [0, 4, 0, 3] -> [0, 4, 0, 3, 9] -> [0, 4, 0, 3, 9, 0] -> [0, 4, 0, 3, 9, 0, 7]
AsyncStartBFS: 23.04 ms, [] -> [1] -> [1, 3] -> [1, 3, 2] -> [1, 3, 2, 1] -> [1, 3, 2, 1, 6] -> [1, 3, 2, 1, 6, 0] -> [1, 3, 2, 1, 6, 0, 7]
MultithreadBFS: 28.26 ms, [] -> [3] -> [3, 1] -> [3, 1, 1] -> [3, 1, 1, 5] -> [3, 1, 1, 5, 8] -> [3, 1, 1, 5, 8, 4] -> [3, 1, 1, 5, 8, 4, 3]

problem_31.yaml
AsyncStartBFS: 39.23 ms, [] -> [7] -> [7, 3] -> [7, 3, 1] -> [7, 3, 1, 1] -> [7, 3, 1, 1, 6] -> [7, 3, 1, 1, 6, 8] -> [7, 3, 1, 1, 6, 8, 3]
SyncBFS: 508.32 ms, [] -> [0] -> [0, 3] -> [0, 3, 5] -> [0, 3, 5, 4] -> [0, 3, 5, 4, 1] -> [0, 3, 5, 4, 1, 5] -> [0, 3, 5, 4, 1, 5, 1]
MultithreadBFS: 34.49 ms, [] -> [0] -> [0, 5] -> [0, 5, 0] -> [0, 5, 0, 8] -> [0, 5, 0, 8, 0] -> [0, 5, 0, 8, 0, 9] -> [0, 5, 0, 8, 0, 9, 3]
TasksBFS: 126.94 ms, [] -> [2] -> [2, 2] -> [2, 2, 2] -> [2, 2, 2, 0] -> [2, 2, 2, 0, 5] -> [2, 2, 2, 0, 5, 1] -> [2, 2, 2, 0, 5, 1, 6]

problem_30.yaml
TasksBFS: 100.11 ms, [] -> [2] -> [2, 9] -> [2, 9, 0] -> [2, 9, 0, 4] -> [2, 9, 0, 4, 5] -> [2, 9, 0, 4, 5, 9] -> [2, 9, 0, 4, 5, 9, 8]
SyncBFS: 505.82 ms, [] -> [0] -> [0, 4] -> [0, 4, 9] -> [0, 4, 9, 2] -> [0, 4, 9, 2, 0] -> [0, 4, 9, 2, 0, 0] -> [0, 4, 9, 2, 0, 0, 9]
AsyncStartBFS: 37.12 ms, [] -> [3] -> [3, 1] -> [3, 1, 5] -> [3, 1, 5, 6] -> [3, 1, 5, 6, 8] -> [3, 1, 5, 6, 8, 3] -> [3, 1, 5, 6, 8, 3, 9]
MultithreadBFS: 31.99 ms, [] -> [2] -> [2, 9] -> [2, 9, 0] -> [2, 9, 0, 4] -> [2, 9, 0, 4, 5] -> [2, 9, 0, 4, 5, 9] -> [2, 9, 0, 4, 5, 9, 8]

problem_10.yaml
SyncBFS: 373.94 ms, [] -> [0] -> [0, 1] -> [0, 1, 2] -> [0, 1, 2, 4] -> [0, 1, 2, 4, 2] -> [0, 1, 2, 4, 2, 3] -> [0, 1, 2, 4, 2, 3, 5]
AsyncStartBFS: 11.51 ms, [] -> [0] -> [0, 2] -> [0, 2, 2] -> [0, 2, 2, 1] -> [0, 2, 2, 1, 4] -> [0, 2, 2, 1, 4, 0] -> [0, 2, 2, 1, 4, 0, 9]
MultithreadBFS: 25.59 ms, [] -> [3] -> [3, 8] -> [3, 8, 0] -> [3, 8, 0, 7] -> [3, 8, 0, 7, 3] -> [3, 8, 0, 7, 3, 7] -> [3, 8, 0, 7, 3, 7, 1]
TasksBFS: 69.36 ms, [] -> [0] -> [0, 1] -> [0, 1, 2] -> [0, 1, 2, 4] -> [0, 1, 2, 4, 2] -> [0, 1, 2, 4, 2, 3] -> [0, 1, 2, 4, 2, 3, 5]

problem_09.yaml
MultithreadBFS: 34.25 ms, [] -> [2] -> [2, 7] -> [2, 7, 0] -> [2, 7, 0, 2] -> [2, 7, 0, 2, 7] -> [2, 7, 0, 2, 7, 0] -> [2, 7, 0, 2, 7, 0, 1]
TasksBFS: 73.78 ms, [] -> [2] -> [2, 7] -> [2, 7, 0] -> [2, 7, 0, 2] -> [2, 7, 0, 2, 7] -> [2, 7, 0, 2, 7, 0] -> [2, 7, 0, 2, 7, 0, 1]
SyncBFS: 383.37 ms, [] -> [0] -> [0, 0] -> [0, 0, 2] -> [0, 0, 2, 9] -> [0, 0, 2, 9, 5] -> [0, 0, 2, 9, 5, 1] -> [0, 0, 2, 9, 5, 1, 1]
AsyncStartBFS: 27.34 ms, [] -> [0] -> [0, 2] -> [0, 2, 7] -> [0, 2, 7, 6] -> [0, 2, 7, 6, 2] -> [0, 2, 7, 6, 2, 4] -> [0, 2, 7, 6, 2, 4, 7]

problem_12.yaml
SyncBFS: 491.72 ms, [] -> [0] -> [0, 2] -> [0, 2, 1] -> [0, 2, 1, 2] -> [0, 2, 1, 2, 4] -> [0, 2, 1, 2, 4, 4] -> [0, 2, 1, 2, 4, 4, 8]
MultithreadBFS: 33.71 ms, [] -> [2] -> [2, 9] -> [2, 9, 2] -> [2, 9, 2, 1] -> [2, 9, 2, 1, 0] -> [2, 9, 2, 1, 0, 8] -> [2, 9, 2, 1, 0, 8, 1]
AsyncStartBFS: 14.38 ms, [] -> [0] -> [0, 2] -> [0, 2, 1] -> [0, 2, 1, 2] -> [0, 2, 1, 2, 4] -> [0, 2, 1, 2, 4, 4] -> [0, 2, 1, 2, 4, 4, 8]
TasksBFS: 106.52 ms, [] -> [0] -> [0, 4] -> [0, 4, 5] -> [0, 4, 5, 1] -> [0, 4, 5, 1, 1] -> [0, 4, 5, 1, 1, 3] -> [0, 4, 5, 1, 1, 3, 4]

problem_47.yaml
AsyncStartBFS: 48.27 ms, [] -> [1] -> [1, 1] -> [1, 1, 2] -> [1, 1, 2, 3] -> [1, 1, 2, 3, 7] -> [1, 1, 2, 3, 7, 9] -> [1, 1, 2, 3, 7, 9, 8]
MultithreadBFS: 29.88 ms, [] -> [1] -> [1, 1] -> [1, 1, 2] -> [1, 1, 2, 3] -> [1, 1, 2, 3, 7] -> [1, 1, 2, 3, 7, 9] -> [1, 1, 2, 3, 7, 9, 8]
TasksBFS: 171.43 ms, [] -> [2] -> [2, 0] -> [2, 0, 1] -> [2, 0, 1, 1] -> [2, 0, 1, 1, 3] -> [2, 0, 1, 1, 3, 7] -> [2, 0, 1, 1, 3, 7, 2]
SyncBFS: 614.84 ms, [] -> [0] -> [0, 1] -> [0, 1, 0] -> [0, 1, 0, 8] -> [0, 1, 0, 8, 5] -> [0, 1, 0, 8, 5, 8] -> [0, 1, 0, 8, 5, 8, 5]

problem_11.yaml
SyncBFS: 581.66 ms, [] -> [0] -> [0, 0] -> [0, 0, 2] -> [0, 0, 2, 6] -> [0, 0, 2, 6, 3] -> [0, 0, 2, 6, 3, 1] -> [0, 0, 2, 6, 3, 1, 7]
TasksBFS: 154.96 ms, [] -> [0] -> [0, 0] -> [0, 0, 2] -> [0, 0, 2, 6] -> [0, 0, 2, 6, 3] -> [0, 0, 2, 6, 3, 1] -> [0, 0, 2, 6, 3, 1, 7]
MultithreadBFS: 35 ms, [] -> [0] -> [0, 6] -> [0, 6, 0] -> [0, 6, 0, 5] -> [0, 6, 0, 5, 8] -> [0, 6, 0, 5, 8, 1] -> [0, 6, 0, 5, 8, 1, 7]
AsyncStartBFS: 20.25 ms, [] -> [0] -> [0, 0] -> [0, 0, 2] -> [0, 0, 2, 6] -> [0, 0, 2, 6, 3] -> [0, 0, 2, 6, 3, 1] -> [0, 0, 2, 6, 3, 1, 7]

problem_01.yaml
TasksBFS: 110.99 ms, [] -> [0] -> [0, 1] -> [0, 1, 6] -> [0, 1, 6, 1] -> [0, 1, 6, 1, 0] -> [0, 1, 6, 1, 0, 9] -> [0, 1, 6, 1, 0, 9, 4]
SyncBFS: 487.01 ms, [] -> [0] -> [0, 0] -> [0, 0, 4] -> [0, 0, 4, 4] -> [0, 0, 4, 4, 3] -> [0, 0, 4, 4, 3, 9] -> [0, 0, 4, 4, 3, 9, 2]
AsyncStartBFS: 20.24 ms, [] -> [2] -> [2, 4] -> [2, 4, 0] -> [2, 4, 0, 1] -> [2, 4, 0, 1, 9] -> [2, 4, 0, 1, 9, 7] -> [2, 4, 0, 1, 9, 7, 4]
MultithreadBFS: 21.53 ms, [] -> [1] -> [1, 0] -> [1, 0, 0] -> [1, 0, 0, 4] -> [1, 0, 0, 4, 2] -> [1, 0, 0, 4, 2, 2] -> [1, 0, 0, 4, 2, 2, 3]

problem_08.yaml
AsyncStartBFS: 34.96 ms, [] -> [0] -> [0, 7] -> [0, 7, 0] -> [0, 7, 0, 1] -> [0, 7, 0, 1, 1] -> [0, 7, 0, 1, 1, 4] -> [0, 7, 0, 1, 1, 4, 9]
SyncBFS: 527.43 ms, [] -> [0] -> [0, 1] -> [0, 1, 1] -> [0, 1, 1, 1] -> [0, 1, 1, 1, 7] -> [0, 1, 1, 1, 7, 6] -> [0, 1, 1, 1, 7, 6, 2]
MultithreadBFS: 33.16 ms, [] -> [2] -> [2, 1] -> [2, 1, 0] -> [2, 1, 0, 4] -> [2, 1, 0, 4, 9] -> [2, 1, 0, 4, 9, 0] -> [2, 1, 0, 4, 9, 0, 9]
TasksBFS: 118.51 ms, [] -> [0] -> [0, 1] -> [0, 1, 7] -> [0, 1, 7, 6] -> [0, 1, 7, 6, 0] -> [0, 1, 7, 6, 0, 7] -> [0, 1, 7, 6, 0, 7, 7]

problem_06.yaml
TasksBFS: 70.49 ms, [] -> [1] -> [1, 0] -> [1, 0, 0] -> [1, 0, 0, 1] -> [1, 0, 0, 1, 3] -> [1, 0, 0, 1, 3, 0] -> [1, 0, 0, 1, 3, 0, 5]
AsyncStartBFS: 14.51 ms, [] -> [1] -> [1, 0] -> [1, 0, 0] -> [1, 0, 0, 1] -> [1, 0, 0, 1, 3] -> [1, 0, 0, 1, 3, 0] -> [1, 0, 0, 1, 3, 0, 5]
SyncBFS: 367.31 ms, [] -> [1] -> [1, 0] -> [1, 0, 0] -> [1, 0, 0, 1] -> [1, 0, 0, 1, 3] -> [1, 0, 0, 1, 3, 0] -> [1, 0, 0, 1, 3, 0, 5]
MultithreadBFS: 28.53 ms, [] -> [3] -> [3, 3] -> [3, 3, 1] -> [3, 3, 1, 3] -> [3, 3, 1, 3, 9] -> [3, 3, 1, 3, 9, 9] -> [3, 3, 1, 3, 9, 9, 7]

problem_19.yaml
TasksBFS: 92.36 ms, [] -> [4] -> [4, 2] -> [4, 2, 0] -> [4, 2, 0, 4] -> [4, 2, 0, 4, 1] -> [4, 2, 0, 4, 1, 1] -> [4, 2, 0, 4, 1, 1, 6]
MultithreadBFS: 38.98 ms, [] -> [4] -> [4, 2] -> [4, 2, 0] -> [4, 2, 0, 4] -> [4, 2, 0, 4, 1] -> [4, 2, 0, 4, 1, 1] -> [4, 2, 0, 4, 1, 1, 6]
SyncBFS: 518.11 ms, [] -> [0] -> [0, 0] -> [0, 0, 6] -> [0, 0, 6, 2] -> [0, 0, 6, 2, 4] -> [0, 0, 6, 2, 4, 2] -> [0, 0, 6, 2, 4, 2, 8]
AsyncStartBFS: 29.53 ms, [] -> [4] -> [4, 2] -> [4, 2, 0] -> [4, 2, 0, 4] -> [4, 2, 0, 4, 1] -> [4, 2, 0, 4, 1, 1] -> [4, 2, 0, 4, 1, 1, 6]

problem_40.yaml
MultithreadBFS: 24.83 ms, [] -> [4] -> [4, 3] -> [4, 3, 0] -> [4, 3, 0, 2] -> [4, 3, 0, 2, 4] -> [4, 3, 0, 2, 4, 2] -> [4, 3, 0, 2, 4, 2, 4]
AsyncStartBFS: 25.35 ms, [] -> [0] -> [0, 4] -> [0, 4, 1] -> [0, 4, 1, 5] -> [0, 4, 1, 5, 7] -> [0, 4, 1, 5, 7, 3] -> [0, 4, 1, 5, 7, 3, 8]
TasksBFS: 74.77 ms, [] -> [0] -> [0, 0] -> [0, 0, 6] -> [0, 0, 6, 9] -> [0, 0, 6, 9, 5] -> [0, 0, 6, 9, 5, 1] -> [0, 0, 6, 9, 5, 1, 2]
SyncBFS: 388.66 ms, [] -> [0] -> [0, 0] -> [0, 0, 6] -> [0, 0, 6, 9] -> [0, 0, 6, 9, 5] -> [0, 0, 6, 9, 5, 1] -> [0, 0, 6, 9, 5, 1, 2]

problem_04.yaml
AsyncStartBFS: 34.8 ms, [] -> [0] -> [0, 2] -> [0, 2, 0] -> [0, 2, 0, 7] -> [0, 2, 0, 7, 9] -> [0, 2, 0, 7, 9, 2] -> [0, 2, 0, 7, 9, 2, 6]
TasksBFS: 95.05 ms, [] -> [2] -> [2, 8] -> [2, 8, 2] -> [2, 8, 2, 9] -> [2, 8, 2, 9, 5] -> [2, 8, 2, 9, 5, 2] -> [2, 8, 2, 9, 5, 2, 2]
SyncBFS: 506.5 ms, [] -> [0] -> [0, 2] -> [0, 2, 0] -> [0, 2, 0, 7] -> [0, 2, 0, 7, 9] -> [0, 2, 0, 7, 9, 2] -> [0, 2, 0, 7, 9, 2, 6]
MultithreadBFS: 35.1 ms, [] -> [1] -> [1, 7] -> [1, 7, 2] -> [1, 7, 2, 5] -> [1, 7, 2, 5, 6] -> [1, 7, 2, 5, 6, 6] -> [1, 7, 2, 5, 6, 6, 4]

problem_33.yaml
AsyncStartBFS: 19.88 ms, [] -> [0] -> [0, 2] -> [0, 2, 2] -> [0, 2, 2, 5] -> [0, 2, 2, 5, 4] -> [0, 2, 2, 5, 4, 5] -> [0, 2, 2, 5, 4, 5, 0]
SyncBFS: 528.16 ms, [] -> [0] -> [0, 2] -> [0, 2, 2] -> [0, 2, 2, 5] -> [0, 2, 2, 5, 4] -> [0, 2, 2, 5, 4, 5] -> [0, 2, 2, 5, 4, 5, 0]
TasksBFS: 118.66 ms, [] -> [0] -> [0, 2] -> [0, 2, 2] -> [0, 2, 2, 5] -> [0, 2, 2, 5, 4] -> [0, 2, 2, 5, 4, 5] -> [0, 2, 2, 5, 4, 5, 0]
MultithreadBFS: 32.14 ms, [] -> [0] -> [0, 4] -> [0, 4, 0] -> [0, 4, 0, 7] -> [0, 4, 0, 7, 7] -> [0, 4, 0, 7, 7, 2] -> [0, 4, 0, 7, 7, 2, 4]

problem_21.yaml
AsyncStartBFS: 8.8 ms, [] -> [1] -> [1, 0] -> [1, 0, 3] -> [1, 0, 3, 8] -> [1, 0, 3, 8, 1] -> [1, 0, 3, 8, 1, 0] -> [1, 0, 3, 8, 1, 0, 9]
MultithreadBFS: 32.27 ms, [] -> [3] -> [3, 1] -> [3, 1, 3] -> [3, 1, 3, 8] -> [3, 1, 3, 8, 7] -> [3, 1, 3, 8, 7, 0] -> [3, 1, 3, 8, 7, 0, 0]
SyncBFS: 351.39 ms, [] -> [1] -> [1, 0] -> [1, 0, 3] -> [1, 0, 3, 8] -> [1, 0, 3, 8, 1] -> [1, 0, 3, 8, 1, 0] -> [1, 0, 3, 8, 1, 0, 9]
TasksBFS: 72.63 ms, [] -> [1] -> [1, 0] -> [1, 0, 3] -> [1, 0, 3, 8] -> [1, 0, 3, 8, 1] -> [1, 0, 3, 8, 1, 0] -> [1, 0, 3, 8, 1, 0, 9]

problem_24.yaml
TasksBFS: 129.34 ms, [] -> [1] -> [1, 8] -> [1, 8, 0] -> [1, 8, 0, 8] -> [1, 8, 0, 8, 8] -> [1, 8, 0, 8, 8, 9] -> [1, 8, 0, 8, 8, 9, 3]
MultithreadBFS: 28.92 ms, [] -> [1] -> [1, 8] -> [1, 8, 0] -> [1, 8, 0, 8] -> [1, 8, 0, 8, 8] -> [1, 8, 0, 8, 8, 9] -> [1, 8, 0, 8, 8, 9, 3]
AsyncStartBFS: 45.12 ms, [] -> [8] -> [8, 2] -> [8, 2, 1] -> [8, 2, 1, 8] -> [8, 2, 1, 8, 2] -> [8, 2, 1, 8, 2, 6] -> [8, 2, 1, 8, 2, 6, 0]
SyncBFS: 564.89 ms, [] -> [0] -> [0, 2] -> [0, 2, 3] -> [0, 2, 3, 4] -> [0, 2, 3, 4, 8] -> [0, 2, 3, 4, 8, 2] -> [0, 2, 3, 4, 8, 2, 6]

problem_03.yaml
SyncBFS: 583.77 ms, [] -> [0] -> [0, 1] -> [0, 1, 6] -> [0, 1, 6, 1] -> [0, 1, 6, 1, 4] -> [0, 1, 6, 1, 4, 4] -> [0, 1, 6, 1, 4, 4, 8]
TasksBFS: 164.34 ms, [] -> [1] -> [1, 2] -> [1, 2, 3] -> [1, 2, 3, 0] -> [1, 2, 3, 0, 0] -> [1, 2, 3, 0, 0, 6] -> [1, 2, 3, 0, 0, 6, 7]
MultithreadBFS: 20.99 ms, [] -> [1] -> [1, 2] -> [1, 2, 3] -> [1, 2, 3, 0] -> [1, 2, 3, 0, 0] -> [1, 2, 3, 0, 0, 6] -> [1, 2, 3, 0, 0, 6, 7]
AsyncStartBFS: 21.78 ms, [] -> [0] -> [0, 1] -> [0, 1, 6] -> [0, 1, 6, 1] -> [0, 1, 6, 1, 4] -> [0, 1, 6, 1, 4, 4] -> [0, 1, 6, 1, 4, 4, 8]

problem_07.yaml
SyncBFS: 558.71 ms, [] -> [0] -> [0, 0] -> [0, 0, 1] -> [0, 0, 1, 0] -> [0, 0, 1, 0, 2] -> [0, 0, 1, 0, 2, 4] -> [0, 0, 1, 0, 2, 4, 1]
AsyncStartBFS: 18.56 ms, [] -> [0] -> [0, 0] -> [0, 0, 1] -> [0, 0, 1, 0] -> [0, 0, 1, 0, 2] -> [0, 0, 1, 0, 2, 4] -> [0, 0, 1, 0, 2, 4, 1]
TasksBFS: 117.64 ms, [] -> [0] -> [0, 0] -> [0, 0, 2] -> [0, 0, 2, 1] -> [0, 0, 2, 1, 8] -> [0, 0, 2, 1, 8, 4] -> [0, 0, 2, 1, 8, 4, 5]
MultithreadBFS: 34.57 ms, [] -> [0] -> [0, 2] -> [0, 2, 0] -> [0, 2, 0, 7] -> [0, 2, 0, 7, 3] -> [0, 2, 0, 7, 3, 1] -> [0, 2, 0, 7, 3, 1, 7]

problem_42.yaml
AsyncStartBFS: 22.62 ms, [] -> [0] -> [0, 1] -> [0, 1, 9] -> [0, 1, 9, 2] -> [0, 1, 9, 2, 0] -> [0, 1, 9, 2, 0, 8] -> [0, 1, 9, 2, 0, 8, 1]
SyncBFS: 495.38 ms, [] -> [0] -> [0, 1] -> [0, 1, 0] -> [0, 1, 0, 7] -> [0, 1, 0, 7, 2] -> [0, 1, 0, 7, 2, 0] -> [0, 1, 0, 7, 2, 0, 7]
TasksBFS: 106.92 ms, [] -> [0] -> [0, 1] -> [0, 1, 0] -> [0, 1, 0, 7] -> [0, 1, 0, 7, 2] -> [0, 1, 0, 7, 2, 0] -> [0, 1, 0, 7, 2, 0, 7]
MultithreadBFS: 30.95 ms, [] -> [3] -> [3, 0] -> [3, 0, 1] -> [3, 0, 1, 0] -> [3, 0, 1, 0, 1] -> [3, 0, 1, 0, 1, 3] -> [3, 0, 1, 0, 1, 3, 2]

problem_02.yaml
AsyncStartBFS: 38.7 ms, [] -> [2] -> [2, 8] -> [2, 8, 4] -> [2, 8, 4, 8] -> [2, 8, 4, 8, 3] -> [2, 8, 4, 8, 3, 6] -> [2, 8, 4, 8, 3, 6, 6]
TasksBFS: 99.04 ms, [] -> [2] -> [2, 0] -> [2, 0, 1] -> [2, 0, 1, 1] -> [2, 0, 1, 1, 5] -> [2, 0, 1, 1, 5, 9] -> [2, 0, 1, 1, 5, 9, 0]
SyncBFS: 508.11 ms, [] -> [0] -> [0, 3] -> [0, 3, 6] -> [0, 3, 6, 7] -> [0, 3, 6, 7, 6] -> [0, 3, 6, 7, 6, 1] -> [0, 3, 6, 7, 6, 1, 3]
MultithreadBFS: 44.92 ms, [] -> [0] -> [0, 6] -> [0, 6, 4] -> [0, 6, 4, 0] -> [0, 6, 4, 0, 3] -> [0, 6, 4, 0, 3, 9] -> [0, 6, 4, 0, 3, 9, 6]

problem_29.yaml
TasksBFS: 144.51 ms, [] -> [2] -> [2, 2] -> [2, 2, 3] -> [2, 2, 3, 3] -> [2, 2, 3, 3, 9] -> [2, 2, 3, 3, 9, 9] -> [2, 2, 3, 3, 9, 9, 7]
SyncBFS: 597.37 ms, [] -> [0] -> [0, 3] -> [0, 3, 3] -> [0, 3, 3, 1] -> [0, 3, 3, 1, 6] -> [0, 3, 3, 1, 6, 8] -> [0, 3, 3, 1, 6, 8, 5]
MultithreadBFS: 33.67 ms, [] -> [1] -> [1, 4] -> [1, 4, 2] -> [1, 4, 2, 7] -> [1, 4, 2, 7, 8] -> [1, 4, 2, 7, 8, 2] -> [1, 4, 2, 7, 8, 2, 7]
AsyncStartBFS: 30.79 ms, [] -> [2] -> [2, 6] -> [2, 6, 6] -> [2, 6, 6, 2] -> [2, 6, 6, 2, 4] -> [2, 6, 6, 2, 4, 0] -> [2, 6, 6, 2, 4, 0, 9]

problem_00.yaml
SyncBFS: 305.19 ms, [] -> [1] -> [1, 0] -> [1, 0, 7] -> [1, 0, 7, 3] -> [1, 0, 7, 3, 1] -> [1, 0, 7, 3, 1, 3] -> [1, 0, 7, 3, 1, 3, 8]
AsyncStartBFS: 22.77 ms, [] -> [1] -> [1, 3] -> [1, 3, 0] -> [1, 3, 0, 2] -> [1, 3, 0, 2, 5] -> [1, 3, 0, 2, 5, 6] -> [1, 3, 0, 2, 5, 6, 2]
MultithreadBFS: 29.22 ms, [] -> [1] -> [1, 3] -> [1, 3, 0] -> [1, 3, 0, 2] -> [1, 3, 0, 2, 5] -> [1, 3, 0, 2, 5, 6] -> [1, 3, 0, 2, 5, 6, 2]
TasksBFS: 96.32 ms, [] -> [3] -> [3, 4] -> [3, 4, 0] -> [3, 4, 0, 7] -> [3, 4, 0, 7, 9] -> [3, 4, 0, 7, 9, 3] -> [3, 4, 0, 7, 9, 3, 3]

problem_13.yaml
MultithreadBFS: 27.33 ms, [] -> [2] -> [2, 1] -> [2, 1, 2] -> [2, 1, 2, 0] -> [2, 1, 2, 0, 9] -> [2, 1, 2, 0, 9, 9] -> [2, 1, 2, 0, 9, 9, 1]
SyncBFS: 605.65 ms, [] -> [0] -> [0, 5] -> [0, 5, 1] -> [0, 5, 1, 3] -> [0, 5, 1, 3, 2] -> [0, 5, 1, 3, 2, 8] -> [0, 5, 1, 3, 2, 8, 7]
TasksBFS: 145.28 ms, [] -> [2] -> [2, 1] -> [2, 1, 2] -> [2, 1, 2, 0] -> [2, 1, 2, 0, 9] -> [2, 1, 2, 0, 9, 9] -> [2, 1, 2, 0, 9, 9, 1]
AsyncStartBFS: 31.39 ms, [] -> [2] -> [2, 7] -> [2, 7, 5] -> [2, 7, 5, 6] -> [2, 7, 5, 6, 6] -> [2, 7, 5, 6, 6, 5] -> [2, 7, 5, 6, 6, 5, 4]

problem_16.yaml
MultithreadBFS: 33 ms, [] -> [0] -> [0, 7] -> [0, 7, 0] -> [0, 7, 0, 1] -> [0, 7, 0, 1, 5] -> [0, 7, 0, 1, 5, 8] -> [0, 7, 0, 1, 5, 8, 7]
SyncBFS: 474.71 ms, [] -> [0] -> [0, 2] -> [0, 2, 5] -> [0, 2, 5, 0] -> [0, 2, 5, 0, 1] -> [0, 2, 5, 0, 1, 2] -> [0, 2, 5, 0, 1, 2, 4]
AsyncStartBFS: 17.13 ms, [] -> [0] -> [0, 2] -> [0, 2, 5] -> [0, 2, 5, 0] -> [0, 2, 5, 0, 1] -> [0, 2, 5, 0, 1, 2] -> [0, 2, 5, 0, 1, 2, 4]
TasksBFS: 104.86 ms, [] -> [2] -> [2, 2] -> [2, 2, 4] -> [2, 2, 4, 7] -> [2, 2, 4, 7, 2] -> [2, 2, 4, 7, 2, 4] -> [2, 2, 4, 7, 2, 4, 1]

problem_20.yaml
SyncBFS: 573.04 ms, [] -> [0] -> [0, 1] -> [0, 1, 1] -> [0, 1, 1, 3] -> [0, 1, 1, 3, 4] -> [0, 1, 1, 3, 4, 2] -> [0, 1, 1, 3, 4, 2, 0]
TasksBFS: 139.39 ms, [] -> [1] -> [1, 6] -> [1, 6, 0] -> [1, 6, 0, 1] -> [1, 6, 0, 1, 8] -> [1, 6, 0, 1, 8, 4] -> [1, 6, 0, 1, 8, 4, 0]
AsyncStartBFS: 38.33 ms, [] -> [0] -> [0, 1] -> [0, 1, 1] -> [0, 1, 1, 3] -> [0, 1, 1, 3, 4] -> [0, 1, 1, 3, 4, 2] -> [0, 1, 1, 3, 4, 2, 0]
MultithreadBFS: 31.79 ms, [] -> [1] -> [1, 6] -> [1, 6, 0] -> [1, 6, 0, 1] -> [1, 6, 0, 1, 8] -> [1, 6, 0, 1, 8, 4] -> [1, 6, 0, 1, 8, 4, 0]

problem_18.yaml
MultithreadBFS: 32.04 ms, [] -> [1] -> [1, 4] -> [1, 4, 3] -> [1, 4, 3, 1] -> [1, 4, 3, 1, 1] -> [1, 4, 3, 1, 1, 4] -> [1, 4, 3, 1, 1, 4, 0]
TasksBFS: 70.62 ms, [] -> [4] -> [4, 7] -> [4, 7, 2] -> [4, 7, 2, 3] -> [4, 7, 2, 3, 4] -> [4, 7, 2, 3, 4, 4] -> [4, 7, 2, 3, 4, 4, 1]
SyncBFS: 396.31 ms, [] -> [1] -> [1, 2] -> [1, 2, 0] -> [1, 2, 0, 9] -> [1, 2, 0, 9, 6] -> [1, 2, 0, 9, 6, 8] -> [1, 2, 0, 9, 6, 8, 5]
AsyncStartBFS: 34.9 ms, [] -> [4] -> [4, 7] -> [4, 7, 2] -> [4, 7, 2, 3] -> [4, 7, 2, 3, 4] -> [4, 7, 2, 3, 4, 4] -> [4, 7, 2, 3, 4, 4, 1]

problem_05.yaml
SyncBFS: 415.69 ms, [] -> [0] -> [0, 6] -> [0, 6, 3] -> [0, 6, 3, 7] -> [0, 6, 3, 7, 4] -> [0, 6, 3, 7, 4, 3] -> [0, 6, 3, 7, 4, 3, 0]
MultithreadBFS: 26.18 ms, [] -> [2] -> [2, 1] -> [2, 1, 0] -> [2, 1, 0, 2] -> [2, 1, 0, 2, 6] -> [2, 1, 0, 2, 6, 4] -> [2, 1, 0, 2, 6, 4, 4]
TasksBFS: 59.59 ms, [] -> [2] -> [2, 1] -> [2, 1, 0] -> [2, 1, 0, 2] -> [2, 1, 0, 2, 6] -> [2, 1, 0, 2, 6, 4] -> [2, 1, 0, 2, 6, 4, 4]
AsyncStartBFS: 26.48 ms, [] -> [1] -> [1, 6] -> [1, 6, 1] -> [1, 6, 1, 2] -> [1, 6, 1, 2, 0] -> [1, 6, 1, 2, 0, 7] -> [1, 6, 1, 2, 0, 7, 0]

problem_15.yaml
TasksBFS: 112.11 ms, [] -> [1] -> [1, 2] -> [1, 2, 3] -> [1, 2, 3, 4] -> [1, 2, 3, 4, 5] -> [1, 2, 3, 4, 5, 4] -> [1, 2, 3, 4, 5, 4, 4]
MultithreadBFS: 33.19 ms, [] -> [3] -> [3, 5] -> [3, 5, 0] -> [3, 5, 0, 8] -> [3, 5, 0, 8, 4] -> [3, 5, 0, 8, 4, 2] -> [3, 5, 0, 8, 4, 2, 7]
SyncBFS: 457.24 ms, [] -> [1] -> [1, 0] -> [1, 0, 4] -> [1, 0, 4, 5] -> [1, 0, 4, 5, 5] -> [1, 0, 4, 5, 5, 8] -> [1, 0, 4, 5, 5, 8, 9]
AsyncStartBFS: 19 ms, [] -> [1] -> [1, 0] -> [1, 0, 4] -> [1, 0, 4, 5] -> [1, 0, 4, 5, 5] -> [1, 0, 4, 5, 5, 8] -> [1, 0, 4, 5, 5, 8, 9]

problem_17.yaml
TasksBFS: 145.96 ms, [] -> [2] -> [2, 5] -> [2, 5, 2] -> [2, 5, 2, 7] -> [2, 5, 2, 7, 2] -> [2, 5, 2, 7, 2, 7] -> [2, 5, 2, 7, 2, 7, 3]
SyncBFS: 534.73 ms, [] -> [1] -> [1, 1] -> [1, 1, 1] -> [1, 1, 1, 0] -> [1, 1, 1, 0, 9] -> [1, 1, 1, 0, 9, 9] -> [1, 1, 1, 0, 9, 9, 5]
AsyncStartBFS: 45.25 ms, [] -> [9] -> [9, 5] -> [9, 5, 0] -> [9, 5, 0, 8] -> [9, 5, 0, 8, 5] -> [9, 5, 0, 8, 5, 7] -> [9, 5, 0, 8, 5, 7, 9]
MultithreadBFS: 34.27 ms, [] -> [1] -> [1, 1] -> [1, 1, 1] -> [1, 1, 1, 0] -> [1, 1, 1, 0, 9] -> [1, 1, 1, 0, 9, 9] -> [1, 1, 1, 0, 9, 9, 5]

problem_37.yaml
AsyncStartBFS: 17.61 ms, [] -> [0] -> [0, 0] -> [0, 0, 2] -> [0, 0, 2, 5] -> [0, 0, 2, 5, 9] -> [0, 0, 2, 5, 9, 9] -> [0, 0, 2, 5, 9, 9, 1]
TasksBFS: 107.89 ms, [] -> [0] -> [0, 0] -> [0, 0, 3] -> [0, 0, 3, 9] -> [0, 0, 3, 9, 4] -> [0, 0, 3, 9, 4, 3] -> [0, 0, 3, 9, 4, 3, 0]
SyncBFS: 484.4 ms, [] -> [0] -> [0, 0] -> [0, 0, 2] -> [0, 0, 2, 5] -> [0, 0, 2, 5, 9] -> [0, 0, 2, 5, 9, 9] -> [0, 0, 2, 5, 9, 9, 1]
MultithreadBFS: 35.42 ms, [] -> [1] -> [1, 5] -> [1, 5, 1] -> [1, 5, 1, 9] -> [1, 5, 1, 9, 6] -> [1, 5, 1, 9, 6, 7] -> [1, 5, 1, 9, 6, 7, 0]

problem_22.yaml
SyncBFS: 510.98 ms, [] -> [0] -> [0, 1] -> [0, 1, 3] -> [0, 1, 3, 9] -> [0, 1, 3, 9, 9] -> [0, 1, 3, 9, 9, 9] -> [0, 1, 3, 9, 9, 9, 8]
MultithreadBFS: 46.16 ms, [] -> [0] -> [0, 8] -> [0, 8, 3] -> [0, 8, 3, 6] -> [0, 8, 3, 6, 2] -> [0, 8, 3, 6, 2, 9] -> [0, 8, 3, 6, 2, 9, 7]
TasksBFS: 126.46 ms, [] -> [0] -> [0, 1] -> [0, 1, 3] -> [0, 1, 3, 9] -> [0, 1, 3, 9, 9] -> [0, 1, 3, 9, 9, 9] -> [0, 1, 3, 9, 9, 9, 8]
AsyncStartBFS: 17.06 ms, [] -> [0] -> [0, 1] -> [0, 1, 3] -> [0, 1, 3, 9] -> [0, 1, 3, 9, 9] -> [0, 1, 3, 9, 9, 9] -> [0, 1, 3, 9, 9, 9, 8]

problem_23.yaml
AsyncStartBFS: 32.55 ms, [] -> [1] -> [1, 6] -> [1, 6, 2] -> [1, 6, 2, 0] -> [1, 6, 2, 0, 3] -> [1, 6, 2, 0, 3, 6] -> [1, 6, 2, 0, 3, 6, 7]
SyncBFS: 537.57 ms, [] -> [1] -> [1, 4] -> [1, 4, 1] -> [1, 4, 1, 3] -> [1, 4, 1, 3, 8] -> [1, 4, 1, 3, 8, 1] -> [1, 4, 1, 3, 8, 1, 5]
TasksBFS: 118.05 ms, [] -> [2] -> [2, 3] -> [2, 3, 5] -> [2, 3, 5, 3] -> [2, 3, 5, 3, 6] -> [2, 3, 5, 3, 6, 3] -> [2, 3, 5, 3, 6, 3, 0]
MultithreadBFS: 26.01 ms, [] -> [2] -> [2, 0] -> [2, 0, 0] -> [2, 0, 0, 0] -> [2, 0, 0, 0, 0] -> [2, 0, 0, 0, 0, 2] -> [2, 0, 0, 0, 0, 2, 2]

problem_25.yaml
TasksBFS: 80.8 ms, [] -> [3] -> [3, 7] -> [3, 7, 1] -> [3, 7, 1, 9] -> [3, 7, 1, 9, 2] -> [3, 7, 1, 9, 2, 3] -> [3, 7, 1, 9, 2, 3, 0]
AsyncStartBFS: 39.07 ms, [] -> [0] -> [0, 0] -> [0, 0, 5] -> [0, 0, 5, 4] -> [0, 0, 5, 4, 3] -> [0, 0, 5, 4, 3, 6] -> [0, 0, 5, 4, 3, 6, 0]
SyncBFS: 490.83 ms, [] -> [0] -> [0, 0] -> [0, 0, 5] -> [0, 0, 5, 4] -> [0, 0, 5, 4, 3] -> [0, 0, 5, 4, 3, 6] -> [0, 0, 5, 4, 3, 6, 0]
MultithreadBFS: 23.67 ms, [] -> [3] -> [3, 0] -> [3, 0, 1] -> [3, 0, 1, 1] -> [3, 0, 1, 1, 2] -> [3, 0, 1, 1, 2, 1] -> [3, 0, 1, 1, 2, 1, 2]

problem_27.yaml
TasksBFS: 132.51 ms, [] -> [1] -> [1, 3] -> [1, 3, 0] -> [1, 3, 0, 0] -> [1, 3, 0, 0, 9] -> [1, 3, 0, 0, 9, 5] -> [1, 3, 0, 0, 9, 5, 0]
SyncBFS: 525.5 ms, [] -> [0] -> [0, 3] -> [0, 3, 3] -> [0, 3, 3, 4] -> [0, 3, 3, 4, 9] -> [0, 3, 3, 4, 9, 6] -> [0, 3, 3, 4, 9, 6, 0]
AsyncStartBFS: 29.16 ms, [] -> [1] -> [1, 4] -> [1, 4, 3] -> [1, 4, 3, 8] -> [1, 4, 3, 8, 2] -> [1, 4, 3, 8, 2, 9] -> [1, 4, 3, 8, 2, 9, 0]
MultithreadBFS: 32.81 ms, [] -> [1] -> [1, 3] -> [1, 3, 0] -> [1, 3, 0, 0] -> [1, 3, 0, 0, 9] -> [1, 3, 0, 0, 9, 5] -> [1, 3, 0, 0, 9, 5, 0]

problem_26.yaml
SyncBFS: 463.76 ms, [] -> [0] -> [0, 0] -> [0, 0, 4] -> [0, 0, 4, 4] -> [0, 0, 4, 4, 6] -> [0, 0, 4, 4, 6, 2] -> [0, 0, 4, 4, 6, 2, 2]
TasksBFS: 87.11 ms, [] -> [0] -> [0, 0] -> [0, 0, 7] -> [0, 0, 7, 5] -> [0, 0, 7, 5, 6] -> [0, 0, 7, 5, 6, 5] -> [0, 0, 7, 5, 6, 5, 1]
MultithreadBFS: 47.62 ms, [] -> [1] -> [1, 0] -> [1, 0, 2] -> [1, 0, 2, 8] -> [1, 0, 2, 8, 3] -> [1, 0, 2, 8, 3, 6] -> [1, 0, 2, 8, 3, 6, 4]
AsyncStartBFS: 20.53 ms, [] -> [0] -> [0, 0] -> [0, 0, 4] -> [0, 0, 4, 4] -> [0, 0, 4, 4, 6] -> [0, 0, 4, 4, 6, 2] -> [0, 0, 4, 4, 6, 2, 2]

problem_14.yaml
AsyncStartBFS: 10.35 ms, [] -> [0] -> [0, 0] -> [0, 0, 0] -> [0, 0, 0, 6] -> [0, 0, 0, 6, 5] -> [0, 0, 0, 6, 5, 7] -> [0, 0, 0, 6, 5, 7, 3]
MultithreadBFS: 29.88 ms, [] -> [0] -> [0, 6] -> [0, 6, 5] -> [0, 6, 5, 7] -> [0, 6, 5, 7, 9] -> [0, 6, 5, 7, 9, 9] -> [0, 6, 5, 7, 9, 9, 8]
TasksBFS: 62.09 ms, [] -> [0] -> [0, 5] -> [0, 5, 0] -> [0, 5, 0, 0] -> [0, 5, 0, 0, 3] -> [0, 5, 0, 0, 3, 2] -> [0, 5, 0, 0, 3, 2, 2]
SyncBFS: 315.59 ms, [] -> [0] -> [0, 0] -> [0, 0, 0] -> [0, 0, 0, 6] -> [0, 0, 0, 6, 5] -> [0, 0, 0, 6, 5, 7] -> [0, 0, 0, 6, 5, 7, 3]

problem_28.yaml
TasksBFS: 75.67 ms, [] -> [0] -> [0, 2] -> [0, 2, 9] -> [0, 2, 9, 9] -> [0, 2, 9, 9, 3] -> [0, 2, 9, 9, 3, 2] -> [0, 2, 9, 9, 3, 2, 9]
MultithreadBFS: 43.25 ms, [] -> [1] -> [1, 2] -> [1, 2, 1] -> [1, 2, 1, 0] -> [1, 2, 1, 0, 4] -> [1, 2, 1, 0, 4, 2] -> [1, 2, 1, 0, 4, 2, 6]
AsyncStartBFS: 38.02 ms, [] -> [4] -> [4, 4] -> [4, 4, 3] -> [4, 4, 3, 1] -> [4, 4, 3, 1, 6] -> [4, 4, 3, 1, 6, 8] -> [4, 4, 3, 1, 6, 8, 5]
SyncBFS: 420.13 ms, [] -> [0] -> [0, 1] -> [0, 1, 6] -> [0, 1, 6, 8] -> [0, 1, 6, 8, 5] -> [0, 1, 6, 8, 5, 7] -> [0, 1, 6, 8, 5, 7, 9]


[INFO] Results summary:
TasksBFS
	Average: 106.567 ms
	Median: 105.69 ms
	Standard Deviation: 30.0753 ms
MultithreadBFS
	Average: 32.5548 ms
	Median: 32.09 ms
	Standard Deviation: 6.37638 ms
AsyncStartBFS
	Average: 25.4604 ms
	Median: 22.905 ms
	Standard Deviation: 9.99241 ms
SyncBFS
	Average: 483.73 ms
	Median: 503.09 ms
	Standard Deviation: 84.3263 ms
