problem_49.yaml
SyncBFS: 407 ms, [] -> [0] -> [0, 0] -> [0, 0, 0] -> [0, 0, 0, 1] -> [0, 0, 0, 1, 2] -> [0, 0, 0, 1, 2, 3] -> [0, 0, 0, 1, 2, 3, 2] -> [0, 0, 0, 1, 2, 3, 2, 2]
TasksBFS: 81.55 ms, [] -> [0] -> [0, 1] -> [0, 1, 0] -> [0, 1, 0, 1] -> [0, 1, 0, 1, 2] -> [0, 1, 0, 1, 2, 0] -> [0, 1, 0, 1, 2, 0, 2] -> [0, 1, 0, 1, 2, 0, 2, 5]
AsyncStartBFS: 19.17 ms, [] -> [0] -> [0, 3] -> [0, 3, 1] -> [0, 3, 1, 0] -> [0, 3, 1, 0, 3] -> [0, 3, 1, 0, 3, 1] -> [0, 3, 1, 0, 3, 1, 3] -> [0, 3, 1, 0, 3, 1, 3, 5]
MultithreadBFS: 41.67 ms, [] -> [3] -> [3, 2] -> [3, 2, 0] -> [3, 2, 0, 0] -> [3, 2, 0, 0, 4] -> [3, 2, 0, 0, 4, 4] -> [3, 2, 0, 0, 4, 4, 0] -> [3, 2, 0, 0, 4, 4, 0, 5]

problem_48.yaml
SyncBFS: 405.89 ms, [] -> [0] -> [0, 0] -> [0, 0, 0] -> [0, 0, 0, 1] -> [0, 0, 0, 1, 1] -> [0, 0, 0, 1, 1, 0] -> [0, 0, 0, 1, 1, 0, 5] -> [0, 0, 0, 1, 1, 0, 5, 4]
AsyncStartBFS: 11.86 ms, [] -> [0] -> [0, 0] -> [0, 0, 0] -> [0, 0, 0, 1] -> [0, 0, 0, 1, 1] -> [0, 0, 0, 1, 1, 0] -> [0, 0, 0, 1, 1, 0, 5] -> [0, 0, 0, 1, 1, 0, 5, 4]
MultithreadBFS: 43.78 ms, [] -> [4] -> [4, 1] -> [4, 1, 0] -> [4, 1, 0, 1] -> [4, 1, 0, 1, 0] -> [4, 1, 0, 1, 0, 5] -> [4, 1, 0, 1, 0, 5, 2] -> [4, 1, 0, 1, 0, 5, 2, 0]
TasksBFS: 73.75 ms, [] -> [0] -> [0, 1] -> [0, 1, 2] -> [0, 1, 2, 0] -> [0, 1, 2, 0, 4] -> [0, 1, 2, 0, 4, 2] -> [0, 1, 2, 0, 4, 2, 0] -> [0, 1, 2, 0, 4, 2, 0, 3]

problem_45.yaml
SyncBFS: 410.51 ms, [] -> [0] -> [0, 0] -> [0, 0, 1] -> [0, 0, 1, 5] -> [0, 0, 1, 5, 3] -> [0, 0, 1, 5, 3, 4] -> [0, 0, 1, 5, 3, 4, 1] -> [0, 0, 1, 5, 3, 4, 1, 3]
AsyncStartBFS: 17.82 ms, [] -> [0] -> [0, 2] -> [0, 2, 0] -> [0, 2, 0, 1] -> [0, 2, 0, 1, 4] -> [0, 2, 0, 1, 4, 1] -> [0, 2, 0, 1, 4, 1, 0] -> [0, 2, 0, 1, 4, 1, 0, 5]
MultithreadBFS: 42.9 ms, [] -> [1] -> [1, 5] -> [1, 5, 0] -> [1, 5, 0, 1] -> [1, 5, 0, 1, 1] -> [1, 5, 0, 1, 1, 4] -> [1, 5, 0, 1, 1, 4, 4] -> [1, 5, 0, 1, 1, 4, 4, 3]
TasksBFS: 73.97 ms, [] -> [0] -> [0, 2] -> [0, 2, 0] -> [0, 2, 0, 1] -> [0, 2, 0, 1, 4] -> [0, 2, 0, 1, 4, 1] -> [0, 2, 0, 1, 4, 1, 0] -> [0, 2, 0, 1, 4, 1, 0, 5]

problem_43.yaml
MultithreadBFS: 46.83 ms, [] -> [4] -> [4, 1] -> [4, 1, 0] -> [4, 1, 0, 1] -> [4, 1, 0, 1, 5] -> [4, 1, 0, 1, 5, 5] -> [4, 1, 0, 1, 5, 5, 0] -> [4, 1, 0, 1, 5, 5, 0, 1]
TasksBFS: 68.56 ms, [] -> [0] -> [0, 1] -> [0, 1, 4] -> [0, 1, 4, 2] -> [0, 1, 4, 2, 5] -> [0, 1, 4, 2, 5, 2] -> [0, 1, 4, 2, 5, 2, 2] -> [0, 1, 4, 2, 5, 2, 2, 3]
SyncBFS: 408.46 ms, [] -> [0] -> [0, 0] -> [0, 0, 1] -> [0, 0, 1, 3] -> [0, 0, 1, 3, 0] -> [0, 0, 1, 3, 0, 5] -> [0, 0, 1, 3, 0, 5, 4] -> [0, 0, 1, 3, 0, 5, 4, 3]
AsyncStartBFS: 19.04 ms, [] -> [0] -> [0, 5] -> [0, 5, 3] -> [0, 5, 3, 3] -> [0, 5, 3, 3, 4] -> [0, 5, 3, 3, 4, 3] -> [0, 5, 3, 3, 4, 3, 3] -> [0, 5, 3, 3, 4, 3, 3, 1]

problem_41.yaml
AsyncStartBFS: 22.32 ms, [] -> [0] -> [0, 1] -> [0, 1, 4] -> [0, 1, 4, 2] -> [0, 1, 4, 2, 0] -> [0, 1, 4, 2, 0, 1] -> [0, 1, 4, 2, 0, 1, 1] -> [0, 1, 4, 2, 0, 1, 1, 5]
SyncBFS: 415.9 ms, [] -> [0] -> [0, 0] -> [0, 0, 4] -> [0, 0, 4, 2] -> [0, 0, 4, 2, 5] -> [0, 0, 4, 2, 5, 0] -> [0, 0, 4, 2, 5, 0, 4] -> [0, 0, 4, 2, 5, 0, 4, 5]
MultithreadBFS: 51.22 ms, [] -> [3] -> [3, 2] -> [3, 2, 0] -> [3, 2, 0, 1] -> [3, 2, 0, 1, 3] -> [3, 2, 0, 1, 3, 3] -> [3, 2, 0, 1, 3, 3, 2] -> [3, 2, 0, 1, 3, 3, 2, 2]
TasksBFS: 71.97 ms, [] -> [0] -> [0, 2] -> [0, 2, 0] -> [0, 2, 0, 0] -> [0, 2, 0, 0, 4] -> [0, 2, 0, 0, 4, 3] -> [0, 2, 0, 0, 4, 3, 5] -> [0, 2, 0, 0, 4, 3, 5, 5]

problem_39.yaml
TasksBFS: 79.98 ms, [] -> [0] -> [0, 0] -> [0, 0, 2] -> [0, 0, 2, 0] -> [0, 0, 2, 0, 2] -> [0, 0, 2, 0, 2, 1] -> [0, 0, 2, 0, 2, 1, 5] -> [0, 0, 2, 0, 2, 1, 5, 1]
MultithreadBFS: 61.25 ms, [] -> [3] -> [3, 5] -> [3, 5, 0] -> [3, 5, 0, 0] -> [3, 5, 0, 0, 4] -> [3, 5, 0, 0, 4, 4] -> [3, 5, 0, 0, 4, 4, 3] -> [3, 5, 0, 0, 4, 4, 3, 5]
AsyncStartBFS: 21.35 ms, [] -> [0] -> [0, 0] -> [0, 0, 2] -> [0, 0, 2, 0] -> [0, 0, 2, 0, 2] -> [0, 0, 2, 0, 2, 1] -> [0, 0, 2, 0, 2, 1, 5] -> [0, 0, 2, 0, 2, 1, 5, 1]
SyncBFS: 407.28 ms, [] -> [0] -> [0, 0] -> [0, 0, 0] -> [0, 0, 0, 4] -> [0, 0, 0, 4, 2] -> [0, 0, 0, 4, 2, 1] -> [0, 0, 0, 4, 2, 1, 5] -> [0, 0, 0, 4, 2, 1, 5, 3]

problem_38.yaml
TasksBFS: 80.72 ms, [] -> [1] -> [1, 2] -> [1, 2, 4] -> [1, 2, 4, 3] -> [1, 2, 4, 3, 0] -> [1, 2, 4, 3, 0, 4] -> [1, 2, 4, 3, 0, 4, 0] -> [1, 2, 4, 3, 0, 4, 0, 2]
AsyncStartBFS: 19.33 ms, [] -> [0] -> [0, 3] -> [0, 3, 0] -> [0, 3, 0, 0] -> [0, 3, 0, 0, 1] -> [0, 3, 0, 0, 1, 4] -> [0, 3, 0, 0, 1, 4, 5] -> [0, 3, 0, 0, 1, 4, 5, 1]
SyncBFS: 417.68 ms, [] -> [0] -> [0, 0] -> [0, 0, 4] -> [0, 0, 4, 4] -> [0, 0, 4, 4, 3] -> [0, 0, 4, 4, 3, 5] -> [0, 0, 4, 4, 3, 5, 1] -> [0, 0, 4, 4, 3, 5, 1, 0]
MultithreadBFS: 42.22 ms, [] -> [3] -> [3, 4] -> [3, 4, 0] -> [3, 4, 0, 0] -> [3, 4, 0, 0, 1] -> [3, 4, 0, 0, 1, 4] -> [3, 4, 0, 0, 1, 4, 3] -> [3, 4, 0, 0, 1, 4, 3, 0]

problem_36.yaml
AsyncStartBFS: 7.56 ms, [] -> [0] -> [0, 2] -> [0, 2, 5] -> [0, 2, 5, 0] -> [0, 2, 5, 0, 4] -> [0, 2, 5, 0, 4, 5] -> [0, 2, 5, 0, 4, 5, 3] -> [0, 2, 5, 0, 4, 5, 3, 4]
TasksBFS: 66.38 ms, [] -> [0] -> [0, 0] -> [0, 0, 2] -> [0, 0, 2, 0] -> [0, 0, 2, 0, 5] -> [0, 0, 2, 0, 5, 0] -> [0, 0, 2, 0, 5, 0, 1] -> [0, 0, 2, 0, 5, 0, 1, 5]
MultithreadBFS: 57.85 ms, [] -> [3] -> [3, 5] -> [3, 5, 0] -> [3, 5, 0, 0] -> [3, 5, 0, 0, 4] -> [3, 5, 0, 0, 4, 2] -> [3, 5, 0, 0, 4, 2, 1] -> [3, 5, 0, 0, 4, 2, 1, 3]
SyncBFS: 413.41 ms, [] -> [0] -> [0, 0] -> [0, 0, 2] -> [0, 0, 2, 0] -> [0, 0, 2, 0, 5] -> [0, 0, 2, 0, 5, 0] -> [0, 0, 2, 0, 5, 0, 1] -> [0, 0, 2, 0, 5, 0, 1, 5]

problem_44.yaml
SyncBFS: 409.05 ms, [] -> [0] -> [0, 0] -> [0, 0, 2] -> [0, 0, 2, 2] -> [0, 0, 2, 2, 2] -> [0, 0, 2, 2, 2, 0] -> [0, 0, 2, 2, 2, 0, 3] -> [0, 0, 2, 2, 2, 0, 3, 0]
TasksBFS: 65.54 ms, [] -> [0] -> [0, 1] -> [0, 1, 3] -> [0, 1, 3, 1] -> [0, 1, 3, 1, 1] -> [0, 1, 3, 1, 1, 5] -> [0, 1, 3, 1, 1, 5, 2] -> [0, 1, 3, 1, 1, 5, 2, 4]
AsyncStartBFS: 19.66 ms, [] -> [0] -> [0, 4] -> [0, 4, 4] -> [0, 4, 4, 0] -> [0, 4, 4, 0, 2] -> [0, 4, 4, 0, 2, 5] -> [0, 4, 4, 0, 2, 5, 1] -> [0, 4, 4, 0, 2, 5, 1, 1]
MultithreadBFS: 42.52 ms, [] -> [3] -> [3, 4] -> [3, 4, 0] -> [3, 4, 0, 0] -> [3, 4, 0, 0, 0] -> [3, 4, 0, 0, 0, 4] -> [3, 4, 0, 0, 0, 4, 1] -> [3, 4, 0, 0, 0, 4, 1, 0]

problem_35.yaml
SyncBFS: 407.68 ms, [] -> [0] -> [0, 0] -> [0, 0, 2] -> [0, 0, 2, 2] -> [0, 0, 2, 2, 0] -> [0, 0, 2, 2, 0, 0] -> [0, 0, 2, 2, 0, 0, 1] -> [0, 0, 2, 2, 0, 0, 1, 2]
TasksBFS: 63.28 ms, [] -> [0] -> [0, 0] -> [0, 0, 5] -> [0, 0, 5, 1] -> [0, 0, 5, 1, 3] -> [0, 0, 5, 1, 3, 0] -> [0, 0, 5, 1, 3, 0, 5] -> [0, 0, 5, 1, 3, 0, 5, 3]
AsyncStartBFS: 26.5 ms, [] -> [1] -> [1, 1] -> [1, 1, 4] -> [1, 1, 4, 0] -> [1, 1, 4, 0, 0] -> [1, 1, 4, 0, 0, 1] -> [1, 1, 4, 0, 0, 1, 5] -> [1, 1, 4, 0, 0, 1, 5, 0]
MultithreadBFS: 51.57 ms, [] -> [4] -> [4, 0] -> [4, 0, 0] -> [4, 0, 0, 0] -> [4, 0, 0, 0, 5] -> [4, 0, 0, 0, 5, 0] -> [4, 0, 0, 0, 5, 0, 1] -> [4, 0, 0, 0, 5, 0, 1, 4]

problem_46.yaml
SyncBFS: 411.57 ms, [] -> [0] -> [0, 0] -> [0, 0, 3] -> [0, 0, 3, 2] -> [0, 0, 3, 2, 1] -> [0, 0, 3, 2, 1, 4] -> [0, 0, 3, 2, 1, 4, 4] -> [0, 0, 3, 2, 1, 4, 4, 3]
MultithreadBFS: 43.81 ms, [] -> [4] -> [4, 1] -> [4, 1, 0] -> [4, 1, 0, 2] -> [4, 1, 0, 2, 4] -> [4, 1, 0, 2, 4, 0] -> [4, 1, 0, 2, 4, 0, 5] -> [4, 1, 0, 2, 4, 0, 5, 0]
AsyncStartBFS: 19.18 ms, [] -> [0] -> [0, 5] -> [0, 5, 2] -> [0, 5, 2, 1] -> [0, 5, 2, 1, 2] -> [0, 5, 2, 1, 2, 3] -> [0, 5, 2, 1, 2, 3, 3] -> [0, 5, 2, 1, 2, 3, 3, 1]
TasksBFS: 67.15 ms, [] -> [0] -> [0, 1] -> [0, 1, 0] -> [0, 1, 0, 2] -> [0, 1, 0, 2, 0] -> [0, 1, 0, 2, 0, 1] -> [0, 1, 0, 2, 0, 1, 0] -> [0, 1, 0, 2, 0, 1, 0, 1]

problem_34.yaml
SyncBFS: 406.93 ms, [] -> [0] -> [0, 0] -> [0, 0, 1] -> [0, 0, 1, 1] -> [0, 0, 1, 1, 1] -> [0, 0, 1, 1, 1, 0] -> [0, 0, 1, 1, 1, 0, 4] -> [0, 0, 1, 1, 1, 0, 4, 5]
AsyncStartBFS: 7.79 ms, [] -> [0] -> [0, 5] -> [0, 5, 3] -> [0, 5, 3, 0] -> [0, 5, 3, 0, 4] -> [0, 5, 3, 0, 4, 3] -> [0, 5, 3, 0, 4, 3, 3] -> [0, 5, 3, 0, 4, 3, 3, 3]
TasksBFS: 65.37 ms, [] -> [0] -> [0, 0] -> [0, 0, 1] -> [0, 0, 1, 1] -> [0, 0, 1, 1, 1] -> [0, 0, 1, 1, 1, 0] -> [0, 0, 1, 1, 1, 0, 4] -> [0, 0, 1, 1, 1, 0, 4, 5]
MultithreadBFS: 62.43 ms, [] -> [3] -> [3, 5] -> [3, 5, 1] -> [3, 5, 1, 0] -> [3, 5, 1, 0, 1] -> [3, 5, 1, 0, 1, 0] -> [3, 5, 1, 0, 1, 0, 0] -> [3, 5, 1, 0, 1, 0, 0, 5]

problem_32.yaml
AsyncStartBFS: 11.76 ms, [] -> [0] -> [0, 2] -> [0, 2, 1] -> [0, 2, 1, 0] -> [0, 2, 1, 0, 1] -> [0, 2, 1, 0, 1, 0] -> [0, 2, 1, 0, 1, 0, 4] -> [0, 2, 1, 0, 1, 0, 4, 3]
SyncBFS: 412.97 ms, [] -> [0] -> [0, 0] -> [0, 0, 2] -> [0, 0, 2, 5] -> [0, 0, 2, 5, 3] -> [0, 0, 2, 5, 3, 5] -> [0, 0, 2, 5, 3, 5, 5] -> [0, 0, 2, 5, 3, 5, 5, 3]
TasksBFS: 63.5 ms, [] -> [0] -> [0, 1] -> [0, 1, 1] -> [0, 1, 1, 1] -> [0, 1, 1, 1, 1] -> [0, 1, 1, 1, 1, 5] -> [0, 1, 1, 1, 1, 5, 3] -> [0, 1, 1, 1, 1, 5, 3, 0]
MultithreadBFS: 52.4 ms, [] -> [0] -> [0, 0] -> [0, 0, 2] -> [0, 0, 2, 5] -> [0, 0, 2, 5, 3] -> [0, 0, 2, 5, 3, 5] -> [0, 0, 2, 5, 3, 5, 5] -> [0, 0, 2, 5, 3, 5, 5, 3]

problem_31.yaml
AsyncStartBFS: 17.98 ms, [] -> [0] -> [0, 0] -> [0, 0, 5] -> [0, 0, 5, 0] -> [0, 0, 5, 0, 4] -> [0, 0, 5, 0, 4, 3] -> [0, 0, 5, 0, 4, 3, 1] -> [0, 0, 5, 0, 4, 3, 1, 2]
SyncBFS: 408.11 ms, [] -> [0] -> [0, 0] -> [0, 0, 0] -> [0, 0, 0, 4] -> [0, 0, 0, 4, 1] -> [0, 0, 0, 4, 1, 3] -> [0, 0, 0, 4, 1, 3, 5] -> [0, 0, 0, 4, 1, 3, 5, 4]
MultithreadBFS: 44.37 ms, [] -> [2] -> [2, 4] -> [2, 4, 0] -> [2, 4, 0, 0] -> [2, 4, 0, 0, 4] -> [2, 4, 0, 0, 4, 5] -> [2, 4, 0, 0, 4, 5, 0] -> [2, 4, 0, 0, 4, 5, 0, 5]
TasksBFS: 73.44 ms, [] -> [0] -> [0, 0] -> [0, 0, 5] -> [0, 0, 5, 0] -> [0, 0, 5, 0, 4] -> [0, 0, 5, 0, 4, 3] -> [0, 0, 5, 0, 4, 3, 1] -> [0, 0, 5, 0, 4, 3, 1, 2]

problem_30.yaml
AsyncStartBFS: 17.97 ms, [] -> [1] -> [1, 0] -> [1, 0, 3] -> [1, 0, 3, 0] -> [1, 0, 3, 0, 0] -> [1, 0, 3, 0, 0, 2] -> [1, 0, 3, 0, 0, 2, 2] -> [1, 0, 3, 0, 0, 2, 2, 1]
SyncBFS: 407.39 ms, [] -> [0] -> [0, 0] -> [0, 0, 0] -> [0, 0, 0, 4] -> [0, 0, 0, 4, 4] -> [0, 0, 0, 4, 4, 3] -> [0, 0, 0, 4, 4, 3, 3] -> [0, 0, 0, 4, 4, 3, 3, 2]
TasksBFS: 65.7 ms, [] -> [0] -> [0, 0] -> [0, 0, 1] -> [0, 0, 1, 0] -> [0, 0, 1, 0, 1] -> [0, 0, 1, 0, 1, 0] -> [0, 0, 1, 0, 1, 0, 2] -> [0, 0, 1, 0, 1, 0, 2, 2]
MultithreadBFS: 46.38 ms, [] -> [3] -> [3, 3] -> [3, 3, 0] -> [3, 3, 0, 4] -> [3, 3, 0, 4, 4] -> [3, 3, 0, 4, 4, 5] -> [3, 3, 0, 4, 4, 5, 1] -> [3, 3, 0, 4, 4, 5, 1, 4]

problem_10.yaml
SyncBFS: 405.33 ms, [] -> [0] -> [0, 0] -> [0, 0, 0] -> [0, 0, 0, 3] -> [0, 0, 0, 3, 4] -> [0, 0, 0, 3, 4, 2] -> [0, 0, 0, 3, 4, 2, 1] -> [0, 0, 0, 3, 4, 2, 1, 1]
MultithreadBFS: 42.03 ms, [] -> [2] -> [2, 0] -> [2, 0, 0] -> [2, 0, 0, 1] -> [2, 0, 0, 1, 0] -> [2, 0, 0, 1, 0, 1] -> [2, 0, 0, 1, 0, 1, 2] -> [2, 0, 0, 1, 0, 1, 2, 1]
AsyncStartBFS: 21.82 ms, [] -> [1] -> [1, 0] -> [1, 0, 1] -> [1, 0, 1, 4] -> [1, 0, 1, 4, 1] -> [1, 0, 1, 4, 1, 4] -> [1, 0, 1, 4, 1, 4, 1] -> [1, 0, 1, 4, 1, 4, 1, 4]
TasksBFS: 61.92 ms, [] -> [0] -> [0, 2] -> [0, 2, 0] -> [0, 2, 0, 0] -> [0, 2, 0, 0, 2] -> [0, 2, 0, 0, 2, 4] -> [0, 2, 0, 0, 2, 4, 0] -> [0, 2, 0, 0, 2, 4, 0, 3]

problem_09.yaml
TasksBFS: 81.8 ms, [] -> [0] -> [0, 2] -> [0, 2, 0] -> [0, 2, 0, 0] -> [0, 2, 0, 0, 1] -> [0, 2, 0, 0, 1, 5] -> [0, 2, 0, 0, 1, 5, 2] -> [0, 2, 0, 0, 1, 5, 2, 5]
SyncBFS: 405.96 ms, [] -> [0] -> [0, 0] -> [0, 0, 0] -> [0, 0, 0, 0] -> [0, 0, 0, 0, 5] -> [0, 0, 0, 0, 5, 4] -> [0, 0, 0, 0, 5, 4, 4] -> [0, 0, 0, 0, 5, 4, 4, 0]
MultithreadBFS: 41.13 ms, [] -> [1] -> [1, 3] -> [1, 3, 0] -> [1, 3, 0, 2] -> [1, 3, 0, 2, 1] -> [1, 3, 0, 2, 1, 1] -> [1, 3, 0, 2, 1, 1, 0] -> [1, 3, 0, 2, 1, 1, 0, 1]
AsyncStartBFS: 9.46 ms, [] -> [0] -> [0, 2] -> [0, 2, 0] -> [0, 2, 0, 0] -> [0, 2, 0, 0, 1] -> [0, 2, 0, 0, 1, 5] -> [0, 2, 0, 0, 1, 5, 2] -> [0, 2, 0, 0, 1, 5, 2, 5]

problem_12.yaml
MultithreadBFS: 46.26 ms, [] -> [2] -> [2, 4] -> [2, 4, 0] -> [2, 4, 0, 0] -> [2, 4, 0, 0, 2] -> [2, 4, 0, 0, 2, 2] -> [2, 4, 0, 0, 2, 2, 2] -> [2, 4, 0, 0, 2, 2, 2, 4]
SyncBFS: 411.58 ms, [] -> [0] -> [0, 0] -> [0, 0, 1] -> [0, 0, 1, 1] -> [0, 0, 1, 1, 0] -> [0, 0, 1, 1, 0, 3] -> [0, 0, 1, 1, 0, 3, 0] -> [0, 0, 1, 1, 0, 3, 0, 0]
TasksBFS: 67.9 ms, [] -> [0] -> [0, 0] -> [0, 0, 1] -> [0, 0, 1, 1] -> [0, 0, 1, 1, 0] -> [0, 0, 1, 1, 0, 3] -> [0, 0, 1, 1, 0, 3, 0] -> [0, 0, 1, 1, 0, 3, 0, 0]
AsyncStartBFS: 22.14 ms, [] -> [0] -> [0, 3] -> [0, 3, 0] -> [0, 3, 0, 0] -> [0, 3, 0, 0, 0] -> [0, 3, 0, 0, 0, 5] -> [0, 3, 0, 0, 0, 5, 4] -> [0, 3, 0, 0, 0, 5, 4, 1]

problem_47.yaml
AsyncStartBFS: 16.94 ms, [] -> [0] -> [0, 3] -> [0, 3, 1] -> [0, 3, 1, 0] -> [0, 3, 1, 0, 4] -> [0, 3, 1, 0, 4, 3] -> [0, 3, 1, 0, 4, 3, 2] -> [0, 3, 1, 0, 4, 3, 2, 1]
TasksBFS: 67.87 ms, [] -> [0] -> [0, 1] -> [0, 1, 1] -> [0, 1, 1, 0] -> [0, 1, 1, 0, 4] -> [0, 1, 1, 0, 4, 3] -> [0, 1, 1, 0, 4, 3, 5] -> [0, 1, 1, 0, 4, 3, 5, 2]
SyncBFS: 407.75 ms, [] -> [0] -> [0, 0] -> [0, 0, 1] -> [0, 0, 1, 2] -> [0, 0, 1, 2, 2] -> [0, 0, 1, 2, 2, 1] -> [0, 0, 1, 2, 2, 1, 3] -> [0, 0, 1, 2, 2, 1, 3, 2]
MultithreadBFS: 44.11 ms, [] -> [2] -> [2, 5] -> [2, 5, 0] -> [2, 5, 0, 3] -> [2, 5, 0, 3, 4] -> [2, 5, 0, 3, 4, 5] -> [2, 5, 0, 3, 4, 5, 0] -> [2, 5, 0, 3, 4, 5, 0, 1]

problem_11.yaml
AsyncStartBFS: 15.13 ms, [] -> [1] -> [1, 1] -> [1, 1, 1] -> [1, 1, 1, 0] -> [1, 1, 1, 0, 0] -> [1, 1, 1, 0, 0, 1] -> [1, 1, 1, 0, 0, 1, 2] -> [1, 1, 1, 0, 0, 1, 2, 0]
SyncBFS: 414.75 ms, [] -> [0] -> [0, 0] -> [0, 0, 2] -> [0, 0, 2, 5] -> [0, 0, 2, 5, 3] -> [0, 0, 2, 5, 3, 3] -> [0, 0, 2, 5, 3, 3, 2] -> [0, 0, 2, 5, 3, 3, 2, 0]
TasksBFS: 63.7 ms, [] -> [0] -> [0, 1] -> [0, 1, 0] -> [0, 1, 0, 0] -> [0, 1, 0, 0, 4] -> [0, 1, 0, 0, 4, 2] -> [0, 1, 0, 0, 4, 2, 0] -> [0, 1, 0, 0, 4, 2, 0, 2]
MultithreadBFS: 48.18 ms, [] -> [0] -> [0, 0] -> [0, 0, 2] -> [0, 0, 2, 5] -> [0, 0, 2, 5, 3] -> [0, 0, 2, 5, 3, 3] -> [0, 0, 2, 5, 3, 3, 2] -> [0, 0, 2, 5, 3, 3, 2, 0]

problem_01.yaml
MultithreadBFS: 60.25 ms, [] -> [2] -> [2, 3] -> [2, 3, 0] -> [2, 3, 0, 1] -> [2, 3, 0, 1, 3] -> [2, 3, 0, 1, 3, 2] -> [2, 3, 0, 1, 3, 2, 5] -> [2, 3, 0, 1, 3, 2, 5, 2]
SyncBFS: 412.1 ms, [] -> [0] -> [0, 0] -> [0, 0, 3] -> [0, 0, 3, 5] -> [0, 0, 3, 5, 5] -> [0, 0, 3, 5, 5, 1] -> [0, 0, 3, 5, 5, 1, 4] -> [0, 0, 3, 5, 5, 1, 4, 5]
AsyncStartBFS: 19.53 ms, [] -> [0] -> [0, 3] -> [0, 3, 4] -> [0, 3, 4, 0] -> [0, 3, 4, 0, 3] -> [0, 3, 4, 0, 3, 0] -> [0, 3, 4, 0, 3, 0, 4] -> [0, 3, 4, 0, 3, 0, 4, 4]
TasksBFS: 67.81 ms, [] -> [0] -> [0, 3] -> [0, 3, 3] -> [0, 3, 3, 0] -> [0, 3, 3, 0, 2] -> [0, 3, 3, 0, 2, 1] -> [0, 3, 3, 0, 2, 1, 1] -> [0, 3, 3, 0, 2, 1, 1, 5]

problem_08.yaml
MultithreadBFS: 48.69 ms, [] -> [2] -> [2, 0] -> [2, 0, 0] -> [2, 0, 0, 5] -> [2, 0, 0, 5, 0] -> [2, 0, 0, 5, 0, 0] -> [2, 0, 0, 5, 0, 0, 2] -> [2, 0, 0, 5, 0, 0, 2, 4]
SyncBFS: 414.76 ms, [] -> [0] -> [0, 0] -> [0, 0, 3] -> [0, 0, 3, 3] -> [0, 0, 3, 3, 3] -> [0, 0, 3, 3, 3, 2] -> [0, 0, 3, 3, 3, 2, 4] -> [0, 0, 3, 3, 3, 2, 4, 5]
TasksBFS: 67.83 ms, [] -> [0] -> [0, 1] -> [0, 1, 5] -> [0, 1, 5, 1] -> [0, 1, 5, 1, 0] -> [0, 1, 5, 1, 0, 0] -> [0, 1, 5, 1, 0, 0, 0] -> [0, 1, 5, 1, 0, 0, 0, 3]
AsyncStartBFS: 17.01 ms, [] -> [0] -> [0, 3] -> [0, 3, 1] -> [0, 3, 1, 0] -> [0, 3, 1, 0, 0] -> [0, 3, 1, 0, 0, 0] -> [0, 3, 1, 0, 0, 0, 5] -> [0, 3, 1, 0, 0, 0, 5, 5]

problem_06.yaml
TasksBFS: 68.2 ms, [] -> [0] -> [0, 1] -> [0, 1, 0] -> [0, 1, 0, 5] -> [0, 1, 0, 5, 4] -> [0, 1, 0, 5, 4, 5] -> [0, 1, 0, 5, 4, 5, 3] -> [0, 1, 0, 5, 4, 5, 3, 2]
AsyncStartBFS: 17.74 ms, [] -> [0] -> [0, 4] -> [0, 4, 5] -> [0, 4, 5, 0] -> [0, 4, 5, 0, 1] -> [0, 4, 5, 0, 1, 5] -> [0, 4, 5, 0, 1, 5, 4] -> [0, 4, 5, 0, 1, 5, 4, 4]
MultithreadBFS: 41.75 ms, [] -> [2] -> [2, 1] -> [2, 1, 0] -> [2, 1, 0, 0] -> [2, 1, 0, 0, 5] -> [2, 1, 0, 0, 5, 1] -> [2, 1, 0, 0, 5, 1, 1] -> [2, 1, 0, 0, 5, 1, 1, 5]
SyncBFS: 421.27 ms, [] -> [0] -> [0, 1] -> [0, 1, 0] -> [0, 1, 0, 5] -> [0, 1, 0, 5, 4] -> [0, 1, 0, 5, 4, 5] -> [0, 1, 0, 5, 4, 5, 3] -> [0, 1, 0, 5, 4, 5, 3, 2]

problem_19.yaml
AsyncStartBFS: 9.97 ms, [] -> [0] -> [0, 4] -> [0, 4, 5] -> [0, 4, 5, 0] -> [0, 4, 5, 0, 0] -> [0, 4, 5, 0, 0, 5] -> [0, 4, 5, 0, 0, 5, 3] -> [0, 4, 5, 0, 0, 5, 3, 1]
TasksBFS: 62.65 ms, [] -> [0] -> [0, 0] -> [0, 0, 3] -> [0, 0, 3, 0] -> [0, 0, 3, 0, 3] -> [0, 0, 3, 0, 3, 3] -> [0, 0, 3, 0, 3, 3, 0] -> [0, 0, 3, 0, 3, 3, 0, 1]
SyncBFS: 405.19 ms, [] -> [0] -> [0, 0] -> [0, 0, 0] -> [0, 0, 0, 0] -> [0, 0, 0, 0, 5] -> [0, 0, 0, 0, 5, 3] -> [0, 0, 0, 0, 5, 3, 4] -> [0, 0, 0, 0, 5, 3, 4, 5]
MultithreadBFS: 49.73 ms, [] -> [1] -> [1, 3] -> [1, 3, 0] -> [1, 3, 0, 1] -> [1, 3, 0, 1, 0] -> [1, 3, 0, 1, 0, 3] -> [1, 3, 0, 1, 0, 3, 5] -> [1, 3, 0, 1, 0, 3, 5, 1]

problem_40.yaml
AsyncStartBFS: 16.86 ms, [] -> [0] -> [0, 4] -> [0, 4, 0] -> [0, 4, 0, 0] -> [0, 4, 0, 0, 2] -> [0, 4, 0, 0, 2, 0] -> [0, 4, 0, 0, 2, 0, 3] -> [0, 4, 0, 0, 2, 0, 3, 5]
MultithreadBFS: 42.89 ms, [] -> [2] -> [2, 4] -> [2, 4, 0] -> [2, 4, 0, 0] -> [2, 4, 0, 0, 3] -> [2, 4, 0, 0, 3, 3] -> [2, 4, 0, 0, 3, 3, 0] -> [2, 4, 0, 0, 3, 3, 0, 5]
SyncBFS: 408.9 ms, [] -> [0] -> [0, 0] -> [0, 0, 1] -> [0, 0, 1, 3] -> [0, 0, 1, 3, 4] -> [0, 0, 1, 3, 4, 0] -> [0, 0, 1, 3, 4, 0, 3] -> [0, 0, 1, 3, 4, 0, 3, 5]
TasksBFS: 67.31 ms, [] -> [0] -> [0, 0] -> [0, 0, 5] -> [0, 0, 5, 2] -> [0, 0, 5, 2, 5] -> [0, 0, 5, 2, 5, 5] -> [0, 0, 5, 2, 5, 5, 4] -> [0, 0, 5, 2, 5, 5, 4, 5]

problem_04.yaml
AsyncStartBFS: 8.57 ms, [] -> [0] -> [0, 3] -> [0, 3, 0] -> [0, 3, 0, 0] -> [0, 3, 0, 0, 5] -> [0, 3, 0, 0, 5, 3] -> [0, 3, 0, 0, 5, 3, 5] -> [0, 3, 0, 0, 5, 3, 5, 5]
SyncBFS: 415.24 ms, [] -> [0] -> [0, 0] -> [0, 0, 4] -> [0, 0, 4, 3] -> [0, 0, 4, 3, 4] -> [0, 0, 4, 3, 4, 3] -> [0, 0, 4, 3, 4, 3, 5] -> [0, 0, 4, 3, 4, 3, 5, 0]
TasksBFS: 66.58 ms, [] -> [0] -> [0, 0] -> [0, 0, 4] -> [0, 0, 4, 3] -> [0, 0, 4, 3, 4] -> [0, 0, 4, 3, 4, 3] -> [0, 0, 4, 3, 4, 3, 5] -> [0, 0, 4, 3, 4, 3, 5, 0]
MultithreadBFS: 61.13 ms, [] -> [3] -> [3, 0] -> [3, 0, 0] -> [3, 0, 0, 0] -> [3, 0, 0, 0, 3] -> [3, 0, 0, 0, 3, 1] -> [3, 0, 0, 0, 3, 1, 4] -> [3, 0, 0, 0, 3, 1, 4, 1]

problem_33.yaml
SyncBFS: 411.11 ms, [] -> [0] -> [0, 0] -> [0, 0, 3] -> [0, 0, 3, 1] -> [0, 0, 3, 1, 2] -> [0, 0, 3, 1, 2, 2] -> [0, 0, 3, 1, 2, 2, 2] -> [0, 0, 3, 1, 2, 2, 2, 2]
TasksBFS: 68.62 ms, [] -> [0] -> [0, 1] -> [0, 1, 3] -> [0, 1, 3, 4] -> [0, 1, 3, 4, 4] -> [0, 1, 3, 4, 4, 0] -> [0, 1, 3, 4, 4, 0, 4] -> [0, 1, 3, 4, 4, 0, 4, 3]
MultithreadBFS: 58.94 ms, [] -> [3] -> [3, 5] -> [3, 5, 0] -> [3, 5, 0, 0] -> [3, 5, 0, 0, 0] -> [3, 5, 0, 0, 0, 0] -> [3, 5, 0, 0, 0, 0, 5] -> [3, 5, 0, 0, 0, 0, 5, 0]
AsyncStartBFS: 21.16 ms, [] -> [0] -> [0, 4] -> [0, 4, 3] -> [0, 4, 3, 2] -> [0, 4, 3, 2, 3] -> [0, 4, 3, 2, 3, 5] -> [0, 4, 3, 2, 3, 5, 4] -> [0, 4, 3, 2, 3, 5, 4, 2]

problem_21.yaml
TasksBFS: 74.33 ms, [] -> [0] -> [0, 4] -> [0, 4, 4] -> [0, 4, 4, 2] -> [0, 4, 4, 2, 4] -> [0, 4, 4, 2, 4, 2] -> [0, 4, 4, 2, 4, 2, 1] -> [0, 4, 4, 2, 4, 2, 1, 5]
AsyncStartBFS: 23.15 ms, [] -> [0] -> [0, 0] -> [0, 0, 1] -> [0, 0, 1, 0] -> [0, 0, 1, 0, 0] -> [0, 0, 1, 0, 0, 2] -> [0, 0, 1, 0, 0, 2, 2] -> [0, 0, 1, 0, 0, 2, 2, 2]
SyncBFS: 410.14 ms, [] -> [0] -> [0, 0] -> [0, 0, 1] -> [0, 0, 1, 0] -> [0, 0, 1, 0, 0] -> [0, 0, 1, 0, 0, 2] -> [0, 0, 1, 0, 0, 2, 2] -> [0, 0, 1, 0, 0, 2, 2, 2]
MultithreadBFS: 42.54 ms, [] -> [1] -> [1, 4] -> [1, 4, 0] -> [1, 4, 0, 0] -> [1, 4, 0, 0, 4] -> [1, 4, 0, 0, 4, 0] -> [1, 4, 0, 0, 4, 0, 5] -> [1, 4, 0, 0, 4, 0, 5, 0]

problem_24.yaml
MultithreadBFS: 43.14 ms, [] -> [3] -> [3, 1] -> [3, 1, 0] -> [3, 1, 0, 1] -> [3, 1, 0, 1, 5] -> [3, 1, 0, 1, 5, 4] -> [3, 1, 0, 1, 5, 4, 4] -> [3, 1, 0, 1, 5, 4, 4, 5]
AsyncStartBFS: 21.29 ms, [] -> [0] -> [0, 4] -> [0, 4, 0] -> [0, 4, 0, 4] -> [0, 4, 0, 4, 2] -> [0, 4, 0, 4, 2, 3] -> [0, 4, 0, 4, 2, 3, 4] -> [0, 4, 0, 4, 2, 3, 4, 2]
TasksBFS: 64.9 ms, [] -> [0] -> [0, 1] -> [0, 1, 4] -> [0, 1, 4, 1] -> [0, 1, 4, 1, 5] -> [0, 1, 4, 1, 5, 1] -> [0, 1, 4, 1, 5, 1, 3] -> [0, 1, 4, 1, 5, 1, 3, 0]
SyncBFS: 404.98 ms, [] -> [0] -> [0, 0] -> [0, 0, 0] -> [0, 0, 0, 5] -> [0, 0, 0, 5, 1] -> [0, 0, 0, 5, 1, 0] -> [0, 0, 0, 5, 1, 0, 5] -> [0, 0, 0, 5, 1, 0, 5, 1]

problem_03.yaml
SyncBFS: 405.11 ms, [] -> [0] -> [0, 0] -> [0, 0, 0] -> [0, 0, 0, 2] -> [0, 0, 0, 2, 5] -> [0, 0, 0, 2, 5, 5] -> [0, 0, 0, 2, 5, 5, 5] -> [0, 0, 0, 2, 5, 5, 5, 4]
AsyncStartBFS: 20.95 ms, [] -> [0] -> [0, 3] -> [0, 3, 1] -> [0, 3, 1, 2] -> [0, 3, 1, 2, 3] -> [0, 3, 1, 2, 3, 1] -> [0, 3, 1, 2, 3, 1, 0] -> [0, 3, 1, 2, 3, 1, 0, 3]
TasksBFS: 61.82 ms, [] -> [0] -> [0, 1] -> [0, 1, 2] -> [0, 1, 2, 2] -> [0, 1, 2, 2, 3] -> [0, 1, 2, 2, 3, 2] -> [0, 1, 2, 2, 3, 2, 3] -> [0, 1, 2, 2, 3, 2, 3, 5]
MultithreadBFS: 56 ms, [] -> [3] -> [3, 3] -> [3, 3, 0] -> [3, 3, 0, 0] -> [3, 3, 0, 0, 2] -> [3, 3, 0, 0, 2, 5] -> [3, 3, 0, 0, 2, 5, 1] -> [3, 3, 0, 0, 2, 5, 1, 0]

problem_07.yaml
MultithreadBFS: 44.14 ms, [] -> [3] -> [3, 0] -> [3, 0, 0] -> [3, 0, 0, 1] -> [3, 0, 0, 1, 2] -> [3, 0, 0, 1, 2, 0] -> [3, 0, 0, 1, 2, 0, 1] -> [3, 0, 0, 1, 2, 0, 1, 4]
AsyncStartBFS: 13 ms, [] -> [0] -> [0, 4] -> [0, 4, 5] -> [0, 4, 5, 0] -> [0, 4, 5, 0, 0] -> [0, 4, 5, 0, 0, 3] -> [0, 4, 5, 0, 0, 3, 0] -> [0, 4, 5, 0, 0, 3, 0, 5]
SyncBFS: 418.06 ms, [] -> [0] -> [0, 0] -> [0, 0, 5] -> [0, 0, 5, 0] -> [0, 0, 5, 0, 4] -> [0, 0, 5, 0, 4, 5] -> [0, 0, 5, 0, 4, 5, 2] -> [0, 0, 5, 0, 4, 5, 2, 0]
TasksBFS: 65.02 ms, [] -> [0] -> [0, 0] -> [0, 0, 5] -> [0, 0, 5, 0] -> [0, 0, 5, 0, 4] -> [0, 0, 5, 0, 4, 5] -> [0, 0, 5, 0, 4, 5, 2] -> [0, 0, 5, 0, 4, 5, 2, 0]

problem_42.yaml
SyncBFS: 404.35 ms, [] -> [0] -> [0, 0] -> [0, 0, 0] -> [0, 0, 0, 0] -> [0, 0, 0, 0, 4] -> [0, 0, 0, 0, 4, 0] -> [0, 0, 0, 0, 4, 0, 3] -> [0, 0, 0, 0, 4, 0, 3, 5]
AsyncStartBFS: 21.89 ms, [] -> [1] -> [1, 0] -> [1, 0, 5] -> [1, 0, 5, 0] -> [1, 0, 5, 0, 1] -> [1, 0, 5, 0, 1, 0] -> [1, 0, 5, 0, 1, 0, 2] -> [1, 0, 5, 0, 1, 0, 2, 2]
TasksBFS: 63.74 ms, [] -> [0] -> [0, 0] -> [0, 0, 0] -> [0, 0, 0, 0] -> [0, 0, 0, 0, 4] -> [0, 0, 0, 0, 4, 0] -> [0, 0, 0, 0, 4, 0, 3] -> [0, 0, 0, 0, 4, 0, 3, 5]
MultithreadBFS: 44.71 ms, [] -> [2] -> [2, 1] -> [2, 1, 0] -> [2, 1, 0, 4] -> [2, 1, 0, 4, 1] -> [2, 1, 0, 4, 1, 2] -> [2, 1, 0, 4, 1, 2, 4] -> [2, 1, 0, 4, 1, 2, 4, 5]

problem_02.yaml
AsyncStartBFS: 11.48 ms, [] -> [0] -> [0, 2] -> [0, 2, 5] -> [0, 2, 5, 0] -> [0, 2, 5, 0, 0] -> [0, 2, 5, 0, 0, 1] -> [0, 2, 5, 0, 0, 1, 5] -> [0, 2, 5, 0, 0, 1, 5, 4]
TasksBFS: 62.39 ms, [] -> [0] -> [0, 2] -> [0, 2, 0] -> [0, 2, 0, 2] -> [0, 2, 0, 2, 5] -> [0, 2, 0, 2, 5, 5] -> [0, 2, 0, 2, 5, 5, 1] -> [0, 2, 0, 2, 5, 5, 1, 4]
SyncBFS: 429.99 ms, [] -> [0] -> [0, 1] -> [0, 1, 4] -> [0, 1, 4, 3] -> [0, 1, 4, 3, 3] -> [0, 1, 4, 3, 3, 2] -> [0, 1, 4, 3, 3, 2, 1] -> [0, 1, 4, 3, 3, 2, 1, 4]
MultithreadBFS: 61.32 ms, [] -> [3] -> [3, 2] -> [3, 2, 0] -> [3, 2, 0, 1] -> [3, 2, 0, 1, 2] -> [3, 2, 0, 1, 2, 0] -> [3, 2, 0, 1, 2, 0, 4] -> [3, 2, 0, 1, 2, 0, 4, 5]

problem_29.yaml
AsyncStartBFS: 13.81 ms, [] -> [0] -> [0, 1] -> [0, 1, 4] -> [0, 1, 4, 0] -> [0, 1, 4, 0, 2] -> [0, 1, 4, 0, 2, 1] -> [0, 1, 4, 0, 2, 1, 4] -> [0, 1, 4, 0, 2, 1, 4, 3]
SyncBFS: 413.34 ms, [] -> [0] -> [0, 0] -> [0, 0, 2] -> [0, 0, 2, 2] -> [0, 0, 2, 2, 5] -> [0, 0, 2, 2, 5, 2] -> [0, 0, 2, 2, 5, 2, 2] -> [0, 0, 2, 2, 5, 2, 2, 2]
TasksBFS: 65.04 ms, [] -> [0] -> [0, 1] -> [0, 1, 4] -> [0, 1, 4, 0] -> [0, 1, 4, 0, 2] -> [0, 1, 4, 0, 2, 1] -> [0, 1, 4, 0, 2, 1, 4] -> [0, 1, 4, 0, 2, 1, 4, 3]
MultithreadBFS: 40.33 ms, [] -> [1] -> [1, 4] -> [1, 4, 0] -> [1, 4, 0, 2] -> [1, 4, 0, 2, 0] -> [1, 4, 0, 2, 0, 0] -> [1, 4, 0, 2, 0, 0, 1] -> [1, 4, 0, 2, 0, 0, 1, 1]

problem_00.yaml
MultithreadBFS: 48.84 ms, [] -> [0] -> [0, 1] -> [0, 1, 2] -> [0, 1, 2, 3] -> [0, 1, 2, 3, 1] -> [0, 1, 2, 3, 1, 1] -> [0, 1, 2, 3, 1, 1, 4] -> [0, 1, 2, 3, 1, 1, 4, 0]
AsyncStartBFS: 18.44 ms, [] -> [0] -> [0, 3] -> [0, 3, 4] -> [0, 3, 4, 2] -> [0, 3, 4, 2, 5] -> [0, 3, 4, 2, 5, 4] -> [0, 3, 4, 2, 5, 4, 5] -> [0, 3, 4, 2, 5, 4, 5, 1]
SyncBFS: 409.68 ms, [] -> [0] -> [0, 0] -> [0, 0, 1] -> [0, 0, 1, 0] -> [0, 0, 1, 0, 4] -> [0, 0, 1, 0, 4, 1] -> [0, 0, 1, 0, 4, 1, 0] -> [0, 0, 1, 0, 4, 1, 0, 5]
TasksBFS: 64.95 ms, [] -> [0] -> [0, 0] -> [0, 0, 4] -> [0, 0, 4, 2] -> [0, 0, 4, 2, 5] -> [0, 0, 4, 2, 5, 5] -> [0, 0, 4, 2, 5, 5, 2] -> [0, 0, 4, 2, 5, 5, 2, 4]

problem_13.yaml
MultithreadBFS: 57.01 ms, [] -> [1] -> [1, 5] -> [1, 5, 0] -> [1, 5, 0, 3] -> [1, 5, 0, 3, 0] -> [1, 5, 0, 3, 0, 5] -> [1, 5, 0, 3, 0, 5, 5] -> [1, 5, 0, 3, 0, 5, 5, 5]
SyncBFS: 406.06 ms, [] -> [0] -> [0, 0] -> [0, 0, 0] -> [0, 0, 0, 0] -> [0, 0, 0, 0, 3] -> [0, 0, 0, 0, 3, 3] -> [0, 0, 0, 0, 3, 3, 4] -> [0, 0, 0, 0, 3, 3, 4, 0]
TasksBFS: 64.1 ms, [] -> [0] -> [0, 1] -> [0, 1, 2] -> [0, 1, 2, 0] -> [0, 1, 2, 0, 3] -> [0, 1, 2, 0, 3, 5] -> [0, 1, 2, 0, 3, 5, 1] -> [0, 1, 2, 0, 3, 5, 1, 1]
AsyncStartBFS: 15.28 ms, [] -> [0] -> [0, 3] -> [0, 3, 5] -> [0, 3, 5, 0] -> [0, 3, 5, 0, 0] -> [0, 3, 5, 0, 0, 0] -> [0, 3, 5, 0, 0, 0, 3] -> [0, 3, 5, 0, 0, 0, 3, 5]

problem_16.yaml
TasksBFS: 62.8 ms, [] -> [0] -> [0, 1] -> [0, 1, 4] -> [0, 1, 4, 2] -> [0, 1, 4, 2, 0] -> [0, 1, 4, 2, 0, 3] -> [0, 1, 4, 2, 0, 3, 5] -> [0, 1, 4, 2, 0, 3, 5, 3]
MultithreadBFS: 44.16 ms, [] -> [2] -> [2, 0] -> [2, 0, 0] -> [2, 0, 0, 3] -> [2, 0, 0, 3, 0] -> [2, 0, 0, 3, 0, 4] -> [2, 0, 0, 3, 0, 4, 0] -> [2, 0, 0, 3, 0, 4, 0, 5]
SyncBFS: 404.8 ms, [] -> [0] -> [0, 0] -> [0, 0, 0] -> [0, 0, 0, 0] -> [0, 0, 0, 0, 0] -> [0, 0, 0, 0, 0, 2] -> [0, 0, 0, 0, 0, 2, 4] -> [0, 0, 0, 0, 0, 2, 4, 3]
AsyncStartBFS: 11.21 ms, [] -> [0] -> [0, 2] -> [0, 2, 1] -> [0, 2, 1, 0] -> [0, 2, 1, 0, 1] -> [0, 2, 1, 0, 1, 0] -> [0, 2, 1, 0, 1, 0, 4] -> [0, 2, 1, 0, 1, 0, 4, 4]

problem_20.yaml
AsyncStartBFS: 16.61 ms, [] -> [0] -> [0, 4] -> [0, 4, 5] -> [0, 4, 5, 0] -> [0, 4, 5, 0, 0] -> [0, 4, 5, 0, 0, 5] -> [0, 4, 5, 0, 0, 5, 4] -> [0, 4, 5, 0, 0, 5, 4, 3]
SyncBFS: 408.58 ms, [] -> [0] -> [0, 0] -> [0, 0, 0] -> [0, 0, 0, 3] -> [0, 0, 0, 3, 4] -> [0, 0, 0, 3, 4, 4] -> [0, 0, 0, 3, 4, 4, 5] -> [0, 0, 0, 3, 4, 4, 5, 5]
TasksBFS: 65.66 ms, [] -> [0] -> [0, 0] -> [0, 0, 1] -> [0, 0, 1, 1] -> [0, 0, 1, 1, 3] -> [0, 0, 1, 1, 3, 3] -> [0, 0, 1, 1, 3, 3, 0] -> [0, 0, 1, 1, 3, 3, 0, 1]
MultithreadBFS: 45.13 ms, [] -> [3] -> [3, 5] -> [3, 5, 0] -> [3, 5, 0, 4] -> [3, 5, 0, 4, 3] -> [3, 5, 0, 4, 3, 0] -> [3, 5, 0, 4, 3, 0, 2] -> [3, 5, 0, 4, 3, 0, 2, 3]

problem_18.yaml
AsyncStartBFS: 9.93 ms, [] -> [0] -> [0, 3] -> [0, 3, 2] -> [0, 3, 2, 0] -> [0, 3, 2, 0, 3] -> [0, 3, 2, 0, 3, 1] -> [0, 3, 2, 0, 3, 1, 3] -> [0, 3, 2, 0, 3, 1, 3, 3]
TasksBFS: 66.95 ms, [] -> [0] -> [0, 3] -> [0, 3, 2] -> [0, 3, 2, 0] -> [0, 3, 2, 0, 3] -> [0, 3, 2, 0, 3, 1] -> [0, 3, 2, 0, 3, 1, 3] -> [0, 3, 2, 0, 3, 1, 3, 3]
MultithreadBFS: 57.73 ms, [] -> [3] -> [3, 3] -> [3, 3, 0] -> [3, 3, 0, 0] -> [3, 3, 0, 0, 2] -> [3, 3, 0, 0, 2, 0] -> [3, 3, 0, 0, 2, 0, 1] -> [3, 3, 0, 0, 2, 0, 1, 1]
SyncBFS: 435.51 ms, [] -> [0] -> [0, 2] -> [0, 2, 0] -> [0, 2, 0, 1] -> [0, 2, 0, 1, 2] -> [0, 2, 0, 1, 2, 3] -> [0, 2, 0, 1, 2, 3, 3] -> [0, 2, 0, 1, 2, 3, 3, 0]

problem_05.yaml
SyncBFS: 419.36 ms, [] -> [0] -> [0, 0] -> [0, 0, 4] -> [0, 0, 4, 4] -> [0, 0, 4, 4, 4] -> [0, 0, 4, 4, 4, 0] -> [0, 0, 4, 4, 4, 0, 2] -> [0, 0, 4, 4, 4, 0, 2, 3]
TasksBFS: 63.34 ms, [] -> [0] -> [0, 2] -> [0, 2, 0] -> [0, 2, 0, 2] -> [0, 2, 0, 2, 1] -> [0, 2, 0, 2, 1, 5] -> [0, 2, 0, 2, 1, 5, 5] -> [0, 2, 0, 2, 1, 5, 5, 4]
AsyncStartBFS: 20.31 ms, [] -> [0] -> [0, 5] -> [0, 5, 1] -> [0, 5, 1, 0] -> [0, 5, 1, 0, 4] -> [0, 5, 1, 0, 4, 3] -> [0, 5, 1, 0, 4, 3, 3] -> [0, 5, 1, 0, 4, 3, 3, 3]
MultithreadBFS: 45.57 ms, [] -> [2] -> [2, 4] -> [2, 4, 0] -> [2, 4, 0, 0] -> [2, 4, 0, 0, 0] -> [2, 4, 0, 0, 0, 1] -> [2, 4, 0, 0, 0, 1, 3] -> [2, 4, 0, 0, 0, 1, 3, 4]

problem_15.yaml
TasksBFS: 79.83 ms, [] -> [0] -> [0, 1] -> [0, 1, 2] -> [0, 1, 2, 1] -> [0, 1, 2, 1, 0] -> [0, 1, 2, 1, 0, 1] -> [0, 1, 2, 1, 0, 1, 1] -> [0, 1, 2, 1, 0, 1, 1, 5]
MultithreadBFS: 59.04 ms, [] -> [2] -> [2, 4] -> [2, 4, 0] -> [2, 4, 0, 0] -> [2, 4, 0, 0, 3] -> [2, 4, 0, 0, 3, 5] -> [2, 4, 0, 0, 3, 5, 3] -> [2, 4, 0, 0, 3, 5, 3, 2]
AsyncStartBFS: 18.65 ms, [] -> [0] -> [0, 2] -> [0, 2, 4] -> [0, 2, 4, 0] -> [0, 2, 4, 0, 4] -> [0, 2, 4, 0, 4, 3] -> [0, 2, 4, 0, 4, 3, 0] -> [0, 2, 4, 0, 4, 3, 0, 2]
SyncBFS: 412.9 ms, [] -> [0] -> [0, 0] -> [0, 0, 3] -> [0, 0, 3, 3] -> [0, 0, 3, 3, 0] -> [0, 0, 3, 3, 0, 1] -> [0, 0, 3, 3, 0, 1, 5] -> [0, 0, 3, 3, 0, 1, 5, 0]

problem_17.yaml
MultithreadBFS: 40.51 ms, [] -> [1] -> [1, 4] -> [1, 4, 0] -> [1, 4, 0, 0] -> [1, 4, 0, 0, 3] -> [1, 4, 0, 0, 3, 2] -> [1, 4, 0, 0, 3, 2, 0] -> [1, 4, 0, 0, 3, 2, 0, 5]
AsyncStartBFS: 15.91 ms, [] -> [0] -> [0, 4] -> [0, 4, 4] -> [0, 4, 4, 0] -> [0, 4, 4, 0, 0] -> [0, 4, 4, 0, 0, 1] -> [0, 4, 4, 0, 0, 1, 3] -> [0, 4, 4, 0, 0, 1, 3, 4]
TasksBFS: 63.53 ms, [] -> [0] -> [0, 1] -> [0, 1, 3] -> [0, 1, 3, 0] -> [0, 1, 3, 0, 4] -> [0, 1, 3, 0, 4, 2] -> [0, 1, 3, 0, 4, 2, 5] -> [0, 1, 3, 0, 4, 2, 5, 1]
SyncBFS: 404.74 ms, [] -> [0] -> [0, 0] -> [0, 0, 0] -> [0, 0, 0, 3] -> [0, 0, 0, 3, 5] -> [0, 0, 0, 3, 5, 1] -> [0, 0, 0, 3, 5, 1, 1] -> [0, 0, 0, 3, 5, 1, 1, 1]

problem_37.yaml
AsyncStartBFS: 19.95 ms, [] -> [0] -> [0, 5] -> [0, 5, 5] -> [0, 5, 5, 5] -> [0, 5, 5, 5, 0] -> [0, 5, 5, 5, 0, 3] -> [0, 5, 5, 5, 0, 3, 5] -> [0, 5, 5, 5, 0, 3, 5, 2]
SyncBFS: 405.08 ms, [] -> [0] -> [0, 0] -> [0, 0, 0] -> [0, 0, 0, 2] -> [0, 0, 0, 2, 4] -> [0, 0, 0, 2, 4, 1] -> [0, 0, 0, 2, 4, 1, 2] -> [0, 0, 0, 2, 4, 1, 2, 5]
TasksBFS: 65.25 ms, [] -> [0] -> [0, 0] -> [0, 0, 5] -> [0, 0, 5, 0] -> [0, 0, 5, 0, 3] -> [0, 0, 5, 0, 3, 3] -> [0, 0, 5, 0, 3, 3, 3] -> [0, 0, 5, 0, 3, 3, 3, 1]
MultithreadBFS: 58.25 ms, [] -> [4] -> [4, 2] -> [4, 2, 1] -> [4, 2, 1, 0] -> [4, 2, 1, 0, 3] -> [4, 2, 1, 0, 3, 4] -> [4, 2, 1, 0, 3, 4, 4] -> [4, 2, 1, 0, 3, 4, 4, 2]

problem_22.yaml
MultithreadBFS: 74.39 ms, [] -> [4] -> [4, 1] -> [4, 1, 0] -> [4, 1, 0, 1] -> [4, 1, 0, 1, 0] -> [4, 1, 0, 1, 0, 0] -> [4, 1, 0, 1, 0, 0, 2] -> [4, 1, 0, 1, 0, 0, 2, 5]
AsyncStartBFS: 24.47 ms, [] -> [1] -> [1, 0] -> [1, 0, 3] -> [1, 0, 3, 0] -> [1, 0, 3, 0, 2] -> [1, 0, 3, 0, 2, 5] -> [1, 0, 3, 0, 2, 5, 0] -> [1, 0, 3, 0, 2, 5, 0, 1]
SyncBFS: 433.66 ms, [] -> [0] -> [0, 0] -> [0, 0, 0] -> [0, 0, 0, 3] -> [0, 0, 0, 3, 0] -> [0, 0, 0, 3, 0, 1] -> [0, 0, 0, 3, 0, 1, 1] -> [0, 0, 0, 3, 0, 1, 1, 2]
TasksBFS: 71.45 ms, [] -> [0] -> [0, 0] -> [0, 0, 0] -> [0, 0, 0, 3] -> [0, 0, 0, 3, 0] -> [0, 0, 0, 3, 0, 1] -> [0, 0, 0, 3, 0, 1, 1] -> [0, 0, 0, 3, 0, 1, 1, 2]

problem_23.yaml
TasksBFS: 61.1 ms, [] -> [0] -> [0, 0] -> [0, 0, 5] -> [0, 0, 5, 1] -> [0, 0, 5, 1, 1] -> [0, 0, 5, 1, 1, 1] -> [0, 0, 5, 1, 1, 1, 2] -> [0, 0, 5, 1, 1, 1, 2, 0]
MultithreadBFS: 51.11 ms, [] -> [3] -> [3, 3] -> [3, 3, 1] -> [3, 3, 1, 1] -> [3, 3, 1, 1, 0] -> [3, 3, 1, 1, 0, 4] -> [3, 3, 1, 1, 0, 4, 1] -> [3, 3, 1, 1, 0, 4, 1, 4]
SyncBFS: 412.17 ms, [] -> [0] -> [0, 0] -> [0, 0, 2] -> [0, 0, 2, 1] -> [0, 0, 2, 1, 0] -> [0, 0, 2, 1, 0, 1] -> [0, 0, 2, 1, 0, 1, 4] -> [0, 0, 2, 1, 0, 1, 4, 2]
AsyncStartBFS: 14.28 ms, [] -> [0] -> [0, 3] -> [0, 3, 0] -> [0, 3, 0, 0] -> [0, 3, 0, 0, 2] -> [0, 3, 0, 0, 2, 4] -> [0, 3, 0, 0, 2, 4, 0] -> [0, 3, 0, 0, 2, 4, 0, 4]

problem_25.yaml
AsyncStartBFS: 14.46 ms, [] -> [0] -> [0, 1] -> [0, 1, 0] -> [0, 1, 0, 0] -> [0, 1, 0, 0, 0] -> [0, 1, 0, 0, 0, 4] -> [0, 1, 0, 0, 0, 4, 4] -> [0, 1, 0, 0, 0, 4, 4, 2]
TasksBFS: 64.51 ms, [] -> [0] -> [0, 1] -> [0, 1, 0] -> [0, 1, 0, 0] -> [0, 1, 0, 0, 0] -> [0, 1, 0, 0, 0, 4] -> [0, 1, 0, 0, 0, 4, 4] -> [0, 1, 0, 0, 0, 4, 4, 2]
MultithreadBFS: 40.91 ms, [] -> [2] -> [2, 1] -> [2, 1, 0] -> [2, 1, 0, 1] -> [2, 1, 0, 1, 5] -> [2, 1, 0, 1, 5, 0] -> [2, 1, 0, 1, 5, 0, 2] -> [2, 1, 0, 1, 5, 0, 2, 4]
SyncBFS: 411.15 ms, [] -> [0] -> [0, 0] -> [0, 0, 2] -> [0, 0, 2, 5] -> [0, 0, 2, 5, 1] -> [0, 0, 2, 5, 1, 4] -> [0, 0, 2, 5, 1, 4, 0] -> [0, 0, 2, 5, 1, 4, 0, 0]

problem_27.yaml
MultithreadBFS: 35.62 ms, [] -> [0] -> [0, 3] -> [0, 3, 3] -> [0, 3, 3, 3] -> [0, 3, 3, 3, 1] -> [0, 3, 3, 3, 1, 3] -> [0, 3, 3, 3, 1, 3, 4] -> [0, 3, 3, 3, 1, 3, 4, 4]
AsyncStartBFS: 9.07 ms, [] -> [0] -> [0, 1] -> [0, 1, 5] -> [0, 1, 5, 0] -> [0, 1, 5, 0, 0] -> [0, 1, 5, 0, 0, 4] -> [0, 1, 5, 0, 0, 4, 3] -> [0, 1, 5, 0, 0, 4, 3, 5]
TasksBFS: 65.18 ms, [] -> [0] -> [0, 1] -> [0, 1, 2] -> [0, 1, 2, 0] -> [0, 1, 2, 0, 5] -> [0, 1, 2, 0, 5, 2] -> [0, 1, 2, 0, 5, 2, 2] -> [0, 1, 2, 0, 5, 2, 2, 1]
SyncBFS: 418.78 ms, [] -> [0] -> [0, 1] -> [0, 1, 0] -> [0, 1, 0, 2] -> [0, 1, 0, 2, 2] -> [0, 1, 0, 2, 2, 5] -> [0, 1, 0, 2, 2, 5, 0] -> [0, 1, 0, 2, 2, 5, 0, 4]

problem_26.yaml
AsyncStartBFS: 27.35 ms, [] -> [0] -> [0, 3] -> [0, 3, 1] -> [0, 3, 1, 3] -> [0, 3, 1, 3, 1] -> [0, 3, 1, 3, 1, 3] -> [0, 3, 1, 3, 1, 3, 0] -> [0, 3, 1, 3, 1, 3, 0, 2]
SyncBFS: 407.39 ms, [] -> [0] -> [0, 0] -> [0, 0, 0] -> [0, 0, 0, 2] -> [0, 0, 0, 2, 5] -> [0, 0, 0, 2, 5, 1] -> [0, 0, 0, 2, 5, 1, 0] -> [0, 0, 0, 2, 5, 1, 0, 2]
MultithreadBFS: 45.74 ms, [] -> [2] -> [2, 3] -> [2, 3, 0] -> [2, 3, 0, 1] -> [2, 3, 0, 1, 5] -> [2, 3, 0, 1, 5, 0] -> [2, 3, 0, 1, 5, 0, 4] -> [2, 3, 0, 1, 5, 0, 4, 4]
TasksBFS: 70.63 ms, [] -> [0] -> [0, 2] -> [0, 2, 0] -> [0, 2, 0, 2] -> [0, 2, 0, 2, 0] -> [0, 2, 0, 2, 0, 2] -> [0, 2, 0, 2, 0, 2, 3] -> [0, 2, 0, 2, 0, 2, 3, 1]

problem_14.yaml
MultithreadBFS: 53.72 ms, [] -> [1] -> [1, 5] -> [1, 5, 0] -> [1, 5, 0, 0] -> [1, 5, 0, 0, 3] -> [1, 5, 0, 0, 3, 5] -> [1, 5, 0, 0, 3, 5, 5] -> [1, 5, 0, 0, 3, 5, 5, 5]
AsyncStartBFS: 14.35 ms, [] -> [0] -> [0, 5] -> [0, 5, 4] -> [0, 5, 4, 0] -> [0, 5, 4, 0, 3] -> [0, 5, 4, 0, 3, 1] -> [0, 5, 4, 0, 3, 1, 2] -> [0, 5, 4, 0, 3, 1, 2, 5]
TasksBFS: 63.04 ms, [] -> [0] -> [0, 1] -> [0, 1, 3] -> [0, 1, 3, 0] -> [0, 1, 3, 0, 0] -> [0, 1, 3, 0, 0, 0] -> [0, 1, 3, 0, 0, 0, 3] -> [0, 1, 3, 0, 0, 0, 3, 3]
SyncBFS: 418.82 ms, [] -> [0] -> [0, 1] -> [0, 1, 0] -> [0, 1, 0, 3] -> [0, 1, 0, 3, 0] -> [0, 1, 0, 3, 0, 5] -> [0, 1, 0, 3, 0, 5, 1] -> [0, 1, 0, 3, 0, 5, 1, 1]

problem_28.yaml
MultithreadBFS: 45.34 ms, [] -> [3] -> [3, 0] -> [3, 0, 0] -> [3, 0, 0, 0] -> [3, 0, 0, 0, 2] -> [3, 0, 0, 0, 2, 3] -> [3, 0, 0, 0, 2, 3, 5] -> [3, 0, 0, 0, 2, 3, 5, 0]
SyncBFS: 404.51 ms, [] -> [0] -> [0, 0] -> [0, 0, 0] -> [0, 0, 0, 4] -> [0, 0, 0, 4, 4] -> [0, 0, 0, 4, 4, 1] -> [0, 0, 0, 4, 4, 1, 2] -> [0, 0, 0, 4, 4, 1, 2, 4]
AsyncStartBFS: 14.35 ms, [] -> [0] -> [0, 4] -> [0, 4, 0] -> [0, 4, 0, 1] -> [0, 4, 0, 1, 0] -> [0, 4, 0, 1, 0, 2] -> [0, 4, 0, 1, 0, 2, 2] -> [0, 4, 0, 1, 0, 2, 2, 2]
TasksBFS: 66.22 ms, [] -> [0] -> [0, 1] -> [0, 1, 0] -> [0, 1, 0, 1] -> [0, 1, 0, 1, 0] -> [0, 1, 0, 1, 0, 1] -> [0, 1, 0, 1, 0, 1, 0] -> [0, 1, 0, 1, 0, 1, 0, 3]


[INFO] Results summary:
TasksBFS
	Average: 67.7766 ms
	Median: 65.96 ms
	Standard Deviation: 5.40234 ms
SyncBFS
	Average: 411.659 ms
	Median: 409.91 ms
	Standard Deviation: 7.03465 ms
AsyncStartBFS
	Average: 16.9162 ms
	Median: 17.78 ms
	Standard Deviation: 4.83065 ms
MultithreadBFS
	Average: 49.0308 ms
	Median: 46 ms
	Standard Deviation: 7.85679 ms
