problem_49.yaml
MultithreadBFS: 0.44 ms, [] -> [1] -> [1, 2] -> [1, 2, 3] -> [1, 2, 3, 0] -> [1, 2, 3, 0, 1] -> [1, 2, 3, 0, 1, 0] -> [1, 2, 3, 0, 1, 0, 1] -> [1, 2, 3, 0, 1, 0, 1, 0] -> [1, 2, 3, 0, 1, 0, 1, 0, 2]
TasksBFS: 0.66 ms, [] -> [0] -> [0, 2] -> [0, 2, 3] -> [0, 2, 3, 3] -> [0, 2, 3, 3, 0] -> [0, 2, 3, 3, 0, 2] -> [0, 2, 3, 3, 0, 2, 1] -> [0, 2, 3, 3, 0, 2, 1, 1] -> [0, 2, 3, 3, 0, 2, 1, 1, 2]
AsyncStartBFS: 1.21 ms, [] -> [1] -> [1, 2] -> [1, 2, 3] -> [1, 2, 3, 0] -> [1, 2, 3, 0, 1] -> [1, 2, 3, 0, 1, 0] -> [1, 2, 3, 0, 1, 0, 1] -> [1, 2, 3, 0, 1, 0, 1, 0] -> [1, 2, 3, 0, 1, 0, 1, 0, 2]
SyncBFS: 2.18 ms, [] -> [0] -> [0, 0] -> [0, 0, 0] -> [0, 0, 0, 3] -> [0, 0, 0, 3, 3] -> [0, 0, 0, 3, 3, 1] -> [0, 0, 0, 3, 3, 1, 0] -> [0, 0, 0, 3, 3, 1, 0, 0] -> [0, 0, 0, 3, 3, 1, 0, 0, 2]

problem_48.yaml
TasksBFS: 0.62 ms, [] -> [0] -> [0, 2] -> [0, 2, 0] -> [0, 2, 0, 1] -> [0, 2, 0, 1, 3] -> [0, 2, 0, 1, 3, 1] -> [0, 2, 0, 1, 3, 1, 0] -> [0, 2, 0, 1, 3, 1, 0, 3] -> [0, 2, 0, 1, 3, 1, 0, 3, 3]
AsyncStartBFS: 1.23 ms, [] -> [0] -> [0, 2] -> [0, 2, 3] -> [0, 2, 3, 1] -> [0, 2, 3, 1, 1] -> [0, 2, 3, 1, 1, 2] -> [0, 2, 3, 1, 1, 2, 1] -> [0, 2, 3, 1, 1, 2, 1, 1] -> [0, 2, 3, 1, 1, 2, 1, 1, 2]
SyncBFS: 3.52 ms, [] -> [0] -> [0, 0] -> [0, 0, 1] -> [0, 0, 1, 2] -> [0, 0, 1, 2, 3] -> [0, 0, 1, 2, 3, 3] -> [0, 0, 1, 2, 3, 3, 2] -> [0, 0, 1, 2, 3, 3, 2, 0] -> [0, 0, 1, 2, 3, 3, 2, 0, 0]
MultithreadBFS: 0.85 ms, [] -> [0] -> [0, 2] -> [0, 2, 3] -> [0, 2, 3, 1] -> [0, 2, 3, 1, 1] -> [0, 2, 3, 1, 1, 2] -> [0, 2, 3, 1, 1, 2, 1] -> [0, 2, 3, 1, 1, 2, 1, 1] -> [0, 2, 3, 1, 1, 2, 1, 1, 2]

problem_45.yaml
AsyncStartBFS: 1.28 ms, [] -> [0] -> [0, 3] -> [0, 3, 3] -> [0, 3, 3, 0] -> [0, 3, 3, 0, 1] -> [0, 3, 3, 0, 1, 2] -> [0, 3, 3, 0, 1, 2, 1] -> [0, 3, 3, 0, 1, 2, 1, 0] -> [0, 3, 3, 0, 1, 2, 1, 0, 1]
MultithreadBFS: 0.33 ms, [] -> [0] -> [0, 3] -> [0, 3, 3] -> [0, 3, 3, 0] -> [0, 3, 3, 0, 1] -> [0, 3, 3, 0, 1, 2] -> [0, 3, 3, 0, 1, 2, 1] -> [0, 3, 3, 0, 1, 2, 1, 0] -> [0, 3, 3, 0, 1, 2, 1, 0, 1]
SyncBFS: 1.58 ms, [] -> [0] -> [0, 1] -> [0, 1, 0] -> [0, 1, 0, 0] -> [0, 1, 0, 0, 1] -> [0, 1, 0, 0, 1, 2] -> [0, 1, 0, 0, 1, 2, 3] -> [0, 1, 0, 0, 1, 2, 3, 0] -> [0, 1, 0, 0, 1, 2, 3, 0, 0]
TasksBFS: 0.5 ms, [] -> [0] -> [0, 1] -> [0, 1, 0] -> [0, 1, 0, 0] -> [0, 1, 0, 0, 1] -> [0, 1, 0, 0, 1, 2] -> [0, 1, 0, 0, 1, 2, 3] -> [0, 1, 0, 0, 1, 2, 3, 0] -> [0, 1, 0, 0, 1, 2, 3, 0, 0]

problem_43.yaml
AsyncStartBFS: 1.24 ms, [] -> [0] -> [0, 2] -> [0, 2, 2] -> [0, 2, 2, 3] -> [0, 2, 2, 3, 3] -> [0, 2, 2, 3, 3, 0] -> [0, 2, 2, 3, 3, 0, 1] -> [0, 2, 2, 3, 3, 0, 1, 1] -> [0, 2, 2, 3, 3, 0, 1, 1, 3]
TasksBFS: 0.54 ms, [] -> [2] -> [2, 0] -> [2, 0, 2] -> [2, 0, 2, 3] -> [2, 0, 2, 3, 1] -> [2, 0, 2, 3, 1, 3] -> [2, 0, 2, 3, 1, 3, 2] -> [2, 0, 2, 3, 1, 3, 2, 2] -> [2, 0, 2, 3, 1, 3, 2, 2, 1]
SyncBFS: 1.24 ms, [] -> [0] -> [0, 2] -> [0, 2, 0] -> [0, 2, 0, 0] -> [0, 2, 0, 0, 1] -> [0, 2, 0, 0, 1, 2] -> [0, 2, 0, 0, 1, 2, 1] -> [0, 2, 0, 0, 1, 2, 1, 0] -> [0, 2, 0, 0, 1, 2, 1, 0, 3]
MultithreadBFS: 0.61 ms, [] -> [0] -> [0, 2] -> [0, 2, 2] -> [0, 2, 2, 3] -> [0, 2, 2, 3, 3] -> [0, 2, 2, 3, 3, 0] -> [0, 2, 2, 3, 3, 0, 1] -> [0, 2, 2, 3, 3, 0, 1, 1] -> [0, 2, 2, 3, 3, 0, 1, 1, 3]

problem_41.yaml
SyncBFS: 1.23 ms, [] -> [0] -> [0, 0] -> [0, 0, 2] -> [0, 0, 2, 0] -> [0, 0, 2, 0, 0] -> [0, 0, 2, 0, 0, 2] -> [0, 0, 2, 0, 0, 2, 0] -> [0, 0, 2, 0, 0, 2, 0, 1] -> [0, 0, 2, 0, 0, 2, 0, 1, 2]
TasksBFS: 0.65 ms, [] -> [0] -> [0, 0] -> [0, 0, 2] -> [0, 0, 2, 0] -> [0, 0, 2, 0, 0] -> [0, 0, 2, 0, 0, 2] -> [0, 0, 2, 0, 0, 2, 0] -> [0, 0, 2, 0, 0, 2, 0, 1] -> [0, 0, 2, 0, 0, 2, 0, 1, 2]
AsyncStartBFS: 1.25 ms, [] -> [0] -> [0, 1] -> [0, 1, 1] -> [0, 1, 1, 0] -> [0, 1, 1, 0, 1] -> [0, 1, 1, 0, 1, 2] -> [0, 1, 1, 0, 1, 2, 0] -> [0, 1, 1, 0, 1, 2, 0, 1] -> [0, 1, 1, 0, 1, 2, 0, 1, 3]
MultithreadBFS: 0.37 ms, [] -> [0] -> [0, 1] -> [0, 1, 1] -> [0, 1, 1, 0] -> [0, 1, 1, 0, 1] -> [0, 1, 1, 0, 1, 2] -> [0, 1, 1, 0, 1, 2, 0] -> [0, 1, 1, 0, 1, 2, 0, 1] -> [0, 1, 1, 0, 1, 2, 0, 1, 3]

problem_39.yaml
SyncBFS: 2.13 ms, [] -> [2] -> [2, 1] -> [2, 1, 1] -> [2, 1, 1, 3] -> [2, 1, 1, 3, 0] -> [2, 1, 1, 3, 0, 1] -> [2, 1, 1, 3, 0, 1, 0] -> [2, 1, 1, 3, 0, 1, 0, 1] -> [2, 1, 1, 3, 0, 1, 0, 1, 0]
AsyncStartBFS: 1.43 ms, [] -> [2] -> [2, 1] -> [2, 1, 1] -> [2, 1, 1, 3] -> [2, 1, 1, 3, 0] -> [2, 1, 1, 3, 0, 1] -> [2, 1, 1, 3, 0, 1, 0] -> [2, 1, 1, 3, 0, 1, 0, 1] -> [2, 1, 1, 3, 0, 1, 0, 1, 0]
MultithreadBFS: 0.43 ms, [] -> [2] -> [2, 1] -> [2, 1, 1] -> [2, 1, 1, 3] -> [2, 1, 1, 3, 0] -> [2, 1, 1, 3, 0, 1] -> [2, 1, 1, 3, 0, 1, 0] -> [2, 1, 1, 3, 0, 1, 0, 1] -> [2, 1, 1, 3, 0, 1, 0, 1, 0]
TasksBFS: 0.65 ms, [] -> [2] -> [2, 1] -> [2, 1, 1] -> [2, 1, 1, 3] -> [2, 1, 1, 3, 0] -> [2, 1, 1, 3, 0, 1] -> [2, 1, 1, 3, 0, 1, 0] -> [2, 1, 1, 3, 0, 1, 0, 1] -> [2, 1, 1, 3, 0, 1, 0, 1, 0]

problem_38.yaml
MultithreadBFS: 0.58 ms, [] -> [2] -> [2, 2] -> [2, 2, 0] -> [2, 2, 0, 2] -> [2, 2, 0, 2, 2] -> [2, 2, 0, 2, 2, 0] -> [2, 2, 0, 2, 2, 0, 3] -> [2, 2, 0, 2, 2, 0, 3, 3] -> [2, 2, 0, 2, 2, 0, 3, 3, 1]
TasksBFS: 0.85 ms, [] -> [2] -> [2, 2] -> [2, 2, 0] -> [2, 2, 0, 2] -> [2, 2, 0, 2, 2] -> [2, 2, 0, 2, 2, 0] -> [2, 2, 0, 2, 2, 0, 3] -> [2, 2, 0, 2, 2, 0, 3, 3] -> [2, 2, 0, 2, 2, 0, 3, 3, 1]
AsyncStartBFS: 1.3 ms, [] -> [2] -> [2, 2] -> [2, 2, 0] -> [2, 2, 0, 2] -> [2, 2, 0, 2, 2] -> [2, 2, 0, 2, 2, 0] -> [2, 2, 0, 2, 2, 0, 3] -> [2, 2, 0, 2, 2, 0, 3, 3] -> [2, 2, 0, 2, 2, 0, 3, 3, 1]
SyncBFS: 3.09 ms, [] -> [0] -> [0, 0] -> [0, 0, 3] -> [0, 0, 3, 0] -> [0, 0, 3, 0, 1] -> [0, 0, 3, 0, 1, 1] -> [0, 0, 3, 0, 1, 1, 2] -> [0, 0, 3, 0, 1, 1, 2, 2] -> [0, 0, 3, 0, 1, 1, 2, 2, 2]

problem_36.yaml
AsyncStartBFS: 1.4 ms, [] -> [1] -> [1, 2] -> [1, 2, 1] -> [1, 2, 1, 3] -> [1, 2, 1, 3, 2] -> [1, 2, 1, 3, 2, 0] -> [1, 2, 1, 3, 2, 0, 1] -> [1, 2, 1, 3, 2, 0, 1, 2] -> [1, 2, 1, 3, 2, 0, 1, 2, 0]
MultithreadBFS: 0.44 ms, [] -> [0] -> [0, 2] -> [0, 2, 1] -> [0, 2, 1, 2] -> [0, 2, 1, 2, 0] -> [0, 2, 1, 2, 0, 0] -> [0, 2, 1, 2, 0, 0, 0] -> [0, 2, 1, 2, 0, 0, 0, 1] -> [0, 2, 1, 2, 0, 0, 0, 1, 2]
TasksBFS: 0.67 ms, [] -> [0] -> [0, 3] -> [0, 3, 2] -> [0, 3, 2, 0] -> [0, 3, 2, 0, 0] -> [0, 3, 2, 0, 0, 2] -> [0, 3, 2, 0, 0, 2, 2] -> [0, 3, 2, 0, 0, 2, 2, 2] -> [0, 3, 2, 0, 0, 2, 2, 2, 1]
SyncBFS: 4.55 ms, [] -> [0] -> [0, 2] -> [0, 2, 0] -> [0, 2, 0, 1] -> [0, 2, 0, 1, 3] -> [0, 2, 0, 1, 3, 1] -> [0, 2, 0, 1, 3, 1, 3] -> [0, 2, 0, 1, 3, 1, 3, 3] -> [0, 2, 0, 1, 3, 1, 3, 3, 0]

problem_44.yaml
MultithreadBFS: 0.56 ms, [] -> [0] -> [0, 2] -> [0, 2, 2] -> [0, 2, 2, 1] -> [0, 2, 2, 1, 1] -> [0, 2, 2, 1, 1, 0] -> [0, 2, 2, 1, 1, 0, 1] -> [0, 2, 2, 1, 1, 0, 1, 0] -> [0, 2, 2, 1, 1, 0, 1, 0, 1]
AsyncStartBFS: 1.3 ms, [] -> [0] -> [0, 2] -> [0, 2, 2] -> [0, 2, 2, 1] -> [0, 2, 2, 1, 1] -> [0, 2, 2, 1, 1, 0] -> [0, 2, 2, 1, 1, 0, 1] -> [0, 2, 2, 1, 1, 0, 1, 0] -> [0, 2, 2, 1, 1, 0, 1, 0, 1]
SyncBFS: 1.42 ms, [] -> [0] -> [0, 2] -> [0, 2, 0] -> [0, 2, 0, 1] -> [0, 2, 0, 1, 0] -> [0, 2, 0, 1, 0, 0] -> [0, 2, 0, 1, 0, 0, 3] -> [0, 2, 0, 1, 0, 0, 3, 0] -> [0, 2, 0, 1, 0, 0, 3, 0, 0]
TasksBFS: 0.62 ms, [] -> [0] -> [0, 2] -> [0, 2, 0] -> [0, 2, 0, 1] -> [0, 2, 0, 1, 0] -> [0, 2, 0, 1, 0, 0] -> [0, 2, 0, 1, 0, 0, 3] -> [0, 2, 0, 1, 0, 0, 3, 0] -> [0, 2, 0, 1, 0, 0, 3, 0, 0]

problem_35.yaml
TasksBFS: 0.62 ms, [] -> [0] -> [0, 2] -> [0, 2, 0] -> [0, 2, 0, 0] -> [0, 2, 0, 0, 2] -> [0, 2, 0, 0, 2, 0] -> [0, 2, 0, 0, 2, 0, 2] -> [0, 2, 0, 0, 2, 0, 2, 0] -> [0, 2, 0, 0, 2, 0, 2, 0, 1]
AsyncStartBFS: 1.36 ms, [] -> [0] -> [0, 1] -> [0, 1, 2] -> [0, 1, 2, 3] -> [0, 1, 2, 3, 1] -> [0, 1, 2, 3, 1, 2] -> [0, 1, 2, 3, 1, 2, 3] -> [0, 1, 2, 3, 1, 2, 3, 3] -> [0, 1, 2, 3, 1, 2, 3, 3, 1]
SyncBFS: 2.15 ms, [] -> [0] -> [0, 1] -> [0, 1, 2] -> [0, 1, 2, 3] -> [0, 1, 2, 3, 1] -> [0, 1, 2, 3, 1, 2] -> [0, 1, 2, 3, 1, 2, 3] -> [0, 1, 2, 3, 1, 2, 3, 3] -> [0, 1, 2, 3, 1, 2, 3, 3, 1]
MultithreadBFS: 0.71 ms, [] -> [0] -> [0, 1] -> [0, 1, 2] -> [0, 1, 2, 3] -> [0, 1, 2, 3, 1] -> [0, 1, 2, 3, 1, 2] -> [0, 1, 2, 3, 1, 2, 3] -> [0, 1, 2, 3, 1, 2, 3, 3] -> [0, 1, 2, 3, 1, 2, 3, 3, 1]

problem_46.yaml
AsyncStartBFS: 1.26 ms, [] -> [1] -> [1, 0] -> [1, 0, 1] -> [1, 0, 1, 3] -> [1, 0, 1, 3, 2] -> [1, 0, 1, 3, 2, 1] -> [1, 0, 1, 3, 2, 1, 0] -> [1, 0, 1, 3, 2, 1, 0, 0] -> [1, 0, 1, 3, 2, 1, 0, 0, 1]
SyncBFS: 3.77 ms, [] -> [0] -> [0, 0] -> [0, 0, 2] -> [0, 0, 2, 1] -> [0, 0, 2, 1, 0] -> [0, 0, 2, 1, 0, 3] -> [0, 0, 2, 1, 0, 3, 2] -> [0, 0, 2, 1, 0, 3, 2, 3] -> [0, 0, 2, 1, 0, 3, 2, 3, 1]
TasksBFS: 1 ms, [] -> [0] -> [0, 0] -> [0, 0, 2] -> [0, 0, 2, 2] -> [0, 0, 2, 2, 2] -> [0, 0, 2, 2, 2, 1] -> [0, 0, 2, 2, 2, 1, 1] -> [0, 0, 2, 2, 2, 1, 1, 3] -> [0, 0, 2, 2, 2, 1, 1, 3, 1]
MultithreadBFS: 0.45 ms, [] -> [1] -> [1, 0] -> [1, 0, 1] -> [1, 0, 1, 3] -> [1, 0, 1, 3, 2] -> [1, 0, 1, 3, 2, 1] -> [1, 0, 1, 3, 2, 1, 0] -> [1, 0, 1, 3, 2, 1, 0, 0] -> [1, 0, 1, 3, 2, 1, 0, 0, 1]

problem_34.yaml
AsyncStartBFS: 1.41 ms, [] -> [1] -> [1, 1] -> [1, 1, 0] -> [1, 1, 0, 2] -> [1, 1, 0, 2, 1] -> [1, 1, 0, 2, 1, 2] -> [1, 1, 0, 2, 1, 2, 0] -> [1, 1, 0, 2, 1, 2, 0, 1] -> [1, 1, 0, 2, 1, 2, 0, 1, 2]
SyncBFS: 2.68 ms, [] -> [1] -> [1, 1] -> [1, 1, 0] -> [1, 1, 0, 2] -> [1, 1, 0, 2, 1] -> [1, 1, 0, 2, 1, 2] -> [1, 1, 0, 2, 1, 2, 0] -> [1, 1, 0, 2, 1, 2, 0, 1] -> [1, 1, 0, 2, 1, 2, 0, 1, 2]
MultithreadBFS: 0.72 ms, [] -> [1] -> [1, 1] -> [1, 1, 0] -> [1, 1, 0, 2] -> [1, 1, 0, 2, 1] -> [1, 1, 0, 2, 1, 2] -> [1, 1, 0, 2, 1, 2, 0] -> [1, 1, 0, 2, 1, 2, 0, 1] -> [1, 1, 0, 2, 1, 2, 0, 1, 2]
TasksBFS: 0.71 ms, [] -> [1] -> [1, 1] -> [1, 1, 2] -> [1, 1, 2, 2] -> [1, 1, 2, 2, 3] -> [1, 1, 2, 2, 3, 0] -> [1, 1, 2, 2, 3, 0, 1] -> [1, 1, 2, 2, 3, 0, 1, 0] -> [1, 1, 2, 2, 3, 0, 1, 0, 2]

problem_32.yaml
TasksBFS: 0.58 ms, [] -> [0] -> [0, 0] -> [0, 0, 2] -> [0, 0, 2, 3] -> [0, 0, 2, 3, 1] -> [0, 0, 2, 3, 1, 3] -> [0, 0, 2, 3, 1, 3, 0] -> [0, 0, 2, 3, 1, 3, 0, 3] -> [0, 0, 2, 3, 1, 3, 0, 3, 0]
AsyncStartBFS: 1.31 ms, [] -> [0] -> [0, 0] -> [0, 0, 0] -> [0, 0, 0, 2] -> [0, 0, 0, 2, 1] -> [0, 0, 0, 2, 1, 2] -> [0, 0, 0, 2, 1, 2, 2] -> [0, 0, 0, 2, 1, 2, 2, 0] -> [0, 0, 0, 2, 1, 2, 2, 0, 1]
SyncBFS: 2.02 ms, [] -> [0] -> [0, 0] -> [0, 0, 0] -> [0, 0, 0, 2] -> [0, 0, 0, 2, 1] -> [0, 0, 0, 2, 1, 2] -> [0, 0, 0, 2, 1, 2, 2] -> [0, 0, 0, 2, 1, 2, 2, 0] -> [0, 0, 0, 2, 1, 2, 2, 0, 1]
MultithreadBFS: 0.74 ms, [] -> [0] -> [0, 0] -> [0, 0, 0] -> [0, 0, 0, 2] -> [0, 0, 0, 2, 1] -> [0, 0, 0, 2, 1, 2] -> [0, 0, 0, 2, 1, 2, 2] -> [0, 0, 0, 2, 1, 2, 2, 0] -> [0, 0, 0, 2, 1, 2, 2, 0, 1]

problem_31.yaml
AsyncStartBFS: 1.4 ms, [] -> [0] -> [0, 0] -> [0, 0, 1] -> [0, 0, 1, 1] -> [0, 0, 1, 1, 0] -> [0, 0, 1, 1, 0, 2] -> [0, 0, 1, 1, 0, 2, 3] -> [0, 0, 1, 1, 0, 2, 3, 3] -> [0, 0, 1, 1, 0, 2, 3, 3, 3]
SyncBFS: 5.11 ms, [] -> [0] -> [0, 0] -> [0, 0, 1] -> [0, 0, 1, 1] -> [0, 0, 1, 1, 0] -> [0, 0, 1, 1, 0, 2] -> [0, 0, 1, 1, 0, 2, 3] -> [0, 0, 1, 1, 0, 2, 3, 3] -> [0, 0, 1, 1, 0, 2, 3, 3, 3]
MultithreadBFS: 0.83 ms, [] -> [0] -> [0, 0] -> [0, 0, 2] -> [0, 0, 2, 1] -> [0, 0, 2, 1, 3] -> [0, 0, 2, 1, 3, 2] -> [0, 0, 2, 1, 3, 2, 0] -> [0, 0, 2, 1, 3, 2, 0, 0] -> [0, 0, 2, 1, 3, 2, 0, 0, 2]
TasksBFS: 0.96 ms, [] -> [0] -> [0, 0] -> [0, 0, 3] -> [0, 0, 3, 3] -> [0, 0, 3, 3, 3] -> [0, 0, 3, 3, 3, 3] -> [0, 0, 3, 3, 3, 3, 3] -> [0, 0, 3, 3, 3, 3, 3, 0] -> [0, 0, 3, 3, 3, 3, 3, 0, 0]

problem_30.yaml
SyncBFS: 1.4 ms, [] -> [1] -> [1, 2] -> [1, 2, 1] -> [1, 2, 1, 0] -> [1, 2, 1, 0, 2] -> [1, 2, 1, 0, 2, 2] -> [1, 2, 1, 0, 2, 2, 1] -> [1, 2, 1, 0, 2, 2, 1, 3] -> [1, 2, 1, 0, 2, 2, 1, 3, 1]
MultithreadBFS: 0.77 ms, [] -> [1] -> [1, 2] -> [1, 2, 3] -> [1, 2, 3, 0] -> [1, 2, 3, 0, 3] -> [1, 2, 3, 0, 3, 0] -> [1, 2, 3, 0, 3, 0, 1] -> [1, 2, 3, 0, 3, 0, 1, 1] -> [1, 2, 3, 0, 3, 0, 1, 1, 0]
TasksBFS: 0.46 ms, [] -> [1] -> [1, 2] -> [1, 2, 1] -> [1, 2, 1, 0] -> [1, 2, 1, 0, 2] -> [1, 2, 1, 0, 2, 2] -> [1, 2, 1, 0, 2, 2, 1] -> [1, 2, 1, 0, 2, 2, 1, 3] -> [1, 2, 1, 0, 2, 2, 1, 3, 1]
AsyncStartBFS: 1.21 ms, [] -> [1] -> [1, 2] -> [1, 2, 3] -> [1, 2, 3, 0] -> [1, 2, 3, 0, 3] -> [1, 2, 3, 0, 3, 0] -> [1, 2, 3, 0, 3, 0, 1] -> [1, 2, 3, 0, 3, 0, 1, 1] -> [1, 2, 3, 0, 3, 0, 1, 1, 0]

problem_10.yaml
MultithreadBFS: 1.05 ms, [] -> [3] -> [3, 1] -> [3, 1, 0] -> [3, 1, 0, 0] -> [3, 1, 0, 0, 1] -> [3, 1, 0, 0, 1, 3] -> [3, 1, 0, 0, 1, 3, 1] -> [3, 1, 0, 0, 1, 3, 1, 2] -> [3, 1, 0, 0, 1, 3, 1, 2, 1]
TasksBFS: 0.79 ms, [] -> [1] -> [1, 0] -> [1, 0, 3] -> [1, 0, 3, 1] -> [1, 0, 3, 1, 1] -> [1, 0, 3, 1, 1, 1] -> [1, 0, 3, 1, 1, 1, 1] -> [1, 0, 3, 1, 1, 1, 1, 3] -> [1, 0, 3, 1, 1, 1, 1, 3, 3]
SyncBFS: 4.35 ms, [] -> [1] -> [1, 0] -> [1, 0, 0] -> [1, 0, 0, 2] -> [1, 0, 0, 2, 1] -> [1, 0, 0, 2, 1, 1] -> [1, 0, 0, 2, 1, 1, 0] -> [1, 0, 0, 2, 1, 1, 0, 2] -> [1, 0, 0, 2, 1, 1, 0, 2, 2]
AsyncStartBFS: 2.4 ms, [] -> [2] -> [2, 1] -> [2, 1, 0] -> [2, 1, 0, 1] -> [2, 1, 0, 1, 2] -> [2, 1, 0, 1, 2, 3] -> [2, 1, 0, 1, 2, 3, 0] -> [2, 1, 0, 1, 2, 3, 0, 0] -> [2, 1, 0, 1, 2, 3, 0, 0, 0]

problem_09.yaml
TasksBFS: 0.61 ms, [] -> [1] -> [1, 3] -> [1, 3, 1] -> [1, 3, 1, 0] -> [1, 3, 1, 0, 0] -> [1, 3, 1, 0, 0, 2] -> [1, 3, 1, 0, 0, 2, 1] -> [1, 3, 1, 0, 0, 2, 1, 0] -> [1, 3, 1, 0, 0, 2, 1, 0, 2]
SyncBFS: 2 ms, [] -> [1] -> [1, 1] -> [1, 1, 2] -> [1, 1, 2, 2] -> [1, 1, 2, 2, 0] -> [1, 1, 2, 2, 0, 1] -> [1, 1, 2, 2, 0, 1, 3] -> [1, 1, 2, 2, 0, 1, 3, 2] -> [1, 1, 2, 2, 0, 1, 3, 2, 2]
MultithreadBFS: 0.65 ms, [] -> [1] -> [1, 1] -> [1, 1, 2] -> [1, 1, 2, 2] -> [1, 1, 2, 2, 0] -> [1, 1, 2, 2, 0, 1] -> [1, 1, 2, 2, 0, 1, 3] -> [1, 1, 2, 2, 0, 1, 3, 2] -> [1, 1, 2, 2, 0, 1, 3, 2, 2]
AsyncStartBFS: 1.22 ms, [] -> [2] -> [2, 1] -> [2, 1, 1] -> [2, 1, 1, 2] -> [2, 1, 1, 2, 0] -> [2, 1, 1, 2, 0, 2] -> [2, 1, 1, 2, 0, 2, 2] -> [2, 1, 1, 2, 0, 2, 2, 1] -> [2, 1, 1, 2, 0, 2, 2, 1, 2]

problem_12.yaml
AsyncStartBFS: 1.27 ms, [] -> [1] -> [1, 3] -> [1, 3, 3] -> [1, 3, 3, 1] -> [1, 3, 3, 1, 2] -> [1, 3, 3, 1, 2, 1] -> [1, 3, 3, 1, 2, 1, 3] -> [1, 3, 3, 1, 2, 1, 3, 1] -> [1, 3, 3, 1, 2, 1, 3, 1, 2]
SyncBFS: 2.9 ms, [] -> [0] -> [0, 1] -> [0, 1, 0] -> [0, 1, 0, 0] -> [0, 1, 0, 0, 1] -> [0, 1, 0, 0, 1, 2] -> [0, 1, 0, 0, 1, 2, 1] -> [0, 1, 0, 0, 1, 2, 1, 0] -> [0, 1, 0, 0, 1, 2, 1, 0, 2]
MultithreadBFS: 0.61 ms, [] -> [1] -> [1, 3] -> [1, 3, 3] -> [1, 3, 3, 1] -> [1, 3, 3, 1, 2] -> [1, 3, 3, 1, 2, 1] -> [1, 3, 3, 1, 2, 1, 3] -> [1, 3, 3, 1, 2, 1, 3, 1] -> [1, 3, 3, 1, 2, 1, 3, 1, 2]
TasksBFS: 0.55 ms, [] -> [0] -> [0, 2] -> [0, 2, 0] -> [0, 2, 0, 3] -> [0, 2, 0, 3, 3] -> [0, 2, 0, 3, 3, 1] -> [0, 2, 0, 3, 3, 1, 3] -> [0, 2, 0, 3, 3, 1, 3, 3] -> [0, 2, 0, 3, 3, 1, 3, 3, 3]

problem_47.yaml
AsyncStartBFS: 1.48 ms, [] -> [0] -> [0, 2] -> [0, 2, 0] -> [0, 2, 0, 1] -> [0, 2, 0, 1, 3] -> [0, 2, 0, 1, 3, 0] -> [0, 2, 0, 1, 3, 0, 2] -> [0, 2, 0, 1, 3, 0, 2, 2] -> [0, 2, 0, 1, 3, 0, 2, 2, 0]
SyncBFS: 5.16 ms, [] -> [0] -> [0, 0] -> [0, 0, 1] -> [0, 0, 1, 2] -> [0, 0, 1, 2, 3] -> [0, 0, 1, 2, 3, 3] -> [0, 0, 1, 2, 3, 3, 0] -> [0, 0, 1, 2, 3, 3, 0, 0] -> [0, 0, 1, 2, 3, 3, 0, 0, 1]
TasksBFS: 1.38 ms, [] -> [0] -> [0, 2] -> [0, 2, 1] -> [0, 2, 1, 0] -> [0, 2, 1, 0, 0] -> [0, 2, 1, 0, 0, 1] -> [0, 2, 1, 0, 0, 1, 0] -> [0, 2, 1, 0, 0, 1, 0, 1] -> [0, 2, 1, 0, 0, 1, 0, 1, 1]
MultithreadBFS: 0.43 ms, [] -> [0] -> [0, 1] -> [0, 1, 3] -> [0, 1, 3, 2] -> [0, 1, 3, 2, 0] -> [0, 1, 3, 2, 0, 1] -> [0, 1, 3, 2, 0, 1, 0] -> [0, 1, 3, 2, 0, 1, 0, 0] -> [0, 1, 3, 2, 0, 1, 0, 0, 3]

problem_11.yaml
SyncBFS: 1.37 ms, [] -> [1] -> [1, 2] -> [1, 2, 2] -> [1, 2, 2, 3] -> [1, 2, 2, 3, 0] -> [1, 2, 2, 3, 0, 2] -> [1, 2, 2, 3, 0, 2, 1] -> [1, 2, 2, 3, 0, 2, 1, 0] -> [1, 2, 2, 3, 0, 2, 1, 0, 3]
TasksBFS: 0.74 ms, [] -> [1] -> [1, 2] -> [1, 2, 2] -> [1, 2, 2, 3] -> [1, 2, 2, 3, 2] -> [1, 2, 2, 3, 2, 2] -> [1, 2, 2, 3, 2, 2, 1] -> [1, 2, 2, 3, 2, 2, 1, 0] -> [1, 2, 2, 3, 2, 2, 1, 0, 3]
MultithreadBFS: 0.43 ms, [] -> [1] -> [1, 2] -> [1, 2, 2] -> [1, 2, 2, 3] -> [1, 2, 2, 3, 2] -> [1, 2, 2, 3, 2, 2] -> [1, 2, 2, 3, 2, 2, 1] -> [1, 2, 2, 3, 2, 2, 1, 0] -> [1, 2, 2, 3, 2, 2, 1, 0, 3]
AsyncStartBFS: 1.21 ms, [] -> [1] -> [1, 2] -> [1, 2, 2] -> [1, 2, 2, 3] -> [1, 2, 2, 3, 2] -> [1, 2, 2, 3, 2, 2] -> [1, 2, 2, 3, 2, 2, 1] -> [1, 2, 2, 3, 2, 2, 1, 0] -> [1, 2, 2, 3, 2, 2, 1, 0, 3]

problem_01.yaml
SyncBFS: 3.56 ms, [] -> [0] -> [0, 0] -> [0, 0, 3] -> [0, 0, 3, 0] -> [0, 0, 3, 0, 3] -> [0, 0, 3, 0, 3, 0] -> [0, 0, 3, 0, 3, 0, 3] -> [0, 0, 3, 0, 3, 0, 3, 3] -> [0, 0, 3, 0, 3, 0, 3, 3, 3]
TasksBFS: 1.01 ms, [] -> [0] -> [0, 2] -> [0, 2, 0] -> [0, 2, 0, 2] -> [0, 2, 0, 2, 1] -> [0, 2, 0, 2, 1, 1] -> [0, 2, 0, 2, 1, 1, 1] -> [0, 2, 0, 2, 1, 1, 1, 1] -> [0, 2, 0, 2, 1, 1, 1, 1, 0]
AsyncStartBFS: 1.22 ms, [] -> [1] -> [1, 0] -> [1, 0, 3] -> [1, 0, 3, 2] -> [1, 0, 3, 2, 3] -> [1, 0, 3, 2, 3, 3] -> [1, 0, 3, 2, 3, 3, 0] -> [1, 0, 3, 2, 3, 3, 0, 1] -> [1, 0, 3, 2, 3, 3, 0, 1, 1]
MultithreadBFS: 0.47 ms, [] -> [1] -> [1, 0] -> [1, 0, 3] -> [1, 0, 3, 2] -> [1, 0, 3, 2, 3] -> [1, 0, 3, 2, 3, 3] -> [1, 0, 3, 2, 3, 3, 0] -> [1, 0, 3, 2, 3, 3, 0, 1] -> [1, 0, 3, 2, 3, 3, 0, 1, 1]

problem_08.yaml
TasksBFS: 0.47 ms, [] -> [1] -> [1, 3] -> [1, 3, 1] -> [1, 3, 1, 3] -> [1, 3, 1, 3, 1] -> [1, 3, 1, 3, 1, 3] -> [1, 3, 1, 3, 1, 3, 1] -> [1, 3, 1, 3, 1, 3, 1, 0] -> [1, 3, 1, 3, 1, 3, 1, 0, 0]
AsyncStartBFS: 1.17 ms, [] -> [3] -> [3, 2] -> [3, 2, 1] -> [3, 2, 1, 3] -> [3, 2, 1, 3, 0] -> [3, 2, 1, 3, 0, 0] -> [3, 2, 1, 3, 0, 0, 3] -> [3, 2, 1, 3, 0, 0, 3, 2] -> [3, 2, 1, 3, 0, 0, 3, 2, 0]
SyncBFS: 2.3 ms, [] -> [1] -> [1, 1] -> [1, 1, 3] -> [1, 1, 3, 2] -> [1, 1, 3, 2, 3] -> [1, 1, 3, 2, 3, 3] -> [1, 1, 3, 2, 3, 3, 2] -> [1, 1, 3, 2, 3, 3, 2, 3] -> [1, 1, 3, 2, 3, 3, 2, 3, 0]
MultithreadBFS: 0.57 ms, [] -> [3] -> [3, 2] -> [3, 2, 1] -> [3, 2, 1, 3] -> [3, 2, 1, 3, 0] -> [3, 2, 1, 3, 0, 0] -> [3, 2, 1, 3, 0, 0, 3] -> [3, 2, 1, 3, 0, 0, 3, 2] -> [3, 2, 1, 3, 0, 0, 3, 2, 0]

problem_06.yaml
AsyncStartBFS: 1.21 ms, [] -> [3] -> [3, 0] -> [3, 0, 2] -> [3, 0, 2, 2] -> [3, 0, 2, 2, 2] -> [3, 0, 2, 2, 2, 0] -> [3, 0, 2, 2, 2, 0, 3] -> [3, 0, 2, 2, 2, 0, 3, 1] -> [3, 0, 2, 2, 2, 0, 3, 1, 3]
SyncBFS: 1.15 ms, [] -> [0] -> [0, 0] -> [0, 0, 2] -> [0, 0, 2, 1] -> [0, 0, 2, 1, 3] -> [0, 0, 2, 1, 3, 1] -> [0, 0, 2, 1, 3, 1, 2] -> [0, 0, 2, 1, 3, 1, 2, 2] -> [0, 0, 2, 1, 3, 1, 2, 2, 1]
MultithreadBFS: 0.47 ms, [] -> [3] -> [3, 0] -> [3, 0, 2] -> [3, 0, 2, 0] -> [3, 0, 2, 0, 0] -> [3, 0, 2, 0, 0, 0] -> [3, 0, 2, 0, 0, 0, 2] -> [3, 0, 2, 0, 0, 0, 2, 0] -> [3, 0, 2, 0, 0, 0, 2, 0, 1]
TasksBFS: 0.37 ms, [] -> [0] -> [0, 0] -> [0, 0, 2] -> [0, 0, 2, 1] -> [0, 0, 2, 1, 3] -> [0, 0, 2, 1, 3, 1] -> [0, 0, 2, 1, 3, 1, 2] -> [0, 0, 2, 1, 3, 1, 2, 2] -> [0, 0, 2, 1, 3, 1, 2, 2, 1]

problem_19.yaml
AsyncStartBFS: 1.37 ms, [] -> [2] -> [2, 3] -> [2, 3, 0] -> [2, 3, 0, 3] -> [2, 3, 0, 3, 1] -> [2, 3, 0, 3, 1, 3] -> [2, 3, 0, 3, 1, 3, 1] -> [2, 3, 0, 3, 1, 3, 1, 0] -> [2, 3, 0, 3, 1, 3, 1, 0, 2]
TasksBFS: 0.75 ms, [] -> [2] -> [2, 1] -> [2, 1, 3] -> [2, 1, 3, 0] -> [2, 1, 3, 0, 2] -> [2, 1, 3, 0, 2, 0] -> [2, 1, 3, 0, 2, 0, 0] -> [2, 1, 3, 0, 2, 0, 0, 0] -> [2, 1, 3, 0, 2, 0, 0, 0, 1]
SyncBFS: 2.68 ms, [] -> [2] -> [2, 1] -> [2, 1, 2] -> [2, 1, 2, 1] -> [2, 1, 2, 1, 0] -> [2, 1, 2, 1, 0, 0] -> [2, 1, 2, 1, 0, 0, 0] -> [2, 1, 2, 1, 0, 0, 0, 2] -> [2, 1, 2, 1, 0, 0, 0, 2, 2]
MultithreadBFS: 0.64 ms, [] -> [2] -> [2, 3] -> [2, 3, 3] -> [2, 3, 3, 2] -> [2, 3, 3, 2, 1] -> [2, 3, 3, 2, 1, 3] -> [2, 3, 3, 2, 1, 3, 1] -> [2, 3, 3, 2, 1, 3, 1, 3] -> [2, 3, 3, 2, 1, 3, 1, 3, 0]

problem_40.yaml
SyncBFS: 2.77 ms, [] -> [0] -> [0, 0] -> [0, 0, 0] -> [0, 0, 0, 2] -> [0, 0, 0, 2, 1] -> [0, 0, 0, 2, 1, 3] -> [0, 0, 0, 2, 1, 3, 2] -> [0, 0, 0, 2, 1, 3, 2, 0] -> [0, 0, 0, 2, 1, 3, 2, 0, 3]
TasksBFS: 0.97 ms, [] -> [0] -> [0, 0] -> [0, 0, 2] -> [0, 0, 2, 3] -> [0, 0, 2, 3, 2] -> [0, 0, 2, 3, 2, 1] -> [0, 0, 2, 3, 2, 1, 1] -> [0, 0, 2, 3, 2, 1, 1, 2] -> [0, 0, 2, 3, 2, 1, 1, 2, 1]
AsyncStartBFS: 1.54 ms, [] -> [1] -> [1, 1] -> [1, 1, 0] -> [1, 1, 0, 3] -> [1, 1, 0, 3, 1] -> [1, 1, 0, 3, 1, 0] -> [1, 1, 0, 3, 1, 0, 2] -> [1, 1, 0, 3, 1, 0, 2, 1] -> [1, 1, 0, 3, 1, 0, 2, 1, 1]
MultithreadBFS: 0.38 ms, [] -> [1] -> [1, 1] -> [1, 1, 0] -> [1, 1, 0, 3] -> [1, 1, 0, 3, 1] -> [1, 1, 0, 3, 1, 0] -> [1, 1, 0, 3, 1, 0, 2] -> [1, 1, 0, 3, 1, 0, 2, 1] -> [1, 1, 0, 3, 1, 0, 2, 1, 1]

problem_04.yaml
TasksBFS: 0.52 ms, [] -> [1] -> [1, 1] -> [1, 1, 1] -> [1, 1, 1, 2] -> [1, 1, 1, 2, 3] -> [1, 1, 1, 2, 3, 0] -> [1, 1, 1, 2, 3, 0, 3] -> [1, 1, 1, 2, 3, 0, 3, 0] -> [1, 1, 1, 2, 3, 0, 3, 0, 0]
MultithreadBFS: 0.37 ms, [] -> [1] -> [1, 1] -> [1, 1, 1] -> [1, 1, 1, 2] -> [1, 1, 1, 2, 3] -> [1, 1, 1, 2, 3, 0] -> [1, 1, 1, 2, 3, 0, 3] -> [1, 1, 1, 2, 3, 0, 3, 0] -> [1, 1, 1, 2, 3, 0, 3, 0, 0]
AsyncStartBFS: 1.19 ms, [] -> [1] -> [1, 1] -> [1, 1, 1] -> [1, 1, 1, 2] -> [1, 1, 1, 2, 3] -> [1, 1, 1, 2, 3, 0] -> [1, 1, 1, 2, 3, 0, 3] -> [1, 1, 1, 2, 3, 0, 3, 0] -> [1, 1, 1, 2, 3, 0, 3, 0, 0]
SyncBFS: 4.26 ms, [] -> [1] -> [1, 1] -> [1, 1, 0] -> [1, 1, 0, 1] -> [1, 1, 0, 1, 0] -> [1, 1, 0, 1, 0, 2] -> [1, 1, 0, 1, 0, 2, 0] -> [1, 1, 0, 1, 0, 2, 0, 1] -> [1, 1, 0, 1, 0, 2, 0, 1, 0]

problem_33.yaml
SyncBFS: 4.52 ms, [] -> [0] -> [0, 0] -> [0, 0, 0] -> [0, 0, 0, 2] -> [0, 0, 0, 2, 1] -> [0, 0, 0, 2, 1, 1] -> [0, 0, 0, 2, 1, 1, 1] -> [0, 0, 0, 2, 1, 1, 1, 0] -> [0, 0, 0, 2, 1, 1, 1, 0, 2]
AsyncStartBFS: 1.97 ms, [] -> [0] -> [0, 2] -> [0, 2, 0] -> [0, 2, 0, 3] -> [0, 2, 0, 3, 0] -> [0, 2, 0, 3, 0, 0] -> [0, 2, 0, 3, 0, 0, 0] -> [0, 2, 0, 3, 0, 0, 0, 1] -> [0, 2, 0, 3, 0, 0, 0, 1, 0]
TasksBFS: 0.95 ms, [] -> [0] -> [0, 1] -> [0, 1, 0] -> [0, 1, 0, 3] -> [0, 1, 0, 3, 2] -> [0, 1, 0, 3, 2, 2] -> [0, 1, 0, 3, 2, 2, 0] -> [0, 1, 0, 3, 2, 2, 0, 0] -> [0, 1, 0, 3, 2, 2, 0, 0, 0]
MultithreadBFS: 0.73 ms, [] -> [0] -> [0, 2] -> [0, 2, 0] -> [0, 2, 0, 3] -> [0, 2, 0, 3, 0] -> [0, 2, 0, 3, 0, 0] -> [0, 2, 0, 3, 0, 0, 0] -> [0, 2, 0, 3, 0, 0, 0, 1] -> [0, 2, 0, 3, 0, 0, 0, 1, 0]

problem_21.yaml
MultithreadBFS: 0.8 ms, [] -> [0] -> [0, 1] -> [0, 1, 3] -> [0, 1, 3, 3] -> [0, 1, 3, 3, 3] -> [0, 1, 3, 3, 3, 2] -> [0, 1, 3, 3, 3, 2, 2] -> [0, 1, 3, 3, 3, 2, 2, 3] -> [0, 1, 3, 3, 3, 2, 2, 3, 2]
AsyncStartBFS: 1.3 ms, [] -> [0] -> [0, 1] -> [0, 1, 3] -> [0, 1, 3, 3] -> [0, 1, 3, 3, 3] -> [0, 1, 3, 3, 3, 2] -> [0, 1, 3, 3, 3, 2, 2] -> [0, 1, 3, 3, 3, 2, 2, 3] -> [0, 1, 3, 3, 3, 2, 2, 3, 2]
TasksBFS: 1.11 ms, [] -> [0] -> [0, 1] -> [0, 1, 3] -> [0, 1, 3, 3] -> [0, 1, 3, 3, 3] -> [0, 1, 3, 3, 3, 2] -> [0, 1, 3, 3, 3, 2, 2] -> [0, 1, 3, 3, 3, 2, 2, 3] -> [0, 1, 3, 3, 3, 2, 2, 3, 2]
SyncBFS: 4.5 ms, [] -> [0] -> [0, 0] -> [0, 0, 0] -> [0, 0, 0, 0] -> [0, 0, 0, 0, 3] -> [0, 0, 0, 0, 3, 1] -> [0, 0, 0, 0, 3, 1, 1] -> [0, 0, 0, 0, 3, 1, 1, 0] -> [0, 0, 0, 0, 3, 1, 1, 0, 3]

problem_24.yaml
AsyncStartBFS: 1.49 ms, [] -> [0] -> [0, 0] -> [0, 0, 3] -> [0, 0, 3, 0] -> [0, 0, 3, 0, 3] -> [0, 0, 3, 0, 3, 1] -> [0, 0, 3, 0, 3, 1, 0] -> [0, 0, 3, 0, 3, 1, 0, 0] -> [0, 0, 3, 0, 3, 1, 0, 0, 0]
TasksBFS: 0.61 ms, [] -> [0] -> [0, 1] -> [0, 1, 3] -> [0, 1, 3, 0] -> [0, 1, 3, 0, 1] -> [0, 1, 3, 0, 1, 1] -> [0, 1, 3, 0, 1, 1, 1] -> [0, 1, 3, 0, 1, 1, 1, 2] -> [0, 1, 3, 0, 1, 1, 1, 2, 0]
MultithreadBFS: 0.43 ms, [] -> [0] -> [0, 0] -> [0, 0, 1] -> [0, 0, 1, 3] -> [0, 0, 1, 3, 1] -> [0, 0, 1, 3, 1, 3] -> [0, 0, 1, 3, 1, 3, 1] -> [0, 0, 1, 3, 1, 3, 1, 2] -> [0, 0, 1, 3, 1, 3, 1, 2, 3]
SyncBFS: 1.51 ms, [] -> [0] -> [0, 0] -> [0, 0, 1] -> [0, 0, 1, 3] -> [0, 0, 1, 3, 1] -> [0, 0, 1, 3, 1, 3] -> [0, 0, 1, 3, 1, 3, 1] -> [0, 0, 1, 3, 1, 3, 1, 2] -> [0, 0, 1, 3, 1, 3, 1, 2, 3]

problem_03.yaml
SyncBFS: 3.94 ms, [] -> [0] -> [0, 0] -> [0, 0, 0] -> [0, 0, 0, 0] -> [0, 0, 0, 0, 0] -> [0, 0, 0, 0, 0, 2] -> [0, 0, 0, 0, 0, 2, 1] -> [0, 0, 0, 0, 0, 2, 1, 2] -> [0, 0, 0, 0, 0, 2, 1, 2, 1]
MultithreadBFS: 0.85 ms, [] -> [0] -> [0, 1] -> [0, 1, 1] -> [0, 1, 1, 1] -> [0, 1, 1, 1, 0] -> [0, 1, 1, 1, 0, 3] -> [0, 1, 1, 1, 0, 3, 1] -> [0, 1, 1, 1, 0, 3, 1, 2] -> [0, 1, 1, 1, 0, 3, 1, 2, 1]
AsyncStartBFS: 1.35 ms, [] -> [0] -> [0, 1] -> [0, 1, 1] -> [0, 1, 1, 1] -> [0, 1, 1, 1, 0] -> [0, 1, 1, 1, 0, 3] -> [0, 1, 1, 1, 0, 3, 1] -> [0, 1, 1, 1, 0, 3, 1, 2] -> [0, 1, 1, 1, 0, 3, 1, 2, 1]
TasksBFS: 0.71 ms, [] -> [0] -> [0, 3] -> [0, 3, 2] -> [0, 3, 2, 0] -> [0, 3, 2, 0, 0] -> [0, 3, 2, 0, 0, 1] -> [0, 3, 2, 0, 0, 1, 3] -> [0, 3, 2, 0, 0, 1, 3, 3] -> [0, 3, 2, 0, 0, 1, 3, 3, 0]

problem_07.yaml
AsyncStartBFS: 1.17 ms, [] -> [1] -> [1, 0] -> [1, 0, 1] -> [1, 0, 1, 1] -> [1, 0, 1, 1, 2] -> [1, 0, 1, 1, 2, 0] -> [1, 0, 1, 1, 2, 0, 3] -> [1, 0, 1, 1, 2, 0, 3, 0] -> [1, 0, 1, 1, 2, 0, 3, 0, 0]
MultithreadBFS: 0.39 ms, [] -> [1] -> [1, 0] -> [1, 0, 1] -> [1, 0, 1, 1] -> [1, 0, 1, 1, 2] -> [1, 0, 1, 1, 2, 0] -> [1, 0, 1, 1, 2, 0, 3] -> [1, 0, 1, 1, 2, 0, 3, 0] -> [1, 0, 1, 1, 2, 0, 3, 0, 0]
TasksBFS: 0.36 ms, [] -> [0] -> [0, 3] -> [0, 3, 1] -> [0, 3, 1, 2] -> [0, 3, 1, 2, 1] -> [0, 3, 1, 2, 1, 2] -> [0, 3, 1, 2, 1, 2, 2] -> [0, 3, 1, 2, 1, 2, 2, 1] -> [0, 3, 1, 2, 1, 2, 2, 1, 0]
SyncBFS: 1.45 ms, [] -> [0] -> [0, 3] -> [0, 3, 1] -> [0, 3, 1, 2] -> [0, 3, 1, 2, 1] -> [0, 3, 1, 2, 1, 2] -> [0, 3, 1, 2, 1, 2, 2] -> [0, 3, 1, 2, 1, 2, 2, 1] -> [0, 3, 1, 2, 1, 2, 2, 1, 0]

problem_42.yaml
AsyncStartBFS: 1.34 ms, [] -> [0] -> [0, 2] -> [0, 2, 0] -> [0, 2, 0, 2] -> [0, 2, 0, 2, 2] -> [0, 2, 0, 2, 2, 0] -> [0, 2, 0, 2, 2, 0, 3] -> [0, 2, 0, 2, 2, 0, 3, 1] -> [0, 2, 0, 2, 2, 0, 3, 1, 0]
MultithreadBFS: 0.51 ms, [] -> [0] -> [0, 2] -> [0, 2, 0] -> [0, 2, 0, 2] -> [0, 2, 0, 2, 2] -> [0, 2, 0, 2, 2, 0] -> [0, 2, 0, 2, 2, 0, 3] -> [0, 2, 0, 2, 2, 0, 3, 1] -> [0, 2, 0, 2, 2, 0, 3, 1, 0]
TasksBFS: 0.48 ms, [] -> [0] -> [0, 2] -> [0, 2, 2] -> [0, 2, 2, 0] -> [0, 2, 2, 0, 2] -> [0, 2, 2, 0, 2, 1] -> [0, 2, 2, 0, 2, 1, 1] -> [0, 2, 2, 0, 2, 1, 1, 3] -> [0, 2, 2, 0, 2, 1, 1, 3, 1]
SyncBFS: 1.83 ms, [] -> [0] -> [0, 0] -> [0, 0, 3] -> [0, 0, 3, 0] -> [0, 0, 3, 0, 3] -> [0, 0, 3, 0, 3, 0] -> [0, 0, 3, 0, 3, 0, 3] -> [0, 0, 3, 0, 3, 0, 3, 0] -> [0, 0, 3, 0, 3, 0, 3, 0, 3]

problem_02.yaml
TasksBFS: 0.62 ms, [] -> [0] -> [0, 2] -> [0, 2, 0] -> [0, 2, 0, 2] -> [0, 2, 0, 2, 2] -> [0, 2, 0, 2, 2, 2] -> [0, 2, 0, 2, 2, 2, 0] -> [0, 2, 0, 2, 2, 2, 0, 3] -> [0, 2, 0, 2, 2, 2, 0, 3, 3]
SyncBFS: 3.07 ms, [] -> [0] -> [0, 2] -> [0, 2, 0] -> [0, 2, 0, 2] -> [0, 2, 0, 2, 2] -> [0, 2, 0, 2, 2, 2] -> [0, 2, 0, 2, 2, 2, 0] -> [0, 2, 0, 2, 2, 2, 0, 3] -> [0, 2, 0, 2, 2, 2, 0, 3, 3]
MultithreadBFS: 0.81 ms, [] -> [1] -> [1, 3] -> [1, 3, 0] -> [1, 3, 0, 3] -> [1, 3, 0, 3, 0] -> [1, 3, 0, 3, 0, 3] -> [1, 3, 0, 3, 0, 3, 1] -> [1, 3, 0, 3, 0, 3, 1, 2] -> [1, 3, 0, 3, 0, 3, 1, 2, 0]
AsyncStartBFS: 1.3 ms, [] -> [1] -> [1, 2] -> [1, 2, 1] -> [1, 2, 1, 1] -> [1, 2, 1, 1, 2] -> [1, 2, 1, 1, 2, 3] -> [1, 2, 1, 1, 2, 3, 3] -> [1, 2, 1, 1, 2, 3, 3, 1] -> [1, 2, 1, 1, 2, 3, 3, 1, 1]

problem_29.yaml
SyncBFS: 5.19 ms, [] -> [1] -> [1, 0] -> [1, 0, 0] -> [1, 0, 0, 2] -> [1, 0, 0, 2, 0] -> [1, 0, 0, 2, 0, 2] -> [1, 0, 0, 2, 0, 2, 0] -> [1, 0, 0, 2, 0, 2, 0, 2] -> [1, 0, 0, 2, 0, 2, 0, 2, 2]
MultithreadBFS: 0.88 ms, [] -> [2] -> [2, 0] -> [2, 0, 1] -> [2, 0, 1, 1] -> [2, 0, 1, 1, 3] -> [2, 0, 1, 1, 3, 3] -> [2, 0, 1, 1, 3, 3, 1] -> [2, 0, 1, 1, 3, 3, 1, 0] -> [2, 0, 1, 1, 3, 3, 1, 0, 2]
TasksBFS: 1.08 ms, [] -> [1] -> [1, 0] -> [1, 0, 0] -> [1, 0, 0, 2] -> [1, 0, 0, 2, 0] -> [1, 0, 0, 2, 0, 2] -> [1, 0, 0, 2, 0, 2, 0] -> [1, 0, 0, 2, 0, 2, 0, 2] -> [1, 0, 0, 2, 0, 2, 0, 2, 2]
AsyncStartBFS: 1.33 ms, [] -> [2] -> [2, 0] -> [2, 0, 1] -> [2, 0, 1, 1] -> [2, 0, 1, 1, 3] -> [2, 0, 1, 1, 3, 3] -> [2, 0, 1, 1, 3, 3, 1] -> [2, 0, 1, 1, 3, 3, 1, 0] -> [2, 0, 1, 1, 3, 3, 1, 0, 2]

problem_00.yaml
MultithreadBFS: 0.01 ms, No solution found!
TasksBFS: 0.37 ms, No solution found!
SyncBFS: 0 ms, No solution found!
AsyncStartBFS: 0 ms, No solution found!

problem_13.yaml
AsyncStartBFS: 1.2 ms, [] -> [3] -> [3, 3] -> [3, 3, 0] -> [3, 3, 0, 0] -> [3, 3, 0, 0, 3] -> [3, 3, 0, 0, 3, 0] -> [3, 3, 0, 0, 3, 0, 3] -> [3, 3, 0, 0, 3, 0, 3, 3] -> [3, 3, 0, 0, 3, 0, 3, 3, 2]
MultithreadBFS: 0.37 ms, [] -> [3] -> [3, 3] -> [3, 3, 0] -> [3, 3, 0, 0] -> [3, 3, 0, 0, 3] -> [3, 3, 0, 0, 3, 0] -> [3, 3, 0, 0, 3, 0, 3] -> [3, 3, 0, 0, 3, 0, 3, 3] -> [3, 3, 0, 0, 3, 0, 3, 3, 2]
SyncBFS: 2.81 ms, [] -> [0] -> [0, 0] -> [0, 0, 2] -> [0, 0, 2, 1] -> [0, 0, 2, 1, 2] -> [0, 0, 2, 1, 2, 1] -> [0, 0, 2, 1, 2, 1, 0] -> [0, 0, 2, 1, 2, 1, 0, 3] -> [0, 0, 2, 1, 2, 1, 0, 3, 0]
TasksBFS: 0.58 ms, [] -> [0] -> [0, 0] -> [0, 0, 2] -> [0, 0, 2, 1] -> [0, 0, 2, 1, 2] -> [0, 0, 2, 1, 2, 1] -> [0, 0, 2, 1, 2, 1, 0] -> [0, 0, 2, 1, 2, 1, 0, 3] -> [0, 0, 2, 1, 2, 1, 0, 3, 0]

problem_16.yaml
SyncBFS: 2.52 ms, [] -> [1] -> [1, 0] -> [1, 0, 0] -> [1, 0, 0, 3] -> [1, 0, 0, 3, 2] -> [1, 0, 0, 3, 2, 2] -> [1, 0, 0, 3, 2, 2, 2] -> [1, 0, 0, 3, 2, 2, 2, 0] -> [1, 0, 0, 3, 2, 2, 2, 0, 3]
TasksBFS: 0.58 ms, [] -> [1] -> [1, 0] -> [1, 0, 3] -> [1, 0, 3, 0] -> [1, 0, 3, 0, 1] -> [1, 0, 3, 0, 1, 1] -> [1, 0, 3, 0, 1, 1, 1] -> [1, 0, 3, 0, 1, 1, 1, 3] -> [1, 0, 3, 0, 1, 1, 1, 3, 1]
MultithreadBFS: 0.43 ms, [] -> [3] -> [3, 0] -> [3, 0, 0] -> [3, 0, 0, 0] -> [3, 0, 0, 0, 1] -> [3, 0, 0, 0, 1, 2] -> [3, 0, 0, 0, 1, 2, 1] -> [3, 0, 0, 0, 1, 2, 1, 3] -> [3, 0, 0, 0, 1, 2, 1, 3, 2]
AsyncStartBFS: 1.27 ms, [] -> [3] -> [3, 0] -> [3, 0, 0] -> [3, 0, 0, 0] -> [3, 0, 0, 0, 1] -> [3, 0, 0, 0, 1, 2] -> [3, 0, 0, 0, 1, 2, 1] -> [3, 0, 0, 0, 1, 2, 1, 3] -> [3, 0, 0, 0, 1, 2, 1, 3, 2]

problem_20.yaml
AsyncStartBFS: 1.32 ms, [] -> [1] -> [1, 2] -> [1, 2, 3] -> [1, 2, 3, 3] -> [1, 2, 3, 3, 3] -> [1, 2, 3, 3, 3, 1] -> [1, 2, 3, 3, 3, 1, 0] -> [1, 2, 3, 3, 3, 1, 0, 1] -> [1, 2, 3, 3, 3, 1, 0, 1, 1]
TasksBFS: 0.89 ms, [] -> [0] -> [0, 0] -> [0, 0, 2] -> [0, 0, 2, 1] -> [0, 0, 2, 1, 0] -> [0, 0, 2, 1, 0, 0] -> [0, 0, 2, 1, 0, 0, 0] -> [0, 0, 2, 1, 0, 0, 0, 2] -> [0, 0, 2, 1, 0, 0, 0, 2, 3]
MultithreadBFS: 0.8 ms, [] -> [1] -> [1, 3] -> [1, 3, 1] -> [1, 3, 1, 0] -> [1, 3, 1, 0, 1] -> [1, 3, 1, 0, 1, 0] -> [1, 3, 1, 0, 1, 0, 2] -> [1, 3, 1, 0, 1, 0, 2, 1] -> [1, 3, 1, 0, 1, 0, 2, 1, 2]
SyncBFS: 3.92 ms, [] -> [0] -> [0, 0] -> [0, 0, 2] -> [0, 0, 2, 1] -> [0, 0, 2, 1, 0] -> [0, 0, 2, 1, 0, 0] -> [0, 0, 2, 1, 0, 0, 0] -> [0, 0, 2, 1, 0, 0, 0, 2] -> [0, 0, 2, 1, 0, 0, 0, 2, 3]

problem_18.yaml
SyncBFS: 5.43 ms, [] -> [0] -> [0, 0] -> [0, 0, 0] -> [0, 0, 0, 3] -> [0, 0, 0, 3, 3] -> [0, 0, 0, 3, 3, 3] -> [0, 0, 0, 3, 3, 3, 2] -> [0, 0, 0, 3, 3, 3, 2, 3] -> [0, 0, 0, 3, 3, 3, 2, 3, 0]
AsyncStartBFS: 2.18 ms, [] -> [3] -> [3, 0] -> [3, 0, 1] -> [3, 0, 1, 2] -> [3, 0, 1, 2, 1] -> [3, 0, 1, 2, 1, 1] -> [3, 0, 1, 2, 1, 1, 2] -> [3, 0, 1, 2, 1, 1, 2, 0] -> [3, 0, 1, 2, 1, 1, 2, 0, 0]
TasksBFS: 0.83 ms, [] -> [1] -> [1, 2] -> [1, 2, 2] -> [1, 2, 2, 0] -> [1, 2, 2, 0, 0] -> [1, 2, 2, 0, 0, 3] -> [1, 2, 2, 0, 0, 3, 3] -> [1, 2, 2, 0, 0, 3, 3, 1] -> [1, 2, 2, 0, 0, 3, 3, 1, 1]
MultithreadBFS: 0.61 ms, [] -> [3] -> [3, 0] -> [3, 0, 1] -> [3, 0, 1, 2] -> [3, 0, 1, 2, 1] -> [3, 0, 1, 2, 1, 1] -> [3, 0, 1, 2, 1, 1, 2] -> [3, 0, 1, 2, 1, 1, 2, 0] -> [3, 0, 1, 2, 1, 1, 2, 0, 0]

problem_05.yaml
MultithreadBFS: 0.57 ms, [] -> [1] -> [1, 3] -> [1, 3, 1] -> [1, 3, 1, 0] -> [1, 3, 1, 0, 0] -> [1, 3, 1, 0, 0, 3] -> [1, 3, 1, 0, 0, 3, 0] -> [1, 3, 1, 0, 0, 3, 0, 0] -> [1, 3, 1, 0, 0, 3, 0, 0, 2]
TasksBFS: 0.71 ms, [] -> [2] -> [2, 1] -> [2, 1, 2] -> [2, 1, 2, 1] -> [2, 1, 2, 1, 0] -> [2, 1, 2, 1, 0, 2] -> [2, 1, 2, 1, 0, 2, 2] -> [2, 1, 2, 1, 0, 2, 2, 1] -> [2, 1, 2, 1, 0, 2, 2, 1, 1]
SyncBFS: 4.26 ms, [] -> [1] -> [1, 1] -> [1, 1, 2] -> [1, 1, 2, 2] -> [1, 1, 2, 2, 3] -> [1, 1, 2, 2, 3, 0] -> [1, 1, 2, 2, 3, 0, 2] -> [1, 1, 2, 2, 3, 0, 2, 3] -> [1, 1, 2, 2, 3, 0, 2, 3, 0]
AsyncStartBFS: 1.63 ms, [] -> [2] -> [2, 0] -> [2, 0, 2] -> [2, 0, 2, 1] -> [2, 0, 2, 1, 3] -> [2, 0, 2, 1, 3, 2] -> [2, 0, 2, 1, 3, 2, 0] -> [2, 0, 2, 1, 3, 2, 0, 3] -> [2, 0, 2, 1, 3, 2, 0, 3, 2]

problem_15.yaml
MultithreadBFS: 0.44 ms, [] -> [1] -> [1, 0] -> [1, 0, 0] -> [1, 0, 0, 2] -> [1, 0, 0, 2, 1] -> [1, 0, 0, 2, 1, 2] -> [1, 0, 0, 2, 1, 2, 0] -> [1, 0, 0, 2, 1, 2, 0, 2] -> [1, 0, 0, 2, 1, 2, 0, 2, 3]
TasksBFS: 0.65 ms, [] -> [1] -> [1, 0] -> [1, 0, 0] -> [1, 0, 0, 1] -> [1, 0, 0, 1, 3] -> [1, 0, 0, 1, 3, 3] -> [1, 0, 0, 1, 3, 3, 2] -> [1, 0, 0, 1, 3, 3, 2, 0] -> [1, 0, 0, 1, 3, 3, 2, 0, 1]
AsyncStartBFS: 1.22 ms, [] -> [2] -> [2, 0] -> [2, 0, 1] -> [2, 0, 1, 2] -> [2, 0, 1, 2, 2] -> [2, 0, 1, 2, 2, 1] -> [2, 0, 1, 2, 2, 1, 1] -> [2, 0, 1, 2, 2, 1, 1, 2] -> [2, 0, 1, 2, 2, 1, 1, 2, 0]
SyncBFS: 2.16 ms, [] -> [1] -> [1, 0] -> [1, 0, 0] -> [1, 0, 0, 1] -> [1, 0, 0, 1, 3] -> [1, 0, 0, 1, 3, 3] -> [1, 0, 0, 1, 3, 3, 2] -> [1, 0, 0, 1, 3, 3, 2, 0] -> [1, 0, 0, 1, 3, 3, 2, 0, 1]

problem_17.yaml
AsyncStartBFS: 1.54 ms, [] -> [1] -> [1, 2] -> [1, 2, 0] -> [1, 2, 0, 2] -> [1, 2, 0, 2, 0] -> [1, 2, 0, 2, 0, 1] -> [1, 2, 0, 2, 0, 1, 1] -> [1, 2, 0, 2, 0, 1, 1, 0] -> [1, 2, 0, 2, 0, 1, 1, 0, 3]
TasksBFS: 0.59 ms, [] -> [0] -> [0, 2] -> [0, 2, 0] -> [0, 2, 0, 1] -> [0, 2, 0, 1, 1] -> [0, 2, 0, 1, 1, 1] -> [0, 2, 0, 1, 1, 1, 1] -> [0, 2, 0, 1, 1, 1, 1, 3] -> [0, 2, 0, 1, 1, 1, 1, 3, 1]
SyncBFS: 2.62 ms, [] -> [0] -> [0, 2] -> [0, 2, 0] -> [0, 2, 0, 1] -> [0, 2, 0, 1, 0] -> [0, 2, 0, 1, 0, 0] -> [0, 2, 0, 1, 0, 0, 3] -> [0, 2, 0, 1, 0, 0, 3, 1] -> [0, 2, 0, 1, 0, 0, 3, 1, 1]
MultithreadBFS: 0.61 ms, [] -> [1] -> [1, 2] -> [1, 2, 1] -> [1, 2, 1, 2] -> [1, 2, 1, 2, 2] -> [1, 2, 1, 2, 2, 2] -> [1, 2, 1, 2, 2, 2, 2] -> [1, 2, 1, 2, 2, 2, 2, 3] -> [1, 2, 1, 2, 2, 2, 2, 3, 1]

problem_37.yaml
SyncBFS: 4.62 ms, [] -> [0] -> [0, 0] -> [0, 0, 1] -> [0, 0, 1, 1] -> [0, 0, 1, 1, 2] -> [0, 0, 1, 1, 2, 1] -> [0, 0, 1, 1, 2, 1, 1] -> [0, 0, 1, 1, 2, 1, 1, 3] -> [0, 0, 1, 1, 2, 1, 1, 3, 1]
AsyncStartBFS: 1.38 ms, [] -> [0] -> [0, 0] -> [0, 0, 2] -> [0, 0, 2, 0] -> [0, 0, 2, 0, 1] -> [0, 0, 2, 0, 1, 3] -> [0, 0, 2, 0, 1, 3, 1] -> [0, 0, 2, 0, 1, 3, 1, 2] -> [0, 0, 2, 0, 1, 3, 1, 2, 1]
MultithreadBFS: 0.37 ms, [] -> [0] -> [0, 0] -> [0, 0, 2] -> [0, 0, 2, 0] -> [0, 0, 2, 0, 1] -> [0, 0, 2, 0, 1, 3] -> [0, 0, 2, 0, 1, 3, 1] -> [0, 0, 2, 0, 1, 3, 1, 2] -> [0, 0, 2, 0, 1, 3, 1, 2, 1]
TasksBFS: 0.69 ms, [] -> [0] -> [0, 0] -> [0, 0, 2] -> [0, 0, 2, 0] -> [0, 0, 2, 0, 1] -> [0, 0, 2, 0, 1, 3] -> [0, 0, 2, 0, 1, 3, 1] -> [0, 0, 2, 0, 1, 3, 1, 2] -> [0, 0, 2, 0, 1, 3, 1, 2, 1]

problem_22.yaml
SyncBFS: 1.94 ms, [] -> [1] -> [1, 1] -> [1, 1, 1] -> [1, 1, 1, 1] -> [1, 1, 1, 1, 1] -> [1, 1, 1, 1, 1, 2] -> [1, 1, 1, 1, 1, 2, 2] -> [1, 1, 1, 1, 1, 2, 2, 2] -> [1, 1, 1, 1, 1, 2, 2, 2, 1]
TasksBFS: 0.94 ms, [] -> [1] -> [1, 1] -> [1, 1, 1] -> [1, 1, 1, 1] -> [1, 1, 1, 1, 2] -> [1, 1, 1, 1, 2, 2] -> [1, 1, 1, 1, 2, 2, 2] -> [1, 1, 1, 1, 2, 2, 2, 2] -> [1, 1, 1, 1, 2, 2, 2, 2, 3]
AsyncStartBFS: 1.27 ms, [] -> [1] -> [1, 1] -> [1, 1, 1] -> [1, 1, 1, 1] -> [1, 1, 1, 1, 2] -> [1, 1, 1, 1, 2, 2] -> [1, 1, 1, 1, 2, 2, 2] -> [1, 1, 1, 1, 2, 2, 2, 2] -> [1, 1, 1, 1, 2, 2, 2, 2, 3]
MultithreadBFS: 0.39 ms, [] -> [1] -> [1, 1] -> [1, 1, 1] -> [1, 1, 1, 1] -> [1, 1, 1, 1, 2] -> [1, 1, 1, 1, 2, 2] -> [1, 1, 1, 1, 2, 2, 2] -> [1, 1, 1, 1, 2, 2, 2, 2] -> [1, 1, 1, 1, 2, 2, 2, 2, 3]

problem_23.yaml
MultithreadBFS: 0.56 ms, [] -> [3] -> [3, 2] -> [3, 2, 2] -> [3, 2, 2, 1] -> [3, 2, 2, 1, 3] -> [3, 2, 2, 1, 3, 2] -> [3, 2, 2, 1, 3, 2, 3] -> [3, 2, 2, 1, 3, 2, 3, 1] -> [3, 2, 2, 1, 3, 2, 3, 1, 1]
AsyncStartBFS: 1.3 ms, [] -> [3] -> [3, 2] -> [3, 2, 2] -> [3, 2, 2, 1] -> [3, 2, 2, 1, 3] -> [3, 2, 2, 1, 3, 2] -> [3, 2, 2, 1, 3, 2, 3] -> [3, 2, 2, 1, 3, 2, 3, 1] -> [3, 2, 2, 1, 3, 2, 3, 1, 1]
TasksBFS: 0.44 ms, [] -> [3] -> [3, 2] -> [3, 2, 2] -> [3, 2, 2, 3] -> [3, 2, 2, 3, 1] -> [3, 2, 2, 3, 1, 3] -> [3, 2, 2, 3, 1, 3, 1] -> [3, 2, 2, 3, 1, 3, 1, 3] -> [3, 2, 2, 3, 1, 3, 1, 3, 0]
SyncBFS: 0.49 ms, [] -> [3] -> [3, 2] -> [3, 2, 0] -> [3, 2, 0, 0] -> [3, 2, 0, 0, 2] -> [3, 2, 0, 0, 2, 1] -> [3, 2, 0, 0, 2, 1, 0] -> [3, 2, 0, 0, 2, 1, 0, 2] -> [3, 2, 0, 0, 2, 1, 0, 2, 0]

problem_25.yaml
SyncBFS: 4.15 ms, [] -> [0] -> [0, 1] -> [0, 1, 0] -> [0, 1, 0, 0] -> [0, 1, 0, 0, 0] -> [0, 1, 0, 0, 0, 0] -> [0, 1, 0, 0, 0, 0, 1] -> [0, 1, 0, 0, 0, 0, 1, 2] -> [0, 1, 0, 0, 0, 0, 1, 2, 2]
TasksBFS: 1.78 ms, [] -> [0] -> [0, 1] -> [0, 1, 3] -> [0, 1, 3, 1] -> [0, 1, 3, 1, 0] -> [0, 1, 3, 1, 0, 0] -> [0, 1, 3, 1, 0, 0, 0] -> [0, 1, 3, 1, 0, 0, 0, 0] -> [0, 1, 3, 1, 0, 0, 0, 0, 3]
MultithreadBFS: 0.47 ms, [] -> [0] -> [0, 1] -> [0, 1, 3] -> [0, 1, 3, 1] -> [0, 1, 3, 1, 0] -> [0, 1, 3, 1, 0, 0] -> [0, 1, 3, 1, 0, 0, 0] -> [0, 1, 3, 1, 0, 0, 0, 0] -> [0, 1, 3, 1, 0, 0, 0, 0, 3]
AsyncStartBFS: 1.16 ms, [] -> [0] -> [0, 1] -> [0, 1, 3] -> [0, 1, 3, 1] -> [0, 1, 3, 1, 0] -> [0, 1, 3, 1, 0, 0] -> [0, 1, 3, 1, 0, 0, 0] -> [0, 1, 3, 1, 0, 0, 0, 0] -> [0, 1, 3, 1, 0, 0, 0, 0, 3]

problem_27.yaml
MultithreadBFS: 0.98 ms, [] -> [3] -> [3, 3] -> [3, 3, 0] -> [3, 3, 0, 0] -> [3, 3, 0, 0, 3] -> [3, 3, 0, 0, 3, 2] -> [3, 3, 0, 0, 3, 2, 2] -> [3, 3, 0, 0, 3, 2, 2, 0] -> [3, 3, 0, 0, 3, 2, 2, 0, 2]
SyncBFS: 0.81 ms, [] -> [3] -> [3, 3] -> [3, 3, 0] -> [3, 3, 0, 0] -> [3, 3, 0, 0, 3] -> [3, 3, 0, 0, 3, 2] -> [3, 3, 0, 0, 3, 2, 2] -> [3, 3, 0, 0, 3, 2, 2, 0] -> [3, 3, 0, 0, 3, 2, 2, 0, 2]
AsyncStartBFS: 1.39 ms, [] -> [3] -> [3, 3] -> [3, 3, 0] -> [3, 3, 0, 0] -> [3, 3, 0, 0, 3] -> [3, 3, 0, 0, 3, 2] -> [3, 3, 0, 0, 3, 2, 2] -> [3, 3, 0, 0, 3, 2, 2, 0] -> [3, 3, 0, 0, 3, 2, 2, 0, 2]
TasksBFS: 0.5 ms, [] -> [3] -> [3, 3] -> [3, 3, 0] -> [3, 3, 0, 2] -> [3, 3, 0, 2, 0] -> [3, 3, 0, 2, 0, 3] -> [3, 3, 0, 2, 0, 3, 2] -> [3, 3, 0, 2, 0, 3, 2, 0] -> [3, 3, 0, 2, 0, 3, 2, 0, 2]

problem_26.yaml
MultithreadBFS: 0.48 ms, [] -> [3] -> [3, 3] -> [3, 3, 1] -> [3, 3, 1, 1] -> [3, 3, 1, 1, 1] -> [3, 3, 1, 1, 1, 0] -> [3, 3, 1, 1, 1, 0, 3] -> [3, 3, 1, 1, 1, 0, 3, 1] -> [3, 3, 1, 1, 1, 0, 3, 1, 2]
SyncBFS: 1.14 ms, [] -> [0] -> [0, 3] -> [0, 3, 2] -> [0, 3, 2, 0] -> [0, 3, 2, 0, 2] -> [0, 3, 2, 0, 2, 0] -> [0, 3, 2, 0, 2, 0, 2] -> [0, 3, 2, 0, 2, 0, 2, 1] -> [0, 3, 2, 0, 2, 0, 2, 1, 3]
AsyncStartBFS: 1.35 ms, [] -> [3] -> [3, 3] -> [3, 3, 1] -> [3, 3, 1, 1] -> [3, 3, 1, 1, 1] -> [3, 3, 1, 1, 1, 0] -> [3, 3, 1, 1, 1, 0, 3] -> [3, 3, 1, 1, 1, 0, 3, 1] -> [3, 3, 1, 1, 1, 0, 3, 1, 2]
TasksBFS: 0.41 ms, [] -> [0] -> [0, 3] -> [0, 3, 2] -> [0, 3, 2, 0] -> [0, 3, 2, 0, 2] -> [0, 3, 2, 0, 2, 0] -> [0, 3, 2, 0, 2, 0, 2] -> [0, 3, 2, 0, 2, 0, 2, 1] -> [0, 3, 2, 0, 2, 0, 2, 1, 3]

problem_14.yaml
AsyncStartBFS: 1.23 ms, [] -> [2] -> [2, 0] -> [2, 0, 3] -> [2, 0, 3, 1] -> [2, 0, 3, 1, 1] -> [2, 0, 3, 1, 1, 0] -> [2, 0, 3, 1, 1, 0, 0] -> [2, 0, 3, 1, 1, 0, 0, 1] -> [2, 0, 3, 1, 1, 0, 0, 1, 1]
SyncBFS: 4.2 ms, [] -> [1] -> [1, 3] -> [1, 3, 0] -> [1, 3, 0, 1] -> [1, 3, 0, 1, 1] -> [1, 3, 0, 1, 1, 3] -> [1, 3, 0, 1, 1, 3, 3] -> [1, 3, 0, 1, 1, 3, 3, 3] -> [1, 3, 0, 1, 1, 3, 3, 3, 0]
TasksBFS: 0.86 ms, [] -> [2] -> [2, 0] -> [2, 0, 0] -> [2, 0, 0, 3] -> [2, 0, 0, 3, 3] -> [2, 0, 0, 3, 3, 2] -> [2, 0, 0, 3, 3, 2, 3] -> [2, 0, 0, 3, 3, 2, 3, 1] -> [2, 0, 0, 3, 3, 2, 3, 1, 2]
MultithreadBFS: 0.51 ms, [] -> [2] -> [2, 1] -> [2, 1, 3] -> [2, 1, 3, 1] -> [2, 1, 3, 1, 0] -> [2, 1, 3, 1, 0, 0] -> [2, 1, 3, 1, 0, 0, 1] -> [2, 1, 3, 1, 0, 0, 1, 1] -> [2, 1, 3, 1, 0, 0, 1, 1, 0]

problem_28.yaml
AsyncStartBFS: 1.26 ms, [] -> [2] -> [2, 0] -> [2, 0, 3] -> [2, 0, 3, 2] -> [2, 0, 3, 2, 0] -> [2, 0, 3, 2, 0, 2] -> [2, 0, 3, 2, 0, 2, 0] -> [2, 0, 3, 2, 0, 2, 0, 1] -> [2, 0, 3, 2, 0, 2, 0, 1, 1]
MultithreadBFS: 0.44 ms, [] -> [2] -> [2, 0] -> [2, 0, 3] -> [2, 0, 3, 2] -> [2, 0, 3, 2, 0] -> [2, 0, 3, 2, 0, 2] -> [2, 0, 3, 2, 0, 2, 0] -> [2, 0, 3, 2, 0, 2, 0, 1] -> [2, 0, 3, 2, 0, 2, 0, 1, 1]
SyncBFS: 1.09 ms, [] -> [2] -> [2, 0] -> [2, 0, 0] -> [2, 0, 0, 0] -> [2, 0, 0, 0, 1] -> [2, 0, 0, 0, 1, 0] -> [2, 0, 0, 0, 1, 0, 1] -> [2, 0, 0, 0, 1, 0, 1, 2] -> [2, 0, 0, 0, 1, 0, 1, 2, 1]
TasksBFS: 0.62 ms, [] -> [2] -> [2, 0] -> [2, 0, 0] -> [2, 0, 0, 0] -> [2, 0, 0, 0, 1] -> [2, 0, 0, 0, 1, 0] -> [2, 0, 0, 0, 1, 0, 1] -> [2, 0, 0, 0, 1, 0, 1, 2] -> [2, 0, 0, 0, 1, 0, 1, 2, 1]


[INFO] Results summary:
AsyncStartBFS
	Average: 1.3364 ms
	Median: 1.3 ms
	Standard Deviation: 0.30262 ms
SyncBFS
	Average: 2.7748 ms
	Median: 2.65 ms
	Standard Deviation: 1.39455 ms
TasksBFS
	Average: 0.7122 ms
	Median: 0.65 ms
	Standard Deviation: 0.261238 ms
MultithreadBFS
	Average: 0.5668 ms
	Median: 0.535 ms
	Standard Deviation: 0.194622 ms
