problem_49.yaml
MultithreadBFS: 91.26 ms, No solution found!
AsyncStartBFS: 24.76 ms, No solution found!
TasksBFS: 20.44 ms, No solution found!
SyncBFS: 180.07 ms, No solution found!

problem_48.yaml
SyncBFS: 630.35 ms, No solution found!
AsyncStartBFS: 80 ms, No solution found!
TasksBFS: 73.85 ms, No solution found!
MultithreadBFS: 376.83 ms, No solution found!

problem_45.yaml
MultithreadBFS: 113.93 ms, No solution found!
AsyncStartBFS: 25.8 ms, No solution found!
SyncBFS: 234.96 ms, No solution found!
TasksBFS: 31.53 ms, No solution found!

problem_43.yaml
AsyncStartBFS: 173.04 ms, No solution found!
MultithreadBFS: 689.27 ms, No solution found!
TasksBFS: 221.29 ms, No solution found!
SyncBFS: 1481.05 ms, No solution found!

problem_41.yaml
TasksBFS: 43.74 ms, No solution found!
SyncBFS: 356.25 ms, No solution found!
AsyncStartBFS: 39.58 ms, No solution found!
MultithreadBFS: 216.59 ms, No solution found!

problem_39.yaml
TasksBFS: 54.45 ms, No solution found!
MultithreadBFS: 277.5 ms, No solution found!
SyncBFS: 386.17 ms, No solution found!
AsyncStartBFS: 40.95 ms, No solution found!

problem_38.yaml
SyncBFS: 654.76 ms, No solution found!
AsyncStartBFS: 69.58 ms, No solution found!
MultithreadBFS: 349.94 ms, No solution found!
TasksBFS: 75.11 ms, No solution found!

problem_36.yaml
MultithreadBFS: 87.99 ms, No solution found!
AsyncStartBFS: 21.16 ms, No solution found!
SyncBFS: 184.39 ms, No solution found!
TasksBFS: 21.82 ms, No solution found!

problem_44.yaml
SyncBFS: 305.46 ms, No solution found!
TasksBFS: 51.8 ms, No solution found!
AsyncStartBFS: 39.38 ms, No solution found!
MultithreadBFS: 184.85 ms, No solution found!

problem_35.yaml
AsyncStartBFS: 28.03 ms, No solution found!
TasksBFS: 34.63 ms, No solution found!
MultithreadBFS: 167.14 ms, No solution found!
SyncBFS: 299.08 ms, No solution found!

problem_46.yaml
AsyncStartBFS: 64.29 ms, No solution found!
MultithreadBFS: 215.79 ms, No solution found!
SyncBFS: 440.84 ms, No solution found!
TasksBFS: 75.94 ms, No solution found!

problem_34.yaml
SyncBFS: 548.28 ms, No solution found!
MultithreadBFS: 278.69 ms, No solution found!
AsyncStartBFS: 58.34 ms, No solution found!
TasksBFS: 75.26 ms, No solution found!

problem_32.yaml
MultithreadBFS: 31.24 ms, No solution found!
SyncBFS: 70.3 ms, No solution found!
AsyncStartBFS: 8.23 ms, No solution found!
TasksBFS: 8.29 ms, No solution found!

problem_31.yaml
AsyncStartBFS: 4.22 ms, [] -> [5] -> [5, 4] -> [5, 4, 2] -> [5, 4, 2, 4] -> [5, 4, 2, 4, 4] -> [5, 4, 2, 4, 4, 4] -> [5, 4, 2, 4, 4, 4, 4] -> [5, 4, 2, 4, 4, 4, 4, 0] -> [5, 4, 2, 4, 4, 4, 4, 0, 1]
SyncBFS: 17.19 ms, [] -> [5] -> [5, 4] -> [5, 4, 2] -> [5, 4, 2, 4] -> [5, 4, 2, 4, 4] -> [5, 4, 2, 4, 4, 4] -> [5, 4, 2, 4, 4, 4, 4] -> [5, 4, 2, 4, 4, 4, 4, 0] -> [5, 4, 2, 4, 4, 4, 4, 0, 1]
MultithreadBFS: 3.24 ms, [] -> [5] -> [5, 4] -> [5, 4, 2] -> [5, 4, 2, 4] -> [5, 4, 2, 4, 4] -> [5, 4, 2, 4, 4, 4] -> [5, 4, 2, 4, 4, 4, 4] -> [5, 4, 2, 4, 4, 4, 4, 0] -> [5, 4, 2, 4, 4, 4, 4, 0, 1]
TasksBFS: 4.03 ms, [] -> [5] -> [5, 4] -> [5, 4, 2] -> [5, 4, 2, 4] -> [5, 4, 2, 4, 4] -> [5, 4, 2, 4, 4, 4] -> [5, 4, 2, 4, 4, 4, 4] -> [5, 4, 2, 4, 4, 4, 4, 0] -> [5, 4, 2, 4, 4, 4, 4, 0, 1]

problem_30.yaml
MultithreadBFS: 775.37 ms, No solution found!
AsyncStartBFS: 164.24 ms, No solution found!
SyncBFS: 1373.84 ms, No solution found!
TasksBFS: 178.24 ms, No solution found!

problem_10.yaml
SyncBFS: 648.06 ms, No solution found!
AsyncStartBFS: 75.77 ms, No solution found!
MultithreadBFS: 346.18 ms, No solution found!
TasksBFS: 71.05 ms, No solution found!

problem_09.yaml
SyncBFS: 179.16 ms, No solution found!
MultithreadBFS: 83.99 ms, No solution found!
AsyncStartBFS: 18.94 ms, No solution found!
TasksBFS: 19.84 ms, No solution found!

problem_12.yaml
TasksBFS: 34.31 ms, No solution found!
MultithreadBFS: 103.95 ms, No solution found!
SyncBFS: 273.36 ms, No solution found!
AsyncStartBFS: 30.03 ms, No solution found!

problem_47.yaml
SyncBFS: 982.26 ms, No solution found!
MultithreadBFS: 618.3 ms, No solution found!
TasksBFS: 106.16 ms, No solution found!
AsyncStartBFS: 104.92 ms, No solution found!

problem_11.yaml
SyncBFS: 404.51 ms, No solution found!
MultithreadBFS: 265.63 ms, No solution found!
AsyncStartBFS: 39.86 ms, No solution found!
TasksBFS: 45.26 ms, No solution found!

problem_01.yaml
MultithreadBFS: 133.37 ms, No solution found!
AsyncStartBFS: 61.27 ms, No solution found!
TasksBFS: 61.77 ms, No solution found!
SyncBFS: 543.56 ms, No solution found!

problem_08.yaml
AsyncStartBFS: 27.83 ms, No solution found!
MultithreadBFS: 160.12 ms, No solution found!
TasksBFS: 32.73 ms, No solution found!
SyncBFS: 282.71 ms, No solution found!

problem_06.yaml
SyncBFS: 311.94 ms, No solution found!
TasksBFS: 35.09 ms, No solution found!
MultithreadBFS: 212.4 ms, No solution found!
AsyncStartBFS: 30.93 ms, No solution found!

problem_19.yaml
AsyncStartBFS: 19.79 ms, No solution found!
MultithreadBFS: 65.75 ms, No solution found!
SyncBFS: 169.02 ms, No solution found!
TasksBFS: 24.97 ms, No solution found!

problem_40.yaml
TasksBFS: 60.87 ms, No solution found!
AsyncStartBFS: 55.85 ms, No solution found!
SyncBFS: 459.88 ms, No solution found!
MultithreadBFS: 271.55 ms, No solution found!

problem_04.yaml
TasksBFS: 43.52 ms, No solution found!
MultithreadBFS: 177.15 ms, No solution found!
SyncBFS: 263.77 ms, No solution found!
AsyncStartBFS: 26.54 ms, No solution found!

problem_33.yaml
SyncBFS: 646.41 ms, No solution found!
MultithreadBFS: 266.85 ms, No solution found!
TasksBFS: 71.93 ms, No solution found!
AsyncStartBFS: 74.59 ms, No solution found!

problem_21.yaml
SyncBFS: 579.46 ms, No solution found!
AsyncStartBFS: 63.47 ms, No solution found!
TasksBFS: 62.99 ms, No solution found!
MultithreadBFS: 308.18 ms, No solution found!

problem_24.yaml
TasksBFS: 1.58 ms, [] -> [3] -> [3, 4] -> [3, 4, 4] -> [3, 4, 4, 4] -> [3, 4, 4, 4, 5] -> [3, 4, 4, 4, 5, 0] -> [3, 4, 4, 4, 5, 0, 5] -> [3, 4, 4, 4, 5, 0, 5, 2] -> [3, 4, 4, 4, 5, 0, 5, 2, 3]
SyncBFS: 5.8 ms, [] -> [3] -> [3, 4] -> [3, 4, 4] -> [3, 4, 4, 4] -> [3, 4, 4, 4, 5] -> [3, 4, 4, 4, 5, 0] -> [3, 4, 4, 4, 5, 0, 5] -> [3, 4, 4, 4, 5, 0, 5, 2] -> [3, 4, 4, 4, 5, 0, 5, 2, 3]
AsyncStartBFS: 13.28 ms, [] -> [3] -> [3, 4] -> [3, 4, 4] -> [3, 4, 4, 4] -> [3, 4, 4, 4, 5] -> [3, 4, 4, 4, 5, 0] -> [3, 4, 4, 4, 5, 0, 5] -> [3, 4, 4, 4, 5, 0, 5, 2] -> [3, 4, 4, 4, 5, 0, 5, 2, 3]
MultithreadBFS: 28.27 ms, [] -> [3] -> [3, 4] -> [3, 4, 4] -> [3, 4, 4, 4] -> [3, 4, 4, 4, 5] -> [3, 4, 4, 4, 5, 0] -> [3, 4, 4, 4, 5, 0, 5] -> [3, 4, 4, 4, 5, 0, 5, 2] -> [3, 4, 4, 4, 5, 0, 5, 2, 3]

problem_03.yaml
AsyncStartBFS: 41.45 ms, No solution found!
TasksBFS: 51.32 ms, No solution found!
MultithreadBFS: 312.11 ms, No solution found!
SyncBFS: 424.75 ms, No solution found!

problem_07.yaml
TasksBFS: 48.75 ms, No solution found!
AsyncStartBFS: 41.2 ms, No solution found!
MultithreadBFS: 191.58 ms, No solution found!
SyncBFS: 361.24 ms, No solution found!

problem_42.yaml
TasksBFS: 0.26 ms, No solution found!
SyncBFS: 0 ms, No solution found!
MultithreadBFS: 0.01 ms, No solution found!
AsyncStartBFS: 0 ms, No solution found!

problem_02.yaml
AsyncStartBFS: 65.21 ms, No solution found!
MultithreadBFS: 343.07 ms, No solution found!
SyncBFS: 611.41 ms, No solution found!
TasksBFS: 68.33 ms, No solution found!

problem_29.yaml
TasksBFS: 21.15 ms, No solution found!
MultithreadBFS: 20.81 ms, No solution found!
SyncBFS: 154.7 ms, No solution found!
AsyncStartBFS: 16.86 ms, No solution found!

problem_00.yaml
SyncBFS: 446.2 ms, No solution found!
TasksBFS: 81.98 ms, No solution found!
MultithreadBFS: 139.59 ms, No solution found!
AsyncStartBFS: 62.04 ms, No solution found!

problem_13.yaml
SyncBFS: 278.34 ms, No solution found!
TasksBFS: 31.43 ms, No solution found!
AsyncStartBFS: 31.82 ms, No solution found!
MultithreadBFS: 166.98 ms, No solution found!

problem_16.yaml
SyncBFS: 416.57 ms, No solution found!
MultithreadBFS: 81.17 ms, No solution found!
TasksBFS: 62.52 ms, No solution found!
AsyncStartBFS: 65.42 ms, No solution found!

problem_20.yaml
AsyncStartBFS: 78.88 ms, No solution found!
TasksBFS: 93.36 ms, No solution found!
SyncBFS: 690.25 ms, No solution found!
MultithreadBFS: 437.3 ms, No solution found!

problem_18.yaml
AsyncStartBFS: 42.61 ms, No solution found!
TasksBFS: 61.9 ms, No solution found!
MultithreadBFS: 240.67 ms, No solution found!
SyncBFS: 402.17 ms, No solution found!

problem_05.yaml
AsyncStartBFS: 22.91 ms, No solution found!
MultithreadBFS: 140.58 ms, No solution found!
TasksBFS: 26.07 ms, No solution found!
SyncBFS: 230.12 ms, No solution found!

problem_15.yaml
MultithreadBFS: 1.86 ms, [] -> [2] -> [2, 3] -> [2, 3, 5] -> [2, 3, 5, 3] -> [2, 3, 5, 3, 1] -> [2, 3, 5, 3, 1, 4] -> [2, 3, 5, 3, 1, 4, 1] -> [2, 3, 5, 3, 1, 4, 1, 5] -> [2, 3, 5, 3, 1, 4, 1, 5, 3]
SyncBFS: 2.83 ms, [] -> [2] -> [2, 3] -> [2, 3, 5] -> [2, 3, 5, 3] -> [2, 3, 5, 3, 1] -> [2, 3, 5, 3, 1, 4] -> [2, 3, 5, 3, 1, 4, 1] -> [2, 3, 5, 3, 1, 4, 1, 5] -> [2, 3, 5, 3, 1, 4, 1, 5, 3]
AsyncStartBFS: 16.2 ms, [] -> [2] -> [2, 3] -> [2, 3, 5] -> [2, 3, 5, 3] -> [2, 3, 5, 3, 1] -> [2, 3, 5, 3, 1, 4] -> [2, 3, 5, 3, 1, 4, 1] -> [2, 3, 5, 3, 1, 4, 1, 5] -> [2, 3, 5, 3, 1, 4, 1, 5, 3]
TasksBFS: 1.32 ms, [] -> [2] -> [2, 3] -> [2, 3, 5] -> [2, 3, 5, 3] -> [2, 3, 5, 3, 1] -> [2, 3, 5, 3, 1, 4] -> [2, 3, 5, 3, 1, 4, 1] -> [2, 3, 5, 3, 1, 4, 1, 5] -> [2, 3, 5, 3, 1, 4, 1, 5, 3]

problem_17.yaml
AsyncStartBFS: 29.89 ms, No solution found!
SyncBFS: 275.42 ms, No solution found!
MultithreadBFS: 174.33 ms, No solution found!
TasksBFS: 39.47 ms, No solution found!

problem_37.yaml
MultithreadBFS: 77.61 ms, No solution found!
SyncBFS: 246.04 ms, No solution found!
AsyncStartBFS: 27.56 ms, No solution found!
TasksBFS: 29.18 ms, No solution found!

problem_22.yaml
SyncBFS: 491.62 ms, No solution found!
MultithreadBFS: 231.05 ms, No solution found!
AsyncStartBFS: 49.86 ms, No solution found!
TasksBFS: 60.33 ms, No solution found!

problem_23.yaml
TasksBFS: 160.77 ms, No solution found!
MultithreadBFS: 866 ms, No solution found!
SyncBFS: 1108.55 ms, No solution found!
AsyncStartBFS: 125.02 ms, No solution found!

problem_25.yaml
TasksBFS: 218.51 ms, No solution found!
SyncBFS: 1274.81 ms, No solution found!
AsyncStartBFS: 182 ms, No solution found!
MultithreadBFS: 787.03 ms, No solution found!

problem_27.yaml
SyncBFS: 293.54 ms, No solution found!
AsyncStartBFS: 46.16 ms, No solution found!
MultithreadBFS: 192.87 ms, No solution found!
TasksBFS: 36.61 ms, No solution found!

problem_26.yaml
AsyncStartBFS: 67.12 ms, No solution found!
MultithreadBFS: 460.64 ms, No solution found!
SyncBFS: 647.06 ms, No solution found!
TasksBFS: 91.99 ms, No solution found!

problem_14.yaml
AsyncStartBFS: 91.12 ms, No solution found!
SyncBFS: 793.96 ms, No solution found!
MultithreadBFS: 500.38 ms, No solution found!
TasksBFS: 117.36 ms, No solution found!

problem_28.yaml
MultithreadBFS: 179.42 ms, No solution found!
AsyncStartBFS: 31.17 ms, No solution found!
TasksBFS: 32.85 ms, No solution found!
SyncBFS: 305.44 ms, No solution found!


[INFO] Results summary:
AsyncStartBFS
	Average: 52.3834 ms
	Median: 41.075 ms
	Standard Deviation: 39.9189 ms
MultithreadBFS
	Average: 248.928 ms
	Median: 192.225 ms
	Standard Deviation: 205.162 ms
TasksBFS
	Average: 59.559 ms
	Median: 50.035 ms
	Standard Deviation: 48.4412 ms
SyncBFS
	Average: 447.358 ms
	Median: 373.705 ms
	Standard Deviation: 331.147 ms
