problem_49.yaml
TasksBFS: 9.39 ms, [] -> [1] -> [1, 0] -> [1, 0, 0] -> [1, 0, 0, 0] -> [1, 0, 0, 0, 4] -> [1, 0, 0, 0, 4, 2] -> [1, 0, 0, 0, 4, 2, 4]
MultithreadBFS: 3.8 ms, [] -> [1] -> [1, 1] -> [1, 1, 5] -> [1, 1, 5, 0] -> [1, 1, 5, 0, 1] -> [1, 1, 5, 0, 1, 0] -> [1, 1, 5, 0, 1, 0, 5]
SyncBFS: 173.2 ms, [] -> [1] -> [1, 0] -> [1, 0, 0] -> [1, 0, 0, 0] -> [1, 0, 0, 0, 4] -> [1, 0, 0, 0, 4, 2] -> [1, 0, 0, 0, 4, 2, 4]
AsyncStartBFS: 3.68 ms, [] -> [1] -> [1, 1] -> [1, 1, 5] -> [1, 1, 5, 0] -> [1, 1, 5, 0, 1] -> [1, 1, 5, 0, 1, 0] -> [1, 1, 5, 0, 1, 0, 5]

problem_48.yaml
AsyncStartBFS: 3.39 ms, [] -> [1] -> [1, 1] -> [1, 1, 2] -> [1, 1, 2, 0] -> [1, 1, 2, 0, 0] -> [1, 1, 2, 0, 0, 2] -> [1, 1, 2, 0, 0, 2, 1]
SyncBFS: 204.66 ms, [] -> [1] -> [1, 0] -> [1, 0, 1] -> [1, 0, 1, 3] -> [1, 0, 1, 3, 5] -> [1, 0, 1, 3, 5, 3] -> [1, 0, 1, 3, 5, 3, 5]
MultithreadBFS: 3.46 ms, [] -> [1] -> [1, 1] -> [1, 1, 2] -> [1, 1, 2, 0] -> [1, 1, 2, 0, 0] -> [1, 1, 2, 0, 0, 2] -> [1, 1, 2, 0, 0, 2, 1]
TasksBFS: 10.42 ms, [] -> [1] -> [1, 1] -> [1, 1, 5] -> [1, 1, 5, 0] -> [1, 1, 5, 0, 1] -> [1, 1, 5, 0, 1, 4] -> [1, 1, 5, 0, 1, 4, 0]

problem_45.yaml
TasksBFS: 10.04 ms, [] -> [0] -> [0, 4] -> [0, 4, 3] -> [0, 4, 3, 1] -> [0, 4, 3, 1, 1] -> [0, 4, 3, 1, 1, 0] -> [0, 4, 3, 1, 1, 0, 1]
AsyncStartBFS: 3.06 ms, [] -> [0] -> [0, 4] -> [0, 4, 3] -> [0, 4, 3, 1] -> [0, 4, 3, 1, 1] -> [0, 4, 3, 1, 1, 0] -> [0, 4, 3, 1, 1, 0, 1]
SyncBFS: 257.68 ms, [] -> [0] -> [0, 1] -> [0, 1, 0] -> [0, 1, 0, 0] -> [0, 1, 0, 0, 5] -> [0, 1, 0, 0, 5, 3] -> [0, 1, 0, 0, 5, 3, 2]
MultithreadBFS: 5.25 ms, [] -> [0] -> [0, 1] -> [0, 1, 0] -> [0, 1, 0, 0] -> [0, 1, 0, 0, 5] -> [0, 1, 0, 0, 5, 3] -> [0, 1, 0, 0, 5, 3, 2]

problem_43.yaml
MultithreadBFS: 4.15 ms, [] -> [0] -> [0, 0] -> [0, 0, 0] -> [0, 0, 0, 1] -> [0, 0, 0, 1, 5] -> [0, 0, 0, 1, 5, 0] -> [0, 0, 0, 1, 5, 0, 1]
SyncBFS: 299.84 ms, [] -> [0] -> [0, 0] -> [0, 0, 0] -> [0, 0, 0, 1] -> [0, 0, 0, 1, 5] -> [0, 0, 0, 1, 5, 0] -> [0, 0, 0, 1, 5, 0, 1]
AsyncStartBFS: 3.61 ms, [] -> [0] -> [0, 2] -> [0, 2, 2] -> [0, 2, 2, 0] -> [0, 2, 2, 0, 4] -> [0, 2, 2, 0, 4, 4] -> [0, 2, 2, 0, 4, 4, 1]
TasksBFS: 11.64 ms, [] -> [0] -> [0, 0] -> [0, 0, 0] -> [0, 0, 0, 1] -> [0, 0, 0, 1, 5] -> [0, 0, 0, 1, 5, 0] -> [0, 0, 0, 1, 5, 0, 1]

problem_41.yaml
TasksBFS: 6.33 ms, [] -> [0] -> [0, 3] -> [0, 3, 0] -> [0, 3, 0, 2] -> [0, 3, 0, 2, 0] -> [0, 3, 0, 2, 0, 3] -> [0, 3, 0, 2, 0, 3, 3]
AsyncStartBFS: 2.9 ms, [] -> [2] -> [2, 1] -> [2, 1, 3] -> [2, 1, 3, 2] -> [2, 1, 3, 2, 3] -> [2, 1, 3, 2, 3, 3] -> [2, 1, 3, 2, 3, 3, 5]
MultithreadBFS: 2.94 ms, [] -> [2] -> [2, 1] -> [2, 1, 3] -> [2, 1, 3, 2] -> [2, 1, 3, 2, 3] -> [2, 1, 3, 2, 3, 3] -> [2, 1, 3, 2, 3, 3, 5]
SyncBFS: 120.71 ms, [] -> [0] -> [0, 2] -> [0, 2, 1] -> [0, 2, 1, 3] -> [0, 2, 1, 3, 5] -> [0, 2, 1, 3, 5, 5] -> [0, 2, 1, 3, 5, 5, 3]

problem_39.yaml
AsyncStartBFS: 3.56 ms, [] -> [2] -> [2, 3] -> [2, 3, 0] -> [2, 3, 0, 0] -> [2, 3, 0, 0, 2] -> [2, 3, 0, 0, 2, 1] -> [2, 3, 0, 0, 2, 1, 3]
SyncBFS: 191.87 ms, [] -> [2] -> [2, 0] -> [2, 0, 0] -> [2, 0, 0, 0] -> [2, 0, 0, 0, 0] -> [2, 0, 0, 0, 0, 4] -> [2, 0, 0, 0, 0, 4, 4]
TasksBFS: 10.67 ms, [] -> [2] -> [2, 1] -> [2, 1, 0] -> [2, 1, 0, 1] -> [2, 1, 0, 1, 3] -> [2, 1, 0, 1, 3, 5] -> [2, 1, 0, 1, 3, 5, 4]
MultithreadBFS: 3.12 ms, [] -> [2] -> [2, 0] -> [2, 0, 0] -> [2, 0, 0, 0] -> [2, 0, 0, 0, 0] -> [2, 0, 0, 0, 0, 4] -> [2, 0, 0, 0, 0, 4, 4]

problem_38.yaml
AsyncStartBFS: 2.68 ms, [] -> [0] -> [0, 3] -> [0, 3, 0] -> [0, 3, 0, 2] -> [0, 3, 0, 2, 0] -> [0, 3, 0, 2, 0, 0] -> [0, 3, 0, 2, 0, 0, 5]
TasksBFS: 9.31 ms, [] -> [0] -> [0, 0] -> [0, 0, 2] -> [0, 0, 2, 0] -> [0, 0, 2, 0, 3] -> [0, 0, 2, 0, 3, 5] -> [0, 0, 2, 0, 3, 5, 5]
SyncBFS: 172.99 ms, [] -> [0] -> [0, 0] -> [0, 0, 2] -> [0, 0, 2, 0] -> [0, 0, 2, 0, 3] -> [0, 0, 2, 0, 3, 5] -> [0, 0, 2, 0, 3, 5, 5]
MultithreadBFS: 3.38 ms, [] -> [0] -> [0, 3] -> [0, 3, 0] -> [0, 3, 0, 2] -> [0, 3, 0, 2, 0] -> [0, 3, 0, 2, 0, 0] -> [0, 3, 0, 2, 0, 0, 5]

problem_36.yaml
TasksBFS: 10.35 ms, [] -> [0] -> [0, 3] -> [0, 3, 2] -> [0, 3, 2, 0] -> [0, 3, 2, 0, 1] -> [0, 3, 2, 0, 1, 2] -> [0, 3, 2, 0, 1, 2, 4]
MultithreadBFS: 3.99 ms, [] -> [0] -> [0, 3] -> [0, 3, 2] -> [0, 3, 2, 0] -> [0, 3, 2, 0, 1] -> [0, 3, 2, 0, 1, 2] -> [0, 3, 2, 0, 1, 2, 4]
SyncBFS: 221.56 ms, [] -> [0] -> [0, 0] -> [0, 0, 2] -> [0, 0, 2, 2] -> [0, 0, 2, 2, 1] -> [0, 0, 2, 2, 1, 5] -> [0, 0, 2, 2, 1, 5, 2]
AsyncStartBFS: 4.93 ms, [] -> [0] -> [0, 5] -> [0, 5, 0] -> [0, 5, 0, 2] -> [0, 5, 0, 2, 0] -> [0, 5, 0, 2, 0, 2] -> [0, 5, 0, 2, 0, 2, 3]

problem_44.yaml
TasksBFS: 10.65 ms, [] -> [0] -> [0, 0] -> [0, 0, 1] -> [0, 0, 1, 0] -> [0, 0, 1, 0, 3] -> [0, 0, 1, 0, 3, 1] -> [0, 0, 1, 0, 3, 1, 5]
AsyncStartBFS: 3.73 ms, [] -> [0] -> [0, 0] -> [0, 0, 1] -> [0, 0, 1, 0] -> [0, 0, 1, 0, 3] -> [0, 0, 1, 0, 3, 1] -> [0, 0, 1, 0, 3, 1, 5]
MultithreadBFS: 3.88 ms, [] -> [0] -> [0, 0] -> [0, 0, 1] -> [0, 0, 1, 0] -> [0, 0, 1, 0, 3] -> [0, 0, 1, 0, 3, 1] -> [0, 0, 1, 0, 3, 1, 5]
SyncBFS: 225.63 ms, [] -> [0] -> [0, 0] -> [0, 0, 1] -> [0, 0, 1, 0] -> [0, 0, 1, 0, 3] -> [0, 0, 1, 0, 3, 1] -> [0, 0, 1, 0, 3, 1, 5]

problem_35.yaml
AsyncStartBFS: 2.9 ms, [] -> [3] -> [3, 1] -> [3, 1, 0] -> [3, 1, 0, 0] -> [3, 1, 0, 0, 0] -> [3, 1, 0, 0, 0, 2] -> [3, 1, 0, 0, 0, 2, 0]
MultithreadBFS: 2.63 ms, [] -> [3] -> [3, 1] -> [3, 1, 0] -> [3, 1, 0, 0] -> [3, 1, 0, 0, 0] -> [3, 1, 0, 0, 0, 2] -> [3, 1, 0, 0, 0, 2, 0]
TasksBFS: 7.64 ms, [] -> [2] -> [2, 0] -> [2, 0, 4] -> [2, 0, 4, 1] -> [2, 0, 4, 1, 2] -> [2, 0, 4, 1, 2, 4] -> [2, 0, 4, 1, 2, 4, 1]
SyncBFS: 145.74 ms, [] -> [2] -> [2, 0] -> [2, 0, 0] -> [2, 0, 0, 2] -> [2, 0, 0, 2, 5] -> [2, 0, 0, 2, 5, 1] -> [2, 0, 0, 2, 5, 1, 5]

problem_46.yaml
AsyncStartBFS: 3 ms, [] -> [0] -> [0, 1] -> [0, 1, 2] -> [0, 1, 2, 0] -> [0, 1, 2, 0, 3] -> [0, 1, 2, 0, 3, 0] -> [0, 1, 2, 0, 3, 0, 0]
MultithreadBFS: 2.93 ms, [] -> [0] -> [0, 1] -> [0, 1, 2] -> [0, 1, 2, 0] -> [0, 1, 2, 0, 3] -> [0, 1, 2, 0, 3, 0] -> [0, 1, 2, 0, 3, 0, 0]
TasksBFS: 6.08 ms, [] -> [0] -> [0, 0] -> [0, 0, 0] -> [0, 0, 0, 2] -> [0, 0, 0, 2, 0] -> [0, 0, 0, 2, 0, 1] -> [0, 0, 0, 2, 0, 1, 5]
SyncBFS: 119.58 ms, [] -> [0] -> [0, 0] -> [0, 0, 0] -> [0, 0, 0, 2] -> [0, 0, 0, 2, 0] -> [0, 0, 0, 2, 0, 1] -> [0, 0, 0, 2, 0, 1, 5]

problem_34.yaml
AsyncStartBFS: 2.68 ms, [] -> [0] -> [0, 1] -> [0, 1, 1] -> [0, 1, 1, 0] -> [0, 1, 1, 0, 0] -> [0, 1, 1, 0, 0, 0] -> [0, 1, 1, 0, 0, 0, 1]
MultithreadBFS: 2.66 ms, [] -> [0] -> [0, 1] -> [0, 1, 1] -> [0, 1, 1, 0] -> [0, 1, 1, 0, 0] -> [0, 1, 1, 0, 0, 0] -> [0, 1, 1, 0, 0, 0, 1]
SyncBFS: 263.53 ms, [] -> [0] -> [0, 0] -> [0, 0, 0] -> [0, 0, 0, 4] -> [0, 0, 0, 4, 5] -> [0, 0, 0, 4, 5, 4] -> [0, 0, 0, 4, 5, 4, 1]
TasksBFS: 9.44 ms, [] -> [0] -> [0, 1] -> [0, 1, 1] -> [0, 1, 1, 0] -> [0, 1, 1, 0, 0] -> [0, 1, 1, 0, 0, 0] -> [0, 1, 1, 0, 0, 0, 1]

problem_32.yaml
TasksBFS: 6.35 ms, [] -> [2] -> [2, 1] -> [2, 1, 2] -> [2, 1, 2, 4] -> [2, 1, 2, 4, 5] -> [2, 1, 2, 4, 5, 3] -> [2, 1, 2, 4, 5, 3, 4]
MultithreadBFS: 4.57 ms, [] -> [3] -> [3, 2] -> [3, 2, 0] -> [3, 2, 0, 0] -> [3, 2, 0, 0, 0] -> [3, 2, 0, 0, 0, 3] -> [3, 2, 0, 0, 0, 3, 4]
SyncBFS: 121.94 ms, [] -> [2] -> [2, 1] -> [2, 1, 1] -> [2, 1, 1, 1] -> [2, 1, 1, 1, 4] -> [2, 1, 1, 1, 4, 3] -> [2, 1, 1, 1, 4, 3, 2]
AsyncStartBFS: 6.43 ms, [] -> [3] -> [3, 3] -> [3, 3, 2] -> [3, 3, 2, 0] -> [3, 3, 2, 0, 1] -> [3, 3, 2, 0, 1, 3] -> [3, 3, 2, 0, 1, 3, 5]

problem_31.yaml
TasksBFS: 10.5 ms, [] -> [0] -> [0, 5] -> [0, 5, 3] -> [0, 5, 3, 2] -> [0, 5, 3, 2, 0] -> [0, 5, 3, 2, 0, 5] -> [0, 5, 3, 2, 0, 5, 2]
SyncBFS: 202.1 ms, [] -> [0] -> [0, 1] -> [0, 1, 3] -> [0, 1, 3, 5] -> [0, 1, 3, 5, 4] -> [0, 1, 3, 5, 4, 5] -> [0, 1, 3, 5, 4, 5, 5]
MultithreadBFS: 3.67 ms, [] -> [0] -> [0, 5] -> [0, 5, 3] -> [0, 5, 3, 2] -> [0, 5, 3, 2, 0] -> [0, 5, 3, 2, 0, 5] -> [0, 5, 3, 2, 0, 5, 2]
AsyncStartBFS: 2.98 ms, [] -> [0] -> [0, 5] -> [0, 5, 3] -> [0, 5, 3, 2] -> [0, 5, 3, 2, 0] -> [0, 5, 3, 2, 0, 5] -> [0, 5, 3, 2, 0, 5, 2]

problem_30.yaml
TasksBFS: 8.68 ms, [] -> [0] -> [0, 0] -> [0, 0, 1] -> [0, 0, 1, 0] -> [0, 0, 1, 0, 2] -> [0, 0, 1, 0, 2, 1] -> [0, 0, 1, 0, 2, 1, 2]
AsyncStartBFS: 3.35 ms, [] -> [0] -> [0, 0] -> [0, 0, 4] -> [0, 0, 4, 0] -> [0, 0, 4, 0, 1] -> [0, 0, 4, 0, 1, 5] -> [0, 0, 4, 0, 1, 5, 2]
SyncBFS: 165.81 ms, [] -> [0] -> [0, 0] -> [0, 0, 1] -> [0, 0, 1, 0] -> [0, 0, 1, 0, 2] -> [0, 0, 1, 0, 2, 1] -> [0, 0, 1, 0, 2, 1, 2]
MultithreadBFS: 3.69 ms, [] -> [0] -> [0, 5] -> [0, 5, 1] -> [0, 5, 1, 1] -> [0, 5, 1, 1, 0] -> [0, 5, 1, 1, 0, 4] -> [0, 5, 1, 1, 0, 4, 1]

problem_10.yaml
SyncBFS: 300.07 ms, [] -> [0] -> [0, 0] -> [0, 0, 0] -> [0, 0, 0, 1] -> [0, 0, 0, 1, 2] -> [0, 0, 0, 1, 2, 1] -> [0, 0, 0, 1, 2, 1, 2]
AsyncStartBFS: 7.24 ms, [] -> [0] -> [0, 3] -> [0, 3, 1] -> [0, 3, 1, 0] -> [0, 3, 1, 0, 2] -> [0, 3, 1, 0, 2, 1] -> [0, 3, 1, 0, 2, 1, 5]
MultithreadBFS: 3.55 ms, [] -> [0] -> [0, 0] -> [0, 0, 3] -> [0, 0, 3, 1] -> [0, 0, 3, 1, 1] -> [0, 0, 3, 1, 1, 3] -> [0, 0, 3, 1, 1, 3, 5]
TasksBFS: 10.89 ms, [] -> [0] -> [0, 0] -> [0, 0, 3] -> [0, 0, 3, 1] -> [0, 0, 3, 1, 1] -> [0, 0, 3, 1, 1, 3] -> [0, 0, 3, 1, 1, 3, 5]

problem_09.yaml
TasksBFS: 7.22 ms, [] -> [0] -> [0, 0] -> [0, 0, 2] -> [0, 0, 2, 4] -> [0, 0, 2, 4, 4] -> [0, 0, 2, 4, 4, 1] -> [0, 0, 2, 4, 4, 1, 5]
SyncBFS: 120.28 ms, [] -> [0] -> [0, 0] -> [0, 0, 0] -> [0, 0, 0, 5] -> [0, 0, 0, 5, 3] -> [0, 0, 0, 5, 3, 4] -> [0, 0, 0, 5, 3, 4, 2]
MultithreadBFS: 3.99 ms, [] -> [4] -> [4, 2] -> [4, 2, 3] -> [4, 2, 3, 0] -> [4, 2, 3, 0, 5] -> [4, 2, 3, 0, 5, 1] -> [4, 2, 3, 0, 5, 1, 1]
AsyncStartBFS: 3.52 ms, [] -> [0] -> [0, 5] -> [0, 5, 5] -> [0, 5, 5, 0] -> [0, 5, 5, 0, 1] -> [0, 5, 5, 0, 1, 4] -> [0, 5, 5, 0, 1, 4, 5]

problem_12.yaml
SyncBFS: 274.75 ms, [] -> [0] -> [0, 1] -> [0, 1, 0] -> [0, 1, 0, 0] -> [0, 1, 0, 0, 3] -> [0, 1, 0, 0, 3, 4] -> [0, 1, 0, 0, 3, 4, 5]
TasksBFS: 10.44 ms, [] -> [0] -> [0, 2] -> [0, 2, 1] -> [0, 2, 1, 1] -> [0, 2, 1, 1, 3] -> [0, 2, 1, 1, 3, 4] -> [0, 2, 1, 1, 3, 4, 5]
AsyncStartBFS: 3.29 ms, [] -> [0] -> [0, 2] -> [0, 2, 4] -> [0, 2, 4, 0] -> [0, 2, 4, 0, 0] -> [0, 2, 4, 0, 0, 4] -> [0, 2, 4, 0, 0, 4, 1]
MultithreadBFS: 3.13 ms, [] -> [0] -> [0, 2] -> [0, 2, 4] -> [0, 2, 4, 0] -> [0, 2, 4, 0, 0] -> [0, 2, 4, 0, 0, 4] -> [0, 2, 4, 0, 0, 4, 1]

problem_47.yaml
AsyncStartBFS: 3.17 ms, [] -> [0] -> [0, 3] -> [0, 3, 0] -> [0, 3, 0, 0] -> [0, 3, 0, 0, 0] -> [0, 3, 0, 0, 0, 1] -> [0, 3, 0, 0, 0, 1, 3]
TasksBFS: 10.5 ms, [] -> [0] -> [0, 3] -> [0, 3, 1] -> [0, 3, 1, 0] -> [0, 3, 1, 0, 0] -> [0, 3, 1, 0, 0, 2] -> [0, 3, 1, 0, 0, 2, 5]
SyncBFS: 206.77 ms, [] -> [0] -> [0, 0] -> [0, 0, 0] -> [0, 0, 0, 3] -> [0, 0, 0, 3, 2] -> [0, 0, 0, 3, 2, 4] -> [0, 0, 0, 3, 2, 4, 1]
MultithreadBFS: 3.9 ms, [] -> [0] -> [0, 3] -> [0, 3, 0] -> [0, 3, 0, 0] -> [0, 3, 0, 0, 0] -> [0, 3, 0, 0, 0, 1] -> [0, 3, 0, 0, 0, 1, 3]

problem_11.yaml
MultithreadBFS: 2.83 ms, [] -> [0] -> [0, 5] -> [0, 5, 3] -> [0, 5, 3, 0] -> [0, 5, 3, 0, 0] -> [0, 5, 3, 0, 0, 0] -> [0, 5, 3, 0, 0, 0, 0]
SyncBFS: 153.83 ms, [] -> [0] -> [0, 0] -> [0, 0, 1] -> [0, 0, 1, 3] -> [0, 0, 1, 3, 4] -> [0, 0, 1, 3, 4, 5] -> [0, 0, 1, 3, 4, 5, 2]
AsyncStartBFS: 3.27 ms, [] -> [0] -> [0, 5] -> [0, 5, 3] -> [0, 5, 3, 0] -> [0, 5, 3, 0, 0] -> [0, 5, 3, 0, 0, 0] -> [0, 5, 3, 0, 0, 0, 0]
TasksBFS: 8.64 ms, [] -> [0] -> [0, 0] -> [0, 0, 4] -> [0, 0, 4, 3] -> [0, 0, 4, 3, 0] -> [0, 0, 4, 3, 0, 4] -> [0, 0, 4, 3, 0, 4, 5]

problem_01.yaml
MultithreadBFS: 2.45 ms, [] -> [0] -> [0, 3] -> [0, 3, 4] -> [0, 3, 4, 0] -> [0, 3, 4, 0, 1] -> [0, 3, 4, 0, 1, 2] -> [0, 3, 4, 0, 1, 2, 4]
AsyncStartBFS: 2.6 ms, [] -> [0] -> [0, 3] -> [0, 3, 4] -> [0, 3, 4, 0] -> [0, 3, 4, 0, 1] -> [0, 3, 4, 0, 1, 2] -> [0, 3, 4, 0, 1, 2, 4]
SyncBFS: 142.66 ms, [] -> [0] -> [0, 1] -> [0, 1, 0] -> [0, 1, 0, 1] -> [0, 1, 0, 1, 0] -> [0, 1, 0, 1, 0, 2] -> [0, 1, 0, 1, 0, 2, 2]
TasksBFS: 7.32 ms, [] -> [0] -> [0, 1] -> [0, 1, 0] -> [0, 1, 0, 1] -> [0, 1, 0, 1, 0] -> [0, 1, 0, 1, 0, 2] -> [0, 1, 0, 1, 0, 2, 2]

problem_08.yaml
TasksBFS: 7.17 ms, [] -> [0] -> [0, 1] -> [0, 1, 4] -> [0, 1, 4, 1] -> [0, 1, 4, 1, 1] -> [0, 1, 4, 1, 1, 0] -> [0, 1, 4, 1, 1, 0, 0]
AsyncStartBFS: 3.57 ms, [] -> [0] -> [0, 3] -> [0, 3, 4] -> [0, 3, 4, 2] -> [0, 3, 4, 2, 0] -> [0, 3, 4, 2, 0, 4] -> [0, 3, 4, 2, 0, 4, 1]
MultithreadBFS: 3.59 ms, [] -> [0] -> [0, 3] -> [0, 3, 4] -> [0, 3, 4, 2] -> [0, 3, 4, 2, 0] -> [0, 3, 4, 2, 0, 4] -> [0, 3, 4, 2, 0, 4, 1]
SyncBFS: 156.26 ms, [] -> [0] -> [0, 1] -> [0, 1, 2] -> [0, 1, 2, 3] -> [0, 1, 2, 3, 2] -> [0, 1, 2, 3, 2, 4] -> [0, 1, 2, 3, 2, 4, 3]

problem_06.yaml
MultithreadBFS: 2.95 ms, [] -> [1] -> [1, 0] -> [1, 0, 2] -> [1, 0, 2, 1] -> [1, 0, 2, 1, 0] -> [1, 0, 2, 1, 0, 5] -> [1, 0, 2, 1, 0, 5, 3]
SyncBFS: 236.78 ms, [] -> [1] -> [1, 0] -> [1, 0, 0] -> [1, 0, 0, 0] -> [1, 0, 0, 0, 4] -> [1, 0, 0, 0, 4, 5] -> [1, 0, 0, 0, 4, 5, 0]
TasksBFS: 11.41 ms, [] -> [1] -> [1, 1] -> [1, 1, 4] -> [1, 1, 4, 0] -> [1, 1, 4, 0, 5] -> [1, 1, 4, 0, 5, 4] -> [1, 1, 4, 0, 5, 4, 3]
AsyncStartBFS: 2.94 ms, [] -> [1] -> [1, 0] -> [1, 0, 2] -> [1, 0, 2, 1] -> [1, 0, 2, 1, 0] -> [1, 0, 2, 1, 0, 5] -> [1, 0, 2, 1, 0, 5, 3]

problem_19.yaml
SyncBFS: 233.8 ms, [] -> [0] -> [0, 1] -> [0, 1, 2] -> [0, 1, 2, 2] -> [0, 1, 2, 2, 3] -> [0, 1, 2, 2, 3, 4] -> [0, 1, 2, 2, 3, 4, 1]
TasksBFS: 9.46 ms, [] -> [0] -> [0, 2] -> [0, 2, 0] -> [0, 2, 0, 2] -> [0, 2, 0, 2, 0] -> [0, 2, 0, 2, 0, 3] -> [0, 2, 0, 2, 0, 3, 2]
AsyncStartBFS: 2.68 ms, [] -> [0] -> [0, 4] -> [0, 4, 4] -> [0, 4, 4, 2] -> [0, 4, 4, 2, 0] -> [0, 4, 4, 2, 0, 2] -> [0, 4, 4, 2, 0, 2, 4]
MultithreadBFS: 2.47 ms, [] -> [0] -> [0, 2] -> [0, 2, 0] -> [0, 2, 0, 2] -> [0, 2, 0, 2, 0] -> [0, 2, 0, 2, 0, 3] -> [0, 2, 0, 2, 0, 3, 2]

problem_40.yaml
TasksBFS: 11.46 ms, [] -> [0] -> [0, 0] -> [0, 0, 0] -> [0, 0, 0, 2] -> [0, 0, 0, 2, 4] -> [0, 0, 0, 2, 4, 5] -> [0, 0, 0, 2, 4, 5, 1]
AsyncStartBFS: 3.53 ms, [] -> [0] -> [0, 3] -> [0, 3, 1] -> [0, 3, 1, 2] -> [0, 3, 1, 2, 4] -> [0, 3, 1, 2, 4, 0] -> [0, 3, 1, 2, 4, 0, 4]
SyncBFS: 314.59 ms, [] -> [0] -> [0, 0] -> [0, 0, 0] -> [0, 0, 0, 2] -> [0, 0, 0, 2, 4] -> [0, 0, 0, 2, 4, 5] -> [0, 0, 0, 2, 4, 5, 1]
MultithreadBFS: 6.37 ms, [] -> [0] -> [0, 0] -> [0, 0, 1] -> [0, 0, 1, 0] -> [0, 0, 1, 0, 2] -> [0, 0, 1, 0, 2, 3] -> [0, 0, 1, 0, 2, 3, 3]

problem_04.yaml
SyncBFS: 262.54 ms, [] -> [0] -> [0, 1] -> [0, 1, 0] -> [0, 1, 0, 4] -> [0, 1, 0, 4, 4] -> [0, 1, 0, 4, 4, 5] -> [0, 1, 0, 4, 4, 5, 2]
MultithreadBFS: 3.28 ms, [] -> [0] -> [0, 1] -> [0, 1, 5] -> [0, 1, 5, 0] -> [0, 1, 5, 0, 3] -> [0, 1, 5, 0, 3, 4] -> [0, 1, 5, 0, 3, 4, 1]
TasksBFS: 10.05 ms, [] -> [0] -> [0, 1] -> [0, 1, 5] -> [0, 1, 5, 0] -> [0, 1, 5, 0, 3] -> [0, 1, 5, 0, 3, 4] -> [0, 1, 5, 0, 3, 4, 1]
AsyncStartBFS: 3.29 ms, [] -> [0] -> [0, 1] -> [0, 1, 5] -> [0, 1, 5, 0] -> [0, 1, 5, 0, 3] -> [0, 1, 5, 0, 3, 4] -> [0, 1, 5, 0, 3, 4, 1]

problem_33.yaml
AsyncStartBFS: 3.9 ms, [] -> [0] -> [0, 0] -> [0, 0, 2] -> [0, 0, 2, 0] -> [0, 0, 2, 0, 0] -> [0, 0, 2, 0, 0, 4] -> [0, 0, 2, 0, 0, 4, 5]
MultithreadBFS: 3.86 ms, [] -> [0] -> [0, 0] -> [0, 0, 2] -> [0, 0, 2, 0] -> [0, 0, 2, 0, 0] -> [0, 0, 2, 0, 0, 4] -> [0, 0, 2, 0, 0, 4, 5]
SyncBFS: 240.29 ms, [] -> [0] -> [0, 0] -> [0, 0, 1] -> [0, 0, 1, 0] -> [0, 0, 1, 0, 4] -> [0, 0, 1, 0, 4, 1] -> [0, 0, 1, 0, 4, 1, 5]
TasksBFS: 12.67 ms, [] -> [0] -> [0, 1] -> [0, 1, 5] -> [0, 1, 5, 1] -> [0, 1, 5, 1, 1] -> [0, 1, 5, 1, 1, 5] -> [0, 1, 5, 1, 1, 5, 1]

problem_21.yaml
TasksBFS: 6.76 ms, [] -> [1] -> [1, 0] -> [1, 0, 1] -> [1, 0, 1, 1] -> [1, 0, 1, 1, 2] -> [1, 0, 1, 1, 2, 2] -> [1, 0, 1, 1, 2, 2, 5]
SyncBFS: 144.12 ms, [] -> [1] -> [1, 0] -> [1, 0, 1] -> [1, 0, 1, 1] -> [1, 0, 1, 1, 2] -> [1, 0, 1, 1, 2, 2] -> [1, 0, 1, 1, 2, 2, 5]
AsyncStartBFS: 6.39 ms, [] -> [4] -> [4, 2] -> [4, 2, 2] -> [4, 2, 2, 0] -> [4, 2, 2, 0, 2] -> [4, 2, 2, 0, 2, 1] -> [4, 2, 2, 0, 2, 1, 0]
MultithreadBFS: 4.79 ms, [] -> [4] -> [4, 2] -> [4, 2, 0] -> [4, 2, 0, 1] -> [4, 2, 0, 1, 5] -> [4, 2, 0, 1, 5, 0] -> [4, 2, 0, 1, 5, 0, 3]

problem_24.yaml
AsyncStartBFS: 6.33 ms, [] -> [0] -> [0, 1] -> [0, 1, 2] -> [0, 1, 2, 1] -> [0, 1, 2, 1, 2] -> [0, 1, 2, 1, 2, 2] -> [0, 1, 2, 1, 2, 2, 3]
MultithreadBFS: 9.59 ms, [] -> [5] -> [5, 2] -> [5, 2, 0] -> [5, 2, 0, 1] -> [5, 2, 0, 1, 4] -> [5, 2, 0, 1, 4, 1] -> [5, 2, 0, 1, 4, 1, 5]
TasksBFS: 13.35 ms, [] -> [0] -> [0, 1] -> [0, 1, 2] -> [0, 1, 2, 1] -> [0, 1, 2, 1, 2] -> [0, 1, 2, 1, 2, 2] -> [0, 1, 2, 1, 2, 2, 3]
SyncBFS: 301.93 ms, [] -> [0] -> [0, 1] -> [0, 1, 1] -> [0, 1, 1, 4] -> [0, 1, 1, 4, 1] -> [0, 1, 1, 4, 1, 0] -> [0, 1, 1, 4, 1, 0, 5]

problem_03.yaml
AsyncStartBFS: 3.4 ms, [] -> [0] -> [0, 4] -> [0, 4, 5] -> [0, 4, 5, 1] -> [0, 4, 5, 1, 0] -> [0, 4, 5, 1, 0, 5] -> [0, 4, 5, 1, 0, 5, 5]
SyncBFS: 217.98 ms, [] -> [0] -> [0, 0] -> [0, 0, 0] -> [0, 0, 0, 0] -> [0, 0, 0, 0, 5] -> [0, 0, 0, 0, 5, 3] -> [0, 0, 0, 0, 5, 3, 0]
TasksBFS: 11.49 ms, [] -> [0] -> [0, 0] -> [0, 0, 1] -> [0, 0, 1, 0] -> [0, 0, 1, 0, 2] -> [0, 0, 1, 0, 2, 1] -> [0, 0, 1, 0, 2, 1, 1]
MultithreadBFS: 3.39 ms, [] -> [0] -> [0, 4] -> [0, 4, 5] -> [0, 4, 5, 1] -> [0, 4, 5, 1, 0] -> [0, 4, 5, 1, 0, 5] -> [0, 4, 5, 1, 0, 5, 5]

problem_07.yaml
MultithreadBFS: 4.25 ms, [] -> [0] -> [0, 0] -> [0, 0, 4] -> [0, 0, 4, 0] -> [0, 0, 4, 0, 0] -> [0, 0, 4, 0, 0, 1] -> [0, 0, 4, 0, 0, 1, 4]
AsyncStartBFS: 4.08 ms, [] -> [0] -> [0, 0] -> [0, 0, 4] -> [0, 0, 4, 0] -> [0, 0, 4, 0, 0] -> [0, 0, 4, 0, 0, 1] -> [0, 0, 4, 0, 0, 1, 4]
SyncBFS: 227.9 ms, [] -> [0] -> [0, 0] -> [0, 0, 1] -> [0, 0, 1, 5] -> [0, 0, 1, 5, 5] -> [0, 0, 1, 5, 5, 3] -> [0, 0, 1, 5, 5, 3, 4]
TasksBFS: 11.45 ms, [] -> [0] -> [0, 0] -> [0, 0, 4] -> [0, 0, 4, 0] -> [0, 0, 4, 0, 0] -> [0, 0, 4, 0, 0, 1] -> [0, 0, 4, 0, 0, 1, 4]

problem_42.yaml
SyncBFS: 111.45 ms, [] -> [0] -> [0, 0] -> [0, 0, 0] -> [0, 0, 0, 0] -> [0, 0, 0, 0, 2] -> [0, 0, 0, 0, 2, 3] -> [0, 0, 0, 0, 2, 3, 3]
AsyncStartBFS: 2.74 ms, [] -> [0] -> [0, 4] -> [0, 4, 2] -> [0, 4, 2, 1] -> [0, 4, 2, 1, 1] -> [0, 4, 2, 1, 1, 2] -> [0, 4, 2, 1, 1, 2, 2]
TasksBFS: 5.63 ms, [] -> [0] -> [0, 0] -> [0, 0, 0] -> [0, 0, 0, 0] -> [0, 0, 0, 0, 2] -> [0, 0, 0, 0, 2, 3] -> [0, 0, 0, 0, 2, 3, 3]
MultithreadBFS: 2.38 ms, [] -> [0] -> [0, 4] -> [0, 4, 2] -> [0, 4, 2, 1] -> [0, 4, 2, 1, 1] -> [0, 4, 2, 1, 1, 2] -> [0, 4, 2, 1, 1, 2, 2]

problem_02.yaml
TasksBFS: 5.86 ms, [] -> [0] -> [0, 0] -> [0, 0, 2] -> [0, 0, 2, 2] -> [0, 0, 2, 2, 1] -> [0, 0, 2, 2, 1, 4] -> [0, 0, 2, 2, 1, 4, 4]
MultithreadBFS: 3.34 ms, [] -> [4] -> [4, 0] -> [4, 0, 3] -> [4, 0, 3, 1] -> [4, 0, 3, 1, 0] -> [4, 0, 3, 1, 0, 4] -> [4, 0, 3, 1, 0, 4, 2]
AsyncStartBFS: 3.32 ms, [] -> [4] -> [4, 0] -> [4, 0, 3] -> [4, 0, 3, 1] -> [4, 0, 3, 1, 0] -> [4, 0, 3, 1, 0, 4] -> [4, 0, 3, 1, 0, 4, 2]
SyncBFS: 121.54 ms, [] -> [0] -> [0, 0] -> [0, 0, 0] -> [0, 0, 0, 5] -> [0, 0, 0, 5, 5] -> [0, 0, 0, 5, 5, 4] -> [0, 0, 0, 5, 5, 4, 1]

problem_29.yaml
AsyncStartBFS: 3.29 ms, [] -> [0] -> [0, 0] -> [0, 0, 1] -> [0, 0, 1, 0] -> [0, 0, 1, 0, 0] -> [0, 0, 1, 0, 0, 0] -> [0, 0, 1, 0, 0, 0, 1]
TasksBFS: 9.16 ms, [] -> [0] -> [0, 0] -> [0, 0, 1] -> [0, 0, 1, 0] -> [0, 0, 1, 0, 0] -> [0, 0, 1, 0, 0, 0] -> [0, 0, 1, 0, 0, 0, 1]
SyncBFS: 201.67 ms, [] -> [0] -> [0, 0] -> [0, 0, 0] -> [0, 0, 0, 2] -> [0, 0, 0, 2, 1] -> [0, 0, 0, 2, 1, 4] -> [0, 0, 0, 2, 1, 4, 4]
MultithreadBFS: 4.12 ms, [] -> [0] -> [0, 0] -> [0, 0, 1] -> [0, 0, 1, 0] -> [0, 0, 1, 0, 0] -> [0, 0, 1, 0, 0, 0] -> [0, 0, 1, 0, 0, 0, 1]

problem_00.yaml
AsyncStartBFS: 3.01 ms, [] -> [1] -> [1, 1] -> [1, 1, 3] -> [1, 1, 3, 1] -> [1, 1, 3, 1, 0] -> [1, 1, 3, 1, 0, 3] -> [1, 1, 3, 1, 0, 3, 1]
SyncBFS: 195.38 ms, [] -> [1] -> [1, 1] -> [1, 1, 3] -> [1, 1, 3, 1] -> [1, 1, 3, 1, 0] -> [1, 1, 3, 1, 0, 3] -> [1, 1, 3, 1, 0, 3, 1]
MultithreadBFS: 2.69 ms, [] -> [1] -> [1, 1] -> [1, 1, 3] -> [1, 1, 3, 1] -> [1, 1, 3, 1, 0] -> [1, 1, 3, 1, 0, 3] -> [1, 1, 3, 1, 0, 3, 1]
TasksBFS: 8.72 ms, [] -> [1] -> [1, 1] -> [1, 1, 3] -> [1, 1, 3, 1] -> [1, 1, 3, 1, 0] -> [1, 1, 3, 1, 0, 3] -> [1, 1, 3, 1, 0, 3, 1]

problem_13.yaml
AsyncStartBFS: 4.06 ms, [] -> [0] -> [0, 0] -> [0, 0, 1] -> [0, 0, 1, 0] -> [0, 0, 1, 0, 0] -> [0, 0, 1, 0, 0, 0] -> [0, 0, 1, 0, 0, 0, 4]
SyncBFS: 269.02 ms, [] -> [0] -> [0, 0] -> [0, 0, 0] -> [0, 0, 0, 1] -> [0, 0, 0, 1, 5] -> [0, 0, 0, 1, 5, 2] -> [0, 0, 0, 1, 5, 2, 4]
TasksBFS: 13.33 ms, [] -> [0] -> [0, 0] -> [0, 0, 4] -> [0, 0, 4, 1] -> [0, 0, 4, 1, 3] -> [0, 0, 4, 1, 3, 1] -> [0, 0, 4, 1, 3, 1, 1]
MultithreadBFS: 4.14 ms, [] -> [0] -> [0, 0] -> [0, 0, 1] -> [0, 0, 1, 0] -> [0, 0, 1, 0, 0] -> [0, 0, 1, 0, 0, 0] -> [0, 0, 1, 0, 0, 0, 4]

problem_16.yaml
AsyncStartBFS: 3.66 ms, [] -> [1] -> [1, 1] -> [1, 1, 0] -> [1, 1, 0, 1] -> [1, 1, 0, 1, 0] -> [1, 1, 0, 1, 0, 5] -> [1, 1, 0, 1, 0, 5, 1]
SyncBFS: 136.87 ms, [] -> [0] -> [0, 0] -> [0, 0, 1] -> [0, 0, 1, 0] -> [0, 0, 1, 0, 4] -> [0, 0, 1, 0, 4, 1] -> [0, 0, 1, 0, 4, 1, 1]
TasksBFS: 7.67 ms, [] -> [0] -> [0, 0] -> [0, 0, 1] -> [0, 0, 1, 3] -> [0, 0, 1, 3, 3] -> [0, 0, 1, 3, 3, 2] -> [0, 0, 1, 3, 3, 2, 3]
MultithreadBFS: 3.64 ms, [] -> [1] -> [1, 1] -> [1, 1, 0] -> [1, 1, 0, 1] -> [1, 1, 0, 1, 0] -> [1, 1, 0, 1, 0, 5] -> [1, 1, 0, 1, 0, 5, 1]

problem_20.yaml
TasksBFS: 9.8 ms, [] -> [0] -> [0, 2] -> [0, 2, 5] -> [0, 2, 5, 0] -> [0, 2, 5, 0, 0] -> [0, 2, 5, 0, 0, 4] -> [0, 2, 5, 0, 0, 4, 0]
MultithreadBFS: 3.61 ms, [] -> [0] -> [0, 2] -> [0, 2, 5] -> [0, 2, 5, 0] -> [0, 2, 5, 0, 0] -> [0, 2, 5, 0, 0, 4] -> [0, 2, 5, 0, 0, 4, 0]
AsyncStartBFS: 3.5 ms, [] -> [0] -> [0, 2] -> [0, 2, 5] -> [0, 2, 5, 0] -> [0, 2, 5, 0, 0] -> [0, 2, 5, 0, 0, 4] -> [0, 2, 5, 0, 0, 4, 0]
SyncBFS: 180.18 ms, [] -> [0] -> [0, 1] -> [0, 1, 0] -> [0, 1, 0, 0] -> [0, 1, 0, 0, 4] -> [0, 1, 0, 0, 4, 5] -> [0, 1, 0, 0, 4, 5, 3]

problem_18.yaml
MultithreadBFS: 4.9 ms, [] -> [0] -> [0, 0] -> [0, 0, 4] -> [0, 0, 4, 1] -> [0, 0, 4, 1, 4] -> [0, 0, 4, 1, 4, 5] -> [0, 0, 4, 1, 4, 5, 0]
SyncBFS: 291.68 ms, [] -> [0] -> [0, 0] -> [0, 0, 1] -> [0, 0, 1, 2] -> [0, 0, 1, 2, 2] -> [0, 0, 1, 2, 2, 5] -> [0, 0, 1, 2, 2, 5, 0]
AsyncStartBFS: 4.18 ms, [] -> [2] -> [2, 2] -> [2, 2, 0] -> [2, 2, 0, 0] -> [2, 2, 0, 0, 0] -> [2, 2, 0, 0, 0, 3] -> [2, 2, 0, 0, 0, 3, 1]
TasksBFS: 11.98 ms, [] -> [0] -> [0, 0] -> [0, 0, 4] -> [0, 0, 4, 1] -> [0, 0, 4, 1, 4] -> [0, 0, 4, 1, 4, 5] -> [0, 0, 4, 1, 4, 5, 0]

problem_05.yaml
AsyncStartBFS: 3.98 ms, [] -> [0] -> [0, 0] -> [0, 0, 2] -> [0, 0, 2, 0] -> [0, 0, 2, 0, 3] -> [0, 0, 2, 0, 3, 2] -> [0, 0, 2, 0, 3, 2, 4]
MultithreadBFS: 4.11 ms, [] -> [0] -> [0, 0] -> [0, 0, 2] -> [0, 0, 2, 0] -> [0, 0, 2, 0, 3] -> [0, 0, 2, 0, 3, 2] -> [0, 0, 2, 0, 3, 2, 4]
SyncBFS: 281.73 ms, [] -> [0] -> [0, 0] -> [0, 0, 1] -> [0, 0, 1, 4] -> [0, 0, 1, 4, 0] -> [0, 0, 1, 4, 0, 3] -> [0, 0, 1, 4, 0, 3, 4]
TasksBFS: 13.1 ms, [] -> [0] -> [0, 2] -> [0, 2, 1] -> [0, 2, 1, 0] -> [0, 2, 1, 0, 1] -> [0, 2, 1, 0, 1, 2] -> [0, 2, 1, 0, 1, 2, 0]

problem_15.yaml
MultithreadBFS: 2.77 ms, [] -> [0] -> [0, 0] -> [0, 0, 2] -> [0, 0, 2, 1] -> [0, 0, 2, 1, 1] -> [0, 0, 2, 1, 1, 1] -> [0, 0, 2, 1, 1, 1, 3]
AsyncStartBFS: 2.83 ms, [] -> [0] -> [0, 0] -> [0, 0, 2] -> [0, 0, 2, 1] -> [0, 0, 2, 1, 1] -> [0, 0, 2, 1, 1, 1] -> [0, 0, 2, 1, 1, 1, 3]
TasksBFS: 9.53 ms, [] -> [0] -> [0, 0] -> [0, 0, 2] -> [0, 0, 2, 1] -> [0, 0, 2, 1, 1] -> [0, 0, 2, 1, 1, 1] -> [0, 0, 2, 1, 1, 1, 3]
SyncBFS: 285.11 ms, [] -> [0] -> [0, 0] -> [0, 0, 0] -> [0, 0, 0, 1] -> [0, 0, 0, 1, 2] -> [0, 0, 0, 1, 2, 4] -> [0, 0, 0, 1, 2, 4, 0]

problem_17.yaml
MultithreadBFS: 6.73 ms, [] -> [0] -> [0, 0] -> [0, 0, 0] -> [0, 0, 0, 1] -> [0, 0, 0, 1, 2] -> [0, 0, 0, 1, 2, 1] -> [0, 0, 0, 1, 2, 1, 0]
TasksBFS: 12.14 ms, [] -> [0] -> [0, 0] -> [0, 0, 0] -> [0, 0, 0, 1] -> [0, 0, 0, 1, 2] -> [0, 0, 0, 1, 2, 1] -> [0, 0, 0, 1, 2, 1, 0]
SyncBFS: 314.69 ms, [] -> [0] -> [0, 0] -> [0, 0, 0] -> [0, 0, 0, 1] -> [0, 0, 0, 1, 2] -> [0, 0, 0, 1, 2, 1] -> [0, 0, 0, 1, 2, 1, 0]
AsyncStartBFS: 6.05 ms, [] -> [1] -> [1, 3] -> [1, 3, 1] -> [1, 3, 1, 0] -> [1, 3, 1, 0, 1] -> [1, 3, 1, 0, 1, 2] -> [1, 3, 1, 0, 1, 2, 3]

problem_37.yaml
TasksBFS: 10.07 ms, [] -> [0] -> [0, 4] -> [0, 4, 5] -> [0, 4, 5, 0] -> [0, 4, 5, 0, 0] -> [0, 4, 5, 0, 0, 1] -> [0, 4, 5, 0, 0, 1, 3]
AsyncStartBFS: 3.69 ms, [] -> [0] -> [0, 2] -> [0, 2, 4] -> [0, 2, 4, 0] -> [0, 2, 4, 0, 0] -> [0, 2, 4, 0, 0, 0] -> [0, 2, 4, 0, 0, 0, 1]
SyncBFS: 210.75 ms, [] -> [0] -> [0, 0] -> [0, 0, 2] -> [0, 0, 2, 3] -> [0, 0, 2, 3, 1] -> [0, 0, 2, 3, 1, 0] -> [0, 0, 2, 3, 1, 0, 3]
MultithreadBFS: 4.55 ms, [] -> [0] -> [0, 2] -> [0, 2, 4] -> [0, 2, 4, 0] -> [0, 2, 4, 0, 0] -> [0, 2, 4, 0, 0, 0] -> [0, 2, 4, 0, 0, 0, 1]

problem_22.yaml
TasksBFS: 5.82 ms, [] -> [2] -> [2, 1] -> [2, 1, 4] -> [2, 1, 4, 0] -> [2, 1, 4, 0, 2] -> [2, 1, 4, 0, 2, 2] -> [2, 1, 4, 0, 2, 2, 2]
MultithreadBFS: 2.97 ms, [] -> [3] -> [3, 1] -> [3, 1, 2] -> [3, 1, 2, 1] -> [3, 1, 2, 1, 3] -> [3, 1, 2, 1, 3, 2] -> [3, 1, 2, 1, 3, 2, 4]
AsyncStartBFS: 4.07 ms, [] -> [3] -> [3, 1] -> [3, 1, 2] -> [3, 1, 2, 1] -> [3, 1, 2, 1, 3] -> [3, 1, 2, 1, 3, 2] -> [3, 1, 2, 1, 3, 2, 4]
SyncBFS: 113.3 ms, [] -> [2] -> [2, 1] -> [2, 1, 0] -> [2, 1, 0, 4] -> [2, 1, 0, 4, 1] -> [2, 1, 0, 4, 1, 1] -> [2, 1, 0, 4, 1, 1, 4]

problem_23.yaml
AsyncStartBFS: 3.13 ms, [] -> [0] -> [0, 4] -> [0, 4, 4] -> [0, 4, 4, 0] -> [0, 4, 4, 0, 1] -> [0, 4, 4, 0, 1, 3] -> [0, 4, 4, 0, 1, 3, 3]
TasksBFS: 10.02 ms, [] -> [0] -> [0, 4] -> [0, 4, 0] -> [0, 4, 0, 0] -> [0, 4, 0, 0, 0] -> [0, 4, 0, 0, 0, 3] -> [0, 4, 0, 0, 0, 3, 1]
MultithreadBFS: 2.94 ms, [] -> [0] -> [0, 5] -> [0, 5, 2] -> [0, 5, 2, 0] -> [0, 5, 2, 0, 0] -> [0, 5, 2, 0, 0, 4] -> [0, 5, 2, 0, 0, 4, 3]
SyncBFS: 252.46 ms, [] -> [0] -> [0, 0] -> [0, 0, 1] -> [0, 0, 1, 5] -> [0, 0, 1, 5, 2] -> [0, 0, 1, 5, 2, 2] -> [0, 0, 1, 5, 2, 2, 4]

problem_25.yaml
AsyncStartBFS: 3.45 ms, [] -> [0] -> [0, 2] -> [0, 2, 4] -> [0, 2, 4, 0] -> [0, 2, 4, 0, 2] -> [0, 2, 4, 0, 2, 2] -> [0, 2, 4, 0, 2, 2, 2]
TasksBFS: 10.63 ms, [] -> [0] -> [0, 1] -> [0, 1, 4] -> [0, 1, 4, 0] -> [0, 1, 4, 0, 2] -> [0, 1, 4, 0, 2, 0] -> [0, 1, 4, 0, 2, 0, 1]
SyncBFS: 178.65 ms, [] -> [0] -> [0, 0] -> [0, 0, 0] -> [0, 0, 0, 2] -> [0, 0, 0, 2, 3] -> [0, 0, 0, 2, 3, 0] -> [0, 0, 0, 2, 3, 0, 3]
MultithreadBFS: 3.59 ms, [] -> [0] -> [0, 2] -> [0, 2, 4] -> [0, 2, 4, 0] -> [0, 2, 4, 0, 2] -> [0, 2, 4, 0, 2, 2] -> [0, 2, 4, 0, 2, 2, 2]

problem_27.yaml
SyncBFS: 222.4 ms, [] -> [0] -> [0, 0] -> [0, 0, 0] -> [0, 0, 0, 0] -> [0, 0, 0, 0, 3] -> [0, 0, 0, 0, 3, 0] -> [0, 0, 0, 0, 3, 0, 4]
TasksBFS: 11.98 ms, [] -> [0] -> [0, 0] -> [0, 0, 0] -> [0, 0, 0, 0] -> [0, 0, 0, 0, 3] -> [0, 0, 0, 0, 3, 0] -> [0, 0, 0, 0, 3, 0, 4]
AsyncStartBFS: 2.56 ms, [] -> [0] -> [0, 2] -> [0, 2, 5] -> [0, 2, 5, 1] -> [0, 2, 5, 1, 0] -> [0, 2, 5, 1, 0, 3] -> [0, 2, 5, 1, 0, 3, 3]
MultithreadBFS: 2.53 ms, [] -> [0] -> [0, 2] -> [0, 2, 5] -> [0, 2, 5, 1] -> [0, 2, 5, 1, 0] -> [0, 2, 5, 1, 0, 3] -> [0, 2, 5, 1, 0, 3, 3]

problem_26.yaml
SyncBFS: 165.45 ms, [] -> [0] -> [0, 0] -> [0, 0, 0] -> [0, 0, 0, 2] -> [0, 0, 0, 2, 3] -> [0, 0, 0, 2, 3, 2] -> [0, 0, 0, 2, 3, 2, 5]
AsyncStartBFS: 3.12 ms, [] -> [0] -> [0, 2] -> [0, 2, 3] -> [0, 2, 3, 0] -> [0, 2, 3, 0, 2] -> [0, 2, 3, 0, 2, 0] -> [0, 2, 3, 0, 2, 0, 0]
MultithreadBFS: 3.13 ms, [] -> [0] -> [0, 2] -> [0, 2, 3] -> [0, 2, 3, 0] -> [0, 2, 3, 0, 2] -> [0, 2, 3, 0, 2, 0] -> [0, 2, 3, 0, 2, 0, 0]
TasksBFS: 9.49 ms, [] -> [0] -> [0, 2] -> [0, 2, 3] -> [0, 2, 3, 0] -> [0, 2, 3, 0, 2] -> [0, 2, 3, 0, 2, 0] -> [0, 2, 3, 0, 2, 0, 0]

problem_14.yaml
TasksBFS: 7.59 ms, [] -> [2] -> [2, 1] -> [2, 1, 2] -> [2, 1, 2, 1] -> [2, 1, 2, 1, 2] -> [2, 1, 2, 1, 2, 3] -> [2, 1, 2, 1, 2, 3, 3]
SyncBFS: 203.85 ms, [] -> [1] -> [1, 1] -> [1, 1, 1] -> [1, 1, 1, 0] -> [1, 1, 1, 0, 2] -> [1, 1, 1, 0, 2, 4] -> [1, 1, 1, 0, 2, 4, 3]
MultithreadBFS: 3.6 ms, [] -> [1] -> [1, 3] -> [1, 3, 5] -> [1, 3, 5, 0] -> [1, 3, 5, 0, 0] -> [1, 3, 5, 0, 0, 3] -> [1, 3, 5, 0, 0, 3, 2]
AsyncStartBFS: 3.54 ms, [] -> [1] -> [1, 1] -> [1, 1, 5] -> [1, 1, 5, 2] -> [1, 1, 5, 2, 2] -> [1, 1, 5, 2, 2, 5] -> [1, 1, 5, 2, 2, 5, 1]

problem_28.yaml
SyncBFS: 245.81 ms, [] -> [0] -> [0, 0] -> [0, 0, 0] -> [0, 0, 0, 0] -> [0, 0, 0, 0, 1] -> [0, 0, 0, 0, 1, 1] -> [0, 0, 0, 0, 1, 1, 0]
MultithreadBFS: 3.14 ms, [] -> [0] -> [0, 1] -> [0, 1, 2] -> [0, 1, 2, 0] -> [0, 1, 2, 0, 2] -> [0, 1, 2, 0, 2, 3] -> [0, 1, 2, 0, 2, 3, 2]
TasksBFS: 8.51 ms, [] -> [0] -> [0, 1] -> [0, 1, 2] -> [0, 1, 2, 0] -> [0, 1, 2, 0, 2] -> [0, 1, 2, 0, 2, 3] -> [0, 1, 2, 0, 2, 3, 2]
AsyncStartBFS: 3.32 ms, [] -> [0] -> [0, 1] -> [0, 1, 0] -> [0, 1, 0, 0] -> [0, 1, 0, 0, 2] -> [0, 1, 0, 0, 2, 3] -> [0, 1, 0, 0, 2, 3, 0]


[INFO] Results summary:
TasksBFS
	Average: 9.576 ms
	Median: 9.91 ms
	Standard Deviation: 2.06348 ms
MultithreadBFS
	Average: 3.7478 ms
	Median: 3.59 ms
	Standard Deviation: 1.22104 ms
SyncBFS
	Average: 208.068 ms
	Median: 205.715 ms
	Standard Deviation: 59.6832 ms
AsyncStartBFS
	Average: 3.6716 ms
	Median: 3.395 ms
	Standard Deviation: 1.0528 ms
