problem_49.yaml
SyncBFS: 118.7 ms, [] -> [1] -> [1, 0] -> [1, 0, 0] -> [1, 0, 0, 0] -> [1, 0, 0, 0, 4] -> [1, 0, 0, 0, 4, 2] -> [1, 0, 0, 0, 4, 2, 4]
MultithreadBFS: 3.54 ms, [] -> [1] -> [1, 1] -> [1, 1, 5] -> [1, 1, 5, 0] -> [1, 1, 5, 0, 1] -> [1, 1, 5, 0, 1, 0] -> [1, 1, 5, 0, 1, 0, 5]
TasksBFS: 7.01 ms, [] -> [1] -> [1, 0] -> [1, 0, 0] -> [1, 0, 0, 0] -> [1, 0, 0, 0, 4] -> [1, 0, 0, 0, 4, 2] -> [1, 0, 0, 0, 4, 2, 4]
AsyncStartBFS: 2.66 ms, [] -> [1] -> [1, 1] -> [1, 1, 5] -> [1, 1, 5, 0] -> [1, 1, 5, 0, 1] -> [1, 1, 5, 0, 1, 0] -> [1, 1, 5, 0, 1, 0, 5]

problem_48.yaml
MultithreadBFS: 2.97 ms, [] -> [1] -> [1, 1] -> [1, 1, 2] -> [1, 1, 2, 0] -> [1, 1, 2, 0, 0] -> [1, 1, 2, 0, 0, 2] -> [1, 1, 2, 0, 0, 2, 1]
TasksBFS: 7.75 ms, [] -> [1] -> [1, 1] -> [1, 1, 5] -> [1, 1, 5, 0] -> [1, 1, 5, 0, 1] -> [1, 1, 5, 0, 1, 4] -> [1, 1, 5, 0, 1, 4, 0]
SyncBFS: 139.95 ms, [] -> [1] -> [1, 0] -> [1, 0, 1] -> [1, 0, 1, 3] -> [1, 0, 1, 3, 5] -> [1, 0, 1, 3, 5, 3] -> [1, 0, 1, 3, 5, 3, 5]
AsyncStartBFS: 2.67 ms, [] -> [1] -> [1, 1] -> [1, 1, 2] -> [1, 1, 2, 0] -> [1, 1, 2, 0, 0] -> [1, 1, 2, 0, 0, 2] -> [1, 1, 2, 0, 0, 2, 1]

problem_45.yaml
AsyncStartBFS: 2.31 ms, [] -> [0] -> [0, 4] -> [0, 4, 3] -> [0, 4, 3, 1] -> [0, 4, 3, 1, 1] -> [0, 4, 3, 1, 1, 0] -> [0, 4, 3, 1, 1, 0, 1]
MultithreadBFS: 2.99 ms, [] -> [0] -> [0, 1] -> [0, 1, 0] -> [0, 1, 0, 0] -> [0, 1, 0, 0, 5] -> [0, 1, 0, 0, 5, 3] -> [0, 1, 0, 0, 5, 3, 2]
TasksBFS: 7.48 ms, [] -> [0] -> [0, 4] -> [0, 4, 3] -> [0, 4, 3, 1] -> [0, 4, 3, 1, 1] -> [0, 4, 3, 1, 1, 0] -> [0, 4, 3, 1, 1, 0, 1]
SyncBFS: 175.4 ms, [] -> [0] -> [0, 1] -> [0, 1, 0] -> [0, 1, 0, 0] -> [0, 1, 0, 0, 5] -> [0, 1, 0, 0, 5, 3] -> [0, 1, 0, 0, 5, 3, 2]

problem_43.yaml
SyncBFS: 204.47 ms, [] -> [0] -> [0, 0] -> [0, 0, 0] -> [0, 0, 0, 1] -> [0, 0, 0, 1, 5] -> [0, 0, 0, 1, 5, 0] -> [0, 0, 0, 1, 5, 0, 1]
TasksBFS: 8.68 ms, [] -> [0] -> [0, 0] -> [0, 0, 0] -> [0, 0, 0, 1] -> [0, 0, 0, 1, 5] -> [0, 0, 0, 1, 5, 0] -> [0, 0, 0, 1, 5, 0, 1]
MultithreadBFS: 2.92 ms, [] -> [0] -> [0, 0] -> [0, 0, 0] -> [0, 0, 0, 1] -> [0, 0, 0, 1, 5] -> [0, 0, 0, 1, 5, 0] -> [0, 0, 0, 1, 5, 0, 1]
AsyncStartBFS: 2.91 ms, [] -> [0] -> [0, 0] -> [0, 0, 0] -> [0, 0, 0, 1] -> [0, 0, 0, 1, 5] -> [0, 0, 0, 1, 5, 0] -> [0, 0, 0, 1, 5, 0, 1]

problem_41.yaml
MultithreadBFS: 2.09 ms, [] -> [2] -> [2, 1] -> [2, 1, 3] -> [2, 1, 3, 2] -> [2, 1, 3, 2, 3] -> [2, 1, 3, 2, 3, 3] -> [2, 1, 3, 2, 3, 3, 5]
TasksBFS: 4.7 ms, [] -> [0] -> [0, 3] -> [0, 3, 0] -> [0, 3, 0, 2] -> [0, 3, 0, 2, 0] -> [0, 3, 0, 2, 0, 3] -> [0, 3, 0, 2, 0, 3, 3]
AsyncStartBFS: 2.2 ms, [] -> [0] -> [0, 3] -> [0, 3, 0] -> [0, 3, 0, 4] -> [0, 3, 0, 4, 1] -> [0, 3, 0, 4, 1, 5] -> [0, 3, 0, 4, 1, 5, 1]
SyncBFS: 82.2 ms, [] -> [0] -> [0, 2] -> [0, 2, 1] -> [0, 2, 1, 3] -> [0, 2, 1, 3, 5] -> [0, 2, 1, 3, 5, 5] -> [0, 2, 1, 3, 5, 5, 3]

problem_39.yaml
AsyncStartBFS: 2.14 ms, [] -> [2] -> [2, 0] -> [2, 0, 0] -> [2, 0, 0, 0] -> [2, 0, 0, 0, 0] -> [2, 0, 0, 0, 0, 4] -> [2, 0, 0, 0, 0, 4, 4]
SyncBFS: 130.59 ms, [] -> [2] -> [2, 0] -> [2, 0, 0] -> [2, 0, 0, 0] -> [2, 0, 0, 0, 0] -> [2, 0, 0, 0, 0, 4] -> [2, 0, 0, 0, 0, 4, 4]
TasksBFS: 7.95 ms, [] -> [2] -> [2, 1] -> [2, 1, 0] -> [2, 1, 0, 1] -> [2, 1, 0, 1, 3] -> [2, 1, 0, 1, 3, 5] -> [2, 1, 0, 1, 3, 5, 4]
MultithreadBFS: 2.21 ms, [] -> [2] -> [2, 0] -> [2, 0, 0] -> [2, 0, 0, 0] -> [2, 0, 0, 0, 0] -> [2, 0, 0, 0, 0, 4] -> [2, 0, 0, 0, 0, 4, 4]

problem_38.yaml
SyncBFS: 118.13 ms, [] -> [0] -> [0, 0] -> [0, 0, 2] -> [0, 0, 2, 0] -> [0, 0, 2, 0, 3] -> [0, 0, 2, 0, 3, 5] -> [0, 0, 2, 0, 3, 5, 5]
MultithreadBFS: 2.93 ms, [] -> [0] -> [0, 3] -> [0, 3, 0] -> [0, 3, 0, 2] -> [0, 3, 0, 2, 0] -> [0, 3, 0, 2, 0, 0] -> [0, 3, 0, 2, 0, 0, 5]
TasksBFS: 6.72 ms, [] -> [0] -> [0, 0] -> [0, 0, 2] -> [0, 0, 2, 0] -> [0, 0, 2, 0, 3] -> [0, 0, 2, 0, 3, 5] -> [0, 0, 2, 0, 3, 5, 5]
AsyncStartBFS: 1.98 ms, [] -> [0] -> [0, 3] -> [0, 3, 0] -> [0, 3, 0, 2] -> [0, 3, 0, 2, 0] -> [0, 3, 0, 2, 0, 0] -> [0, 3, 0, 2, 0, 0, 5]

problem_36.yaml
TasksBFS: 7.6 ms, [] -> [0] -> [0, 3] -> [0, 3, 2] -> [0, 3, 2, 0] -> [0, 3, 2, 0, 1] -> [0, 3, 2, 0, 1, 2] -> [0, 3, 2, 0, 1, 2, 4]
AsyncStartBFS: 2.96 ms, [] -> [0] -> [0, 3] -> [0, 3, 2] -> [0, 3, 2, 0] -> [0, 3, 2, 0, 1] -> [0, 3, 2, 0, 1, 2] -> [0, 3, 2, 0, 1, 2, 4]
MultithreadBFS: 2.86 ms, [] -> [0] -> [0, 3] -> [0, 3, 2] -> [0, 3, 2, 0] -> [0, 3, 2, 0, 1] -> [0, 3, 2, 0, 1, 2] -> [0, 3, 2, 0, 1, 2, 4]
SyncBFS: 151.11 ms, [] -> [0] -> [0, 0] -> [0, 0, 2] -> [0, 0, 2, 2] -> [0, 0, 2, 2, 1] -> [0, 0, 2, 2, 1, 5] -> [0, 0, 2, 2, 1, 5, 2]

problem_44.yaml
MultithreadBFS: 2.83 ms, [] -> [0] -> [0, 0] -> [0, 0, 1] -> [0, 0, 1, 0] -> [0, 0, 1, 0, 3] -> [0, 0, 1, 0, 3, 1] -> [0, 0, 1, 0, 3, 1, 5]
AsyncStartBFS: 2.78 ms, [] -> [0] -> [0, 0] -> [0, 0, 1] -> [0, 0, 1, 0] -> [0, 0, 1, 0, 3] -> [0, 0, 1, 0, 3, 1] -> [0, 0, 1, 0, 3, 1, 5]
SyncBFS: 154.05 ms, [] -> [0] -> [0, 0] -> [0, 0, 1] -> [0, 0, 1, 0] -> [0, 0, 1, 0, 3] -> [0, 0, 1, 0, 3, 1] -> [0, 0, 1, 0, 3, 1, 5]
TasksBFS: 8.69 ms, [] -> [0] -> [0, 0] -> [0, 0, 1] -> [0, 0, 1, 0] -> [0, 0, 1, 0, 3] -> [0, 0, 1, 0, 3, 1] -> [0, 0, 1, 0, 3, 1, 5]

problem_35.yaml
SyncBFS: 99.79 ms, [] -> [2] -> [2, 0] -> [2, 0, 0] -> [2, 0, 0, 2] -> [2, 0, 0, 2, 5] -> [2, 0, 0, 2, 5, 1] -> [2, 0, 0, 2, 5, 1, 5]
TasksBFS: 6.17 ms, [] -> [2] -> [2, 0] -> [2, 0, 4] -> [2, 0, 4, 1] -> [2, 0, 4, 1, 2] -> [2, 0, 4, 1, 2, 4] -> [2, 0, 4, 1, 2, 4, 1]
AsyncStartBFS: 2.19 ms, [] -> [3] -> [3, 1] -> [3, 1, 0] -> [3, 1, 0, 0] -> [3, 1, 0, 0, 0] -> [3, 1, 0, 0, 0, 2] -> [3, 1, 0, 0, 0, 2, 0]
MultithreadBFS: 2.01 ms, [] -> [3] -> [3, 1] -> [3, 1, 0] -> [3, 1, 0, 0] -> [3, 1, 0, 0, 0] -> [3, 1, 0, 0, 0, 2] -> [3, 1, 0, 0, 0, 2, 0]

problem_46.yaml
AsyncStartBFS: 2.18 ms, [] -> [0] -> [0, 1] -> [0, 1, 2] -> [0, 1, 2, 0] -> [0, 1, 2, 0, 3] -> [0, 1, 2, 0, 3, 0] -> [0, 1, 2, 0, 3, 0, 0]
SyncBFS: 82.47 ms, [] -> [0] -> [0, 0] -> [0, 0, 0] -> [0, 0, 0, 2] -> [0, 0, 0, 2, 0] -> [0, 0, 0, 2, 0, 1] -> [0, 0, 0, 2, 0, 1, 5]
MultithreadBFS: 2.25 ms, [] -> [0] -> [0, 1] -> [0, 1, 2] -> [0, 1, 2, 0] -> [0, 1, 2, 0, 3] -> [0, 1, 2, 0, 3, 0] -> [0, 1, 2, 0, 3, 0, 0]
TasksBFS: 4.47 ms, [] -> [0] -> [0, 0] -> [0, 0, 0] -> [0, 0, 0, 2] -> [0, 0, 0, 2, 0] -> [0, 0, 0, 2, 0, 1] -> [0, 0, 0, 2, 0, 1, 5]

problem_34.yaml
MultithreadBFS: 2.01 ms, [] -> [0] -> [0, 1] -> [0, 1, 1] -> [0, 1, 1, 0] -> [0, 1, 1, 0, 0] -> [0, 1, 1, 0, 0, 0] -> [0, 1, 1, 0, 0, 0, 1]
AsyncStartBFS: 2.04 ms, [] -> [0] -> [0, 1] -> [0, 1, 1] -> [0, 1, 1, 0] -> [0, 1, 1, 0, 0] -> [0, 1, 1, 0, 0, 0] -> [0, 1, 1, 0, 0, 0, 1]
SyncBFS: 179.81 ms, [] -> [0] -> [0, 0] -> [0, 0, 0] -> [0, 0, 0, 4] -> [0, 0, 0, 4, 5] -> [0, 0, 0, 4, 5, 4] -> [0, 0, 0, 4, 5, 4, 1]
TasksBFS: 7.12 ms, [] -> [0] -> [0, 1] -> [0, 1, 1] -> [0, 1, 1, 0] -> [0, 1, 1, 0, 0] -> [0, 1, 1, 0, 0, 0] -> [0, 1, 1, 0, 0, 0, 1]

problem_32.yaml
TasksBFS: 4.74 ms, [] -> [2] -> [2, 1] -> [2, 1, 2] -> [2, 1, 2, 4] -> [2, 1, 2, 4, 5] -> [2, 1, 2, 4, 5, 3] -> [2, 1, 2, 4, 5, 3, 4]
MultithreadBFS: 3.3 ms, [] -> [3] -> [3, 2] -> [3, 2, 0] -> [3, 2, 0, 0] -> [3, 2, 0, 0, 0] -> [3, 2, 0, 0, 0, 3] -> [3, 2, 0, 0, 0, 3, 4]
AsyncStartBFS: 3.26 ms, [] -> [4] -> [4, 4] -> [4, 4, 0] -> [4, 4, 0, 0] -> [4, 4, 0, 0, 3] -> [4, 4, 0, 0, 3, 1] -> [4, 4, 0, 0, 3, 1, 2]
SyncBFS: 83.45 ms, [] -> [2] -> [2, 1] -> [2, 1, 1] -> [2, 1, 1, 1] -> [2, 1, 1, 1, 4] -> [2, 1, 1, 1, 4, 3] -> [2, 1, 1, 1, 4, 3, 2]

problem_31.yaml
MultithreadBFS: 2.14 ms, [] -> [0] -> [0, 5] -> [0, 5, 3] -> [0, 5, 3, 2] -> [0, 5, 3, 2, 0] -> [0, 5, 3, 2, 0, 5] -> [0, 5, 3, 2, 0, 5, 2]
SyncBFS: 138.22 ms, [] -> [0] -> [0, 1] -> [0, 1, 3] -> [0, 1, 3, 5] -> [0, 1, 3, 5, 4] -> [0, 1, 3, 5, 4, 5] -> [0, 1, 3, 5, 4, 5, 5]
TasksBFS: 8.18 ms, [] -> [0] -> [0, 5] -> [0, 5, 0] -> [0, 5, 0, 0] -> [0, 5, 0, 0, 1] -> [0, 5, 0, 0, 1, 4] -> [0, 5, 0, 0, 1, 4, 4]
AsyncStartBFS: 2.12 ms, [] -> [0] -> [0, 5] -> [0, 5, 3] -> [0, 5, 3, 2] -> [0, 5, 3, 2, 0] -> [0, 5, 3, 2, 0, 5] -> [0, 5, 3, 2, 0, 5, 2]

problem_30.yaml
TasksBFS: 6.21 ms, [] -> [0] -> [0, 0] -> [0, 0, 1] -> [0, 0, 1, 0] -> [0, 0, 1, 0, 2] -> [0, 0, 1, 0, 2, 1] -> [0, 0, 1, 0, 2, 1, 2]
SyncBFS: 112.91 ms, [] -> [0] -> [0, 0] -> [0, 0, 1] -> [0, 0, 1, 0] -> [0, 0, 1, 0, 2] -> [0, 0, 1, 0, 2, 1] -> [0, 0, 1, 0, 2, 1, 2]
AsyncStartBFS: 2.61 ms, [] -> [0] -> [0, 5] -> [0, 5, 1] -> [0, 5, 1, 1] -> [0, 5, 1, 1, 0] -> [0, 5, 1, 1, 0, 4] -> [0, 5, 1, 1, 0, 4, 1]
MultithreadBFS: 2.41 ms, [] -> [0] -> [0, 0] -> [0, 0, 4] -> [0, 0, 4, 0] -> [0, 0, 4, 0, 1] -> [0, 0, 4, 0, 1, 5] -> [0, 0, 4, 0, 1, 5, 2]

problem_10.yaml
MultithreadBFS: 2.81 ms, [] -> [0] -> [0, 0] -> [0, 0, 3] -> [0, 0, 3, 1] -> [0, 0, 3, 1, 1] -> [0, 0, 3, 1, 1, 3] -> [0, 0, 3, 1, 1, 3, 5]
AsyncStartBFS: 2.68 ms, [] -> [0] -> [0, 0] -> [0, 0, 3] -> [0, 0, 3, 1] -> [0, 0, 3, 1, 1] -> [0, 0, 3, 1, 1, 3] -> [0, 0, 3, 1, 1, 3, 5]
TasksBFS: 8.09 ms, [] -> [0] -> [0, 0] -> [0, 0, 3] -> [0, 0, 3, 1] -> [0, 0, 3, 1, 1] -> [0, 0, 3, 1, 1, 3] -> [0, 0, 3, 1, 1, 3, 5]
SyncBFS: 204.41 ms, [] -> [0] -> [0, 0] -> [0, 0, 0] -> [0, 0, 0, 1] -> [0, 0, 0, 1, 2] -> [0, 0, 0, 1, 2, 1] -> [0, 0, 0, 1, 2, 1, 2]

problem_09.yaml
TasksBFS: 5.3 ms, [] -> [0] -> [0, 0] -> [0, 0, 2] -> [0, 0, 2, 4] -> [0, 0, 2, 4, 4] -> [0, 0, 2, 4, 4, 1] -> [0, 0, 2, 4, 4, 1, 5]
SyncBFS: 82.25 ms, [] -> [0] -> [0, 0] -> [0, 0, 0] -> [0, 0, 0, 5] -> [0, 0, 0, 5, 3] -> [0, 0, 0, 5, 3, 4] -> [0, 0, 0, 5, 3, 4, 2]
AsyncStartBFS: 2.67 ms, [] -> [0] -> [0, 5] -> [0, 5, 5] -> [0, 5, 5, 0] -> [0, 5, 5, 0, 1] -> [0, 5, 5, 0, 1, 4] -> [0, 5, 5, 0, 1, 4, 5]
MultithreadBFS: 2.58 ms, [] -> [0] -> [0, 5] -> [0, 5, 5] -> [0, 5, 5, 0] -> [0, 5, 5, 0, 1] -> [0, 5, 5, 0, 1, 4] -> [0, 5, 5, 0, 1, 4, 5]

problem_12.yaml
TasksBFS: 6.71 ms, [] -> [0] -> [0, 2] -> [0, 2, 1] -> [0, 2, 1, 1] -> [0, 2, 1, 1, 3] -> [0, 2, 1, 1, 3, 4] -> [0, 2, 1, 1, 3, 4, 5]
MultithreadBFS: 2.35 ms, [] -> [0] -> [0, 2] -> [0, 2, 4] -> [0, 2, 4, 0] -> [0, 2, 4, 0, 0] -> [0, 2, 4, 0, 0, 4] -> [0, 2, 4, 0, 0, 4, 1]
SyncBFS: 188.17 ms, [] -> [0] -> [0, 1] -> [0, 1, 0] -> [0, 1, 0, 0] -> [0, 1, 0, 0, 3] -> [0, 1, 0, 0, 3, 4] -> [0, 1, 0, 0, 3, 4, 5]
AsyncStartBFS: 2.55 ms, [] -> [0] -> [0, 2] -> [0, 2, 4] -> [0, 2, 4, 0] -> [0, 2, 4, 0, 0] -> [0, 2, 4, 0, 0, 4] -> [0, 2, 4, 0, 0, 4, 1]

problem_47.yaml
MultithreadBFS: 2.39 ms, [] -> [0] -> [0, 3] -> [0, 3, 0] -> [0, 3, 0, 0] -> [0, 3, 0, 0, 0] -> [0, 3, 0, 0, 0, 1] -> [0, 3, 0, 0, 0, 1, 3]
AsyncStartBFS: 2.33 ms, [] -> [0] -> [0, 3] -> [0, 3, 0] -> [0, 3, 0, 0] -> [0, 3, 0, 0, 0] -> [0, 3, 0, 0, 0, 1] -> [0, 3, 0, 0, 0, 1, 3]
TasksBFS: 7.78 ms, [] -> [0] -> [0, 3] -> [0, 3, 1] -> [0, 3, 1, 0] -> [0, 3, 1, 0, 0] -> [0, 3, 1, 0, 0, 2] -> [0, 3, 1, 0, 0, 2, 5]
SyncBFS: 141.69 ms, [] -> [0] -> [0, 0] -> [0, 0, 0] -> [0, 0, 0, 3] -> [0, 0, 0, 3, 2] -> [0, 0, 0, 3, 2, 4] -> [0, 0, 0, 3, 2, 4, 1]

problem_11.yaml
AsyncStartBFS: 2.17 ms, [] -> [0] -> [0, 5] -> [0, 5, 3] -> [0, 5, 3, 0] -> [0, 5, 3, 0, 0] -> [0, 5, 3, 0, 0, 0] -> [0, 5, 3, 0, 0, 0, 0]
SyncBFS: 104.65 ms, [] -> [0] -> [0, 0] -> [0, 0, 1] -> [0, 0, 1, 3] -> [0, 0, 1, 3, 4] -> [0, 0, 1, 3, 4, 5] -> [0, 0, 1, 3, 4, 5, 2]
TasksBFS: 7.04 ms, [] -> [0] -> [0, 0] -> [0, 0, 4] -> [0, 0, 4, 3] -> [0, 0, 4, 3, 0] -> [0, 0, 4, 3, 0, 4] -> [0, 0, 4, 3, 0, 4, 5]
MultithreadBFS: 2.14 ms, [] -> [0] -> [0, 5] -> [0, 5, 3] -> [0, 5, 3, 0] -> [0, 5, 3, 0, 0] -> [0, 5, 3, 0, 0, 0] -> [0, 5, 3, 0, 0, 0, 0]

problem_01.yaml
SyncBFS: 97.46 ms, [] -> [0] -> [0, 1] -> [0, 1, 0] -> [0, 1, 0, 1] -> [0, 1, 0, 1, 0] -> [0, 1, 0, 1, 0, 2] -> [0, 1, 0, 1, 0, 2, 2]
TasksBFS: 5.51 ms, [] -> [0] -> [0, 1] -> [0, 1, 0] -> [0, 1, 0, 1] -> [0, 1, 0, 1, 0] -> [0, 1, 0, 1, 0, 2] -> [0, 1, 0, 1, 0, 2, 2]
AsyncStartBFS: 1.98 ms, [] -> [0] -> [0, 3] -> [0, 3, 4] -> [0, 3, 4, 0] -> [0, 3, 4, 0, 1] -> [0, 3, 4, 0, 1, 2] -> [0, 3, 4, 0, 1, 2, 4]
MultithreadBFS: 1.73 ms, [] -> [0] -> [0, 3] -> [0, 3, 4] -> [0, 3, 4, 0] -> [0, 3, 4, 0, 1] -> [0, 3, 4, 0, 1, 2] -> [0, 3, 4, 0, 1, 2, 4]

problem_08.yaml
TasksBFS: 5.32 ms, [] -> [0] -> [0, 1] -> [0, 1, 4] -> [0, 1, 4, 1] -> [0, 1, 4, 1, 1] -> [0, 1, 4, 1, 1, 0] -> [0, 1, 4, 1, 1, 0, 0]
AsyncStartBFS: 2.84 ms, [] -> [0] -> [0, 3] -> [0, 3, 4] -> [0, 3, 4, 2] -> [0, 3, 4, 2, 0] -> [0, 3, 4, 2, 0, 4] -> [0, 3, 4, 2, 0, 4, 1]
SyncBFS: 106.34 ms, [] -> [0] -> [0, 1] -> [0, 1, 2] -> [0, 1, 2, 3] -> [0, 1, 2, 3, 2] -> [0, 1, 2, 3, 2, 4] -> [0, 1, 2, 3, 2, 4, 3]
MultithreadBFS: 2.72 ms, [] -> [0] -> [0, 3] -> [0, 3, 4] -> [0, 3, 4, 2] -> [0, 3, 4, 2, 0] -> [0, 3, 4, 2, 0, 4] -> [0, 3, 4, 2, 0, 4, 1]

problem_06.yaml
AsyncStartBFS: 2.19 ms, [] -> [1] -> [1, 0] -> [1, 0, 2] -> [1, 0, 2, 1] -> [1, 0, 2, 1, 0] -> [1, 0, 2, 1, 0, 5] -> [1, 0, 2, 1, 0, 5, 3]
TasksBFS: 7.74 ms, [] -> [1] -> [1, 1] -> [1, 1, 4] -> [1, 1, 4, 0] -> [1, 1, 4, 0, 5] -> [1, 1, 4, 0, 5, 4] -> [1, 1, 4, 0, 5, 4, 3]
SyncBFS: 161.04 ms, [] -> [1] -> [1, 0] -> [1, 0, 0] -> [1, 0, 0, 0] -> [1, 0, 0, 0, 4] -> [1, 0, 0, 0, 4, 5] -> [1, 0, 0, 0, 4, 5, 0]
MultithreadBFS: 3.23 ms, [] -> [1] -> [1, 0] -> [1, 0, 2] -> [1, 0, 2, 1] -> [1, 0, 2, 1, 0] -> [1, 0, 2, 1, 0, 5] -> [1, 0, 2, 1, 0, 5, 3]

problem_19.yaml
MultithreadBFS: 2.02 ms, [] -> [0] -> [0, 2] -> [0, 2, 0] -> [0, 2, 0, 2] -> [0, 2, 0, 2, 0] -> [0, 2, 0, 2, 0, 3] -> [0, 2, 0, 2, 0, 3, 2]
SyncBFS: 160.32 ms, [] -> [0] -> [0, 1] -> [0, 1, 2] -> [0, 1, 2, 2] -> [0, 1, 2, 2, 3] -> [0, 1, 2, 2, 3, 4] -> [0, 1, 2, 2, 3, 4, 1]
TasksBFS: 7.01 ms, [] -> [0] -> [0, 2] -> [0, 2, 0] -> [0, 2, 0, 2] -> [0, 2, 0, 2, 0] -> [0, 2, 0, 2, 0, 3] -> [0, 2, 0, 2, 0, 3, 2]
AsyncStartBFS: 2.03 ms, [] -> [0] -> [0, 4] -> [0, 4, 4] -> [0, 4, 4, 2] -> [0, 4, 4, 2, 0] -> [0, 4, 4, 2, 0, 2] -> [0, 4, 4, 2, 0, 2, 4]

problem_40.yaml
SyncBFS: 214.8 ms, [] -> [0] -> [0, 0] -> [0, 0, 0] -> [0, 0, 0, 2] -> [0, 0, 0, 2, 4] -> [0, 0, 0, 2, 4, 5] -> [0, 0, 0, 2, 4, 5, 1]
AsyncStartBFS: 3.72 ms, [] -> [0] -> [0, 0] -> [0, 0, 1] -> [0, 0, 1, 0] -> [0, 0, 1, 0, 2] -> [0, 0, 1, 0, 2, 3] -> [0, 0, 1, 0, 2, 3, 3]
MultithreadBFS: 3.57 ms, [] -> [0] -> [0, 0] -> [0, 0, 1] -> [0, 0, 1, 0] -> [0, 0, 1, 0, 2] -> [0, 0, 1, 0, 2, 3] -> [0, 0, 1, 0, 2, 3, 3]
TasksBFS: 8.41 ms, [] -> [0] -> [0, 0] -> [0, 0, 0] -> [0, 0, 0, 2] -> [0, 0, 0, 2, 4] -> [0, 0, 0, 2, 4, 5] -> [0, 0, 0, 2, 4, 5, 1]

problem_04.yaml
AsyncStartBFS: 2.42 ms, [] -> [0] -> [0, 1] -> [0, 1, 5] -> [0, 1, 5, 0] -> [0, 1, 5, 0, 3] -> [0, 1, 5, 0, 3, 4] -> [0, 1, 5, 0, 3, 4, 1]
MultithreadBFS: 2.45 ms, [] -> [0] -> [0, 1] -> [0, 1, 5] -> [0, 1, 5, 0] -> [0, 1, 5, 0, 3] -> [0, 1, 5, 0, 3, 4] -> [0, 1, 5, 0, 3, 4, 1]
SyncBFS: 179.24 ms, [] -> [0] -> [0, 1] -> [0, 1, 0] -> [0, 1, 0, 4] -> [0, 1, 0, 4, 4] -> [0, 1, 0, 4, 4, 5] -> [0, 1, 0, 4, 4, 5, 2]
TasksBFS: 8.36 ms, [] -> [0] -> [0, 1] -> [0, 1, 5] -> [0, 1, 5, 0] -> [0, 1, 5, 0, 3] -> [0, 1, 5, 0, 3, 4] -> [0, 1, 5, 0, 3, 4, 1]

problem_33.yaml
TasksBFS: 8.37 ms, [] -> [0] -> [0, 1] -> [0, 1, 5] -> [0, 1, 5, 1] -> [0, 1, 5, 1, 1] -> [0, 1, 5, 1, 1, 5] -> [0, 1, 5, 1, 1, 5, 1]
SyncBFS: 163.73 ms, [] -> [0] -> [0, 0] -> [0, 0, 1] -> [0, 0, 1, 0] -> [0, 0, 1, 0, 4] -> [0, 0, 1, 0, 4, 1] -> [0, 0, 1, 0, 4, 1, 5]
AsyncStartBFS: 3.09 ms, [] -> [0] -> [0, 0] -> [0, 0, 2] -> [0, 0, 2, 0] -> [0, 0, 2, 0, 0] -> [0, 0, 2, 0, 0, 4] -> [0, 0, 2, 0, 0, 4, 5]
MultithreadBFS: 2.68 ms, [] -> [0] -> [0, 0] -> [0, 0, 2] -> [0, 0, 2, 0] -> [0, 0, 2, 0, 0] -> [0, 0, 2, 0, 0, 4] -> [0, 0, 2, 0, 0, 4, 5]

problem_21.yaml
TasksBFS: 5.09 ms, [] -> [1] -> [1, 0] -> [1, 0, 1] -> [1, 0, 1, 1] -> [1, 0, 1, 1, 2] -> [1, 0, 1, 1, 2, 2] -> [1, 0, 1, 1, 2, 2, 5]
AsyncStartBFS: 3.41 ms, [] -> [4] -> [4, 0] -> [4, 0, 3] -> [4, 0, 3, 1] -> [4, 0, 3, 1, 2] -> [4, 0, 3, 1, 2, 5] -> [4, 0, 3, 1, 2, 5, 5]
SyncBFS: 98.4 ms, [] -> [1] -> [1, 0] -> [1, 0, 1] -> [1, 0, 1, 1] -> [1, 0, 1, 1, 2] -> [1, 0, 1, 1, 2, 2] -> [1, 0, 1, 1, 2, 2, 5]
MultithreadBFS: 3.96 ms, [] -> [4] -> [4, 0] -> [4, 0, 3] -> [4, 0, 3, 1] -> [4, 0, 3, 1, 2] -> [4, 0, 3, 1, 2, 5] -> [4, 0, 3, 1, 2, 5, 5]

problem_24.yaml
TasksBFS: 11.32 ms, [] -> [0] -> [0, 3] -> [0, 3, 3] -> [0, 3, 3, 2] -> [0, 3, 3, 2, 5] -> [0, 3, 3, 2, 5, 3] -> [0, 3, 3, 2, 5, 3, 4]
SyncBFS: 206.16 ms, [] -> [0] -> [0, 1] -> [0, 1, 1] -> [0, 1, 1, 4] -> [0, 1, 1, 4, 1] -> [0, 1, 1, 4, 1, 0] -> [0, 1, 1, 4, 1, 0, 5]
MultithreadBFS: 8.33 ms, [] -> [5] -> [5, 2] -> [5, 2, 0] -> [5, 2, 0, 1] -> [5, 2, 0, 1, 4] -> [5, 2, 0, 1, 4, 1] -> [5, 2, 0, 1, 4, 1, 5]
AsyncStartBFS: 5.51 ms, [] -> [0] -> [0, 1] -> [0, 1, 2] -> [0, 1, 2, 1] -> [0, 1, 2, 1, 2] -> [0, 1, 2, 1, 2, 2] -> [0, 1, 2, 1, 2, 2, 3]

problem_03.yaml
TasksBFS: 7.62 ms, [] -> [0] -> [0, 0] -> [0, 0, 1] -> [0, 0, 1, 0] -> [0, 0, 1, 0, 2] -> [0, 0, 1, 0, 2, 1] -> [0, 0, 1, 0, 2, 1, 1]
SyncBFS: 148.19 ms, [] -> [0] -> [0, 0] -> [0, 0, 0] -> [0, 0, 0, 0] -> [0, 0, 0, 0, 5] -> [0, 0, 0, 0, 5, 3] -> [0, 0, 0, 0, 5, 3, 0]
AsyncStartBFS: 2.89 ms, [] -> [0] -> [0, 4] -> [0, 4, 5] -> [0, 4, 5, 1] -> [0, 4, 5, 1, 0] -> [0, 4, 5, 1, 0, 5] -> [0, 4, 5, 1, 0, 5, 5]
MultithreadBFS: 2.5 ms, [] -> [0] -> [0, 4] -> [0, 4, 5] -> [0, 4, 5, 1] -> [0, 4, 5, 1, 0] -> [0, 4, 5, 1, 0, 5] -> [0, 4, 5, 1, 0, 5, 5]

problem_07.yaml
SyncBFS: 155.75 ms, [] -> [0] -> [0, 0] -> [0, 0, 1] -> [0, 0, 1, 5] -> [0, 0, 1, 5, 5] -> [0, 0, 1, 5, 5, 3] -> [0, 0, 1, 5, 5, 3, 4]
MultithreadBFS: 3.95 ms, [] -> [0] -> [0, 0] -> [0, 0, 4] -> [0, 0, 4, 0] -> [0, 0, 4, 0, 0] -> [0, 0, 4, 0, 0, 1] -> [0, 0, 4, 0, 0, 1, 4]
TasksBFS: 7.77 ms, [] -> [0] -> [0, 0] -> [0, 0, 4] -> [0, 0, 4, 0] -> [0, 0, 4, 0, 0] -> [0, 0, 4, 0, 0, 1] -> [0, 0, 4, 0, 0, 1, 4]
AsyncStartBFS: 3.04 ms, [] -> [0] -> [0, 0] -> [0, 0, 4] -> [0, 0, 4, 0] -> [0, 0, 4, 0, 0] -> [0, 0, 4, 0, 0, 1] -> [0, 0, 4, 0, 0, 1, 4]

problem_42.yaml
MultithreadBFS: 1.77 ms, [] -> [0] -> [0, 4] -> [0, 4, 2] -> [0, 4, 2, 1] -> [0, 4, 2, 1, 1] -> [0, 4, 2, 1, 1, 2] -> [0, 4, 2, 1, 1, 2, 2]
TasksBFS: 4.28 ms, [] -> [0] -> [0, 0] -> [0, 0, 0] -> [0, 0, 0, 0] -> [0, 0, 0, 0, 2] -> [0, 0, 0, 0, 2, 3] -> [0, 0, 0, 0, 2, 3, 3]
SyncBFS: 75.85 ms, [] -> [0] -> [0, 0] -> [0, 0, 0] -> [0, 0, 0, 0] -> [0, 0, 0, 0, 2] -> [0, 0, 0, 0, 2, 3] -> [0, 0, 0, 0, 2, 3, 3]
AsyncStartBFS: 2.24 ms, [] -> [0] -> [0, 0] -> [0, 0, 0] -> [0, 0, 0, 4] -> [0, 0, 0, 4, 1] -> [0, 0, 0, 4, 1, 3] -> [0, 0, 0, 4, 1, 3, 4]

problem_02.yaml
SyncBFS: 83.02 ms, [] -> [0] -> [0, 0] -> [0, 0, 0] -> [0, 0, 0, 5] -> [0, 0, 0, 5, 5] -> [0, 0, 0, 5, 5, 4] -> [0, 0, 0, 5, 5, 4, 1]
TasksBFS: 4.3 ms, [] -> [0] -> [0, 0] -> [0, 0, 2] -> [0, 0, 2, 2] -> [0, 0, 2, 2, 1] -> [0, 0, 2, 2, 1, 4] -> [0, 0, 2, 2, 1, 4, 4]
AsyncStartBFS: 2.46 ms, [] -> [4] -> [4, 0] -> [4, 0, 3] -> [4, 0, 3, 1] -> [4, 0, 3, 1, 0] -> [4, 0, 3, 1, 0, 4] -> [4, 0, 3, 1, 0, 4, 2]
MultithreadBFS: 2.5 ms, [] -> [4] -> [4, 0] -> [4, 0, 3] -> [4, 0, 3, 1] -> [4, 0, 3, 1, 0] -> [4, 0, 3, 1, 0, 4] -> [4, 0, 3, 1, 0, 4, 2]

problem_29.yaml
MultithreadBFS: 2.28 ms, [] -> [0] -> [0, 0] -> [0, 0, 1] -> [0, 0, 1, 0] -> [0, 0, 1, 0, 0] -> [0, 0, 1, 0, 0, 0] -> [0, 0, 1, 0, 0, 0, 1]
AsyncStartBFS: 2.22 ms, [] -> [0] -> [0, 0] -> [0, 0, 1] -> [0, 0, 1, 0] -> [0, 0, 1, 0, 0] -> [0, 0, 1, 0, 0, 0] -> [0, 0, 1, 0, 0, 0, 1]
SyncBFS: 138.25 ms, [] -> [0] -> [0, 0] -> [0, 0, 0] -> [0, 0, 0, 2] -> [0, 0, 0, 2, 1] -> [0, 0, 0, 2, 1, 4] -> [0, 0, 0, 2, 1, 4, 4]
TasksBFS: 7.43 ms, [] -> [0] -> [0, 0] -> [0, 0, 1] -> [0, 0, 1, 0] -> [0, 0, 1, 0, 0] -> [0, 0, 1, 0, 0, 0] -> [0, 0, 1, 0, 0, 0, 1]

problem_00.yaml
AsyncStartBFS: 2.37 ms, [] -> [1] -> [1, 1] -> [1, 1, 3] -> [1, 1, 3, 1] -> [1, 1, 3, 1, 0] -> [1, 1, 3, 1, 0, 3] -> [1, 1, 3, 1, 0, 3, 1]
MultithreadBFS: 1.84 ms, [] -> [1] -> [1, 1] -> [1, 1, 3] -> [1, 1, 3, 1] -> [1, 1, 3, 1, 0] -> [1, 1, 3, 1, 0, 3] -> [1, 1, 3, 1, 0, 3, 1]
SyncBFS: 133.08 ms, [] -> [1] -> [1, 1] -> [1, 1, 3] -> [1, 1, 3, 1] -> [1, 1, 3, 1, 0] -> [1, 1, 3, 1, 0, 3] -> [1, 1, 3, 1, 0, 3, 1]
TasksBFS: 6.39 ms, [] -> [1] -> [1, 1] -> [1, 1, 3] -> [1, 1, 3, 1] -> [1, 1, 3, 1, 0] -> [1, 1, 3, 1, 0, 3] -> [1, 1, 3, 1, 0, 3, 1]

problem_13.yaml
MultithreadBFS: 3.02 ms, [] -> [0] -> [0, 0] -> [0, 0, 1] -> [0, 0, 1, 0] -> [0, 0, 1, 0, 0] -> [0, 0, 1, 0, 0, 0] -> [0, 0, 1, 0, 0, 0, 4]
SyncBFS: 183.21 ms, [] -> [0] -> [0, 0] -> [0, 0, 0] -> [0, 0, 0, 1] -> [0, 0, 0, 1, 5] -> [0, 0, 0, 1, 5, 2] -> [0, 0, 0, 1, 5, 2, 4]
TasksBFS: 9.93 ms, [] -> [0] -> [0, 0] -> [0, 0, 4] -> [0, 0, 4, 1] -> [0, 0, 4, 1, 3] -> [0, 0, 4, 1, 3, 1] -> [0, 0, 4, 1, 3, 1, 1]
AsyncStartBFS: 3.02 ms, [] -> [0] -> [0, 0] -> [0, 0, 1] -> [0, 0, 1, 0] -> [0, 0, 1, 0, 0] -> [0, 0, 1, 0, 0, 0] -> [0, 0, 1, 0, 0, 0, 4]

problem_16.yaml
SyncBFS: 93.26 ms, [] -> [0] -> [0, 0] -> [0, 0, 1] -> [0, 0, 1, 0] -> [0, 0, 1, 0, 4] -> [0, 0, 1, 0, 4, 1] -> [0, 0, 1, 0, 4, 1, 1]
TasksBFS: 5.47 ms, [] -> [0] -> [0, 0] -> [0, 0, 1] -> [0, 0, 1, 3] -> [0, 0, 1, 3, 3] -> [0, 0, 1, 3, 3, 2] -> [0, 0, 1, 3, 3, 2, 3]
AsyncStartBFS: 2.74 ms, [] -> [1] -> [1, 1] -> [1, 1, 0] -> [1, 1, 0, 1] -> [1, 1, 0, 1, 0] -> [1, 1, 0, 1, 0, 5] -> [1, 1, 0, 1, 0, 5, 1]
MultithreadBFS: 2.86 ms, [] -> [1] -> [1, 1] -> [1, 1, 0] -> [1, 1, 0, 1] -> [1, 1, 0, 1, 0] -> [1, 1, 0, 1, 0, 5] -> [1, 1, 0, 1, 0, 5, 1]

problem_20.yaml
TasksBFS: 7.79 ms, [] -> [0] -> [0, 2] -> [0, 2, 5] -> [0, 2, 5, 0] -> [0, 2, 5, 0, 0] -> [0, 2, 5, 0, 0, 4] -> [0, 2, 5, 0, 0, 4, 0]
AsyncStartBFS: 2.66 ms, [] -> [0] -> [0, 3] -> [0, 3, 1] -> [0, 3, 1, 0] -> [0, 3, 1, 0, 1] -> [0, 3, 1, 0, 1, 1] -> [0, 3, 1, 0, 1, 1, 1]
SyncBFS: 122.72 ms, [] -> [0] -> [0, 1] -> [0, 1, 0] -> [0, 1, 0, 0] -> [0, 1, 0, 0, 4] -> [0, 1, 0, 0, 4, 5] -> [0, 1, 0, 0, 4, 5, 3]
MultithreadBFS: 3.62 ms, [] -> [0] -> [0, 2] -> [0, 2, 5] -> [0, 2, 5, 0] -> [0, 2, 5, 0, 0] -> [0, 2, 5, 0, 0, 4] -> [0, 2, 5, 0, 0, 4, 0]

problem_18.yaml
MultithreadBFS: 3.73 ms, [] -> [0] -> [0, 0] -> [0, 0, 4] -> [0, 0, 4, 1] -> [0, 0, 4, 1, 4] -> [0, 0, 4, 1, 4, 5] -> [0, 0, 4, 1, 4, 5, 0]
SyncBFS: 198.82 ms, [] -> [0] -> [0, 0] -> [0, 0, 1] -> [0, 0, 1, 2] -> [0, 0, 1, 2, 2] -> [0, 0, 1, 2, 2, 5] -> [0, 0, 1, 2, 2, 5, 0]
TasksBFS: 9.82 ms, [] -> [0] -> [0, 0] -> [0, 0, 4] -> [0, 0, 4, 1] -> [0, 0, 4, 1, 4] -> [0, 0, 4, 1, 4, 5] -> [0, 0, 4, 1, 4, 5, 0]
AsyncStartBFS: 3.45 ms, [] -> [0] -> [0, 0] -> [0, 0, 4] -> [0, 0, 4, 1] -> [0, 0, 4, 1, 4] -> [0, 0, 4, 1, 4, 5] -> [0, 0, 4, 1, 4, 5, 0]

problem_05.yaml
MultithreadBFS: 3.15 ms, [] -> [0] -> [0, 0] -> [0, 0, 2] -> [0, 0, 2, 0] -> [0, 0, 2, 0, 3] -> [0, 0, 2, 0, 3, 2] -> [0, 0, 2, 0, 3, 2, 4]
SyncBFS: 192.27 ms, [] -> [0] -> [0, 0] -> [0, 0, 1] -> [0, 0, 1, 4] -> [0, 0, 1, 4, 0] -> [0, 0, 1, 4, 0, 3] -> [0, 0, 1, 4, 0, 3, 4]
AsyncStartBFS: 3.12 ms, [] -> [0] -> [0, 0] -> [0, 0, 2] -> [0, 0, 2, 0] -> [0, 0, 2, 0, 3] -> [0, 0, 2, 0, 3, 2] -> [0, 0, 2, 0, 3, 2, 4]
TasksBFS: 8.87 ms, [] -> [0] -> [0, 2] -> [0, 2, 1] -> [0, 2, 1, 0] -> [0, 2, 1, 0, 1] -> [0, 2, 1, 0, 1, 2] -> [0, 2, 1, 0, 1, 2, 0]

problem_15.yaml
TasksBFS: 7 ms, [] -> [0] -> [0, 0] -> [0, 0, 2] -> [0, 0, 2, 1] -> [0, 0, 2, 1, 1] -> [0, 0, 2, 1, 1, 1] -> [0, 0, 2, 1, 1, 1, 3]
MultithreadBFS: 2.15 ms, [] -> [0] -> [0, 0] -> [0, 0, 2] -> [0, 0, 2, 1] -> [0, 0, 2, 1, 1] -> [0, 0, 2, 1, 1, 1] -> [0, 0, 2, 1, 1, 1, 3]
AsyncStartBFS: 2.1 ms, [] -> [0] -> [0, 0] -> [0, 0, 2] -> [0, 0, 2, 1] -> [0, 0, 2, 1, 1] -> [0, 0, 2, 1, 1, 1] -> [0, 0, 2, 1, 1, 1, 3]
SyncBFS: 194.96 ms, [] -> [0] -> [0, 0] -> [0, 0, 0] -> [0, 0, 0, 1] -> [0, 0, 0, 1, 2] -> [0, 0, 0, 1, 2, 4] -> [0, 0, 0, 1, 2, 4, 0]

problem_17.yaml
SyncBFS: 214.63 ms, [] -> [0] -> [0, 0] -> [0, 0, 0] -> [0, 0, 0, 1] -> [0, 0, 0, 1, 2] -> [0, 0, 0, 1, 2, 1] -> [0, 0, 0, 1, 2, 1, 0]
AsyncStartBFS: 4.45 ms, [] -> [0] -> [0, 1] -> [0, 1, 1] -> [0, 1, 1, 0] -> [0, 1, 1, 0, 2] -> [0, 1, 1, 0, 2, 4] -> [0, 1, 1, 0, 2, 4, 2]
MultithreadBFS: 5.12 ms, [] -> [0] -> [0, 0] -> [0, 0, 0] -> [0, 0, 0, 1] -> [0, 0, 0, 1, 2] -> [0, 0, 0, 1, 2, 1] -> [0, 0, 0, 1, 2, 1, 0]
TasksBFS: 8.94 ms, [] -> [0] -> [0, 0] -> [0, 0, 0] -> [0, 0, 0, 1] -> [0, 0, 0, 1, 2] -> [0, 0, 0, 1, 2, 1] -> [0, 0, 0, 1, 2, 1, 0]

problem_37.yaml
AsyncStartBFS: 2.59 ms, [] -> [0] -> [0, 4] -> [0, 4, 4] -> [0, 4, 4, 0] -> [0, 4, 4, 0, 1] -> [0, 4, 4, 0, 1, 5] -> [0, 4, 4, 0, 1, 5, 3]
MultithreadBFS: 2.79 ms, [] -> [0] -> [0, 2] -> [0, 2, 4] -> [0, 2, 4, 0] -> [0, 2, 4, 0, 0] -> [0, 2, 4, 0, 0, 0] -> [0, 2, 4, 0, 0, 0, 1]
TasksBFS: 7.49 ms, [] -> [0] -> [0, 4] -> [0, 4, 5] -> [0, 4, 5, 0] -> [0, 4, 5, 0, 0] -> [0, 4, 5, 0, 0, 1] -> [0, 4, 5, 0, 0, 1, 3]
SyncBFS: 143.12 ms, [] -> [0] -> [0, 0] -> [0, 0, 2] -> [0, 0, 2, 3] -> [0, 0, 2, 3, 1] -> [0, 0, 2, 3, 1, 0] -> [0, 0, 2, 3, 1, 0, 3]

problem_22.yaml
MultithreadBFS: 2.12 ms, [] -> [3] -> [3, 1] -> [3, 1, 2] -> [3, 1, 2, 1] -> [3, 1, 2, 1, 3] -> [3, 1, 2, 1, 3, 2] -> [3, 1, 2, 1, 3, 2, 4]
AsyncStartBFS: 2.25 ms, [] -> [3] -> [3, 1] -> [3, 1, 2] -> [3, 1, 2, 1] -> [3, 1, 2, 1, 3] -> [3, 1, 2, 1, 3, 2] -> [3, 1, 2, 1, 3, 2, 4]
SyncBFS: 77.54 ms, [] -> [2] -> [2, 1] -> [2, 1, 0] -> [2, 1, 0, 4] -> [2, 1, 0, 4, 1] -> [2, 1, 0, 4, 1, 1] -> [2, 1, 0, 4, 1, 1, 4]
TasksBFS: 4.66 ms, [] -> [2] -> [2, 1] -> [2, 1, 4] -> [2, 1, 4, 0] -> [2, 1, 4, 0, 2] -> [2, 1, 4, 0, 2, 2] -> [2, 1, 4, 0, 2, 2, 2]

problem_23.yaml
SyncBFS: 172.54 ms, [] -> [0] -> [0, 0] -> [0, 0, 1] -> [0, 0, 1, 5] -> [0, 0, 1, 5, 2] -> [0, 0, 1, 5, 2, 2] -> [0, 0, 1, 5, 2, 2, 4]
AsyncStartBFS: 2.97 ms, [] -> [0] -> [0, 5] -> [0, 5, 2] -> [0, 5, 2, 0] -> [0, 5, 2, 0, 0] -> [0, 5, 2, 0, 0, 4] -> [0, 5, 2, 0, 0, 4, 3]
TasksBFS: 7.29 ms, [] -> [0] -> [0, 4] -> [0, 4, 0] -> [0, 4, 0, 0] -> [0, 4, 0, 0, 0] -> [0, 4, 0, 0, 0, 3] -> [0, 4, 0, 0, 0, 3, 1]
MultithreadBFS: 2.84 ms, [] -> [0] -> [0, 4] -> [0, 4, 4] -> [0, 4, 4, 0] -> [0, 4, 4, 0, 1] -> [0, 4, 4, 0, 1, 3] -> [0, 4, 4, 0, 1, 3, 3]

problem_25.yaml
MultithreadBFS: 2.51 ms, [] -> [0] -> [0, 2] -> [0, 2, 4] -> [0, 2, 4, 0] -> [0, 2, 4, 0, 2] -> [0, 2, 4, 0, 2, 2] -> [0, 2, 4, 0, 2, 2, 2]
SyncBFS: 122.18 ms, [] -> [0] -> [0, 0] -> [0, 0, 0] -> [0, 0, 0, 2] -> [0, 0, 0, 2, 3] -> [0, 0, 0, 2, 3, 0] -> [0, 0, 0, 2, 3, 0, 3]
TasksBFS: 7.74 ms, [] -> [0] -> [0, 1] -> [0, 1, 4] -> [0, 1, 4, 0] -> [0, 1, 4, 0, 2] -> [0, 1, 4, 0, 2, 0] -> [0, 1, 4, 0, 2, 0, 1]
AsyncStartBFS: 2.56 ms, [] -> [0] -> [0, 2] -> [0, 2, 4] -> [0, 2, 4, 0] -> [0, 2, 4, 0, 2] -> [0, 2, 4, 0, 2, 2] -> [0, 2, 4, 0, 2, 2, 2]

problem_27.yaml
TasksBFS: 7.91 ms, [] -> [0] -> [0, 0] -> [0, 0, 0] -> [0, 0, 0, 0] -> [0, 0, 0, 0, 3] -> [0, 0, 0, 0, 3, 0] -> [0, 0, 0, 0, 3, 0, 4]
AsyncStartBFS: 2.2 ms, [] -> [0] -> [0, 0] -> [0, 0, 0] -> [0, 0, 0, 0] -> [0, 0, 0, 0, 3] -> [0, 0, 0, 0, 3, 0] -> [0, 0, 0, 0, 3, 0, 4]
MultithreadBFS: 2.07 ms, [] -> [0] -> [0, 0] -> [0, 0, 0] -> [0, 0, 0, 0] -> [0, 0, 0, 0, 3] -> [0, 0, 0, 0, 3, 0] -> [0, 0, 0, 0, 3, 0, 4]
SyncBFS: 151.32 ms, [] -> [0] -> [0, 0] -> [0, 0, 0] -> [0, 0, 0, 0] -> [0, 0, 0, 0, 3] -> [0, 0, 0, 0, 3, 0] -> [0, 0, 0, 0, 3, 0, 4]

problem_26.yaml
AsyncStartBFS: 2.22 ms, [] -> [0] -> [0, 2] -> [0, 2, 3] -> [0, 2, 3, 0] -> [0, 2, 3, 0, 2] -> [0, 2, 3, 0, 2, 0] -> [0, 2, 3, 0, 2, 0, 0]
MultithreadBFS: 2.11 ms, [] -> [0] -> [0, 2] -> [0, 2, 3] -> [0, 2, 3, 0] -> [0, 2, 3, 0, 2] -> [0, 2, 3, 0, 2, 0] -> [0, 2, 3, 0, 2, 0, 0]
TasksBFS: 6.86 ms, [] -> [0] -> [0, 2] -> [0, 2, 3] -> [0, 2, 3, 0] -> [0, 2, 3, 0, 2] -> [0, 2, 3, 0, 2, 0] -> [0, 2, 3, 0, 2, 0, 0]
SyncBFS: 112.25 ms, [] -> [0] -> [0, 0] -> [0, 0, 0] -> [0, 0, 0, 2] -> [0, 0, 0, 2, 3] -> [0, 0, 0, 2, 3, 2] -> [0, 0, 0, 2, 3, 2, 5]

problem_14.yaml
MultithreadBFS: 2.13 ms, [] -> [1] -> [1, 3] -> [1, 3, 5] -> [1, 3, 5, 0] -> [1, 3, 5, 0, 0] -> [1, 3, 5, 0, 0, 3] -> [1, 3, 5, 0, 0, 3, 2]
SyncBFS: 139.18 ms, [] -> [1] -> [1, 1] -> [1, 1, 1] -> [1, 1, 1, 0] -> [1, 1, 1, 0, 2] -> [1, 1, 1, 0, 2, 4] -> [1, 1, 1, 0, 2, 4, 3]
AsyncStartBFS: 2.96 ms, [] -> [1] -> [1, 1] -> [1, 1, 5] -> [1, 1, 5, 2] -> [1, 1, 5, 2, 2] -> [1, 1, 5, 2, 2, 5] -> [1, 1, 5, 2, 2, 5, 1]
TasksBFS: 5.76 ms, [] -> [2] -> [2, 1] -> [2, 1, 2] -> [2, 1, 2, 1] -> [2, 1, 2, 1, 2] -> [2, 1, 2, 1, 2, 3] -> [2, 1, 2, 1, 2, 3, 3]

problem_28.yaml
TasksBFS: 6.31 ms, [] -> [0] -> [0, 1] -> [0, 1, 2] -> [0, 1, 2, 0] -> [0, 1, 2, 0, 2] -> [0, 1, 2, 0, 2, 3] -> [0, 1, 2, 0, 2, 3, 2]
AsyncStartBFS: 2.39 ms, [] -> [0] -> [0, 1] -> [0, 1, 2] -> [0, 1, 2, 0] -> [0, 1, 2, 0, 2] -> [0, 1, 2, 0, 2, 3] -> [0, 1, 2, 0, 2, 3, 2]
MultithreadBFS: 2.3 ms, [] -> [0] -> [0, 1] -> [0, 1, 2] -> [0, 1, 2, 0] -> [0, 1, 2, 0, 2] -> [0, 1, 2, 0, 2, 3] -> [0, 1, 2, 0, 2, 3, 2]
SyncBFS: 168.72 ms, [] -> [0] -> [0, 0] -> [0, 0, 0] -> [0, 0, 0, 0] -> [0, 0, 0, 0, 1] -> [0, 0, 0, 0, 1, 1] -> [0, 0, 0, 0, 1, 1, 0]


[INFO] Results summary:
TasksBFS
	Average: 7.103 ms
	Median: 7.36 ms
	Standard Deviation: 1.5322 ms
SyncBFS
	Average: 142.015 ms
	Median: 140.82 ms
	Standard Deviation: 40.7104 ms
MultithreadBFS
	Average: 2.7956 ms
	Median: 2.545 ms
	Standard Deviation: 1.02832 ms
AsyncStartBFS
	Average: 2.67 ms
	Median: 2.575 ms
	Standard Deviation: 0.636742 ms
