problem_49.yaml
MultithreadBFS: 8.82 ms, [] -> [1] -> [1, 1] -> [1, 1, 5] -> [1, 1, 5, 0] -> [1, 1, 5, 0, 1] -> [1, 1, 5, 0, 1, 0] -> [1, 1, 5, 0, 1, 0, 5]
SyncBFS: 467.6 ms, [] -> [1] -> [1, 0] -> [1, 0, 0] -> [1, 0, 0, 0] -> [1, 0, 0, 0, 4] -> [1, 0, 0, 0, 4, 2] -> [1, 0, 0, 0, 4, 2, 4]
TasksBFS: 24.01 ms, [] -> [1] -> [1, 0] -> [1, 0, 0] -> [1, 0, 0, 0] -> [1, 0, 0, 0, 4] -> [1, 0, 0, 0, 4, 2] -> [1, 0, 0, 0, 4, 2, 4]
AsyncStartBFS: 14.33 ms, [] -> [1] -> [1, 0] -> [1, 0, 0] -> [1, 0, 0, 2] -> [1, 0, 0, 2, 2] -> [1, 0, 0, 2, 2, 1] -> [1, 0, 0, 2, 2, 1, 0]

problem_48.yaml
MultithreadBFS: 7.99 ms, [] -> [1] -> [1, 1] -> [1, 1, 2] -> [1, 1, 2, 0] -> [1, 1, 2, 0, 0] -> [1, 1, 2, 0, 0, 2] -> [1, 1, 2, 0, 0, 2, 1]
AsyncStartBFS: 15.01 ms, [] -> [2] -> [2, 1] -> [2, 1, 4] -> [2, 1, 4, 0] -> [2, 1, 4, 0, 2] -> [2, 1, 4, 0, 2, 5] -> [2, 1, 4, 0, 2, 5, 3]
TasksBFS: 25.75 ms, [] -> [1] -> [1, 1] -> [1, 1, 5] -> [1, 1, 5, 0] -> [1, 1, 5, 0, 1] -> [1, 1, 5, 0, 1, 4] -> [1, 1, 5, 0, 1, 4, 0]
SyncBFS: 549.41 ms, [] -> [1] -> [1, 0] -> [1, 0, 1] -> [1, 0, 1, 3] -> [1, 0, 1, 3, 5] -> [1, 0, 1, 3, 5, 3] -> [1, 0, 1, 3, 5, 3, 5]

problem_45.yaml
SyncBFS: 693.65 ms, [] -> [0] -> [0, 1] -> [0, 1, 0] -> [0, 1, 0, 0] -> [0, 1, 0, 0, 5] -> [0, 1, 0, 0, 5, 3] -> [0, 1, 0, 0, 5, 3, 2]
AsyncStartBFS: 22.01 ms, [] -> [0] -> [0, 4] -> [0, 4, 3] -> [0, 4, 3, 1] -> [0, 4, 3, 1, 1] -> [0, 4, 3, 1, 1, 0] -> [0, 4, 3, 1, 1, 0, 1]
MultithreadBFS: 6.96 ms, [] -> [0] -> [0, 4] -> [0, 4, 3] -> [0, 4, 3, 1] -> [0, 4, 3, 1, 1] -> [0, 4, 3, 1, 1, 0] -> [0, 4, 3, 1, 1, 0, 1]
TasksBFS: 24.45 ms, [] -> [0] -> [0, 4] -> [0, 4, 3] -> [0, 4, 3, 1] -> [0, 4, 3, 1, 1] -> [0, 4, 3, 1, 1, 0] -> [0, 4, 3, 1, 1, 0, 1]

problem_43.yaml
TasksBFS: 28.45 ms, [] -> [0] -> [0, 0] -> [0, 0, 0] -> [0, 0, 0, 1] -> [0, 0, 0, 1, 5] -> [0, 0, 0, 1, 5, 0] -> [0, 0, 0, 1, 5, 0, 1]
MultithreadBFS: 9.69 ms, [] -> [0] -> [0, 0] -> [0, 0, 0] -> [0, 0, 0, 1] -> [0, 0, 0, 1, 5] -> [0, 0, 0, 1, 5, 0] -> [0, 0, 0, 1, 5, 0, 1]
AsyncStartBFS: 11.49 ms, [] -> [0] -> [0, 1] -> [0, 1, 4] -> [0, 1, 4, 1] -> [0, 1, 4, 1, 1] -> [0, 1, 4, 1, 1, 2] -> [0, 1, 4, 1, 1, 2, 5]
SyncBFS: 802.99 ms, [] -> [0] -> [0, 0] -> [0, 0, 0] -> [0, 0, 0, 1] -> [0, 0, 0, 1, 5] -> [0, 0, 0, 1, 5, 0] -> [0, 0, 0, 1, 5, 0, 1]

problem_41.yaml
TasksBFS: 14.87 ms, [] -> [0] -> [0, 3] -> [0, 3, 0] -> [0, 3, 0, 2] -> [0, 3, 0, 2, 0] -> [0, 3, 0, 2, 0, 3] -> [0, 3, 0, 2, 0, 3, 3]
MultithreadBFS: 6.7 ms, [] -> [2] -> [2, 1] -> [2, 1, 3] -> [2, 1, 3, 2] -> [2, 1, 3, 2, 3] -> [2, 1, 3, 2, 3, 3] -> [2, 1, 3, 2, 3, 3, 5]
SyncBFS: 325.6 ms, [] -> [0] -> [0, 2] -> [0, 2, 1] -> [0, 2, 1, 3] -> [0, 2, 1, 3, 5] -> [0, 2, 1, 3, 5, 5] -> [0, 2, 1, 3, 5, 5, 3]
AsyncStartBFS: 5.48 ms, [] -> [0] -> [0, 3] -> [0, 3, 0] -> [0, 3, 0, 4] -> [0, 3, 0, 4, 1] -> [0, 3, 0, 4, 1, 5] -> [0, 3, 0, 4, 1, 5, 1]

problem_39.yaml
AsyncStartBFS: 10.91 ms, [] -> [2] -> [2, 3] -> [2, 3, 1] -> [2, 3, 1, 0] -> [2, 3, 1, 0, 2] -> [2, 3, 1, 0, 2, 5] -> [2, 3, 1, 0, 2, 5, 2]
SyncBFS: 515.84 ms, [] -> [2] -> [2, 0] -> [2, 0, 0] -> [2, 0, 0, 0] -> [2, 0, 0, 0, 0] -> [2, 0, 0, 0, 0, 4] -> [2, 0, 0, 0, 0, 4, 4]
MultithreadBFS: 7.85 ms, [] -> [2] -> [2, 0] -> [2, 0, 0] -> [2, 0, 0, 0] -> [2, 0, 0, 0, 0] -> [2, 0, 0, 0, 0, 4] -> [2, 0, 0, 0, 0, 4, 4]
TasksBFS: 23.77 ms, [] -> [2] -> [2, 1] -> [2, 1, 0] -> [2, 1, 0, 1] -> [2, 1, 0, 1, 3] -> [2, 1, 0, 1, 3, 5] -> [2, 1, 0, 1, 3, 5, 4]

problem_38.yaml
AsyncStartBFS: 17.65 ms, [] -> [2] -> [2, 5] -> [2, 5, 1] -> [2, 5, 1, 1] -> [2, 5, 1, 1, 2] -> [2, 5, 1, 1, 2, 4] -> [2, 5, 1, 1, 2, 4, 2]
TasksBFS: 22.69 ms, [] -> [0] -> [0, 0] -> [0, 0, 2] -> [0, 0, 2, 0] -> [0, 0, 2, 0, 3] -> [0, 0, 2, 0, 3, 5] -> [0, 0, 2, 0, 3, 5, 5]
MultithreadBFS: 6.02 ms, [] -> [0] -> [0, 3] -> [0, 3, 0] -> [0, 3, 0, 2] -> [0, 3, 0, 2, 0] -> [0, 3, 0, 2, 0, 0] -> [0, 3, 0, 2, 0, 0, 5]
SyncBFS: 466.66 ms, [] -> [0] -> [0, 0] -> [0, 0, 2] -> [0, 0, 2, 0] -> [0, 0, 2, 0, 3] -> [0, 0, 2, 0, 3, 5] -> [0, 0, 2, 0, 3, 5, 5]

problem_36.yaml
MultithreadBFS: 10.54 ms, [] -> [0] -> [0, 5] -> [0, 5, 0] -> [0, 5, 0, 2] -> [0, 5, 0, 2, 0] -> [0, 5, 0, 2, 0, 2] -> [0, 5, 0, 2, 0, 2, 3]
AsyncStartBFS: 11.22 ms, [] -> [2] -> [2, 2] -> [2, 2, 4] -> [2, 2, 4, 1] -> [2, 2, 4, 1, 0] -> [2, 2, 4, 1, 0, 1] -> [2, 2, 4, 1, 0, 1, 1]
SyncBFS: 597.72 ms, [] -> [0] -> [0, 0] -> [0, 0, 2] -> [0, 0, 2, 2] -> [0, 0, 2, 2, 1] -> [0, 0, 2, 2, 1, 5] -> [0, 0, 2, 2, 1, 5, 2]
TasksBFS: 26.31 ms, [] -> [0] -> [0, 3] -> [0, 3, 2] -> [0, 3, 2, 0] -> [0, 3, 2, 0, 1] -> [0, 3, 2, 0, 1, 2] -> [0, 3, 2, 0, 1, 2, 4]

problem_44.yaml
SyncBFS: 607.96 ms, [] -> [0] -> [0, 0] -> [0, 0, 1] -> [0, 0, 1, 0] -> [0, 0, 1, 0, 3] -> [0, 0, 1, 0, 3, 1] -> [0, 0, 1, 0, 3, 1, 5]
MultithreadBFS: 10.15 ms, [] -> [0] -> [0, 0] -> [0, 0, 1] -> [0, 0, 1, 0] -> [0, 0, 1, 0, 3] -> [0, 0, 1, 0, 3, 1] -> [0, 0, 1, 0, 3, 1, 5]
TasksBFS: 26.26 ms, [] -> [0] -> [0, 0] -> [0, 0, 1] -> [0, 0, 1, 0] -> [0, 0, 1, 0, 3] -> [0, 0, 1, 0, 3, 1] -> [0, 0, 1, 0, 3, 1, 5]
AsyncStartBFS: 11.1 ms, [] -> [0] -> [0, 1] -> [0, 1, 2] -> [0, 1, 2, 0] -> [0, 1, 2, 0, 3] -> [0, 1, 2, 0, 3, 1] -> [0, 1, 2, 0, 3, 1, 1]

problem_35.yaml
AsyncStartBFS: 11.99 ms, [] -> [2] -> [2, 0] -> [2, 0, 1] -> [2, 0, 1, 4] -> [2, 0, 1, 4, 0] -> [2, 0, 1, 4, 0, 4] -> [2, 0, 1, 4, 0, 4, 1]
TasksBFS: 18.41 ms, [] -> [2] -> [2, 0] -> [2, 0, 4] -> [2, 0, 4, 1] -> [2, 0, 4, 1, 2] -> [2, 0, 4, 1, 2, 4] -> [2, 0, 4, 1, 2, 4, 1]
SyncBFS: 393.86 ms, [] -> [2] -> [2, 0] -> [2, 0, 0] -> [2, 0, 0, 2] -> [2, 0, 0, 2, 5] -> [2, 0, 0, 2, 5, 1] -> [2, 0, 0, 2, 5, 1, 5]
MultithreadBFS: 6.34 ms, [] -> [3] -> [3, 1] -> [3, 1, 0] -> [3, 1, 0, 0] -> [3, 1, 0, 0, 0] -> [3, 1, 0, 0, 0, 2] -> [3, 1, 0, 0, 0, 2, 0]

problem_46.yaml
MultithreadBFS: 7.28 ms, [] -> [0] -> [0, 1] -> [0, 1, 2] -> [0, 1, 2, 0] -> [0, 1, 2, 0, 3] -> [0, 1, 2, 0, 3, 0] -> [0, 1, 2, 0, 3, 0, 0]
SyncBFS: 323.18 ms, [] -> [0] -> [0, 0] -> [0, 0, 0] -> [0, 0, 0, 2] -> [0, 0, 0, 2, 0] -> [0, 0, 0, 2, 0, 1] -> [0, 0, 0, 2, 0, 1, 5]
TasksBFS: 15.27 ms, [] -> [0] -> [0, 0] -> [0, 0, 0] -> [0, 0, 0, 2] -> [0, 0, 0, 2, 0] -> [0, 0, 0, 2, 0, 1] -> [0, 0, 0, 2, 0, 1, 5]
AsyncStartBFS: 10.12 ms, [] -> [0] -> [0, 0] -> [0, 0, 0] -> [0, 0, 0, 2] -> [0, 0, 0, 2, 0] -> [0, 0, 0, 2, 0, 1] -> [0, 0, 0, 2, 0, 1, 5]

problem_34.yaml
TasksBFS: 20.21 ms, [] -> [0] -> [0, 1] -> [0, 1, 1] -> [0, 1, 1, 0] -> [0, 1, 1, 0, 0] -> [0, 1, 1, 0, 0, 0] -> [0, 1, 1, 0, 0, 0, 1]
MultithreadBFS: 5.97 ms, [] -> [0] -> [0, 1] -> [0, 1, 1] -> [0, 1, 1, 0] -> [0, 1, 1, 0, 0] -> [0, 1, 1, 0, 0, 0] -> [0, 1, 1, 0, 0, 0, 1]
AsyncStartBFS: 21.37 ms, [] -> [1] -> [1, 0] -> [1, 0, 4] -> [1, 0, 4, 0] -> [1, 0, 4, 0, 0] -> [1, 0, 4, 0, 0, 2] -> [1, 0, 4, 0, 0, 2, 3]
SyncBFS: 709.07 ms, [] -> [0] -> [0, 0] -> [0, 0, 0] -> [0, 0, 0, 4] -> [0, 0, 0, 4, 5] -> [0, 0, 0, 4, 5, 4] -> [0, 0, 0, 4, 5, 4, 1]

problem_32.yaml
TasksBFS: 15.35 ms, [] -> [2] -> [2, 1] -> [2, 1, 2] -> [2, 1, 2, 4] -> [2, 1, 2, 4, 5] -> [2, 1, 2, 4, 5, 3] -> [2, 1, 2, 4, 5, 3, 4]
MultithreadBFS: 11.22 ms, [] -> [3] -> [3, 2] -> [3, 2, 0] -> [3, 2, 0, 0] -> [3, 2, 0, 0, 0] -> [3, 2, 0, 0, 0, 3] -> [3, 2, 0, 0, 0, 3, 4]
SyncBFS: 328.9 ms, [] -> [2] -> [2, 1] -> [2, 1, 1] -> [2, 1, 1, 1] -> [2, 1, 1, 1, 4] -> [2, 1, 1, 1, 4, 3] -> [2, 1, 1, 1, 4, 3, 2]
AsyncStartBFS: 7.29 ms, [] -> [2] -> [2, 1] -> [2, 1, 3] -> [2, 1, 3, 2] -> [2, 1, 3, 2, 1] -> [2, 1, 3, 2, 1, 5] -> [2, 1, 3, 2, 1, 5, 5]

problem_31.yaml
MultithreadBFS: 6.92 ms, [] -> [0] -> [0, 5] -> [0, 5, 3] -> [0, 5, 3, 2] -> [0, 5, 3, 2, 0] -> [0, 5, 3, 2, 0, 5] -> [0, 5, 3, 2, 0, 5, 2]
AsyncStartBFS: 8.03 ms, [] -> [0] -> [0, 5] -> [0, 5, 0] -> [0, 5, 0, 0] -> [0, 5, 0, 0, 1] -> [0, 5, 0, 0, 1, 4] -> [0, 5, 0, 0, 1, 4, 4]
TasksBFS: 25.36 ms, [] -> [0] -> [0, 5] -> [0, 5, 3] -> [0, 5, 3, 2] -> [0, 5, 3, 2, 0] -> [0, 5, 3, 2, 0, 5] -> [0, 5, 3, 2, 0, 5, 2]
SyncBFS: 545.35 ms, [] -> [0] -> [0, 1] -> [0, 1, 3] -> [0, 1, 3, 5] -> [0, 1, 3, 5, 4] -> [0, 1, 3, 5, 4, 5] -> [0, 1, 3, 5, 4, 5, 5]

problem_30.yaml
SyncBFS: 448.3 ms, [] -> [0] -> [0, 0] -> [0, 0, 1] -> [0, 0, 1, 0] -> [0, 0, 1, 0, 2] -> [0, 0, 1, 0, 2, 1] -> [0, 0, 1, 0, 2, 1, 2]
TasksBFS: 21.45 ms, [] -> [0] -> [0, 0] -> [0, 0, 1] -> [0, 0, 1, 0] -> [0, 0, 1, 0, 2] -> [0, 0, 1, 0, 2, 1] -> [0, 0, 1, 0, 2, 1, 2]
MultithreadBFS: 6.9 ms, [] -> [0] -> [0, 5] -> [0, 5, 1] -> [0, 5, 1, 1] -> [0, 5, 1, 1, 0] -> [0, 5, 1, 1, 0, 4] -> [0, 5, 1, 1, 0, 4, 1]
AsyncStartBFS: 16.01 ms, [] -> [0] -> [0, 0] -> [0, 0, 4] -> [0, 0, 4, 0] -> [0, 0, 4, 0, 1] -> [0, 0, 4, 0, 1, 5] -> [0, 0, 4, 0, 1, 5, 2]

problem_10.yaml
MultithreadBFS: 8.63 ms, [] -> [0] -> [0, 0] -> [0, 0, 3] -> [0, 0, 3, 1] -> [0, 0, 3, 1, 1] -> [0, 0, 3, 1, 1, 3] -> [0, 0, 3, 1, 1, 3, 5]
SyncBFS: 805.03 ms, [] -> [0] -> [0, 0] -> [0, 0, 0] -> [0, 0, 0, 1] -> [0, 0, 0, 1, 2] -> [0, 0, 0, 1, 2, 1] -> [0, 0, 0, 1, 2, 1, 2]
TasksBFS: 27.85 ms, [] -> [0] -> [0, 0] -> [0, 0, 3] -> [0, 0, 3, 1] -> [0, 0, 3, 1, 1] -> [0, 0, 3, 1, 1, 3] -> [0, 0, 3, 1, 1, 3, 5]
AsyncStartBFS: 16.23 ms, [] -> [0] -> [0, 3] -> [0, 3, 1] -> [0, 3, 1, 0] -> [0, 3, 1, 0, 2] -> [0, 3, 1, 0, 2, 1] -> [0, 3, 1, 0, 2, 1, 5]

problem_09.yaml
AsyncStartBFS: 5.07 ms, [] -> [0] -> [0, 0] -> [0, 0, 3] -> [0, 0, 3, 0] -> [0, 0, 3, 0, 3] -> [0, 0, 3, 0, 3, 0] -> [0, 0, 3, 0, 3, 0, 0]
SyncBFS: 325.39 ms, [] -> [0] -> [0, 0] -> [0, 0, 0] -> [0, 0, 0, 5] -> [0, 0, 0, 5, 3] -> [0, 0, 0, 5, 3, 4] -> [0, 0, 0, 5, 3, 4, 2]
TasksBFS: 18.22 ms, [] -> [0] -> [0, 0] -> [0, 0, 2] -> [0, 0, 2, 4] -> [0, 0, 2, 4, 4] -> [0, 0, 2, 4, 4, 1] -> [0, 0, 2, 4, 4, 1, 5]
MultithreadBFS: 8.51 ms, [] -> [0] -> [0, 5] -> [0, 5, 5] -> [0, 5, 5, 0] -> [0, 5, 5, 0, 1] -> [0, 5, 5, 0, 1, 4] -> [0, 5, 5, 0, 1, 4, 5]

problem_12.yaml
TasksBFS: 22.61 ms, [] -> [0] -> [0, 2] -> [0, 2, 1] -> [0, 2, 1, 1] -> [0, 2, 1, 1, 3] -> [0, 2, 1, 1, 3, 4] -> [0, 2, 1, 1, 3, 4, 5]
MultithreadBFS: 7.16 ms, [] -> [0] -> [0, 2] -> [0, 2, 4] -> [0, 2, 4, 0] -> [0, 2, 4, 0, 0] -> [0, 2, 4, 0, 0, 4] -> [0, 2, 4, 0, 0, 4, 1]
AsyncStartBFS: 16.44 ms, [] -> [0] -> [0, 3] -> [0, 3, 2] -> [0, 3, 2, 3] -> [0, 3, 2, 3, 5] -> [0, 3, 2, 3, 5, 3] -> [0, 3, 2, 3, 5, 3, 2]
SyncBFS: 739.55 ms, [] -> [0] -> [0, 1] -> [0, 1, 0] -> [0, 1, 0, 0] -> [0, 1, 0, 0, 3] -> [0, 1, 0, 0, 3, 4] -> [0, 1, 0, 0, 3, 4, 5]

problem_47.yaml
AsyncStartBFS: 13.93 ms, [] -> [0] -> [0, 1] -> [0, 1, 2] -> [0, 1, 2, 2] -> [0, 1, 2, 2, 1] -> [0, 1, 2, 2, 1, 4] -> [0, 1, 2, 2, 1, 4, 2]
TasksBFS: 25.24 ms, [] -> [0] -> [0, 3] -> [0, 3, 1] -> [0, 3, 1, 0] -> [0, 3, 1, 0, 0] -> [0, 3, 1, 0, 0, 2] -> [0, 3, 1, 0, 0, 2, 5]
MultithreadBFS: 7.05 ms, [] -> [0] -> [0, 3] -> [0, 3, 0] -> [0, 3, 0, 0] -> [0, 3, 0, 0, 0] -> [0, 3, 0, 0, 0, 1] -> [0, 3, 0, 0, 0, 1, 3]
SyncBFS: 557.37 ms, [] -> [0] -> [0, 0] -> [0, 0, 0] -> [0, 0, 0, 3] -> [0, 0, 0, 3, 2] -> [0, 0, 0, 3, 2, 4] -> [0, 0, 0, 3, 2, 4, 1]

problem_11.yaml
TasksBFS: 20.77 ms, [] -> [0] -> [0, 0] -> [0, 0, 4] -> [0, 0, 4, 3] -> [0, 0, 4, 3, 0] -> [0, 0, 4, 3, 0, 4] -> [0, 0, 4, 3, 0, 4, 5]
MultithreadBFS: 6.46 ms, [] -> [0] -> [0, 5] -> [0, 5, 3] -> [0, 5, 3, 0] -> [0, 5, 3, 0, 0] -> [0, 5, 3, 0, 0, 0] -> [0, 5, 3, 0, 0, 0, 0]
SyncBFS: 413.81 ms, [] -> [0] -> [0, 0] -> [0, 0, 1] -> [0, 0, 1, 3] -> [0, 0, 1, 3, 4] -> [0, 0, 1, 3, 4, 5] -> [0, 0, 1, 3, 4, 5, 2]
AsyncStartBFS: 8.39 ms, [] -> [0] -> [0, 0] -> [0, 0, 4] -> [0, 0, 4, 3] -> [0, 0, 4, 3, 0] -> [0, 0, 4, 3, 0, 4] -> [0, 0, 4, 3, 0, 4, 5]

problem_01.yaml
MultithreadBFS: 5.76 ms, [] -> [0] -> [0, 3] -> [0, 3, 4] -> [0, 3, 4, 0] -> [0, 3, 4, 0, 1] -> [0, 3, 4, 0, 1, 2] -> [0, 3, 4, 0, 1, 2, 4]
AsyncStartBFS: 6.03 ms, [] -> [0] -> [0, 1] -> [0, 1, 0] -> [0, 1, 0, 4] -> [0, 1, 0, 4, 1] -> [0, 1, 0, 4, 1, 0] -> [0, 1, 0, 4, 1, 0, 3]
SyncBFS: 384.53 ms, [] -> [0] -> [0, 1] -> [0, 1, 0] -> [0, 1, 0, 1] -> [0, 1, 0, 1, 0] -> [0, 1, 0, 1, 0, 2] -> [0, 1, 0, 1, 0, 2, 2]
TasksBFS: 16.59 ms, [] -> [0] -> [0, 1] -> [0, 1, 0] -> [0, 1, 0, 1] -> [0, 1, 0, 1, 0] -> [0, 1, 0, 1, 0, 2] -> [0, 1, 0, 1, 0, 2, 2]

problem_08.yaml
AsyncStartBFS: 16.7 ms, [] -> [0] -> [0, 3] -> [0, 3, 4] -> [0, 3, 4, 2] -> [0, 3, 4, 2, 0] -> [0, 3, 4, 2, 0, 4] -> [0, 3, 4, 2, 0, 4, 1]
SyncBFS: 421.9 ms, [] -> [0] -> [0, 1] -> [0, 1, 2] -> [0, 1, 2, 3] -> [0, 1, 2, 3, 2] -> [0, 1, 2, 3, 2, 4] -> [0, 1, 2, 3, 2, 4, 3]
TasksBFS: 17.64 ms, [] -> [0] -> [0, 1] -> [0, 1, 4] -> [0, 1, 4, 1] -> [0, 1, 4, 1, 1] -> [0, 1, 4, 1, 1, 0] -> [0, 1, 4, 1, 1, 0, 0]
MultithreadBFS: 8.47 ms, [] -> [0] -> [0, 3] -> [0, 3, 4] -> [0, 3, 4, 2] -> [0, 3, 4, 2, 0] -> [0, 3, 4, 2, 0, 4] -> [0, 3, 4, 2, 0, 4, 1]

problem_06.yaml
MultithreadBFS: 9.3 ms, [] -> [1] -> [1, 0] -> [1, 0, 4] -> [1, 0, 4, 1] -> [1, 0, 4, 1, 2] -> [1, 0, 4, 1, 2, 0] -> [1, 0, 4, 1, 2, 0, 0]
SyncBFS: 636.37 ms, [] -> [1] -> [1, 0] -> [1, 0, 0] -> [1, 0, 0, 0] -> [1, 0, 0, 0, 4] -> [1, 0, 0, 0, 4, 5] -> [1, 0, 0, 0, 4, 5, 0]
TasksBFS: 26.7 ms, [] -> [1] -> [1, 1] -> [1, 1, 4] -> [1, 1, 4, 0] -> [1, 1, 4, 0, 5] -> [1, 1, 4, 0, 5, 4] -> [1, 1, 4, 0, 5, 4, 3]
AsyncStartBFS: 10.83 ms, [] -> [1] -> [1, 0] -> [1, 0, 2] -> [1, 0, 2, 1] -> [1, 0, 2, 1, 0] -> [1, 0, 2, 1, 0, 5] -> [1, 0, 2, 1, 0, 5, 3]

problem_19.yaml
AsyncStartBFS: 9.47 ms, [] -> [0] -> [0, 2] -> [0, 2, 5] -> [0, 2, 5, 0] -> [0, 2, 5, 0, 0] -> [0, 2, 5, 0, 0, 1] -> [0, 2, 5, 0, 0, 1, 5]
SyncBFS: 630.2 ms, [] -> [0] -> [0, 1] -> [0, 1, 2] -> [0, 1, 2, 2] -> [0, 1, 2, 2, 3] -> [0, 1, 2, 2, 3, 4] -> [0, 1, 2, 2, 3, 4, 1]
MultithreadBFS: 6.05 ms, [] -> [0] -> [0, 4] -> [0, 4, 4] -> [0, 4, 4, 2] -> [0, 4, 4, 2, 0] -> [0, 4, 4, 2, 0, 2] -> [0, 4, 4, 2, 0, 2, 4]
TasksBFS: 22.92 ms, [] -> [0] -> [0, 2] -> [0, 2, 0] -> [0, 2, 0, 2] -> [0, 2, 0, 2, 0] -> [0, 2, 0, 2, 0, 3] -> [0, 2, 0, 2, 0, 3, 2]

problem_40.yaml
TasksBFS: 28.39 ms, [] -> [0] -> [0, 0] -> [0, 0, 0] -> [0, 0, 0, 2] -> [0, 0, 0, 2, 4] -> [0, 0, 0, 2, 4, 5] -> [0, 0, 0, 2, 4, 5, 1]
AsyncStartBFS: 7.38 ms, [] -> [2] -> [2, 0] -> [2, 0, 2] -> [2, 0, 2, 1] -> [2, 0, 2, 1, 1] -> [2, 0, 2, 1, 1, 5] -> [2, 0, 2, 1, 1, 5, 0]
SyncBFS: 845.65 ms, [] -> [0] -> [0, 0] -> [0, 0, 0] -> [0, 0, 0, 2] -> [0, 0, 0, 2, 4] -> [0, 0, 0, 2, 4, 5] -> [0, 0, 0, 2, 4, 5, 1]
MultithreadBFS: 12.77 ms, [] -> [0] -> [0, 0] -> [0, 0, 1] -> [0, 0, 1, 0] -> [0, 0, 1, 0, 2] -> [0, 0, 1, 0, 2, 3] -> [0, 0, 1, 0, 2, 3, 3]

problem_04.yaml
SyncBFS: 708.99 ms, [] -> [0] -> [0, 1] -> [0, 1, 0] -> [0, 1, 0, 4] -> [0, 1, 0, 4, 4] -> [0, 1, 0, 4, 4, 5] -> [0, 1, 0, 4, 4, 5, 2]
TasksBFS: 24.73 ms, [] -> [0] -> [0, 1] -> [0, 1, 5] -> [0, 1, 5, 0] -> [0, 1, 5, 0, 3] -> [0, 1, 5, 0, 3, 4] -> [0, 1, 5, 0, 3, 4, 1]
MultithreadBFS: 7.8 ms, [] -> [0] -> [0, 1] -> [0, 1, 5] -> [0, 1, 5, 0] -> [0, 1, 5, 0, 3] -> [0, 1, 5, 0, 3, 4] -> [0, 1, 5, 0, 3, 4, 1]
AsyncStartBFS: 16.6 ms, [] -> [0] -> [0, 5] -> [0, 5, 1] -> [0, 5, 1, 1] -> [0, 5, 1, 1, 0] -> [0, 5, 1, 1, 0, 3] -> [0, 5, 1, 1, 0, 3, 5]

problem_33.yaml
AsyncStartBFS: 12.37 ms, [] -> [0] -> [0, 3] -> [0, 3, 0] -> [0, 3, 0, 3] -> [0, 3, 0, 3, 0] -> [0, 3, 0, 3, 0, 4] -> [0, 3, 0, 3, 0, 4, 2]
TasksBFS: 28.78 ms, [] -> [0] -> [0, 1] -> [0, 1, 5] -> [0, 1, 5, 1] -> [0, 1, 5, 1, 1] -> [0, 1, 5, 1, 1, 5] -> [0, 1, 5, 1, 1, 5, 1]
SyncBFS: 647.35 ms, [] -> [0] -> [0, 0] -> [0, 0, 1] -> [0, 0, 1, 0] -> [0, 0, 1, 0, 4] -> [0, 0, 1, 0, 4, 1] -> [0, 0, 1, 0, 4, 1, 5]
MultithreadBFS: 8.92 ms, [] -> [0] -> [0, 0] -> [0, 0, 2] -> [0, 0, 2, 0] -> [0, 0, 2, 0, 0] -> [0, 0, 2, 0, 0, 4] -> [0, 0, 2, 0, 0, 4, 5]

problem_21.yaml
AsyncStartBFS: 13.03 ms, [] -> [1] -> [1, 0] -> [1, 0, 1] -> [1, 0, 1, 2] -> [1, 0, 1, 2, 1] -> [1, 0, 1, 2, 1, 3] -> [1, 0, 1, 2, 1, 3, 0]
MultithreadBFS: 10.81 ms, [] -> [4] -> [4, 2] -> [4, 2, 0] -> [4, 2, 0, 1] -> [4, 2, 0, 1, 5] -> [4, 2, 0, 1, 5, 0] -> [4, 2, 0, 1, 5, 0, 3]
TasksBFS: 16.29 ms, [] -> [1] -> [1, 0] -> [1, 0, 1] -> [1, 0, 1, 1] -> [1, 0, 1, 1, 2] -> [1, 0, 1, 1, 2, 2] -> [1, 0, 1, 1, 2, 2, 5]
SyncBFS: 388.59 ms, [] -> [1] -> [1, 0] -> [1, 0, 1] -> [1, 0, 1, 1] -> [1, 0, 1, 1, 2] -> [1, 0, 1, 1, 2, 2] -> [1, 0, 1, 1, 2, 2, 5]

problem_24.yaml
TasksBFS: 32.59 ms, [] -> [0] -> [0, 1] -> [0, 1, 2] -> [0, 1, 2, 1] -> [0, 1, 2, 1, 2] -> [0, 1, 2, 1, 2, 2] -> [0, 1, 2, 1, 2, 2, 3]
AsyncStartBFS: 14.93 ms, [] -> [0] -> [0, 4] -> [0, 4, 4] -> [0, 4, 4, 0] -> [0, 4, 4, 0, 4] -> [0, 4, 4, 0, 4, 4] -> [0, 4, 4, 0, 4, 4, 4]
SyncBFS: 814.23 ms, [] -> [0] -> [0, 1] -> [0, 1, 1] -> [0, 1, 1, 4] -> [0, 1, 1, 4, 1] -> [0, 1, 1, 4, 1, 0] -> [0, 1, 1, 4, 1, 0, 5]
MultithreadBFS: 24.76 ms, [] -> [5] -> [5, 2] -> [5, 2, 0] -> [5, 2, 0, 1] -> [5, 2, 0, 1, 4] -> [5, 2, 0, 1, 4, 1] -> [5, 2, 0, 1, 4, 1, 5]

problem_03.yaml
AsyncStartBFS: 16.49 ms, [] -> [0] -> [0, 5] -> [0, 5, 0] -> [0, 5, 0, 1] -> [0, 5, 0, 1, 2] -> [0, 5, 0, 1, 2, 0] -> [0, 5, 0, 1, 2, 0, 1]
MultithreadBFS: 7.98 ms, [] -> [0] -> [0, 4] -> [0, 4, 5] -> [0, 4, 5, 1] -> [0, 4, 5, 1, 0] -> [0, 4, 5, 1, 0, 5] -> [0, 4, 5, 1, 0, 5, 5]
TasksBFS: 25.52 ms, [] -> [0] -> [0, 0] -> [0, 0, 1] -> [0, 0, 1, 0] -> [0, 0, 1, 0, 2] -> [0, 0, 1, 0, 2, 1] -> [0, 0, 1, 0, 2, 1, 1]
SyncBFS: 585.74 ms, [] -> [0] -> [0, 0] -> [0, 0, 0] -> [0, 0, 0, 0] -> [0, 0, 0, 0, 5] -> [0, 0, 0, 0, 5, 3] -> [0, 0, 0, 0, 5, 3, 0]

problem_07.yaml
TasksBFS: 25.8 ms, [] -> [0] -> [0, 0] -> [0, 0, 4] -> [0, 0, 4, 0] -> [0, 0, 4, 0, 0] -> [0, 0, 4, 0, 0, 1] -> [0, 0, 4, 0, 0, 1, 4]
AsyncStartBFS: 22.2 ms, [] -> [4] -> [4, 1] -> [4, 1, 3] -> [4, 1, 3, 1] -> [4, 1, 3, 1, 5] -> [4, 1, 3, 1, 5, 2] -> [4, 1, 3, 1, 5, 2, 3]
MultithreadBFS: 9.97 ms, [] -> [0] -> [0, 0] -> [0, 0, 4] -> [0, 0, 4, 0] -> [0, 0, 4, 0, 0] -> [0, 0, 4, 0, 0, 1] -> [0, 0, 4, 0, 0, 1, 4]
SyncBFS: 612.42 ms, [] -> [0] -> [0, 0] -> [0, 0, 1] -> [0, 0, 1, 5] -> [0, 0, 1, 5, 5] -> [0, 0, 1, 5, 5, 3] -> [0, 0, 1, 5, 5, 3, 4]

problem_42.yaml
SyncBFS: 299.72 ms, [] -> [0] -> [0, 0] -> [0, 0, 0] -> [0, 0, 0, 0] -> [0, 0, 0, 0, 2] -> [0, 0, 0, 0, 2, 3] -> [0, 0, 0, 0, 2, 3, 3]
TasksBFS: 13.99 ms, [] -> [0] -> [0, 0] -> [0, 0, 0] -> [0, 0, 0, 0] -> [0, 0, 0, 0, 2] -> [0, 0, 0, 0, 2, 3] -> [0, 0, 0, 0, 2, 3, 3]
MultithreadBFS: 5.97 ms, [] -> [0] -> [0, 4] -> [0, 4, 2] -> [0, 4, 2, 1] -> [0, 4, 2, 1, 1] -> [0, 4, 2, 1, 1, 2] -> [0, 4, 2, 1, 1, 2, 2]
AsyncStartBFS: 7.41 ms, [] -> [0] -> [0, 3] -> [0, 3, 1] -> [0, 3, 1, 2] -> [0, 3, 1, 2, 0] -> [0, 3, 1, 2, 0, 0] -> [0, 3, 1, 2, 0, 0, 3]

problem_02.yaml
MultithreadBFS: 7.95 ms, [] -> [4] -> [4, 0] -> [4, 0, 3] -> [4, 0, 3, 1] -> [4, 0, 3, 1, 0] -> [4, 0, 3, 1, 0, 4] -> [4, 0, 3, 1, 0, 4, 2]
AsyncStartBFS: 9.84 ms, [] -> [0] -> [0, 0] -> [0, 0, 2] -> [0, 0, 2, 2] -> [0, 0, 2, 2, 1] -> [0, 0, 2, 2, 1, 4] -> [0, 0, 2, 2, 1, 4, 4]
SyncBFS: 327.76 ms, [] -> [0] -> [0, 0] -> [0, 0, 0] -> [0, 0, 0, 5] -> [0, 0, 0, 5, 5] -> [0, 0, 0, 5, 5, 4] -> [0, 0, 0, 5, 5, 4, 1]
TasksBFS: 14.77 ms, [] -> [0] -> [0, 0] -> [0, 0, 2] -> [0, 0, 2, 2] -> [0, 0, 2, 2, 1] -> [0, 0, 2, 2, 1, 4] -> [0, 0, 2, 2, 1, 4, 4]

problem_29.yaml
MultithreadBFS: 7.39 ms, [] -> [0] -> [0, 0] -> [0, 0, 1] -> [0, 0, 1, 0] -> [0, 0, 1, 0, 0] -> [0, 0, 1, 0, 0, 0] -> [0, 0, 1, 0, 0, 0, 1]
SyncBFS: 543.41 ms, [] -> [0] -> [0, 0] -> [0, 0, 0] -> [0, 0, 0, 2] -> [0, 0, 0, 2, 1] -> [0, 0, 0, 2, 1, 4] -> [0, 0, 0, 2, 1, 4, 4]
TasksBFS: 22.67 ms, [] -> [0] -> [0, 0] -> [0, 0, 1] -> [0, 0, 1, 0] -> [0, 0, 1, 0, 0] -> [0, 0, 1, 0, 0, 0] -> [0, 0, 1, 0, 0, 0, 1]
AsyncStartBFS: 16.02 ms, [] -> [0] -> [0, 3] -> [0, 3, 5] -> [0, 3, 5, 1] -> [0, 3, 5, 1, 3] -> [0, 3, 5, 1, 3, 3] -> [0, 3, 5, 1, 3, 3, 2]

problem_00.yaml
SyncBFS: 520.93 ms, [] -> [1] -> [1, 1] -> [1, 1, 3] -> [1, 1, 3, 1] -> [1, 1, 3, 1, 0] -> [1, 1, 3, 1, 0, 3] -> [1, 1, 3, 1, 0, 3, 1]
TasksBFS: 21.67 ms, [] -> [1] -> [1, 1] -> [1, 1, 3] -> [1, 1, 3, 1] -> [1, 1, 3, 1, 0] -> [1, 1, 3, 1, 0, 3] -> [1, 1, 3, 1, 0, 3, 1]
AsyncStartBFS: 7.41 ms, [] -> [1] -> [1, 3] -> [1, 3, 1] -> [1, 3, 1, 0] -> [1, 3, 1, 0, 0] -> [1, 3, 1, 0, 0, 4] -> [1, 3, 1, 0, 0, 4, 4]
MultithreadBFS: 6.1 ms, [] -> [1] -> [1, 1] -> [1, 1, 3] -> [1, 1, 3, 1] -> [1, 1, 3, 1, 0] -> [1, 1, 3, 1, 0, 3] -> [1, 1, 3, 1, 0, 3, 1]

problem_13.yaml
AsyncStartBFS: 16.37 ms, [] -> [0] -> [0, 1] -> [0, 1, 3] -> [0, 1, 3, 2] -> [0, 1, 3, 2, 1] -> [0, 1, 3, 2, 1, 4] -> [0, 1, 3, 2, 1, 4, 3]
MultithreadBFS: 9.76 ms, [] -> [0] -> [0, 0] -> [0, 0, 1] -> [0, 0, 1, 0] -> [0, 0, 1, 0, 0] -> [0, 0, 1, 0, 0, 0] -> [0, 0, 1, 0, 0, 0, 4]
SyncBFS: 723.28 ms, [] -> [0] -> [0, 0] -> [0, 0, 0] -> [0, 0, 0, 1] -> [0, 0, 0, 1, 5] -> [0, 0, 0, 1, 5, 2] -> [0, 0, 0, 1, 5, 2, 4]
TasksBFS: 30.8 ms, [] -> [0] -> [0, 0] -> [0, 0, 4] -> [0, 0, 4, 1] -> [0, 0, 4, 1, 3] -> [0, 0, 4, 1, 3, 1] -> [0, 0, 4, 1, 3, 1, 1]

problem_16.yaml
AsyncStartBFS: 7.86 ms, [] -> [1] -> [1, 1] -> [1, 1, 2] -> [1, 1, 2, 0] -> [1, 1, 2, 0, 2] -> [1, 1, 2, 0, 2, 5] -> [1, 1, 2, 0, 2, 5, 4]
SyncBFS: 369.27 ms, [] -> [0] -> [0, 0] -> [0, 0, 1] -> [0, 0, 1, 0] -> [0, 0, 1, 0, 4] -> [0, 0, 1, 0, 4, 1] -> [0, 0, 1, 0, 4, 1, 1]
MultithreadBFS: 9.2 ms, [] -> [1] -> [1, 1] -> [1, 1, 0] -> [1, 1, 0, 1] -> [1, 1, 0, 1, 0] -> [1, 1, 0, 1, 0, 5] -> [1, 1, 0, 1, 0, 5, 1]
TasksBFS: 17.16 ms, [] -> [0] -> [0, 0] -> [0, 0, 1] -> [0, 0, 1, 3] -> [0, 0, 1, 3, 3] -> [0, 0, 1, 3, 3, 2] -> [0, 0, 1, 3, 3, 2, 3]

problem_20.yaml
AsyncStartBFS: 8.6 ms, [] -> [0] -> [0, 3] -> [0, 3, 1] -> [0, 3, 1, 0] -> [0, 3, 1, 0, 1] -> [0, 3, 1, 0, 1, 1] -> [0, 3, 1, 0, 1, 1, 1]
MultithreadBFS: 8.62 ms, [] -> [0] -> [0, 2] -> [0, 2, 5] -> [0, 2, 5, 0] -> [0, 2, 5, 0, 0] -> [0, 2, 5, 0, 0, 4] -> [0, 2, 5, 0, 0, 4, 0]
SyncBFS: 483.2 ms, [] -> [0] -> [0, 1] -> [0, 1, 0] -> [0, 1, 0, 0] -> [0, 1, 0, 0, 4] -> [0, 1, 0, 0, 4, 5] -> [0, 1, 0, 0, 4, 5, 3]
TasksBFS: 24.9 ms, [] -> [0] -> [0, 2] -> [0, 2, 5] -> [0, 2, 5, 0] -> [0, 2, 5, 0, 0] -> [0, 2, 5, 0, 0, 4] -> [0, 2, 5, 0, 0, 4, 0]

problem_18.yaml
TasksBFS: 29.76 ms, [] -> [0] -> [0, 0] -> [0, 0, 4] -> [0, 0, 4, 1] -> [0, 0, 4, 1, 4] -> [0, 0, 4, 1, 4, 5] -> [0, 0, 4, 1, 4, 5, 0]
SyncBFS: 784.2 ms, [] -> [0] -> [0, 0] -> [0, 0, 1] -> [0, 0, 1, 2] -> [0, 0, 1, 2, 2] -> [0, 0, 1, 2, 2, 5] -> [0, 0, 1, 2, 2, 5, 0]
AsyncStartBFS: 15.67 ms, [] -> [2] -> [2, 5] -> [2, 5, 1] -> [2, 5, 1, 2] -> [2, 5, 1, 2, 4] -> [2, 5, 1, 2, 4, 3] -> [2, 5, 1, 2, 4, 3, 1]
MultithreadBFS: 12.11 ms, [] -> [0] -> [0, 0] -> [0, 0, 4] -> [0, 0, 4, 1] -> [0, 0, 4, 1, 4] -> [0, 0, 4, 1, 4, 5] -> [0, 0, 4, 1, 4, 5, 0]

problem_05.yaml
TasksBFS: 29.31 ms, [] -> [0] -> [0, 2] -> [0, 2, 1] -> [0, 2, 1, 0] -> [0, 2, 1, 0, 1] -> [0, 2, 1, 0, 1, 2] -> [0, 2, 1, 0, 1, 2, 0]
AsyncStartBFS: 28.21 ms, [] -> [2] -> [2, 2] -> [2, 2, 0] -> [2, 2, 0, 2] -> [2, 2, 0, 2, 2] -> [2, 2, 0, 2, 2, 1] -> [2, 2, 0, 2, 2, 1, 1]
SyncBFS: 759.31 ms, [] -> [0] -> [0, 0] -> [0, 0, 1] -> [0, 0, 1, 4] -> [0, 0, 1, 4, 0] -> [0, 0, 1, 4, 0, 3] -> [0, 0, 1, 4, 0, 3, 4]
MultithreadBFS: 10.96 ms, [] -> [0] -> [0, 0] -> [0, 0, 2] -> [0, 0, 2, 0] -> [0, 0, 2, 0, 3] -> [0, 0, 2, 0, 3, 2] -> [0, 0, 2, 0, 3, 2, 4]

problem_15.yaml
SyncBFS: 763.85 ms, [] -> [0] -> [0, 0] -> [0, 0, 0] -> [0, 0, 0, 1] -> [0, 0, 0, 1, 2] -> [0, 0, 0, 1, 2, 4] -> [0, 0, 0, 1, 2, 4, 0]
MultithreadBFS: 7.54 ms, [] -> [0] -> [0, 0] -> [0, 0, 2] -> [0, 0, 2, 1] -> [0, 0, 2, 1, 1] -> [0, 0, 2, 1, 1, 1] -> [0, 0, 2, 1, 1, 1, 3]
TasksBFS: 23.17 ms, [] -> [0] -> [0, 0] -> [0, 0, 2] -> [0, 0, 2, 1] -> [0, 0, 2, 1, 1] -> [0, 0, 2, 1, 1, 1] -> [0, 0, 2, 1, 1, 1, 3]
AsyncStartBFS: 10.24 ms, [] -> [0] -> [0, 0] -> [0, 0, 4] -> [0, 0, 4, 3] -> [0, 0, 4, 3, 1] -> [0, 0, 4, 3, 1, 4] -> [0, 0, 4, 3, 1, 4, 3]

problem_17.yaml
MultithreadBFS: 16.52 ms, [] -> [0] -> [0, 0] -> [0, 0, 0] -> [0, 0, 0, 1] -> [0, 0, 0, 1, 2] -> [0, 0, 0, 1, 2, 1] -> [0, 0, 0, 1, 2, 1, 0]
AsyncStartBFS: 24.82 ms, [] -> [1] -> [1, 0] -> [1, 0, 0] -> [1, 0, 0, 0] -> [1, 0, 0, 0, 1] -> [1, 0, 0, 0, 1, 4] -> [1, 0, 0, 0, 1, 4, 2]
SyncBFS: 848 ms, [] -> [0] -> [0, 0] -> [0, 0, 0] -> [0, 0, 0, 1] -> [0, 0, 0, 1, 2] -> [0, 0, 0, 1, 2, 1] -> [0, 0, 0, 1, 2, 1, 0]
TasksBFS: 31.04 ms, [] -> [0] -> [0, 0] -> [0, 0, 0] -> [0, 0, 0, 1] -> [0, 0, 0, 1, 2] -> [0, 0, 0, 1, 2, 1] -> [0, 0, 0, 1, 2, 1, 0]

problem_37.yaml
SyncBFS: 566.86 ms, [] -> [0] -> [0, 0] -> [0, 0, 2] -> [0, 0, 2, 3] -> [0, 0, 2, 3, 1] -> [0, 0, 2, 3, 1, 0] -> [0, 0, 2, 3, 1, 0, 3]
AsyncStartBFS: 16.22 ms, [] -> [0] -> [0, 4] -> [0, 4, 4] -> [0, 4, 4, 0] -> [0, 4, 4, 0, 1] -> [0, 4, 4, 0, 1, 5] -> [0, 4, 4, 0, 1, 5, 3]
TasksBFS: 24.67 ms, [] -> [0] -> [0, 4] -> [0, 4, 5] -> [0, 4, 5, 0] -> [0, 4, 5, 0, 0] -> [0, 4, 5, 0, 0, 1] -> [0, 4, 5, 0, 0, 1, 3]
MultithreadBFS: 8.21 ms, [] -> [0] -> [0, 4] -> [0, 4, 4] -> [0, 4, 4, 0] -> [0, 4, 4, 0, 1] -> [0, 4, 4, 0, 1, 5] -> [0, 4, 4, 0, 1, 5, 3]

problem_22.yaml
TasksBFS: 13.76 ms, [] -> [2] -> [2, 1] -> [2, 1, 4] -> [2, 1, 4, 0] -> [2, 1, 4, 0, 2] -> [2, 1, 4, 0, 2, 2] -> [2, 1, 4, 0, 2, 2, 2]
SyncBFS: 305.78 ms, [] -> [2] -> [2, 1] -> [2, 1, 0] -> [2, 1, 0, 4] -> [2, 1, 0, 4, 1] -> [2, 1, 0, 4, 1, 1] -> [2, 1, 0, 4, 1, 1, 4]
MultithreadBFS: 7.21 ms, [] -> [3] -> [3, 1] -> [3, 1, 2] -> [3, 1, 2, 1] -> [3, 1, 2, 1, 3] -> [3, 1, 2, 1, 3, 2] -> [3, 1, 2, 1, 3, 2, 4]
AsyncStartBFS: 7.22 ms, [] -> [2] -> [2, 1] -> [2, 1, 3] -> [2, 1, 3, 0] -> [2, 1, 3, 0, 3] -> [2, 1, 3, 0, 3, 0] -> [2, 1, 3, 0, 3, 0, 4]

problem_23.yaml
SyncBFS: 680.08 ms, [] -> [0] -> [0, 0] -> [0, 0, 1] -> [0, 0, 1, 5] -> [0, 0, 1, 5, 2] -> [0, 0, 1, 5, 2, 2] -> [0, 0, 1, 5, 2, 2, 4]
MultithreadBFS: 8.41 ms, [] -> [0] -> [0, 4] -> [0, 4, 4] -> [0, 4, 4, 0] -> [0, 4, 4, 0, 1] -> [0, 4, 4, 0, 1, 3] -> [0, 4, 4, 0, 1, 3, 3]
AsyncStartBFS: 15.06 ms, [] -> [0] -> [0, 4] -> [0, 4, 4] -> [0, 4, 4, 0] -> [0, 4, 4, 0, 1] -> [0, 4, 4, 0, 1, 3] -> [0, 4, 4, 0, 1, 3, 3]
TasksBFS: 24.25 ms, [] -> [0] -> [0, 4] -> [0, 4, 0] -> [0, 4, 0, 0] -> [0, 4, 0, 0, 0] -> [0, 4, 0, 0, 0, 3] -> [0, 4, 0, 0, 0, 3, 1]

problem_25.yaml
MultithreadBFS: 8.32 ms, [] -> [0] -> [0, 2] -> [0, 2, 4] -> [0, 2, 4, 0] -> [0, 2, 4, 0, 2] -> [0, 2, 4, 0, 2, 2] -> [0, 2, 4, 0, 2, 2, 2]
SyncBFS: 481.21 ms, [] -> [0] -> [0, 0] -> [0, 0, 0] -> [0, 0, 0, 2] -> [0, 0, 0, 2, 3] -> [0, 0, 0, 2, 3, 0] -> [0, 0, 0, 2, 3, 0, 3]
TasksBFS: 26.01 ms, [] -> [0] -> [0, 1] -> [0, 1, 4] -> [0, 1, 4, 0] -> [0, 1, 4, 0, 2] -> [0, 1, 4, 0, 2, 0] -> [0, 1, 4, 0, 2, 0, 1]
AsyncStartBFS: 16.11 ms, [] -> [0] -> [0, 2] -> [0, 2, 4] -> [0, 2, 4, 0] -> [0, 2, 4, 0, 2] -> [0, 2, 4, 0, 2, 2] -> [0, 2, 4, 0, 2, 2, 2]

problem_27.yaml
SyncBFS: 596.22 ms, [] -> [0] -> [0, 0] -> [0, 0, 0] -> [0, 0, 0, 0] -> [0, 0, 0, 0, 3] -> [0, 0, 0, 0, 3, 0] -> [0, 0, 0, 0, 3, 0, 4]
MultithreadBFS: 6.59 ms, [] -> [0] -> [0, 2] -> [0, 2, 5] -> [0, 2, 5, 1] -> [0, 2, 5, 1, 0] -> [0, 2, 5, 1, 0, 3] -> [0, 2, 5, 1, 0, 3, 3]
AsyncStartBFS: 5.61 ms, [] -> [0] -> [0, 2] -> [0, 2, 5] -> [0, 2, 5, 1] -> [0, 2, 5, 1, 0] -> [0, 2, 5, 1, 0, 3] -> [0, 2, 5, 1, 0, 3, 3]
TasksBFS: 26.88 ms, [] -> [0] -> [0, 0] -> [0, 0, 0] -> [0, 0, 0, 0] -> [0, 0, 0, 0, 3] -> [0, 0, 0, 0, 3, 0] -> [0, 0, 0, 0, 3, 0, 4]

problem_26.yaml
TasksBFS: 25.38 ms, [] -> [0] -> [0, 2] -> [0, 2, 3] -> [0, 2, 3, 0] -> [0, 2, 3, 0, 2] -> [0, 2, 3, 0, 2, 0] -> [0, 2, 3, 0, 2, 0, 0]
MultithreadBFS: 7.3 ms, [] -> [0] -> [0, 2] -> [0, 2, 3] -> [0, 2, 3, 0] -> [0, 2, 3, 0, 2] -> [0, 2, 3, 0, 2, 0] -> [0, 2, 3, 0, 2, 0, 0]
AsyncStartBFS: 12.6 ms, [] -> [1] -> [1, 1] -> [1, 1, 3] -> [1, 1, 3, 0] -> [1, 1, 3, 0, 1] -> [1, 1, 3, 0, 1, 2] -> [1, 1, 3, 0, 1, 2, 0]
SyncBFS: 444.96 ms, [] -> [0] -> [0, 0] -> [0, 0, 0] -> [0, 0, 0, 2] -> [0, 0, 0, 2, 3] -> [0, 0, 0, 2, 3, 2] -> [0, 0, 0, 2, 3, 2, 5]

problem_14.yaml
AsyncStartBFS: 16.56 ms, [] -> [4] -> [4, 4] -> [4, 4, 4] -> [4, 4, 4, 3] -> [4, 4, 4, 3, 5] -> [4, 4, 4, 3, 5, 4] -> [4, 4, 4, 3, 5, 4, 2]
TasksBFS: 18.54 ms, [] -> [2] -> [2, 1] -> [2, 1, 2] -> [2, 1, 2, 1] -> [2, 1, 2, 1, 2] -> [2, 1, 2, 1, 2, 3] -> [2, 1, 2, 1, 2, 3, 3]
MultithreadBFS: 6.65 ms, [] -> [1] -> [1, 3] -> [1, 3, 5] -> [1, 3, 5, 0] -> [1, 3, 5, 0, 0] -> [1, 3, 5, 0, 0, 3] -> [1, 3, 5, 0, 0, 3, 2]
SyncBFS: 548.95 ms, [] -> [1] -> [1, 1] -> [1, 1, 1] -> [1, 1, 1, 0] -> [1, 1, 1, 0, 2] -> [1, 1, 1, 0, 2, 4] -> [1, 1, 1, 0, 2, 4, 3]

problem_28.yaml
SyncBFS: 660.1 ms, [] -> [0] -> [0, 0] -> [0, 0, 0] -> [0, 0, 0, 0] -> [0, 0, 0, 0, 1] -> [0, 0, 0, 0, 1, 1] -> [0, 0, 0, 0, 1, 1, 0]
AsyncStartBFS: 15.62 ms, [] -> [0] -> [0, 2] -> [0, 2, 4] -> [0, 2, 4, 1] -> [0, 2, 4, 1, 0] -> [0, 2, 4, 1, 0, 5] -> [0, 2, 4, 1, 0, 5, 5]
TasksBFS: 20.87 ms, [] -> [0] -> [0, 1] -> [0, 1, 2] -> [0, 1, 2, 0] -> [0, 1, 2, 0, 2] -> [0, 1, 2, 0, 2, 3] -> [0, 1, 2, 0, 2, 3, 2]
MultithreadBFS: 7.15 ms, [] -> [0] -> [0, 1] -> [0, 1, 2] -> [0, 1, 2, 0] -> [0, 1, 2, 0, 2] -> [0, 1, 2, 0, 2, 3] -> [0, 1, 2, 0, 2, 3, 2]


[INFO] Results summary:
MultithreadBFS
	Average: 8.6342 ms
	Median: 7.965 ms
	Standard Deviation: 3.06749 ms
AsyncStartBFS
	Average: 13.151 ms
	Median: 12.815 ms
	Standard Deviation: 5.12235 ms
TasksBFS
	Average: 23.057 ms
	Median: 24.13 ms
	Standard Deviation: 4.86585 ms
SyncBFS
	Average: 560.006 ms
	Median: 553.39 ms
	Standard Deviation: 160.122 ms
