problem_49.yaml
MultithreadBFS: 1.95 ms, [] -> [1] -> [1, 1] -> [1, 1, 5] -> [1, 1, 5, 0] -> [1, 1, 5, 0, 1] -> [1, 1, 5, 0, 1, 0] -> [1, 1, 5, 0, 1, 0, 5]
AsyncStartBFS: 1.79 ms, [] -> [1] -> [1, 1] -> [1, 1, 5] -> [1, 1, 5, 0] -> [1, 1, 5, 0, 1] -> [1, 1, 5, 0, 1, 0] -> [1, 1, 5, 0, 1, 0, 5]
SyncBFS: 72.37 ms, [] -> [1] -> [1, 0] -> [1, 0, 0] -> [1, 0, 0, 0] -> [1, 0, 0, 0, 4] -> [1, 0, 0, 0, 4, 2] -> [1, 0, 0, 0, 4, 2, 4]
TasksBFS: 5.56 ms, [] -> [1] -> [1, 0] -> [1, 0, 0] -> [1, 0, 0, 0] -> [1, 0, 0, 0, 4] -> [1, 0, 0, 0, 4, 2] -> [1, 0, 0, 0, 4, 2, 4]

problem_48.yaml
AsyncStartBFS: 1.77 ms, [] -> [1] -> [1, 1] -> [1, 1, 2] -> [1, 1, 2, 0] -> [1, 1, 2, 0, 0] -> [1, 1, 2, 0, 0, 2] -> [1, 1, 2, 0, 0, 2, 1]
TasksBFS: 5.38 ms, [] -> [1] -> [1, 1] -> [1, 1, 5] -> [1, 1, 5, 0] -> [1, 1, 5, 0, 1] -> [1, 1, 5, 0, 1, 4] -> [1, 1, 5, 0, 1, 4, 0]
MultithreadBFS: 1.8 ms, [] -> [1] -> [1, 1] -> [1, 1, 2] -> [1, 1, 2, 0] -> [1, 1, 2, 0, 0] -> [1, 1, 2, 0, 0, 2] -> [1, 1, 2, 0, 0, 2, 1]
SyncBFS: 85.46 ms, [] -> [1] -> [1, 0] -> [1, 0, 1] -> [1, 0, 1, 3] -> [1, 0, 1, 3, 5] -> [1, 0, 1, 3, 5, 3] -> [1, 0, 1, 3, 5, 3, 5]

problem_45.yaml
SyncBFS: 108.76 ms, [] -> [0] -> [0, 1] -> [0, 1, 0] -> [0, 1, 0, 0] -> [0, 1, 0, 0, 5] -> [0, 1, 0, 0, 5, 3] -> [0, 1, 0, 0, 5, 3, 2]
TasksBFS: 6.41 ms, [] -> [0] -> [0, 4] -> [0, 4, 3] -> [0, 4, 3, 1] -> [0, 4, 3, 1, 1] -> [0, 4, 3, 1, 1, 0] -> [0, 4, 3, 1, 1, 0, 1]
AsyncStartBFS: 1.86 ms, [] -> [0] -> [0, 4] -> [0, 4, 3] -> [0, 4, 3, 1] -> [0, 4, 3, 1, 1] -> [0, 4, 3, 1, 1, 0] -> [0, 4, 3, 1, 1, 0, 1]
MultithreadBFS: 2.07 ms, [] -> [0] -> [0, 1] -> [0, 1, 0] -> [0, 1, 0, 0] -> [0, 1, 0, 0, 5] -> [0, 1, 0, 0, 5, 3] -> [0, 1, 0, 0, 5, 3, 2]

problem_43.yaml
MultithreadBFS: 2.26 ms, [] -> [0] -> [0, 0] -> [0, 0, 0] -> [0, 0, 0, 1] -> [0, 0, 0, 1, 5] -> [0, 0, 0, 1, 5, 0] -> [0, 0, 0, 1, 5, 0, 1]
SyncBFS: 126.22 ms, [] -> [0] -> [0, 0] -> [0, 0, 0] -> [0, 0, 0, 1] -> [0, 0, 0, 1, 5] -> [0, 0, 0, 1, 5, 0] -> [0, 0, 0, 1, 5, 0, 1]
TasksBFS: 5.85 ms, [] -> [0] -> [0, 0] -> [0, 0, 0] -> [0, 0, 0, 1] -> [0, 0, 0, 1, 5] -> [0, 0, 0, 1, 5, 0] -> [0, 0, 0, 1, 5, 0, 1]
AsyncStartBFS: 2.2 ms, [] -> [0] -> [0, 0] -> [0, 0, 0] -> [0, 0, 0, 1] -> [0, 0, 0, 1, 5] -> [0, 0, 0, 1, 5, 0] -> [0, 0, 0, 1, 5, 0, 1]

problem_41.yaml
TasksBFS: 3.12 ms, [] -> [0] -> [0, 3] -> [0, 3, 0] -> [0, 3, 0, 2] -> [0, 3, 0, 2, 0] -> [0, 3, 0, 2, 0, 3] -> [0, 3, 0, 2, 0, 3, 3]
MultithreadBFS: 1.61 ms, [] -> [2] -> [2, 1] -> [2, 1, 3] -> [2, 1, 3, 2] -> [2, 1, 3, 2, 3] -> [2, 1, 3, 2, 3, 3] -> [2, 1, 3, 2, 3, 3, 5]
SyncBFS: 50.15 ms, [] -> [0] -> [0, 2] -> [0, 2, 1] -> [0, 2, 1, 3] -> [0, 2, 1, 3, 5] -> [0, 2, 1, 3, 5, 5] -> [0, 2, 1, 3, 5, 5, 3]
AsyncStartBFS: 2.08 ms, [] -> [2] -> [2, 1] -> [2, 1, 3] -> [2, 1, 3, 2] -> [2, 1, 3, 2, 3] -> [2, 1, 3, 2, 3, 3] -> [2, 1, 3, 2, 3, 3, 5]

problem_39.yaml
TasksBFS: 4.88 ms, [] -> [2] -> [2, 1] -> [2, 1, 0] -> [2, 1, 0, 1] -> [2, 1, 0, 1, 3] -> [2, 1, 0, 1, 3, 5] -> [2, 1, 0, 1, 3, 5, 4]
AsyncStartBFS: 1.67 ms, [] -> [2] -> [2, 0] -> [2, 0, 0] -> [2, 0, 0, 0] -> [2, 0, 0, 0, 0] -> [2, 0, 0, 0, 0, 4] -> [2, 0, 0, 0, 0, 4, 4]
SyncBFS: 80.15 ms, [] -> [2] -> [2, 0] -> [2, 0, 0] -> [2, 0, 0, 0] -> [2, 0, 0, 0, 0] -> [2, 0, 0, 0, 0, 4] -> [2, 0, 0, 0, 0, 4, 4]
MultithreadBFS: 2.45 ms, [] -> [2] -> [2, 0] -> [2, 0, 0] -> [2, 0, 0, 0] -> [2, 0, 0, 0, 0] -> [2, 0, 0, 0, 0, 4] -> [2, 0, 0, 0, 0, 4, 4]

problem_38.yaml
TasksBFS: 4.68 ms, [] -> [0] -> [0, 0] -> [0, 0, 2] -> [0, 0, 2, 0] -> [0, 0, 2, 0, 3] -> [0, 0, 2, 0, 3, 5] -> [0, 0, 2, 0, 3, 5, 5]
SyncBFS: 71.79 ms, [] -> [0] -> [0, 0] -> [0, 0, 2] -> [0, 0, 2, 0] -> [0, 0, 2, 0, 3] -> [0, 0, 2, 0, 3, 5] -> [0, 0, 2, 0, 3, 5, 5]
AsyncStartBFS: 2.33 ms, [] -> [0] -> [0, 3] -> [0, 3, 0] -> [0, 3, 0, 2] -> [0, 3, 0, 2, 0] -> [0, 3, 0, 2, 0, 0] -> [0, 3, 0, 2, 0, 0, 5]
MultithreadBFS: 1.48 ms, [] -> [0] -> [0, 3] -> [0, 3, 0] -> [0, 3, 0, 2] -> [0, 3, 0, 2, 0] -> [0, 3, 0, 2, 0, 0] -> [0, 3, 0, 2, 0, 0, 5]

problem_36.yaml
AsyncStartBFS: 2.02 ms, [] -> [0] -> [0, 3] -> [0, 3, 2] -> [0, 3, 2, 0] -> [0, 3, 2, 0, 1] -> [0, 3, 2, 0, 1, 2] -> [0, 3, 2, 0, 1, 2, 4]
SyncBFS: 92.53 ms, [] -> [0] -> [0, 0] -> [0, 0, 2] -> [0, 0, 2, 2] -> [0, 0, 2, 2, 1] -> [0, 0, 2, 2, 1, 5] -> [0, 0, 2, 2, 1, 5, 2]
MultithreadBFS: 3.04 ms, [] -> [0] -> [0, 3] -> [0, 3, 2] -> [0, 3, 2, 0] -> [0, 3, 2, 0, 1] -> [0, 3, 2, 0, 1, 2] -> [0, 3, 2, 0, 1, 2, 4]
TasksBFS: 5.39 ms, [] -> [0] -> [0, 3] -> [0, 3, 2] -> [0, 3, 2, 0] -> [0, 3, 2, 0, 1] -> [0, 3, 2, 0, 1, 2] -> [0, 3, 2, 0, 1, 2, 4]

problem_44.yaml
TasksBFS: 5.45 ms, [] -> [0] -> [0, 0] -> [0, 0, 1] -> [0, 0, 1, 0] -> [0, 0, 1, 0, 3] -> [0, 0, 1, 0, 3, 1] -> [0, 0, 1, 0, 3, 1, 5]
MultithreadBFS: 1.96 ms, [] -> [0] -> [0, 0] -> [0, 0, 1] -> [0, 0, 1, 0] -> [0, 0, 1, 0, 3] -> [0, 0, 1, 0, 3, 1] -> [0, 0, 1, 0, 3, 1, 5]
AsyncStartBFS: 1.84 ms, [] -> [0] -> [0, 0] -> [0, 0, 1] -> [0, 0, 1, 0] -> [0, 0, 1, 0, 3] -> [0, 0, 1, 0, 3, 1] -> [0, 0, 1, 0, 3, 1, 5]
SyncBFS: 94.52 ms, [] -> [0] -> [0, 0] -> [0, 0, 1] -> [0, 0, 1, 0] -> [0, 0, 1, 0, 3] -> [0, 0, 1, 0, 3, 1] -> [0, 0, 1, 0, 3, 1, 5]

problem_35.yaml
TasksBFS: 3.89 ms, [] -> [2] -> [2, 0] -> [2, 0, 4] -> [2, 0, 4, 1] -> [2, 0, 4, 1, 2] -> [2, 0, 4, 1, 2, 4] -> [2, 0, 4, 1, 2, 4, 1]
MultithreadBFS: 1.45 ms, [] -> [3] -> [3, 1] -> [3, 1, 0] -> [3, 1, 0, 0] -> [3, 1, 0, 0, 0] -> [3, 1, 0, 0, 0, 2] -> [3, 1, 0, 0, 0, 2, 0]
AsyncStartBFS: 2 ms, [] -> [3] -> [3, 1] -> [3, 1, 0] -> [3, 1, 0, 0] -> [3, 1, 0, 0, 0] -> [3, 1, 0, 0, 0, 2] -> [3, 1, 0, 0, 0, 2, 0]
SyncBFS: 60.97 ms, [] -> [2] -> [2, 0] -> [2, 0, 0] -> [2, 0, 0, 2] -> [2, 0, 0, 2, 5] -> [2, 0, 0, 2, 5, 1] -> [2, 0, 0, 2, 5, 1, 5]

problem_46.yaml
SyncBFS: 49.72 ms, [] -> [0] -> [0, 0] -> [0, 0, 0] -> [0, 0, 0, 2] -> [0, 0, 0, 2, 0] -> [0, 0, 0, 2, 0, 1] -> [0, 0, 0, 2, 0, 1, 5]
MultithreadBFS: 2.22 ms, [] -> [0] -> [0, 1] -> [0, 1, 2] -> [0, 1, 2, 0] -> [0, 1, 2, 0, 3] -> [0, 1, 2, 0, 3, 0] -> [0, 1, 2, 0, 3, 0, 0]
AsyncStartBFS: 1.65 ms, [] -> [0] -> [0, 1] -> [0, 1, 2] -> [0, 1, 2, 0] -> [0, 1, 2, 0, 3] -> [0, 1, 2, 0, 3, 0] -> [0, 1, 2, 0, 3, 0, 0]
TasksBFS: 3.33 ms, [] -> [0] -> [0, 0] -> [0, 0, 0] -> [0, 0, 0, 2] -> [0, 0, 0, 2, 0] -> [0, 0, 0, 2, 0, 1] -> [0, 0, 0, 2, 0, 1, 5]

problem_34.yaml
AsyncStartBFS: 1.73 ms, [] -> [0] -> [0, 1] -> [0, 1, 1] -> [0, 1, 1, 0] -> [0, 1, 1, 0, 0] -> [0, 1, 1, 0, 0, 0] -> [0, 1, 1, 0, 0, 0, 1]
SyncBFS: 110.21 ms, [] -> [0] -> [0, 0] -> [0, 0, 0] -> [0, 0, 0, 4] -> [0, 0, 0, 4, 5] -> [0, 0, 0, 4, 5, 4] -> [0, 0, 0, 4, 5, 4, 1]
TasksBFS: 5.43 ms, [] -> [0] -> [0, 1] -> [0, 1, 1] -> [0, 1, 1, 0] -> [0, 1, 1, 0, 0] -> [0, 1, 1, 0, 0, 0] -> [0, 1, 1, 0, 0, 0, 1]
MultithreadBFS: 1.59 ms, [] -> [0] -> [0, 1] -> [0, 1, 1] -> [0, 1, 1, 0] -> [0, 1, 1, 0, 0] -> [0, 1, 1, 0, 0, 0] -> [0, 1, 1, 0, 0, 0, 1]

problem_32.yaml
AsyncStartBFS: 2.32 ms, [] -> [3] -> [3, 2] -> [3, 2, 0] -> [3, 2, 0, 0] -> [3, 2, 0, 0, 0] -> [3, 2, 0, 0, 0, 3] -> [3, 2, 0, 0, 0, 3, 4]
MultithreadBFS: 2.32 ms, [] -> [3] -> [3, 2] -> [3, 2, 0] -> [3, 2, 0, 0] -> [3, 2, 0, 0, 0] -> [3, 2, 0, 0, 0, 3] -> [3, 2, 0, 0, 0, 3, 4]
TasksBFS: 3.3 ms, [] -> [2] -> [2, 1] -> [2, 1, 2] -> [2, 1, 2, 4] -> [2, 1, 2, 4, 5] -> [2, 1, 2, 4, 5, 3] -> [2, 1, 2, 4, 5, 3, 4]
SyncBFS: 50.65 ms, [] -> [2] -> [2, 1] -> [2, 1, 1] -> [2, 1, 1, 1] -> [2, 1, 1, 1, 4] -> [2, 1, 1, 1, 4, 3] -> [2, 1, 1, 1, 4, 3, 2]

problem_31.yaml
AsyncStartBFS: 1.65 ms, [] -> [0] -> [0, 5] -> [0, 5, 3] -> [0, 5, 3, 2] -> [0, 5, 3, 2, 0] -> [0, 5, 3, 2, 0, 5] -> [0, 5, 3, 2, 0, 5, 2]
SyncBFS: 84.48 ms, [] -> [0] -> [0, 1] -> [0, 1, 3] -> [0, 1, 3, 5] -> [0, 1, 3, 5, 4] -> [0, 1, 3, 5, 4, 5] -> [0, 1, 3, 5, 4, 5, 5]
MultithreadBFS: 2.55 ms, [] -> [0] -> [0, 1] -> [0, 1, 4] -> [0, 1, 4, 2] -> [0, 1, 4, 2, 5] -> [0, 1, 4, 2, 5, 0] -> [0, 1, 4, 2, 5, 0, 0]
TasksBFS: 5.43 ms, [] -> [0] -> [0, 5] -> [0, 5, 3] -> [0, 5, 3, 2] -> [0, 5, 3, 2, 0] -> [0, 5, 3, 2, 0, 5] -> [0, 5, 3, 2, 0, 5, 2]

problem_30.yaml
MultithreadBFS: 1.93 ms, [] -> [0] -> [0, 0] -> [0, 0, 4] -> [0, 0, 4, 0] -> [0, 0, 4, 0, 1] -> [0, 0, 4, 0, 1, 5] -> [0, 0, 4, 0, 1, 5, 2]
TasksBFS: 5 ms, [] -> [0] -> [0, 0] -> [0, 0, 1] -> [0, 0, 1, 0] -> [0, 0, 1, 0, 2] -> [0, 0, 1, 0, 2, 1] -> [0, 0, 1, 0, 2, 1, 2]
SyncBFS: 68.92 ms, [] -> [0] -> [0, 0] -> [0, 0, 1] -> [0, 0, 1, 0] -> [0, 0, 1, 0, 2] -> [0, 0, 1, 0, 2, 1] -> [0, 0, 1, 0, 2, 1, 2]
AsyncStartBFS: 2.33 ms, [] -> [0] -> [0, 0] -> [0, 0, 4] -> [0, 0, 4, 0] -> [0, 0, 4, 0, 1] -> [0, 0, 4, 0, 1, 5] -> [0, 0, 4, 0, 1, 5, 2]

problem_10.yaml
SyncBFS: 125.96 ms, [] -> [0] -> [0, 0] -> [0, 0, 0] -> [0, 0, 0, 1] -> [0, 0, 0, 1, 2] -> [0, 0, 0, 1, 2, 1] -> [0, 0, 0, 1, 2, 1, 2]
TasksBFS: 6.89 ms, [] -> [0] -> [0, 0] -> [0, 0, 3] -> [0, 0, 3, 1] -> [0, 0, 3, 1, 1] -> [0, 0, 3, 1, 1, 3] -> [0, 0, 3, 1, 1, 3, 5]
MultithreadBFS: 2.03 ms, [] -> [0] -> [0, 0] -> [0, 0, 3] -> [0, 0, 3, 1] -> [0, 0, 3, 1, 1] -> [0, 0, 3, 1, 1, 3] -> [0, 0, 3, 1, 1, 3, 5]
AsyncStartBFS: 1.93 ms, [] -> [0] -> [0, 0] -> [0, 0, 3] -> [0, 0, 3, 1] -> [0, 0, 3, 1, 1] -> [0, 0, 3, 1, 1, 3] -> [0, 0, 3, 1, 1, 3, 5]

problem_09.yaml
TasksBFS: 3.69 ms, [] -> [0] -> [0, 0] -> [0, 0, 2] -> [0, 0, 2, 4] -> [0, 0, 2, 4, 4] -> [0, 0, 2, 4, 4, 1] -> [0, 0, 2, 4, 4, 1, 5]
MultithreadBFS: 1.87 ms, [] -> [4] -> [4, 2] -> [4, 2, 3] -> [4, 2, 3, 0] -> [4, 2, 3, 0, 5] -> [4, 2, 3, 0, 5, 1] -> [4, 2, 3, 0, 5, 1, 1]
SyncBFS: 49.99 ms, [] -> [0] -> [0, 0] -> [0, 0, 0] -> [0, 0, 0, 5] -> [0, 0, 0, 5, 3] -> [0, 0, 0, 5, 3, 4] -> [0, 0, 0, 5, 3, 4, 2]
AsyncStartBFS: 2.07 ms, [] -> [0] -> [0, 5] -> [0, 5, 0] -> [0, 5, 0, 2] -> [0, 5, 0, 2, 1] -> [0, 5, 0, 2, 1, 5] -> [0, 5, 0, 2, 1, 5, 0]

problem_12.yaml
TasksBFS: 4.7 ms, [] -> [0] -> [0, 2] -> [0, 2, 1] -> [0, 2, 1, 1] -> [0, 2, 1, 1, 3] -> [0, 2, 1, 1, 3, 4] -> [0, 2, 1, 1, 3, 4, 5]
AsyncStartBFS: 1.74 ms, [] -> [0] -> [0, 2] -> [0, 2, 4] -> [0, 2, 4, 0] -> [0, 2, 4, 0, 0] -> [0, 2, 4, 0, 0, 4] -> [0, 2, 4, 0, 0, 4, 1]
MultithreadBFS: 1.73 ms, [] -> [0] -> [0, 2] -> [0, 2, 4] -> [0, 2, 4, 0] -> [0, 2, 4, 0, 0] -> [0, 2, 4, 0, 0, 4] -> [0, 2, 4, 0, 0, 4, 1]
SyncBFS: 116.03 ms, [] -> [0] -> [0, 1] -> [0, 1, 0] -> [0, 1, 0, 0] -> [0, 1, 0, 0, 3] -> [0, 1, 0, 0, 3, 4] -> [0, 1, 0, 0, 3, 4, 5]

problem_47.yaml
TasksBFS: 5.15 ms, [] -> [0] -> [0, 3] -> [0, 3, 1] -> [0, 3, 1, 0] -> [0, 3, 1, 0, 0] -> [0, 3, 1, 0, 0, 2] -> [0, 3, 1, 0, 0, 2, 5]
MultithreadBFS: 1.72 ms, [] -> [0] -> [0, 3] -> [0, 3, 0] -> [0, 3, 0, 0] -> [0, 3, 0, 0, 0] -> [0, 3, 0, 0, 0, 1] -> [0, 3, 0, 0, 0, 1, 3]
AsyncStartBFS: 1.7 ms, [] -> [0] -> [0, 3] -> [0, 3, 0] -> [0, 3, 0, 0] -> [0, 3, 0, 0, 0] -> [0, 3, 0, 0, 0, 1] -> [0, 3, 0, 0, 0, 1, 3]
SyncBFS: 86.67 ms, [] -> [0] -> [0, 0] -> [0, 0, 0] -> [0, 0, 0, 3] -> [0, 0, 0, 3, 2] -> [0, 0, 0, 3, 2, 4] -> [0, 0, 0, 3, 2, 4, 1]

problem_11.yaml
AsyncStartBFS: 1.6 ms, [] -> [0] -> [0, 5] -> [0, 5, 3] -> [0, 5, 3, 0] -> [0, 5, 3, 0, 0] -> [0, 5, 3, 0, 0, 0] -> [0, 5, 3, 0, 0, 0, 0]
TasksBFS: 4.45 ms, [] -> [0] -> [0, 0] -> [0, 0, 4] -> [0, 0, 4, 3] -> [0, 0, 4, 3, 0] -> [0, 0, 4, 3, 0, 4] -> [0, 0, 4, 3, 0, 4, 5]
MultithreadBFS: 1.53 ms, [] -> [0] -> [0, 5] -> [0, 5, 3] -> [0, 5, 3, 0] -> [0, 5, 3, 0, 0] -> [0, 5, 3, 0, 0, 0] -> [0, 5, 3, 0, 0, 0, 0]
SyncBFS: 63.85 ms, [] -> [0] -> [0, 0] -> [0, 0, 1] -> [0, 0, 1, 3] -> [0, 0, 1, 3, 4] -> [0, 0, 1, 3, 4, 5] -> [0, 0, 1, 3, 4, 5, 2]

problem_01.yaml
MultithreadBFS: 1.26 ms, [] -> [0] -> [0, 3] -> [0, 3, 4] -> [0, 3, 4, 0] -> [0, 3, 4, 0, 1] -> [0, 3, 4, 0, 1, 2] -> [0, 3, 4, 0, 1, 2, 4]
AsyncStartBFS: 1.61 ms, [] -> [0] -> [0, 3] -> [0, 3, 4] -> [0, 3, 4, 0] -> [0, 3, 4, 0, 1] -> [0, 3, 4, 0, 1, 2] -> [0, 3, 4, 0, 1, 2, 4]
SyncBFS: 59.52 ms, [] -> [0] -> [0, 1] -> [0, 1, 0] -> [0, 1, 0, 1] -> [0, 1, 0, 1, 0] -> [0, 1, 0, 1, 0, 2] -> [0, 1, 0, 1, 0, 2, 2]
TasksBFS: 4.02 ms, [] -> [0] -> [0, 1] -> [0, 1, 0] -> [0, 1, 0, 1] -> [0, 1, 0, 1, 0] -> [0, 1, 0, 1, 0, 2] -> [0, 1, 0, 1, 0, 2, 2]

problem_08.yaml
SyncBFS: 64.67 ms, [] -> [0] -> [0, 1] -> [0, 1, 2] -> [0, 1, 2, 3] -> [0, 1, 2, 3, 2] -> [0, 1, 2, 3, 2, 4] -> [0, 1, 2, 3, 2, 4, 3]
TasksBFS: 3.75 ms, [] -> [0] -> [0, 1] -> [0, 1, 4] -> [0, 1, 4, 1] -> [0, 1, 4, 1, 1] -> [0, 1, 4, 1, 1, 0] -> [0, 1, 4, 1, 1, 0, 0]
AsyncStartBFS: 1.93 ms, [] -> [0] -> [0, 3] -> [0, 3, 4] -> [0, 3, 4, 2] -> [0, 3, 4, 2, 0] -> [0, 3, 4, 2, 0, 4] -> [0, 3, 4, 2, 0, 4, 1]
MultithreadBFS: 1.82 ms, [] -> [0] -> [0, 3] -> [0, 3, 4] -> [0, 3, 4, 2] -> [0, 3, 4, 2, 0] -> [0, 3, 4, 2, 0, 4] -> [0, 3, 4, 2, 0, 4, 1]

problem_06.yaml
AsyncStartBFS: 1.63 ms, [] -> [1] -> [1, 0] -> [1, 0, 2] -> [1, 0, 2, 1] -> [1, 0, 2, 1, 0] -> [1, 0, 2, 1, 0, 5] -> [1, 0, 2, 1, 0, 5, 3]
SyncBFS: 98.92 ms, [] -> [1] -> [1, 0] -> [1, 0, 0] -> [1, 0, 0, 0] -> [1, 0, 0, 0, 4] -> [1, 0, 0, 0, 4, 5] -> [1, 0, 0, 0, 4, 5, 0]
MultithreadBFS: 2.47 ms, [] -> [1] -> [1, 0] -> [1, 0, 2] -> [1, 0, 2, 1] -> [1, 0, 2, 1, 0] -> [1, 0, 2, 1, 0, 5] -> [1, 0, 2, 1, 0, 5, 3]
TasksBFS: 5.36 ms, [] -> [1] -> [1, 1] -> [1, 1, 4] -> [1, 1, 4, 0] -> [1, 1, 4, 0, 5] -> [1, 1, 4, 0, 5, 4] -> [1, 1, 4, 0, 5, 4, 3]

problem_19.yaml
MultithreadBFS: 1.46 ms, [] -> [0] -> [0, 4] -> [0, 4, 4] -> [0, 4, 4, 2] -> [0, 4, 4, 2, 0] -> [0, 4, 4, 2, 0, 2] -> [0, 4, 4, 2, 0, 2, 4]
SyncBFS: 98.62 ms, [] -> [0] -> [0, 1] -> [0, 1, 2] -> [0, 1, 2, 2] -> [0, 1, 2, 2, 3] -> [0, 1, 2, 2, 3, 4] -> [0, 1, 2, 2, 3, 4, 1]
AsyncStartBFS: 1.68 ms, [] -> [0] -> [0, 2] -> [0, 2, 0] -> [0, 2, 0, 2] -> [0, 2, 0, 2, 0] -> [0, 2, 0, 2, 0, 3] -> [0, 2, 0, 2, 0, 3, 2]
TasksBFS: 4.8 ms, [] -> [0] -> [0, 2] -> [0, 2, 0] -> [0, 2, 0, 2] -> [0, 2, 0, 2, 0] -> [0, 2, 0, 2, 0, 3] -> [0, 2, 0, 2, 0, 3, 2]

problem_40.yaml
AsyncStartBFS: 2.36 ms, [] -> [0] -> [0, 0] -> [0, 0, 1] -> [0, 0, 1, 0] -> [0, 0, 1, 0, 2] -> [0, 0, 1, 0, 2, 3] -> [0, 0, 1, 0, 2, 3, 3]
SyncBFS: 131.61 ms, [] -> [0] -> [0, 0] -> [0, 0, 0] -> [0, 0, 0, 2] -> [0, 0, 0, 2, 4] -> [0, 0, 0, 2, 4, 5] -> [0, 0, 0, 2, 4, 5, 1]
TasksBFS: 7.08 ms, [] -> [0] -> [0, 0] -> [0, 0, 0] -> [0, 0, 0, 2] -> [0, 0, 0, 2, 4] -> [0, 0, 0, 2, 4, 5] -> [0, 0, 0, 2, 4, 5, 1]
MultithreadBFS: 2.61 ms, [] -> [0] -> [0, 0] -> [0, 0, 1] -> [0, 0, 1, 0] -> [0, 0, 1, 0, 2] -> [0, 0, 1, 0, 2, 3] -> [0, 0, 1, 0, 2, 3, 3]

problem_04.yaml
SyncBFS: 110.38 ms, [] -> [0] -> [0, 1] -> [0, 1, 0] -> [0, 1, 0, 4] -> [0, 1, 0, 4, 4] -> [0, 1, 0, 4, 4, 5] -> [0, 1, 0, 4, 4, 5, 2]
MultithreadBFS: 1.84 ms, [] -> [0] -> [0, 1] -> [0, 1, 5] -> [0, 1, 5, 0] -> [0, 1, 5, 0, 3] -> [0, 1, 5, 0, 3, 4] -> [0, 1, 5, 0, 3, 4, 1]
AsyncStartBFS: 1.81 ms, [] -> [0] -> [0, 1] -> [0, 1, 5] -> [0, 1, 5, 0] -> [0, 1, 5, 0, 3] -> [0, 1, 5, 0, 3, 4] -> [0, 1, 5, 0, 3, 4, 1]
TasksBFS: 5.12 ms, [] -> [0] -> [0, 1] -> [0, 1, 5] -> [0, 1, 5, 0] -> [0, 1, 5, 0, 3] -> [0, 1, 5, 0, 3, 4] -> [0, 1, 5, 0, 3, 4, 1]

problem_33.yaml
SyncBFS: 100.98 ms, [] -> [0] -> [0, 0] -> [0, 0, 1] -> [0, 0, 1, 0] -> [0, 0, 1, 0, 4] -> [0, 0, 1, 0, 4, 1] -> [0, 0, 1, 0, 4, 1, 5]
TasksBFS: 6.87 ms, [] -> [0] -> [0, 1] -> [0, 1, 5] -> [0, 1, 5, 1] -> [0, 1, 5, 1, 1] -> [0, 1, 5, 1, 1, 5] -> [0, 1, 5, 1, 1, 5, 1]
AsyncStartBFS: 2.08 ms, [] -> [0] -> [0, 0] -> [0, 0, 2] -> [0, 0, 2, 0] -> [0, 0, 2, 0, 0] -> [0, 0, 2, 0, 0, 4] -> [0, 0, 2, 0, 0, 4, 5]
MultithreadBFS: 2.1 ms, [] -> [0] -> [0, 0] -> [0, 0, 2] -> [0, 0, 2, 0] -> [0, 0, 2, 0, 0] -> [0, 0, 2, 0, 0, 4] -> [0, 0, 2, 0, 0, 4, 5]

problem_21.yaml
TasksBFS: 3.4 ms, [] -> [1] -> [1, 0] -> [1, 0, 1] -> [1, 0, 1, 1] -> [1, 0, 1, 1, 2] -> [1, 0, 1, 1, 2, 2] -> [1, 0, 1, 1, 2, 2, 5]
MultithreadBFS: 2.31 ms, [] -> [1] -> [1, 5] -> [1, 5, 0] -> [1, 5, 0, 3] -> [1, 5, 0, 3, 5] -> [1, 5, 0, 3, 5, 4] -> [1, 5, 0, 3, 5, 4, 0]
AsyncStartBFS: 2.25 ms, [] -> [4] -> [4, 0] -> [4, 0, 3] -> [4, 0, 3, 1] -> [4, 0, 3, 1, 2] -> [4, 0, 3, 1, 2, 5] -> [4, 0, 3, 1, 2, 5, 5]
SyncBFS: 60.17 ms, [] -> [1] -> [1, 0] -> [1, 0, 1] -> [1, 0, 1, 1] -> [1, 0, 1, 1, 2] -> [1, 0, 1, 1, 2, 2] -> [1, 0, 1, 1, 2, 2, 5]

problem_24.yaml
TasksBFS: 6.55 ms, [] -> [0] -> [0, 1] -> [0, 1, 2] -> [0, 1, 2, 1] -> [0, 1, 2, 1, 2] -> [0, 1, 2, 1, 2, 2] -> [0, 1, 2, 1, 2, 2, 3]
MultithreadBFS: 4.76 ms, [] -> [5] -> [5, 2] -> [5, 2, 0] -> [5, 2, 0, 1] -> [5, 2, 0, 1, 4] -> [5, 2, 0, 1, 4, 1] -> [5, 2, 0, 1, 4, 1, 5]
SyncBFS: 125.86 ms, [] -> [0] -> [0, 1] -> [0, 1, 1] -> [0, 1, 1, 4] -> [0, 1, 1, 4, 1] -> [0, 1, 1, 4, 1, 0] -> [0, 1, 1, 4, 1, 0, 5]
AsyncStartBFS: 4.25 ms, [] -> [2] -> [2, 3] -> [2, 3, 4] -> [2, 3, 4, 0] -> [2, 3, 4, 0, 1] -> [2, 3, 4, 0, 1, 1] -> [2, 3, 4, 0, 1, 1, 5]

problem_03.yaml
SyncBFS: 91.27 ms, [] -> [0] -> [0, 0] -> [0, 0, 0] -> [0, 0, 0, 0] -> [0, 0, 0, 0, 5] -> [0, 0, 0, 0, 5, 3] -> [0, 0, 0, 0, 5, 3, 0]
TasksBFS: 6.24 ms, [] -> [0] -> [0, 0] -> [0, 0, 1] -> [0, 0, 1, 0] -> [0, 0, 1, 0, 2] -> [0, 0, 1, 0, 2, 1] -> [0, 0, 1, 0, 2, 1, 1]
MultithreadBFS: 1.76 ms, [] -> [0] -> [0, 4] -> [0, 4, 5] -> [0, 4, 5, 1] -> [0, 4, 5, 1, 0] -> [0, 4, 5, 1, 0, 5] -> [0, 4, 5, 1, 0, 5, 5]
AsyncStartBFS: 1.83 ms, [] -> [0] -> [0, 0] -> [0, 0, 1] -> [0, 0, 1, 0] -> [0, 0, 1, 0, 2] -> [0, 0, 1, 0, 2, 1] -> [0, 0, 1, 0, 2, 1, 1]

problem_07.yaml
MultithreadBFS: 2.05 ms, [] -> [0] -> [0, 0] -> [0, 0, 4] -> [0, 0, 4, 0] -> [0, 0, 4, 0, 0] -> [0, 0, 4, 0, 0, 1] -> [0, 0, 4, 0, 0, 1, 4]
SyncBFS: 95.42 ms, [] -> [0] -> [0, 0] -> [0, 0, 1] -> [0, 0, 1, 5] -> [0, 0, 1, 5, 5] -> [0, 0, 1, 5, 5, 3] -> [0, 0, 1, 5, 5, 3, 4]
TasksBFS: 6.21 ms, [] -> [0] -> [0, 0] -> [0, 0, 4] -> [0, 0, 4, 0] -> [0, 0, 4, 0, 0] -> [0, 0, 4, 0, 0, 1] -> [0, 0, 4, 0, 0, 1, 4]
AsyncStartBFS: 2.08 ms, [] -> [0] -> [0, 0] -> [0, 0, 4] -> [0, 0, 4, 0] -> [0, 0, 4, 0, 0] -> [0, 0, 4, 0, 0, 1] -> [0, 0, 4, 0, 0, 1, 4]

problem_42.yaml
MultithreadBFS: 1.23 ms, [] -> [0] -> [0, 4] -> [0, 4, 2] -> [0, 4, 2, 1] -> [0, 4, 2, 1, 1] -> [0, 4, 2, 1, 1, 2] -> [0, 4, 2, 1, 1, 2, 2]
TasksBFS: 3.07 ms, [] -> [0] -> [0, 0] -> [0, 0, 0] -> [0, 0, 0, 0] -> [0, 0, 0, 0, 2] -> [0, 0, 0, 0, 2, 3] -> [0, 0, 0, 0, 2, 3, 3]
AsyncStartBFS: 1.6 ms, [] -> [0] -> [0, 4] -> [0, 4, 2] -> [0, 4, 2, 1] -> [0, 4, 2, 1, 1] -> [0, 4, 2, 1, 1, 2] -> [0, 4, 2, 1, 1, 2, 2]
SyncBFS: 46.18 ms, [] -> [0] -> [0, 0] -> [0, 0, 0] -> [0, 0, 0, 0] -> [0, 0, 0, 0, 2] -> [0, 0, 0, 0, 2, 3] -> [0, 0, 0, 0, 2, 3, 3]

problem_02.yaml
AsyncStartBFS: 1.92 ms, [] -> [4] -> [4, 0] -> [4, 0, 3] -> [4, 0, 3, 1] -> [4, 0, 3, 1, 0] -> [4, 0, 3, 1, 0, 4] -> [4, 0, 3, 1, 0, 4, 2]
MultithreadBFS: 1.89 ms, [] -> [4] -> [4, 0] -> [4, 0, 3] -> [4, 0, 3, 1] -> [4, 0, 3, 1, 0] -> [4, 0, 3, 1, 0, 4] -> [4, 0, 3, 1, 0, 4, 2]
SyncBFS: 50.25 ms, [] -> [0] -> [0, 0] -> [0, 0, 0] -> [0, 0, 0, 5] -> [0, 0, 0, 5, 5] -> [0, 0, 0, 5, 5, 4] -> [0, 0, 0, 5, 5, 4, 1]
TasksBFS: 3.41 ms, [] -> [0] -> [0, 0] -> [0, 0, 2] -> [0, 0, 2, 2] -> [0, 0, 2, 2, 1] -> [0, 0, 2, 2, 1, 4] -> [0, 0, 2, 2, 1, 4, 4]

problem_29.yaml
TasksBFS: 4.58 ms, [] -> [0] -> [0, 0] -> [0, 0, 1] -> [0, 0, 1, 0] -> [0, 0, 1, 0, 0] -> [0, 0, 1, 0, 0, 0] -> [0, 0, 1, 0, 0, 0, 1]
MultithreadBFS: 1.75 ms, [] -> [0] -> [0, 0] -> [0, 0, 1] -> [0, 0, 1, 0] -> [0, 0, 1, 0, 0] -> [0, 0, 1, 0, 0, 0] -> [0, 0, 1, 0, 0, 0, 1]
AsyncStartBFS: 1.66 ms, [] -> [0] -> [0, 0] -> [0, 0, 1] -> [0, 0, 1, 0] -> [0, 0, 1, 0, 0] -> [0, 0, 1, 0, 0, 0] -> [0, 0, 1, 0, 0, 0, 1]
SyncBFS: 84.53 ms, [] -> [0] -> [0, 0] -> [0, 0, 0] -> [0, 0, 0, 2] -> [0, 0, 0, 2, 1] -> [0, 0, 0, 2, 1, 4] -> [0, 0, 0, 2, 1, 4, 4]

problem_00.yaml
AsyncStartBFS: 1.72 ms, [] -> [1] -> [1, 1] -> [1, 1, 3] -> [1, 1, 3, 1] -> [1, 1, 3, 1, 0] -> [1, 1, 3, 1, 0, 3] -> [1, 1, 3, 1, 0, 3, 1]
MultithreadBFS: 1.33 ms, [] -> [1] -> [1, 1] -> [1, 1, 3] -> [1, 1, 3, 1] -> [1, 1, 3, 1, 0] -> [1, 1, 3, 1, 0, 3] -> [1, 1, 3, 1, 0, 3, 1]
SyncBFS: 81.85 ms, [] -> [1] -> [1, 1] -> [1, 1, 3] -> [1, 1, 3, 1] -> [1, 1, 3, 1, 0] -> [1, 1, 3, 1, 0, 3] -> [1, 1, 3, 1, 0, 3, 1]
TasksBFS: 4.41 ms, [] -> [1] -> [1, 1] -> [1, 1, 3] -> [1, 1, 3, 1] -> [1, 1, 3, 1, 0] -> [1, 1, 3, 1, 0, 3] -> [1, 1, 3, 1, 0, 3, 1]

problem_13.yaml
SyncBFS: 113.08 ms, [] -> [0] -> [0, 0] -> [0, 0, 0] -> [0, 0, 0, 1] -> [0, 0, 0, 1, 5] -> [0, 0, 0, 1, 5, 2] -> [0, 0, 0, 1, 5, 2, 4]
AsyncStartBFS: 2.99 ms, [] -> [0] -> [0, 0] -> [0, 0, 1] -> [0, 0, 1, 0] -> [0, 0, 1, 0, 0] -> [0, 0, 1, 0, 0, 0] -> [0, 0, 1, 0, 0, 0, 4]
TasksBFS: 6.1 ms, [] -> [0] -> [0, 0] -> [0, 0, 4] -> [0, 0, 4, 1] -> [0, 0, 4, 1, 3] -> [0, 0, 4, 1, 3, 1] -> [0, 0, 4, 1, 3, 1, 1]
MultithreadBFS: 2.25 ms, [] -> [0] -> [0, 0] -> [0, 0, 1] -> [0, 0, 1, 0] -> [0, 0, 1, 0, 0] -> [0, 0, 1, 0, 0, 0] -> [0, 0, 1, 0, 0, 0, 4]

problem_16.yaml
MultithreadBFS: 1.95 ms, [] -> [0] -> [0, 3] -> [0, 3, 5] -> [0, 3, 5, 0] -> [0, 3, 5, 0, 2] -> [0, 3, 5, 0, 2, 2] -> [0, 3, 5, 0, 2, 2, 5]
AsyncStartBFS: 1.83 ms, [] -> [0] -> [0, 3] -> [0, 3, 5] -> [0, 3, 5, 0] -> [0, 3, 5, 0, 2] -> [0, 3, 5, 0, 2, 2] -> [0, 3, 5, 0, 2, 2, 5]
TasksBFS: 3.7 ms, [] -> [0] -> [0, 0] -> [0, 0, 1] -> [0, 0, 1, 3] -> [0, 0, 1, 3, 3] -> [0, 0, 1, 3, 3, 2] -> [0, 0, 1, 3, 3, 2, 3]
SyncBFS: 57.14 ms, [] -> [0] -> [0, 0] -> [0, 0, 1] -> [0, 0, 1, 0] -> [0, 0, 1, 0, 4] -> [0, 0, 1, 0, 4, 1] -> [0, 0, 1, 0, 4, 1, 1]

problem_20.yaml
TasksBFS: 5.31 ms, [] -> [0] -> [0, 2] -> [0, 2, 5] -> [0, 2, 5, 0] -> [0, 2, 5, 0, 0] -> [0, 2, 5, 0, 0, 4] -> [0, 2, 5, 0, 0, 4, 0]
MultithreadBFS: 2.01 ms, [] -> [0] -> [0, 2] -> [0, 2, 5] -> [0, 2, 5, 0] -> [0, 2, 5, 0, 0] -> [0, 2, 5, 0, 0, 4] -> [0, 2, 5, 0, 0, 4, 0]
AsyncStartBFS: 1.84 ms, [] -> [0] -> [0, 3] -> [0, 3, 1] -> [0, 3, 1, 0] -> [0, 3, 1, 0, 1] -> [0, 3, 1, 0, 1, 1] -> [0, 3, 1, 0, 1, 1, 1]
SyncBFS: 75.09 ms, [] -> [0] -> [0, 1] -> [0, 1, 0] -> [0, 1, 0, 0] -> [0, 1, 0, 0, 4] -> [0, 1, 0, 0, 4, 5] -> [0, 1, 0, 0, 4, 5, 3]

problem_18.yaml
TasksBFS: 5.94 ms, [] -> [0] -> [0, 0] -> [0, 0, 4] -> [0, 0, 4, 1] -> [0, 0, 4, 1, 4] -> [0, 0, 4, 1, 4, 5] -> [0, 0, 4, 1, 4, 5, 0]
MultithreadBFS: 2.47 ms, [] -> [0] -> [0, 0] -> [0, 0, 4] -> [0, 0, 4, 1] -> [0, 0, 4, 1, 4] -> [0, 0, 4, 1, 4, 5] -> [0, 0, 4, 1, 4, 5, 0]
AsyncStartBFS: 2.47 ms, [] -> [0] -> [0, 4] -> [0, 4, 0] -> [0, 4, 0, 0] -> [0, 4, 0, 0, 3] -> [0, 4, 0, 0, 3, 2] -> [0, 4, 0, 0, 3, 2, 1]
SyncBFS: 121.71 ms, [] -> [0] -> [0, 0] -> [0, 0, 1] -> [0, 0, 1, 2] -> [0, 0, 1, 2, 2] -> [0, 0, 1, 2, 2, 5] -> [0, 0, 1, 2, 2, 5, 0]

problem_05.yaml
TasksBFS: 6.03 ms, [] -> [0] -> [0, 2] -> [0, 2, 1] -> [0, 2, 1, 0] -> [0, 2, 1, 0, 1] -> [0, 2, 1, 0, 1, 2] -> [0, 2, 1, 0, 1, 2, 0]
SyncBFS: 117.65 ms, [] -> [0] -> [0, 0] -> [0, 0, 1] -> [0, 0, 1, 4] -> [0, 0, 1, 4, 0] -> [0, 0, 1, 4, 0, 3] -> [0, 0, 1, 4, 0, 3, 4]
MultithreadBFS: 3.18 ms, [] -> [0] -> [0, 0] -> [0, 0, 2] -> [0, 0, 2, 0] -> [0, 0, 2, 0, 3] -> [0, 0, 2, 0, 3, 2] -> [0, 0, 2, 0, 3, 2, 4]
AsyncStartBFS: 2.71 ms, [] -> [0] -> [0, 0] -> [0, 0, 2] -> [0, 0, 2, 0] -> [0, 0, 2, 0, 3] -> [0, 0, 2, 0, 3, 2] -> [0, 0, 2, 0, 3, 2, 4]

problem_15.yaml
MultithreadBFS: 1.6 ms, [] -> [0] -> [0, 0] -> [0, 0, 2] -> [0, 0, 2, 1] -> [0, 0, 2, 1, 1] -> [0, 0, 2, 1, 1, 1] -> [0, 0, 2, 1, 1, 1, 3]
SyncBFS: 120.14 ms, [] -> [0] -> [0, 0] -> [0, 0, 0] -> [0, 0, 0, 1] -> [0, 0, 0, 1, 2] -> [0, 0, 0, 1, 2, 4] -> [0, 0, 0, 1, 2, 4, 0]
AsyncStartBFS: 1.82 ms, [] -> [0] -> [0, 0] -> [0, 0, 2] -> [0, 0, 2, 1] -> [0, 0, 2, 1, 1] -> [0, 0, 2, 1, 1, 1] -> [0, 0, 2, 1, 1, 1, 3]
TasksBFS: 4.96 ms, [] -> [0] -> [0, 0] -> [0, 0, 2] -> [0, 0, 2, 1] -> [0, 0, 2, 1, 1] -> [0, 0, 2, 1, 1, 1] -> [0, 0, 2, 1, 1, 1, 3]

problem_17.yaml
MultithreadBFS: 3.49 ms, [] -> [0] -> [0, 0] -> [0, 0, 0] -> [0, 0, 0, 1] -> [0, 0, 0, 1, 2] -> [0, 0, 0, 1, 2, 1] -> [0, 0, 0, 1, 2, 1, 0]
SyncBFS: 131.96 ms, [] -> [0] -> [0, 0] -> [0, 0, 0] -> [0, 0, 0, 1] -> [0, 0, 0, 1, 2] -> [0, 0, 0, 1, 2, 1] -> [0, 0, 0, 1, 2, 1, 0]
TasksBFS: 7.34 ms, [] -> [0] -> [0, 0] -> [0, 0, 0] -> [0, 0, 0, 1] -> [0, 0, 0, 1, 2] -> [0, 0, 0, 1, 2, 1] -> [0, 0, 0, 1, 2, 1, 0]
AsyncStartBFS: 3.09 ms, [] -> [0] -> [0, 0] -> [0, 0, 0] -> [0, 0, 0, 1] -> [0, 0, 0, 1, 2] -> [0, 0, 0, 1, 2, 1] -> [0, 0, 0, 1, 2, 1, 0]

problem_37.yaml
AsyncStartBFS: 2.07 ms, [] -> [0] -> [0, 4] -> [0, 4, 4] -> [0, 4, 4, 0] -> [0, 4, 4, 0, 1] -> [0, 4, 4, 0, 1, 5] -> [0, 4, 4, 0, 1, 5, 3]
SyncBFS: 87.68 ms, [] -> [0] -> [0, 0] -> [0, 0, 2] -> [0, 0, 2, 3] -> [0, 0, 2, 3, 1] -> [0, 0, 2, 3, 1, 0] -> [0, 0, 2, 3, 1, 0, 3]
MultithreadBFS: 2.81 ms, [] -> [0] -> [0, 2] -> [0, 2, 4] -> [0, 2, 4, 0] -> [0, 2, 4, 0, 0] -> [0, 2, 4, 0, 0, 0] -> [0, 2, 4, 0, 0, 0, 1]
TasksBFS: 5.11 ms, [] -> [0] -> [0, 4] -> [0, 4, 5] -> [0, 4, 5, 0] -> [0, 4, 5, 0, 0] -> [0, 4, 5, 0, 0, 1] -> [0, 4, 5, 0, 0, 1, 3]

problem_22.yaml
AsyncStartBFS: 1.72 ms, [] -> [3] -> [3, 1] -> [3, 1, 2] -> [3, 1, 2, 1] -> [3, 1, 2, 1, 3] -> [3, 1, 2, 1, 3, 2] -> [3, 1, 2, 1, 3, 2, 4]
TasksBFS: 3.16 ms, [] -> [2] -> [2, 1] -> [2, 1, 4] -> [2, 1, 4, 0] -> [2, 1, 4, 0, 2] -> [2, 1, 4, 0, 2, 2] -> [2, 1, 4, 0, 2, 2, 2]
SyncBFS: 47.11 ms, [] -> [2] -> [2, 1] -> [2, 1, 0] -> [2, 1, 0, 4] -> [2, 1, 0, 4, 1] -> [2, 1, 0, 4, 1, 1] -> [2, 1, 0, 4, 1, 1, 4]
MultithreadBFS: 2.02 ms, [] -> [3] -> [3, 1] -> [3, 1, 2] -> [3, 1, 2, 1] -> [3, 1, 2, 1, 3] -> [3, 1, 2, 1, 3, 2] -> [3, 1, 2, 1, 3, 2, 4]

problem_23.yaml
SyncBFS: 105.53 ms, [] -> [0] -> [0, 0] -> [0, 0, 1] -> [0, 0, 1, 5] -> [0, 0, 1, 5, 2] -> [0, 0, 1, 5, 2, 2] -> [0, 0, 1, 5, 2, 2, 4]
AsyncStartBFS: 3.5 ms, [] -> [0] -> [0, 4] -> [0, 4, 4] -> [0, 4, 4, 0] -> [0, 4, 4, 0, 1] -> [0, 4, 4, 0, 1, 3] -> [0, 4, 4, 0, 1, 3, 3]
TasksBFS: 5.19 ms, [] -> [0] -> [0, 4] -> [0, 4, 0] -> [0, 4, 0, 0] -> [0, 4, 0, 0, 0] -> [0, 4, 0, 0, 0, 3] -> [0, 4, 0, 0, 0, 3, 1]
MultithreadBFS: 1.75 ms, [] -> [0] -> [0, 4] -> [0, 4, 4] -> [0, 4, 4, 0] -> [0, 4, 4, 0, 1] -> [0, 4, 4, 0, 1, 3] -> [0, 4, 4, 0, 1, 3, 3]

problem_25.yaml
MultithreadBFS: 1.85 ms, [] -> [0] -> [0, 2] -> [0, 2, 4] -> [0, 2, 4, 0] -> [0, 2, 4, 0, 2] -> [0, 2, 4, 0, 2, 2] -> [0, 2, 4, 0, 2, 2, 2]
AsyncStartBFS: 1.73 ms, [] -> [0] -> [0, 2] -> [0, 2, 4] -> [0, 2, 4, 0] -> [0, 2, 4, 0, 2] -> [0, 2, 4, 0, 2, 2] -> [0, 2, 4, 0, 2, 2, 2]
TasksBFS: 5.36 ms, [] -> [0] -> [0, 1] -> [0, 1, 4] -> [0, 1, 4, 0] -> [0, 1, 4, 0, 2] -> [0, 1, 4, 0, 2, 0] -> [0, 1, 4, 0, 2, 0, 1]
SyncBFS: 74.67 ms, [] -> [0] -> [0, 0] -> [0, 0, 0] -> [0, 0, 0, 2] -> [0, 0, 0, 2, 3] -> [0, 0, 0, 2, 3, 0] -> [0, 0, 0, 2, 3, 0, 3]

problem_27.yaml
TasksBFS: 5.5 ms, [] -> [0] -> [0, 0] -> [0, 0, 0] -> [0, 0, 0, 0] -> [0, 0, 0, 0, 3] -> [0, 0, 0, 0, 3, 0] -> [0, 0, 0, 0, 3, 0, 4]
SyncBFS: 92.76 ms, [] -> [0] -> [0, 0] -> [0, 0, 0] -> [0, 0, 0, 0] -> [0, 0, 0, 0, 3] -> [0, 0, 0, 0, 3, 0] -> [0, 0, 0, 0, 3, 0, 4]
MultithreadBFS: 2.47 ms, [] -> [0] -> [0, 0] -> [0, 0, 0] -> [0, 0, 0, 0] -> [0, 0, 0, 0, 3] -> [0, 0, 0, 0, 3, 0] -> [0, 0, 0, 0, 3, 0, 4]
AsyncStartBFS: 1.62 ms, [] -> [0] -> [0, 2] -> [0, 2, 5] -> [0, 2, 5, 1] -> [0, 2, 5, 1, 0] -> [0, 2, 5, 1, 0, 3] -> [0, 2, 5, 1, 0, 3, 3]

problem_26.yaml
MultithreadBFS: 1.74 ms, [] -> [0] -> [0, 2] -> [0, 2, 3] -> [0, 2, 3, 0] -> [0, 2, 3, 0, 2] -> [0, 2, 3, 0, 2, 0] -> [0, 2, 3, 0, 2, 0, 0]
TasksBFS: 4.86 ms, [] -> [0] -> [0, 2] -> [0, 2, 3] -> [0, 2, 3, 0] -> [0, 2, 3, 0, 2] -> [0, 2, 3, 0, 2, 0] -> [0, 2, 3, 0, 2, 0, 0]
AsyncStartBFS: 1.58 ms, [] -> [0] -> [0, 2] -> [0, 2, 3] -> [0, 2, 3, 0] -> [0, 2, 3, 0, 2] -> [0, 2, 3, 0, 2, 0] -> [0, 2, 3, 0, 2, 0, 0]
SyncBFS: 68.99 ms, [] -> [0] -> [0, 0] -> [0, 0, 0] -> [0, 0, 0, 2] -> [0, 0, 0, 2, 3] -> [0, 0, 0, 2, 3, 2] -> [0, 0, 0, 2, 3, 2, 5]

problem_14.yaml
MultithreadBFS: 1.65 ms, [] -> [1] -> [1, 3] -> [1, 3, 5] -> [1, 3, 5, 0] -> [1, 3, 5, 0, 0] -> [1, 3, 5, 0, 0, 3] -> [1, 3, 5, 0, 0, 3, 2]
SyncBFS: 85.47 ms, [] -> [1] -> [1, 1] -> [1, 1, 1] -> [1, 1, 1, 0] -> [1, 1, 1, 0, 2] -> [1, 1, 1, 0, 2, 4] -> [1, 1, 1, 0, 2, 4, 3]
AsyncStartBFS: 2.53 ms, [] -> [1] -> [1, 3] -> [1, 3, 5] -> [1, 3, 5, 0] -> [1, 3, 5, 0, 0] -> [1, 3, 5, 0, 0, 3] -> [1, 3, 5, 0, 0, 3, 2]
TasksBFS: 4.04 ms, [] -> [2] -> [2, 1] -> [2, 1, 2] -> [2, 1, 2, 1] -> [2, 1, 2, 1, 2] -> [2, 1, 2, 1, 2, 3] -> [2, 1, 2, 1, 2, 3, 3]

problem_28.yaml
TasksBFS: 4.32 ms, [] -> [0] -> [0, 1] -> [0, 1, 2] -> [0, 1, 2, 0] -> [0, 1, 2, 0, 2] -> [0, 1, 2, 0, 2, 3] -> [0, 1, 2, 0, 2, 3, 2]
AsyncStartBFS: 1.71 ms, [] -> [0] -> [0, 1] -> [0, 1, 2] -> [0, 1, 2, 0] -> [0, 1, 2, 0, 2] -> [0, 1, 2, 0, 2, 3] -> [0, 1, 2, 0, 2, 3, 2]
SyncBFS: 103.42 ms, [] -> [0] -> [0, 0] -> [0, 0, 0] -> [0, 0, 0, 0] -> [0, 0, 0, 0, 1] -> [0, 0, 0, 0, 1, 1] -> [0, 0, 0, 0, 1, 1, 0]
MultithreadBFS: 1.72 ms, [] -> [0] -> [0, 1] -> [0, 1, 2] -> [0, 1, 2, 0] -> [0, 1, 2, 0, 2] -> [0, 1, 2, 0, 2, 3] -> [0, 1, 2, 0, 2, 3, 2]


[INFO] Results summary:
TasksBFS
	Average: 4.9954 ms
	Median: 5.115 ms
	Standard Deviation: 1.10512 ms
SyncBFS
	Average: 87.0406 ms
	Median: 86.07 ms
	Standard Deviation: 25.2206 ms
MultithreadBFS
	Average: 2.0632 ms
	Median: 1.94 ms
	Standard Deviation: 0.61028 ms
AsyncStartBFS
	Average: 2.038 ms
	Median: 1.84 ms
	Standard Deviation: 0.516767 ms
