problem_49.yaml
SyncBFS: 44.82 ms, [] -> [1] -> [1, 0] -> [1, 0, 0] -> [1, 0, 0, 0] -> [1, 0, 0, 0, 4] -> [1, 0, 0, 0, 4, 2] -> [1, 0, 0, 0, 4, 2, 4]
TasksBFS: 4.34 ms, [] -> [1] -> [1, 0] -> [1, 0, 0] -> [1, 0, 0, 0] -> [1, 0, 0, 0, 4] -> [1, 0, 0, 0, 4, 2] -> [1, 0, 0, 0, 4, 2, 4]
MultithreadBFS: 1.44 ms, [] -> [1] -> [1, 1] -> [1, 1, 5] -> [1, 1, 5, 0] -> [1, 1, 5, 0, 1] -> [1, 1, 5, 0, 1, 0] -> [1, 1, 5, 0, 1, 0, 5]
AsyncStartBFS: 1.54 ms, [] -> [1] -> [1, 1] -> [1, 1, 5] -> [1, 1, 5, 0] -> [1, 1, 5, 0, 1] -> [1, 1, 5, 0, 1, 0] -> [1, 1, 5, 0, 1, 0, 5]

problem_48.yaml
SyncBFS: 53.12 ms, [] -> [1] -> [1, 0] -> [1, 0, 1] -> [1, 0, 1, 3] -> [1, 0, 1, 3, 5] -> [1, 0, 1, 3, 5, 3] -> [1, 0, 1, 3, 5, 3, 5]
MultithreadBFS: 1.53 ms, [] -> [1] -> [1, 1] -> [1, 1, 2] -> [1, 1, 2, 0] -> [1, 1, 2, 0, 0] -> [1, 1, 2, 0, 0, 2] -> [1, 1, 2, 0, 0, 2, 1]
TasksBFS: 3.97 ms, [] -> [1] -> [1, 1] -> [1, 1, 5] -> [1, 1, 5, 0] -> [1, 1, 5, 0, 1] -> [1, 1, 5, 0, 1, 4] -> [1, 1, 5, 0, 1, 4, 0]
AsyncStartBFS: 1.62 ms, [] -> [1] -> [1, 1] -> [1, 1, 2] -> [1, 1, 2, 0] -> [1, 1, 2, 0, 0] -> [1, 1, 2, 0, 0, 2] -> [1, 1, 2, 0, 0, 2, 1]

problem_45.yaml
AsyncStartBFS: 1.5 ms, [] -> [0] -> [0, 4] -> [0, 4, 3] -> [0, 4, 3, 1] -> [0, 4, 3, 1, 1] -> [0, 4, 3, 1, 1, 0] -> [0, 4, 3, 1, 1, 0, 1]
TasksBFS: 4.25 ms, [] -> [0] -> [0, 4] -> [0, 4, 3] -> [0, 4, 3, 1] -> [0, 4, 3, 1, 1] -> [0, 4, 3, 1, 1, 0] -> [0, 4, 3, 1, 1, 0, 1]
MultithreadBFS: 1.64 ms, [] -> [0] -> [0, 1] -> [0, 1, 0] -> [0, 1, 0, 0] -> [0, 1, 0, 0, 5] -> [0, 1, 0, 0, 5, 3] -> [0, 1, 0, 0, 5, 3, 2]
SyncBFS: 66.33 ms, [] -> [0] -> [0, 1] -> [0, 1, 0] -> [0, 1, 0, 0] -> [0, 1, 0, 0, 5] -> [0, 1, 0, 0, 5, 3] -> [0, 1, 0, 0, 5, 3, 2]

problem_43.yaml
AsyncStartBFS: 1.51 ms, [] -> [0] -> [0, 0] -> [0, 0, 0] -> [0, 0, 0, 1] -> [0, 0, 0, 1, 5] -> [0, 0, 0, 1, 5, 0] -> [0, 0, 0, 1, 5, 0, 1]
MultithreadBFS: 1.55 ms, [] -> [0] -> [0, 0] -> [0, 0, 0] -> [0, 0, 0, 1] -> [0, 0, 0, 1, 5] -> [0, 0, 0, 1, 5, 0] -> [0, 0, 0, 1, 5, 0, 1]
TasksBFS: 4.35 ms, [] -> [0] -> [0, 0] -> [0, 0, 0] -> [0, 0, 0, 1] -> [0, 0, 0, 1, 5] -> [0, 0, 0, 1, 5, 0] -> [0, 0, 0, 1, 5, 0, 1]
SyncBFS: 77.8 ms, [] -> [0] -> [0, 0] -> [0, 0, 0] -> [0, 0, 0, 1] -> [0, 0, 0, 1, 5] -> [0, 0, 0, 1, 5, 0] -> [0, 0, 0, 1, 5, 0, 1]

problem_41.yaml
TasksBFS: 2.36 ms, [] -> [0] -> [0, 3] -> [0, 3, 0] -> [0, 3, 0, 2] -> [0, 3, 0, 2, 0] -> [0, 3, 0, 2, 0, 3] -> [0, 3, 0, 2, 0, 3, 3]
AsyncStartBFS: 1.49 ms, [] -> [2] -> [2, 1] -> [2, 1, 3] -> [2, 1, 3, 2] -> [2, 1, 3, 2, 3] -> [2, 1, 3, 2, 3, 3] -> [2, 1, 3, 2, 3, 3, 5]
SyncBFS: 30.55 ms, [] -> [0] -> [0, 2] -> [0, 2, 1] -> [0, 2, 1, 3] -> [0, 2, 1, 3, 5] -> [0, 2, 1, 3, 5, 5] -> [0, 2, 1, 3, 5, 5, 3]
MultithreadBFS: 1.66 ms, [] -> [2] -> [2, 1] -> [2, 1, 3] -> [2, 1, 3, 2] -> [2, 1, 3, 2, 3] -> [2, 1, 3, 2, 3, 3] -> [2, 1, 3, 2, 3, 3, 5]

problem_39.yaml
TasksBFS: 3.54 ms, [] -> [2] -> [2, 1] -> [2, 1, 0] -> [2, 1, 0, 1] -> [2, 1, 0, 1, 3] -> [2, 1, 0, 1, 3, 5] -> [2, 1, 0, 1, 3, 5, 4]
SyncBFS: 49.79 ms, [] -> [2] -> [2, 0] -> [2, 0, 0] -> [2, 0, 0, 0] -> [2, 0, 0, 0, 0] -> [2, 0, 0, 0, 0, 4] -> [2, 0, 0, 0, 0, 4, 4]
AsyncStartBFS: 2.52 ms, [] -> [2] -> [2, 0] -> [2, 0, 0] -> [2, 0, 0, 0] -> [2, 0, 0, 0, 0] -> [2, 0, 0, 0, 0, 4] -> [2, 0, 0, 0, 0, 4, 4]
MultithreadBFS: 1.17 ms, [] -> [2] -> [2, 0] -> [2, 0, 0] -> [2, 0, 0, 0] -> [2, 0, 0, 0, 0] -> [2, 0, 0, 0, 0, 4] -> [2, 0, 0, 0, 0, 4, 4]

problem_38.yaml
SyncBFS: 44.46 ms, [] -> [0] -> [0, 0] -> [0, 0, 2] -> [0, 0, 2, 0] -> [0, 0, 2, 0, 3] -> [0, 0, 2, 0, 3, 5] -> [0, 0, 2, 0, 3, 5, 5]
AsyncStartBFS: 2.42 ms, [] -> [0] -> [0, 3] -> [0, 3, 0] -> [0, 3, 0, 2] -> [0, 3, 0, 2, 0] -> [0, 3, 0, 2, 0, 0] -> [0, 3, 0, 2, 0, 0, 5]
MultithreadBFS: 1.14 ms, [] -> [0] -> [0, 3] -> [0, 3, 0] -> [0, 3, 0, 2] -> [0, 3, 0, 2, 0] -> [0, 3, 0, 2, 0, 0] -> [0, 3, 0, 2, 0, 0, 5]
TasksBFS: 3.62 ms, [] -> [0] -> [0, 0] -> [0, 0, 2] -> [0, 0, 2, 0] -> [0, 0, 2, 0, 3] -> [0, 0, 2, 0, 3, 5] -> [0, 0, 2, 0, 3, 5, 5]

problem_36.yaml
MultithreadBFS: 1.71 ms, [] -> [0] -> [0, 3] -> [0, 3, 2] -> [0, 3, 2, 0] -> [0, 3, 2, 0, 1] -> [0, 3, 2, 0, 1, 2] -> [0, 3, 2, 0, 1, 2, 4]
TasksBFS: 3.96 ms, [] -> [0] -> [0, 3] -> [0, 3, 2] -> [0, 3, 2, 0] -> [0, 3, 2, 0, 1] -> [0, 3, 2, 0, 1, 2] -> [0, 3, 2, 0, 1, 2, 4]
AsyncStartBFS: 1.52 ms, [] -> [0] -> [0, 3] -> [0, 3, 2] -> [0, 3, 2, 0] -> [0, 3, 2, 0, 1] -> [0, 3, 2, 0, 1, 2] -> [0, 3, 2, 0, 1, 2, 4]
SyncBFS: 57 ms, [] -> [0] -> [0, 0] -> [0, 0, 2] -> [0, 0, 2, 2] -> [0, 0, 2, 2, 1] -> [0, 0, 2, 2, 1, 5] -> [0, 0, 2, 2, 1, 5, 2]

problem_44.yaml
MultithreadBFS: 1.6 ms, [] -> [0] -> [0, 0] -> [0, 0, 1] -> [0, 0, 1, 0] -> [0, 0, 1, 0, 3] -> [0, 0, 1, 0, 3, 1] -> [0, 0, 1, 0, 3, 1, 5]
SyncBFS: 58.77 ms, [] -> [0] -> [0, 0] -> [0, 0, 1] -> [0, 0, 1, 0] -> [0, 0, 1, 0, 3] -> [0, 0, 1, 0, 3, 1] -> [0, 0, 1, 0, 3, 1, 5]
AsyncStartBFS: 2.56 ms, [] -> [0] -> [0, 0] -> [0, 0, 1] -> [0, 0, 1, 0] -> [0, 0, 1, 0, 3] -> [0, 0, 1, 0, 3, 1] -> [0, 0, 1, 0, 3, 1, 5]
TasksBFS: 3.99 ms, [] -> [0] -> [0, 0] -> [0, 0, 1] -> [0, 0, 1, 0] -> [0, 0, 1, 0, 3] -> [0, 0, 1, 0, 3, 1] -> [0, 0, 1, 0, 3, 1, 5]

problem_35.yaml
MultithreadBFS: 1.1 ms, [] -> [3] -> [3, 1] -> [3, 1, 0] -> [3, 1, 0, 0] -> [3, 1, 0, 0, 0] -> [3, 1, 0, 0, 0, 2] -> [3, 1, 0, 0, 0, 2, 0]
TasksBFS: 2.99 ms, [] -> [2] -> [2, 0] -> [2, 0, 4] -> [2, 0, 4, 1] -> [2, 0, 4, 1, 2] -> [2, 0, 4, 1, 2, 4] -> [2, 0, 4, 1, 2, 4, 1]
AsyncStartBFS: 1.55 ms, [] -> [3] -> [3, 1] -> [3, 1, 0] -> [3, 1, 0, 0] -> [3, 1, 0, 0, 0] -> [3, 1, 0, 0, 0, 2] -> [3, 1, 0, 0, 0, 2, 0]
SyncBFS: 37.36 ms, [] -> [2] -> [2, 0] -> [2, 0, 0] -> [2, 0, 0, 2] -> [2, 0, 0, 2, 5] -> [2, 0, 0, 2, 5, 1] -> [2, 0, 0, 2, 5, 1, 5]

problem_46.yaml
MultithreadBFS: 1.14 ms, [] -> [0] -> [0, 1] -> [0, 1, 2] -> [0, 1, 2, 0] -> [0, 1, 2, 0, 3] -> [0, 1, 2, 0, 3, 0] -> [0, 1, 2, 0, 3, 0, 0]
AsyncStartBFS: 1.5 ms, [] -> [0] -> [0, 1] -> [0, 1, 2] -> [0, 1, 2, 0] -> [0, 1, 2, 0, 3] -> [0, 1, 2, 0, 3, 0] -> [0, 1, 2, 0, 3, 0, 0]
TasksBFS: 2.53 ms, [] -> [0] -> [0, 0] -> [0, 0, 0] -> [0, 0, 0, 2] -> [0, 0, 0, 2, 0] -> [0, 0, 0, 2, 0, 1] -> [0, 0, 0, 2, 0, 1, 5]
SyncBFS: 30.79 ms, [] -> [0] -> [0, 0] -> [0, 0, 0] -> [0, 0, 0, 2] -> [0, 0, 0, 2, 0] -> [0, 0, 0, 2, 0, 1] -> [0, 0, 0, 2, 0, 1, 5]

problem_34.yaml
MultithreadBFS: 1.2 ms, [] -> [0] -> [0, 1] -> [0, 1, 1] -> [0, 1, 1, 0] -> [0, 1, 1, 0, 0] -> [0, 1, 1, 0, 0, 0] -> [0, 1, 1, 0, 0, 0, 1]
TasksBFS: 3.26 ms, [] -> [0] -> [0, 1] -> [0, 1, 1] -> [0, 1, 1, 0] -> [0, 1, 1, 0, 0] -> [0, 1, 1, 0, 0, 0] -> [0, 1, 1, 0, 0, 0, 1]
SyncBFS: 68.1 ms, [] -> [0] -> [0, 0] -> [0, 0, 0] -> [0, 0, 0, 4] -> [0, 0, 0, 4, 5] -> [0, 0, 0, 4, 5, 4] -> [0, 0, 0, 4, 5, 4, 1]
AsyncStartBFS: 2.82 ms, [] -> [0] -> [0, 1] -> [0, 1, 1] -> [0, 1, 1, 0] -> [0, 1, 1, 0, 0] -> [0, 1, 1, 0, 0, 0] -> [0, 1, 1, 0, 0, 0, 1]

problem_32.yaml
AsyncStartBFS: 1.72 ms, [] -> [3] -> [3, 2] -> [3, 2, 0] -> [3, 2, 0, 0] -> [3, 2, 0, 0, 0] -> [3, 2, 0, 0, 0, 3] -> [3, 2, 0, 0, 0, 3, 4]
MultithreadBFS: 1.72 ms, [] -> [2] -> [2, 5] -> [2, 5, 5] -> [2, 5, 5, 0] -> [2, 5, 5, 0, 4] -> [2, 5, 5, 0, 4, 0] -> [2, 5, 5, 0, 4, 0, 4]
TasksBFS: 2.53 ms, [] -> [2] -> [2, 1] -> [2, 1, 2] -> [2, 1, 2, 4] -> [2, 1, 2, 4, 5] -> [2, 1, 2, 4, 5, 3] -> [2, 1, 2, 4, 5, 3, 4]
SyncBFS: 31.27 ms, [] -> [2] -> [2, 1] -> [2, 1, 1] -> [2, 1, 1, 1] -> [2, 1, 1, 1, 4] -> [2, 1, 1, 1, 4, 3] -> [2, 1, 1, 1, 4, 3, 2]

problem_31.yaml
MultithreadBFS: 1.17 ms, [] -> [0] -> [0, 5] -> [0, 5, 3] -> [0, 5, 3, 2] -> [0, 5, 3, 2, 0] -> [0, 5, 3, 2, 0, 5] -> [0, 5, 3, 2, 0, 5, 2]
AsyncStartBFS: 1.49 ms, [] -> [0] -> [0, 5] -> [0, 5, 3] -> [0, 5, 3, 2] -> [0, 5, 3, 2, 0] -> [0, 5, 3, 2, 0, 5] -> [0, 5, 3, 2, 0, 5, 2]
SyncBFS: 51.9 ms, [] -> [0] -> [0, 1] -> [0, 1, 3] -> [0, 1, 3, 5] -> [0, 1, 3, 5, 4] -> [0, 1, 3, 5, 4, 5] -> [0, 1, 3, 5, 4, 5, 5]
TasksBFS: 4.73 ms, [] -> [0] -> [0, 5] -> [0, 5, 3] -> [0, 5, 3, 2] -> [0, 5, 3, 2, 0] -> [0, 5, 3, 2, 0, 5] -> [0, 5, 3, 2, 0, 5, 2]

problem_30.yaml
SyncBFS: 42.75 ms, [] -> [0] -> [0, 0] -> [0, 0, 1] -> [0, 0, 1, 0] -> [0, 0, 1, 0, 2] -> [0, 0, 1, 0, 2, 1] -> [0, 0, 1, 0, 2, 1, 2]
AsyncStartBFS: 2.45 ms, [] -> [0] -> [0, 0] -> [0, 0, 4] -> [0, 0, 4, 0] -> [0, 0, 4, 0, 1] -> [0, 0, 4, 0, 1, 5] -> [0, 0, 4, 0, 1, 5, 2]
MultithreadBFS: 1.35 ms, [] -> [0] -> [0, 0] -> [0, 0, 4] -> [0, 0, 4, 0] -> [0, 0, 4, 0, 1] -> [0, 0, 4, 0, 1, 5] -> [0, 0, 4, 0, 1, 5, 2]
TasksBFS: 3.24 ms, [] -> [0] -> [0, 0] -> [0, 0, 1] -> [0, 0, 1, 0] -> [0, 0, 1, 0, 2] -> [0, 0, 1, 0, 2, 1] -> [0, 0, 1, 0, 2, 1, 2]

problem_10.yaml
SyncBFS: 78.11 ms, [] -> [0] -> [0, 0] -> [0, 0, 0] -> [0, 0, 0, 1] -> [0, 0, 0, 1, 2] -> [0, 0, 0, 1, 2, 1] -> [0, 0, 0, 1, 2, 1, 2]
MultithreadBFS: 3.1 ms, [] -> [0] -> [0, 0] -> [0, 0, 3] -> [0, 0, 3, 1] -> [0, 0, 3, 1, 1] -> [0, 0, 3, 1, 1, 3] -> [0, 0, 3, 1, 1, 3, 5]
AsyncStartBFS: 1.62 ms, [] -> [0] -> [0, 0] -> [0, 0, 3] -> [0, 0, 3, 1] -> [0, 0, 3, 1, 1] -> [0, 0, 3, 1, 1, 3] -> [0, 0, 3, 1, 1, 3, 5]
TasksBFS: 4.19 ms, [] -> [0] -> [0, 0] -> [0, 0, 3] -> [0, 0, 3, 1] -> [0, 0, 3, 1, 1] -> [0, 0, 3, 1, 1, 3] -> [0, 0, 3, 1, 1, 3, 5]

problem_09.yaml
TasksBFS: 2.66 ms, [] -> [0] -> [0, 0] -> [0, 0, 2] -> [0, 0, 2, 4] -> [0, 0, 2, 4, 4] -> [0, 0, 2, 4, 4, 1] -> [0, 0, 2, 4, 4, 1, 5]
MultithreadBFS: 1.39 ms, [] -> [4] -> [4, 2] -> [4, 2, 3] -> [4, 2, 3, 0] -> [4, 2, 3, 0, 5] -> [4, 2, 3, 0, 5, 1] -> [4, 2, 3, 0, 5, 1, 1]
AsyncStartBFS: 1.56 ms, [] -> [0] -> [0, 5] -> [0, 5, 5] -> [0, 5, 5, 0] -> [0, 5, 5, 0, 1] -> [0, 5, 5, 0, 1, 4] -> [0, 5, 5, 0, 1, 4, 5]
SyncBFS: 31.11 ms, [] -> [0] -> [0, 0] -> [0, 0, 0] -> [0, 0, 0, 5] -> [0, 0, 0, 5, 3] -> [0, 0, 0, 5, 3, 4] -> [0, 0, 0, 5, 3, 4, 2]

problem_12.yaml
MultithreadBFS: 1.43 ms, [] -> [0] -> [0, 2] -> [0, 2, 4] -> [0, 2, 4, 0] -> [0, 2, 4, 0, 0] -> [0, 2, 4, 0, 0, 4] -> [0, 2, 4, 0, 0, 4, 1]
AsyncStartBFS: 1.54 ms, [] -> [0] -> [0, 2] -> [0, 2, 4] -> [0, 2, 4, 0] -> [0, 2, 4, 0, 0] -> [0, 2, 4, 0, 0, 4] -> [0, 2, 4, 0, 0, 4, 1]
SyncBFS: 72.21 ms, [] -> [0] -> [0, 1] -> [0, 1, 0] -> [0, 1, 0, 0] -> [0, 1, 0, 0, 3] -> [0, 1, 0, 0, 3, 4] -> [0, 1, 0, 0, 3, 4, 5]
TasksBFS: 3.57 ms, [] -> [0] -> [0, 2] -> [0, 2, 1] -> [0, 2, 1, 1] -> [0, 2, 1, 1, 3] -> [0, 2, 1, 1, 3, 4] -> [0, 2, 1, 1, 3, 4, 5]

problem_47.yaml
AsyncStartBFS: 1.46 ms, [] -> [0] -> [0, 3] -> [0, 3, 0] -> [0, 3, 0, 0] -> [0, 3, 0, 0, 0] -> [0, 3, 0, 0, 0, 1] -> [0, 3, 0, 0, 0, 1, 3]
TasksBFS: 3.88 ms, [] -> [0] -> [0, 0] -> [0, 0, 0] -> [0, 0, 0, 3] -> [0, 0, 0, 3, 2] -> [0, 0, 0, 3, 2, 4] -> [0, 0, 0, 3, 2, 4, 1]
MultithreadBFS: 1.36 ms, [] -> [0] -> [0, 3] -> [0, 3, 0] -> [0, 3, 0, 0] -> [0, 3, 0, 0, 0] -> [0, 3, 0, 0, 0, 1] -> [0, 3, 0, 0, 0, 1, 3]
SyncBFS: 53.3 ms, [] -> [0] -> [0, 0] -> [0, 0, 0] -> [0, 0, 0, 3] -> [0, 0, 0, 3, 2] -> [0, 0, 0, 3, 2, 4] -> [0, 0, 0, 3, 2, 4, 1]

problem_11.yaml
TasksBFS: 3.24 ms, [] -> [0] -> [0, 0] -> [0, 0, 4] -> [0, 0, 4, 3] -> [0, 0, 4, 3, 0] -> [0, 0, 4, 3, 0, 4] -> [0, 0, 4, 3, 0, 4, 5]
MultithreadBFS: 1.17 ms, [] -> [0] -> [0, 5] -> [0, 5, 3] -> [0, 5, 3, 0] -> [0, 5, 3, 0, 0] -> [0, 5, 3, 0, 0, 0] -> [0, 5, 3, 0, 0, 0, 0]
SyncBFS: 39.45 ms, [] -> [0] -> [0, 0] -> [0, 0, 1] -> [0, 0, 1, 3] -> [0, 0, 1, 3, 4] -> [0, 0, 1, 3, 4, 5] -> [0, 0, 1, 3, 4, 5, 2]
AsyncStartBFS: 2.23 ms, [] -> [0] -> [0, 5] -> [0, 5, 3] -> [0, 5, 3, 0] -> [0, 5, 3, 0, 0] -> [0, 5, 3, 0, 0, 0] -> [0, 5, 3, 0, 0, 0, 0]

problem_01.yaml
MultithreadBFS: 1.05 ms, [] -> [0] -> [0, 3] -> [0, 3, 4] -> [0, 3, 4, 0] -> [0, 3, 4, 0, 1] -> [0, 3, 4, 0, 1, 2] -> [0, 3, 4, 0, 1, 2, 4]
SyncBFS: 36.79 ms, [] -> [0] -> [0, 1] -> [0, 1, 0] -> [0, 1, 0, 1] -> [0, 1, 0, 1, 0] -> [0, 1, 0, 1, 0, 2] -> [0, 1, 0, 1, 0, 2, 2]
AsyncStartBFS: 2.36 ms, [] -> [0] -> [0, 3] -> [0, 3, 4] -> [0, 3, 4, 0] -> [0, 3, 4, 0, 1] -> [0, 3, 4, 0, 1, 2] -> [0, 3, 4, 0, 1, 2, 4]
TasksBFS: 2.52 ms, [] -> [0] -> [0, 1] -> [0, 1, 0] -> [0, 1, 0, 1] -> [0, 1, 0, 1, 0] -> [0, 1, 0, 1, 0, 2] -> [0, 1, 0, 1, 0, 2, 2]

problem_08.yaml
TasksBFS: 2.64 ms, [] -> [0] -> [0, 1] -> [0, 1, 4] -> [0, 1, 4, 1] -> [0, 1, 4, 1, 1] -> [0, 1, 4, 1, 1, 0] -> [0, 1, 4, 1, 1, 0, 0]
SyncBFS: 40.19 ms, [] -> [0] -> [0, 1] -> [0, 1, 2] -> [0, 1, 2, 3] -> [0, 1, 2, 3, 2] -> [0, 1, 2, 3, 2, 4] -> [0, 1, 2, 3, 2, 4, 3]
AsyncStartBFS: 1.67 ms, [] -> [0] -> [0, 3] -> [0, 3, 4] -> [0, 3, 4, 2] -> [0, 3, 4, 2, 0] -> [0, 3, 4, 2, 0, 4] -> [0, 3, 4, 2, 0, 4, 1]
MultithreadBFS: 1.37 ms, [] -> [0] -> [0, 2] -> [0, 2, 3] -> [0, 2, 3, 0] -> [0, 2, 3, 0, 4] -> [0, 2, 3, 0, 4, 5] -> [0, 2, 3, 0, 4, 5, 1]

problem_06.yaml
TasksBFS: 3.91 ms, [] -> [1] -> [1, 0] -> [1, 0, 2] -> [1, 0, 2, 1] -> [1, 0, 2, 1, 0] -> [1, 0, 2, 1, 0, 5] -> [1, 0, 2, 1, 0, 5, 3]
MultithreadBFS: 1.14 ms, [] -> [1] -> [1, 0] -> [1, 0, 2] -> [1, 0, 2, 1] -> [1, 0, 2, 1, 0] -> [1, 0, 2, 1, 0, 5] -> [1, 0, 2, 1, 0, 5, 3]
AsyncStartBFS: 1.53 ms, [] -> [1] -> [1, 0] -> [1, 0, 2] -> [1, 0, 2, 1] -> [1, 0, 2, 1, 0] -> [1, 0, 2, 1, 0, 5] -> [1, 0, 2, 1, 0, 5, 3]
SyncBFS: 60.92 ms, [] -> [1] -> [1, 0] -> [1, 0, 0] -> [1, 0, 0, 0] -> [1, 0, 0, 0, 4] -> [1, 0, 0, 0, 4, 5] -> [1, 0, 0, 0, 4, 5, 0]

problem_19.yaml
SyncBFS: 61.04 ms, [] -> [0] -> [0, 1] -> [0, 1, 2] -> [0, 1, 2, 2] -> [0, 1, 2, 2, 3] -> [0, 1, 2, 2, 3, 4] -> [0, 1, 2, 2, 3, 4, 1]
AsyncStartBFS: 1.62 ms, [] -> [0] -> [0, 4] -> [0, 4, 4] -> [0, 4, 4, 2] -> [0, 4, 4, 2, 0] -> [0, 4, 4, 2, 0, 2] -> [0, 4, 4, 2, 0, 2, 4]
MultithreadBFS: 0.99 ms, [] -> [0] -> [0, 2] -> [0, 2, 0] -> [0, 2, 0, 2] -> [0, 2, 0, 2, 0] -> [0, 2, 0, 2, 0, 3] -> [0, 2, 0, 2, 0, 3, 2]
TasksBFS: 3.42 ms, [] -> [0] -> [0, 2] -> [0, 2, 0] -> [0, 2, 0, 2] -> [0, 2, 0, 2, 0] -> [0, 2, 0, 2, 0, 3] -> [0, 2, 0, 2, 0, 3, 2]

problem_40.yaml
AsyncStartBFS: 1.77 ms, [] -> [0] -> [0, 0] -> [0, 0, 1] -> [0, 0, 1, 0] -> [0, 0, 1, 0, 2] -> [0, 0, 1, 0, 2, 3] -> [0, 0, 1, 0, 2, 3, 3]
MultithreadBFS: 1.93 ms, [] -> [0] -> [0, 0] -> [0, 0, 1] -> [0, 0, 1, 0] -> [0, 0, 1, 0, 2] -> [0, 0, 1, 0, 2, 3] -> [0, 0, 1, 0, 2, 3, 3]
SyncBFS: 81.12 ms, [] -> [0] -> [0, 0] -> [0, 0, 0] -> [0, 0, 0, 2] -> [0, 0, 0, 2, 4] -> [0, 0, 0, 2, 4, 5] -> [0, 0, 0, 2, 4, 5, 1]
TasksBFS: 5.49 ms, [] -> [0] -> [0, 0] -> [0, 0, 0] -> [0, 0, 0, 2] -> [0, 0, 0, 2, 4] -> [0, 0, 0, 2, 4, 5] -> [0, 0, 0, 2, 4, 5, 1]

problem_04.yaml
SyncBFS: 68.59 ms, [] -> [0] -> [0, 1] -> [0, 1, 0] -> [0, 1, 0, 4] -> [0, 1, 0, 4, 4] -> [0, 1, 0, 4, 4, 5] -> [0, 1, 0, 4, 4, 5, 2]
MultithreadBFS: 1.49 ms, [] -> [0] -> [0, 1] -> [0, 1, 5] -> [0, 1, 5, 0] -> [0, 1, 5, 0, 3] -> [0, 1, 5, 0, 3, 4] -> [0, 1, 5, 0, 3, 4, 1]
TasksBFS: 3.74 ms, [] -> [0] -> [0, 1] -> [0, 1, 5] -> [0, 1, 5, 0] -> [0, 1, 5, 0, 3] -> [0, 1, 5, 0, 3, 4] -> [0, 1, 5, 0, 3, 4, 1]
AsyncStartBFS: 1.83 ms, [] -> [0] -> [0, 1] -> [0, 1, 5] -> [0, 1, 5, 0] -> [0, 1, 5, 0, 3] -> [0, 1, 5, 0, 3, 4] -> [0, 1, 5, 0, 3, 4, 1]

problem_33.yaml
TasksBFS: 4.27 ms, [] -> [0] -> [0, 1] -> [0, 1, 5] -> [0, 1, 5, 1] -> [0, 1, 5, 1, 1] -> [0, 1, 5, 1, 1, 5] -> [0, 1, 5, 1, 1, 5, 1]
AsyncStartBFS: 1.59 ms, [] -> [0] -> [0, 0] -> [0, 0, 2] -> [0, 0, 2, 0] -> [0, 0, 2, 0, 0] -> [0, 0, 2, 0, 0, 4] -> [0, 0, 2, 0, 0, 4, 5]
MultithreadBFS: 1.4 ms, [] -> [0] -> [0, 0] -> [0, 0, 2] -> [0, 0, 2, 0] -> [0, 0, 2, 0, 0] -> [0, 0, 2, 0, 0, 4] -> [0, 0, 2, 0, 0, 4, 5]
SyncBFS: 61.74 ms, [] -> [0] -> [0, 0] -> [0, 0, 1] -> [0, 0, 1, 0] -> [0, 0, 1, 0, 4] -> [0, 0, 1, 0, 4, 1] -> [0, 0, 1, 0, 4, 1, 5]

problem_21.yaml
AsyncStartBFS: 1.77 ms, [] -> [1] -> [1, 5] -> [1, 5, 0] -> [1, 5, 0, 3] -> [1, 5, 0, 3, 5] -> [1, 5, 0, 3, 5, 4] -> [1, 5, 0, 3, 5, 4, 0]
MultithreadBFS: 1.89 ms, [] -> [1] -> [1, 5] -> [1, 5, 0] -> [1, 5, 0, 3] -> [1, 5, 0, 3, 5] -> [1, 5, 0, 3, 5, 4] -> [1, 5, 0, 3, 5, 4, 0]
TasksBFS: 2.9 ms, [] -> [1] -> [1, 0] -> [1, 0, 1] -> [1, 0, 1, 1] -> [1, 0, 1, 1, 2] -> [1, 0, 1, 1, 2, 2] -> [1, 0, 1, 1, 2, 2, 5]
SyncBFS: 36.86 ms, [] -> [1] -> [1, 0] -> [1, 0, 1] -> [1, 0, 1, 1] -> [1, 0, 1, 1, 2] -> [1, 0, 1, 1, 2, 2] -> [1, 0, 1, 1, 2, 2, 5]

problem_24.yaml
MultithreadBFS: 3.49 ms, [] -> [5] -> [5, 2] -> [5, 2, 0] -> [5, 2, 0, 1] -> [5, 2, 0, 1, 4] -> [5, 2, 0, 1, 4, 1] -> [5, 2, 0, 1, 4, 1, 5]
TasksBFS: 6.16 ms, [] -> [0] -> [0, 1] -> [0, 1, 2] -> [0, 1, 2, 1] -> [0, 1, 2, 1, 2] -> [0, 1, 2, 1, 2, 2] -> [0, 1, 2, 1, 2, 2, 3]
SyncBFS: 77.82 ms, [] -> [0] -> [0, 1] -> [0, 1, 1] -> [0, 1, 1, 4] -> [0, 1, 1, 4, 1] -> [0, 1, 1, 4, 1, 0] -> [0, 1, 1, 4, 1, 0, 5]
AsyncStartBFS: 3.09 ms, [] -> [5] -> [5, 2] -> [5, 2, 0] -> [5, 2, 0, 1] -> [5, 2, 0, 1, 4] -> [5, 2, 0, 1, 4, 1] -> [5, 2, 0, 1, 4, 1, 5]

problem_03.yaml
AsyncStartBFS: 1.56 ms, [] -> [0] -> [0, 0] -> [0, 0, 1] -> [0, 0, 1, 0] -> [0, 0, 1, 0, 2] -> [0, 0, 1, 0, 2, 1] -> [0, 0, 1, 0, 2, 1, 1]
TasksBFS: 3.85 ms, [] -> [0] -> [0, 0] -> [0, 0, 1] -> [0, 0, 1, 0] -> [0, 0, 1, 0, 2] -> [0, 0, 1, 0, 2, 1] -> [0, 0, 1, 0, 2, 1, 1]
SyncBFS: 55.94 ms, [] -> [0] -> [0, 0] -> [0, 0, 0] -> [0, 0, 0, 0] -> [0, 0, 0, 0, 5] -> [0, 0, 0, 0, 5, 3] -> [0, 0, 0, 0, 5, 3, 0]
MultithreadBFS: 2.24 ms, [] -> [0] -> [0, 3] -> [0, 3, 2] -> [0, 3, 2, 0] -> [0, 3, 2, 0, 3] -> [0, 3, 2, 0, 3, 3] -> [0, 3, 2, 0, 3, 3, 3]

problem_07.yaml
TasksBFS: 3.83 ms, [] -> [0] -> [0, 0] -> [0, 0, 4] -> [0, 0, 4, 0] -> [0, 0, 4, 0, 0] -> [0, 0, 4, 0, 0, 1] -> [0, 0, 4, 0, 0, 1, 4]
SyncBFS: 58.54 ms, [] -> [0] -> [0, 0] -> [0, 0, 1] -> [0, 0, 1, 5] -> [0, 0, 1, 5, 5] -> [0, 0, 1, 5, 5, 3] -> [0, 0, 1, 5, 5, 3, 4]
AsyncStartBFS: 2.62 ms, [] -> [0] -> [0, 0] -> [0, 0, 4] -> [0, 0, 4, 0] -> [0, 0, 4, 0, 0] -> [0, 0, 4, 0, 0, 1] -> [0, 0, 4, 0, 0, 1, 4]
MultithreadBFS: 1.59 ms, [] -> [0] -> [0, 0] -> [0, 0, 4] -> [0, 0, 4, 0] -> [0, 0, 4, 0, 0] -> [0, 0, 4, 0, 0, 1] -> [0, 0, 4, 0, 0, 1, 4]

problem_42.yaml
TasksBFS: 2.25 ms, [] -> [0] -> [0, 0] -> [0, 0, 0] -> [0, 0, 0, 0] -> [0, 0, 0, 0, 2] -> [0, 0, 0, 0, 2, 3] -> [0, 0, 0, 0, 2, 3, 3]
SyncBFS: 28.74 ms, [] -> [0] -> [0, 0] -> [0, 0, 0] -> [0, 0, 0, 0] -> [0, 0, 0, 0, 2] -> [0, 0, 0, 0, 2, 3] -> [0, 0, 0, 0, 2, 3, 3]
AsyncStartBFS: 2.07 ms, [] -> [0] -> [0, 4] -> [0, 4, 2] -> [0, 4, 2, 1] -> [0, 4, 2, 1, 1] -> [0, 4, 2, 1, 1, 2] -> [0, 4, 2, 1, 1, 2, 2]
MultithreadBFS: 0.92 ms, [] -> [0] -> [0, 4] -> [0, 4, 2] -> [0, 4, 2, 1] -> [0, 4, 2, 1, 1] -> [0, 4, 2, 1, 1, 2] -> [0, 4, 2, 1, 1, 2, 2]

problem_02.yaml
TasksBFS: 2.12 ms, [] -> [0] -> [0, 0] -> [0, 0, 2] -> [0, 0, 2, 2] -> [0, 0, 2, 2, 1] -> [0, 0, 2, 2, 1, 4] -> [0, 0, 2, 2, 1, 4, 4]
MultithreadBFS: 1.32 ms, [] -> [4] -> [4, 0] -> [4, 0, 3] -> [4, 0, 3, 1] -> [4, 0, 3, 1, 0] -> [4, 0, 3, 1, 0, 4] -> [4, 0, 3, 1, 0, 4, 2]
AsyncStartBFS: 1.86 ms, [] -> [4] -> [4, 0] -> [4, 0, 3] -> [4, 0, 3, 1] -> [4, 0, 3, 1, 0] -> [4, 0, 3, 1, 0, 4] -> [4, 0, 3, 1, 0, 4, 2]
SyncBFS: 30.91 ms, [] -> [0] -> [0, 0] -> [0, 0, 0] -> [0, 0, 0, 5] -> [0, 0, 0, 5, 5] -> [0, 0, 0, 5, 5, 4] -> [0, 0, 0, 5, 5, 4, 1]

problem_29.yaml
MultithreadBFS: 1.28 ms, [] -> [0] -> [0, 0] -> [0, 0, 1] -> [0, 0, 1, 0] -> [0, 0, 1, 0, 0] -> [0, 0, 1, 0, 0, 0] -> [0, 0, 1, 0, 0, 0, 1]
AsyncStartBFS: 1.91 ms, [] -> [0] -> [0, 0] -> [0, 0, 1] -> [0, 0, 1, 0] -> [0, 0, 1, 0, 0] -> [0, 0, 1, 0, 0, 0] -> [0, 0, 1, 0, 0, 0, 1]
SyncBFS: 52.26 ms, [] -> [0] -> [0, 0] -> [0, 0, 0] -> [0, 0, 0, 2] -> [0, 0, 0, 2, 1] -> [0, 0, 0, 2, 1, 4] -> [0, 0, 0, 2, 1, 4, 4]
TasksBFS: 4.24 ms, [] -> [0] -> [0, 0] -> [0, 0, 1] -> [0, 0, 1, 0] -> [0, 0, 1, 0, 0] -> [0, 0, 1, 0, 0, 0] -> [0, 0, 1, 0, 0, 0, 1]

problem_00.yaml
TasksBFS: 3.25 ms, [] -> [1] -> [1, 1] -> [1, 1, 3] -> [1, 1, 3, 1] -> [1, 1, 3, 1, 0] -> [1, 1, 3, 1, 0, 3] -> [1, 1, 3, 1, 0, 3, 1]
SyncBFS: 50.41 ms, [] -> [1] -> [1, 1] -> [1, 1, 3] -> [1, 1, 3, 1] -> [1, 1, 3, 1, 0] -> [1, 1, 3, 1, 0, 3] -> [1, 1, 3, 1, 0, 3, 1]
AsyncStartBFS: 1.57 ms, [] -> [1] -> [1, 1] -> [1, 1, 3] -> [1, 1, 3, 1] -> [1, 1, 3, 1, 0] -> [1, 1, 3, 1, 0, 3] -> [1, 1, 3, 1, 0, 3, 1]
MultithreadBFS: 0.98 ms, [] -> [1] -> [1, 1] -> [1, 1, 3] -> [1, 1, 3, 1] -> [1, 1, 3, 1, 0] -> [1, 1, 3, 1, 0, 3] -> [1, 1, 3, 1, 0, 3, 1]

problem_13.yaml
TasksBFS: 4.43 ms, [] -> [0] -> [0, 0] -> [0, 0, 4] -> [0, 0, 4, 1] -> [0, 0, 4, 1, 3] -> [0, 0, 4, 1, 3, 1] -> [0, 0, 4, 1, 3, 1, 1]
MultithreadBFS: 1.66 ms, [] -> [0] -> [0, 0] -> [0, 0, 1] -> [0, 0, 1, 0] -> [0, 0, 1, 0, 0] -> [0, 0, 1, 0, 0, 0] -> [0, 0, 1, 0, 0, 0, 4]
AsyncStartBFS: 1.9 ms, [] -> [0] -> [0, 0] -> [0, 0, 1] -> [0, 0, 1, 0] -> [0, 0, 1, 0, 0] -> [0, 0, 1, 0, 0, 0] -> [0, 0, 1, 0, 0, 0, 4]
SyncBFS: 69.09 ms, [] -> [0] -> [0, 0] -> [0, 0, 0] -> [0, 0, 0, 1] -> [0, 0, 0, 1, 5] -> [0, 0, 0, 1, 5, 2] -> [0, 0, 0, 1, 5, 2, 4]

problem_16.yaml
MultithreadBFS: 1.52 ms, [] -> [0] -> [0, 5] -> [0, 5, 1] -> [0, 5, 1, 0] -> [0, 5, 1, 0, 3] -> [0, 5, 1, 0, 3, 1] -> [0, 5, 1, 0, 3, 1, 0]
SyncBFS: 35.54 ms, [] -> [0] -> [0, 0] -> [0, 0, 1] -> [0, 0, 1, 0] -> [0, 0, 1, 0, 4] -> [0, 0, 1, 0, 4, 1] -> [0, 0, 1, 0, 4, 1, 1]
TasksBFS: 3.3 ms, [] -> [0] -> [0, 0] -> [0, 0, 1] -> [0, 0, 1, 3] -> [0, 0, 1, 3, 3] -> [0, 0, 1, 3, 3, 2] -> [0, 0, 1, 3, 3, 2, 3]
AsyncStartBFS: 1.62 ms, [] -> [0] -> [0, 3] -> [0, 3, 5] -> [0, 3, 5, 0] -> [0, 3, 5, 0, 2] -> [0, 3, 5, 0, 2, 2] -> [0, 3, 5, 0, 2, 2, 5]

problem_20.yaml
SyncBFS: 46.86 ms, [] -> [0] -> [0, 1] -> [0, 1, 0] -> [0, 1, 0, 0] -> [0, 1, 0, 0, 4] -> [0, 1, 0, 0, 4, 5] -> [0, 1, 0, 0, 4, 5, 3]
MultithreadBFS: 2.29 ms, [] -> [0] -> [0, 3] -> [0, 3, 1] -> [0, 3, 1, 0] -> [0, 3, 1, 0, 1] -> [0, 3, 1, 0, 1, 1] -> [0, 3, 1, 0, 1, 1, 1]
AsyncStartBFS: 1.57 ms, [] -> [0] -> [0, 3] -> [0, 3, 1] -> [0, 3, 1, 0] -> [0, 3, 1, 0, 1] -> [0, 3, 1, 0, 1, 1] -> [0, 3, 1, 0, 1, 1, 1]
TasksBFS: 3.67 ms, [] -> [0] -> [0, 2] -> [0, 2, 5] -> [0, 2, 5, 0] -> [0, 2, 5, 0, 0] -> [0, 2, 5, 0, 0, 4] -> [0, 2, 5, 0, 0, 4, 0]

problem_18.yaml
AsyncStartBFS: 1.69 ms, [] -> [0] -> [0, 0] -> [0, 0, 4] -> [0, 0, 4, 1] -> [0, 0, 4, 1, 4] -> [0, 0, 4, 1, 4, 5] -> [0, 0, 4, 1, 4, 5, 0]
TasksBFS: 4.35 ms, [] -> [0] -> [0, 0] -> [0, 0, 4] -> [0, 0, 4, 1] -> [0, 0, 4, 1, 4] -> [0, 0, 4, 1, 4, 5] -> [0, 0, 4, 1, 4, 5, 0]
MultithreadBFS: 1.86 ms, [] -> [0] -> [0, 0] -> [0, 0, 4] -> [0, 0, 4, 1] -> [0, 0, 4, 1, 4] -> [0, 0, 4, 1, 4, 5] -> [0, 0, 4, 1, 4, 5, 0]
SyncBFS: 74.97 ms, [] -> [0] -> [0, 0] -> [0, 0, 1] -> [0, 0, 1, 2] -> [0, 0, 1, 2, 2] -> [0, 0, 1, 2, 2, 5] -> [0, 0, 1, 2, 2, 5, 0]

problem_05.yaml
TasksBFS: 4.29 ms, [] -> [0] -> [0, 2] -> [0, 2, 1] -> [0, 2, 1, 0] -> [0, 2, 1, 0, 1] -> [0, 2, 1, 0, 1, 2] -> [0, 2, 1, 0, 1, 2, 0]
AsyncStartBFS: 1.52 ms, [] -> [0] -> [0, 0] -> [0, 0, 2] -> [0, 0, 2, 0] -> [0, 0, 2, 0, 3] -> [0, 0, 2, 0, 3, 2] -> [0, 0, 2, 0, 3, 2, 4]
MultithreadBFS: 1.63 ms, [] -> [0] -> [0, 0] -> [0, 0, 2] -> [0, 0, 2, 0] -> [0, 0, 2, 0, 3] -> [0, 0, 2, 0, 3, 2] -> [0, 0, 2, 0, 3, 2, 4]
SyncBFS: 72.54 ms, [] -> [0] -> [0, 0] -> [0, 0, 1] -> [0, 0, 1, 4] -> [0, 0, 1, 4, 0] -> [0, 0, 1, 4, 0, 3] -> [0, 0, 1, 4, 0, 3, 4]

problem_15.yaml
MultithreadBFS: 1.27 ms, [] -> [0] -> [0, 0] -> [0, 0, 2] -> [0, 0, 2, 1] -> [0, 0, 2, 1, 1] -> [0, 0, 2, 1, 1, 1] -> [0, 0, 2, 1, 1, 1, 3]
AsyncStartBFS: 1.54 ms, [] -> [0] -> [0, 0] -> [0, 0, 2] -> [0, 0, 2, 1] -> [0, 0, 2, 1, 1] -> [0, 0, 2, 1, 1, 1] -> [0, 0, 2, 1, 1, 1, 3]
SyncBFS: 74.48 ms, [] -> [0] -> [0, 0] -> [0, 0, 0] -> [0, 0, 0, 1] -> [0, 0, 0, 1, 2] -> [0, 0, 0, 1, 2, 4] -> [0, 0, 0, 1, 2, 4, 0]
TasksBFS: 3.86 ms, [] -> [0] -> [0, 0] -> [0, 0, 2] -> [0, 0, 2, 1] -> [0, 0, 2, 1, 1] -> [0, 0, 2, 1, 1, 1] -> [0, 0, 2, 1, 1, 1, 3]

problem_17.yaml
TasksBFS: 4.29 ms, [] -> [0] -> [0, 0] -> [0, 0, 0] -> [0, 0, 0, 1] -> [0, 0, 0, 1, 2] -> [0, 0, 0, 1, 2, 1] -> [0, 0, 0, 1, 2, 1, 0]
MultithreadBFS: 2.45 ms, [] -> [0] -> [0, 0] -> [0, 0, 0] -> [0, 0, 0, 1] -> [0, 0, 0, 1, 2] -> [0, 0, 0, 1, 2, 1] -> [0, 0, 0, 1, 2, 1, 0]
AsyncStartBFS: 2.22 ms, [] -> [0] -> [0, 0] -> [0, 0, 0] -> [0, 0, 0, 1] -> [0, 0, 0, 1, 2] -> [0, 0, 0, 1, 2, 1] -> [0, 0, 0, 1, 2, 1, 0]
SyncBFS: 81.52 ms, [] -> [0] -> [0, 0] -> [0, 0, 0] -> [0, 0, 0, 1] -> [0, 0, 0, 1, 2] -> [0, 0, 0, 1, 2, 1] -> [0, 0, 0, 1, 2, 1, 0]

problem_37.yaml
MultithreadBFS: 1.61 ms, [] -> [0] -> [0, 2] -> [0, 2, 4] -> [0, 2, 4, 0] -> [0, 2, 4, 0, 0] -> [0, 2, 4, 0, 0, 0] -> [0, 2, 4, 0, 0, 0, 1]
AsyncStartBFS: 1.59 ms, [] -> [0] -> [0, 4] -> [0, 4, 4] -> [0, 4, 4, 0] -> [0, 4, 4, 0, 1] -> [0, 4, 4, 0, 1, 5] -> [0, 4, 4, 0, 1, 5, 3]
SyncBFS: 53.95 ms, [] -> [0] -> [0, 0] -> [0, 0, 2] -> [0, 0, 2, 3] -> [0, 0, 2, 3, 1] -> [0, 0, 2, 3, 1, 0] -> [0, 0, 2, 3, 1, 0, 3]
TasksBFS: 4.87 ms, [] -> [0] -> [0, 4] -> [0, 4, 5] -> [0, 4, 5, 0] -> [0, 4, 5, 0, 0] -> [0, 4, 5, 0, 0, 1] -> [0, 4, 5, 0, 0, 1, 3]

problem_22.yaml
AsyncStartBFS: 1.56 ms, [] -> [3] -> [3, 1] -> [3, 1, 5] -> [3, 1, 5, 0] -> [3, 1, 5, 0, 0] -> [3, 1, 5, 0, 0, 4] -> [3, 1, 5, 0, 0, 4, 2]
MultithreadBFS: 1.11 ms, [] -> [3] -> [3, 1] -> [3, 1, 2] -> [3, 1, 2, 1] -> [3, 1, 2, 1, 3] -> [3, 1, 2, 1, 3, 2] -> [3, 1, 2, 1, 3, 2, 4]
SyncBFS: 28.99 ms, [] -> [2] -> [2, 1] -> [2, 1, 0] -> [2, 1, 0, 4] -> [2, 1, 0, 4, 1] -> [2, 1, 0, 4, 1, 1] -> [2, 1, 0, 4, 1, 1, 4]
TasksBFS: 2.72 ms, [] -> [2] -> [2, 1] -> [2, 1, 4] -> [2, 1, 4, 0] -> [2, 1, 4, 0, 2] -> [2, 1, 4, 0, 2, 2] -> [2, 1, 4, 0, 2, 2, 2]

problem_23.yaml
AsyncStartBFS: 1.48 ms, [] -> [0] -> [0, 4] -> [0, 4, 4] -> [0, 4, 4, 0] -> [0, 4, 4, 0, 1] -> [0, 4, 4, 0, 1, 3] -> [0, 4, 4, 0, 1, 3, 3]
TasksBFS: 3.74 ms, [] -> [0] -> [0, 4] -> [0, 4, 0] -> [0, 4, 0, 0] -> [0, 4, 0, 0, 0] -> [0, 4, 0, 0, 0, 3] -> [0, 4, 0, 0, 0, 3, 1]
MultithreadBFS: 1.37 ms, [] -> [0] -> [0, 4] -> [0, 4, 4] -> [0, 4, 4, 0] -> [0, 4, 4, 0, 1] -> [0, 4, 4, 0, 1, 3] -> [0, 4, 4, 0, 1, 3, 3]
SyncBFS: 64.67 ms, [] -> [0] -> [0, 0] -> [0, 0, 1] -> [0, 0, 1, 5] -> [0, 0, 1, 5, 2] -> [0, 0, 1, 5, 2, 2] -> [0, 0, 1, 5, 2, 2, 4]

problem_25.yaml
SyncBFS: 45.76 ms, [] -> [0] -> [0, 0] -> [0, 0, 0] -> [0, 0, 0, 2] -> [0, 0, 0, 2, 3] -> [0, 0, 0, 2, 3, 0] -> [0, 0, 0, 2, 3, 0, 3]
TasksBFS: 3.96 ms, [] -> [0] -> [0, 1] -> [0, 1, 4] -> [0, 1, 4, 0] -> [0, 1, 4, 0, 2] -> [0, 1, 4, 0, 2, 0] -> [0, 1, 4, 0, 2, 0, 1]
MultithreadBFS: 1.5 ms, [] -> [0] -> [0, 2] -> [0, 2, 4] -> [0, 2, 4, 0] -> [0, 2, 4, 0, 2] -> [0, 2, 4, 0, 2, 2] -> [0, 2, 4, 0, 2, 2, 2]
AsyncStartBFS: 1.63 ms, [] -> [0] -> [0, 2] -> [0, 2, 4] -> [0, 2, 4, 0] -> [0, 2, 4, 0, 2] -> [0, 2, 4, 0, 2, 2] -> [0, 2, 4, 0, 2, 2, 2]

problem_27.yaml
AsyncStartBFS: 1.71 ms, [] -> [0] -> [0, 0] -> [0, 0, 0] -> [0, 0, 0, 0] -> [0, 0, 0, 0, 3] -> [0, 0, 0, 0, 3, 0] -> [0, 0, 0, 0, 3, 0, 4]
SyncBFS: 57.48 ms, [] -> [0] -> [0, 0] -> [0, 0, 0] -> [0, 0, 0, 0] -> [0, 0, 0, 0, 3] -> [0, 0, 0, 0, 3, 0] -> [0, 0, 0, 0, 3, 0, 4]
MultithreadBFS: 2.12 ms, [] -> [0] -> [0, 0] -> [0, 0, 0] -> [0, 0, 0, 0] -> [0, 0, 0, 0, 3] -> [0, 0, 0, 0, 3, 0] -> [0, 0, 0, 0, 3, 0, 4]
TasksBFS: 4.12 ms, [] -> [0] -> [0, 0] -> [0, 0, 0] -> [0, 0, 0, 0] -> [0, 0, 0, 0, 3] -> [0, 0, 0, 0, 3, 0] -> [0, 0, 0, 0, 3, 0, 4]

problem_26.yaml
TasksBFS: 3.38 ms, [] -> [0] -> [0, 2] -> [0, 2, 3] -> [0, 2, 3, 0] -> [0, 2, 3, 0, 2] -> [0, 2, 3, 0, 2, 0] -> [0, 2, 3, 0, 2, 0, 0]
MultithreadBFS: 1.28 ms, [] -> [0] -> [0, 2] -> [0, 2, 3] -> [0, 2, 3, 0] -> [0, 2, 3, 0, 2] -> [0, 2, 3, 0, 2, 0] -> [0, 2, 3, 0, 2, 0, 0]
AsyncStartBFS: 1.56 ms, [] -> [0] -> [0, 2] -> [0, 2, 3] -> [0, 2, 3, 0] -> [0, 2, 3, 0, 2] -> [0, 2, 3, 0, 2, 0] -> [0, 2, 3, 0, 2, 0, 0]
SyncBFS: 42.3 ms, [] -> [0] -> [0, 0] -> [0, 0, 0] -> [0, 0, 0, 2] -> [0, 0, 0, 2, 3] -> [0, 0, 0, 2, 3, 2] -> [0, 0, 0, 2, 3, 2, 5]

problem_14.yaml
AsyncStartBFS: 1.57 ms, [] -> [1] -> [1, 3] -> [1, 3, 5] -> [1, 3, 5, 0] -> [1, 3, 5, 0, 0] -> [1, 3, 5, 0, 0, 3] -> [1, 3, 5, 0, 0, 3, 2]
TasksBFS: 3.13 ms, [] -> [2] -> [2, 1] -> [2, 1, 2] -> [2, 1, 2, 1] -> [2, 1, 2, 1, 2] -> [2, 1, 2, 1, 2, 3] -> [2, 1, 2, 1, 2, 3, 3]
SyncBFS: 52.42 ms, [] -> [1] -> [1, 1] -> [1, 1, 1] -> [1, 1, 1, 0] -> [1, 1, 1, 0, 2] -> [1, 1, 1, 0, 2, 4] -> [1, 1, 1, 0, 2, 4, 3]
MultithreadBFS: 2.08 ms, [] -> [1] -> [1, 3] -> [1, 3, 5] -> [1, 3, 5, 0] -> [1, 3, 5, 0, 0] -> [1, 3, 5, 0, 0, 3] -> [1, 3, 5, 0, 0, 3, 2]

problem_28.yaml
SyncBFS: 64.09 ms, [] -> [0] -> [0, 0] -> [0, 0, 0] -> [0, 0, 0, 0] -> [0, 0, 0, 0, 1] -> [0, 0, 0, 0, 1, 1] -> [0, 0, 0, 0, 1, 1, 0]
TasksBFS: 3.41 ms, [] -> [0] -> [0, 1] -> [0, 1, 2] -> [0, 1, 2, 0] -> [0, 1, 2, 0, 2] -> [0, 1, 2, 0, 2, 3] -> [0, 1, 2, 0, 2, 3, 2]
AsyncStartBFS: 1.64 ms, [] -> [0] -> [0, 1] -> [0, 1, 2] -> [0, 1, 2, 0] -> [0, 1, 2, 0, 2] -> [0, 1, 2, 0, 2, 3] -> [0, 1, 2, 0, 2, 3, 2]
MultithreadBFS: 1.46 ms, [] -> [0] -> [0, 1] -> [0, 1, 2] -> [0, 1, 2, 0] -> [0, 1, 2, 0, 2] -> [0, 1, 2, 0, 2, 3] -> [0, 1, 2, 0, 2, 3, 2]


[INFO] Results summary:
MultithreadBFS
	Average: 1.5572 ms
	Median: 1.45 ms
	Standard Deviation: 0.496178 ms
AsyncStartBFS
	Average: 1.8048 ms
	Median: 1.62 ms
	Standard Deviation: 0.398222 ms
SyncBFS
	Average: 53.7104 ms
	Median: 53.21 ms
	Standard Deviation: 15.5604 ms
TasksBFS
	Average: 3.6662 ms
	Median: 3.74 ms
	Standard Deviation: 0.804211 ms
