problem_49.yaml
AsyncStartBFS: 3.4 ms, [] -> [6] -> [6, 9] -> [6, 9, 0] -> [6, 9, 0, 5] -> [6, 9, 0, 5, 2] -> [6, 9, 0, 5, 2, 7] -> [6, 9, 0, 5, 2, 7, 3]
SyncBFS: 136.07 ms, [] -> [6] -> [6, 9] -> [6, 9, 0] -> [6, 9, 0, 5] -> [6, 9, 0, 5, 2] -> [6, 9, 0, 5, 2, 7] -> [6, 9, 0, 5, 2, 7, 3]
TasksBFS: 16.61 ms, [] -> [6] -> [6, 9] -> [6, 9, 0] -> [6, 9, 0, 5] -> [6, 9, 0, 5, 2] -> [6, 9, 0, 5, 2, 7] -> [6, 9, 0, 5, 2, 7, 3]
MultithreadBFS: 9.19 ms, [] -> [6] -> [6, 9] -> [6, 9, 0] -> [6, 9, 0, 5] -> [6, 9, 0, 5, 2] -> [6, 9, 0, 5, 2, 7] -> [6, 9, 0, 5, 2, 7, 3]

problem_48.yaml
SyncBFS: 18.45 ms, [] -> [0] -> [0, 0] -> [0, 0, 4] -> [0, 0, 4, 3] -> [0, 0, 4, 3, 2] -> [0, 0, 4, 3, 2, 3] -> [0, 0, 4, 3, 2, 3, 6]
TasksBFS: 5.67 ms, [] -> [0] -> [0, 0] -> [0, 0, 4] -> [0, 0, 4, 3] -> [0, 0, 4, 3, 2] -> [0, 0, 4, 3, 2, 3] -> [0, 0, 4, 3, 2, 3, 6]
AsyncStartBFS: 1.46 ms, [] -> [0] -> [0, 0] -> [0, 0, 4] -> [0, 0, 4, 3] -> [0, 0, 4, 3, 2] -> [0, 0, 4, 3, 2, 3] -> [0, 0, 4, 3, 2, 3, 6]
MultithreadBFS: 1.14 ms, [] -> [0] -> [0, 0] -> [0, 0, 4] -> [0, 0, 4, 3] -> [0, 0, 4, 3, 2] -> [0, 0, 4, 3, 2, 3] -> [0, 0, 4, 3, 2, 3, 6]

problem_45.yaml
AsyncStartBFS: 5.93 ms, [] -> [8] -> [8, 0] -> [8, 0, 7] -> [8, 0, 7, 5] -> [8, 0, 7, 5, 6] -> [8, 0, 7, 5, 6, 1] -> [8, 0, 7, 5, 6, 1, 1]
MultithreadBFS: 8.08 ms, [] -> [2] -> [2, 4] -> [2, 4, 7] -> [2, 4, 7, 2] -> [2, 4, 7, 2, 1] -> [2, 4, 7, 2, 1, 0] -> [2, 4, 7, 2, 1, 0, 3]
TasksBFS: 12.35 ms, [] -> [8] -> [8, 0] -> [8, 0, 7] -> [8, 0, 7, 5] -> [8, 0, 7, 5, 6] -> [8, 0, 7, 5, 6, 1] -> [8, 0, 7, 5, 6, 1, 1]
SyncBFS: 61.35 ms, [] -> [1] -> [1, 3] -> [1, 3, 9] -> [1, 3, 9, 5] -> [1, 3, 9, 5, 3] -> [1, 3, 9, 5, 3, 3] -> [1, 3, 9, 5, 3, 3, 7]

problem_43.yaml
AsyncStartBFS: 6.03 ms, [] -> [1] -> [1, 0] -> [1, 0, 8] -> [1, 0, 8, 2] -> [1, 0, 8, 2, 6] -> [1, 0, 8, 2, 6, 7] -> [1, 0, 8, 2, 6, 7, 6]
MultithreadBFS: 8.85 ms, [] -> [2] -> [2, 9] -> [2, 9, 9] -> [2, 9, 9, 0] -> [2, 9, 9, 0, 0] -> [2, 9, 9, 0, 0, 4] -> [2, 9, 9, 0, 0, 4, 3]
SyncBFS: 85.68 ms, [] -> [1] -> [1, 0] -> [1, 0, 8] -> [1, 0, 8, 2] -> [1, 0, 8, 2, 6] -> [1, 0, 8, 2, 6, 7] -> [1, 0, 8, 2, 6, 7, 6]
TasksBFS: 16.19 ms, [] -> [1] -> [1, 0] -> [1, 0, 8] -> [1, 0, 8, 2] -> [1, 0, 8, 2, 6] -> [1, 0, 8, 2, 6, 7] -> [1, 0, 8, 2, 6, 7, 6]

problem_41.yaml
SyncBFS: 110.15 ms, [] -> [0] -> [0, 1] -> [0, 1, 9] -> [0, 1, 9, 1] -> [0, 1, 9, 1, 6] -> [0, 1, 9, 1, 6, 3] -> [0, 1, 9, 1, 6, 3, 2]
AsyncStartBFS: 4.99 ms, [] -> [0] -> [0, 1] -> [0, 1, 9] -> [0, 1, 9, 1] -> [0, 1, 9, 1, 6] -> [0, 1, 9, 1, 6, 3] -> [0, 1, 9, 1, 6, 3, 2]
MultithreadBFS: 8.89 ms, [] -> [3] -> [3, 5] -> [3, 5, 3] -> [3, 5, 3, 6] -> [3, 5, 3, 6, 6] -> [3, 5, 3, 6, 6, 9] -> [3, 5, 3, 6, 6, 9, 4]
TasksBFS: 19.29 ms, [] -> [0] -> [0, 1] -> [0, 1, 9] -> [0, 1, 9, 1] -> [0, 1, 9, 1, 6] -> [0, 1, 9, 1, 6, 3] -> [0, 1, 9, 1, 6, 3, 2]

problem_39.yaml
AsyncStartBFS: 3.19 ms, [] -> [4] -> [4, 0] -> [4, 0, 0] -> [4, 0, 0, 1] -> [4, 0, 0, 1, 2] -> [4, 0, 0, 1, 2, 9] -> [4, 0, 0, 1, 2, 9, 2]
SyncBFS: 115.63 ms, [] -> [1] -> [1, 9] -> [1, 9, 1] -> [1, 9, 1, 8] -> [1, 9, 1, 8, 0] -> [1, 9, 1, 8, 0, 9] -> [1, 9, 1, 8, 0, 9, 1]
MultithreadBFS: 6.43 ms, [] -> [4] -> [4, 0] -> [4, 0, 0] -> [4, 0, 0, 1] -> [4, 0, 0, 1, 2] -> [4, 0, 0, 1, 2, 9] -> [4, 0, 0, 1, 2, 9, 2]
TasksBFS: 18.12 ms, [] -> [4] -> [4, 0] -> [4, 0, 0] -> [4, 0, 0, 1] -> [4, 0, 0, 1, 2] -> [4, 0, 0, 1, 2, 9] -> [4, 0, 0, 1, 2, 9, 2]

problem_38.yaml
AsyncStartBFS: 7.51 ms, [] -> [8] -> [8, 8] -> [8, 8, 1] -> [8, 8, 1, 5] -> [8, 8, 1, 5, 4] -> [8, 8, 1, 5, 4, 1] -> [8, 8, 1, 5, 4, 1, 4]
TasksBFS: 14.79 ms, [] -> [9] -> [9, 4] -> [9, 4, 0] -> [9, 4, 0, 6] -> [9, 4, 0, 6, 8] -> [9, 4, 0, 6, 8, 2] -> [9, 4, 0, 6, 8, 2, 9]
SyncBFS: 138.13 ms, [] -> [8] -> [8, 2] -> [8, 2, 2] -> [8, 2, 2, 9] -> [8, 2, 2, 9, 4] -> [8, 2, 2, 9, 4, 7] -> [8, 2, 2, 9, 4, 7, 6]
MultithreadBFS: 13.12 ms, [] -> [8] -> [8, 8] -> [8, 8, 1] -> [8, 8, 1, 5] -> [8, 8, 1, 5, 4] -> [8, 8, 1, 5, 4, 1] -> [8, 8, 1, 5, 4, 1, 4]

problem_36.yaml
AsyncStartBFS: 7.1 ms, [] -> [1] -> [1, 9] -> [1, 9, 9] -> [1, 9, 9, 5] -> [1, 9, 9, 5, 3] -> [1, 9, 9, 5, 3, 6] -> [1, 9, 9, 5, 3, 6, 1]
SyncBFS: 92.96 ms, [] -> [1] -> [1, 9] -> [1, 9, 9] -> [1, 9, 9, 5] -> [1, 9, 9, 5, 3] -> [1, 9, 9, 5, 3, 6] -> [1, 9, 9, 5, 3, 6, 1]
TasksBFS: 16.15 ms, [] -> [1] -> [1, 9] -> [1, 9, 9] -> [1, 9, 9, 5] -> [1, 9, 9, 5, 3] -> [1, 9, 9, 5, 3, 6] -> [1, 9, 9, 5, 3, 6, 1]
MultithreadBFS: 19.66 ms, [] -> [7] -> [7, 0] -> [7, 0, 2] -> [7, 0, 2, 4] -> [7, 0, 2, 4, 9] -> [7, 0, 2, 4, 9, 8] -> [7, 0, 2, 4, 9, 8, 2]

problem_44.yaml
AsyncStartBFS: 4.15 ms, [] -> [9] -> [9, 8] -> [9, 8, 1] -> [9, 8, 1, 7] -> [9, 8, 1, 7, 0] -> [9, 8, 1, 7, 0, 4] -> [9, 8, 1, 7, 0, 4, 7]
MultithreadBFS: 7.47 ms, [] -> [9] -> [9, 8] -> [9, 8, 1] -> [9, 8, 1, 7] -> [9, 8, 1, 7, 0] -> [9, 8, 1, 7, 0, 4] -> [9, 8, 1, 7, 0, 4, 7]
TasksBFS: 9.64 ms, [] -> [9] -> [9, 8] -> [9, 8, 1] -> [9, 8, 1, 7] -> [9, 8, 1, 7, 0] -> [9, 8, 1, 7, 0, 4] -> [9, 8, 1, 7, 0, 4, 7]
SyncBFS: 71.51 ms, [] -> [4] -> [4, 5] -> [4, 5, 5] -> [4, 5, 5, 7] -> [4, 5, 5, 7, 7] -> [4, 5, 5, 7, 7, 2] -> [4, 5, 5, 7, 7, 2, 9]

problem_35.yaml
SyncBFS: 94.37 ms, [] -> [0] -> [0, 2] -> [0, 2, 7] -> [0, 2, 7, 1] -> [0, 2, 7, 1, 0] -> [0, 2, 7, 1, 0, 5] -> [0, 2, 7, 1, 0, 5, 3]
TasksBFS: 16.67 ms, [] -> [3] -> [3, 0] -> [3, 0, 6] -> [3, 0, 6, 2] -> [3, 0, 6, 2, 8] -> [3, 0, 6, 2, 8, 1] -> [3, 0, 6, 2, 8, 1, 2]
AsyncStartBFS: 6.31 ms, [] -> [6] -> [6, 9] -> [6, 9, 0] -> [6, 9, 0, 3] -> [6, 9, 0, 3, 1] -> [6, 9, 0, 3, 1, 8] -> [6, 9, 0, 3, 1, 8, 0]
MultithreadBFS: 4.7 ms, [] -> [3] -> [3, 0] -> [3, 0, 6] -> [3, 0, 6, 2] -> [3, 0, 6, 2, 8] -> [3, 0, 6, 2, 8, 1] -> [3, 0, 6, 2, 8, 1, 2]

problem_46.yaml
AsyncStartBFS: 7.42 ms, [] -> [7] -> [7, 6] -> [7, 6, 2] -> [7, 6, 2, 2] -> [7, 6, 2, 2, 4] -> [7, 6, 2, 2, 4, 3] -> [7, 6, 2, 2, 4, 3, 4]
MultithreadBFS: 10.47 ms, [] -> [4] -> [4, 8] -> [4, 8, 5] -> [4, 8, 5, 3] -> [4, 8, 5, 3, 7] -> [4, 8, 5, 3, 7, 7] -> [4, 8, 5, 3, 7, 7, 7]
SyncBFS: 142.25 ms, [] -> [4] -> [4, 8] -> [4, 8, 5] -> [4, 8, 5, 3] -> [4, 8, 5, 3, 7] -> [4, 8, 5, 3, 7, 7] -> [4, 8, 5, 3, 7, 7, 7]
TasksBFS: 19.21 ms, [] -> [4] -> [4, 8] -> [4, 8, 5] -> [4, 8, 5, 3] -> [4, 8, 5, 3, 7] -> [4, 8, 5, 3, 7, 7] -> [4, 8, 5, 3, 7, 7, 7]

problem_34.yaml
MultithreadBFS: 10.12 ms, [] -> [7] -> [7, 3] -> [7, 3, 4] -> [7, 3, 4, 7] -> [7, 3, 4, 7, 0] -> [7, 3, 4, 7, 0, 5] -> [7, 3, 4, 7, 0, 5, 9]
AsyncStartBFS: 2.44 ms, [] -> [1] -> [1, 2] -> [1, 2, 6] -> [1, 2, 6, 4] -> [1, 2, 6, 4, 0] -> [1, 2, 6, 4, 0, 4] -> [1, 2, 6, 4, 0, 4, 3]
SyncBFS: 39.52 ms, [] -> [1] -> [1, 2] -> [1, 2, 6] -> [1, 2, 6, 4] -> [1, 2, 6, 4, 0] -> [1, 2, 6, 4, 0, 4] -> [1, 2, 6, 4, 0, 4, 3]
TasksBFS: 6.24 ms, [] -> [7] -> [7, 3] -> [7, 3, 4] -> [7, 3, 4, 7] -> [7, 3, 4, 7, 0] -> [7, 3, 4, 7, 0, 5] -> [7, 3, 4, 7, 0, 5, 9]

problem_32.yaml
MultithreadBFS: 7.03 ms, [] -> [3] -> [3, 2] -> [3, 2, 7] -> [3, 2, 7, 6] -> [3, 2, 7, 6, 3] -> [3, 2, 7, 6, 3, 2] -> [3, 2, 7, 6, 3, 2, 9]
TasksBFS: 18.83 ms, [] -> [3] -> [3, 7] -> [3, 7, 2] -> [3, 7, 2, 2] -> [3, 7, 2, 2, 3] -> [3, 7, 2, 2, 3, 6] -> [3, 7, 2, 2, 3, 6, 8]
AsyncStartBFS: 9.69 ms, [] -> [5] -> [5, 5] -> [5, 5, 0] -> [5, 5, 0, 6] -> [5, 5, 0, 6, 2] -> [5, 5, 0, 6, 2, 6] -> [5, 5, 0, 6, 2, 6, 5]
SyncBFS: 117.19 ms, [] -> [1] -> [1, 0] -> [1, 0, 3] -> [1, 0, 3, 9] -> [1, 0, 3, 9, 6] -> [1, 0, 3, 9, 6, 6] -> [1, 0, 3, 9, 6, 6, 8]

problem_31.yaml
AsyncStartBFS: 3.6 ms, [] -> [6] -> [6, 0] -> [6, 0, 8] -> [6, 0, 8, 3] -> [6, 0, 8, 3, 7] -> [6, 0, 8, 3, 7, 7] -> [6, 0, 8, 3, 7, 7, 7]
SyncBFS: 75.19 ms, [] -> [0] -> [0, 0] -> [0, 0, 0] -> [0, 0, 0, 5] -> [0, 0, 0, 5, 7] -> [0, 0, 0, 5, 7, 1] -> [0, 0, 0, 5, 7, 1, 4]
MultithreadBFS: 9.17 ms, [] -> [1] -> [1, 0] -> [1, 0, 2] -> [1, 0, 2, 3] -> [1, 0, 2, 3, 9] -> [1, 0, 2, 3, 9, 4] -> [1, 0, 2, 3, 9, 4, 1]
TasksBFS: 12.81 ms, [] -> [0] -> [0, 4] -> [0, 4, 9] -> [0, 4, 9, 8] -> [0, 4, 9, 8, 3] -> [0, 4, 9, 8, 3, 3] -> [0, 4, 9, 8, 3, 3, 1]

problem_30.yaml
MultithreadBFS: 5.66 ms, [] -> [4] -> [4, 7] -> [4, 7, 2] -> [4, 7, 2, 5] -> [4, 7, 2, 5, 2] -> [4, 7, 2, 5, 2, 6] -> [4, 7, 2, 5, 2, 6, 2]
TasksBFS: 13.63 ms, [] -> [4] -> [4, 7] -> [4, 7, 2] -> [4, 7, 2, 5] -> [4, 7, 2, 5, 2] -> [4, 7, 2, 5, 2, 6] -> [4, 7, 2, 5, 2, 6, 2]
SyncBFS: 111.86 ms, [] -> [4] -> [4, 7] -> [4, 7, 2] -> [4, 7, 2, 5] -> [4, 7, 2, 5, 2] -> [4, 7, 2, 5, 2, 6] -> [4, 7, 2, 5, 2, 6, 2]
AsyncStartBFS: 4.23 ms, [] -> [4] -> [4, 7] -> [4, 7, 2] -> [4, 7, 2, 5] -> [4, 7, 2, 5, 2] -> [4, 7, 2, 5, 2, 6] -> [4, 7, 2, 5, 2, 6, 2]

problem_10.yaml
MultithreadBFS: 6.18 ms, [] -> [5] -> [5, 4] -> [5, 4, 1] -> [5, 4, 1, 9] -> [5, 4, 1, 9, 5] -> [5, 4, 1, 9, 5, 0] -> [5, 4, 1, 9, 5, 0, 1]
AsyncStartBFS: 3.13 ms, [] -> [5] -> [5, 4] -> [5, 4, 1] -> [5, 4, 1, 9] -> [5, 4, 1, 9, 5] -> [5, 4, 1, 9, 5, 0] -> [5, 4, 1, 9, 5, 0, 1]
SyncBFS: 63.02 ms, [] -> [4] -> [4, 8] -> [4, 8, 6] -> [4, 8, 6, 6] -> [4, 8, 6, 6, 1] -> [4, 8, 6, 6, 1, 8] -> [4, 8, 6, 6, 1, 8, 1]
TasksBFS: 11.06 ms, [] -> [5] -> [5, 1] -> [5, 1, 5] -> [5, 1, 5, 2] -> [5, 1, 5, 2, 8] -> [5, 1, 5, 2, 8, 3] -> [5, 1, 5, 2, 8, 3, 5]

problem_09.yaml
MultithreadBFS: 8.59 ms, [] -> [4] -> [4, 7] -> [4, 7, 3] -> [4, 7, 3, 6] -> [4, 7, 3, 6, 9] -> [4, 7, 3, 6, 9, 2] -> [4, 7, 3, 6, 9, 2, 8]
SyncBFS: 87.86 ms, [] -> [3] -> [3, 8] -> [3, 8, 2] -> [3, 8, 2, 4] -> [3, 8, 2, 4, 3] -> [3, 8, 2, 4, 3, 4] -> [3, 8, 2, 4, 3, 4, 1]
TasksBFS: 12.94 ms, [] -> [3] -> [3, 8] -> [3, 8, 2] -> [3, 8, 2, 4] -> [3, 8, 2, 4, 3] -> [3, 8, 2, 4, 3, 4] -> [3, 8, 2, 4, 3, 4, 1]
AsyncStartBFS: 8.37 ms, [] -> [3] -> [3, 8] -> [3, 8, 2] -> [3, 8, 2, 4] -> [3, 8, 2, 4, 3] -> [3, 8, 2, 4, 3, 4] -> [3, 8, 2, 4, 3, 4, 1]

problem_12.yaml
TasksBFS: 18.21 ms, [] -> [8] -> [8, 0] -> [8, 0, 3] -> [8, 0, 3, 3] -> [8, 0, 3, 3, 8] -> [8, 0, 3, 3, 8, 3] -> [8, 0, 3, 3, 8, 3, 0]
MultithreadBFS: 25.09 ms, [] -> [7] -> [7, 6] -> [7, 6, 8] -> [7, 6, 8, 2] -> [7, 6, 8, 2, 1] -> [7, 6, 8, 2, 1, 6] -> [7, 6, 8, 2, 1, 6, 1]
SyncBFS: 142.79 ms, [] -> [7] -> [7, 6] -> [7, 6, 8] -> [7, 6, 8, 2] -> [7, 6, 8, 2, 1] -> [7, 6, 8, 2, 1, 6] -> [7, 6, 8, 2, 1, 6, 1]
AsyncStartBFS: 9.16 ms, [] -> [7] -> [7, 9] -> [7, 9, 0] -> [7, 9, 0, 8] -> [7, 9, 0, 8, 7] -> [7, 9, 0, 8, 7, 3] -> [7, 9, 0, 8, 7, 3, 7]

problem_47.yaml
SyncBFS: 44.45 ms, [] -> [0] -> [0, 0] -> [0, 0, 4] -> [0, 0, 4, 2] -> [0, 0, 4, 2, 0] -> [0, 0, 4, 2, 0, 0] -> [0, 0, 4, 2, 0, 0, 4]
TasksBFS: 9.61 ms, [] -> [0] -> [0, 0] -> [0, 0, 4] -> [0, 0, 4, 2] -> [0, 0, 4, 2, 0] -> [0, 0, 4, 2, 0, 0] -> [0, 0, 4, 2, 0, 0, 4]
AsyncStartBFS: 1.85 ms, [] -> [0] -> [0, 0] -> [0, 0, 4] -> [0, 0, 4, 2] -> [0, 0, 4, 2, 0] -> [0, 0, 4, 2, 0, 0] -> [0, 0, 4, 2, 0, 0, 4]
MultithreadBFS: 2.92 ms, [] -> [0] -> [0, 0] -> [0, 0, 4] -> [0, 0, 4, 2] -> [0, 0, 4, 2, 0] -> [0, 0, 4, 2, 0, 0] -> [0, 0, 4, 2, 0, 0, 4]

problem_11.yaml
MultithreadBFS: 6.09 ms, [] -> [4] -> [4, 4] -> [4, 4, 9] -> [4, 4, 9, 3] -> [4, 4, 9, 3, 1] -> [4, 4, 9, 3, 1, 1] -> [4, 4, 9, 3, 1, 1, 8]
TasksBFS: 16.28 ms, [] -> [4] -> [4, 4] -> [4, 4, 9] -> [4, 4, 9, 3] -> [4, 4, 9, 3, 1] -> [4, 4, 9, 3, 1, 1] -> [4, 4, 9, 3, 1, 1, 8]
AsyncStartBFS: 10.62 ms, [] -> [4] -> [4, 8] -> [4, 8, 0] -> [4, 8, 0, 8] -> [4, 8, 0, 8, 9] -> [4, 8, 0, 8, 9, 3] -> [4, 8, 0, 8, 9, 3, 3]
SyncBFS: 111.13 ms, [] -> [2] -> [2, 7] -> [2, 7, 9] -> [2, 7, 9, 4] -> [2, 7, 9, 4, 0] -> [2, 7, 9, 4, 0, 2] -> [2, 7, 9, 4, 0, 2, 9]

problem_01.yaml
MultithreadBFS: 7.96 ms, [] -> [9] -> [9, 7] -> [9, 7, 0] -> [9, 7, 0, 8] -> [9, 7, 0, 8, 5] -> [9, 7, 0, 8, 5, 2] -> [9, 7, 0, 8, 5, 2, 5]
TasksBFS: 8.26 ms, [] -> [1] -> [1, 2] -> [1, 2, 2] -> [1, 2, 2, 0] -> [1, 2, 2, 0, 1] -> [1, 2, 2, 0, 1, 0] -> [1, 2, 2, 0, 1, 0, 4]
AsyncStartBFS: 3.3 ms, [] -> [1] -> [1, 2] -> [1, 2, 2] -> [1, 2, 2, 0] -> [1, 2, 2, 0, 1] -> [1, 2, 2, 0, 1, 0] -> [1, 2, 2, 0, 1, 0, 4]
SyncBFS: 54.93 ms, [] -> [1] -> [1, 2] -> [1, 2, 2] -> [1, 2, 2, 0] -> [1, 2, 2, 0, 1] -> [1, 2, 2, 0, 1, 0] -> [1, 2, 2, 0, 1, 0, 4]

problem_08.yaml
AsyncStartBFS: 5.59 ms, [] -> [1] -> [1, 0] -> [1, 0, 1] -> [1, 0, 1, 7] -> [1, 0, 1, 7, 2] -> [1, 0, 1, 7, 2, 8] -> [1, 0, 1, 7, 2, 8, 2]
SyncBFS: 69.34 ms, [] -> [1] -> [1, 0] -> [1, 0, 1] -> [1, 0, 1, 7] -> [1, 0, 1, 7, 2] -> [1, 0, 1, 7, 2, 8] -> [1, 0, 1, 7, 2, 8, 2]
TasksBFS: 13.21 ms, [] -> [1] -> [1, 0] -> [1, 0, 1] -> [1, 0, 1, 7] -> [1, 0, 1, 7, 2] -> [1, 0, 1, 7, 2, 8] -> [1, 0, 1, 7, 2, 8, 2]
MultithreadBFS: 12.42 ms, [] -> [7] -> [7, 9] -> [7, 9, 0] -> [7, 9, 0, 5] -> [7, 9, 0, 5, 9] -> [7, 9, 0, 5, 9, 1] -> [7, 9, 0, 5, 9, 1, 9]

problem_06.yaml
SyncBFS: 101.98 ms, [] -> [0] -> [0, 6] -> [0, 6, 7] -> [0, 6, 7, 0] -> [0, 6, 7, 0, 2] -> [0, 6, 7, 0, 2, 0] -> [0, 6, 7, 0, 2, 0, 4]
MultithreadBFS: 9.45 ms, [] -> [4] -> [4, 7] -> [4, 7, 1] -> [4, 7, 1, 6] -> [4, 7, 1, 6, 9] -> [4, 7, 1, 6, 9, 9] -> [4, 7, 1, 6, 9, 9, 8]
AsyncStartBFS: 7.33 ms, [] -> [1] -> [1, 7] -> [1, 7, 5] -> [1, 7, 5, 6] -> [1, 7, 5, 6, 1] -> [1, 7, 5, 6, 1, 0] -> [1, 7, 5, 6, 1, 0, 9]
TasksBFS: 11.56 ms, [] -> [4] -> [4, 9] -> [4, 9, 7] -> [4, 9, 7, 4] -> [4, 9, 7, 4, 8] -> [4, 9, 7, 4, 8, 5] -> [4, 9, 7, 4, 8, 5, 1]

problem_19.yaml
SyncBFS: 90.64 ms, [] -> [1] -> [1, 7] -> [1, 7, 3] -> [1, 7, 3, 5] -> [1, 7, 3, 5, 9] -> [1, 7, 3, 5, 9, 4] -> [1, 7, 3, 5, 9, 4, 6]
MultithreadBFS: 10.22 ms, [] -> [4] -> [4, 5] -> [4, 5, 5] -> [4, 5, 5, 9] -> [4, 5, 5, 9, 1] -> [4, 5, 5, 9, 1, 1] -> [4, 5, 5, 9, 1, 1, 5]
TasksBFS: 15.51 ms, [] -> [1] -> [1, 7] -> [1, 7, 3] -> [1, 7, 3, 5] -> [1, 7, 3, 5, 9] -> [1, 7, 3, 5, 9, 4] -> [1, 7, 3, 5, 9, 4, 6]
AsyncStartBFS: 6.53 ms, [] -> [7] -> [7, 4] -> [7, 4, 1] -> [7, 4, 1, 4] -> [7, 4, 1, 4, 7] -> [7, 4, 1, 4, 7, 8] -> [7, 4, 1, 4, 7, 8, 9]

problem_40.yaml
SyncBFS: 118.79 ms, [] -> [3] -> [3, 2] -> [3, 2, 6] -> [3, 2, 6, 4] -> [3, 2, 6, 4, 2] -> [3, 2, 6, 4, 2, 0] -> [3, 2, 6, 4, 2, 0, 7]
MultithreadBFS: 11.16 ms, [] -> [4] -> [4, 2] -> [4, 2, 3] -> [4, 2, 3, 4] -> [4, 2, 3, 4, 2] -> [4, 2, 3, 4, 2, 2] -> [4, 2, 3, 4, 2, 2, 2]
AsyncStartBFS: 4.64 ms, [] -> [4] -> [4, 3] -> [4, 3, 4] -> [4, 3, 4, 6] -> [4, 3, 4, 6, 7] -> [4, 3, 4, 6, 7, 0] -> [4, 3, 4, 6, 7, 0, 7]
TasksBFS: 18.6 ms, [] -> [4] -> [4, 3] -> [4, 3, 4] -> [4, 3, 4, 6] -> [4, 3, 4, 6, 7] -> [4, 3, 4, 6, 7, 0] -> [4, 3, 4, 6, 7, 0, 7]

problem_04.yaml
AsyncStartBFS: 1.41 ms, [] -> [4] -> [4, 0] -> [4, 0, 2] -> [4, 0, 2, 0] -> [4, 0, 2, 0, 1] -> [4, 0, 2, 0, 1, 3] -> [4, 0, 2, 0, 1, 3, 2]
SyncBFS: 31.28 ms, [] -> [4] -> [4, 0] -> [4, 0, 1] -> [4, 0, 1, 2] -> [4, 0, 1, 2, 9] -> [4, 0, 1, 2, 9, 9] -> [4, 0, 1, 2, 9, 9, 4]
TasksBFS: 4.85 ms, [] -> [4] -> [4, 0] -> [4, 0, 1] -> [4, 0, 1, 2] -> [4, 0, 1, 2, 9] -> [4, 0, 1, 2, 9, 9] -> [4, 0, 1, 2, 9, 9, 4]
MultithreadBFS: 1.76 ms, [] -> [4] -> [4, 0] -> [4, 0, 2] -> [4, 0, 2, 0] -> [4, 0, 2, 0, 1] -> [4, 0, 2, 0, 1, 3] -> [4, 0, 2, 0, 1, 3, 2]

problem_33.yaml
MultithreadBFS: 5.97 ms, [] -> [9] -> [9, 2] -> [9, 2, 3] -> [9, 2, 3, 4] -> [9, 2, 3, 4, 8] -> [9, 2, 3, 4, 8, 3] -> [9, 2, 3, 4, 8, 3, 9]
TasksBFS: 10.71 ms, [] -> [2] -> [2, 5] -> [2, 5, 4] -> [2, 5, 4, 6] -> [2, 5, 4, 6, 4] -> [2, 5, 4, 6, 4, 7] -> [2, 5, 4, 6, 4, 7, 9]
AsyncStartBFS: 3.81 ms, [] -> [9] -> [9, 2] -> [9, 2, 3] -> [9, 2, 3, 4] -> [9, 2, 3, 4, 8] -> [9, 2, 3, 4, 8, 3] -> [9, 2, 3, 4, 8, 3, 9]
SyncBFS: 60.49 ms, [] -> [0] -> [0, 9] -> [0, 9, 5] -> [0, 9, 5, 1] -> [0, 9, 5, 1, 3] -> [0, 9, 5, 1, 3, 5] -> [0, 9, 5, 1, 3, 5, 7]

problem_21.yaml
SyncBFS: 51.18 ms, [] -> [6] -> [6, 0] -> [6, 0, 9] -> [6, 0, 9, 5] -> [6, 0, 9, 5, 1] -> [6, 0, 9, 5, 1, 5] -> [6, 0, 9, 5, 1, 5, 1]
AsyncStartBFS: 2.96 ms, [] -> [7] -> [7, 0] -> [7, 0, 5] -> [7, 0, 5, 2] -> [7, 0, 5, 2, 2] -> [7, 0, 5, 2, 2, 0] -> [7, 0, 5, 2, 2, 0, 0]
TasksBFS: 8.8 ms, [] -> [6] -> [6, 0] -> [6, 0, 9] -> [6, 0, 9, 5] -> [6, 0, 9, 5, 1] -> [6, 0, 9, 5, 1, 5] -> [6, 0, 9, 5, 1, 5, 1]
MultithreadBFS: 5.64 ms, [] -> [7] -> [7, 0] -> [7, 0, 5] -> [7, 0, 5, 2] -> [7, 0, 5, 2, 2] -> [7, 0, 5, 2, 2, 0] -> [7, 0, 5, 2, 2, 0, 0]

problem_24.yaml
SyncBFS: 45.38 ms, [] -> [0] -> [0, 1] -> [0, 1, 4] -> [0, 1, 4, 8] -> [0, 1, 4, 8, 3] -> [0, 1, 4, 8, 3, 6] -> [0, 1, 4, 8, 3, 6, 0]
MultithreadBFS: 8.62 ms, [] -> [5] -> [5, 5] -> [5, 5, 3] -> [5, 5, 3, 8] -> [5, 5, 3, 8, 1] -> [5, 5, 3, 8, 1, 8] -> [5, 5, 3, 8, 1, 8, 2]
AsyncStartBFS: 5.77 ms, [] -> [5] -> [5, 5] -> [5, 5, 3] -> [5, 5, 3, 8] -> [5, 5, 3, 8, 1] -> [5, 5, 3, 8, 1, 8] -> [5, 5, 3, 8, 1, 8, 2]
TasksBFS: 9.65 ms, [] -> [0] -> [0, 1] -> [0, 1, 4] -> [0, 1, 4, 8] -> [0, 1, 4, 8, 3] -> [0, 1, 4, 8, 3, 6] -> [0, 1, 4, 8, 3, 6, 0]

problem_03.yaml
TasksBFS: 13.91 ms, [] -> [1] -> [1, 1] -> [1, 1, 8] -> [1, 1, 8, 3] -> [1, 1, 8, 3, 5] -> [1, 1, 8, 3, 5, 4] -> [1, 1, 8, 3, 5, 4, 6]
MultithreadBFS: 9.29 ms, [] -> [1] -> [1, 1] -> [1, 1, 2] -> [1, 1, 2, 5] -> [1, 1, 2, 5, 3] -> [1, 1, 2, 5, 3, 6] -> [1, 1, 2, 5, 3, 6, 1]
AsyncStartBFS: 2.66 ms, [] -> [1] -> [1, 5] -> [1, 5, 7] -> [1, 5, 7, 1] -> [1, 5, 7, 1, 1] -> [1, 5, 7, 1, 1, 0] -> [1, 5, 7, 1, 1, 0, 2]
SyncBFS: 83.98 ms, [] -> [1] -> [1, 0] -> [1, 0, 7] -> [1, 0, 7, 7] -> [1, 0, 7, 7, 1] -> [1, 0, 7, 7, 1, 9] -> [1, 0, 7, 7, 1, 9, 5]

problem_07.yaml
AsyncStartBFS: 2.7 ms, [] -> [8] -> [8, 1] -> [8, 1, 1] -> [8, 1, 1, 6] -> [8, 1, 1, 6, 8] -> [8, 1, 1, 6, 8, 1] -> [8, 1, 1, 6, 8, 1, 6]
TasksBFS: 11.2 ms, [] -> [8] -> [8, 1] -> [8, 1, 1] -> [8, 1, 1, 6] -> [8, 1, 1, 6, 8] -> [8, 1, 1, 6, 8, 1] -> [8, 1, 1, 6, 8, 1, 6]
MultithreadBFS: 6.54 ms, [] -> [1] -> [1, 8] -> [1, 8, 0] -> [1, 8, 0, 1] -> [1, 8, 0, 1, 9] -> [1, 8, 0, 1, 9, 5] -> [1, 8, 0, 1, 9, 5, 8]
SyncBFS: 71.1 ms, [] -> [1] -> [1, 4] -> [1, 4, 9] -> [1, 4, 9, 9] -> [1, 4, 9, 9, 4] -> [1, 4, 9, 9, 4, 4] -> [1, 4, 9, 9, 4, 4, 9]

problem_42.yaml
TasksBFS: 9.62 ms, [] -> [1] -> [1, 2] -> [1, 2, 1] -> [1, 2, 1, 2] -> [1, 2, 1, 2, 0] -> [1, 2, 1, 2, 0, 1] -> [1, 2, 1, 2, 0, 1, 2]
MultithreadBFS: 8.83 ms, [] -> [2] -> [2, 6] -> [2, 6, 0] -> [2, 6, 0, 2] -> [2, 6, 0, 2, 8] -> [2, 6, 0, 2, 8, 1] -> [2, 6, 0, 2, 8, 1, 7]
SyncBFS: 58.64 ms, [] -> [1] -> [1, 0] -> [1, 0, 2] -> [1, 0, 2, 0] -> [1, 0, 2, 0, 0] -> [1, 0, 2, 0, 0, 6] -> [1, 0, 2, 0, 0, 6, 1]
AsyncStartBFS: 3.89 ms, [] -> [2] -> [2, 6] -> [2, 6, 0] -> [2, 6, 0, 2] -> [2, 6, 0, 2, 8] -> [2, 6, 0, 2, 8, 1] -> [2, 6, 0, 2, 8, 1, 7]

problem_02.yaml
TasksBFS: 4.36 ms, [] -> [7] -> [7, 4] -> [7, 4, 8] -> [7, 4, 8, 8] -> [7, 4, 8, 8, 1] -> [7, 4, 8, 8, 1, 1] -> [7, 4, 8, 8, 1, 1, 0]
MultithreadBFS: 1.66 ms, [] -> [7] -> [7, 4] -> [7, 4, 8] -> [7, 4, 8, 8] -> [7, 4, 8, 8, 1] -> [7, 4, 8, 8, 1, 1] -> [7, 4, 8, 8, 1, 1, 0]
AsyncStartBFS: 1.53 ms, [] -> [7] -> [7, 4] -> [7, 4, 8] -> [7, 4, 8, 8] -> [7, 4, 8, 8, 1] -> [7, 4, 8, 8, 1, 1] -> [7, 4, 8, 8, 1, 1, 0]
SyncBFS: 22.4 ms, [] -> [7] -> [7, 4] -> [7, 4, 8] -> [7, 4, 8, 8] -> [7, 4, 8, 8, 1] -> [7, 4, 8, 8, 1, 1] -> [7, 4, 8, 8, 1, 1, 0]

problem_29.yaml
SyncBFS: 85.71 ms, [] -> [0] -> [0, 6] -> [0, 6, 3] -> [0, 6, 3, 1] -> [0, 6, 3, 1, 1] -> [0, 6, 3, 1, 1, 4] -> [0, 6, 3, 1, 1, 4, 8]
TasksBFS: 12.72 ms, [] -> [0] -> [0, 6] -> [0, 6, 3] -> [0, 6, 3, 1] -> [0, 6, 3, 1, 1] -> [0, 6, 3, 1, 1, 4] -> [0, 6, 3, 1, 1, 4, 8]
AsyncStartBFS: 5.98 ms, [] -> [0] -> [0, 6] -> [0, 6, 3] -> [0, 6, 3, 1] -> [0, 6, 3, 1, 1] -> [0, 6, 3, 1, 1, 4] -> [0, 6, 3, 1, 1, 4, 8]
MultithreadBFS: 10.06 ms, [] -> [4] -> [4, 4] -> [4, 4, 7] -> [4, 4, 7, 3] -> [4, 4, 7, 3, 8] -> [4, 4, 7, 3, 8, 6] -> [4, 4, 7, 3, 8, 6, 1]

problem_00.yaml
AsyncStartBFS: 6.12 ms, [] -> [7] -> [7, 5] -> [7, 5, 6] -> [7, 5, 6, 2] -> [7, 5, 6, 2, 4] -> [7, 5, 6, 2, 4, 8] -> [7, 5, 6, 2, 4, 8, 5]
TasksBFS: 13.93 ms, [] -> [0] -> [0, 8] -> [0, 8, 5] -> [0, 8, 5, 1] -> [0, 8, 5, 1, 5] -> [0, 8, 5, 1, 5, 0] -> [0, 8, 5, 1, 5, 0, 7]
SyncBFS: 83.73 ms, [] -> [0] -> [0, 8] -> [0, 8, 5] -> [0, 8, 5, 1] -> [0, 8, 5, 1, 5] -> [0, 8, 5, 1, 5, 0] -> [0, 8, 5, 1, 5, 0, 7]
MultithreadBFS: 10.69 ms, [] -> [6] -> [6, 2] -> [6, 2, 3] -> [6, 2, 3, 7] -> [6, 2, 3, 7, 3] -> [6, 2, 3, 7, 3, 8] -> [6, 2, 3, 7, 3, 8, 8]

problem_13.yaml
TasksBFS: 14.52 ms, [] -> [1] -> [1, 9] -> [1, 9, 6] -> [1, 9, 6, 0] -> [1, 9, 6, 0, 9] -> [1, 9, 6, 0, 9, 9] -> [1, 9, 6, 0, 9, 9, 6]
MultithreadBFS: 8.07 ms, [] -> [4] -> [4, 5] -> [4, 5, 3] -> [4, 5, 3, 3] -> [4, 5, 3, 3, 8] -> [4, 5, 3, 3, 8, 4] -> [4, 5, 3, 3, 8, 4, 9]
SyncBFS: 89.63 ms, [] -> [1] -> [1, 9] -> [1, 9, 6] -> [1, 9, 6, 0] -> [1, 9, 6, 0, 9] -> [1, 9, 6, 0, 9, 9] -> [1, 9, 6, 0, 9, 9, 6]
AsyncStartBFS: 3.56 ms, [] -> [4] -> [4, 5] -> [4, 5, 3] -> [4, 5, 3, 3] -> [4, 5, 3, 3, 8] -> [4, 5, 3, 3, 8, 4] -> [4, 5, 3, 3, 8, 4, 9]

problem_16.yaml
SyncBFS: 59.52 ms, [] -> [0] -> [0, 4] -> [0, 4, 6] -> [0, 4, 6, 1] -> [0, 4, 6, 1, 7] -> [0, 4, 6, 1, 7, 8] -> [0, 4, 6, 1, 7, 8, 0]
MultithreadBFS: 8.75 ms, [] -> [3] -> [3, 1] -> [3, 1, 0] -> [3, 1, 0, 7] -> [3, 1, 0, 7, 1] -> [3, 1, 0, 7, 1, 0] -> [3, 1, 0, 7, 1, 0, 0]
TasksBFS: 10.03 ms, [] -> [0] -> [0, 4] -> [0, 4, 6] -> [0, 4, 6, 1] -> [0, 4, 6, 1, 7] -> [0, 4, 6, 1, 7, 8] -> [0, 4, 6, 1, 7, 8, 0]
AsyncStartBFS: 6.58 ms, [] -> [0] -> [0, 4] -> [0, 4, 6] -> [0, 4, 6, 1] -> [0, 4, 6, 1, 7] -> [0, 4, 6, 1, 7, 8] -> [0, 4, 6, 1, 7, 8, 0]

problem_20.yaml
AsyncStartBFS: 6.88 ms, [] -> [0] -> [0, 9] -> [0, 9, 3] -> [0, 9, 3, 9] -> [0, 9, 3, 9, 3] -> [0, 9, 3, 9, 3, 4] -> [0, 9, 3, 9, 3, 4, 7]
SyncBFS: 84.43 ms, [] -> [0] -> [0, 9] -> [0, 9, 3] -> [0, 9, 3, 9] -> [0, 9, 3, 9, 3] -> [0, 9, 3, 9, 3, 4] -> [0, 9, 3, 9, 3, 4, 7]
TasksBFS: 14.95 ms, [] -> [0] -> [0, 9] -> [0, 9, 3] -> [0, 9, 3, 9] -> [0, 9, 3, 9, 3] -> [0, 9, 3, 9, 3, 4] -> [0, 9, 3, 9, 3, 4, 7]
MultithreadBFS: 11.16 ms, [] -> [5] -> [5, 1] -> [5, 1, 1] -> [5, 1, 1, 0] -> [5, 1, 1, 0, 6] -> [5, 1, 1, 0, 6, 7] -> [5, 1, 1, 0, 6, 7, 0]

problem_18.yaml
MultithreadBFS: 64.59 ms, [] -> [5] -> [5, 6] -> [5, 6, 2] -> [5, 6, 2, 5] -> [5, 6, 2, 5, 4] -> [5, 6, 2, 5, 4, 5] -> [5, 6, 2, 5, 4, 5, 0]
TasksBFS: 18.55 ms, [] -> [5] -> [5, 6] -> [5, 6, 2] -> [5, 6, 2, 5] -> [5, 6, 2, 5, 4] -> [5, 6, 2, 5, 4, 5] -> [5, 6, 2, 5, 4, 5, 0]
AsyncStartBFS: 16.16 ms, [] -> [5] -> [5, 6] -> [5, 6, 2] -> [5, 6, 2, 5] -> [5, 6, 2, 5, 4] -> [5, 6, 2, 5, 4, 5] -> [5, 6, 2, 5, 4, 5, 0]
SyncBFS: 154.78 ms, [] -> [5] -> [5, 6] -> [5, 6, 2] -> [5, 6, 2, 5] -> [5, 6, 2, 5, 4] -> [5, 6, 2, 5, 4, 5] -> [5, 6, 2, 5, 4, 5, 0]

problem_05.yaml
SyncBFS: 131.43 ms, [] -> [4] -> [4, 0] -> [4, 0, 7] -> [4, 0, 7, 2] -> [4, 0, 7, 2, 4] -> [4, 0, 7, 2, 4, 5] -> [4, 0, 7, 2, 4, 5, 6]
TasksBFS: 18.52 ms, [] -> [4] -> [4, 1] -> [4, 1, 8] -> [4, 1, 8, 8] -> [4, 1, 8, 8, 1] -> [4, 1, 8, 8, 1, 8] -> [4, 1, 8, 8, 1, 8, 0]
AsyncStartBFS: 13.08 ms, [] -> [4] -> [4, 0] -> [4, 0, 7] -> [4, 0, 7, 2] -> [4, 0, 7, 2, 4] -> [4, 0, 7, 2, 4, 5] -> [4, 0, 7, 2, 4, 5, 6]
MultithreadBFS: 9.36 ms, [] -> [4] -> [4, 1] -> [4, 1, 8] -> [4, 1, 8, 8] -> [4, 1, 8, 8, 1] -> [4, 1, 8, 8, 1, 8] -> [4, 1, 8, 8, 1, 8, 0]

problem_15.yaml
SyncBFS: 90.48 ms, [] -> [2] -> [2, 2] -> [2, 2, 5] -> [2, 2, 5, 0] -> [2, 2, 5, 0, 5] -> [2, 2, 5, 0, 5, 5] -> [2, 2, 5, 0, 5, 5, 6]
MultithreadBFS: 8.52 ms, [] -> [4] -> [4, 1] -> [4, 1, 1] -> [4, 1, 1, 6] -> [4, 1, 1, 6, 8] -> [4, 1, 1, 6, 8, 9] -> [4, 1, 1, 6, 8, 9, 7]
TasksBFS: 15.02 ms, [] -> [2] -> [2, 2] -> [2, 2, 5] -> [2, 2, 5, 0] -> [2, 2, 5, 0, 5] -> [2, 2, 5, 0, 5, 5] -> [2, 2, 5, 0, 5, 5, 6]
AsyncStartBFS: 7.36 ms, [] -> [2] -> [2, 2] -> [2, 2, 5] -> [2, 2, 5, 0] -> [2, 2, 5, 0, 5] -> [2, 2, 5, 0, 5, 5] -> [2, 2, 5, 0, 5, 5, 6]

problem_17.yaml
MultithreadBFS: 6.2 ms, [] -> [4] -> [4, 7] -> [4, 7, 0] -> [4, 7, 0, 3] -> [4, 7, 0, 3, 4] -> [4, 7, 0, 3, 4, 1] -> [4, 7, 0, 3, 4, 1, 6]
TasksBFS: 11.97 ms, [] -> [3] -> [3, 0] -> [3, 0, 1] -> [3, 0, 1, 7] -> [3, 0, 1, 7, 6] -> [3, 0, 1, 7, 6, 9] -> [3, 0, 1, 7, 6, 9, 5]
AsyncStartBFS: 4 ms, [] -> [4] -> [4, 7] -> [4, 7, 0] -> [4, 7, 0, 3] -> [4, 7, 0, 3, 4] -> [4, 7, 0, 3, 4, 1] -> [4, 7, 0, 3, 4, 1, 6]
SyncBFS: 97.49 ms, [] -> [3] -> [3, 0] -> [3, 0, 1] -> [3, 0, 1, 7] -> [3, 0, 1, 7, 6] -> [3, 0, 1, 7, 6, 9] -> [3, 0, 1, 7, 6, 9, 5]

problem_37.yaml
AsyncStartBFS: 4.66 ms, [] -> [3] -> [3, 4] -> [3, 4, 8] -> [3, 4, 8, 0] -> [3, 4, 8, 0, 3] -> [3, 4, 8, 0, 3, 1] -> [3, 4, 8, 0, 3, 1, 3]
SyncBFS: 79.83 ms, [] -> [1] -> [1, 2] -> [1, 2, 5] -> [1, 2, 5, 6] -> [1, 2, 5, 6, 7] -> [1, 2, 5, 6, 7, 4] -> [1, 2, 5, 6, 7, 4, 7]
TasksBFS: 13.79 ms, [] -> [1] -> [1, 2] -> [1, 2, 5] -> [1, 2, 5, 6] -> [1, 2, 5, 6, 7] -> [1, 2, 5, 6, 7, 4] -> [1, 2, 5, 6, 7, 4, 7]
MultithreadBFS: 10.4 ms, [] -> [3] -> [3, 4] -> [3, 4, 8] -> [3, 4, 8, 0] -> [3, 4, 8, 0, 3] -> [3, 4, 8, 0, 3, 1] -> [3, 4, 8, 0, 3, 1, 3]

problem_22.yaml
MultithreadBFS: 7.31 ms, [] -> [7] -> [7, 4] -> [7, 4, 3] -> [7, 4, 3, 2] -> [7, 4, 3, 2, 6] -> [7, 4, 3, 2, 6, 0] -> [7, 4, 3, 2, 6, 0, 5]
AsyncStartBFS: 5.31 ms, [] -> [0] -> [0, 4] -> [0, 4, 5] -> [0, 4, 5, 4] -> [0, 4, 5, 4, 5] -> [0, 4, 5, 4, 5, 2] -> [0, 4, 5, 4, 5, 2, 6]
TasksBFS: 5.92 ms, [] -> [0] -> [0, 4] -> [0, 4, 5] -> [0, 4, 5, 4] -> [0, 4, 5, 4, 5] -> [0, 4, 5, 4, 5, 2] -> [0, 4, 5, 4, 5, 2, 6]
SyncBFS: 49.88 ms, [] -> [0] -> [0, 4] -> [0, 4, 5] -> [0, 4, 5, 4] -> [0, 4, 5, 4, 5] -> [0, 4, 5, 4, 5, 2] -> [0, 4, 5, 4, 5, 2, 6]

problem_23.yaml
MultithreadBFS: 10.92 ms, [] -> [7] -> [7, 0] -> [7, 0, 0] -> [7, 0, 0, 9] -> [7, 0, 0, 9, 4] -> [7, 0, 0, 9, 4, 6] -> [7, 0, 0, 9, 4, 6, 8]
AsyncStartBFS: 3.1 ms, [] -> [2] -> [2, 4] -> [2, 4, 8] -> [2, 4, 8, 8] -> [2, 4, 8, 8, 7] -> [2, 4, 8, 8, 7, 2] -> [2, 4, 8, 8, 7, 2, 9]
SyncBFS: 81.63 ms, [] -> [2] -> [2, 0] -> [2, 0, 2] -> [2, 0, 2, 6] -> [2, 0, 2, 6, 5] -> [2, 0, 2, 6, 5, 0] -> [2, 0, 2, 6, 5, 0, 4]
TasksBFS: 14.33 ms, [] -> [7] -> [7, 0] -> [7, 0, 0] -> [7, 0, 0, 9] -> [7, 0, 0, 9, 4] -> [7, 0, 0, 9, 4, 6] -> [7, 0, 0, 9, 4, 6, 8]

problem_25.yaml
SyncBFS: 58.63 ms, [] -> [0] -> [0, 6] -> [0, 6, 7] -> [0, 6, 7, 5] -> [0, 6, 7, 5, 0] -> [0, 6, 7, 5, 0, 2] -> [0, 6, 7, 5, 0, 2, 4]
AsyncStartBFS: 5.24 ms, [] -> [8] -> [8, 8] -> [8, 8, 0] -> [8, 8, 0, 4] -> [8, 8, 0, 4, 4] -> [8, 8, 0, 4, 4, 9] -> [8, 8, 0, 4, 4, 9, 9]
TasksBFS: 10.38 ms, [] -> [0] -> [0, 6] -> [0, 6, 7] -> [0, 6, 7, 5] -> [0, 6, 7, 5, 0] -> [0, 6, 7, 5, 0, 2] -> [0, 6, 7, 5, 0, 2, 4]
MultithreadBFS: 10.05 ms, [] -> [8] -> [8, 8] -> [8, 8, 0] -> [8, 8, 0, 4] -> [8, 8, 0, 4, 4] -> [8, 8, 0, 4, 4, 9] -> [8, 8, 0, 4, 4, 9, 9]

problem_27.yaml
SyncBFS: 75.61 ms, [] -> [4] -> [4, 4] -> [4, 4, 2] -> [4, 4, 2, 1] -> [4, 4, 2, 1, 2] -> [4, 4, 2, 1, 2, 3] -> [4, 4, 2, 1, 2, 3, 9]
MultithreadBFS: 9.21 ms, [] -> [8] -> [8, 1] -> [8, 1, 0] -> [8, 1, 0, 0] -> [8, 1, 0, 0, 0] -> [8, 1, 0, 0, 0, 5] -> [8, 1, 0, 0, 0, 5, 5]
AsyncStartBFS: 3.86 ms, [] -> [8] -> [8, 1] -> [8, 1, 0] -> [8, 1, 0, 0] -> [8, 1, 0, 0, 0] -> [8, 1, 0, 0, 0, 5] -> [8, 1, 0, 0, 0, 5, 5]
TasksBFS: 12.2 ms, [] -> [8] -> [8, 1] -> [8, 1, 0] -> [8, 1, 0, 0] -> [8, 1, 0, 0, 0] -> [8, 1, 0, 0, 0, 5] -> [8, 1, 0, 0, 0, 5, 5]

problem_26.yaml
AsyncStartBFS: 5.13 ms, [] -> [8] -> [8, 4] -> [8, 4, 0] -> [8, 4, 0, 1] -> [8, 4, 0, 1, 6] -> [8, 4, 0, 1, 6, 9] -> [8, 4, 0, 1, 6, 9, 4]
SyncBFS: 102.74 ms, [] -> [2] -> [2, 7] -> [2, 7, 4] -> [2, 7, 4, 9] -> [2, 7, 4, 9, 9] -> [2, 7, 4, 9, 9, 6] -> [2, 7, 4, 9, 9, 6, 4]
MultithreadBFS: 9.37 ms, [] -> [8] -> [8, 4] -> [8, 4, 0] -> [8, 4, 0, 1] -> [8, 4, 0, 1, 6] -> [8, 4, 0, 1, 6, 9] -> [8, 4, 0, 1, 6, 9, 4]
TasksBFS: 16.23 ms, [] -> [8] -> [8, 4] -> [8, 4, 0] -> [8, 4, 0, 1] -> [8, 4, 0, 1, 6] -> [8, 4, 0, 1, 6, 9] -> [8, 4, 0, 1, 6, 9, 4]

problem_14.yaml
AsyncStartBFS: 8.64 ms, [] -> [2] -> [2, 0] -> [2, 0, 4] -> [2, 0, 4, 4] -> [2, 0, 4, 4, 7] -> [2, 0, 4, 4, 7, 5] -> [2, 0, 4, 4, 7, 5, 1]
TasksBFS: 15.33 ms, [] -> [2] -> [2, 0] -> [2, 0, 3] -> [2, 0, 3, 7] -> [2, 0, 3, 7, 4] -> [2, 0, 3, 7, 4, 5] -> [2, 0, 3, 7, 4, 5, 3]
SyncBFS: 93.08 ms, [] -> [2] -> [2, 0] -> [2, 0, 3] -> [2, 0, 3, 7] -> [2, 0, 3, 7, 4] -> [2, 0, 3, 7, 4, 5] -> [2, 0, 3, 7, 4, 5, 3]
MultithreadBFS: 10.51 ms, [] -> [5] -> [5, 2] -> [5, 2, 4] -> [5, 2, 4, 2] -> [5, 2, 4, 2, 0] -> [5, 2, 4, 2, 0, 9] -> [5, 2, 4, 2, 0, 9, 7]

problem_28.yaml
SyncBFS: 93.27 ms, [] -> [0] -> [0, 0] -> [0, 0, 5] -> [0, 0, 5, 0] -> [0, 0, 5, 0, 2] -> [0, 0, 5, 0, 2, 3] -> [0, 0, 5, 0, 2, 3, 3]
TasksBFS: 19.84 ms, [] -> [0] -> [0, 0] -> [0, 0, 5] -> [0, 0, 5, 0] -> [0, 0, 5, 0, 2] -> [0, 0, 5, 0, 2, 3] -> [0, 0, 5, 0, 2, 3, 3]
MultithreadBFS: 9.51 ms, [] -> [2] -> [2, 7] -> [2, 7, 3] -> [2, 7, 3, 4] -> [2, 7, 3, 4, 0] -> [2, 7, 3, 4, 0, 0] -> [2, 7, 3, 4, 0, 0, 8]
AsyncStartBFS: 1.93 ms, [] -> [0] -> [0, 0] -> [0, 0, 5] -> [0, 0, 5, 0] -> [0, 0, 5, 0, 2] -> [0, 0, 5, 0, 2, 3] -> [0, 0, 5, 0, 2, 3, 3]


[INFO] Results summary:
MultithreadBFS
	Average: 9.861 ms
	Median: 8.87 ms
	Standard Deviation: 8.70305 ms
SyncBFS
	Average: 84.6312 ms
	Median: 85.055 ms
	Standard Deviation: 31.5219 ms
TasksBFS
	Average: 13.2554 ms
	Median: 13.71 ms
	Standard Deviation: 4.01867 ms
AsyncStartBFS
	Average: 5.4058 ms
	Median: 5.06 ms
	Standard Deviation: 2.91431 ms
