problem_49.yaml
AsyncStartBFS: 1.34 ms, [] -> [1] -> [1, 0] -> [1, 0, 0] -> [1, 0, 0, 3] -> [1, 0, 0, 3, 0] -> [1, 0, 0, 3, 0, 2] -> [1, 0, 0, 3, 0, 2, 1] -> [1, 0, 0, 3, 0, 2, 1, 2] -> [1, 0, 0, 3, 0, 2, 1, 2, 2] -> [1, 0, 0, 3, 0, 2, 1, 2, 2, 0]
TasksBFS: 1.26 ms, [] -> [1] -> [1, 0] -> [1, 0, 3] -> [1, 0, 3, 0] -> [1, 0, 3, 0, 0] -> [1, 0, 3, 0, 0, 1] -> [1, 0, 3, 0, 0, 1, 3] -> [1, 0, 3, 0, 0, 1, 3, 2] -> [1, 0, 3, 0, 0, 1, 3, 2, 2] -> [1, 0, 3, 0, 0, 1, 3, 2, 2, 0]
SyncBFS: 5.19 ms, [] -> [1] -> [1, 0] -> [1, 0, 0] -> [1, 0, 0, 3] -> [1, 0, 0, 3, 0] -> [1, 0, 0, 3, 0, 2] -> [1, 0, 0, 3, 0, 2, 1] -> [1, 0, 0, 3, 0, 2, 1, 2] -> [1, 0, 0, 3, 0, 2, 1, 2, 2] -> [1, 0, 0, 3, 0, 2, 1, 2, 2, 0]
MultithreadBFS: 1.85 ms, [] -> [1] -> [1, 0] -> [1, 0, 0] -> [1, 0, 0, 3] -> [1, 0, 0, 3, 0] -> [1, 0, 0, 3, 0, 2] -> [1, 0, 0, 3, 0, 2, 1] -> [1, 0, 0, 3, 0, 2, 1, 2] -> [1, 0, 0, 3, 0, 2, 1, 2, 2] -> [1, 0, 0, 3, 0, 2, 1, 2, 2, 0]

problem_48.yaml
AsyncStartBFS: 1.42 ms, [] -> [2] -> [2, 0] -> [2, 0, 2] -> [2, 0, 2, 2] -> [2, 0, 2, 2, 0] -> [2, 0, 2, 2, 0, 2] -> [2, 0, 2, 2, 0, 2, 1] -> [2, 0, 2, 2, 0, 2, 1, 3] -> [2, 0, 2, 2, 0, 2, 1, 3, 3] -> [2, 0, 2, 2, 0, 2, 1, 3, 3, 2]
SyncBFS: 8.85 ms, [] -> [1] -> [1, 0] -> [1, 0, 3] -> [1, 0, 3, 3] -> [1, 0, 3, 3, 0] -> [1, 0, 3, 3, 0, 3] -> [1, 0, 3, 3, 0, 3, 1] -> [1, 0, 3, 3, 0, 3, 1, 2] -> [1, 0, 3, 3, 0, 3, 1, 2, 3] -> [1, 0, 3, 3, 0, 3, 1, 2, 3, 0]
TasksBFS: 2.74 ms, [] -> [1] -> [1, 2] -> [1, 2, 2] -> [1, 2, 2, 3] -> [1, 2, 2, 3, 0] -> [1, 2, 2, 3, 0, 0] -> [1, 2, 2, 3, 0, 0, 3] -> [1, 2, 2, 3, 0, 0, 3, 3] -> [1, 2, 2, 3, 0, 0, 3, 3, 3] -> [1, 2, 2, 3, 0, 0, 3, 3, 3, 2]
MultithreadBFS: 0.89 ms, [] -> [2] -> [2, 2] -> [2, 2, 0] -> [2, 2, 0, 0] -> [2, 2, 0, 0, 2] -> [2, 2, 0, 0, 2, 0] -> [2, 2, 0, 0, 2, 0, 1] -> [2, 2, 0, 0, 2, 0, 1, 0] -> [2, 2, 0, 0, 2, 0, 1, 0, 2] -> [2, 2, 0, 0, 2, 0, 1, 0, 2, 2]

problem_45.yaml
AsyncStartBFS: 1.19 ms, [] -> [1] -> [1, 2] -> [1, 2, 1] -> [1, 2, 1, 2] -> [1, 2, 1, 2, 0] -> [1, 2, 1, 2, 0, 0] -> [1, 2, 1, 2, 0, 0, 1] -> [1, 2, 1, 2, 0, 0, 1, 0] -> [1, 2, 1, 2, 0, 0, 1, 0, 1] -> [1, 2, 1, 2, 0, 0, 1, 0, 1, 0]
SyncBFS: 8.84 ms, [] -> [0] -> [0, 0] -> [0, 0, 0] -> [0, 0, 0, 1] -> [0, 0, 0, 1, 2] -> [0, 0, 0, 1, 2, 1] -> [0, 0, 0, 1, 2, 1, 2] -> [0, 0, 0, 1, 2, 1, 2, 1] -> [0, 0, 0, 1, 2, 1, 2, 1, 1] -> [0, 0, 0, 1, 2, 1, 2, 1, 1, 1]
MultithreadBFS: 0.98 ms, [] -> [1] -> [1, 2] -> [1, 2, 1] -> [1, 2, 1, 2] -> [1, 2, 1, 2, 0] -> [1, 2, 1, 2, 0, 0] -> [1, 2, 1, 2, 0, 0, 1] -> [1, 2, 1, 2, 0, 0, 1, 0] -> [1, 2, 1, 2, 0, 0, 1, 0, 1] -> [1, 2, 1, 2, 0, 0, 1, 0, 1, 0]
TasksBFS: 1.86 ms, [] -> [0] -> [0, 0] -> [0, 0, 0] -> [0, 0, 0, 2] -> [0, 0, 0, 2, 0] -> [0, 0, 0, 2, 0, 3] -> [0, 0, 0, 2, 0, 3, 0] -> [0, 0, 0, 2, 0, 3, 0, 2] -> [0, 0, 0, 2, 0, 3, 0, 2, 0] -> [0, 0, 0, 2, 0, 3, 0, 2, 0, 1]

problem_43.yaml
SyncBFS: 6.63 ms, [] -> [0] -> [0, 2] -> [0, 2, 0] -> [0, 2, 0, 1] -> [0, 2, 0, 1, 1] -> [0, 2, 0, 1, 1, 3] -> [0, 2, 0, 1, 1, 3, 0] -> [0, 2, 0, 1, 1, 3, 0, 2] -> [0, 2, 0, 1, 1, 3, 0, 2, 2] -> [0, 2, 0, 1, 1, 3, 0, 2, 2, 0]
TasksBFS: 2.82 ms, [] -> [0] -> [0, 2] -> [0, 2, 0] -> [0, 2, 0, 1] -> [0, 2, 0, 1, 1] -> [0, 2, 0, 1, 1, 3] -> [0, 2, 0, 1, 1, 3, 0] -> [0, 2, 0, 1, 1, 3, 0, 2] -> [0, 2, 0, 1, 1, 3, 0, 2, 2] -> [0, 2, 0, 1, 1, 3, 0, 2, 2, 0]
MultithreadBFS: 1.05 ms, [] -> [2] -> [2, 2] -> [2, 2, 3] -> [2, 2, 3, 0] -> [2, 2, 3, 0, 1] -> [2, 2, 3, 0, 1, 0] -> [2, 2, 3, 0, 1, 0, 1] -> [2, 2, 3, 0, 1, 0, 1, 1] -> [2, 2, 3, 0, 1, 0, 1, 1, 0] -> [2, 2, 3, 0, 1, 0, 1, 1, 0, 1]
AsyncStartBFS: 1.43 ms, [] -> [2] -> [2, 2] -> [2, 2, 3] -> [2, 2, 3, 0] -> [2, 2, 3, 0, 1] -> [2, 2, 3, 0, 1, 0] -> [2, 2, 3, 0, 1, 0, 1] -> [2, 2, 3, 0, 1, 0, 1, 1] -> [2, 2, 3, 0, 1, 0, 1, 1, 0] -> [2, 2, 3, 0, 1, 0, 1, 1, 0, 1]

problem_41.yaml
SyncBFS: 6.77 ms, [] -> [1] -> [1, 0] -> [1, 0, 2] -> [1, 0, 2, 2] -> [1, 0, 2, 2, 1] -> [1, 0, 2, 2, 1, 3] -> [1, 0, 2, 2, 1, 3, 0] -> [1, 0, 2, 2, 1, 3, 0, 3] -> [1, 0, 2, 2, 1, 3, 0, 3, 0] -> [1, 0, 2, 2, 1, 3, 0, 3, 0, 2]
TasksBFS: 2.04 ms, [] -> [1] -> [1, 0] -> [1, 0, 2] -> [1, 0, 2, 2] -> [1, 0, 2, 2, 1] -> [1, 0, 2, 2, 1, 3] -> [1, 0, 2, 2, 1, 3, 0] -> [1, 0, 2, 2, 1, 3, 0, 3] -> [1, 0, 2, 2, 1, 3, 0, 3, 0] -> [1, 0, 2, 2, 1, 3, 0, 3, 0, 2]
AsyncStartBFS: 1.43 ms, [] -> [1] -> [1, 3] -> [1, 3, 0] -> [1, 3, 0, 1] -> [1, 3, 0, 1, 0] -> [1, 3, 0, 1, 0, 1] -> [1, 3, 0, 1, 0, 1, 3] -> [1, 3, 0, 1, 0, 1, 3, 3] -> [1, 3, 0, 1, 0, 1, 3, 3, 2] -> [1, 3, 0, 1, 0, 1, 3, 3, 2, 2]
MultithreadBFS: 1.23 ms, [] -> [1] -> [1, 3] -> [1, 3, 2] -> [1, 3, 2, 1] -> [1, 3, 2, 1, 0] -> [1, 3, 2, 1, 0, 2] -> [1, 3, 2, 1, 0, 2, 1] -> [1, 3, 2, 1, 0, 2, 1, 0] -> [1, 3, 2, 1, 0, 2, 1, 0, 2] -> [1, 3, 2, 1, 0, 2, 1, 0, 2, 1]

problem_39.yaml
TasksBFS: 0.89 ms, [] -> [0] -> [0, 3] -> [0, 3, 0] -> [0, 3, 0, 3] -> [0, 3, 0, 3, 1] -> [0, 3, 0, 3, 1, 0] -> [0, 3, 0, 3, 1, 0, 1] -> [0, 3, 0, 3, 1, 0, 1, 0] -> [0, 3, 0, 3, 1, 0, 1, 0, 0] -> [0, 3, 0, 3, 1, 0, 1, 0, 0, 1]
AsyncStartBFS: 1.5 ms, [] -> [1] -> [1, 1] -> [1, 1, 3] -> [1, 1, 3, 3] -> [1, 1, 3, 3, 1] -> [1, 1, 3, 3, 1, 0] -> [1, 1, 3, 3, 1, 0, 3] -> [1, 1, 3, 3, 1, 0, 3, 2] -> [1, 1, 3, 3, 1, 0, 3, 2, 2] -> [1, 1, 3, 3, 1, 0, 3, 2, 2, 1]
MultithreadBFS: 1.31 ms, [] -> [1] -> [1, 1] -> [1, 1, 3] -> [1, 1, 3, 3] -> [1, 1, 3, 3, 1] -> [1, 1, 3, 3, 1, 0] -> [1, 1, 3, 3, 1, 0, 3] -> [1, 1, 3, 3, 1, 0, 3, 2] -> [1, 1, 3, 3, 1, 0, 3, 2, 2] -> [1, 1, 3, 3, 1, 0, 3, 2, 2, 1]
SyncBFS: 7.45 ms, [] -> [0] -> [0, 1] -> [0, 1, 1] -> [0, 1, 1, 3] -> [0, 1, 1, 3, 3] -> [0, 1, 1, 3, 3, 0] -> [0, 1, 1, 3, 3, 0, 1] -> [0, 1, 1, 3, 3, 0, 1, 2] -> [0, 1, 1, 3, 3, 0, 1, 2, 2] -> [0, 1, 1, 3, 3, 0, 1, 2, 2, 3]

problem_38.yaml
SyncBFS: 8.7 ms, [] -> [1] -> [1, 0] -> [1, 0, 1] -> [1, 0, 1, 0] -> [1, 0, 1, 0, 0] -> [1, 0, 1, 0, 0, 1] -> [1, 0, 1, 0, 0, 1, 0] -> [1, 0, 1, 0, 0, 1, 0, 0] -> [1, 0, 1, 0, 0, 1, 0, 0, 3] -> [1, 0, 1, 0, 0, 1, 0, 0, 3, 0]
MultithreadBFS: 1.61 ms, [] -> [1] -> [1, 3] -> [1, 3, 0] -> [1, 3, 0, 0] -> [1, 3, 0, 0, 0] -> [1, 3, 0, 0, 0, 2] -> [1, 3, 0, 0, 0, 2, 1] -> [1, 3, 0, 0, 0, 2, 1, 2] -> [1, 3, 0, 0, 0, 2, 1, 2, 3] -> [1, 3, 0, 0, 0, 2, 1, 2, 3, 1]
TasksBFS: 1.37 ms, [] -> [1] -> [1, 0] -> [1, 0, 2] -> [1, 0, 2, 1] -> [1, 0, 2, 1, 0] -> [1, 0, 2, 1, 0, 3] -> [1, 0, 2, 1, 0, 3, 0] -> [1, 0, 2, 1, 0, 3, 0, 1] -> [1, 0, 2, 1, 0, 3, 0, 1, 2] -> [1, 0, 2, 1, 0, 3, 0, 1, 2, 0]
AsyncStartBFS: 1.42 ms, [] -> [1] -> [1, 3] -> [1, 3, 3] -> [1, 3, 3, 2] -> [1, 3, 3, 2, 0] -> [1, 3, 3, 2, 0, 2] -> [1, 3, 3, 2, 0, 2, 2] -> [1, 3, 3, 2, 0, 2, 2, 2] -> [1, 3, 3, 2, 0, 2, 2, 2, 0] -> [1, 3, 3, 2, 0, 2, 2, 2, 0, 3]

problem_36.yaml
AsyncStartBFS: 1.45 ms, [] -> [0] -> [0, 2] -> [0, 2, 3] -> [0, 2, 3, 0] -> [0, 2, 3, 0, 0] -> [0, 2, 3, 0, 0, 3] -> [0, 2, 3, 0, 0, 3, 2] -> [0, 2, 3, 0, 0, 3, 2, 0] -> [0, 2, 3, 0, 0, 3, 2, 0, 0] -> [0, 2, 3, 0, 0, 3, 2, 0, 0, 3]
SyncBFS: 13.39 ms, [] -> [0] -> [0, 0] -> [0, 0, 0] -> [0, 0, 0, 1] -> [0, 0, 0, 1, 1] -> [0, 0, 0, 1, 1, 3] -> [0, 0, 0, 1, 1, 3, 0] -> [0, 0, 0, 1, 1, 3, 0, 1] -> [0, 0, 0, 1, 1, 3, 0, 1, 1] -> [0, 0, 0, 1, 1, 3, 0, 1, 1, 0]
TasksBFS: 3.57 ms, [] -> [0] -> [0, 0] -> [0, 0, 0] -> [0, 0, 0, 1] -> [0, 0, 0, 1, 2] -> [0, 0, 0, 1, 2, 1] -> [0, 0, 0, 1, 2, 1, 0] -> [0, 0, 0, 1, 2, 1, 0, 1] -> [0, 0, 0, 1, 2, 1, 0, 1, 0] -> [0, 0, 0, 1, 2, 1, 0, 1, 0, 3]
MultithreadBFS: 1.07 ms, [] -> [0] -> [0, 2] -> [0, 2, 3] -> [0, 2, 3, 0] -> [0, 2, 3, 0, 0] -> [0, 2, 3, 0, 0, 3] -> [0, 2, 3, 0, 0, 3, 2] -> [0, 2, 3, 0, 0, 3, 2, 0] -> [0, 2, 3, 0, 0, 3, 2, 0, 0] -> [0, 2, 3, 0, 0, 3, 2, 0, 0, 3]

problem_44.yaml
TasksBFS: 2.61 ms, [] -> [0] -> [0, 0] -> [0, 0, 3] -> [0, 0, 3, 1] -> [0, 0, 3, 1, 1] -> [0, 0, 3, 1, 1, 0] -> [0, 0, 3, 1, 1, 0, 0] -> [0, 0, 3, 1, 1, 0, 0, 0] -> [0, 0, 3, 1, 1, 0, 0, 0, 1] -> [0, 0, 3, 1, 1, 0, 0, 0, 1, 3]
MultithreadBFS: 1.4 ms, [] -> [0] -> [0, 2] -> [0, 2, 2] -> [0, 2, 2, 2] -> [0, 2, 2, 2, 2] -> [0, 2, 2, 2, 2, 1] -> [0, 2, 2, 2, 2, 1, 3] -> [0, 2, 2, 2, 2, 1, 3, 1] -> [0, 2, 2, 2, 2, 1, 3, 1, 0] -> [0, 2, 2, 2, 2, 1, 3, 1, 0, 2]
AsyncStartBFS: 1.43 ms, [] -> [0] -> [0, 0] -> [0, 0, 3] -> [0, 0, 3, 1] -> [0, 0, 3, 1, 1] -> [0, 0, 3, 1, 1, 0] -> [0, 0, 3, 1, 1, 0, 0] -> [0, 0, 3, 1, 1, 0, 0, 0] -> [0, 0, 3, 1, 1, 0, 0, 0, 1] -> [0, 0, 3, 1, 1, 0, 0, 0, 1, 3]
SyncBFS: 14.44 ms, [] -> [0] -> [0, 0] -> [0, 0, 1] -> [0, 0, 1, 0] -> [0, 0, 1, 0, 2] -> [0, 0, 1, 0, 2, 2] -> [0, 0, 1, 0, 2, 2, 1] -> [0, 0, 1, 0, 2, 2, 1, 3] -> [0, 0, 1, 0, 2, 2, 1, 3, 0] -> [0, 0, 1, 0, 2, 2, 1, 3, 0, 3]

problem_35.yaml
TasksBFS: 2.61 ms, [] -> [2] -> [2, 1] -> [2, 1, 3] -> [2, 1, 3, 1] -> [2, 1, 3, 1, 2] -> [2, 1, 3, 1, 2, 2] -> [2, 1, 3, 1, 2, 2, 2] -> [2, 1, 3, 1, 2, 2, 2, 3] -> [2, 1, 3, 1, 2, 2, 2, 3, 2] -> [2, 1, 3, 1, 2, 2, 2, 3, 2, 2]
AsyncStartBFS: 1.45 ms, [] -> [3] -> [3, 1] -> [3, 1, 0] -> [3, 1, 0, 3] -> [3, 1, 0, 3, 0] -> [3, 1, 0, 3, 0, 3] -> [3, 1, 0, 3, 0, 3, 1] -> [3, 1, 0, 3, 0, 3, 1, 3] -> [3, 1, 0, 3, 0, 3, 1, 3, 3] -> [3, 1, 0, 3, 0, 3, 1, 3, 3, 3]
SyncBFS: 12.73 ms, [] -> [2] -> [2, 1] -> [2, 1, 2] -> [2, 1, 2, 2] -> [2, 1, 2, 2, 2] -> [2, 1, 2, 2, 2, 2] -> [2, 1, 2, 2, 2, 2, 3] -> [2, 1, 2, 2, 2, 2, 3, 3] -> [2, 1, 2, 2, 2, 2, 3, 3, 0] -> [2, 1, 2, 2, 2, 2, 3, 3, 0, 2]
MultithreadBFS: 1.98 ms, [] -> [3] -> [3, 1] -> [3, 1, 0] -> [3, 1, 0, 3] -> [3, 1, 0, 3, 0] -> [3, 1, 0, 3, 0, 3] -> [3, 1, 0, 3, 0, 3, 1] -> [3, 1, 0, 3, 0, 3, 1, 3] -> [3, 1, 0, 3, 0, 3, 1, 3, 3] -> [3, 1, 0, 3, 0, 3, 1, 3, 3, 3]

problem_46.yaml
TasksBFS: 1.98 ms, [] -> [0] -> [0, 0] -> [0, 0, 1] -> [0, 0, 1, 3] -> [0, 0, 1, 3, 2] -> [0, 0, 1, 3, 2, 2] -> [0, 0, 1, 3, 2, 2, 3] -> [0, 0, 1, 3, 2, 2, 3, 2] -> [0, 0, 1, 3, 2, 2, 3, 2, 1] -> [0, 0, 1, 3, 2, 2, 3, 2, 1, 2]
AsyncStartBFS: 1.41 ms, [] -> [1] -> [1, 1] -> [1, 1, 2] -> [1, 1, 2, 2] -> [1, 1, 2, 2, 0] -> [1, 1, 2, 2, 0, 0] -> [1, 1, 2, 2, 0, 0, 2] -> [1, 1, 2, 2, 0, 0, 2, 0] -> [1, 1, 2, 2, 0, 0, 2, 0, 0] -> [1, 1, 2, 2, 0, 0, 2, 0, 0, 2]
MultithreadBFS: 1.16 ms, [] -> [1] -> [1, 0] -> [1, 0, 3] -> [1, 0, 3, 2] -> [1, 0, 3, 2, 0] -> [1, 0, 3, 2, 0, 1] -> [1, 0, 3, 2, 0, 1, 3] -> [1, 0, 3, 2, 0, 1, 3, 2] -> [1, 0, 3, 2, 0, 1, 3, 2, 3] -> [1, 0, 3, 2, 0, 1, 3, 2, 3, 2]
SyncBFS: 10.04 ms, [] -> [0] -> [0, 0] -> [0, 0, 1] -> [0, 0, 1, 3] -> [0, 0, 1, 3, 2] -> [0, 0, 1, 3, 2, 2] -> [0, 0, 1, 3, 2, 2, 3] -> [0, 0, 1, 3, 2, 2, 3, 2] -> [0, 0, 1, 3, 2, 2, 3, 2, 1] -> [0, 0, 1, 3, 2, 2, 3, 2, 1, 2]

problem_34.yaml
AsyncStartBFS: 1.28 ms, [] -> [0] -> [0, 2] -> [0, 2, 2] -> [0, 2, 2, 2] -> [0, 2, 2, 2, 3] -> [0, 2, 2, 2, 3, 1] -> [0, 2, 2, 2, 3, 1, 2] -> [0, 2, 2, 2, 3, 1, 2, 0] -> [0, 2, 2, 2, 3, 1, 2, 0, 1] -> [0, 2, 2, 2, 3, 1, 2, 0, 1, 1]
MultithreadBFS: 0.86 ms, [] -> [0] -> [0, 2] -> [0, 2, 2] -> [0, 2, 2, 2] -> [0, 2, 2, 2, 3] -> [0, 2, 2, 2, 3, 1] -> [0, 2, 2, 2, 3, 1, 2] -> [0, 2, 2, 2, 3, 1, 2, 0] -> [0, 2, 2, 2, 3, 1, 2, 0, 1] -> [0, 2, 2, 2, 3, 1, 2, 0, 1, 1]
TasksBFS: 4.07 ms, [] -> [0] -> [0, 3] -> [0, 3, 1] -> [0, 3, 1, 3] -> [0, 3, 1, 3, 1] -> [0, 3, 1, 3, 1, 1] -> [0, 3, 1, 3, 1, 1, 0] -> [0, 3, 1, 3, 1, 1, 0, 1] -> [0, 3, 1, 3, 1, 1, 0, 1, 1] -> [0, 3, 1, 3, 1, 1, 0, 1, 1, 2]
SyncBFS: 14.04 ms, [] -> [0] -> [0, 0] -> [0, 0, 3] -> [0, 0, 3, 2] -> [0, 0, 3, 2, 2] -> [0, 0, 3, 2, 2, 0] -> [0, 0, 3, 2, 2, 0, 2] -> [0, 0, 3, 2, 2, 0, 2, 1] -> [0, 0, 3, 2, 2, 0, 2, 1, 3] -> [0, 0, 3, 2, 2, 0, 2, 1, 3, 1]

problem_32.yaml
TasksBFS: 1.48 ms, [] -> [1] -> [1, 0] -> [1, 0, 0] -> [1, 0, 0, 3] -> [1, 0, 0, 3, 1] -> [1, 0, 0, 3, 1, 3] -> [1, 0, 0, 3, 1, 3, 3] -> [1, 0, 0, 3, 1, 3, 3, 1] -> [1, 0, 0, 3, 1, 3, 3, 1, 3] -> [1, 0, 0, 3, 1, 3, 3, 1, 3, 2]
SyncBFS: 6.29 ms, [] -> [1] -> [1, 0] -> [1, 0, 0] -> [1, 0, 0, 3] -> [1, 0, 0, 3, 1] -> [1, 0, 0, 3, 1, 3] -> [1, 0, 0, 3, 1, 3, 3] -> [1, 0, 0, 3, 1, 3, 3, 1] -> [1, 0, 0, 3, 1, 3, 3, 1, 3] -> [1, 0, 0, 3, 1, 3, 3, 1, 3, 2]
AsyncStartBFS: 1.89 ms, [] -> [2] -> [2, 3] -> [2, 3, 1] -> [2, 3, 1, 2] -> [2, 3, 1, 2, 3] -> [2, 3, 1, 2, 3, 3] -> [2, 3, 1, 2, 3, 3, 0] -> [2, 3, 1, 2, 3, 3, 0, 2] -> [2, 3, 1, 2, 3, 3, 0, 2, 1] -> [2, 3, 1, 2, 3, 3, 0, 2, 1, 2]
MultithreadBFS: 0.93 ms, [] -> [2] -> [2, 3] -> [2, 3, 3] -> [2, 3, 3, 3] -> [2, 3, 3, 3, 0] -> [2, 3, 3, 3, 0, 2] -> [2, 3, 3, 3, 0, 2, 0] -> [2, 3, 3, 3, 0, 2, 0, 3] -> [2, 3, 3, 3, 0, 2, 0, 3, 3] -> [2, 3, 3, 3, 0, 2, 0, 3, 3, 2]

problem_31.yaml
SyncBFS: 9.19 ms, [] -> [0] -> [0, 1] -> [0, 1, 0] -> [0, 1, 0, 2] -> [0, 1, 0, 2, 1] -> [0, 1, 0, 2, 1, 2] -> [0, 1, 0, 2, 1, 2, 1] -> [0, 1, 0, 2, 1, 2, 1, 0] -> [0, 1, 0, 2, 1, 2, 1, 0, 0] -> [0, 1, 0, 2, 1, 2, 1, 0, 0, 2]
TasksBFS: 2.69 ms, [] -> [0] -> [0, 1] -> [0, 1, 0] -> [0, 1, 0, 2] -> [0, 1, 0, 2, 1] -> [0, 1, 0, 2, 1, 2] -> [0, 1, 0, 2, 1, 2, 1] -> [0, 1, 0, 2, 1, 2, 1, 0] -> [0, 1, 0, 2, 1, 2, 1, 0, 0] -> [0, 1, 0, 2, 1, 2, 1, 0, 0, 2]
MultithreadBFS: 1.46 ms, [] -> [0] -> [0, 3] -> [0, 3, 3] -> [0, 3, 3, 0] -> [0, 3, 3, 0, 2] -> [0, 3, 3, 0, 2, 1] -> [0, 3, 3, 0, 2, 1, 2] -> [0, 3, 3, 0, 2, 1, 2, 2] -> [0, 3, 3, 0, 2, 1, 2, 2, 0] -> [0, 3, 3, 0, 2, 1, 2, 2, 0, 1]
AsyncStartBFS: 1.44 ms, [] -> [0] -> [0, 3] -> [0, 3, 3] -> [0, 3, 3, 0] -> [0, 3, 3, 0, 2] -> [0, 3, 3, 0, 2, 1] -> [0, 3, 3, 0, 2, 1, 2] -> [0, 3, 3, 0, 2, 1, 2, 2] -> [0, 3, 3, 0, 2, 1, 2, 2, 0] -> [0, 3, 3, 0, 2, 1, 2, 2, 0, 1]

problem_30.yaml
MultithreadBFS: 0.99 ms, [] -> [1] -> [1, 1] -> [1, 1, 1] -> [1, 1, 1, 3] -> [1, 1, 1, 3, 1] -> [1, 1, 1, 3, 1, 2] -> [1, 1, 1, 3, 1, 2, 0] -> [1, 1, 1, 3, 1, 2, 0, 3] -> [1, 1, 1, 3, 1, 2, 0, 3, 1] -> [1, 1, 1, 3, 1, 2, 0, 3, 1, 0]
AsyncStartBFS: 1.4 ms, [] -> [2] -> [2, 1] -> [2, 1, 0] -> [2, 1, 0, 2] -> [2, 1, 0, 2, 0] -> [2, 1, 0, 2, 0, 1] -> [2, 1, 0, 2, 0, 1, 2] -> [2, 1, 0, 2, 0, 1, 2, 3] -> [2, 1, 0, 2, 0, 1, 2, 3, 1] -> [2, 1, 0, 2, 0, 1, 2, 3, 1, 2]
TasksBFS: 1.79 ms, [] -> [0] -> [0, 1] -> [0, 1, 2] -> [0, 1, 2, 0] -> [0, 1, 2, 0, 2] -> [0, 1, 2, 0, 2, 2] -> [0, 1, 2, 0, 2, 2, 0] -> [0, 1, 2, 0, 2, 2, 0, 0] -> [0, 1, 2, 0, 2, 2, 0, 0, 2] -> [0, 1, 2, 0, 2, 2, 0, 0, 2, 2]
SyncBFS: 7.27 ms, [] -> [0] -> [0, 0] -> [0, 0, 3] -> [0, 0, 3, 3] -> [0, 0, 3, 3, 1] -> [0, 0, 3, 3, 1, 3] -> [0, 0, 3, 3, 1, 3, 2] -> [0, 0, 3, 3, 1, 3, 2, 0] -> [0, 0, 3, 3, 1, 3, 2, 0, 2] -> [0, 0, 3, 3, 1, 3, 2, 0, 2, 0]

problem_10.yaml
MultithreadBFS: 0.78 ms, [] -> [0] -> [0, 0] -> [0, 0, 1] -> [0, 0, 1, 2] -> [0, 0, 1, 2, 3] -> [0, 0, 1, 2, 3, 1] -> [0, 0, 1, 2, 3, 1, 0] -> [0, 0, 1, 2, 3, 1, 0, 2] -> [0, 0, 1, 2, 3, 1, 0, 2, 3] -> [0, 0, 1, 2, 3, 1, 0, 2, 3, 3]
AsyncStartBFS: 1.28 ms, [] -> [3] -> [3, 1] -> [3, 1, 1] -> [3, 1, 1, 3] -> [3, 1, 1, 3, 2] -> [3, 1, 1, 3, 2, 0] -> [3, 1, 1, 3, 2, 0, 0] -> [3, 1, 1, 3, 2, 0, 0, 2] -> [3, 1, 1, 3, 2, 0, 0, 2, 0] -> [3, 1, 1, 3, 2, 0, 0, 2, 0, 3]
TasksBFS: 1.2 ms, [] -> [0] -> [0, 2] -> [0, 2, 2] -> [0, 2, 2, 2] -> [0, 2, 2, 2, 3] -> [0, 2, 2, 2, 3, 1] -> [0, 2, 2, 2, 3, 1, 0] -> [0, 2, 2, 2, 3, 1, 0, 0] -> [0, 2, 2, 2, 3, 1, 0, 0, 3] -> [0, 2, 2, 2, 3, 1, 0, 0, 3, 2]
SyncBFS: 6.03 ms, [] -> [0] -> [0, 0] -> [0, 0, 1] -> [0, 0, 1, 2] -> [0, 0, 1, 2, 3] -> [0, 0, 1, 2, 3, 1] -> [0, 0, 1, 2, 3, 1, 0] -> [0, 0, 1, 2, 3, 1, 0, 2] -> [0, 0, 1, 2, 3, 1, 0, 2, 3] -> [0, 0, 1, 2, 3, 1, 0, 2, 3, 3]

problem_09.yaml
SyncBFS: 5.52 ms, [] -> [2] -> [2, 0] -> [2, 0, 2] -> [2, 0, 2, 1] -> [2, 0, 2, 1, 0] -> [2, 0, 2, 1, 0, 0] -> [2, 0, 2, 1, 0, 0, 2] -> [2, 0, 2, 1, 0, 0, 2, 3] -> [2, 0, 2, 1, 0, 0, 2, 3, 3] -> [2, 0, 2, 1, 0, 0, 2, 3, 3, 1]
MultithreadBFS: 0.92 ms, [] -> [2] -> [2, 0] -> [2, 0, 2] -> [2, 0, 2, 1] -> [2, 0, 2, 1, 1] -> [2, 0, 2, 1, 1, 1] -> [2, 0, 2, 1, 1, 1, 1] -> [2, 0, 2, 1, 1, 1, 1, 2] -> [2, 0, 2, 1, 1, 1, 1, 2, 2] -> [2, 0, 2, 1, 1, 1, 1, 2, 2, 2]
AsyncStartBFS: 1.32 ms, [] -> [2] -> [2, 0] -> [2, 0, 2] -> [2, 0, 2, 1] -> [2, 0, 2, 1, 1] -> [2, 0, 2, 1, 1, 1] -> [2, 0, 2, 1, 1, 1, 1] -> [2, 0, 2, 1, 1, 1, 1, 2] -> [2, 0, 2, 1, 1, 1, 1, 2, 2] -> [2, 0, 2, 1, 1, 1, 1, 2, 2, 2]
TasksBFS: 1.19 ms, [] -> [2] -> [2, 0] -> [2, 0, 2] -> [2, 0, 2, 1] -> [2, 0, 2, 1, 0] -> [2, 0, 2, 1, 0, 0] -> [2, 0, 2, 1, 0, 0, 2] -> [2, 0, 2, 1, 0, 0, 2, 3] -> [2, 0, 2, 1, 0, 0, 2, 3, 3] -> [2, 0, 2, 1, 0, 0, 2, 3, 3, 1]

problem_12.yaml
AsyncStartBFS: 1.32 ms, [] -> [0] -> [0, 0] -> [0, 0, 3] -> [0, 0, 3, 0] -> [0, 0, 3, 0, 0] -> [0, 0, 3, 0, 0, 1] -> [0, 0, 3, 0, 0, 1, 1] -> [0, 0, 3, 0, 0, 1, 1, 0] -> [0, 0, 3, 0, 0, 1, 1, 0, 3] -> [0, 0, 3, 0, 0, 1, 1, 0, 3, 2]
TasksBFS: 1.29 ms, [] -> [0] -> [0, 0] -> [0, 0, 3] -> [0, 0, 3, 1] -> [0, 0, 3, 1, 2] -> [0, 0, 3, 1, 2, 3] -> [0, 0, 3, 1, 2, 3, 1] -> [0, 0, 3, 1, 2, 3, 1, 0] -> [0, 0, 3, 1, 2, 3, 1, 0, 0] -> [0, 0, 3, 1, 2, 3, 1, 0, 0, 0]
SyncBFS: 5.82 ms, [] -> [0] -> [0, 0] -> [0, 0, 1] -> [0, 0, 1, 1] -> [0, 0, 1, 1, 1] -> [0, 0, 1, 1, 1, 1] -> [0, 0, 1, 1, 1, 1, 2] -> [0, 0, 1, 1, 1, 1, 2, 3] -> [0, 0, 1, 1, 1, 1, 2, 3, 3] -> [0, 0, 1, 1, 1, 1, 2, 3, 3, 2]
MultithreadBFS: 1.05 ms, [] -> [0] -> [0, 0] -> [0, 0, 3] -> [0, 0, 3, 1] -> [0, 0, 3, 1, 2] -> [0, 0, 3, 1, 2, 3] -> [0, 0, 3, 1, 2, 3, 1] -> [0, 0, 3, 1, 2, 3, 1, 0] -> [0, 0, 3, 1, 2, 3, 1, 0, 0] -> [0, 0, 3, 1, 2, 3, 1, 0, 0, 0]

problem_47.yaml
SyncBFS: 9.82 ms, [] -> [0] -> [0, 0] -> [0, 0, 2] -> [0, 0, 2, 3] -> [0, 0, 2, 3, 0] -> [0, 0, 2, 3, 0, 1] -> [0, 0, 2, 3, 0, 1, 3] -> [0, 0, 2, 3, 0, 1, 3, 1] -> [0, 0, 2, 3, 0, 1, 3, 1, 2] -> [0, 0, 2, 3, 0, 1, 3, 1, 2, 2]
AsyncStartBFS: 3.04 ms, [] -> [3] -> [3, 1] -> [3, 1, 0] -> [3, 1, 0, 3] -> [3, 1, 0, 3, 0] -> [3, 1, 0, 3, 0, 2] -> [3, 1, 0, 3, 0, 2, 1] -> [3, 1, 0, 3, 0, 2, 1, 1] -> [3, 1, 0, 3, 0, 2, 1, 1, 1] -> [3, 1, 0, 3, 0, 2, 1, 1, 1, 0]
TasksBFS: 2.27 ms, [] -> [0] -> [0, 0] -> [0, 0, 2] -> [0, 0, 2, 3] -> [0, 0, 2, 3, 0] -> [0, 0, 2, 3, 0, 1] -> [0, 0, 2, 3, 0, 1, 3] -> [0, 0, 2, 3, 0, 1, 3, 1] -> [0, 0, 2, 3, 0, 1, 3, 1, 2] -> [0, 0, 2, 3, 0, 1, 3, 1, 2, 2]
MultithreadBFS: 1.92 ms, [] -> [0] -> [0, 2] -> [0, 2, 2] -> [0, 2, 2, 0] -> [0, 2, 2, 0, 3] -> [0, 2, 2, 0, 3, 0] -> [0, 2, 2, 0, 3, 0, 3] -> [0, 2, 2, 0, 3, 0, 3, 0] -> [0, 2, 2, 0, 3, 0, 3, 0, 3] -> [0, 2, 2, 0, 3, 0, 3, 0, 3, 2]

problem_11.yaml
AsyncStartBFS: 1.41 ms, [] -> [0] -> [0, 0] -> [0, 0, 2] -> [0, 0, 2, 1] -> [0, 0, 2, 1, 1] -> [0, 0, 2, 1, 1, 3] -> [0, 0, 2, 1, 1, 3, 0] -> [0, 0, 2, 1, 1, 3, 0, 3] -> [0, 0, 2, 1, 1, 3, 0, 3, 3] -> [0, 0, 2, 1, 1, 3, 0, 3, 3, 2]
MultithreadBFS: 0.69 ms, [] -> [0] -> [0, 0] -> [0, 0, 2] -> [0, 0, 2, 1] -> [0, 0, 2, 1, 1] -> [0, 0, 2, 1, 1, 3] -> [0, 0, 2, 1, 1, 3, 0] -> [0, 0, 2, 1, 1, 3, 0, 3] -> [0, 0, 2, 1, 1, 3, 0, 3, 3] -> [0, 0, 2, 1, 1, 3, 0, 3, 3, 2]
SyncBFS: 5.37 ms, [] -> [0] -> [0, 0] -> [0, 0, 2] -> [0, 0, 2, 1] -> [0, 0, 2, 1, 1] -> [0, 0, 2, 1, 1, 3] -> [0, 0, 2, 1, 1, 3, 0] -> [0, 0, 2, 1, 1, 3, 0, 3] -> [0, 0, 2, 1, 1, 3, 0, 3, 3] -> [0, 0, 2, 1, 1, 3, 0, 3, 3, 2]
TasksBFS: 1.5 ms, [] -> [0] -> [0, 0] -> [0, 0, 2] -> [0, 0, 2, 1] -> [0, 0, 2, 1, 1] -> [0, 0, 2, 1, 1, 3] -> [0, 0, 2, 1, 1, 3, 0] -> [0, 0, 2, 1, 1, 3, 0, 3] -> [0, 0, 2, 1, 1, 3, 0, 3, 3] -> [0, 0, 2, 1, 1, 3, 0, 3, 3, 2]

problem_01.yaml
AsyncStartBFS: 1.24 ms, [] -> [2] -> [2, 2] -> [2, 2, 0] -> [2, 2, 0, 0] -> [2, 2, 0, 0, 3] -> [2, 2, 0, 0, 3, 2] -> [2, 2, 0, 0, 3, 2, 1] -> [2, 2, 0, 0, 3, 2, 1, 2] -> [2, 2, 0, 0, 3, 2, 1, 2, 3] -> [2, 2, 0, 0, 3, 2, 1, 2, 3, 0]
SyncBFS: 5.6 ms, [] -> [1] -> [1, 0] -> [1, 0, 1] -> [1, 0, 1, 1] -> [1, 0, 1, 1, 2] -> [1, 0, 1, 1, 2, 2] -> [1, 0, 1, 1, 2, 2, 2] -> [1, 0, 1, 1, 2, 2, 2, 1] -> [1, 0, 1, 1, 2, 2, 2, 1, 0] -> [1, 0, 1, 1, 2, 2, 2, 1, 0, 3]
TasksBFS: 1.68 ms, [] -> [1] -> [1, 1] -> [1, 1, 1] -> [1, 1, 1, 0] -> [1, 1, 1, 0, 3] -> [1, 1, 1, 0, 3, 0] -> [1, 1, 1, 0, 3, 0, 0] -> [1, 1, 1, 0, 3, 0, 0, 0] -> [1, 1, 1, 0, 3, 0, 0, 0, 3] -> [1, 1, 1, 0, 3, 0, 0, 0, 3, 1]
MultithreadBFS: 0.74 ms, [] -> [2] -> [2, 2] -> [2, 2, 0] -> [2, 2, 0, 2] -> [2, 2, 0, 2, 1] -> [2, 2, 0, 2, 1, 2] -> [2, 2, 0, 2, 1, 2, 0] -> [2, 2, 0, 2, 1, 2, 0, 2] -> [2, 2, 0, 2, 1, 2, 0, 2, 1] -> [2, 2, 0, 2, 1, 2, 0, 2, 1, 0]

problem_08.yaml
MultithreadBFS: 0.96 ms, [] -> [1] -> [1, 2] -> [1, 2, 1] -> [1, 2, 1, 1] -> [1, 2, 1, 1, 0] -> [1, 2, 1, 1, 0, 0] -> [1, 2, 1, 1, 0, 0, 3] -> [1, 2, 1, 1, 0, 0, 3, 2] -> [1, 2, 1, 1, 0, 0, 3, 2, 3] -> [1, 2, 1, 1, 0, 0, 3, 2, 3, 3]
TasksBFS: 1.58 ms, [] -> [0] -> [0, 1] -> [0, 1, 3] -> [0, 1, 3, 0] -> [0, 1, 3, 0, 2] -> [0, 1, 3, 0, 2, 0] -> [0, 1, 3, 0, 2, 0, 3] -> [0, 1, 3, 0, 2, 0, 3, 2] -> [0, 1, 3, 0, 2, 0, 3, 2, 3] -> [0, 1, 3, 0, 2, 0, 3, 2, 3, 2]
AsyncStartBFS: 1.38 ms, [] -> [1] -> [1, 2] -> [1, 2, 1] -> [1, 2, 1, 1] -> [1, 2, 1, 1, 0] -> [1, 2, 1, 1, 0, 0] -> [1, 2, 1, 1, 0, 0, 3] -> [1, 2, 1, 1, 0, 0, 3, 2] -> [1, 2, 1, 1, 0, 0, 3, 2, 3] -> [1, 2, 1, 1, 0, 0, 3, 2, 3, 3]
SyncBFS: 9.64 ms, [] -> [0] -> [0, 1] -> [0, 1, 3] -> [0, 1, 3, 0] -> [0, 1, 3, 0, 2] -> [0, 1, 3, 0, 2, 0] -> [0, 1, 3, 0, 2, 0, 3] -> [0, 1, 3, 0, 2, 0, 3, 2] -> [0, 1, 3, 0, 2, 0, 3, 2, 3] -> [0, 1, 3, 0, 2, 0, 3, 2, 3, 2]

problem_06.yaml
TasksBFS: 2.21 ms, [] -> [1] -> [1, 1] -> [1, 1, 3] -> [1, 1, 3, 0] -> [1, 1, 3, 0, 0] -> [1, 1, 3, 0, 0, 3] -> [1, 1, 3, 0, 0, 3, 1] -> [1, 1, 3, 0, 0, 3, 1, 2] -> [1, 1, 3, 0, 0, 3, 1, 2, 3] -> [1, 1, 3, 0, 0, 3, 1, 2, 3, 0]
SyncBFS: 15.77 ms, [] -> [0] -> [0, 1] -> [0, 1, 2] -> [0, 1, 2, 0] -> [0, 1, 2, 0, 3] -> [0, 1, 2, 0, 3, 0] -> [0, 1, 2, 0, 3, 0, 3] -> [0, 1, 2, 0, 3, 0, 3, 0] -> [0, 1, 2, 0, 3, 0, 3, 0, 3] -> [0, 1, 2, 0, 3, 0, 3, 0, 3, 0]
AsyncStartBFS: 3.13 ms, [] -> [1] -> [1, 1] -> [1, 1, 3] -> [1, 1, 3, 0] -> [1, 1, 3, 0, 0] -> [1, 1, 3, 0, 0, 3] -> [1, 1, 3, 0, 0, 3, 1] -> [1, 1, 3, 0, 0, 3, 1, 2] -> [1, 1, 3, 0, 0, 3, 1, 2, 3] -> [1, 1, 3, 0, 0, 3, 1, 2, 3, 0]
MultithreadBFS: 1.8 ms, [] -> [1] -> [1, 0] -> [1, 0, 0] -> [1, 0, 0, 0] -> [1, 0, 0, 0, 1] -> [1, 0, 0, 0, 1, 2] -> [1, 0, 0, 0, 1, 2, 3] -> [1, 0, 0, 0, 1, 2, 3, 3] -> [1, 0, 0, 0, 1, 2, 3, 3, 0] -> [1, 0, 0, 0, 1, 2, 3, 3, 0, 3]

problem_19.yaml
AsyncStartBFS: 1.57 ms, [] -> [2] -> [2, 2] -> [2, 2, 2] -> [2, 2, 2, 3] -> [2, 2, 2, 3, 0] -> [2, 2, 2, 3, 0, 3] -> [2, 2, 2, 3, 0, 3, 0] -> [2, 2, 2, 3, 0, 3, 0, 2] -> [2, 2, 2, 3, 0, 3, 0, 2, 2] -> [2, 2, 2, 3, 0, 3, 0, 2, 2, 0]
MultithreadBFS: 0.68 ms, [] -> [2] -> [2, 2] -> [2, 2, 2] -> [2, 2, 2, 3] -> [2, 2, 2, 3, 0] -> [2, 2, 2, 3, 0, 3] -> [2, 2, 2, 3, 0, 3, 0] -> [2, 2, 2, 3, 0, 3, 0, 2] -> [2, 2, 2, 3, 0, 3, 0, 2, 2] -> [2, 2, 2, 3, 0, 3, 0, 2, 2, 0]
SyncBFS: 5.76 ms, [] -> [0] -> [0, 0] -> [0, 0, 2] -> [0, 0, 2, 2] -> [0, 0, 2, 2, 0] -> [0, 0, 2, 2, 0, 2] -> [0, 0, 2, 2, 0, 2, 1] -> [0, 0, 2, 2, 0, 2, 1, 3] -> [0, 0, 2, 2, 0, 2, 1, 3, 2] -> [0, 0, 2, 2, 0, 2, 1, 3, 2, 3]
TasksBFS: 1.57 ms, [] -> [0] -> [0, 0] -> [0, 0, 2] -> [0, 0, 2, 2] -> [0, 0, 2, 2, 0] -> [0, 0, 2, 2, 0, 2] -> [0, 0, 2, 2, 0, 2, 1] -> [0, 0, 2, 2, 0, 2, 1, 3] -> [0, 0, 2, 2, 0, 2, 1, 3, 2] -> [0, 0, 2, 2, 0, 2, 1, 3, 2, 3]

problem_40.yaml
SyncBFS: 16.37 ms, [] -> [0] -> [0, 0] -> [0, 0, 0] -> [0, 0, 0, 3] -> [0, 0, 0, 3, 0] -> [0, 0, 0, 3, 0, 3] -> [0, 0, 0, 3, 0, 3, 1] -> [0, 0, 0, 3, 0, 3, 1, 1] -> [0, 0, 0, 3, 0, 3, 1, 1, 2] -> [0, 0, 0, 3, 0, 3, 1, 1, 2, 1]
MultithreadBFS: 2.78 ms, [] -> [2] -> [2, 2] -> [2, 2, 0] -> [2, 2, 0, 1] -> [2, 2, 0, 1, 0] -> [2, 2, 0, 1, 0, 2] -> [2, 2, 0, 1, 0, 2, 0] -> [2, 2, 0, 1, 0, 2, 0, 2] -> [2, 2, 0, 1, 0, 2, 0, 2, 1] -> [2, 2, 0, 1, 0, 2, 0, 2, 1, 0]
TasksBFS: 2.74 ms, [] -> [0] -> [0, 0] -> [0, 0, 1] -> [0, 0, 1, 1] -> [0, 0, 1, 1, 1] -> [0, 0, 1, 1, 1, 3] -> [0, 0, 1, 1, 1, 3, 0] -> [0, 0, 1, 1, 1, 3, 0, 0] -> [0, 0, 1, 1, 1, 3, 0, 0, 0] -> [0, 0, 1, 1, 1, 3, 0, 0, 0, 3]
AsyncStartBFS: 1.51 ms, [] -> [2] -> [2, 1] -> [2, 1, 1] -> [2, 1, 1, 3] -> [2, 1, 1, 3, 2] -> [2, 1, 1, 3, 2, 2] -> [2, 1, 1, 3, 2, 2, 2] -> [2, 1, 1, 3, 2, 2, 2, 0] -> [2, 1, 1, 3, 2, 2, 2, 0, 0] -> [2, 1, 1, 3, 2, 2, 2, 0, 0, 1]

problem_04.yaml
AsyncStartBFS: 1.46 ms, [] -> [0] -> [0, 1] -> [0, 1, 0] -> [0, 1, 0, 3] -> [0, 1, 0, 3, 2] -> [0, 1, 0, 3, 2, 0] -> [0, 1, 0, 3, 2, 0, 1] -> [0, 1, 0, 3, 2, 0, 1, 2] -> [0, 1, 0, 3, 2, 0, 1, 2, 0] -> [0, 1, 0, 3, 2, 0, 1, 2, 0, 0]
TasksBFS: 2.49 ms, [] -> [0] -> [0, 1] -> [0, 1, 0] -> [0, 1, 0, 3] -> [0, 1, 0, 3, 2] -> [0, 1, 0, 3, 2, 0] -> [0, 1, 0, 3, 2, 0, 1] -> [0, 1, 0, 3, 2, 0, 1, 2] -> [0, 1, 0, 3, 2, 0, 1, 2, 0] -> [0, 1, 0, 3, 2, 0, 1, 2, 0, 0]
MultithreadBFS: 0.99 ms, [] -> [0] -> [0, 1] -> [0, 1, 0] -> [0, 1, 0, 3] -> [0, 1, 0, 3, 2] -> [0, 1, 0, 3, 2, 0] -> [0, 1, 0, 3, 2, 0, 1] -> [0, 1, 0, 3, 2, 0, 1, 2] -> [0, 1, 0, 3, 2, 0, 1, 2, 0] -> [0, 1, 0, 3, 2, 0, 1, 2, 0, 0]
SyncBFS: 14.25 ms, [] -> [0] -> [0, 1] -> [0, 1, 0] -> [0, 1, 0, 0] -> [0, 1, 0, 0, 3] -> [0, 1, 0, 0, 3, 2] -> [0, 1, 0, 0, 3, 2, 0] -> [0, 1, 0, 0, 3, 2, 0, 2] -> [0, 1, 0, 0, 3, 2, 0, 2, 3] -> [0, 1, 0, 0, 3, 2, 0, 2, 3, 0]

problem_33.yaml
MultithreadBFS: 0.74 ms, [] -> [0] -> [0, 0] -> [0, 0, 1] -> [0, 0, 1, 0] -> [0, 0, 1, 0, 2] -> [0, 0, 1, 0, 2, 3] -> [0, 0, 1, 0, 2, 3, 3] -> [0, 0, 1, 0, 2, 3, 3, 0] -> [0, 0, 1, 0, 2, 3, 3, 0, 0] -> [0, 0, 1, 0, 2, 3, 3, 0, 0, 3]
AsyncStartBFS: 1.31 ms, [] -> [3] -> [3, 2] -> [3, 2, 0] -> [3, 2, 0, 2] -> [3, 2, 0, 2, 0] -> [3, 2, 0, 2, 0, 1] -> [3, 2, 0, 2, 0, 1, 1] -> [3, 2, 0, 2, 0, 1, 1, 0] -> [3, 2, 0, 2, 0, 1, 1, 0, 1] -> [3, 2, 0, 2, 0, 1, 1, 0, 1, 0]
SyncBFS: 5.89 ms, [] -> [0] -> [0, 0] -> [0, 0, 1] -> [0, 0, 1, 0] -> [0, 0, 1, 0, 2] -> [0, 0, 1, 0, 2, 3] -> [0, 0, 1, 0, 2, 3, 3] -> [0, 0, 1, 0, 2, 3, 3, 0] -> [0, 0, 1, 0, 2, 3, 3, 0, 0] -> [0, 0, 1, 0, 2, 3, 3, 0, 0, 3]
TasksBFS: 1.86 ms, [] -> [0] -> [0, 0] -> [0, 0, 1] -> [0, 0, 1, 0] -> [0, 0, 1, 0, 2] -> [0, 0, 1, 0, 2, 3] -> [0, 0, 1, 0, 2, 3, 3] -> [0, 0, 1, 0, 2, 3, 3, 0] -> [0, 0, 1, 0, 2, 3, 3, 0, 0] -> [0, 0, 1, 0, 2, 3, 3, 0, 0, 3]

problem_21.yaml
AsyncStartBFS: 1.37 ms, [] -> [1] -> [1, 2] -> [1, 2, 1] -> [1, 2, 1, 0] -> [1, 2, 1, 0, 0] -> [1, 2, 1, 0, 0, 1] -> [1, 2, 1, 0, 0, 1, 2] -> [1, 2, 1, 0, 0, 1, 2, 2] -> [1, 2, 1, 0, 0, 1, 2, 2, 0] -> [1, 2, 1, 0, 0, 1, 2, 2, 0, 1]
TasksBFS: 2.37 ms, [] -> [0] -> [0, 0] -> [0, 0, 1] -> [0, 0, 1, 0] -> [0, 0, 1, 0, 0] -> [0, 0, 1, 0, 0, 0] -> [0, 0, 1, 0, 0, 0, 2] -> [0, 0, 1, 0, 0, 0, 2, 1] -> [0, 0, 1, 0, 0, 0, 2, 1, 0] -> [0, 0, 1, 0, 0, 0, 2, 1, 0, 0]
SyncBFS: 9.5 ms, [] -> [0] -> [0, 0] -> [0, 0, 1] -> [0, 0, 1, 0] -> [0, 0, 1, 0, 0] -> [0, 0, 1, 0, 0, 0] -> [0, 0, 1, 0, 0, 0, 2] -> [0, 0, 1, 0, 0, 0, 2, 1] -> [0, 0, 1, 0, 0, 0, 2, 1, 0] -> [0, 0, 1, 0, 0, 0, 2, 1, 0, 0]
MultithreadBFS: 1.89 ms, [] -> [1] -> [1, 2] -> [1, 2, 1] -> [1, 2, 1, 0] -> [1, 2, 1, 0, 0] -> [1, 2, 1, 0, 0, 1] -> [1, 2, 1, 0, 0, 1, 2] -> [1, 2, 1, 0, 0, 1, 2, 2] -> [1, 2, 1, 0, 0, 1, 2, 2, 0] -> [1, 2, 1, 0, 0, 1, 2, 2, 0, 1]

problem_24.yaml
MultithreadBFS: 0.74 ms, [] -> [0] -> [0, 0] -> [0, 0, 0] -> [0, 0, 0, 1] -> [0, 0, 0, 1, 3] -> [0, 0, 0, 1, 3, 0] -> [0, 0, 0, 1, 3, 0, 0] -> [0, 0, 0, 1, 3, 0, 0, 1] -> [0, 0, 0, 1, 3, 0, 0, 1, 1] -> [0, 0, 0, 1, 3, 0, 0, 1, 1, 0]
TasksBFS: 1.22 ms, [] -> [0] -> [0, 0] -> [0, 0, 0] -> [0, 0, 0, 1] -> [0, 0, 0, 1, 3] -> [0, 0, 0, 1, 3, 0] -> [0, 0, 0, 1, 3, 0, 0] -> [0, 0, 0, 1, 3, 0, 0, 1] -> [0, 0, 0, 1, 3, 0, 0, 1, 1] -> [0, 0, 0, 1, 3, 0, 0, 1, 1, 0]
SyncBFS: 4.71 ms, [] -> [0] -> [0, 0] -> [0, 0, 0] -> [0, 0, 0, 0] -> [0, 0, 0, 0, 0] -> [0, 0, 0, 0, 0, 3] -> [0, 0, 0, 0, 0, 3, 1] -> [0, 0, 0, 0, 0, 3, 1, 2] -> [0, 0, 0, 0, 0, 3, 1, 2, 3] -> [0, 0, 0, 0, 0, 3, 1, 2, 3, 2]
AsyncStartBFS: 1.75 ms, [] -> [0] -> [0, 0] -> [0, 0, 0] -> [0, 0, 0, 1] -> [0, 0, 0, 1, 3] -> [0, 0, 0, 1, 3, 0] -> [0, 0, 0, 1, 3, 0, 0] -> [0, 0, 0, 1, 3, 0, 0, 1] -> [0, 0, 0, 1, 3, 0, 0, 1, 1] -> [0, 0, 0, 1, 3, 0, 0, 1, 1, 0]

problem_03.yaml
TasksBFS: 1.2 ms, [] -> [0] -> [0, 0] -> [0, 0, 3] -> [0, 0, 3, 0] -> [0, 0, 3, 0, 3] -> [0, 0, 3, 0, 3, 1] -> [0, 0, 3, 0, 3, 1, 0] -> [0, 0, 3, 0, 3, 1, 0, 1] -> [0, 0, 3, 0, 3, 1, 0, 1, 1] -> [0, 0, 3, 0, 3, 1, 0, 1, 1, 1]
MultithreadBFS: 0.35 ms, [] -> [0] -> [0, 0] -> [0, 0, 3] -> [0, 0, 3, 0] -> [0, 0, 3, 0, 3] -> [0, 0, 3, 0, 3, 1] -> [0, 0, 3, 0, 3, 1, 0] -> [0, 0, 3, 0, 3, 1, 0, 1] -> [0, 0, 3, 0, 3, 1, 0, 1, 1] -> [0, 0, 3, 0, 3, 1, 0, 1, 1, 1]
SyncBFS: 10.7 ms, [] -> [0] -> [0, 0] -> [0, 0, 0] -> [0, 0, 0, 2] -> [0, 0, 0, 2, 0] -> [0, 0, 0, 2, 0, 0] -> [0, 0, 0, 2, 0, 0, 3] -> [0, 0, 0, 2, 0, 0, 3, 3] -> [0, 0, 0, 2, 0, 0, 3, 3, 0] -> [0, 0, 0, 2, 0, 0, 3, 3, 0, 0]
AsyncStartBFS: 2.12 ms, [] -> [0] -> [0, 0] -> [0, 0, 3] -> [0, 0, 3, 0] -> [0, 0, 3, 0, 3] -> [0, 0, 3, 0, 3, 1] -> [0, 0, 3, 0, 3, 1, 0] -> [0, 0, 3, 0, 3, 1, 0, 1] -> [0, 0, 3, 0, 3, 1, 0, 1, 1] -> [0, 0, 3, 0, 3, 1, 0, 1, 1, 1]

problem_07.yaml
SyncBFS: 13.3 ms, [] -> [0] -> [0, 2] -> [0, 2, 2] -> [0, 2, 2, 3] -> [0, 2, 2, 3, 3] -> [0, 2, 2, 3, 3, 0] -> [0, 2, 2, 3, 3, 0, 3] -> [0, 2, 2, 3, 3, 0, 3, 0] -> [0, 2, 2, 3, 3, 0, 3, 0, 3] -> [0, 2, 2, 3, 3, 0, 3, 0, 3, 3]
TasksBFS: 2.61 ms, [] -> [0] -> [0, 3] -> [0, 3, 0] -> [0, 3, 0, 1] -> [0, 3, 0, 1, 3] -> [0, 3, 0, 1, 3, 3] -> [0, 3, 0, 1, 3, 3, 0] -> [0, 3, 0, 1, 3, 3, 0, 2] -> [0, 3, 0, 1, 3, 3, 0, 2, 0] -> [0, 3, 0, 1, 3, 3, 0, 2, 0, 1]
AsyncStartBFS: 1.39 ms, [] -> [0] -> [0, 3] -> [0, 3, 0] -> [0, 3, 0, 1] -> [0, 3, 0, 1, 3] -> [0, 3, 0, 1, 3, 3] -> [0, 3, 0, 1, 3, 3, 0] -> [0, 3, 0, 1, 3, 3, 0, 2] -> [0, 3, 0, 1, 3, 3, 0, 2, 0] -> [0, 3, 0, 1, 3, 3, 0, 2, 0, 1]
MultithreadBFS: 0.57 ms, [] -> [0] -> [0, 3] -> [0, 3, 0] -> [0, 3, 0, 1] -> [0, 3, 0, 1, 3] -> [0, 3, 0, 1, 3, 3] -> [0, 3, 0, 1, 3, 3, 0] -> [0, 3, 0, 1, 3, 3, 0, 2] -> [0, 3, 0, 1, 3, 3, 0, 2, 0] -> [0, 3, 0, 1, 3, 3, 0, 2, 0, 1]

problem_42.yaml
TasksBFS: 1.43 ms, [] -> [2] -> [2, 1] -> [2, 1, 1] -> [2, 1, 1, 1] -> [2, 1, 1, 1, 1] -> [2, 1, 1, 1, 1, 3] -> [2, 1, 1, 1, 1, 3, 3] -> [2, 1, 1, 1, 1, 3, 3, 3] -> [2, 1, 1, 1, 1, 3, 3, 3, 3] -> [2, 1, 1, 1, 1, 3, 3, 3, 3, 3]
SyncBFS: 6.15 ms, [] -> [2] -> [2, 0] -> [2, 0, 2] -> [2, 0, 2, 3] -> [2, 0, 2, 3, 2] -> [2, 0, 2, 3, 2, 2] -> [2, 0, 2, 3, 2, 2, 0] -> [2, 0, 2, 3, 2, 2, 0, 0] -> [2, 0, 2, 3, 2, 2, 0, 0, 1] -> [2, 0, 2, 3, 2, 2, 0, 0, 1, 0]
AsyncStartBFS: 2.09 ms, [] -> [2] -> [2, 0] -> [2, 0, 2] -> [2, 0, 2, 3] -> [2, 0, 2, 3, 2] -> [2, 0, 2, 3, 2, 2] -> [2, 0, 2, 3, 2, 2, 0] -> [2, 0, 2, 3, 2, 2, 0, 0] -> [2, 0, 2, 3, 2, 2, 0, 0, 1] -> [2, 0, 2, 3, 2, 2, 0, 0, 1, 0]
MultithreadBFS: 1.12 ms, [] -> [2] -> [2, 0] -> [2, 0, 2] -> [2, 0, 2, 3] -> [2, 0, 2, 3, 2] -> [2, 0, 2, 3, 2, 2] -> [2, 0, 2, 3, 2, 2, 0] -> [2, 0, 2, 3, 2, 2, 0, 0] -> [2, 0, 2, 3, 2, 2, 0, 0, 1] -> [2, 0, 2, 3, 2, 2, 0, 0, 1, 0]

problem_02.yaml
SyncBFS: 3.78 ms, [] -> [0] -> [0, 2] -> [0, 2, 2] -> [0, 2, 2, 2] -> [0, 2, 2, 2, 1] -> [0, 2, 2, 2, 1, 0] -> [0, 2, 2, 2, 1, 0, 2] -> [0, 2, 2, 2, 1, 0, 2, 3] -> [0, 2, 2, 2, 1, 0, 2, 3, 3] -> [0, 2, 2, 2, 1, 0, 2, 3, 3, 0]
TasksBFS: 1.79 ms, [] -> [0] -> [0, 3] -> [0, 3, 1] -> [0, 3, 1, 1] -> [0, 3, 1, 1, 0] -> [0, 3, 1, 1, 0, 2] -> [0, 3, 1, 1, 0, 2, 3] -> [0, 3, 1, 1, 0, 2, 3, 2] -> [0, 3, 1, 1, 0, 2, 3, 2, 3] -> [0, 3, 1, 1, 0, 2, 3, 2, 3, 1]
MultithreadBFS: 0.44 ms, [] -> [0] -> [0, 2] -> [0, 2, 2] -> [0, 2, 2, 2] -> [0, 2, 2, 2, 1] -> [0, 2, 2, 2, 1, 0] -> [0, 2, 2, 2, 1, 0, 2] -> [0, 2, 2, 2, 1, 0, 2, 3] -> [0, 2, 2, 2, 1, 0, 2, 3, 3] -> [0, 2, 2, 2, 1, 0, 2, 3, 3, 0]
AsyncStartBFS: 1.18 ms, [] -> [0] -> [0, 2] -> [0, 2, 2] -> [0, 2, 2, 2] -> [0, 2, 2, 2, 1] -> [0, 2, 2, 2, 1, 0] -> [0, 2, 2, 2, 1, 0, 2] -> [0, 2, 2, 2, 1, 0, 2, 3] -> [0, 2, 2, 2, 1, 0, 2, 3, 3] -> [0, 2, 2, 2, 1, 0, 2, 3, 3, 0]

problem_29.yaml
AsyncStartBFS: 1.32 ms, [] -> [3] -> [3, 0] -> [3, 0, 2] -> [3, 0, 2, 3] -> [3, 0, 2, 3, 1] -> [3, 0, 2, 3, 1, 0] -> [3, 0, 2, 3, 1, 0, 3] -> [3, 0, 2, 3, 1, 0, 3, 0] -> [3, 0, 2, 3, 1, 0, 3, 0, 2] -> [3, 0, 2, 3, 1, 0, 3, 0, 2, 2]
MultithreadBFS: 0.89 ms, [] -> [3] -> [3, 0] -> [3, 0, 2] -> [3, 0, 2, 3] -> [3, 0, 2, 3, 1] -> [3, 0, 2, 3, 1, 0] -> [3, 0, 2, 3, 1, 0, 3] -> [3, 0, 2, 3, 1, 0, 3, 0] -> [3, 0, 2, 3, 1, 0, 3, 0, 2] -> [3, 0, 2, 3, 1, 0, 3, 0, 2, 2]
TasksBFS: 1.82 ms, [] -> [3] -> [3, 1] -> [3, 1, 2] -> [3, 1, 2, 2] -> [3, 1, 2, 2, 0] -> [3, 1, 2, 2, 0, 0] -> [3, 1, 2, 2, 0, 0, 1] -> [3, 1, 2, 2, 0, 0, 1, 0] -> [3, 1, 2, 2, 0, 0, 1, 0, 0] -> [3, 1, 2, 2, 0, 0, 1, 0, 0, 2]
SyncBFS: 8.9 ms, [] -> [0] -> [0, 1] -> [0, 1, 3] -> [0, 1, 3, 1] -> [0, 1, 3, 1, 0] -> [0, 1, 3, 1, 0, 3] -> [0, 1, 3, 1, 0, 3, 3] -> [0, 1, 3, 1, 0, 3, 3, 0] -> [0, 1, 3, 1, 0, 3, 3, 0, 2] -> [0, 1, 3, 1, 0, 3, 3, 0, 2, 2]

problem_00.yaml
TasksBFS: 0.87 ms, [] -> [0] -> [0, 0] -> [0, 0, 2] -> [0, 0, 2, 3] -> [0, 0, 2, 3, 2] -> [0, 0, 2, 3, 2, 2] -> [0, 0, 2, 3, 2, 2, 0] -> [0, 0, 2, 3, 2, 2, 0, 1] -> [0, 0, 2, 3, 2, 2, 0, 1, 2] -> [0, 0, 2, 3, 2, 2, 0, 1, 2, 3]
AsyncStartBFS: 1.17 ms, [] -> [0] -> [0, 0] -> [0, 0, 3] -> [0, 0, 3, 3] -> [0, 0, 3, 3, 1] -> [0, 0, 3, 3, 1, 2] -> [0, 0, 3, 3, 1, 2, 0] -> [0, 0, 3, 3, 1, 2, 0, 2] -> [0, 0, 3, 3, 1, 2, 0, 2, 0] -> [0, 0, 3, 3, 1, 2, 0, 2, 0, 1]
MultithreadBFS: 0.5 ms, [] -> [0] -> [0, 0] -> [0, 0, 3] -> [0, 0, 3, 3] -> [0, 0, 3, 3, 1] -> [0, 0, 3, 3, 1, 2] -> [0, 0, 3, 3, 1, 2, 0] -> [0, 0, 3, 3, 1, 2, 0, 2] -> [0, 0, 3, 3, 1, 2, 0, 2, 0] -> [0, 0, 3, 3, 1, 2, 0, 2, 0, 1]
SyncBFS: 2.95 ms, [] -> [0] -> [0, 0] -> [0, 0, 2] -> [0, 0, 2, 2] -> [0, 0, 2, 2, 1] -> [0, 0, 2, 2, 1, 3] -> [0, 0, 2, 2, 1, 3, 1] -> [0, 0, 2, 2, 1, 3, 1, 1] -> [0, 0, 2, 2, 1, 3, 1, 1, 2] -> [0, 0, 2, 2, 1, 3, 1, 1, 2, 0]

problem_13.yaml
AsyncStartBFS: 1.48 ms, [] -> [0] -> [0, 2] -> [0, 2, 2] -> [0, 2, 2, 0] -> [0, 2, 2, 0, 2] -> [0, 2, 2, 0, 2, 1] -> [0, 2, 2, 0, 2, 1, 1] -> [0, 2, 2, 0, 2, 1, 1, 2] -> [0, 2, 2, 0, 2, 1, 1, 2, 0] -> [0, 2, 2, 0, 2, 1, 1, 2, 0, 0]
SyncBFS: 2.99 ms, [] -> [0] -> [0, 0] -> [0, 0, 3] -> [0, 0, 3, 2] -> [0, 0, 3, 2, 3] -> [0, 0, 3, 2, 3, 3] -> [0, 0, 3, 2, 3, 3, 1] -> [0, 0, 3, 2, 3, 3, 1, 2] -> [0, 0, 3, 2, 3, 3, 1, 2, 2] -> [0, 0, 3, 2, 3, 3, 1, 2, 2, 0]
MultithreadBFS: 0.92 ms, [] -> [0] -> [0, 2] -> [0, 2, 2] -> [0, 2, 2, 0] -> [0, 2, 2, 0, 2] -> [0, 2, 2, 0, 2, 1] -> [0, 2, 2, 0, 2, 1, 1] -> [0, 2, 2, 0, 2, 1, 1, 2] -> [0, 2, 2, 0, 2, 1, 1, 2, 0] -> [0, 2, 2, 0, 2, 1, 1, 2, 0, 0]
TasksBFS: 0.97 ms, [] -> [0] -> [0, 0] -> [0, 0, 3] -> [0, 0, 3, 2] -> [0, 0, 3, 2, 3] -> [0, 0, 3, 2, 3, 3] -> [0, 0, 3, 2, 3, 3, 1] -> [0, 0, 3, 2, 3, 3, 1, 2] -> [0, 0, 3, 2, 3, 3, 1, 2, 2] -> [0, 0, 3, 2, 3, 3, 1, 2, 2, 0]

problem_16.yaml
MultithreadBFS: 8.6 ms, [] -> [0] -> [0, 3] -> [0, 3, 3] -> [0, 3, 3, 1] -> [0, 3, 3, 1, 0] -> [0, 3, 3, 1, 0, 3] -> [0, 3, 3, 1, 0, 3, 2] -> [0, 3, 3, 1, 0, 3, 2, 3] -> [0, 3, 3, 1, 0, 3, 2, 3, 0] -> [0, 3, 3, 1, 0, 3, 2, 3, 0, 0]
SyncBFS: 3.93 ms, [] -> [0] -> [0, 3] -> [0, 3, 3] -> [0, 3, 3, 1] -> [0, 3, 3, 1, 0] -> [0, 3, 3, 1, 0, 3] -> [0, 3, 3, 1, 0, 3, 2] -> [0, 3, 3, 1, 0, 3, 2, 3] -> [0, 3, 3, 1, 0, 3, 2, 3, 0] -> [0, 3, 3, 1, 0, 3, 2, 3, 0, 0]
AsyncStartBFS: 4.77 ms, [] -> [3] -> [3, 3] -> [3, 3, 0] -> [3, 3, 0, 3] -> [3, 3, 0, 3, 1] -> [3, 3, 0, 3, 1, 1] -> [3, 3, 0, 3, 1, 1, 1] -> [3, 3, 0, 3, 1, 1, 1, 3] -> [3, 3, 0, 3, 1, 1, 1, 3, 1] -> [3, 3, 0, 3, 1, 1, 1, 3, 1, 0]
TasksBFS: 0.99 ms, [] -> [0] -> [0, 3] -> [0, 3, 3] -> [0, 3, 3, 1] -> [0, 3, 3, 1, 0] -> [0, 3, 3, 1, 0, 3] -> [0, 3, 3, 1, 0, 3, 2] -> [0, 3, 3, 1, 0, 3, 2, 3] -> [0, 3, 3, 1, 0, 3, 2, 3, 0] -> [0, 3, 3, 1, 0, 3, 2, 3, 0, 0]

problem_20.yaml
AsyncStartBFS: 1.38 ms, [] -> [0] -> [0, 3] -> [0, 3, 1] -> [0, 3, 1, 3] -> [0, 3, 1, 3, 1] -> [0, 3, 1, 3, 1, 3] -> [0, 3, 1, 3, 1, 3, 3] -> [0, 3, 1, 3, 1, 3, 3, 0] -> [0, 3, 1, 3, 1, 3, 3, 0, 3] -> [0, 3, 1, 3, 1, 3, 3, 0, 3, 2]
MultithreadBFS: 1.28 ms, [] -> [1] -> [1, 0] -> [1, 0, 1] -> [1, 0, 1, 2] -> [1, 0, 1, 2, 0] -> [1, 0, 1, 2, 0, 0] -> [1, 0, 1, 2, 0, 0, 2] -> [1, 0, 1, 2, 0, 0, 2, 0] -> [1, 0, 1, 2, 0, 0, 2, 0, 2] -> [1, 0, 1, 2, 0, 0, 2, 0, 2, 0]
SyncBFS: 11.02 ms, [] -> [0] -> [0, 0] -> [0, 0, 0] -> [0, 0, 0, 2] -> [0, 0, 0, 2, 0] -> [0, 0, 0, 2, 0, 2] -> [0, 0, 0, 2, 0, 2, 1] -> [0, 0, 0, 2, 0, 2, 1, 1] -> [0, 0, 0, 2, 0, 2, 1, 1, 2] -> [0, 0, 0, 2, 0, 2, 1, 1, 2, 2]
TasksBFS: 3.65 ms, [] -> [0] -> [0, 1] -> [0, 1, 2] -> [0, 1, 2, 1] -> [0, 1, 2, 1, 2] -> [0, 1, 2, 1, 2, 0] -> [0, 1, 2, 1, 2, 0, 0] -> [0, 1, 2, 1, 2, 0, 0, 0] -> [0, 1, 2, 1, 2, 0, 0, 0, 3] -> [0, 1, 2, 1, 2, 0, 0, 0, 3, 1]

problem_18.yaml
AsyncStartBFS: 1.37 ms, [] -> [0] -> [0, 1] -> [0, 1, 3] -> [0, 1, 3, 2] -> [0, 1, 3, 2, 3] -> [0, 1, 3, 2, 3, 0] -> [0, 1, 3, 2, 3, 0, 1] -> [0, 1, 3, 2, 3, 0, 1, 0] -> [0, 1, 3, 2, 3, 0, 1, 0, 2] -> [0, 1, 3, 2, 3, 0, 1, 0, 2, 1]
MultithreadBFS: 1.07 ms, [] -> [0] -> [0, 1] -> [0, 1, 3] -> [0, 1, 3, 2] -> [0, 1, 3, 2, 3] -> [0, 1, 3, 2, 3, 0] -> [0, 1, 3, 2, 3, 0, 1] -> [0, 1, 3, 2, 3, 0, 1, 0] -> [0, 1, 3, 2, 3, 0, 1, 0, 2] -> [0, 1, 3, 2, 3, 0, 1, 0, 2, 1]
TasksBFS: 2.29 ms, [] -> [0] -> [0, 0] -> [0, 0, 1] -> [0, 0, 1, 0] -> [0, 0, 1, 0, 0] -> [0, 0, 1, 0, 0, 2] -> [0, 0, 1, 0, 0, 2, 1] -> [0, 0, 1, 0, 0, 2, 1, 3] -> [0, 0, 1, 0, 0, 2, 1, 3, 2] -> [0, 0, 1, 0, 0, 2, 1, 3, 2, 1]
SyncBFS: 9.25 ms, [] -> [0] -> [0, 0] -> [0, 0, 1] -> [0, 0, 1, 0] -> [0, 0, 1, 0, 0] -> [0, 0, 1, 0, 0, 2] -> [0, 0, 1, 0, 0, 2, 1] -> [0, 0, 1, 0, 0, 2, 1, 3] -> [0, 0, 1, 0, 0, 2, 1, 3, 2] -> [0, 0, 1, 0, 0, 2, 1, 3, 2, 1]

problem_05.yaml
TasksBFS: 0.68 ms, [] -> [1] -> [1, 1] -> [1, 1, 1] -> [1, 1, 1, 0] -> [1, 1, 1, 0, 0] -> [1, 1, 1, 0, 0, 0] -> [1, 1, 1, 0, 0, 0, 0] -> [1, 1, 1, 0, 0, 0, 0, 0] -> [1, 1, 1, 0, 0, 0, 0, 0, 0] -> [1, 1, 1, 0, 0, 0, 0, 0, 0, 1]
SyncBFS: 2.82 ms, [] -> [1] -> [1, 0] -> [1, 0, 0] -> [1, 0, 0, 0] -> [1, 0, 0, 0, 3] -> [1, 0, 0, 0, 3, 2] -> [1, 0, 0, 0, 3, 2, 0] -> [1, 0, 0, 0, 3, 2, 0, 0] -> [1, 0, 0, 0, 3, 2, 0, 0, 0] -> [1, 0, 0, 0, 3, 2, 0, 0, 0, 0]
MultithreadBFS: 0.72 ms, [] -> [1] -> [1, 1] -> [1, 1, 1] -> [1, 1, 1, 0] -> [1, 1, 1, 0, 0] -> [1, 1, 1, 0, 0, 0] -> [1, 1, 1, 0, 0, 0, 0] -> [1, 1, 1, 0, 0, 0, 0, 0] -> [1, 1, 1, 0, 0, 0, 0, 0, 0] -> [1, 1, 1, 0, 0, 0, 0, 0, 0, 1]
AsyncStartBFS: 1.24 ms, [] -> [1] -> [1, 1] -> [1, 1, 1] -> [1, 1, 1, 0] -> [1, 1, 1, 0, 0] -> [1, 1, 1, 0, 0, 0] -> [1, 1, 1, 0, 0, 0, 0] -> [1, 1, 1, 0, 0, 0, 0, 0] -> [1, 1, 1, 0, 0, 0, 0, 0, 0] -> [1, 1, 1, 0, 0, 0, 0, 0, 0, 1]

problem_15.yaml
SyncBFS: 2.78 ms, [] -> [0] -> [0, 0] -> [0, 0, 2] -> [0, 0, 2, 0] -> [0, 0, 2, 0, 3] -> [0, 0, 2, 0, 3, 0] -> [0, 0, 2, 0, 3, 0, 3] -> [0, 0, 2, 0, 3, 0, 3, 1] -> [0, 0, 2, 0, 3, 0, 3, 1, 0] -> [0, 0, 2, 0, 3, 0, 3, 1, 0, 3]
TasksBFS: 1.37 ms, [] -> [0] -> [0, 0] -> [0, 0, 2] -> [0, 0, 2, 0] -> [0, 0, 2, 0, 3] -> [0, 0, 2, 0, 3, 0] -> [0, 0, 2, 0, 3, 0, 3] -> [0, 0, 2, 0, 3, 0, 3, 1] -> [0, 0, 2, 0, 3, 0, 3, 1, 0] -> [0, 0, 2, 0, 3, 0, 3, 1, 0, 3]
AsyncStartBFS: 1.82 ms, [] -> [0] -> [0, 3] -> [0, 3, 3] -> [0, 3, 3, 2] -> [0, 3, 3, 2, 0] -> [0, 3, 3, 2, 0, 0] -> [0, 3, 3, 2, 0, 0, 2] -> [0, 3, 3, 2, 0, 0, 2, 1] -> [0, 3, 3, 2, 0, 0, 2, 1, 2] -> [0, 3, 3, 2, 0, 0, 2, 1, 2, 0]
MultithreadBFS: 2.72 ms, [] -> [0] -> [0, 3] -> [0, 3, 3] -> [0, 3, 3, 2] -> [0, 3, 3, 2, 0] -> [0, 3, 3, 2, 0, 0] -> [0, 3, 3, 2, 0, 0, 2] -> [0, 3, 3, 2, 0, 0, 2, 1] -> [0, 3, 3, 2, 0, 0, 2, 1, 2] -> [0, 3, 3, 2, 0, 0, 2, 1, 2, 0]

problem_17.yaml
SyncBFS: 6.01 ms, [] -> [0] -> [0, 0] -> [0, 0, 2] -> [0, 0, 2, 0] -> [0, 0, 2, 0, 1] -> [0, 0, 2, 0, 1, 0] -> [0, 0, 2, 0, 1, 0, 0] -> [0, 0, 2, 0, 1, 0, 0, 1] -> [0, 0, 2, 0, 1, 0, 0, 1, 0] -> [0, 0, 2, 0, 1, 0, 0, 1, 0, 3]
AsyncStartBFS: 1.93 ms, [] -> [0] -> [0, 0] -> [0, 0, 2] -> [0, 0, 2, 0] -> [0, 0, 2, 0, 1] -> [0, 0, 2, 0, 1, 0] -> [0, 0, 2, 0, 1, 0, 0] -> [0, 0, 2, 0, 1, 0, 0, 1] -> [0, 0, 2, 0, 1, 0, 0, 1, 0] -> [0, 0, 2, 0, 1, 0, 0, 1, 0, 3]
MultithreadBFS: 0.56 ms, [] -> [0] -> [0, 0] -> [0, 0, 2] -> [0, 0, 2, 0] -> [0, 0, 2, 0, 1] -> [0, 0, 2, 0, 1, 0] -> [0, 0, 2, 0, 1, 0, 0] -> [0, 0, 2, 0, 1, 0, 0, 1] -> [0, 0, 2, 0, 1, 0, 0, 1, 0] -> [0, 0, 2, 0, 1, 0, 0, 1, 0, 3]
TasksBFS: 1.03 ms, [] -> [0] -> [0, 0] -> [0, 0, 2] -> [0, 0, 2, 0] -> [0, 0, 2, 0, 1] -> [0, 0, 2, 0, 1, 0] -> [0, 0, 2, 0, 1, 0, 0] -> [0, 0, 2, 0, 1, 0, 0, 1] -> [0, 0, 2, 0, 1, 0, 0, 1, 0] -> [0, 0, 2, 0, 1, 0, 0, 1, 0, 3]

problem_37.yaml
SyncBFS: 6.73 ms, [] -> [0] -> [0, 1] -> [0, 1, 0] -> [0, 1, 0, 0] -> [0, 1, 0, 0, 3] -> [0, 1, 0, 0, 3, 0] -> [0, 1, 0, 0, 3, 0, 3] -> [0, 1, 0, 0, 3, 0, 3, 0] -> [0, 1, 0, 0, 3, 0, 3, 0, 2] -> [0, 1, 0, 0, 3, 0, 3, 0, 2, 0]
TasksBFS: 2.21 ms, [] -> [0] -> [0, 1] -> [0, 1, 0] -> [0, 1, 0, 0] -> [0, 1, 0, 0, 3] -> [0, 1, 0, 0, 3, 0] -> [0, 1, 0, 0, 3, 0, 3] -> [0, 1, 0, 0, 3, 0, 3, 0] -> [0, 1, 0, 0, 3, 0, 3, 0, 2] -> [0, 1, 0, 0, 3, 0, 3, 0, 2, 0]
MultithreadBFS: 1.54 ms, [] -> [1] -> [1, 3] -> [1, 3, 1] -> [1, 3, 1, 2] -> [1, 3, 1, 2, 0] -> [1, 3, 1, 2, 0, 2] -> [1, 3, 1, 2, 0, 2, 2] -> [1, 3, 1, 2, 0, 2, 2, 3] -> [1, 3, 1, 2, 0, 2, 2, 3, 1] -> [1, 3, 1, 2, 0, 2, 2, 3, 1, 3]
AsyncStartBFS: 1.93 ms, [] -> [1] -> [1, 3] -> [1, 3, 1] -> [1, 3, 1, 2] -> [1, 3, 1, 2, 0] -> [1, 3, 1, 2, 0, 2] -> [1, 3, 1, 2, 0, 2, 2] -> [1, 3, 1, 2, 0, 2, 2, 3] -> [1, 3, 1, 2, 0, 2, 2, 3, 1] -> [1, 3, 1, 2, 0, 2, 2, 3, 1, 3]

problem_22.yaml
AsyncStartBFS: 1.39 ms, [] -> [0] -> [0, 0] -> [0, 0, 3] -> [0, 0, 3, 1] -> [0, 0, 3, 1, 3] -> [0, 0, 3, 1, 3, 1] -> [0, 0, 3, 1, 3, 1, 1] -> [0, 0, 3, 1, 3, 1, 1, 1] -> [0, 0, 3, 1, 3, 1, 1, 1, 2] -> [0, 0, 3, 1, 3, 1, 1, 1, 2, 1]
MultithreadBFS: 1.61 ms, [] -> [0] -> [0, 1] -> [0, 1, 2] -> [0, 1, 2, 2] -> [0, 1, 2, 2, 3] -> [0, 1, 2, 2, 3, 1] -> [0, 1, 2, 2, 3, 1, 1] -> [0, 1, 2, 2, 3, 1, 1, 0] -> [0, 1, 2, 2, 3, 1, 1, 0, 0] -> [0, 1, 2, 2, 3, 1, 1, 0, 0, 2]
TasksBFS: 2.32 ms, [] -> [0] -> [0, 3] -> [0, 3, 2] -> [0, 3, 2, 1] -> [0, 3, 2, 1, 0] -> [0, 3, 2, 1, 0, 2] -> [0, 3, 2, 1, 0, 2, 3] -> [0, 3, 2, 1, 0, 2, 3, 2] -> [0, 3, 2, 1, 0, 2, 3, 2, 1] -> [0, 3, 2, 1, 0, 2, 3, 2, 1, 1]
SyncBFS: 11.27 ms, [] -> [0] -> [0, 0] -> [0, 0, 0] -> [0, 0, 0, 2] -> [0, 0, 0, 2, 1] -> [0, 0, 0, 2, 1, 2] -> [0, 0, 0, 2, 1, 2, 1] -> [0, 0, 0, 2, 1, 2, 1, 1] -> [0, 0, 0, 2, 1, 2, 1, 1, 3] -> [0, 0, 0, 2, 1, 2, 1, 1, 3, 2]

problem_23.yaml
MultithreadBFS: 0 ms, No solution found!
SyncBFS: 0 ms, No solution found!
TasksBFS: 0.39 ms, No solution found!
AsyncStartBFS: 0 ms, No solution found!

problem_25.yaml
SyncBFS: 0 ms, No solution found!
TasksBFS: 0.47 ms, No solution found!
AsyncStartBFS: 0 ms, No solution found!
MultithreadBFS: 0 ms, No solution found!

problem_27.yaml
SyncBFS: 6.87 ms, [] -> [0] -> [0, 2] -> [0, 2, 0] -> [0, 2, 0, 0] -> [0, 2, 0, 0, 1] -> [0, 2, 0, 0, 1, 2] -> [0, 2, 0, 0, 1, 2, 2] -> [0, 2, 0, 0, 1, 2, 2, 0] -> [0, 2, 0, 0, 1, 2, 2, 0, 1] -> [0, 2, 0, 0, 1, 2, 2, 0, 1, 2]
AsyncStartBFS: 2.22 ms, [] -> [3] -> [3, 2] -> [3, 2, 1] -> [3, 2, 1, 0] -> [3, 2, 1, 0, 1] -> [3, 2, 1, 0, 1, 1] -> [3, 2, 1, 0, 1, 1, 1] -> [3, 2, 1, 0, 1, 1, 1, 2] -> [3, 2, 1, 0, 1, 1, 1, 2, 1] -> [3, 2, 1, 0, 1, 1, 1, 2, 1, 2]
MultithreadBFS: 1.37 ms, [] -> [3] -> [3, 2] -> [3, 2, 1] -> [3, 2, 1, 0] -> [3, 2, 1, 0, 1] -> [3, 2, 1, 0, 1, 1] -> [3, 2, 1, 0, 1, 1, 1] -> [3, 2, 1, 0, 1, 1, 1, 2] -> [3, 2, 1, 0, 1, 1, 1, 2, 1] -> [3, 2, 1, 0, 1, 1, 1, 2, 1, 2]
TasksBFS: 1.39 ms, [] -> [0] -> [0, 2] -> [0, 2, 0] -> [0, 2, 0, 0] -> [0, 2, 0, 0, 1] -> [0, 2, 0, 0, 1, 2] -> [0, 2, 0, 0, 1, 2, 2] -> [0, 2, 0, 0, 1, 2, 2, 0] -> [0, 2, 0, 0, 1, 2, 2, 0, 1] -> [0, 2, 0, 0, 1, 2, 2, 0, 1, 2]

problem_26.yaml
TasksBFS: 0.56 ms, [] -> [0] -> [0, 2] -> [0, 2, 0] -> [0, 2, 0, 2] -> [0, 2, 0, 2, 0] -> [0, 2, 0, 2, 0, 2] -> [0, 2, 0, 2, 0, 2, 3] -> [0, 2, 0, 2, 0, 2, 3, 3] -> [0, 2, 0, 2, 0, 2, 3, 3, 3] -> [0, 2, 0, 2, 0, 2, 3, 3, 3, 0]
MultithreadBFS: 0.39 ms, [] -> [0] -> [0, 2] -> [0, 2, 0] -> [0, 2, 0, 2] -> [0, 2, 0, 2, 0] -> [0, 2, 0, 2, 0, 2] -> [0, 2, 0, 2, 0, 2, 3] -> [0, 2, 0, 2, 0, 2, 3, 3] -> [0, 2, 0, 2, 0, 2, 3, 3, 3] -> [0, 2, 0, 2, 0, 2, 3, 3, 3, 0]
SyncBFS: 3.48 ms, [] -> [0] -> [0, 1] -> [0, 1, 2] -> [0, 1, 2, 2] -> [0, 1, 2, 2, 3] -> [0, 1, 2, 2, 3, 3] -> [0, 1, 2, 2, 3, 3, 3] -> [0, 1, 2, 2, 3, 3, 3, 0] -> [0, 1, 2, 2, 3, 3, 3, 0, 1] -> [0, 1, 2, 2, 3, 3, 3, 0, 1, 0]
AsyncStartBFS: 1.61 ms, [] -> [0] -> [0, 2] -> [0, 2, 0] -> [0, 2, 0, 2] -> [0, 2, 0, 2, 0] -> [0, 2, 0, 2, 0, 2] -> [0, 2, 0, 2, 0, 2, 3] -> [0, 2, 0, 2, 0, 2, 3, 3] -> [0, 2, 0, 2, 0, 2, 3, 3, 3] -> [0, 2, 0, 2, 0, 2, 3, 3, 3, 0]

problem_14.yaml
SyncBFS: 2.51 ms, [] -> [1] -> [1, 0] -> [1, 0, 2] -> [1, 0, 2, 3] -> [1, 0, 2, 3, 2] -> [1, 0, 2, 3, 2, 3] -> [1, 0, 2, 3, 2, 3, 0] -> [1, 0, 2, 3, 2, 3, 0, 2] -> [1, 0, 2, 3, 2, 3, 0, 2, 1] -> [1, 0, 2, 3, 2, 3, 0, 2, 1, 3]
TasksBFS: 1.15 ms, [] -> [1] -> [1, 0] -> [1, 0, 2] -> [1, 0, 2, 3] -> [1, 0, 2, 3, 2] -> [1, 0, 2, 3, 2, 3] -> [1, 0, 2, 3, 2, 3, 0] -> [1, 0, 2, 3, 2, 3, 0, 2] -> [1, 0, 2, 3, 2, 3, 0, 2, 1] -> [1, 0, 2, 3, 2, 3, 0, 2, 1, 3]
AsyncStartBFS: 1.23 ms, [] -> [2] -> [2, 2] -> [2, 2, 0] -> [2, 2, 0, 0] -> [2, 2, 0, 0, 1] -> [2, 2, 0, 0, 1, 3] -> [2, 2, 0, 0, 1, 3, 1] -> [2, 2, 0, 0, 1, 3, 1, 2] -> [2, 2, 0, 0, 1, 3, 1, 2, 3] -> [2, 2, 0, 0, 1, 3, 1, 2, 3, 2]
MultithreadBFS: 0.45 ms, [] -> [1] -> [1, 1] -> [1, 1, 2] -> [1, 1, 2, 1] -> [1, 1, 2, 1, 1] -> [1, 1, 2, 1, 1, 0] -> [1, 1, 2, 1, 1, 0, 0] -> [1, 1, 2, 1, 1, 0, 0, 3] -> [1, 1, 2, 1, 1, 0, 0, 3, 3] -> [1, 1, 2, 1, 1, 0, 0, 3, 3, 0]

problem_28.yaml
MultithreadBFS: 0.83 ms, [] -> [1] -> [1, 3] -> [1, 3, 1] -> [1, 3, 1, 3] -> [1, 3, 1, 3, 2] -> [1, 3, 1, 3, 2, 0] -> [1, 3, 1, 3, 2, 0, 0] -> [1, 3, 1, 3, 2, 0, 0, 2] -> [1, 3, 1, 3, 2, 0, 0, 2, 0] -> [1, 3, 1, 3, 2, 0, 0, 2, 0, 1]
AsyncStartBFS: 1.27 ms, [] -> [1] -> [1, 3] -> [1, 3, 1] -> [1, 3, 1, 3] -> [1, 3, 1, 3, 2] -> [1, 3, 1, 3, 2, 0] -> [1, 3, 1, 3, 2, 0, 0] -> [1, 3, 1, 3, 2, 0, 0, 2] -> [1, 3, 1, 3, 2, 0, 0, 2, 0] -> [1, 3, 1, 3, 2, 0, 0, 2, 0, 1]
SyncBFS: 7.54 ms, [] -> [0] -> [0, 1] -> [0, 1, 3] -> [0, 1, 3, 3] -> [0, 1, 3, 3, 3] -> [0, 1, 3, 3, 3, 1] -> [0, 1, 3, 3, 3, 1, 2] -> [0, 1, 3, 3, 3, 1, 2, 0] -> [0, 1, 3, 3, 3, 1, 2, 0, 3] -> [0, 1, 3, 3, 3, 1, 2, 0, 3, 2]
TasksBFS: 2.2 ms, [] -> [1] -> [1, 0] -> [1, 0, 3] -> [1, 0, 3, 1] -> [1, 0, 3, 1, 2] -> [1, 0, 3, 1, 2, 2] -> [1, 0, 3, 1, 2, 2, 1] -> [1, 0, 3, 1, 2, 2, 1, 2] -> [1, 0, 3, 1, 2, 2, 1, 2, 0] -> [1, 0, 3, 1, 2, 2, 1, 2, 0, 1]


[INFO] Results summary:
SyncBFS
	Average: 7.657 ms
	Median: 6.82 ms
	Standard Deviation: 3.89157 ms
MultithreadBFS
	Average: 1.2276 ms
	Median: 0.985 ms
	Standard Deviation: 1.19787 ms
AsyncStartBFS
	Average: 1.5496 ms
	Median: 1.415 ms
	Standard Deviation: 0.678651 ms
TasksBFS
	Average: 1.8068 ms
	Median: 1.735 ms
	Standard Deviation: 0.811984 ms
