problem_49.yaml
TasksBFS: 0.28 ms, No solution found!
SyncBFS: 0 ms, No solution found!
MultithreadBFS: 0.01 ms, No solution found!
AsyncStartBFS: 0 ms, No solution found!

problem_48.yaml
MultithreadBFS: 0.39 ms, [] -> [1] -> [1, 3] -> [1, 3, 0] -> [1, 3, 0, 2] -> [1, 3, 0, 2, 0] -> [1, 3, 0, 2, 0, 0] -> [1, 3, 0, 2, 0, 0, 0]
TasksBFS: 0.33 ms, [] -> [0] -> [0, 1] -> [0, 1, 1] -> [0, 1, 1, 1] -> [0, 1, 1, 1, 1] -> [0, 1, 1, 1, 1, 2] -> [0, 1, 1, 1, 1, 2, 3]
AsyncStartBFS: 1.19 ms, [] -> [1] -> [1, 2] -> [1, 2, 3] -> [1, 2, 3, 2] -> [1, 2, 3, 2, 0] -> [1, 2, 3, 2, 0, 3] -> [1, 2, 3, 2, 0, 3, 3]
SyncBFS: 0.45 ms, [] -> [0] -> [0, 1] -> [0, 1, 0] -> [0, 1, 0, 1] -> [0, 1, 0, 1, 0] -> [0, 1, 0, 1, 0, 1] -> [0, 1, 0, 1, 0, 1, 3]

problem_45.yaml
SyncBFS: 10.36 ms, [] -> [1] -> [1, 1] -> [1, 1, 0] -> [1, 1, 0, 2] -> [1, 1, 0, 2, 0] -> [1, 1, 0, 2, 0, 2] -> [1, 1, 0, 2, 0, 2, 2]
TasksBFS: 203.82 ms, [] -> [1] -> [1, 1] -> [1, 1, 2] -> [1, 1, 2, 1] -> [1, 1, 2, 1, 1] -> [1, 1, 2, 1, 1, 2] -> [1, 1, 2, 1, 1, 2, 0]
MultithreadBFS: 0.37 ms, [] -> [1] -> [1, 1] -> [1, 1, 3] -> [1, 1, 3, 2] -> [1, 1, 3, 2, 1] -> [1, 1, 3, 2, 1, 1] -> [1, 1, 3, 2, 1, 1, 0]
AsyncStartBFS: 1.15 ms, [] -> [1] -> [1, 1] -> [1, 1, 2] -> [1, 1, 2, 1] -> [1, 1, 2, 1, 1] -> [1, 1, 2, 1, 1, 2] -> [1, 1, 2, 1, 1, 2, 0]

problem_43.yaml
AsyncStartBFS: 1.27 ms, [] -> [3] -> [3, 2] -> [3, 2, 0] -> [3, 2, 0, 1] -> [3, 2, 0, 1, 3] -> [3, 2, 0, 1, 3, 0] -> [3, 2, 0, 1, 3, 0, 3]
TasksBFS: 0.35 ms, [] -> [0] -> [0, 1] -> [0, 1, 3] -> [0, 1, 3, 2] -> [0, 1, 3, 2, 0] -> [0, 1, 3, 2, 0, 1] -> [0, 1, 3, 2, 0, 1, 1]
MultithreadBFS: 0.33 ms, [] -> [1] -> [1, 3] -> [1, 3, 2] -> [1, 3, 2, 0] -> [1, 3, 2, 0, 1] -> [1, 3, 2, 0, 1, 3] -> [1, 3, 2, 0, 1, 3, 2]
SyncBFS: 0.43 ms, [] -> [0] -> [0, 0] -> [0, 0, 0] -> [0, 0, 0, 1] -> [0, 0, 0, 1, 3] -> [0, 0, 0, 1, 3, 0] -> [0, 0, 0, 1, 3, 0, 3]

problem_41.yaml
SyncBFS: 0.47 ms, [] -> [0] -> [0, 0] -> [0, 0, 0] -> [0, 0, 0, 0] -> [0, 0, 0, 0, 0] -> [0, 0, 0, 0, 0, 3] -> [0, 0, 0, 0, 0, 3, 0]
TasksBFS: 0.99 ms, [] -> [1] -> [1, 0] -> [1, 0, 3] -> [1, 0, 3, 2] -> [1, 0, 3, 2, 0] -> [1, 0, 3, 2, 0, 1] -> [1, 0, 3, 2, 0, 1, 1]
MultithreadBFS: 0.34 ms, [] -> [1] -> [1, 0] -> [1, 0, 2] -> [1, 0, 2, 3] -> [1, 0, 2, 3, 1] -> [1, 0, 2, 3, 1, 0] -> [1, 0, 2, 3, 1, 0, 2]
AsyncStartBFS: 1.19 ms, [] -> [1] -> [1, 0] -> [1, 0, 2] -> [1, 0, 2, 1] -> [1, 0, 2, 1, 2] -> [1, 0, 2, 1, 2, 2] -> [1, 0, 2, 1, 2, 2, 1]

problem_39.yaml
SyncBFS: 0.17 ms, [] -> [0] -> [0, 1] -> [0, 1, 0] -> [0, 1, 0, 1] -> [0, 1, 0, 1, 2] -> [0, 1, 0, 1, 2, 3] -> [0, 1, 0, 1, 2, 3, 1]
TasksBFS: 1.16 ms, [] -> [0] -> [0, 1] -> [0, 1, 1] -> [0, 1, 1, 0] -> [0, 1, 1, 0, 1] -> [0, 1, 1, 0, 1, 3] -> [0, 1, 1, 0, 1, 3, 1]
AsyncStartBFS: 1.24 ms, [] -> [0] -> [0, 1] -> [0, 1, 2] -> [0, 1, 2, 0] -> [0, 1, 2, 0, 1] -> [0, 1, 2, 0, 1, 3] -> [0, 1, 2, 0, 1, 3, 3]
MultithreadBFS: 0.34 ms, [] -> [0] -> [0, 1] -> [0, 1, 2] -> [0, 1, 2, 1] -> [0, 1, 2, 1, 0] -> [0, 1, 2, 1, 0, 1] -> [0, 1, 2, 1, 0, 1, 0]

problem_38.yaml
AsyncStartBFS: 1.18 ms, [] -> [0] -> [0, 1] -> [0, 1, 2] -> [0, 1, 2, 0] -> [0, 1, 2, 0, 1] -> [0, 1, 2, 0, 1, 1] -> [0, 1, 2, 0, 1, 1, 1]
MultithreadBFS: 0.36 ms, [] -> [0] -> [0, 1] -> [0, 1, 3] -> [0, 1, 3, 2] -> [0, 1, 3, 2, 2] -> [0, 1, 3, 2, 2, 3] -> [0, 1, 3, 2, 2, 3, 0]
TasksBFS: 0.33 ms, [] -> [0] -> [0, 3] -> [0, 3, 3] -> [0, 3, 3, 3] -> [0, 3, 3, 3, 2] -> [0, 3, 3, 3, 2, 1] -> [0, 3, 3, 3, 2, 1, 0]
SyncBFS: 0.76 ms, [] -> [0] -> [0, 0] -> [0, 0, 1] -> [0, 0, 1, 2] -> [0, 0, 1, 2, 1] -> [0, 0, 1, 2, 1, 0] -> [0, 0, 1, 2, 1, 0, 2]

problem_36.yaml
AsyncStartBFS: 1.23 ms, [] -> [0] -> [0, 2] -> [0, 2, 3] -> [0, 2, 3, 1] -> [0, 2, 3, 1, 1] -> [0, 2, 3, 1, 1, 3] -> [0, 2, 3, 1, 1, 3, 1]
SyncBFS: 0.58 ms, [] -> [0] -> [0, 0] -> [0, 0, 0] -> [0, 0, 0, 0] -> [0, 0, 0, 0, 1] -> [0, 0, 0, 0, 1, 0] -> [0, 0, 0, 0, 1, 0, 2]
MultithreadBFS: 0.36 ms, [] -> [0] -> [0, 2] -> [0, 2, 3] -> [0, 2, 3, 1] -> [0, 2, 3, 1, 1] -> [0, 2, 3, 1, 1, 3] -> [0, 2, 3, 1, 1, 3, 1]
TasksBFS: 0.36 ms, [] -> [0] -> [0, 1] -> [0, 1, 2] -> [0, 1, 2, 3] -> [0, 1, 2, 3, 2] -> [0, 1, 2, 3, 2, 0] -> [0, 1, 2, 3, 2, 0, 0]

problem_44.yaml
TasksBFS: 0.28 ms, No solution found!
AsyncStartBFS: 0 ms, No solution found!
MultithreadBFS: 0 ms, No solution found!
SyncBFS: 0 ms, No solution found!

problem_35.yaml
SyncBFS: 0.58 ms, [] -> [1] -> [1, 0] -> [1, 0, 0] -> [1, 0, 0, 0] -> [1, 0, 0, 0, 3] -> [1, 0, 0, 0, 3, 3] -> [1, 0, 0, 0, 3, 3, 2]
TasksBFS: 0.72 ms, [] -> [2] -> [2, 0] -> [2, 0, 0] -> [2, 0, 0, 1] -> [2, 0, 0, 1, 1] -> [2, 0, 0, 1, 1, 0] -> [2, 0, 0, 1, 1, 0, 0]
MultithreadBFS: 0.36 ms, [] -> [1] -> [1, 0] -> [1, 0, 3] -> [1, 0, 3, 1] -> [1, 0, 3, 1, 2] -> [1, 0, 3, 1, 2, 1] -> [1, 0, 3, 1, 2, 1, 3]
AsyncStartBFS: 1.24 ms, [] -> [1] -> [1, 2] -> [1, 2, 0] -> [1, 2, 0, 0] -> [1, 2, 0, 0, 3] -> [1, 2, 0, 0, 3, 0] -> [1, 2, 0, 0, 3, 0, 3]

problem_46.yaml
TasksBFS: 0.37 ms, [] -> [2] -> [2, 1] -> [2, 1, 2] -> [2, 1, 2, 2] -> [2, 1, 2, 2, 3] -> [2, 1, 2, 2, 3, 0] -> [2, 1, 2, 2, 3, 0, 3]
AsyncStartBFS: 1.22 ms, [] -> [2] -> [2, 2] -> [2, 2, 0] -> [2, 2, 0, 2] -> [2, 2, 0, 2, 1] -> [2, 2, 0, 2, 1, 1] -> [2, 2, 0, 2, 1, 1, 2]
SyncBFS: 0.53 ms, [] -> [1] -> [1, 0] -> [1, 0, 1] -> [1, 0, 1, 0] -> [1, 0, 1, 0, 2] -> [1, 0, 1, 0, 2, 1] -> [1, 0, 1, 0, 2, 1, 3]
MultithreadBFS: 0.38 ms, [] -> [2] -> [2, 1] -> [2, 1, 3] -> [2, 1, 3, 3] -> [2, 1, 3, 3, 0] -> [2, 1, 3, 3, 0, 1] -> [2, 1, 3, 3, 0, 1, 1]

problem_34.yaml
AsyncStartBFS: 1.28 ms, [] -> [1] -> [1, 0] -> [1, 0, 0] -> [1, 0, 0, 1] -> [1, 0, 0, 1, 1] -> [1, 0, 0, 1, 1, 0] -> [1, 0, 0, 1, 1, 0, 3]
MultithreadBFS: 0.44 ms, [] -> [0] -> [0, 3] -> [0, 3, 2] -> [0, 3, 2, 1] -> [0, 3, 2, 1, 0] -> [0, 3, 2, 1, 0, 1] -> [0, 3, 2, 1, 0, 1, 3]
SyncBFS: 0.24 ms, [] -> [0] -> [0, 3] -> [0, 3, 0] -> [0, 3, 0, 0] -> [0, 3, 0, 0, 2] -> [0, 3, 0, 0, 2, 2] -> [0, 3, 0, 0, 2, 2, 3]
TasksBFS: 0.36 ms, [] -> [2] -> [2, 0] -> [2, 0, 3] -> [2, 0, 3, 2] -> [2, 0, 3, 2, 2] -> [2, 0, 3, 2, 2, 1] -> [2, 0, 3, 2, 2, 1, 1]

problem_32.yaml
SyncBFS: 669.76 ms, [] -> [2] -> [2, 1] -> [2, 1, 0] -> [2, 1, 0, 0] -> [2, 1, 0, 0, 2] -> [2, 1, 0, 0, 2, 0] -> [2, 1, 0, 0, 2, 0, 3]
MultithreadBFS: 1.12 ms, [] -> [2] -> [2, 2] -> [2, 2, 0] -> [2, 2, 0, 3] -> [2, 2, 0, 3, 3] -> [2, 2, 0, 3, 3, 2] -> [2, 2, 0, 3, 3, 2, 3]
AsyncStartBFS: 1.18 ms, [] -> [2] -> [2, 1] -> [2, 1, 0] -> [2, 1, 0, 0] -> [2, 1, 0, 0, 3] -> [2, 1, 0, 0, 3, 2] -> [2, 1, 0, 0, 3, 2, 1]
TasksBFS: 0.33 ms, [] -> [2] -> [2, 1] -> [2, 1, 0] -> [2, 1, 0, 0] -> [2, 1, 0, 0, 3] -> [2, 1, 0, 0, 3, 2] -> [2, 1, 0, 0, 3, 2, 1]

problem_31.yaml
TasksBFS: 0.35 ms, [] -> [0] -> [0, 1] -> [0, 1, 2] -> [0, 1, 2, 0] -> [0, 1, 2, 0, 0] -> [0, 1, 2, 0, 0, 3] -> [0, 1, 2, 0, 0, 3, 0]
AsyncStartBFS: 1.16 ms, [] -> [0] -> [0, 1] -> [0, 1, 2] -> [0, 1, 2, 1] -> [0, 1, 2, 1, 1] -> [0, 1, 2, 1, 1, 0] -> [0, 1, 2, 1, 1, 0, 1]
MultithreadBFS: 0.32 ms, [] -> [0] -> [0, 1] -> [0, 1, 1] -> [0, 1, 1, 2] -> [0, 1, 1, 2, 3] -> [0, 1, 1, 2, 3, 1] -> [0, 1, 1, 2, 3, 1, 1]
SyncBFS: 0.19 ms, [] -> [0] -> [0, 0] -> [0, 0, 0] -> [0, 0, 0, 1] -> [0, 0, 0, 1, 2] -> [0, 0, 0, 1, 2, 1] -> [0, 0, 0, 1, 2, 1, 0]

problem_30.yaml
TasksBFS: 0.38 ms, [] -> [0] -> [0, 2] -> [0, 2, 2] -> [0, 2, 2, 1] -> [0, 2, 2, 1, 2] -> [0, 2, 2, 1, 2, 0] -> [0, 2, 2, 1, 2, 0, 1]
MultithreadBFS: 0.36 ms, [] -> [1] -> [1, 0] -> [1, 0, 0] -> [1, 0, 0, 3] -> [1, 0, 0, 3, 3] -> [1, 0, 0, 3, 3, 2] -> [1, 0, 0, 3, 3, 2, 2]
SyncBFS: 0.59 ms, [] -> [0] -> [0, 1] -> [0, 1, 1] -> [0, 1, 1, 0] -> [0, 1, 1, 0, 3] -> [0, 1, 1, 0, 3, 1] -> [0, 1, 1, 0, 3, 1, 1]
AsyncStartBFS: 1.2 ms, [] -> [1] -> [1, 0] -> [1, 0, 0] -> [1, 0, 0, 3] -> [1, 0, 0, 3, 3] -> [1, 0, 0, 3, 3, 2] -> [1, 0, 0, 3, 3, 2, 2]

problem_10.yaml
AsyncStartBFS: 1.22 ms, [] -> [0] -> [0, 1] -> [0, 1, 1] -> [0, 1, 1, 0] -> [0, 1, 1, 0, 3] -> [0, 1, 1, 0, 3, 0] -> [0, 1, 1, 0, 3, 0, 0]
TasksBFS: 0.37 ms, [] -> [0] -> [0, 0] -> [0, 0, 3] -> [0, 0, 3, 1] -> [0, 0, 3, 1, 3] -> [0, 0, 3, 1, 3, 1] -> [0, 0, 3, 1, 3, 1, 3]
SyncBFS: 0.61 ms, [] -> [0] -> [0, 0] -> [0, 0, 0] -> [0, 0, 0, 0] -> [0, 0, 0, 0, 2] -> [0, 0, 0, 0, 2, 1] -> [0, 0, 0, 0, 2, 1, 2]
MultithreadBFS: 0.4 ms, [] -> [1] -> [1, 2] -> [1, 2, 0] -> [1, 2, 0, 1] -> [1, 2, 0, 1, 2] -> [1, 2, 0, 1, 2, 2] -> [1, 2, 0, 1, 2, 2, 2]

problem_09.yaml
AsyncStartBFS: 1.22 ms, [] -> [2] -> [2, 2] -> [2, 2, 2] -> [2, 2, 2, 3] -> [2, 2, 2, 3, 2] -> [2, 2, 2, 3, 2, 1] -> [2, 2, 2, 3, 2, 1, 3]
TasksBFS: 0.33 ms, [] -> [3] -> [3, 1] -> [3, 1, 2] -> [3, 1, 2, 1] -> [3, 1, 2, 1, 1] -> [3, 1, 2, 1, 1, 0] -> [3, 1, 2, 1, 1, 0, 1]
MultithreadBFS: 0.35 ms, [] -> [2] -> [2, 2] -> [2, 2, 2] -> [2, 2, 2, 1] -> [2, 2, 2, 1, 2] -> [2, 2, 2, 1, 2, 0] -> [2, 2, 2, 1, 2, 0, 1]
SyncBFS: 0.23 ms, [] -> [2] -> [2, 1] -> [2, 1, 1] -> [2, 1, 1, 3] -> [2, 1, 1, 3, 0] -> [2, 1, 1, 3, 0, 0] -> [2, 1, 1, 3, 0, 0, 1]

problem_12.yaml
SyncBFS: 0.72 ms, [] -> [1] -> [1, 1] -> [1, 1, 0] -> [1, 1, 0, 0] -> [1, 1, 0, 0, 3] -> [1, 1, 0, 0, 3, 0] -> [1, 1, 0, 0, 3, 0, 1]
AsyncStartBFS: 1.28 ms, [] -> [1] -> [1, 3] -> [1, 3, 3] -> [1, 3, 3, 0] -> [1, 3, 3, 0, 2] -> [1, 3, 3, 0, 2, 3] -> [1, 3, 3, 0, 2, 3, 2]
TasksBFS: 0.46 ms, [] -> [1] -> [1, 1] -> [1, 1, 0] -> [1, 1, 0, 0] -> [1, 1, 0, 0, 3] -> [1, 1, 0, 0, 3, 0] -> [1, 1, 0, 0, 3, 0, 1]
MultithreadBFS: 0.32 ms, [] -> [1] -> [1, 3] -> [1, 3, 3] -> [1, 3, 3, 0] -> [1, 3, 3, 0, 2] -> [1, 3, 3, 0, 2, 3] -> [1, 3, 3, 0, 2, 3, 2]

problem_47.yaml
TasksBFS: 0.38 ms, [] -> [1] -> [1, 2] -> [1, 2, 2] -> [1, 2, 2, 2] -> [1, 2, 2, 2, 3] -> [1, 2, 2, 2, 3, 0] -> [1, 2, 2, 2, 3, 0, 1]
MultithreadBFS: 0.45 ms, [] -> [1] -> [1, 2] -> [1, 2, 3] -> [1, 2, 3, 2] -> [1, 2, 3, 2, 0] -> [1, 2, 3, 2, 0, 1] -> [1, 2, 3, 2, 0, 1, 2]
SyncBFS: 0.04 ms, [] -> [1] -> [1, 2] -> [1, 2, 2] -> [1, 2, 2, 1] -> [1, 2, 2, 1, 0] -> [1, 2, 2, 1, 0, 0] -> [1, 2, 2, 1, 0, 0, 0]
AsyncStartBFS: 1.18 ms, [] -> [1] -> [1, 2] -> [1, 2, 3] -> [1, 2, 3, 2] -> [1, 2, 3, 2, 0] -> [1, 2, 3, 2, 0, 1] -> [1, 2, 3, 2, 0, 1, 2]

problem_11.yaml
AsyncStartBFS: 1.2 ms, [] -> [1] -> [1, 1] -> [1, 1, 3] -> [1, 1, 3, 0] -> [1, 1, 3, 0, 0] -> [1, 1, 3, 0, 0, 0] -> [1, 1, 3, 0, 0, 0, 0]
TasksBFS: 0.35 ms, [] -> [1] -> [1, 1] -> [1, 1, 3] -> [1, 1, 3, 0] -> [1, 1, 3, 0, 0] -> [1, 1, 3, 0, 0, 0] -> [1, 1, 3, 0, 0, 0, 0]
MultithreadBFS: 0.31 ms, [] -> [1] -> [1, 1] -> [1, 1, 3] -> [1, 1, 3, 0] -> [1, 1, 3, 0, 0] -> [1, 1, 3, 0, 0, 0] -> [1, 1, 3, 0, 0, 0, 0]
SyncBFS: 0.6 ms, [] -> [0] -> [0, 1] -> [0, 1, 2] -> [0, 1, 2, 1] -> [0, 1, 2, 1, 2] -> [0, 1, 2, 1, 2, 1] -> [0, 1, 2, 1, 2, 1, 1]

problem_01.yaml
SyncBFS: 0.54 ms, [] -> [0] -> [0, 1] -> [0, 1, 0] -> [0, 1, 0, 2] -> [0, 1, 0, 2, 3] -> [0, 1, 0, 2, 3, 2] -> [0, 1, 0, 2, 3, 2, 2]
MultithreadBFS: 0.49 ms, [] -> [1] -> [1, 1] -> [1, 1, 1] -> [1, 1, 1, 1] -> [1, 1, 1, 1, 0] -> [1, 1, 1, 1, 0, 1] -> [1, 1, 1, 1, 0, 1, 2]
AsyncStartBFS: 1.17 ms, [] -> [1] -> [1, 1] -> [1, 1, 1] -> [1, 1, 1, 1] -> [1, 1, 1, 1, 0] -> [1, 1, 1, 1, 0, 1] -> [1, 1, 1, 1, 0, 1, 2]
TasksBFS: 0.45 ms, [] -> [1] -> [1, 3] -> [1, 3, 3] -> [1, 3, 3, 1] -> [1, 3, 3, 1, 2] -> [1, 3, 3, 1, 2, 3] -> [1, 3, 3, 1, 2, 3, 2]

problem_08.yaml
AsyncStartBFS: 1.14 ms, [] -> [0] -> [0, 0] -> [0, 0, 3] -> [0, 0, 3, 2] -> [0, 0, 3, 2, 2] -> [0, 0, 3, 2, 2, 2] -> [0, 0, 3, 2, 2, 2, 0]
TasksBFS: 0.39 ms, [] -> [3] -> [3, 1] -> [3, 1, 3] -> [3, 1, 3, 2] -> [3, 1, 3, 2, 3] -> [3, 1, 3, 2, 3, 0] -> [3, 1, 3, 2, 3, 0, 2]
MultithreadBFS: 0.32 ms, [] -> [0] -> [0, 0] -> [0, 0, 3] -> [0, 0, 3, 2] -> [0, 0, 3, 2, 2] -> [0, 0, 3, 2, 2, 2] -> [0, 0, 3, 2, 2, 2, 0]
SyncBFS: 0.25 ms, [] -> [0] -> [0, 0] -> [0, 0, 1] -> [0, 0, 1, 3] -> [0, 0, 1, 3, 0] -> [0, 0, 1, 3, 0, 1] -> [0, 0, 1, 3, 0, 1, 0]

problem_06.yaml
TasksBFS: 0.34 ms, [] -> [0] -> [0, 0] -> [0, 0, 3] -> [0, 0, 3, 0] -> [0, 0, 3, 0, 1] -> [0, 0, 3, 0, 1, 2] -> [0, 0, 3, 0, 1, 2, 0]
MultithreadBFS: 0.3 ms, [] -> [0] -> [0, 3] -> [0, 3, 3] -> [0, 3, 3, 0] -> [0, 3, 3, 0, 3] -> [0, 3, 3, 0, 3, 0] -> [0, 3, 3, 0, 3, 0, 1]
AsyncStartBFS: 1.13 ms, [] -> [0] -> [0, 3] -> [0, 3, 3] -> [0, 3, 3, 0] -> [0, 3, 3, 0, 3] -> [0, 3, 3, 0, 3, 0] -> [0, 3, 3, 0, 3, 0, 1]
SyncBFS: 0.17 ms, [] -> [0] -> [0, 0] -> [0, 0, 3] -> [0, 0, 3, 0] -> [0, 0, 3, 0, 0] -> [0, 0, 3, 0, 0, 0] -> [0, 0, 3, 0, 0, 0, 1]

problem_19.yaml
SyncBFS: 0.33 ms, [] -> [2] -> [2, 0] -> [2, 0, 0] -> [2, 0, 0, 1] -> [2, 0, 0, 1, 0] -> [2, 0, 0, 1, 0, 0] -> [2, 0, 0, 1, 0, 0, 2]
AsyncStartBFS: 1.37 ms, [] -> [3] -> [3, 2] -> [3, 2, 0] -> [3, 2, 0, 3] -> [3, 2, 0, 3, 1] -> [3, 2, 0, 3, 1, 3] -> [3, 2, 0, 3, 1, 3, 0]
TasksBFS: 0.38 ms, [] -> [2] -> [2, 3] -> [2, 3, 2] -> [2, 3, 2, 1] -> [2, 3, 2, 1, 0] -> [2, 3, 2, 1, 0, 1] -> [2, 3, 2, 1, 0, 1, 1]
MultithreadBFS: 0.33 ms, [] -> [3] -> [3, 2] -> [3, 2, 0] -> [3, 2, 0, 3] -> [3, 2, 0, 3, 1] -> [3, 2, 0, 3, 1, 3] -> [3, 2, 0, 3, 1, 3, 0]

problem_40.yaml
SyncBFS: 15.89 ms, [] -> [1] -> [1, 0] -> [1, 0, 1] -> [1, 0, 1, 2] -> [1, 0, 1, 2, 3] -> [1, 0, 1, 2, 3, 0] -> [1, 0, 1, 2, 3, 0, 2]
MultithreadBFS: 0.57 ms, [] -> [1] -> [1, 0] -> [1, 0, 3] -> [1, 0, 3, 2] -> [1, 0, 3, 2, 2] -> [1, 0, 3, 2, 2, 1] -> [1, 0, 3, 2, 2, 1, 0]
AsyncStartBFS: 1.18 ms, [] -> [1] -> [1, 0] -> [1, 0, 2] -> [1, 0, 2, 3] -> [1, 0, 2, 3, 0] -> [1, 0, 2, 3, 0, 1] -> [1, 0, 2, 3, 0, 1, 0]
TasksBFS: 0.37 ms, [] -> [1] -> [1, 0] -> [1, 0, 2] -> [1, 0, 2, 3] -> [1, 0, 2, 3, 0] -> [1, 0, 2, 3, 0, 1] -> [1, 0, 2, 3, 0, 1, 0]

problem_04.yaml
SyncBFS: 0.36 ms, [] -> [0] -> [0, 0] -> [0, 0, 0] -> [0, 0, 0, 1] -> [0, 0, 0, 1, 3] -> [0, 0, 0, 1, 3, 2] -> [0, 0, 0, 1, 3, 2, 0]
AsyncStartBFS: 1.32 ms, [] -> [0] -> [0, 3] -> [0, 3, 3] -> [0, 3, 3, 3] -> [0, 3, 3, 3, 1] -> [0, 3, 3, 3, 1, 0] -> [0, 3, 3, 3, 1, 0, 2]
TasksBFS: 0.37 ms, [] -> [0] -> [0, 0] -> [0, 0, 0] -> [0, 0, 0, 1] -> [0, 0, 0, 1, 3] -> [0, 0, 0, 1, 3, 2] -> [0, 0, 0, 1, 3, 2, 0]
MultithreadBFS: 0.3 ms, [] -> [0] -> [0, 3] -> [0, 3, 3] -> [0, 3, 3, 3] -> [0, 3, 3, 3, 1] -> [0, 3, 3, 3, 1, 0] -> [0, 3, 3, 3, 1, 0, 2]

problem_33.yaml
SyncBFS: 2.82 ms, [] -> [0] -> [0, 1] -> [0, 1, 1] -> [0, 1, 1, 0] -> [0, 1, 1, 0, 1] -> [0, 1, 1, 0, 1, 0] -> [0, 1, 1, 0, 1, 0, 2]
TasksBFS: 0.52 ms, [] -> [2] -> [2, 2] -> [2, 2, 1] -> [2, 2, 1, 0] -> [2, 2, 1, 0, 0] -> [2, 2, 1, 0, 0, 1] -> [2, 2, 1, 0, 0, 1, 3]
MultithreadBFS: 0.36 ms, [] -> [2] -> [2, 2] -> [2, 2, 1] -> [2, 2, 1, 0] -> [2, 2, 1, 0, 0] -> [2, 2, 1, 0, 0, 1] -> [2, 2, 1, 0, 0, 1, 3]
AsyncStartBFS: 1.15 ms, [] -> [2] -> [2, 2] -> [2, 2, 1] -> [2, 2, 1, 0] -> [2, 2, 1, 0, 0] -> [2, 2, 1, 0, 0, 1] -> [2, 2, 1, 0, 0, 1, 3]

problem_21.yaml
AsyncStartBFS: 1.21 ms, [] -> [2] -> [2, 0] -> [2, 0, 1] -> [2, 0, 1, 1] -> [2, 0, 1, 1, 1] -> [2, 0, 1, 1, 1, 2] -> [2, 0, 1, 1, 1, 2, 0]
TasksBFS: 0.37 ms, [] -> [2] -> [2, 0] -> [2, 0, 3] -> [2, 0, 3, 3] -> [2, 0, 3, 3, 1] -> [2, 0, 3, 3, 1, 2] -> [2, 0, 3, 3, 1, 2, 1]
MultithreadBFS: 0.34 ms, [] -> [2] -> [2, 0] -> [2, 0, 1] -> [2, 0, 1, 1] -> [2, 0, 1, 1, 0] -> [2, 0, 1, 1, 0, 1] -> [2, 0, 1, 1, 0, 1, 2]
SyncBFS: 0.37 ms, [] -> [2] -> [2, 0] -> [2, 0, 1] -> [2, 0, 1, 1] -> [2, 0, 1, 1, 0] -> [2, 0, 1, 1, 0, 1] -> [2, 0, 1, 1, 0, 1, 2]

problem_24.yaml
SyncBFS: 0.16 ms, [] -> [0] -> [0, 0] -> [0, 0, 0] -> [0, 0, 0, 2] -> [0, 0, 0, 2, 0] -> [0, 0, 0, 2, 0, 0] -> [0, 0, 0, 2, 0, 0, 2]
AsyncStartBFS: 1.65 ms, [] -> [0] -> [0, 0] -> [0, 0, 2] -> [0, 0, 2, 1] -> [0, 0, 2, 1, 3] -> [0, 0, 2, 1, 3, 2] -> [0, 0, 2, 1, 3, 2, 0]
MultithreadBFS: 0.39 ms, [] -> [0] -> [0, 1] -> [0, 1, 0] -> [0, 1, 0, 0] -> [0, 1, 0, 0, 1] -> [0, 1, 0, 0, 1, 1] -> [0, 1, 0, 0, 1, 1, 1]
TasksBFS: 0.32 ms, [] -> [0] -> [0, 0] -> [0, 0, 2] -> [0, 0, 2, 1] -> [0, 0, 2, 1, 3] -> [0, 0, 2, 1, 3, 2] -> [0, 0, 2, 1, 3, 2, 0]

problem_03.yaml
MultithreadBFS: 0.39 ms, [] -> [0] -> [0, 0] -> [0, 0, 2] -> [0, 0, 2, 0] -> [0, 0, 2, 0, 1] -> [0, 0, 2, 0, 1, 2] -> [0, 0, 2, 0, 1, 2, 2]
SyncBFS: 0.26 ms, [] -> [0] -> [0, 0] -> [0, 0, 0] -> [0, 0, 0, 0] -> [0, 0, 0, 0, 2] -> [0, 0, 0, 0, 2, 1] -> [0, 0, 0, 0, 2, 1, 3]
AsyncStartBFS: 1.17 ms, [] -> [0] -> [0, 0] -> [0, 0, 2] -> [0, 0, 2, 0] -> [0, 0, 2, 0, 1] -> [0, 0, 2, 0, 1, 2] -> [0, 0, 2, 0, 1, 2, 2]
TasksBFS: 0.33 ms, [] -> [0] -> [0, 0] -> [0, 0, 0] -> [0, 0, 0, 0] -> [0, 0, 0, 0, 2] -> [0, 0, 0, 0, 2, 1] -> [0, 0, 0, 0, 2, 1, 3]

problem_07.yaml
TasksBFS: 0.36 ms, [] -> [2] -> [2, 1] -> [2, 1, 0] -> [2, 1, 0, 3] -> [2, 1, 0, 3, 2] -> [2, 1, 0, 3, 2, 3] -> [2, 1, 0, 3, 2, 3, 2]
SyncBFS: 0.28 ms, [] -> [1] -> [1, 2] -> [1, 2, 0] -> [1, 2, 0, 1] -> [1, 2, 0, 1, 0] -> [1, 2, 0, 1, 0, 3] -> [1, 2, 0, 1, 0, 3, 2]
AsyncStartBFS: 1.15 ms, [] -> [1] -> [1, 2] -> [1, 2, 0] -> [1, 2, 0, 2] -> [1, 2, 0, 2, 0] -> [1, 2, 0, 2, 0, 2] -> [1, 2, 0, 2, 0, 2, 2]
MultithreadBFS: 0.36 ms, [] -> [1] -> [1, 2] -> [1, 2, 0] -> [1, 2, 0, 2] -> [1, 2, 0, 2, 0] -> [1, 2, 0, 2, 0, 2] -> [1, 2, 0, 2, 0, 2, 2]

problem_42.yaml
MultithreadBFS: 0.43 ms, [] -> [3] -> [3, 2] -> [3, 2, 0] -> [3, 2, 0, 0] -> [3, 2, 0, 0, 1] -> [3, 2, 0, 0, 1, 3] -> [3, 2, 0, 0, 1, 3, 0]
SyncBFS: 0.45 ms, [] -> [0] -> [0, 1] -> [0, 1, 0] -> [0, 1, 0, 2] -> [0, 1, 0, 2, 3] -> [0, 1, 0, 2, 3, 0] -> [0, 1, 0, 2, 3, 0, 3]
AsyncStartBFS: 1.15 ms, [] -> [3] -> [3, 2] -> [3, 2, 0] -> [3, 2, 0, 0] -> [3, 2, 0, 0, 1] -> [3, 2, 0, 0, 1, 3] -> [3, 2, 0, 0, 1, 3, 0]
TasksBFS: 0.37 ms, [] -> [0] -> [0, 1] -> [0, 1, 0] -> [0, 1, 0, 2] -> [0, 1, 0, 2, 3] -> [0, 1, 0, 2, 3, 0] -> [0, 1, 0, 2, 3, 0, 3]

problem_02.yaml
AsyncStartBFS: 1.16 ms, [] -> [0] -> [0, 3] -> [0, 3, 1] -> [0, 3, 1, 3] -> [0, 3, 1, 3, 0] -> [0, 3, 1, 3, 0, 1] -> [0, 3, 1, 3, 0, 1, 1]
TasksBFS: 0.35 ms, [] -> [0] -> [0, 0] -> [0, 0, 2] -> [0, 0, 2, 1] -> [0, 0, 2, 1, 3] -> [0, 0, 2, 1, 3, 1] -> [0, 0, 2, 1, 3, 1, 0]
SyncBFS: 0.52 ms, [] -> [0] -> [0, 0] -> [0, 0, 0] -> [0, 0, 0, 1] -> [0, 0, 0, 1, 0] -> [0, 0, 0, 1, 0, 0] -> [0, 0, 0, 1, 0, 0, 3]
MultithreadBFS: 0.39 ms, [] -> [0] -> [0, 3] -> [0, 3, 1] -> [0, 3, 1, 3] -> [0, 3, 1, 3, 0] -> [0, 3, 1, 3, 0, 1] -> [0, 3, 1, 3, 0, 1, 1]

problem_29.yaml
TasksBFS: 0.4 ms, [] -> [0] -> [0, 0] -> [0, 0, 2] -> [0, 0, 2, 1] -> [0, 0, 2, 1, 3] -> [0, 0, 2, 1, 3, 1] -> [0, 0, 2, 1, 3, 1, 0]
AsyncStartBFS: 1.16 ms, [] -> [0] -> [0, 0] -> [0, 0, 2] -> [0, 0, 2, 2] -> [0, 0, 2, 2, 3] -> [0, 0, 2, 2, 3, 0] -> [0, 0, 2, 2, 3, 0, 1]
SyncBFS: 0.78 ms, [] -> [0] -> [0, 0] -> [0, 0, 2] -> [0, 0, 2, 0] -> [0, 0, 2, 0, 2] -> [0, 0, 2, 0, 2, 3] -> [0, 0, 2, 0, 2, 3, 1]
MultithreadBFS: 0.37 ms, [] -> [0] -> [0, 0] -> [0, 0, 2] -> [0, 0, 2, 2] -> [0, 0, 2, 2, 3] -> [0, 0, 2, 2, 3, 0] -> [0, 0, 2, 2, 3, 0, 1]

problem_00.yaml
SyncBFS: 5.76 ms, [] -> [0] -> [0, 1] -> [0, 1, 0] -> [0, 1, 0, 1] -> [0, 1, 0, 1, 1] -> [0, 1, 0, 1, 1, 1] -> [0, 1, 0, 1, 1, 1, 3]
AsyncStartBFS: 1672.84 ms, [] -> [1] -> [1, 1] -> [1, 1, 3] -> [1, 1, 3, 1] -> [1, 1, 3, 1, 1] -> [1, 1, 3, 1, 1, 2] -> [1, 1, 3, 1, 1, 2, 2]
MultithreadBFS: 0.36 ms, [] -> [1] -> [1, 1] -> [1, 1, 3] -> [1, 1, 3, 3] -> [1, 1, 3, 3, 0] -> [1, 1, 3, 3, 0, 0] -> [1, 1, 3, 3, 0, 0, 1]
TasksBFS: 0.34 ms, [] -> [1] -> [1, 1] -> [1, 1, 3] -> [1, 1, 3, 1] -> [1, 1, 3, 1, 1] -> [1, 1, 3, 1, 1, 2] -> [1, 1, 3, 1, 1, 2, 2]

problem_13.yaml
AsyncStartBFS: 1.14 ms, [] -> [0] -> [0, 3] -> [0, 3, 2] -> [0, 3, 2, 3] -> [0, 3, 2, 3, 0] -> [0, 3, 2, 3, 0, 0] -> [0, 3, 2, 3, 0, 0, 2]
MultithreadBFS: 0.34 ms, [] -> [0] -> [0, 3] -> [0, 3, 2] -> [0, 3, 2, 3] -> [0, 3, 2, 3, 0] -> [0, 3, 2, 3, 0, 0] -> [0, 3, 2, 3, 0, 0, 2]
TasksBFS: 0.33 ms, [] -> [0] -> [0, 1] -> [0, 1, 2] -> [0, 1, 2, 3] -> [0, 1, 2, 3, 3] -> [0, 1, 2, 3, 3, 1] -> [0, 1, 2, 3, 3, 1, 3]
SyncBFS: 0.49 ms, [] -> [0] -> [0, 0] -> [0, 0, 0] -> [0, 0, 0, 2] -> [0, 0, 0, 2, 2] -> [0, 0, 0, 2, 2, 3] -> [0, 0, 0, 2, 2, 3, 0]

problem_16.yaml
AsyncStartBFS: 1.21 ms, [] -> [2] -> [2, 0] -> [2, 0, 0] -> [2, 0, 0, 0] -> [2, 0, 0, 0, 0] -> [2, 0, 0, 0, 0, 2] -> [2, 0, 0, 0, 0, 2, 0]
TasksBFS: 0.37 ms, [] -> [1] -> [1, 0] -> [1, 0, 1] -> [1, 0, 1, 3] -> [1, 0, 1, 3, 2] -> [1, 0, 1, 3, 2, 1] -> [1, 0, 1, 3, 2, 1, 2]
MultithreadBFS: 0.33 ms, [] -> [2] -> [2, 0] -> [2, 0, 1] -> [2, 0, 1, 0] -> [2, 0, 1, 0, 0] -> [2, 0, 1, 0, 0, 3] -> [2, 0, 1, 0, 0, 3, 1]
SyncBFS: 0.51 ms, [] -> [1] -> [1, 0] -> [1, 0, 0] -> [1, 0, 0, 0] -> [1, 0, 0, 0, 0] -> [1, 0, 0, 0, 0, 1] -> [1, 0, 0, 0, 0, 1, 0]

problem_20.yaml
SyncBFS: 0.93 ms, [] -> [0] -> [0, 0] -> [0, 0, 2] -> [0, 0, 2, 1] -> [0, 0, 2, 1, 0] -> [0, 0, 2, 1, 0, 3] -> [0, 0, 2, 1, 0, 3, 1]
TasksBFS: 0.48 ms, [] -> [0] -> [0, 2] -> [0, 2, 0] -> [0, 2, 0, 1] -> [0, 2, 0, 1, 0] -> [0, 2, 0, 1, 0, 0] -> [0, 2, 0, 1, 0, 0, 1]
MultithreadBFS: 0.34 ms, [] -> [0] -> [0, 0] -> [0, 0, 2] -> [0, 0, 2, 1] -> [0, 0, 2, 1, 0] -> [0, 0, 2, 1, 0, 3] -> [0, 0, 2, 1, 0, 3, 1]
AsyncStartBFS: 1.16 ms, [] -> [3] -> [3, 1] -> [3, 1, 3] -> [3, 1, 3, 2] -> [3, 1, 3, 2, 1] -> [3, 1, 3, 2, 1, 2] -> [3, 1, 3, 2, 1, 2, 1]

problem_18.yaml
SyncBFS: 0.16 ms, [] -> [0] -> [0, 0] -> [0, 0, 0] -> [0, 0, 0, 1] -> [0, 0, 0, 1, 1] -> [0, 0, 0, 1, 1, 2] -> [0, 0, 0, 1, 1, 2, 2]
TasksBFS: 0.62 ms, [] -> [0] -> [0, 0] -> [0, 0, 1] -> [0, 0, 1, 2] -> [0, 0, 1, 2, 1] -> [0, 0, 1, 2, 1, 0] -> [0, 0, 1, 2, 1, 0, 1]
AsyncStartBFS: 1.14 ms, [] -> [0] -> [0, 0] -> [0, 0, 2] -> [0, 0, 2, 3] -> [0, 0, 2, 3, 0] -> [0, 0, 2, 3, 0, 1] -> [0, 0, 2, 3, 0, 1, 0]
MultithreadBFS: 0.32 ms, [] -> [0] -> [0, 0] -> [0, 0, 2] -> [0, 0, 2, 3] -> [0, 0, 2, 3, 0] -> [0, 0, 2, 3, 0, 1] -> [0, 0, 2, 3, 0, 1, 0]

problem_05.yaml
TasksBFS: 0.33 ms, [] -> [0] -> [0, 0] -> [0, 0, 2] -> [0, 0, 2, 0] -> [0, 0, 2, 0, 0] -> [0, 0, 2, 0, 0, 1] -> [0, 0, 2, 0, 0, 1, 3]
AsyncStartBFS: 1.12 ms, [] -> [0] -> [0, 0] -> [0, 0, 2] -> [0, 0, 2, 2] -> [0, 0, 2, 2, 0] -> [0, 0, 2, 2, 0, 0] -> [0, 0, 2, 2, 0, 0, 2]
SyncBFS: 0.65 ms, [] -> [0] -> [0, 0] -> [0, 0, 1] -> [0, 0, 1, 0] -> [0, 0, 1, 0, 2] -> [0, 0, 1, 0, 2, 1] -> [0, 0, 1, 0, 2, 1, 0]
MultithreadBFS: 0.36 ms, [] -> [0] -> [0, 0] -> [0, 0, 2] -> [0, 0, 2, 2] -> [0, 0, 2, 2, 0] -> [0, 0, 2, 2, 0, 0] -> [0, 0, 2, 2, 0, 0, 2]

problem_15.yaml
MultithreadBFS: 0.36 ms, [] -> [1] -> [1, 0] -> [1, 0, 1] -> [1, 0, 1, 2] -> [1, 0, 1, 2, 0] -> [1, 0, 1, 2, 0, 1] -> [1, 0, 1, 2, 0, 1, 1]
TasksBFS: 0.33 ms, [] -> [0] -> [0, 0] -> [0, 0, 3] -> [0, 0, 3, 2] -> [0, 0, 3, 2, 2] -> [0, 0, 3, 2, 2, 3] -> [0, 0, 3, 2, 2, 3, 1]
SyncBFS: 0.71 ms, [] -> [0] -> [0, 0] -> [0, 0, 0] -> [0, 0, 0, 0] -> [0, 0, 0, 0, 1] -> [0, 0, 0, 0, 1, 1] -> [0, 0, 0, 0, 1, 1, 3]
AsyncStartBFS: 1.22 ms, [] -> [1] -> [1, 0] -> [1, 0, 1] -> [1, 0, 1, 2] -> [1, 0, 1, 2, 0] -> [1, 0, 1, 2, 0, 1] -> [1, 0, 1, 2, 0, 1, 1]

problem_17.yaml
TasksBFS: 0.4 ms, [] -> [1] -> [1, 0] -> [1, 0, 1] -> [1, 0, 1, 1] -> [1, 0, 1, 1, 1] -> [1, 0, 1, 1, 1, 3] -> [1, 0, 1, 1, 1, 3, 2]
AsyncStartBFS: 1.18 ms, [] -> [2] -> [2, 2] -> [2, 2, 1] -> [2, 2, 1, 1] -> [2, 2, 1, 1, 0] -> [2, 2, 1, 1, 0, 3] -> [2, 2, 1, 1, 0, 3, 3]
MultithreadBFS: 0.35 ms, [] -> [2] -> [2, 2] -> [2, 2, 1] -> [2, 2, 1, 1] -> [2, 2, 1, 1, 0] -> [2, 2, 1, 1, 0, 3] -> [2, 2, 1, 1, 0, 3, 3]
SyncBFS: 0.45 ms, [] -> [1] -> [1, 0] -> [1, 0, 0] -> [1, 0, 0, 3] -> [1, 0, 0, 3, 2] -> [1, 0, 0, 3, 2, 1] -> [1, 0, 0, 3, 2, 1, 0]

problem_37.yaml
AsyncStartBFS: 1.26 ms, [] -> [3] -> [3, 3] -> [3, 3, 0] -> [3, 3, 0, 0] -> [3, 3, 0, 0, 0] -> [3, 3, 0, 0, 0, 2] -> [3, 3, 0, 0, 0, 2, 1]
SyncBFS: 0.38 ms, [] -> [0] -> [0, 0] -> [0, 0, 0] -> [0, 0, 0, 0] -> [0, 0, 0, 0, 0] -> [0, 0, 0, 0, 0, 2] -> [0, 0, 0, 0, 0, 2, 3]
TasksBFS: 0.37 ms, [] -> [0] -> [0, 1] -> [0, 1, 2] -> [0, 1, 2, 0] -> [0, 1, 2, 0, 1] -> [0, 1, 2, 0, 1, 3] -> [0, 1, 2, 0, 1, 3, 1]
MultithreadBFS: 0.31 ms, [] -> [3] -> [3, 3] -> [3, 3, 0] -> [3, 3, 0, 0] -> [3, 3, 0, 0, 0] -> [3, 3, 0, 0, 0, 2] -> [3, 3, 0, 0, 0, 2, 1]

problem_22.yaml
TasksBFS: 0.34 ms, [] -> [0] -> [0, 0] -> [0, 0, 3] -> [0, 0, 3, 1] -> [0, 0, 3, 1, 1] -> [0, 0, 3, 1, 1, 3] -> [0, 0, 3, 1, 1, 3, 0]
MultithreadBFS: 0.32 ms, [] -> [1] -> [1, 0] -> [1, 0, 1] -> [1, 0, 1, 0] -> [1, 0, 1, 0, 0] -> [1, 0, 1, 0, 0, 0] -> [1, 0, 1, 0, 0, 0, 0]
SyncBFS: 0.6 ms, [] -> [0] -> [0, 0] -> [0, 0, 2] -> [0, 0, 2, 2] -> [0, 0, 2, 2, 0] -> [0, 0, 2, 2, 0, 2] -> [0, 0, 2, 2, 0, 2, 0]
AsyncStartBFS: 1.2 ms, [] -> [1] -> [1, 0] -> [1, 0, 1] -> [1, 0, 1, 0] -> [1, 0, 1, 0, 0] -> [1, 0, 1, 0, 0, 0] -> [1, 0, 1, 0, 0, 0, 0]

problem_23.yaml
AsyncStartBFS: 1.19 ms, [] -> [0] -> [0, 0] -> [0, 0, 1] -> [0, 0, 1, 1] -> [0, 0, 1, 1, 0] -> [0, 0, 1, 1, 0, 3] -> [0, 0, 1, 1, 0, 3, 3]
SyncBFS: 0.35 ms, [] -> [0] -> [0, 0] -> [0, 0, 1] -> [0, 0, 1, 1] -> [0, 0, 1, 1, 0] -> [0, 0, 1, 1, 0, 3] -> [0, 0, 1, 1, 0, 3, 3]
TasksBFS: 0.33 ms, [] -> [0] -> [0, 0] -> [0, 0, 1] -> [0, 0, 1, 1] -> [0, 0, 1, 1, 0] -> [0, 0, 1, 1, 0, 3] -> [0, 0, 1, 1, 0, 3, 3]
MultithreadBFS: 0.31 ms, [] -> [0] -> [0, 0] -> [0, 0, 1] -> [0, 0, 1, 1] -> [0, 0, 1, 1, 0] -> [0, 0, 1, 1, 0, 3] -> [0, 0, 1, 1, 0, 3, 3]

problem_25.yaml
TasksBFS: 0.38 ms, [] -> [2] -> [2, 2] -> [2, 2, 2] -> [2, 2, 2, 3] -> [2, 2, 2, 3, 1] -> [2, 2, 2, 3, 1, 1] -> [2, 2, 2, 3, 1, 1, 2]
AsyncStartBFS: 1.24 ms, [] -> [2] -> [2, 2] -> [2, 2, 1] -> [2, 2, 1, 2] -> [2, 2, 1, 2, 0] -> [2, 2, 1, 2, 0, 3] -> [2, 2, 1, 2, 0, 3, 2]
SyncBFS: 0.17 ms, [] -> [2] -> [2, 0] -> [2, 0, 1] -> [2, 0, 1, 3] -> [2, 0, 1, 3, 0] -> [2, 0, 1, 3, 0, 0] -> [2, 0, 1, 3, 0, 0, 3]
MultithreadBFS: 0.38 ms, [] -> [2] -> [2, 2] -> [2, 2, 1] -> [2, 2, 1, 3] -> [2, 2, 1, 3, 1] -> [2, 2, 1, 3, 1, 0] -> [2, 2, 1, 3, 1, 0, 0]

problem_27.yaml
MultithreadBFS: 0.36 ms, [] -> [2] -> [2, 0] -> [2, 0, 3] -> [2, 0, 3, 3] -> [2, 0, 3, 3, 0] -> [2, 0, 3, 3, 0, 0] -> [2, 0, 3, 3, 0, 0, 3]
AsyncStartBFS: 1.15 ms, [] -> [2] -> [2, 0] -> [2, 0, 3] -> [2, 0, 3, 3] -> [2, 0, 3, 3, 0] -> [2, 0, 3, 3, 0, 0] -> [2, 0, 3, 3, 0, 0, 3]
SyncBFS: 0.61 ms, [] -> [1] -> [1, 2] -> [1, 2, 0] -> [1, 2, 0, 3] -> [1, 2, 0, 3, 0] -> [1, 2, 0, 3, 0, 2] -> [1, 2, 0, 3, 0, 2, 0]
TasksBFS: 0.39 ms, [] -> [2] -> [2, 0] -> [2, 0, 3] -> [2, 0, 3, 3] -> [2, 0, 3, 3, 0] -> [2, 0, 3, 3, 0, 0] -> [2, 0, 3, 3, 0, 0, 3]

problem_26.yaml
AsyncStartBFS: 1.18 ms, [] -> [3] -> [3, 1] -> [3, 1, 1] -> [3, 1, 1, 0] -> [3, 1, 1, 0, 1] -> [3, 1, 1, 0, 1, 1] -> [3, 1, 1, 0, 1, 1, 2]
TasksBFS: 0.34 ms, [] -> [3] -> [3, 1] -> [3, 1, 1] -> [3, 1, 1, 0] -> [3, 1, 1, 0, 1] -> [3, 1, 1, 0, 1, 1] -> [3, 1, 1, 0, 1, 1, 2]
SyncBFS: 0.21 ms, [] -> [2] -> [2, 2] -> [2, 2, 3] -> [2, 2, 3, 2] -> [2, 2, 3, 2, 2] -> [2, 2, 3, 2, 2, 3] -> [2, 2, 3, 2, 2, 3, 0]
MultithreadBFS: 0.36 ms, [] -> [3] -> [3, 1] -> [3, 1, 1] -> [3, 1, 1, 0] -> [3, 1, 1, 0, 1] -> [3, 1, 1, 0, 1, 1] -> [3, 1, 1, 0, 1, 1, 2]

problem_14.yaml
MultithreadBFS: 0.39 ms, [] -> [1] -> [1, 2] -> [1, 2, 0] -> [1, 2, 0, 2] -> [1, 2, 0, 2, 1] -> [1, 2, 0, 2, 1, 1] -> [1, 2, 0, 2, 1, 1, 0]
TasksBFS: 0.3 ms, [] -> [0] -> [0, 3] -> [0, 3, 0] -> [0, 3, 0, 3] -> [0, 3, 0, 3, 1] -> [0, 3, 0, 3, 1, 0] -> [0, 3, 0, 3, 1, 0, 1]
AsyncStartBFS: 1.13 ms, [] -> [1] -> [1, 2] -> [1, 2, 0] -> [1, 2, 0, 2] -> [1, 2, 0, 2, 1] -> [1, 2, 0, 2, 1, 1] -> [1, 2, 0, 2, 1, 1, 0]
SyncBFS: 0.69 ms, [] -> [0] -> [0, 3] -> [0, 3, 0] -> [0, 3, 0, 2] -> [0, 3, 0, 2, 1] -> [0, 3, 0, 2, 1, 3] -> [0, 3, 0, 2, 1, 3, 0]

problem_28.yaml
TasksBFS: 0.33 ms, [] -> [3] -> [3, 0] -> [3, 0, 1] -> [3, 0, 1, 2] -> [3, 0, 1, 2, 0] -> [3, 0, 1, 2, 0, 0] -> [3, 0, 1, 2, 0, 0, 1]
AsyncStartBFS: 1.14 ms, [] -> [3] -> [3, 0] -> [3, 0, 3] -> [3, 0, 3, 1] -> [3, 0, 3, 1, 1] -> [3, 0, 3, 1, 1, 3] -> [3, 0, 3, 1, 1, 3, 1]
SyncBFS: 0.13 ms, [] -> [0] -> [0, 3] -> [0, 3, 1] -> [0, 3, 1, 0] -> [0, 3, 1, 0, 2] -> [0, 3, 1, 0, 2, 1] -> [0, 3, 1, 0, 2, 1, 2]
MultithreadBFS: 0.35 ms, [] -> [3] -> [3, 0] -> [3, 0, 3] -> [3, 0, 3, 1] -> [3, 0, 3, 1, 1] -> [3, 0, 3, 1, 1, 3] -> [3, 0, 3, 1, 1, 3, 1]


[INFO] Results summary:
TasksBFS
	Average: 4.472 ms
	Median: 0.365 ms
	Standard Deviation: 28.4787 ms
MultithreadBFS
	Average: 0.3638 ms
	Median: 0.36 ms
	Standard Deviation: 0.137417 ms
AsyncStartBFS
	Average: 34.5888 ms
	Median: 1.18 ms
	Standard Deviation: 234.036 ms
SyncBFS
	Average: 14.4658 ms
	Median: 0.46 ms
	Standard Deviation: 93.6511 ms
