problem_49.yaml
AsyncStartBFS: 17.19 ms, [] -> [0] -> [0, 0] -> [0, 0, 0] -> [0, 0, 0, 1] -> [0, 0, 0, 1, 0] -> [0, 0, 0, 1, 0, 0] -> [0, 0, 0, 1, 0, 0, 0] -> [0, 0, 0, 1, 0, 0, 0, 0] -> [0, 0, 0, 1, 0, 0, 0, 0, 0] -> [0, 0, 0, 1, 0, 0, 0, 0, 0, 2]
MultithreadBFS: 3.45 ms, [] -> [2] -> [2, 1] -> [2, 1, 1] -> [2, 1, 1, 1] -> [2, 1, 1, 1, 1] -> [2, 1, 1, 1, 1, 4] -> [2, 1, 1, 1, 1, 4, 1] -> [2, 1, 1, 1, 1, 4, 1, 1] -> [2, 1, 1, 1, 1, 4, 1, 1, 4] -> [2, 1, 1, 1, 1, 4, 1, 1, 4, 1]
TasksBFS: 60.63 ms, [] -> [0] -> [0, 1] -> [0, 1, 3] -> [0, 1, 3, 0] -> [0, 1, 3, 0, 0] -> [0, 1, 3, 0, 0, 0] -> [0, 1, 3, 0, 0, 0, 0] -> [0, 1, 3, 0, 0, 0, 0, 0] -> [0, 1, 3, 0, 0, 0, 0, 0, 0] -> [0, 1, 3, 0, 0, 0, 0, 0, 0, 3]
SyncBFS: 565.6 ms, [] -> [0] -> [0, 0] -> [0, 0, 0] -> [0, 0, 0, 0] -> [0, 0, 0, 0, 0] -> [0, 0, 0, 0, 0, 0] -> [0, 0, 0, 0, 0, 0, 0] -> [0, 0, 0, 0, 0, 0, 0, 1] -> [0, 0, 0, 0, 0, 0, 0, 1, 0] -> [0, 0, 0, 0, 0, 0, 0, 1, 0, 1]

problem_48.yaml
TasksBFS: 71.28 ms, [] -> [0] -> [0, 0] -> [0, 0, 0] -> [0, 0, 0, 0] -> [0, 0, 0, 0, 0] -> [0, 0, 0, 0, 0, 0] -> [0, 0, 0, 0, 0, 0, 2] -> [0, 0, 0, 0, 0, 0, 2, 0] -> [0, 0, 0, 0, 0, 0, 2, 0, 2] -> [0, 0, 0, 0, 0, 0, 2, 0, 2, 4]
MultithreadBFS: 22.76 ms, [] -> [0] -> [0, 4] -> [0, 4, 0] -> [0, 4, 0, 0] -> [0, 4, 0, 0, 1] -> [0, 4, 0, 0, 1, 1] -> [0, 4, 0, 0, 1, 1, 0] -> [0, 4, 0, 0, 1, 1, 0, 1] -> [0, 4, 0, 0, 1, 1, 0, 1, 1] -> [0, 4, 0, 0, 1, 1, 0, 1, 1, 2]
AsyncStartBFS: 9.73 ms, [] -> [0] -> [0, 0] -> [0, 0, 2] -> [0, 0, 2, 1] -> [0, 0, 2, 1, 0] -> [0, 0, 2, 1, 0, 0] -> [0, 0, 2, 1, 0, 0, 0] -> [0, 0, 2, 1, 0, 0, 0, 1] -> [0, 0, 2, 1, 0, 0, 0, 1, 3] -> [0, 0, 2, 1, 0, 0, 0, 1, 3, 1]
SyncBFS: 512.03 ms, [] -> [0] -> [0, 0] -> [0, 0, 0] -> [0, 0, 0, 0] -> [0, 0, 0, 0, 0] -> [0, 0, 0, 0, 0, 0] -> [0, 0, 0, 0, 0, 0, 2] -> [0, 0, 0, 0, 0, 0, 2, 0] -> [0, 0, 0, 0, 0, 0, 2, 0, 2] -> [0, 0, 0, 0, 0, 0, 2, 0, 2, 4]

problem_45.yaml
TasksBFS: 67.19 ms, [] -> [0] -> [0, 0] -> [0, 0, 1] -> [0, 0, 1, 0] -> [0, 0, 1, 0, 1] -> [0, 0, 1, 0, 1, 0] -> [0, 0, 1, 0, 1, 0, 0] -> [0, 0, 1, 0, 1, 0, 0, 2] -> [0, 0, 1, 0, 1, 0, 0, 2, 0] -> [0, 0, 1, 0, 1, 0, 0, 2, 0, 4]
MultithreadBFS: 20.29 ms, [] -> [0] -> [0, 4] -> [0, 4, 0] -> [0, 4, 0, 1] -> [0, 4, 0, 1, 0] -> [0, 4, 0, 1, 0, 0] -> [0, 4, 0, 1, 0, 0, 0] -> [0, 4, 0, 1, 0, 0, 0, 0] -> [0, 4, 0, 1, 0, 0, 0, 0, 0] -> [0, 4, 0, 1, 0, 0, 0, 0, 0, 2]
AsyncStartBFS: 6.62 ms, [] -> [0] -> [0, 0] -> [0, 0, 1] -> [0, 0, 1, 4] -> [0, 0, 1, 4, 0] -> [0, 0, 1, 4, 0, 0] -> [0, 0, 1, 4, 0, 0, 0] -> [0, 0, 1, 4, 0, 0, 0, 0] -> [0, 0, 1, 4, 0, 0, 0, 0, 1] -> [0, 0, 1, 4, 0, 0, 0, 0, 1, 0]
SyncBFS: 475.82 ms, [] -> [0] -> [0, 0] -> [0, 0, 0] -> [0, 0, 0, 0] -> [0, 0, 0, 0, 0] -> [0, 0, 0, 0, 0, 0] -> [0, 0, 0, 0, 0, 0, 0] -> [0, 0, 0, 0, 0, 0, 0, 0] -> [0, 0, 0, 0, 0, 0, 0, 0, 1] -> [0, 0, 0, 0, 0, 0, 0, 0, 1, 3]

problem_43.yaml
AsyncStartBFS: 6.65 ms, [] -> [0] -> [0, 1] -> [0, 1, 1] -> [0, 1, 1, 0] -> [0, 1, 1, 0, 0] -> [0, 1, 1, 0, 0, 0] -> [0, 1, 1, 0, 0, 0, 0] -> [0, 1, 1, 0, 0, 0, 0, 2] -> [0, 1, 1, 0, 0, 0, 0, 2, 0] -> [0, 1, 1, 0, 0, 0, 0, 2, 0, 4]
MultithreadBFS: 16.72 ms, [] -> [2] -> [2, 3] -> [2, 3, 4] -> [2, 3, 4, 0] -> [2, 3, 4, 0, 0] -> [2, 3, 4, 0, 0, 0] -> [2, 3, 4, 0, 0, 0, 0] -> [2, 3, 4, 0, 0, 0, 0, 2] -> [2, 3, 4, 0, 0, 0, 0, 2, 0] -> [2, 3, 4, 0, 0, 0, 0, 2, 0, 2]
TasksBFS: 58.38 ms, [] -> [0] -> [0, 1] -> [0, 1, 3] -> [0, 1, 3, 4] -> [0, 1, 3, 4, 0] -> [0, 1, 3, 4, 0, 1] -> [0, 1, 3, 4, 0, 1, 1] -> [0, 1, 3, 4, 0, 1, 1, 0] -> [0, 1, 3, 4, 0, 1, 1, 0, 0] -> [0, 1, 3, 4, 0, 1, 1, 0, 0, 2]
SyncBFS: 493.24 ms, [] -> [0] -> [0, 1] -> [0, 1, 0] -> [0, 1, 0, 0] -> [0, 1, 0, 0, 1] -> [0, 1, 0, 0, 1, 1] -> [0, 1, 0, 0, 1, 1, 1] -> [0, 1, 0, 0, 1, 1, 1, 1] -> [0, 1, 0, 0, 1, 1, 1, 1, 0] -> [0, 1, 0, 0, 1, 1, 1, 1, 0, 3]

problem_41.yaml
AsyncStartBFS: 4.61 ms, [] -> [1] -> [1, 2] -> [1, 2, 2] -> [1, 2, 2, 1] -> [1, 2, 2, 1, 0] -> [1, 2, 2, 1, 0, 0] -> [1, 2, 2, 1, 0, 0, 0] -> [1, 2, 2, 1, 0, 0, 0, 0] -> [1, 2, 2, 1, 0, 0, 0, 0, 2] -> [1, 2, 2, 1, 0, 0, 0, 0, 2, 3]
MultithreadBFS: 11.68 ms, [] -> [2] -> [2, 2] -> [2, 2, 0] -> [2, 2, 0, 1] -> [2, 2, 0, 1, 0] -> [2, 2, 0, 1, 0, 0] -> [2, 2, 0, 1, 0, 0, 0] -> [2, 2, 0, 1, 0, 0, 0, 0] -> [2, 2, 0, 1, 0, 0, 0, 0, 0] -> [2, 2, 0, 1, 0, 0, 0, 0, 0, 2]
SyncBFS: 356.91 ms, [] -> [1] -> [1, 1] -> [1, 1, 0] -> [1, 1, 0, 0] -> [1, 1, 0, 0, 0] -> [1, 1, 0, 0, 0, 0] -> [1, 1, 0, 0, 0, 0, 1] -> [1, 1, 0, 0, 0, 0, 1, 0] -> [1, 1, 0, 0, 0, 0, 1, 0, 3] -> [1, 1, 0, 0, 0, 0, 1, 0, 3, 0]
TasksBFS: 45.59 ms, [] -> [1] -> [1, 1] -> [1, 1, 0] -> [1, 1, 0, 4] -> [1, 1, 0, 4, 0] -> [1, 1, 0, 4, 0, 0] -> [1, 1, 0, 4, 0, 0, 0] -> [1, 1, 0, 4, 0, 0, 0, 0] -> [1, 1, 0, 4, 0, 0, 0, 0, 3] -> [1, 1, 0, 4, 0, 0, 0, 0, 3, 1]

problem_39.yaml
SyncBFS: 344.25 ms, [] -> [0] -> [0, 0] -> [0, 0, 0] -> [0, 0, 0, 1] -> [0, 0, 0, 1, 0] -> [0, 0, 0, 1, 0, 0] -> [0, 0, 0, 1, 0, 0, 2] -> [0, 0, 0, 1, 0, 0, 2, 0] -> [0, 0, 0, 1, 0, 0, 2, 0, 2] -> [0, 0, 0, 1, 0, 0, 2, 0, 2, 4]
MultithreadBFS: 15.01 ms, [] -> [1] -> [1, 2] -> [1, 2, 2] -> [1, 2, 2, 2] -> [1, 2, 2, 2, 0] -> [1, 2, 2, 2, 0, 0] -> [1, 2, 2, 2, 0, 0, 0] -> [1, 2, 2, 2, 0, 0, 0, 0] -> [1, 2, 2, 2, 0, 0, 0, 0, 0] -> [1, 2, 2, 2, 0, 0, 0, 0, 0, 2]
TasksBFS: 38.37 ms, [] -> [0] -> [0, 1] -> [0, 1, 0] -> [0, 1, 0, 3] -> [0, 1, 0, 3, 0] -> [0, 1, 0, 3, 0, 0] -> [0, 1, 0, 3, 0, 0, 0] -> [0, 1, 0, 3, 0, 0, 0, 0] -> [0, 1, 0, 3, 0, 0, 0, 0, 3] -> [0, 1, 0, 3, 0, 0, 0, 0, 3, 1]
AsyncStartBFS: 9.75 ms, [] -> [0] -> [0, 0] -> [0, 0, 2] -> [0, 0, 2, 3] -> [0, 0, 2, 3, 0] -> [0, 0, 2, 3, 0, 1] -> [0, 0, 2, 3, 0, 1, 1] -> [0, 0, 2, 3, 0, 1, 1, 0] -> [0, 0, 2, 3, 0, 1, 1, 0, 1] -> [0, 0, 2, 3, 0, 1, 1, 0, 1, 3]

problem_38.yaml
MultithreadBFS: 12.53 ms, [] -> [2] -> [2, 0] -> [2, 0, 2] -> [2, 0, 2, 0] -> [2, 0, 2, 0, 0] -> [2, 0, 2, 0, 0, 1] -> [2, 0, 2, 0, 0, 1, 0] -> [2, 0, 2, 0, 0, 1, 0, 1] -> [2, 0, 2, 0, 0, 1, 0, 1, 0] -> [2, 0, 2, 0, 0, 1, 0, 1, 0, 2]
SyncBFS: 358.49 ms, [] -> [0] -> [0, 1] -> [0, 1, 0] -> [0, 1, 0, 0] -> [0, 1, 0, 0, 0] -> [0, 1, 0, 0, 0, 0] -> [0, 1, 0, 0, 0, 0, 0] -> [0, 1, 0, 0, 0, 0, 0, 0] -> [0, 1, 0, 0, 0, 0, 0, 0, 0] -> [0, 1, 0, 0, 0, 0, 0, 0, 0, 2]
AsyncStartBFS: 8.66 ms, [] -> [0] -> [0, 1] -> [0, 1, 2] -> [0, 1, 2, 1] -> [0, 1, 2, 1, 0] -> [0, 1, 2, 1, 0, 0] -> [0, 1, 2, 1, 0, 0, 0] -> [0, 1, 2, 1, 0, 0, 0, 0] -> [0, 1, 2, 1, 0, 0, 0, 0, 1] -> [0, 1, 2, 1, 0, 0, 0, 0, 1, 1]
TasksBFS: 42.44 ms, [] -> [0] -> [0, 1] -> [0, 1, 0] -> [0, 1, 0, 0] -> [0, 1, 0, 0, 0] -> [0, 1, 0, 0, 0, 0] -> [0, 1, 0, 0, 0, 0, 0] -> [0, 1, 0, 0, 0, 0, 0, 0] -> [0, 1, 0, 0, 0, 0, 0, 0, 0] -> [0, 1, 0, 0, 0, 0, 0, 0, 0, 2]

problem_36.yaml
AsyncStartBFS: 24.29 ms, [] -> [0] -> [0, 0] -> [0, 0, 0] -> [0, 0, 0, 1] -> [0, 0, 0, 1, 0] -> [0, 0, 0, 1, 0, 0] -> [0, 0, 0, 1, 0, 0, 2] -> [0, 0, 0, 1, 0, 0, 2, 0] -> [0, 0, 0, 1, 0, 0, 2, 0, 4] -> [0, 0, 0, 1, 0, 0, 2, 0, 4, 1]
MultithreadBFS: 8.11 ms, [] -> [0] -> [0, 2] -> [0, 2, 4] -> [0, 2, 4, 0] -> [0, 2, 4, 0, 0] -> [0, 2, 4, 0, 0, 0] -> [0, 2, 4, 0, 0, 0, 1] -> [0, 2, 4, 0, 0, 0, 1, 0] -> [0, 2, 4, 0, 0, 0, 1, 0, 1] -> [0, 2, 4, 0, 0, 0, 1, 0, 1, 3]
TasksBFS: 65.88 ms, [] -> [0] -> [0, 2] -> [0, 2, 4] -> [0, 2, 4, 0] -> [0, 2, 4, 0, 0] -> [0, 2, 4, 0, 0, 0] -> [0, 2, 4, 0, 0, 0, 1] -> [0, 2, 4, 0, 0, 0, 1, 0] -> [0, 2, 4, 0, 0, 0, 1, 0, 1] -> [0, 2, 4, 0, 0, 0, 1, 0, 1, 3]
SyncBFS: 602.64 ms, [] -> [0] -> [0, 0] -> [0, 0, 0] -> [0, 0, 0, 1] -> [0, 0, 0, 1, 0] -> [0, 0, 0, 1, 0, 0] -> [0, 0, 0, 1, 0, 0, 2] -> [0, 0, 0, 1, 0, 0, 2, 0] -> [0, 0, 0, 1, 0, 0, 2, 0, 4] -> [0, 0, 0, 1, 0, 0, 2, 0, 4, 1]

problem_44.yaml
TasksBFS: 50.06 ms, [] -> [0] -> [0, 0] -> [0, 0, 4] -> [0, 0, 4, 1] -> [0, 0, 4, 1, 0] -> [0, 0, 4, 1, 0, 1] -> [0, 0, 4, 1, 0, 1, 0] -> [0, 0, 4, 1, 0, 1, 0, 1] -> [0, 0, 4, 1, 0, 1, 0, 1, 2] -> [0, 0, 4, 1, 0, 1, 0, 1, 2, 2]
MultithreadBFS: 17.24 ms, [] -> [1] -> [1, 3] -> [1, 3, 3] -> [1, 3, 3, 4] -> [1, 3, 3, 4, 0] -> [1, 3, 3, 4, 0, 0] -> [1, 3, 3, 4, 0, 0, 1] -> [1, 3, 3, 4, 0, 0, 1, 0] -> [1, 3, 3, 4, 0, 0, 1, 0, 0] -> [1, 3, 3, 4, 0, 0, 1, 0, 0, 4]
AsyncStartBFS: 5.14 ms, [] -> [1] -> [1, 3] -> [1, 3, 3] -> [1, 3, 3, 4] -> [1, 3, 3, 4, 0] -> [1, 3, 3, 4, 0, 0] -> [1, 3, 3, 4, 0, 0, 1] -> [1, 3, 3, 4, 0, 0, 1, 0] -> [1, 3, 3, 4, 0, 0, 1, 0, 0] -> [1, 3, 3, 4, 0, 0, 1, 0, 0, 4]
SyncBFS: 471.54 ms, [] -> [0] -> [0, 0] -> [0, 0, 0] -> [0, 0, 0, 0] -> [0, 0, 0, 0, 0] -> [0, 0, 0, 0, 0, 0] -> [0, 0, 0, 0, 0, 0, 0] -> [0, 0, 0, 0, 0, 0, 0, 1] -> [0, 0, 0, 0, 0, 0, 0, 1, 0] -> [0, 0, 0, 0, 0, 0, 0, 1, 0, 3]

problem_35.yaml
AsyncStartBFS: 41.02 ms, [] -> [1] -> [1, 1] -> [1, 1, 0] -> [1, 1, 0, 0] -> [1, 1, 0, 0, 0] -> [1, 1, 0, 0, 0, 0] -> [1, 1, 0, 0, 0, 0, 0] -> [1, 1, 0, 0, 0, 0, 0, 0] -> [1, 1, 0, 0, 0, 0, 0, 0, 2] -> [1, 1, 0, 0, 0, 0, 0, 0, 2, 0]
MultithreadBFS: 13.13 ms, [] -> [0] -> [0, 0] -> [0, 0, 1] -> [0, 0, 1, 1] -> [0, 0, 1, 1, 0] -> [0, 0, 1, 1, 0, 0] -> [0, 0, 1, 1, 0, 0, 0] -> [0, 0, 1, 1, 0, 0, 0, 0] -> [0, 0, 1, 1, 0, 0, 0, 0, 1] -> [0, 0, 1, 1, 0, 0, 0, 0, 1, 1]
TasksBFS: 72.93 ms, [] -> [0] -> [0, 2] -> [0, 2, 3] -> [0, 2, 3, 0] -> [0, 2, 3, 0, 0] -> [0, 2, 3, 0, 0, 0] -> [0, 2, 3, 0, 0, 0, 0] -> [0, 2, 3, 0, 0, 0, 0, 0] -> [0, 2, 3, 0, 0, 0, 0, 0, 2] -> [0, 2, 3, 0, 0, 0, 0, 0, 2, 1]
SyncBFS: 640.03 ms, [] -> [0] -> [0, 0] -> [0, 0, 0] -> [0, 0, 0, 1] -> [0, 0, 0, 1, 0] -> [0, 0, 0, 1, 0, 1] -> [0, 0, 0, 1, 0, 1, 0] -> [0, 0, 0, 1, 0, 1, 0, 0] -> [0, 0, 0, 1, 0, 1, 0, 0, 3] -> [0, 0, 0, 1, 0, 1, 0, 0, 3, 4]

problem_46.yaml
SyncBFS: 446.67 ms, [] -> [0] -> [0, 0] -> [0, 0, 0] -> [0, 0, 0, 0] -> [0, 0, 0, 0, 0] -> [0, 0, 0, 0, 0, 0] -> [0, 0, 0, 0, 0, 0, 0] -> [0, 0, 0, 0, 0, 0, 0, 0] -> [0, 0, 0, 0, 0, 0, 0, 0, 0] -> [0, 0, 0, 0, 0, 0, 0, 0, 0, 1]
AsyncStartBFS: 7.66 ms, [] -> [0] -> [0, 0] -> [0, 0, 2] -> [0, 0, 2, 0] -> [0, 0, 2, 0, 0] -> [0, 0, 2, 0, 0, 1] -> [0, 0, 2, 0, 0, 1, 0] -> [0, 0, 2, 0, 0, 1, 0, 0] -> [0, 0, 2, 0, 0, 1, 0, 0, 0] -> [0, 0, 2, 0, 0, 1, 0, 0, 0, 0]
TasksBFS: 44.02 ms, [] -> [0] -> [0, 0] -> [0, 0, 2] -> [0, 0, 2, 0] -> [0, 0, 2, 0, 0] -> [0, 0, 2, 0, 0, 1] -> [0, 0, 2, 0, 0, 1, 0] -> [0, 0, 2, 0, 0, 1, 0, 0] -> [0, 0, 2, 0, 0, 1, 0, 0, 0] -> [0, 0, 2, 0, 0, 1, 0, 0, 0, 0]
MultithreadBFS: 20.7 ms, [] -> [1] -> [1, 2] -> [1, 2, 1] -> [1, 2, 1, 0] -> [1, 2, 1, 0, 0] -> [1, 2, 1, 0, 0, 0] -> [1, 2, 1, 0, 0, 0, 1] -> [1, 2, 1, 0, 0, 0, 1, 0] -> [1, 2, 1, 0, 0, 0, 1, 0, 2] -> [1, 2, 1, 0, 0, 0, 1, 0, 2, 2]

problem_34.yaml
TasksBFS: 29.75 ms, [] -> [1] -> [1, 0] -> [1, 0, 2] -> [1, 0, 2, 0] -> [1, 0, 2, 0, 0] -> [1, 0, 2, 0, 0, 0] -> [1, 0, 2, 0, 0, 0, 3] -> [1, 0, 2, 0, 0, 0, 3, 0] -> [1, 0, 2, 0, 0, 0, 3, 0, 0] -> [1, 0, 2, 0, 0, 0, 3, 0, 0, 1]
SyncBFS: 306.47 ms, [] -> [1] -> [1, 0] -> [1, 0, 1] -> [1, 0, 1, 0] -> [1, 0, 1, 0, 0] -> [1, 0, 1, 0, 0, 1] -> [1, 0, 1, 0, 0, 1, 0] -> [1, 0, 1, 0, 0, 1, 0, 0] -> [1, 0, 1, 0, 0, 1, 0, 0, 2] -> [1, 0, 1, 0, 0, 1, 0, 0, 2, 4]
AsyncStartBFS: 9.27 ms, [] -> [1] -> [1, 1] -> [1, 1, 4] -> [1, 1, 4, 2] -> [1, 1, 4, 2, 0] -> [1, 1, 4, 2, 0, 2] -> [1, 1, 4, 2, 0, 2, 0] -> [1, 1, 4, 2, 0, 2, 0, 2] -> [1, 1, 4, 2, 0, 2, 0, 2, 1] -> [1, 1, 4, 2, 0, 2, 0, 2, 1, 1]
MultithreadBFS: 10.83 ms, [] -> [4] -> [4, 0] -> [4, 0, 1] -> [4, 0, 1, 2] -> [4, 0, 1, 2, 0] -> [4, 0, 1, 2, 0, 0] -> [4, 0, 1, 2, 0, 0, 0] -> [4, 0, 1, 2, 0, 0, 0, 0] -> [4, 0, 1, 2, 0, 0, 0, 0, 4] -> [4, 0, 1, 2, 0, 0, 0, 0, 4, 3]

problem_32.yaml
TasksBFS: 80.27 ms, [] -> [0] -> [0, 0] -> [0, 0, 2] -> [0, 0, 2, 0] -> [0, 0, 2, 0, 0] -> [0, 0, 2, 0, 0, 0] -> [0, 0, 2, 0, 0, 0, 0] -> [0, 0, 2, 0, 0, 0, 0, 2] -> [0, 0, 2, 0, 0, 0, 0, 2, 3] -> [0, 0, 2, 0, 0, 0, 0, 2, 3, 1]
AsyncStartBFS: 18.45 ms, [] -> [0] -> [0, 0] -> [0, 0, 1] -> [0, 0, 1, 3] -> [0, 0, 1, 3, 1] -> [0, 0, 1, 3, 1, 1] -> [0, 0, 1, 3, 1, 1, 0] -> [0, 0, 1, 3, 1, 1, 0, 3] -> [0, 0, 1, 3, 1, 1, 0, 3, 1] -> [0, 0, 1, 3, 1, 1, 0, 3, 1, 3]
SyncBFS: 539.75 ms, [] -> [0] -> [0, 0] -> [0, 0, 0] -> [0, 0, 0, 0] -> [0, 0, 0, 0, 0] -> [0, 0, 0, 0, 0, 0] -> [0, 0, 0, 0, 0, 0, 0] -> [0, 0, 0, 0, 0, 0, 0, 1] -> [0, 0, 0, 0, 0, 0, 0, 1, 3] -> [0, 0, 0, 0, 0, 0, 0, 1, 3, 4]
MultithreadBFS: 13.37 ms, [] -> [0] -> [0, 4] -> [0, 4, 1] -> [0, 4, 1, 1] -> [0, 4, 1, 1, 0] -> [0, 4, 1, 1, 0, 0] -> [0, 4, 1, 1, 0, 0, 0] -> [0, 4, 1, 1, 0, 0, 0, 0] -> [0, 4, 1, 1, 0, 0, 0, 0, 0] -> [0, 4, 1, 1, 0, 0, 0, 0, 0, 3]

problem_31.yaml
MultithreadBFS: 17.68 ms, [] -> [1] -> [1, 0] -> [1, 0, 3] -> [1, 0, 3, 1] -> [1, 0, 3, 1, 3] -> [1, 0, 3, 1, 3, 0] -> [1, 0, 3, 1, 3, 0, 0] -> [1, 0, 3, 1, 3, 0, 0, 0] -> [1, 0, 3, 1, 3, 0, 0, 0, 0] -> [1, 0, 3, 1, 3, 0, 0, 0, 0, 1]
SyncBFS: 487.95 ms, [] -> [0] -> [0, 0] -> [0, 0, 0] -> [0, 0, 0, 2] -> [0, 0, 0, 2, 0] -> [0, 0, 0, 2, 0, 0] -> [0, 0, 0, 2, 0, 0, 0] -> [0, 0, 0, 2, 0, 0, 0, 0] -> [0, 0, 0, 2, 0, 0, 0, 0, 0] -> [0, 0, 0, 2, 0, 0, 0, 0, 0, 2]
AsyncStartBFS: 9.64 ms, [] -> [0] -> [0, 0] -> [0, 0, 1] -> [0, 0, 1, 0] -> [0, 0, 1, 0, 0] -> [0, 0, 1, 0, 0, 0] -> [0, 0, 1, 0, 0, 0, 0] -> [0, 0, 1, 0, 0, 0, 0, 0] -> [0, 0, 1, 0, 0, 0, 0, 0, 2] -> [0, 0, 1, 0, 0, 0, 0, 0, 2, 2]
TasksBFS: 54.98 ms, [] -> [0] -> [0, 0] -> [0, 0, 0] -> [0, 0, 0, 4] -> [0, 0, 0, 4, 0] -> [0, 0, 0, 4, 0, 0] -> [0, 0, 0, 4, 0, 0, 0] -> [0, 0, 0, 4, 0, 0, 0, 2] -> [0, 0, 0, 4, 0, 0, 0, 2, 3] -> [0, 0, 0, 4, 0, 0, 0, 2, 3, 0]

problem_30.yaml
AsyncStartBFS: 10.79 ms, [] -> [3] -> [3, 2] -> [3, 2, 0] -> [3, 2, 0, 1] -> [3, 2, 0, 1, 0] -> [3, 2, 0, 1, 0, 0] -> [3, 2, 0, 1, 0, 0, 0] -> [3, 2, 0, 1, 0, 0, 0, 0] -> [3, 2, 0, 1, 0, 0, 0, 0, 0] -> [3, 2, 0, 1, 0, 0, 0, 0, 0, 4]
SyncBFS: 624 ms, [] -> [0] -> [0, 0] -> [0, 0, 0] -> [0, 0, 0, 0] -> [0, 0, 0, 0, 0] -> [0, 0, 0, 0, 0, 0] -> [0, 0, 0, 0, 0, 0, 0] -> [0, 0, 0, 0, 0, 0, 0, 0] -> [0, 0, 0, 0, 0, 0, 0, 0, 0] -> [0, 0, 0, 0, 0, 0, 0, 0, 0, 1]
MultithreadBFS: 20 ms, [] -> [0] -> [0, 3] -> [0, 3, 1] -> [0, 3, 1, 0] -> [0, 3, 1, 0, 0] -> [0, 3, 1, 0, 0, 0] -> [0, 3, 1, 0, 0, 0, 0] -> [0, 3, 1, 0, 0, 0, 0, 0] -> [0, 3, 1, 0, 0, 0, 0, 0, 3] -> [0, 3, 1, 0, 0, 0, 0, 0, 3, 2]
TasksBFS: 74.32 ms, [] -> [0] -> [0, 3] -> [0, 3, 0] -> [0, 3, 0, 0] -> [0, 3, 0, 0, 0] -> [0, 3, 0, 0, 0, 1] -> [0, 3, 0, 0, 0, 1, 0] -> [0, 3, 0, 0, 0, 1, 0, 0] -> [0, 3, 0, 0, 0, 1, 0, 0, 4] -> [0, 3, 0, 0, 0, 1, 0, 0, 4, 1]

problem_10.yaml
AsyncStartBFS: 6.28 ms, [] -> [0] -> [0, 2] -> [0, 2, 0] -> [0, 2, 0, 0] -> [0, 2, 0, 0, 2] -> [0, 2, 0, 0, 2, 0] -> [0, 2, 0, 0, 2, 0, 0] -> [0, 2, 0, 0, 2, 0, 0, 0] -> [0, 2, 0, 0, 2, 0, 0, 0, 3] -> [0, 2, 0, 0, 2, 0, 0, 0, 3, 2]
SyncBFS: 344.48 ms, [] -> [0] -> [0, 1] -> [0, 1, 0] -> [0, 1, 0, 0] -> [0, 1, 0, 0, 0] -> [0, 1, 0, 0, 0, 0] -> [0, 1, 0, 0, 0, 0, 0] -> [0, 1, 0, 0, 0, 0, 0, 0] -> [0, 1, 0, 0, 0, 0, 0, 0, 2] -> [0, 1, 0, 0, 0, 0, 0, 0, 2, 0]
TasksBFS: 45.12 ms, [] -> [0] -> [0, 1] -> [0, 1, 3] -> [0, 1, 3, 2] -> [0, 1, 3, 2, 0] -> [0, 1, 3, 2, 0, 2] -> [0, 1, 3, 2, 0, 2, 0] -> [0, 1, 3, 2, 0, 2, 0, 0] -> [0, 1, 3, 2, 0, 2, 0, 0, 0] -> [0, 1, 3, 2, 0, 2, 0, 0, 0, 1]
MultithreadBFS: 18.82 ms, [] -> [0] -> [0, 1] -> [0, 1, 0] -> [0, 1, 0, 0] -> [0, 1, 0, 0, 0] -> [0, 1, 0, 0, 0, 1] -> [0, 1, 0, 0, 0, 1, 4] -> [0, 1, 0, 0, 0, 1, 4, 0] -> [0, 1, 0, 0, 0, 1, 4, 0, 4] -> [0, 1, 0, 0, 0, 1, 4, 0, 4, 0]

problem_09.yaml
TasksBFS: 61.53 ms, [] -> [0] -> [0, 0] -> [0, 0, 1] -> [0, 0, 1, 4] -> [0, 0, 1, 4, 0] -> [0, 0, 1, 4, 0, 0] -> [0, 0, 1, 4, 0, 0, 0] -> [0, 0, 1, 4, 0, 0, 0, 0] -> [0, 0, 1, 4, 0, 0, 0, 0, 4] -> [0, 0, 1, 4, 0, 0, 0, 0, 4, 3]
AsyncStartBFS: 14.47 ms, [] -> [1] -> [1, 1] -> [1, 1, 1] -> [1, 1, 1, 1] -> [1, 1, 1, 1, 0] -> [1, 1, 1, 1, 0, 0] -> [1, 1, 1, 1, 0, 0, 0] -> [1, 1, 1, 1, 0, 0, 0, 0] -> [1, 1, 1, 1, 0, 0, 0, 0, 1] -> [1, 1, 1, 1, 0, 0, 0, 0, 1, 0]
SyncBFS: 545.6 ms, [] -> [0] -> [0, 0] -> [0, 0, 0] -> [0, 0, 0, 0] -> [0, 0, 0, 0, 0] -> [0, 0, 0, 0, 0, 0] -> [0, 0, 0, 0, 0, 0, 0] -> [0, 0, 0, 0, 0, 0, 0, 0] -> [0, 0, 0, 0, 0, 0, 0, 0, 1] -> [0, 0, 0, 0, 0, 0, 0, 0, 1, 2]
MultithreadBFS: 13.56 ms, [] -> [0] -> [0, 2] -> [0, 2, 4] -> [0, 2, 4, 2] -> [0, 2, 4, 2, 0] -> [0, 2, 4, 2, 0, 0] -> [0, 2, 4, 2, 0, 0, 0] -> [0, 2, 4, 2, 0, 0, 0, 1] -> [0, 2, 4, 2, 0, 0, 0, 1, 1] -> [0, 2, 4, 2, 0, 0, 0, 1, 1, 3]

problem_12.yaml
MultithreadBFS: 13.61 ms, [] -> [0] -> [0, 2] -> [0, 2, 4] -> [0, 2, 4, 0] -> [0, 2, 4, 0, 0] -> [0, 2, 4, 0, 0, 0] -> [0, 2, 4, 0, 0, 0, 0] -> [0, 2, 4, 0, 0, 0, 0, 1] -> [0, 2, 4, 0, 0, 0, 0, 1, 0] -> [0, 2, 4, 0, 0, 0, 0, 1, 0, 4]
AsyncStartBFS: 6.41 ms, [] -> [0] -> [0, 0] -> [0, 0, 1] -> [0, 0, 1, 3] -> [0, 0, 1, 3, 0] -> [0, 0, 1, 3, 0, 0] -> [0, 0, 1, 3, 0, 0, 0] -> [0, 0, 1, 3, 0, 0, 0, 0] -> [0, 0, 1, 3, 0, 0, 0, 0, 2] -> [0, 0, 1, 3, 0, 0, 0, 0, 2, 0]
SyncBFS: 493.79 ms, [] -> [0] -> [0, 0] -> [0, 0, 1] -> [0, 0, 1, 0] -> [0, 0, 1, 0, 0] -> [0, 0, 1, 0, 0, 0] -> [0, 0, 1, 0, 0, 0, 0] -> [0, 0, 1, 0, 0, 0, 0, 0] -> [0, 0, 1, 0, 0, 0, 0, 0, 1] -> [0, 0, 1, 0, 0, 0, 0, 0, 1, 0]
TasksBFS: 63.4 ms, [] -> [0] -> [0, 0] -> [0, 0, 1] -> [0, 0, 1, 3] -> [0, 0, 1, 3, 0] -> [0, 0, 1, 3, 0, 0] -> [0, 0, 1, 3, 0, 0, 0] -> [0, 0, 1, 3, 0, 0, 0, 0] -> [0, 0, 1, 3, 0, 0, 0, 0, 2] -> [0, 0, 1, 3, 0, 0, 0, 0, 2, 0]

problem_47.yaml
MultithreadBFS: 14.78 ms, [] -> [1] -> [1, 0] -> [1, 0, 0] -> [1, 0, 0, 1] -> [1, 0, 0, 1, 1] -> [1, 0, 0, 1, 1, 0] -> [1, 0, 0, 1, 1, 0, 0] -> [1, 0, 0, 1, 1, 0, 0, 0] -> [1, 0, 0, 1, 1, 0, 0, 0, 1] -> [1, 0, 0, 1, 1, 0, 0, 0, 1, 4]
TasksBFS: 42.19 ms, [] -> [0] -> [0, 0] -> [0, 0, 0] -> [0, 0, 0, 3] -> [0, 0, 0, 3, 0] -> [0, 0, 0, 3, 0, 1] -> [0, 0, 0, 3, 0, 1, 0] -> [0, 0, 0, 3, 0, 1, 0, 0] -> [0, 0, 0, 3, 0, 1, 0, 0, 2] -> [0, 0, 0, 3, 0, 1, 0, 0, 2, 4]
AsyncStartBFS: 8.4 ms, [] -> [0] -> [0, 0] -> [0, 0, 2] -> [0, 0, 2, 4] -> [0, 0, 2, 4, 2] -> [0, 0, 2, 4, 2, 0] -> [0, 0, 2, 4, 2, 0, 0] -> [0, 0, 2, 4, 2, 0, 0, 2] -> [0, 0, 2, 4, 2, 0, 0, 2, 3] -> [0, 0, 2, 4, 2, 0, 0, 2, 3, 0]
SyncBFS: 361.44 ms, [] -> [0] -> [0, 0] -> [0, 0, 0] -> [0, 0, 0, 0] -> [0, 0, 0, 0, 0] -> [0, 0, 0, 0, 0, 0] -> [0, 0, 0, 0, 0, 0, 0] -> [0, 0, 0, 0, 0, 0, 0, 0] -> [0, 0, 0, 0, 0, 0, 0, 0, 2] -> [0, 0, 0, 0, 0, 0, 0, 0, 2, 0]

problem_11.yaml
SyncBFS: 497.61 ms, [] -> [0] -> [0, 0] -> [0, 0, 0] -> [0, 0, 0, 0] -> [0, 0, 0, 0, 0] -> [0, 0, 0, 0, 0, 1] -> [0, 0, 0, 0, 0, 1, 0] -> [0, 0, 0, 0, 0, 1, 0, 1] -> [0, 0, 0, 0, 0, 1, 0, 1, 1] -> [0, 0, 0, 0, 0, 1, 0, 1, 1, 1]
AsyncStartBFS: 10.88 ms, [] -> [3] -> [3, 3] -> [3, 3, 2] -> [3, 3, 2, 2] -> [3, 3, 2, 2, 0] -> [3, 3, 2, 2, 0, 0] -> [3, 3, 2, 2, 0, 0, 0] -> [3, 3, 2, 2, 0, 0, 0, 0] -> [3, 3, 2, 2, 0, 0, 0, 0, 0] -> [3, 3, 2, 2, 0, 0, 0, 0, 0, 1]
TasksBFS: 44.28 ms, [] -> [0] -> [0, 0] -> [0, 0, 1] -> [0, 0, 1, 4] -> [0, 0, 1, 4, 1] -> [0, 0, 1, 4, 1, 0] -> [0, 0, 1, 4, 1, 0, 0] -> [0, 0, 1, 4, 1, 0, 0, 0] -> [0, 0, 1, 4, 1, 0, 0, 0, 1] -> [0, 0, 1, 4, 1, 0, 0, 0, 1, 0]
MultithreadBFS: 18.38 ms, [] -> [0] -> [0, 3] -> [0, 3, 2] -> [0, 3, 2, 1] -> [0, 3, 2, 1, 0] -> [0, 3, 2, 1, 0, 0] -> [0, 3, 2, 1, 0, 0, 1] -> [0, 3, 2, 1, 0, 0, 1, 3] -> [0, 3, 2, 1, 0, 0, 1, 3, 4] -> [0, 3, 2, 1, 0, 0, 1, 3, 4, 0]

problem_01.yaml
AsyncStartBFS: 4.49 ms, [] -> [0] -> [0, 0] -> [0, 0, 3] -> [0, 0, 3, 1] -> [0, 0, 3, 1, 0] -> [0, 0, 3, 1, 0, 0] -> [0, 0, 3, 1, 0, 0, 0] -> [0, 0, 3, 1, 0, 0, 0, 0] -> [0, 0, 3, 1, 0, 0, 0, 0, 0] -> [0, 0, 3, 1, 0, 0, 0, 0, 0, 3]
TasksBFS: 21.62 ms, [] -> [0] -> [0, 0] -> [0, 0, 1] -> [0, 0, 1, 4] -> [0, 0, 1, 4, 0] -> [0, 0, 1, 4, 0, 0] -> [0, 0, 1, 4, 0, 0, 0] -> [0, 0, 1, 4, 0, 0, 0, 1] -> [0, 0, 1, 4, 0, 0, 0, 1, 2] -> [0, 0, 1, 4, 0, 0, 0, 1, 2, 0]
SyncBFS: 289.46 ms, [] -> [0] -> [0, 0] -> [0, 0, 0] -> [0, 0, 0, 0] -> [0, 0, 0, 0, 0] -> [0, 0, 0, 0, 0, 0] -> [0, 0, 0, 0, 0, 0, 3] -> [0, 0, 0, 0, 0, 0, 3, 4] -> [0, 0, 0, 0, 0, 0, 3, 4, 0] -> [0, 0, 0, 0, 0, 0, 3, 4, 0, 2]
MultithreadBFS: 14.34 ms, [] -> [1] -> [1, 0] -> [1, 0, 0] -> [1, 0, 0, 0] -> [1, 0, 0, 0, 1] -> [1, 0, 0, 0, 1, 1] -> [1, 0, 0, 0, 1, 1, 0] -> [1, 0, 0, 0, 1, 1, 0, 1] -> [1, 0, 0, 0, 1, 1, 0, 1, 1] -> [1, 0, 0, 0, 1, 1, 0, 1, 1, 1]

problem_08.yaml
AsyncStartBFS: 8.42 ms, [] -> [3] -> [3, 4] -> [3, 4, 4] -> [3, 4, 4, 1] -> [3, 4, 4, 1, 0] -> [3, 4, 4, 1, 0, 1] -> [3, 4, 4, 1, 0, 1, 0] -> [3, 4, 4, 1, 0, 1, 0, 3] -> [3, 4, 4, 1, 0, 1, 0, 3, 1] -> [3, 4, 4, 1, 0, 1, 0, 3, 1, 3]
MultithreadBFS: 9.13 ms, [] -> [0] -> [0, 2] -> [0, 2, 4] -> [0, 2, 4, 3] -> [0, 2, 4, 3, 0] -> [0, 2, 4, 3, 0, 0] -> [0, 2, 4, 3, 0, 0, 0] -> [0, 2, 4, 3, 0, 0, 0, 0] -> [0, 2, 4, 3, 0, 0, 0, 0, 2] -> [0, 2, 4, 3, 0, 0, 0, 0, 2, 3]
SyncBFS: 688.05 ms, [] -> [0] -> [0, 0] -> [0, 0, 0] -> [0, 0, 0, 0] -> [0, 0, 0, 0, 0] -> [0, 0, 0, 0, 0, 0] -> [0, 0, 0, 0, 0, 0, 0] -> [0, 0, 0, 0, 0, 0, 0, 0] -> [0, 0, 0, 0, 0, 0, 0, 0, 4] -> [0, 0, 0, 0, 0, 0, 0, 0, 4, 3]
TasksBFS: 68.88 ms, [] -> [0] -> [0, 0] -> [0, 0, 3] -> [0, 0, 3, 0] -> [0, 0, 3, 0, 0] -> [0, 0, 3, 0, 0, 0] -> [0, 0, 3, 0, 0, 0, 0] -> [0, 0, 3, 0, 0, 0, 0, 0] -> [0, 0, 3, 0, 0, 0, 0, 0, 0] -> [0, 0, 3, 0, 0, 0, 0, 0, 0, 3]

problem_06.yaml
SyncBFS: 474.49 ms, [] -> [1] -> [1, 0] -> [1, 0, 0] -> [1, 0, 0, 0] -> [1, 0, 0, 0, 0] -> [1, 0, 0, 0, 0, 0] -> [1, 0, 0, 0, 0, 0, 0] -> [1, 0, 0, 0, 0, 0, 0, 0] -> [1, 0, 0, 0, 0, 0, 0, 0, 2] -> [1, 0, 0, 0, 0, 0, 0, 0, 2, 2]
TasksBFS: 54.83 ms, [] -> [1] -> [1, 0] -> [1, 0, 1] -> [1, 0, 1, 4] -> [1, 0, 1, 4, 0] -> [1, 0, 1, 4, 0, 0] -> [1, 0, 1, 4, 0, 0, 0] -> [1, 0, 1, 4, 0, 0, 0, 1] -> [1, 0, 1, 4, 0, 0, 0, 1, 1] -> [1, 0, 1, 4, 0, 0, 0, 1, 1, 4]
AsyncStartBFS: 13.05 ms, [] -> [1] -> [1, 0] -> [1, 0, 4] -> [1, 0, 4, 3] -> [1, 0, 4, 3, 1] -> [1, 0, 4, 3, 1, 1] -> [1, 0, 4, 3, 1, 1, 0] -> [1, 0, 4, 3, 1, 1, 0, 0] -> [1, 0, 4, 3, 1, 1, 0, 0, 1] -> [1, 0, 4, 3, 1, 1, 0, 0, 1, 2]
MultithreadBFS: 9.79 ms, [] -> [1] -> [1, 4] -> [1, 4, 1] -> [1, 4, 1, 0] -> [1, 4, 1, 0, 0] -> [1, 4, 1, 0, 0, 0] -> [1, 4, 1, 0, 0, 0, 1] -> [1, 4, 1, 0, 0, 0, 1, 2] -> [1, 4, 1, 0, 0, 0, 1, 2, 0] -> [1, 4, 1, 0, 0, 0, 1, 2, 0, 1]

problem_19.yaml
SyncBFS: 289.62 ms, [] -> [2] -> [2, 0] -> [2, 0, 0] -> [2, 0, 0, 0] -> [2, 0, 0, 0, 0] -> [2, 0, 0, 0, 0, 0] -> [2, 0, 0, 0, 0, 0, 0] -> [2, 0, 0, 0, 0, 0, 0, 0] -> [2, 0, 0, 0, 0, 0, 0, 0, 1] -> [2, 0, 0, 0, 0, 0, 0, 0, 1, 3]
MultithreadBFS: 14.26 ms, [] -> [4] -> [4, 2] -> [4, 2, 1] -> [4, 2, 1, 1] -> [4, 2, 1, 1, 0] -> [4, 2, 1, 1, 0, 0] -> [4, 2, 1, 1, 0, 0, 0] -> [4, 2, 1, 1, 0, 0, 0, 1] -> [4, 2, 1, 1, 0, 0, 0, 1, 0] -> [4, 2, 1, 1, 0, 0, 0, 1, 0, 0]
TasksBFS: 26.06 ms, [] -> [2] -> [2, 0] -> [2, 0, 1] -> [2, 0, 1, 3] -> [2, 0, 1, 3, 0] -> [2, 0, 1, 3, 0, 0] -> [2, 0, 1, 3, 0, 0, 2] -> [2, 0, 1, 3, 0, 0, 2, 0] -> [2, 0, 1, 3, 0, 0, 2, 0, 1] -> [2, 0, 1, 3, 0, 0, 2, 0, 1, 1]
AsyncStartBFS: 6.97 ms, [] -> [2] -> [2, 1] -> [2, 1, 2] -> [2, 1, 2, 1] -> [2, 1, 2, 1, 1] -> [2, 1, 2, 1, 1, 0] -> [2, 1, 2, 1, 1, 0, 0] -> [2, 1, 2, 1, 1, 0, 0, 0] -> [2, 1, 2, 1, 1, 0, 0, 0, 4] -> [2, 1, 2, 1, 1, 0, 0, 0, 4, 4]

problem_40.yaml
TasksBFS: 85.09 ms, [] -> [1] -> [1, 1] -> [1, 1, 0] -> [1, 1, 0, 1] -> [1, 1, 0, 1, 2] -> [1, 1, 0, 1, 2, 1] -> [1, 1, 0, 1, 2, 1, 0] -> [1, 1, 0, 1, 2, 1, 0, 0] -> [1, 1, 0, 1, 2, 1, 0, 0, 1] -> [1, 1, 0, 1, 2, 1, 0, 0, 1, 0]
MultithreadBFS: 17.16 ms, [] -> [0] -> [0, 2] -> [0, 2, 0] -> [0, 2, 0, 0] -> [0, 2, 0, 0, 0] -> [0, 2, 0, 0, 0, 0] -> [0, 2, 0, 0, 0, 0, 0] -> [0, 2, 0, 0, 0, 0, 0, 2] -> [0, 2, 0, 0, 0, 0, 0, 2, 2] -> [0, 2, 0, 0, 0, 0, 0, 2, 2, 4]
AsyncStartBFS: 16.3 ms, [] -> [0] -> [0, 2] -> [0, 2, 1] -> [0, 2, 1, 0] -> [0, 2, 1, 0, 2] -> [0, 2, 1, 0, 2, 0] -> [0, 2, 1, 0, 2, 0, 0] -> [0, 2, 1, 0, 2, 0, 0, 0] -> [0, 2, 1, 0, 2, 0, 0, 0, 1] -> [0, 2, 1, 0, 2, 0, 0, 0, 1, 0]
SyncBFS: 592.29 ms, [] -> [0] -> [0, 1] -> [0, 1, 0] -> [0, 1, 0, 0] -> [0, 1, 0, 0, 0] -> [0, 1, 0, 0, 0, 0] -> [0, 1, 0, 0, 0, 0, 0] -> [0, 1, 0, 0, 0, 0, 0, 1] -> [0, 1, 0, 0, 0, 0, 0, 1, 1] -> [0, 1, 0, 0, 0, 0, 0, 1, 1, 2]

problem_04.yaml
MultithreadBFS: 14.17 ms, [] -> [0] -> [0, 2] -> [0, 2, 3] -> [0, 2, 3, 0] -> [0, 2, 3, 0, 2] -> [0, 2, 3, 0, 2, 1] -> [0, 2, 3, 0, 2, 1, 0] -> [0, 2, 3, 0, 2, 1, 0, 0] -> [0, 2, 3, 0, 2, 1, 0, 0, 0] -> [0, 2, 3, 0, 2, 1, 0, 0, 0, 0]
TasksBFS: 52.25 ms, [] -> [0] -> [0, 0] -> [0, 0, 3] -> [0, 0, 3, 1] -> [0, 0, 3, 1, 0] -> [0, 0, 3, 1, 0, 0] -> [0, 0, 3, 1, 0, 0, 0] -> [0, 0, 3, 1, 0, 0, 0, 0] -> [0, 0, 3, 1, 0, 0, 0, 0, 0] -> [0, 0, 3, 1, 0, 0, 0, 0, 0, 3]
SyncBFS: 454.18 ms, [] -> [0] -> [0, 0] -> [0, 0, 0] -> [0, 0, 0, 0] -> [0, 0, 0, 0, 0] -> [0, 0, 0, 0, 0, 0] -> [0, 0, 0, 0, 0, 0, 0] -> [0, 0, 0, 0, 0, 0, 0, 0] -> [0, 0, 0, 0, 0, 0, 0, 0, 1] -> [0, 0, 0, 0, 0, 0, 0, 0, 1, 4]
AsyncStartBFS: 16.23 ms, [] -> [0] -> [0, 0] -> [0, 0, 3] -> [0, 0, 3, 1] -> [0, 0, 3, 1, 0] -> [0, 0, 3, 1, 0, 0] -> [0, 0, 3, 1, 0, 0, 0] -> [0, 0, 3, 1, 0, 0, 0, 0] -> [0, 0, 3, 1, 0, 0, 0, 0, 0] -> [0, 0, 3, 1, 0, 0, 0, 0, 0, 3]

problem_33.yaml
TasksBFS: 62.21 ms, [] -> [1] -> [1, 0] -> [1, 0, 0] -> [1, 0, 0, 3] -> [1, 0, 0, 3, 0] -> [1, 0, 0, 3, 0, 0] -> [1, 0, 0, 3, 0, 0, 0] -> [1, 0, 0, 3, 0, 0, 0, 0] -> [1, 0, 0, 3, 0, 0, 0, 0, 1] -> [1, 0, 0, 3, 0, 0, 0, 0, 1, 2]
AsyncStartBFS: 15.7 ms, [] -> [1] -> [1, 0] -> [1, 0, 4] -> [1, 0, 4, 2] -> [1, 0, 4, 2, 0] -> [1, 0, 4, 2, 0, 0] -> [1, 0, 4, 2, 0, 0, 0] -> [1, 0, 4, 2, 0, 0, 0, 0] -> [1, 0, 4, 2, 0, 0, 0, 0, 0] -> [1, 0, 4, 2, 0, 0, 0, 0, 0, 0]
SyncBFS: 489.75 ms, [] -> [1] -> [1, 0] -> [1, 0, 0] -> [1, 0, 0, 0] -> [1, 0, 0, 0, 0] -> [1, 0, 0, 0, 0, 1] -> [1, 0, 0, 0, 0, 1, 0] -> [1, 0, 0, 0, 0, 1, 0, 1] -> [1, 0, 0, 0, 0, 1, 0, 1, 1] -> [1, 0, 0, 0, 0, 1, 0, 1, 1, 0]
MultithreadBFS: 12.42 ms, [] -> [2] -> [2, 0] -> [2, 0, 0] -> [2, 0, 0, 1] -> [2, 0, 0, 1, 0] -> [2, 0, 0, 1, 0, 0] -> [2, 0, 0, 1, 0, 0, 0] -> [2, 0, 0, 1, 0, 0, 0, 0] -> [2, 0, 0, 1, 0, 0, 0, 0, 1] -> [2, 0, 0, 1, 0, 0, 0, 0, 1, 3]

problem_21.yaml
MultithreadBFS: 12.38 ms, [] -> [1] -> [1, 0] -> [1, 0, 0] -> [1, 0, 0, 1] -> [1, 0, 0, 1, 2] -> [1, 0, 0, 1, 2, 0] -> [1, 0, 0, 1, 2, 0, 0] -> [1, 0, 0, 1, 2, 0, 0, 3] -> [1, 0, 0, 1, 2, 0, 0, 3, 4] -> [1, 0, 0, 1, 2, 0, 0, 3, 4, 1]
AsyncStartBFS: 5.81 ms, [] -> [1] -> [1, 1] -> [1, 1, 0] -> [1, 1, 0, 2] -> [1, 1, 0, 2, 1] -> [1, 1, 0, 2, 1, 0] -> [1, 1, 0, 2, 1, 0, 0] -> [1, 1, 0, 2, 1, 0, 0, 0] -> [1, 1, 0, 2, 1, 0, 0, 0, 2] -> [1, 1, 0, 2, 1, 0, 0, 0, 2, 0]
TasksBFS: 20.93 ms, [] -> [1] -> [1, 0] -> [1, 0, 0] -> [1, 0, 0, 0] -> [1, 0, 0, 0, 1] -> [1, 0, 0, 0, 1, 0] -> [1, 0, 0, 0, 1, 0, 1] -> [1, 0, 0, 0, 1, 0, 1, 1] -> [1, 0, 0, 0, 1, 0, 1, 1, 3] -> [1, 0, 0, 0, 1, 0, 1, 1, 3, 2]
SyncBFS: 242.77 ms, [] -> [1] -> [1, 0] -> [1, 0, 0] -> [1, 0, 0, 0] -> [1, 0, 0, 0, 1] -> [1, 0, 0, 0, 1, 0] -> [1, 0, 0, 0, 1, 0, 1] -> [1, 0, 0, 0, 1, 0, 1, 1] -> [1, 0, 0, 0, 1, 0, 1, 1, 3] -> [1, 0, 0, 0, 1, 0, 1, 1, 3, 2]

problem_24.yaml
AsyncStartBFS: 4.29 ms, [] -> [0] -> [0, 0] -> [0, 0, 2] -> [0, 0, 2, 1] -> [0, 0, 2, 1, 0] -> [0, 0, 2, 1, 0, 0] -> [0, 0, 2, 1, 0, 0, 0] -> [0, 0, 2, 1, 0, 0, 0, 0] -> [0, 0, 2, 1, 0, 0, 0, 0, 1] -> [0, 0, 2, 1, 0, 0, 0, 0, 1, 3]
MultithreadBFS: 10.23 ms, [] -> [0] -> [0, 2] -> [0, 2, 2] -> [0, 2, 2, 1] -> [0, 2, 2, 1, 1] -> [0, 2, 2, 1, 1, 0] -> [0, 2, 2, 1, 1, 0, 1] -> [0, 2, 2, 1, 1, 0, 1, 3] -> [0, 2, 2, 1, 1, 0, 1, 3, 2] -> [0, 2, 2, 1, 1, 0, 1, 3, 2, 1]
TasksBFS: 52.21 ms, [] -> [0] -> [0, 0] -> [0, 0, 3] -> [0, 0, 3, 4] -> [0, 0, 3, 4, 0] -> [0, 0, 3, 4, 0, 0] -> [0, 0, 3, 4, 0, 0, 1] -> [0, 0, 3, 4, 0, 0, 1, 0] -> [0, 0, 3, 4, 0, 0, 1, 0, 1] -> [0, 0, 3, 4, 0, 0, 1, 0, 1, 4]
SyncBFS: 476.36 ms, [] -> [0] -> [0, 0] -> [0, 0, 1] -> [0, 0, 1, 3] -> [0, 0, 1, 3, 0] -> [0, 0, 1, 3, 0, 1] -> [0, 0, 1, 3, 0, 1, 0] -> [0, 0, 1, 3, 0, 1, 0, 0] -> [0, 0, 1, 3, 0, 1, 0, 0, 3] -> [0, 0, 1, 3, 0, 1, 0, 0, 3, 1]

problem_03.yaml
MultithreadBFS: 15.76 ms, [] -> [0] -> [0, 1] -> [0, 1, 4] -> [0, 1, 4, 0] -> [0, 1, 4, 0, 0] -> [0, 1, 4, 0, 0, 0] -> [0, 1, 4, 0, 0, 0, 0] -> [0, 1, 4, 0, 0, 0, 0, 0] -> [0, 1, 4, 0, 0, 0, 0, 0, 4] -> [0, 1, 4, 0, 0, 0, 0, 0, 4, 1]
AsyncStartBFS: 13.39 ms, [] -> [0] -> [0, 0] -> [0, 0, 4] -> [0, 0, 4, 0] -> [0, 0, 4, 0, 0] -> [0, 0, 4, 0, 0, 0] -> [0, 0, 4, 0, 0, 0, 0] -> [0, 0, 4, 0, 0, 0, 0, 0] -> [0, 0, 4, 0, 0, 0, 0, 0, 2] -> [0, 0, 4, 0, 0, 0, 0, 0, 2, 4]
SyncBFS: 522.65 ms, [] -> [0] -> [0, 0] -> [0, 0, 3] -> [0, 0, 3, 0] -> [0, 0, 3, 0, 0] -> [0, 0, 3, 0, 0, 0] -> [0, 0, 3, 0, 0, 0, 1] -> [0, 0, 3, 0, 0, 0, 1, 2] -> [0, 0, 3, 0, 0, 0, 1, 2, 0] -> [0, 0, 3, 0, 0, 0, 1, 2, 0, 2]
TasksBFS: 54.43 ms, [] -> [0] -> [0, 0] -> [0, 0, 4] -> [0, 0, 4, 3] -> [0, 0, 4, 3, 0] -> [0, 0, 4, 3, 0, 1] -> [0, 0, 4, 3, 0, 1, 0] -> [0, 0, 4, 3, 0, 1, 0, 0] -> [0, 0, 4, 3, 0, 1, 0, 0, 0] -> [0, 0, 4, 3, 0, 1, 0, 0, 0, 1]

problem_07.yaml
TasksBFS: 73.94 ms, [] -> [0] -> [0, 3] -> [0, 3, 4] -> [0, 3, 4, 0] -> [0, 3, 4, 0, 0] -> [0, 3, 4, 0, 0, 0] -> [0, 3, 4, 0, 0, 0, 1] -> [0, 3, 4, 0, 0, 0, 1, 0] -> [0, 3, 4, 0, 0, 0, 1, 0, 3] -> [0, 3, 4, 0, 0, 0, 1, 0, 3, 4]
AsyncStartBFS: 24.02 ms, [] -> [4] -> [4, 2] -> [4, 2, 1] -> [4, 2, 1, 1] -> [4, 2, 1, 1, 0] -> [4, 2, 1, 1, 0, 0] -> [4, 2, 1, 1, 0, 0, 0] -> [4, 2, 1, 1, 0, 0, 0, 0] -> [4, 2, 1, 1, 0, 0, 0, 0, 2] -> [4, 2, 1, 1, 0, 0, 0, 0, 2, 3]
SyncBFS: 612.48 ms, [] -> [0] -> [0, 0] -> [0, 0, 2] -> [0, 0, 2, 1] -> [0, 0, 2, 1, 2] -> [0, 0, 2, 1, 2, 0] -> [0, 0, 2, 1, 2, 0, 0] -> [0, 0, 2, 1, 2, 0, 0, 0] -> [0, 0, 2, 1, 2, 0, 0, 0, 1] -> [0, 0, 2, 1, 2, 0, 0, 0, 1, 2]
MultithreadBFS: 15.69 ms, [] -> [0] -> [0, 0] -> [0, 0, 2] -> [0, 0, 2, 1] -> [0, 0, 2, 1, 2] -> [0, 0, 2, 1, 2, 0] -> [0, 0, 2, 1, 2, 0, 0] -> [0, 0, 2, 1, 2, 0, 0, 0] -> [0, 0, 2, 1, 2, 0, 0, 0, 1] -> [0, 0, 2, 1, 2, 0, 0, 0, 1, 2]

problem_42.yaml
AsyncStartBFS: 24.52 ms, [] -> [3] -> [3, 3] -> [3, 3, 1] -> [3, 3, 1, 0] -> [3, 3, 1, 0, 0] -> [3, 3, 1, 0, 0, 2] -> [3, 3, 1, 0, 0, 2, 0] -> [3, 3, 1, 0, 0, 2, 0, 1] -> [3, 3, 1, 0, 0, 2, 0, 1, 1] -> [3, 3, 1, 0, 0, 2, 0, 1, 1, 2]
MultithreadBFS: 12.88 ms, [] -> [0] -> [0, 2] -> [0, 2, 4] -> [0, 2, 4, 0] -> [0, 2, 4, 0, 0] -> [0, 2, 4, 0, 0, 0] -> [0, 2, 4, 0, 0, 0, 1] -> [0, 2, 4, 0, 0, 0, 1, 0] -> [0, 2, 4, 0, 0, 0, 1, 0, 4] -> [0, 2, 4, 0, 0, 0, 1, 0, 4, 0]
SyncBFS: 631.59 ms, [] -> [0] -> [0, 0] -> [0, 0, 0] -> [0, 0, 0, 0] -> [0, 0, 0, 0, 1] -> [0, 0, 0, 0, 1, 0] -> [0, 0, 0, 0, 1, 0, 0] -> [0, 0, 0, 0, 1, 0, 0, 1] -> [0, 0, 0, 0, 1, 0, 0, 1, 4] -> [0, 0, 0, 0, 1, 0, 0, 1, 4, 1]
TasksBFS: 67.66 ms, [] -> [0] -> [0, 4] -> [0, 4, 3] -> [0, 4, 3, 1] -> [0, 4, 3, 1, 0] -> [0, 4, 3, 1, 0, 3] -> [0, 4, 3, 1, 0, 3, 0] -> [0, 4, 3, 1, 0, 3, 0, 0] -> [0, 4, 3, 1, 0, 3, 0, 0, 1] -> [0, 4, 3, 1, 0, 3, 0, 0, 1, 1]

problem_02.yaml
SyncBFS: 462.94 ms, [] -> [0] -> [0, 0] -> [0, 0, 0] -> [0, 0, 0, 0] -> [0, 0, 0, 0, 0] -> [0, 0, 0, 0, 0, 0] -> [0, 0, 0, 0, 0, 0, 0] -> [0, 0, 0, 0, 0, 0, 0, 0] -> [0, 0, 0, 0, 0, 0, 0, 0, 3] -> [0, 0, 0, 0, 0, 0, 0, 0, 3, 0]
MultithreadBFS: 9.58 ms, [] -> [0] -> [0, 3] -> [0, 3, 1] -> [0, 3, 1, 3] -> [0, 3, 1, 3, 0] -> [0, 3, 1, 3, 0, 0] -> [0, 3, 1, 3, 0, 0, 0] -> [0, 3, 1, 3, 0, 0, 0, 1] -> [0, 3, 1, 3, 0, 0, 0, 1, 1] -> [0, 3, 1, 3, 0, 0, 0, 1, 1, 1]
TasksBFS: 48.59 ms, [] -> [0] -> [0, 0] -> [0, 0, 1] -> [0, 0, 1, 2] -> [0, 0, 1, 2, 0] -> [0, 0, 1, 2, 0, 0] -> [0, 0, 1, 2, 0, 0, 1] -> [0, 0, 1, 2, 0, 0, 1, 0] -> [0, 0, 1, 2, 0, 0, 1, 0, 3] -> [0, 0, 1, 2, 0, 0, 1, 0, 3, 4]
AsyncStartBFS: 11.69 ms, [] -> [0] -> [0, 0] -> [0, 0, 0] -> [0, 0, 0, 0] -> [0, 0, 0, 0, 0] -> [0, 0, 0, 0, 0, 0] -> [0, 0, 0, 0, 0, 0, 0] -> [0, 0, 0, 0, 0, 0, 0, 0] -> [0, 0, 0, 0, 0, 0, 0, 0, 3] -> [0, 0, 0, 0, 0, 0, 0, 0, 3, 0]

problem_29.yaml
MultithreadBFS: 10.34 ms, [] -> [3] -> [3, 3] -> [3, 3, 3] -> [3, 3, 3, 0] -> [3, 3, 3, 0, 1] -> [3, 3, 3, 0, 1, 0] -> [3, 3, 3, 0, 1, 0, 0] -> [3, 3, 3, 0, 1, 0, 0, 0] -> [3, 3, 3, 0, 1, 0, 0, 0, 2] -> [3, 3, 3, 0, 1, 0, 0, 0, 2, 0]
TasksBFS: 23.4 ms, [] -> [0] -> [0, 0] -> [0, 0, 1] -> [0, 0, 1, 4] -> [0, 0, 1, 4, 0] -> [0, 0, 1, 4, 0, 2] -> [0, 0, 1, 4, 0, 2, 0] -> [0, 0, 1, 4, 0, 2, 0, 0] -> [0, 0, 1, 4, 0, 2, 0, 0, 4] -> [0, 0, 1, 4, 0, 2, 0, 0, 4, 3]
AsyncStartBFS: 5.93 ms, [] -> [0] -> [0, 1] -> [0, 1, 0] -> [0, 1, 0, 4] -> [0, 1, 0, 4, 0] -> [0, 1, 0, 4, 0, 0] -> [0, 1, 0, 4, 0, 0, 1] -> [0, 1, 0, 4, 0, 0, 1, 0] -> [0, 1, 0, 4, 0, 0, 1, 0, 4] -> [0, 1, 0, 4, 0, 0, 1, 0, 4, 1]
SyncBFS: 311.01 ms, [] -> [0] -> [0, 0] -> [0, 0, 0] -> [0, 0, 0, 0] -> [0, 0, 0, 0, 0] -> [0, 0, 0, 0, 0, 0] -> [0, 0, 0, 0, 0, 0, 1] -> [0, 0, 0, 0, 0, 0, 1, 1] -> [0, 0, 0, 0, 0, 0, 1, 1, 3] -> [0, 0, 0, 0, 0, 0, 1, 1, 3, 0]

problem_00.yaml
AsyncStartBFS: 22.23 ms, [] -> [0] -> [0, 0] -> [0, 0, 0] -> [0, 0, 0, 0] -> [0, 0, 0, 0, 1] -> [0, 0, 0, 0, 1, 1] -> [0, 0, 0, 0, 1, 1, 0] -> [0, 0, 0, 0, 1, 1, 0, 0] -> [0, 0, 0, 0, 1, 1, 0, 0, 0] -> [0, 0, 0, 0, 1, 1, 0, 0, 0, 1]
MultithreadBFS: 12.08 ms, [] -> [1] -> [1, 2] -> [1, 2, 0] -> [1, 2, 0, 1] -> [1, 2, 0, 1, 0] -> [1, 2, 0, 1, 0, 1] -> [1, 2, 0, 1, 0, 1, 0] -> [1, 2, 0, 1, 0, 1, 0, 0] -> [1, 2, 0, 1, 0, 1, 0, 0, 3] -> [1, 2, 0, 1, 0, 1, 0, 0, 3, 3]
SyncBFS: 315.56 ms, [] -> [0] -> [0, 0] -> [0, 0, 0] -> [0, 0, 0, 0] -> [0, 0, 0, 0, 1] -> [0, 0, 0, 0, 1, 1] -> [0, 0, 0, 0, 1, 1, 0] -> [0, 0, 0, 0, 1, 1, 0, 0] -> [0, 0, 0, 0, 1, 1, 0, 0, 0] -> [0, 0, 0, 0, 1, 1, 0, 0, 0, 1]
TasksBFS: 22.61 ms, [] -> [0] -> [0, 0] -> [0, 0, 1] -> [0, 0, 1, 1] -> [0, 0, 1, 1, 0] -> [0, 0, 1, 1, 0, 0] -> [0, 0, 1, 1, 0, 0, 0] -> [0, 0, 1, 1, 0, 0, 0, 1] -> [0, 0, 1, 1, 0, 0, 0, 1, 0] -> [0, 0, 1, 1, 0, 0, 0, 1, 0, 3]

problem_13.yaml
MultithreadBFS: 13.1 ms, [] -> [0] -> [0, 3] -> [0, 3, 0] -> [0, 3, 0, 0] -> [0, 3, 0, 0, 1] -> [0, 3, 0, 0, 1, 0] -> [0, 3, 0, 0, 1, 0, 0] -> [0, 3, 0, 0, 1, 0, 0, 0] -> [0, 3, 0, 0, 1, 0, 0, 0, 1] -> [0, 3, 0, 0, 1, 0, 0, 0, 1, 0]
TasksBFS: 40.85 ms, [] -> [0] -> [0, 0] -> [0, 0, 3] -> [0, 0, 3, 3] -> [0, 0, 3, 3, 0] -> [0, 0, 3, 3, 0, 1] -> [0, 0, 3, 3, 0, 1, 0] -> [0, 0, 3, 3, 0, 1, 0, 1] -> [0, 0, 3, 3, 0, 1, 0, 1, 3] -> [0, 0, 3, 3, 0, 1, 0, 1, 3, 2]
AsyncStartBFS: 9.12 ms, [] -> [0] -> [0, 0] -> [0, 0, 3] -> [0, 0, 3, 1] -> [0, 0, 3, 1, 0] -> [0, 0, 3, 1, 0, 0] -> [0, 0, 3, 1, 0, 0, 0] -> [0, 0, 3, 1, 0, 0, 0, 1] -> [0, 0, 3, 1, 0, 0, 0, 1, 0] -> [0, 0, 3, 1, 0, 0, 0, 1, 0, 0]
SyncBFS: 347.34 ms, [] -> [0] -> [0, 0] -> [0, 0, 0] -> [0, 0, 0, 0] -> [0, 0, 0, 0, 0] -> [0, 0, 0, 0, 0, 0] -> [0, 0, 0, 0, 0, 0, 0] -> [0, 0, 0, 0, 0, 0, 0, 0] -> [0, 0, 0, 0, 0, 0, 0, 0, 4] -> [0, 0, 0, 0, 0, 0, 0, 0, 4, 2]

problem_16.yaml
AsyncStartBFS: 4.08 ms, [] -> [0] -> [0, 3] -> [0, 3, 2] -> [0, 3, 2, 4] -> [0, 3, 2, 4, 0] -> [0, 3, 2, 4, 0, 0] -> [0, 3, 2, 4, 0, 0, 0] -> [0, 3, 2, 4, 0, 0, 0, 0] -> [0, 3, 2, 4, 0, 0, 0, 0, 1] -> [0, 3, 2, 4, 0, 0, 0, 0, 1, 1]
SyncBFS: 466.8 ms, [] -> [0] -> [0, 0] -> [0, 0, 0] -> [0, 0, 0, 0] -> [0, 0, 0, 0, 0] -> [0, 0, 0, 0, 0, 0] -> [0, 0, 0, 0, 0, 0, 0] -> [0, 0, 0, 0, 0, 0, 0, 0] -> [0, 0, 0, 0, 0, 0, 0, 0, 0] -> [0, 0, 0, 0, 0, 0, 0, 0, 0, 0]
MultithreadBFS: 7.33 ms, [] -> [0] -> [0, 3] -> [0, 3, 2] -> [0, 3, 2, 4] -> [0, 3, 2, 4, 0] -> [0, 3, 2, 4, 0, 0] -> [0, 3, 2, 4, 0, 0, 0] -> [0, 3, 2, 4, 0, 0, 0, 0] -> [0, 3, 2, 4, 0, 0, 0, 0, 1] -> [0, 3, 2, 4, 0, 0, 0, 0, 1, 1]
TasksBFS: 51.23 ms, [] -> [0] -> [0, 0] -> [0, 0, 2] -> [0, 0, 2, 2] -> [0, 0, 2, 2, 1] -> [0, 0, 2, 2, 1, 0] -> [0, 0, 2, 2, 1, 0, 0] -> [0, 0, 2, 2, 1, 0, 0, 2] -> [0, 0, 2, 2, 1, 0, 0, 2, 0] -> [0, 0, 2, 2, 1, 0, 0, 2, 0, 4]

problem_20.yaml
TasksBFS: 31.37 ms, [] -> [1] -> [1, 0] -> [1, 0, 2] -> [1, 0, 2, 1] -> [1, 0, 2, 1, 0] -> [1, 0, 2, 1, 0, 0] -> [1, 0, 2, 1, 0, 0, 1] -> [1, 0, 2, 1, 0, 0, 1, 0] -> [1, 0, 2, 1, 0, 0, 1, 0, 4] -> [1, 0, 2, 1, 0, 0, 1, 0, 4, 4]
MultithreadBFS: 8.45 ms, [] -> [3] -> [3, 3] -> [3, 3, 0] -> [3, 3, 0, 2] -> [3, 3, 0, 2, 0] -> [3, 3, 0, 2, 0, 0] -> [3, 3, 0, 2, 0, 0, 0] -> [3, 3, 0, 2, 0, 0, 0, 0] -> [3, 3, 0, 2, 0, 0, 0, 0, 0] -> [3, 3, 0, 2, 0, 0, 0, 0, 0, 3]
AsyncStartBFS: 1.88 ms, [] -> [3] -> [3, 3] -> [3, 3, 0] -> [3, 3, 0, 2] -> [3, 3, 0, 2, 0] -> [3, 3, 0, 2, 0, 0] -> [3, 3, 0, 2, 0, 0, 0] -> [3, 3, 0, 2, 0, 0, 0, 0] -> [3, 3, 0, 2, 0, 0, 0, 0, 0] -> [3, 3, 0, 2, 0, 0, 0, 0, 0, 3]
SyncBFS: 264.22 ms, [] -> [1] -> [1, 0] -> [1, 0, 0] -> [1, 0, 0, 0] -> [1, 0, 0, 0, 0] -> [1, 0, 0, 0, 0, 0] -> [1, 0, 0, 0, 0, 0, 1] -> [1, 0, 0, 0, 0, 0, 1, 1] -> [1, 0, 0, 0, 0, 0, 1, 1, 3] -> [1, 0, 0, 0, 0, 0, 1, 1, 3, 4]

problem_18.yaml
MultithreadBFS: 3.46 ms, [] -> [4] -> [4, 3] -> [4, 3, 2] -> [4, 3, 2, 1] -> [4, 3, 2, 1, 1] -> [4, 3, 2, 1, 1, 0] -> [4, 3, 2, 1, 1, 0, 0] -> [4, 3, 2, 1, 1, 0, 0, 0] -> [4, 3, 2, 1, 1, 0, 0, 0, 1] -> [4, 3, 2, 1, 1, 0, 0, 0, 1, 2]
AsyncStartBFS: 2.27 ms, [] -> [4] -> [4, 1] -> [4, 1, 4] -> [4, 1, 4, 4] -> [4, 1, 4, 4, 0] -> [4, 1, 4, 4, 0, 0] -> [4, 1, 4, 4, 0, 0, 0] -> [4, 1, 4, 4, 0, 0, 0, 0] -> [4, 1, 4, 4, 0, 0, 0, 0, 1] -> [4, 1, 4, 4, 0, 0, 0, 0, 1, 2]
TasksBFS: 8.81 ms, [] -> [4] -> [4, 0] -> [4, 0, 0] -> [4, 0, 0, 2] -> [4, 0, 0, 2, 4] -> [4, 0, 0, 2, 4, 0] -> [4, 0, 0, 2, 4, 0, 0] -> [4, 0, 0, 2, 4, 0, 0, 1] -> [4, 0, 0, 2, 4, 0, 0, 1, 0] -> [4, 0, 0, 2, 4, 0, 0, 1, 0, 2]
SyncBFS: 94.91 ms, [] -> [4] -> [4, 0] -> [4, 0, 0] -> [4, 0, 0, 0] -> [4, 0, 0, 0, 0] -> [4, 0, 0, 0, 0, 0] -> [4, 0, 0, 0, 0, 0, 0] -> [4, 0, 0, 0, 0, 0, 0, 0] -> [4, 0, 0, 0, 0, 0, 0, 0, 2] -> [4, 0, 0, 0, 0, 0, 0, 0, 2, 0]

problem_05.yaml
MultithreadBFS: 13.1 ms, [] -> [0] -> [0, 2] -> [0, 2, 1] -> [0, 2, 1, 0] -> [0, 2, 1, 0, 1] -> [0, 2, 1, 0, 1, 0] -> [0, 2, 1, 0, 1, 0, 0] -> [0, 2, 1, 0, 1, 0, 0, 2] -> [0, 2, 1, 0, 1, 0, 0, 2, 0] -> [0, 2, 1, 0, 1, 0, 0, 2, 0, 0]
SyncBFS: 486.74 ms, [] -> [0] -> [0, 0] -> [0, 0, 0] -> [0, 0, 0, 0] -> [0, 0, 0, 0, 1] -> [0, 0, 0, 0, 1, 0] -> [0, 0, 0, 0, 1, 0, 0] -> [0, 0, 0, 0, 1, 0, 0, 1] -> [0, 0, 0, 0, 1, 0, 0, 1, 1] -> [0, 0, 0, 0, 1, 0, 0, 1, 1, 0]
TasksBFS: 50.13 ms, [] -> [0] -> [0, 0] -> [0, 0, 2] -> [0, 0, 2, 1] -> [0, 0, 2, 1, 0] -> [0, 0, 2, 1, 0, 0] -> [0, 0, 2, 1, 0, 0, 0] -> [0, 0, 2, 1, 0, 0, 0, 0] -> [0, 0, 2, 1, 0, 0, 0, 0, 1] -> [0, 0, 2, 1, 0, 0, 0, 0, 1, 1]
AsyncStartBFS: 17.55 ms, [] -> [0] -> [0, 0] -> [0, 0, 0] -> [0, 0, 0, 3] -> [0, 0, 0, 3, 0] -> [0, 0, 0, 3, 0, 0] -> [0, 0, 0, 3, 0, 0, 0] -> [0, 0, 0, 3, 0, 0, 0, 0] -> [0, 0, 0, 3, 0, 0, 0, 0, 3] -> [0, 0, 0, 3, 0, 0, 0, 0, 3, 2]

problem_15.yaml
MultithreadBFS: 8.66 ms, [] -> [1] -> [1, 0] -> [1, 0, 1] -> [1, 0, 1, 2] -> [1, 0, 1, 2, 0] -> [1, 0, 1, 2, 0, 0] -> [1, 0, 1, 2, 0, 0, 0] -> [1, 0, 1, 2, 0, 0, 0, 1] -> [1, 0, 1, 2, 0, 0, 0, 1, 1] -> [1, 0, 1, 2, 0, 0, 0, 1, 1, 2]
SyncBFS: 465.76 ms, [] -> [0] -> [0, 1] -> [0, 1, 0] -> [0, 1, 0, 0] -> [0, 1, 0, 0, 0] -> [0, 1, 0, 0, 0, 0] -> [0, 1, 0, 0, 0, 0, 0] -> [0, 1, 0, 0, 0, 0, 0, 0] -> [0, 1, 0, 0, 0, 0, 0, 0, 1] -> [0, 1, 0, 0, 0, 0, 0, 0, 1, 3]
TasksBFS: 54.98 ms, [] -> [0] -> [0, 1] -> [0, 1, 3] -> [0, 1, 3, 3] -> [0, 1, 3, 3, 0] -> [0, 1, 3, 3, 0, 0] -> [0, 1, 3, 3, 0, 0, 1] -> [0, 1, 3, 3, 0, 0, 1, 0] -> [0, 1, 3, 3, 0, 0, 1, 0, 2] -> [0, 1, 3, 3, 0, 0, 1, 0, 2, 3]
AsyncStartBFS: 13.06 ms, [] -> [0] -> [0, 1] -> [0, 1, 0] -> [0, 1, 0, 0] -> [0, 1, 0, 0, 0] -> [0, 1, 0, 0, 0, 0] -> [0, 1, 0, 0, 0, 0, 0] -> [0, 1, 0, 0, 0, 0, 0, 0] -> [0, 1, 0, 0, 0, 0, 0, 0, 1] -> [0, 1, 0, 0, 0, 0, 0, 0, 1, 3]

problem_17.yaml
SyncBFS: 457.24 ms, [] -> [0] -> [0, 0] -> [0, 0, 0] -> [0, 0, 0, 1] -> [0, 0, 0, 1, 1] -> [0, 0, 0, 1, 1, 0] -> [0, 0, 0, 1, 1, 0, 0] -> [0, 0, 0, 1, 1, 0, 0, 0] -> [0, 0, 0, 1, 1, 0, 0, 0, 0] -> [0, 0, 0, 1, 1, 0, 0, 0, 0, 4]
AsyncStartBFS: 16.23 ms, [] -> [0] -> [0, 0] -> [0, 0, 0] -> [0, 0, 0, 2] -> [0, 0, 0, 2, 0] -> [0, 0, 0, 2, 0, 0] -> [0, 0, 0, 2, 0, 0, 0] -> [0, 0, 0, 2, 0, 0, 0, 0] -> [0, 0, 0, 2, 0, 0, 0, 0, 0] -> [0, 0, 0, 2, 0, 0, 0, 0, 0, 0]
TasksBFS: 48.87 ms, [] -> [0] -> [0, 0] -> [0, 0, 0] -> [0, 0, 0, 1] -> [0, 0, 0, 1, 1] -> [0, 0, 0, 1, 1, 0] -> [0, 0, 0, 1, 1, 0, 0] -> [0, 0, 0, 1, 1, 0, 0, 0] -> [0, 0, 0, 1, 1, 0, 0, 0, 0] -> [0, 0, 0, 1, 1, 0, 0, 0, 0, 4]
MultithreadBFS: 21.6 ms, [] -> [0] -> [0, 3] -> [0, 3, 2] -> [0, 3, 2, 0] -> [0, 3, 2, 0, 0] -> [0, 3, 2, 0, 0, 0] -> [0, 3, 2, 0, 0, 0, 0] -> [0, 3, 2, 0, 0, 0, 0, 0] -> [0, 3, 2, 0, 0, 0, 0, 0, 3] -> [0, 3, 2, 0, 0, 0, 0, 0, 3, 1]

problem_37.yaml
AsyncStartBFS: 14.31 ms, [] -> [0] -> [0, 1] -> [0, 1, 1] -> [0, 1, 1, 1] -> [0, 1, 1, 1, 2] -> [0, 1, 1, 1, 2, 1] -> [0, 1, 1, 1, 2, 1, 0] -> [0, 1, 1, 1, 2, 1, 0, 0] -> [0, 1, 1, 1, 2, 1, 0, 0, 4] -> [0, 1, 1, 1, 2, 1, 0, 0, 4, 3]
TasksBFS: 48.82 ms, [] -> [0] -> [0, 1] -> [0, 1, 1] -> [0, 1, 1, 3] -> [0, 1, 1, 3, 0] -> [0, 1, 1, 3, 0, 0] -> [0, 1, 1, 3, 0, 0, 1] -> [0, 1, 1, 3, 0, 0, 1, 1] -> [0, 1, 1, 3, 0, 0, 1, 1, 1] -> [0, 1, 1, 3, 0, 0, 1, 1, 1, 0]
MultithreadBFS: 23.98 ms, [] -> [0] -> [0, 4] -> [0, 4, 1] -> [0, 4, 1, 1] -> [0, 4, 1, 1, 1] -> [0, 4, 1, 1, 1, 3] -> [0, 4, 1, 1, 1, 3, 0] -> [0, 4, 1, 1, 1, 3, 0, 0] -> [0, 4, 1, 1, 1, 3, 0, 0, 2] -> [0, 4, 1, 1, 1, 3, 0, 0, 2, 0]
SyncBFS: 460.32 ms, [] -> [0] -> [0, 1] -> [0, 1, 0] -> [0, 1, 0, 0] -> [0, 1, 0, 0, 0] -> [0, 1, 0, 0, 0, 1] -> [0, 1, 0, 0, 0, 1, 0] -> [0, 1, 0, 0, 0, 1, 0, 0] -> [0, 1, 0, 0, 0, 1, 0, 0, 0] -> [0, 1, 0, 0, 0, 1, 0, 0, 0, 0]

problem_22.yaml
SyncBFS: 184.07 ms, [] -> [2] -> [2, 0] -> [2, 0, 0] -> [2, 0, 0, 0] -> [2, 0, 0, 0, 2] -> [2, 0, 0, 0, 2, 0] -> [2, 0, 0, 0, 2, 0, 0] -> [2, 0, 0, 0, 2, 0, 0, 0] -> [2, 0, 0, 0, 2, 0, 0, 0, 0] -> [2, 0, 0, 0, 2, 0, 0, 0, 0, 4]
AsyncStartBFS: 4.62 ms, [] -> [2] -> [2, 0] -> [2, 0, 1] -> [2, 0, 1, 0] -> [2, 0, 1, 0, 0] -> [2, 0, 1, 0, 0, 1] -> [2, 0, 1, 0, 0, 1, 0] -> [2, 0, 1, 0, 0, 1, 0, 0] -> [2, 0, 1, 0, 0, 1, 0, 0, 1] -> [2, 0, 1, 0, 0, 1, 0, 0, 1, 2]
TasksBFS: 17.1 ms, [] -> [2] -> [2, 0] -> [2, 0, 0] -> [2, 0, 0, 4] -> [2, 0, 0, 4, 0] -> [2, 0, 0, 4, 0, 1] -> [2, 0, 0, 4, 0, 1, 0] -> [2, 0, 0, 4, 0, 1, 0, 2] -> [2, 0, 0, 4, 0, 1, 0, 2, 3] -> [2, 0, 0, 4, 0, 1, 0, 2, 3, 2]
MultithreadBFS: 6.02 ms, [] -> [2] -> [2, 0] -> [2, 0, 0] -> [2, 0, 0, 3] -> [2, 0, 0, 3, 0] -> [2, 0, 0, 3, 0, 0] -> [2, 0, 0, 3, 0, 0, 0] -> [2, 0, 0, 3, 0, 0, 0, 1] -> [2, 0, 0, 3, 0, 0, 0, 1, 1] -> [2, 0, 0, 3, 0, 0, 0, 1, 1, 4]

problem_23.yaml
TasksBFS: 69.28 ms, [] -> [0] -> [0, 1] -> [0, 1, 2] -> [0, 1, 2, 0] -> [0, 1, 2, 0, 1] -> [0, 1, 2, 0, 1, 0] -> [0, 1, 2, 0, 1, 0, 1] -> [0, 1, 2, 0, 1, 0, 1, 1] -> [0, 1, 2, 0, 1, 0, 1, 1, 2] -> [0, 1, 2, 0, 1, 0, 1, 1, 2, 0]
SyncBFS: 493.68 ms, [] -> [0] -> [0, 1] -> [0, 1, 0] -> [0, 1, 0, 1] -> [0, 1, 0, 1, 1] -> [0, 1, 0, 1, 1, 1] -> [0, 1, 0, 1, 1, 1, 0] -> [0, 1, 0, 1, 1, 1, 0, 0] -> [0, 1, 0, 1, 1, 1, 0, 0, 0] -> [0, 1, 0, 1, 1, 1, 0, 0, 0, 4]
MultithreadBFS: 26.3 ms, [] -> [0] -> [0, 3] -> [0, 3, 4] -> [0, 3, 4, 1] -> [0, 3, 4, 1, 1] -> [0, 3, 4, 1, 1, 0] -> [0, 3, 4, 1, 1, 0, 1] -> [0, 3, 4, 1, 1, 0, 1, 1] -> [0, 3, 4, 1, 1, 0, 1, 1, 0] -> [0, 3, 4, 1, 1, 0, 1, 1, 0, 2]
AsyncStartBFS: 6.97 ms, [] -> [0] -> [0, 1] -> [0, 1, 2] -> [0, 1, 2, 3] -> [0, 1, 2, 3, 0] -> [0, 1, 2, 3, 0, 0] -> [0, 1, 2, 3, 0, 0, 0] -> [0, 1, 2, 3, 0, 0, 0, 0] -> [0, 1, 2, 3, 0, 0, 0, 0, 2] -> [0, 1, 2, 3, 0, 0, 0, 0, 2, 4]

problem_25.yaml
MultithreadBFS: 11.21 ms, [] -> [1] -> [1, 1] -> [1, 1, 0] -> [1, 1, 0, 0] -> [1, 1, 0, 0, 0] -> [1, 1, 0, 0, 0, 0] -> [1, 1, 0, 0, 0, 0, 0] -> [1, 1, 0, 0, 0, 0, 0, 0] -> [1, 1, 0, 0, 0, 0, 0, 0, 0] -> [1, 1, 0, 0, 0, 0, 0, 0, 0, 3]
AsyncStartBFS: 7.22 ms, [] -> [0] -> [0, 0] -> [0, 0, 4] -> [0, 0, 4, 3] -> [0, 0, 4, 3, 1] -> [0, 0, 4, 3, 1, 0] -> [0, 0, 4, 3, 1, 0, 0] -> [0, 0, 4, 3, 1, 0, 0, 1] -> [0, 0, 4, 3, 1, 0, 0, 1, 4] -> [0, 0, 4, 3, 1, 0, 0, 1, 4, 0]
TasksBFS: 29.46 ms, [] -> [0] -> [0, 0] -> [0, 0, 1] -> [0, 0, 1, 1] -> [0, 0, 1, 1, 0] -> [0, 0, 1, 1, 0, 0] -> [0, 0, 1, 1, 0, 0, 0] -> [0, 0, 1, 1, 0, 0, 0, 0] -> [0, 0, 1, 1, 0, 0, 0, 0, 1] -> [0, 0, 1, 1, 0, 0, 0, 0, 1, 3]
SyncBFS: 285.94 ms, [] -> [0] -> [0, 0] -> [0, 0, 0] -> [0, 0, 0, 0] -> [0, 0, 0, 0, 0] -> [0, 0, 0, 0, 0, 0] -> [0, 0, 0, 0, 0, 0, 4] -> [0, 0, 0, 0, 0, 0, 4, 0] -> [0, 0, 0, 0, 0, 0, 4, 0, 4] -> [0, 0, 0, 0, 0, 0, 4, 0, 4, 1]

problem_27.yaml
SyncBFS: 449.04 ms, [] -> [0] -> [0, 0] -> [0, 0, 1] -> [0, 0, 1, 0] -> [0, 0, 1, 0, 0] -> [0, 0, 1, 0, 0, 0] -> [0, 0, 1, 0, 0, 0, 0] -> [0, 0, 1, 0, 0, 0, 0, 0] -> [0, 0, 1, 0, 0, 0, 0, 0, 1] -> [0, 0, 1, 0, 0, 0, 0, 0, 1, 1]
MultithreadBFS: 9.41 ms, [] -> [0] -> [0, 2] -> [0, 2, 3] -> [0, 2, 3, 0] -> [0, 2, 3, 0, 2] -> [0, 2, 3, 0, 2, 2] -> [0, 2, 3, 0, 2, 2, 0] -> [0, 2, 3, 0, 2, 2, 0, 0] -> [0, 2, 3, 0, 2, 2, 0, 0, 0] -> [0, 2, 3, 0, 2, 2, 0, 0, 0, 2]
TasksBFS: 42.49 ms, [] -> [0] -> [0, 0] -> [0, 0, 1] -> [0, 0, 1, 2] -> [0, 0, 1, 2, 0] -> [0, 0, 1, 2, 0, 0] -> [0, 0, 1, 2, 0, 0, 0] -> [0, 0, 1, 2, 0, 0, 0, 0] -> [0, 0, 1, 2, 0, 0, 0, 0, 2] -> [0, 0, 1, 2, 0, 0, 0, 0, 2, 0]
AsyncStartBFS: 9.18 ms, [] -> [0] -> [0, 1] -> [0, 1, 2] -> [0, 1, 2, 4] -> [0, 1, 2, 4, 0] -> [0, 1, 2, 4, 0, 0] -> [0, 1, 2, 4, 0, 0, 0] -> [0, 1, 2, 4, 0, 0, 0, 3] -> [0, 1, 2, 4, 0, 0, 0, 3, 0] -> [0, 1, 2, 4, 0, 0, 0, 3, 0, 2]

problem_26.yaml
AsyncStartBFS: 4.16 ms, [] -> [1] -> [1, 0] -> [1, 0, 0] -> [1, 0, 0, 4] -> [1, 0, 0, 4, 0] -> [1, 0, 0, 4, 0, 0] -> [1, 0, 0, 4, 0, 0, 0] -> [1, 0, 0, 4, 0, 0, 0, 0] -> [1, 0, 0, 4, 0, 0, 0, 0, 0] -> [1, 0, 0, 4, 0, 0, 0, 0, 0, 1]
SyncBFS: 172.13 ms, [] -> [0] -> [0, 0] -> [0, 0, 0] -> [0, 0, 0, 0] -> [0, 0, 0, 0, 0] -> [0, 0, 0, 0, 0, 0] -> [0, 0, 0, 0, 0, 0, 0] -> [0, 0, 0, 0, 0, 0, 0, 0] -> [0, 0, 0, 0, 0, 0, 0, 0, 0] -> [0, 0, 0, 0, 0, 0, 0, 0, 0, 3]
TasksBFS: 20.39 ms, [] -> [0] -> [0, 0] -> [0, 0, 1] -> [0, 0, 1, 2] -> [0, 0, 1, 2, 1] -> [0, 0, 1, 2, 1, 0] -> [0, 0, 1, 2, 1, 0, 0] -> [0, 0, 1, 2, 1, 0, 0, 0] -> [0, 0, 1, 2, 1, 0, 0, 0, 0] -> [0, 0, 1, 2, 1, 0, 0, 0, 0, 0]
MultithreadBFS: 5.25 ms, [] -> [0] -> [0, 0] -> [0, 0, 0] -> [0, 0, 0, 1] -> [0, 0, 0, 1, 0] -> [0, 0, 0, 1, 0, 0] -> [0, 0, 0, 1, 0, 0, 0] -> [0, 0, 0, 1, 0, 0, 0, 0] -> [0, 0, 0, 1, 0, 0, 0, 0, 3] -> [0, 0, 0, 1, 0, 0, 0, 0, 3, 0]

problem_14.yaml
MultithreadBFS: 14.65 ms, [] -> [0] -> [0, 3] -> [0, 3, 2] -> [0, 3, 2, 0] -> [0, 3, 2, 0, 0] -> [0, 3, 2, 0, 0, 0] -> [0, 3, 2, 0, 0, 0, 0] -> [0, 3, 2, 0, 0, 0, 0, 0] -> [0, 3, 2, 0, 0, 0, 0, 0, 1] -> [0, 3, 2, 0, 0, 0, 0, 0, 1, 4]
SyncBFS: 353.53 ms, [] -> [0] -> [0, 0] -> [0, 0, 0] -> [0, 0, 0, 0] -> [0, 0, 0, 0, 0] -> [0, 0, 0, 0, 0, 4] -> [0, 0, 0, 0, 0, 4, 1] -> [0, 0, 0, 0, 0, 4, 1, 3] -> [0, 0, 0, 0, 0, 4, 1, 3, 1] -> [0, 0, 0, 0, 0, 4, 1, 3, 1, 0]
TasksBFS: 39 ms, [] -> [0] -> [0, 0] -> [0, 0, 3] -> [0, 0, 3, 4] -> [0, 0, 3, 4, 2] -> [0, 0, 3, 4, 2, 1] -> [0, 0, 3, 4, 2, 1, 0] -> [0, 0, 3, 4, 2, 1, 0, 0] -> [0, 0, 3, 4, 2, 1, 0, 0, 1] -> [0, 0, 3, 4, 2, 1, 0, 0, 1, 2]
AsyncStartBFS: 8.91 ms, [] -> [0] -> [0, 0] -> [0, 0, 0] -> [0, 0, 0, 4] -> [0, 0, 0, 4, 0] -> [0, 0, 0, 4, 0, 1] -> [0, 0, 0, 4, 0, 1, 0] -> [0, 0, 0, 4, 0, 1, 0, 0] -> [0, 0, 0, 4, 0, 1, 0, 0, 0] -> [0, 0, 0, 4, 0, 1, 0, 0, 0, 4]

problem_28.yaml
TasksBFS: 58.27 ms, [] -> [0] -> [0, 0] -> [0, 0, 3] -> [0, 0, 3, 2] -> [0, 0, 3, 2, 0] -> [0, 0, 3, 2, 0, 0] -> [0, 0, 3, 2, 0, 0, 0] -> [0, 0, 3, 2, 0, 0, 0, 0] -> [0, 0, 3, 2, 0, 0, 0, 0, 3] -> [0, 0, 3, 2, 0, 0, 0, 0, 3, 2]
AsyncStartBFS: 12.64 ms, [] -> [0] -> [0, 0] -> [0, 0, 0] -> [0, 0, 0, 3] -> [0, 0, 0, 3, 0] -> [0, 0, 0, 3, 0, 1] -> [0, 0, 0, 3, 0, 1, 0] -> [0, 0, 0, 3, 0, 1, 0, 0] -> [0, 0, 0, 3, 0, 1, 0, 0, 1] -> [0, 0, 0, 3, 0, 1, 0, 0, 1, 1]
SyncBFS: 452.18 ms, [] -> [0] -> [0, 0] -> [0, 0, 0] -> [0, 0, 0, 0] -> [0, 0, 0, 0, 0] -> [0, 0, 0, 0, 0, 0] -> [0, 0, 0, 0, 0, 0, 1] -> [0, 0, 0, 0, 0, 0, 1, 0] -> [0, 0, 0, 0, 0, 0, 1, 0, 0] -> [0, 0, 0, 0, 0, 0, 1, 0, 0, 2]
MultithreadBFS: 13.47 ms, [] -> [0] -> [0, 4] -> [0, 4, 4] -> [0, 4, 4, 1] -> [0, 4, 4, 1, 0] -> [0, 4, 4, 1, 0, 0] -> [0, 4, 4, 1, 0, 0, 0] -> [0, 4, 4, 1, 0, 0, 0, 0] -> [0, 4, 4, 1, 0, 0, 0, 0, 0] -> [0, 4, 4, 1, 0, 0, 0, 0, 0, 1]


[INFO] Results summary:
TasksBFS
	Average: 49.1674 ms
	Median: 50.095 ms
	Standard Deviation: 17.781 ms
SyncBFS
	Average: 435.108 ms
	Median: 464.35 ms
	Standard Deviation: 128.464 ms
MultithreadBFS
	Average: 13.577 ms
	Median: 13.25 ms
	Standard Deviation: 4.97711 ms
AsyncStartBFS
	Average: 11.223 ms
	Median: 9.225 ms
	Standard Deviation: 7.10385 ms
